

================================================================
== Vitis HLS Report for 'Block_entry3_proc'
================================================================
* Date:           Mon Mar 10 15:36:48 2025

* Version:        2023.2 (Build 4023990 on Oct 11 2023)
* Project:        SDA
* Solution:       solution1 (Vivado IP Flow Target)
* Product family: virtexuplusHBM
* Target device:  xcvu35p_CIV-fsvh2892-3-e


================================================================
== Performance Estimates
================================================================
+ Timing: 
    * Summary: 
    +--------+----------+----------+------------+
    |  Clock |  Target  | Estimated| Uncertainty|
    +--------+----------+----------+------------+
    |ap_clk  |  10.00 ns|  5.822 ns|     2.70 ns|
    +--------+----------+----------+------------+

+ Latency: 
    * Summary: 
    +---------+---------+----------+----------+-----+-----+---------+
    |  Latency (cycles) |  Latency (absolute) |  Interval | Pipeline|
    |   min   |   max   |    min   |    max   | min | max |   Type  |
    +---------+---------+----------+----------+-----+-----+---------+
    |       36|       36|  0.360 us|  0.360 us|   36|   36|       no|
    +---------+---------+----------+----------+-----+-----+---------+

    + Detail: 
        * Instance: 
        N/A

        * Loop: 
        N/A



================================================================
== Utilization Estimates
================================================================
* Summary: 
+---------------------+---------+------+---------+--------+-----+
|         Name        | BRAM_18K|  DSP |    FF   |   LUT  | URAM|
+---------------------+---------+------+---------+--------+-----+
|DSP                  |        -|     -|        -|       -|    -|
|Expression           |        -|     -|        0|     208|    -|
|FIFO                 |        -|     -|        -|       -|    -|
|Instance             |        -|    24|      788|     636|    -|
|Memory               |        -|     -|        -|       -|    -|
|Multiplexer          |        -|     -|        -|     502|    -|
|Register             |        -|     -|      571|       -|    -|
+---------------------+---------+------+---------+--------+-----+
|Total                |        0|    24|     1359|    1346|    0|
+---------------------+---------+------+---------+--------+-----+
|Available SLR        |     1344|  2976|   871680|  435840|  320|
+---------------------+---------+------+---------+--------+-----+
|Utilization SLR (%)  |        0|    ~0|       ~0|      ~0|    0|
+---------------------+---------+------+---------+--------+-----+
|Available            |     2688|  5952|  1743360|  871680|  640|
+---------------------+---------+------+---------+--------+-----+
|Utilization (%)      |        0|    ~0|       ~0|      ~0|    0|
+---------------------+---------+------+---------+--------+-----+

+ Detail: 
    * Instance: 
    +--------------------------------+----------------------------+---------+----+-----+-----+-----+
    |            Instance            |           Module           | BRAM_18K| DSP|  FF | LUT | URAM|
    +--------------------------------+----------------------------+---------+----+-----+-----+-----+
    |mul_28ns_32s_32_1_1_U9          |mul_28ns_32s_32_1_1         |        0|   3|    0|   20|    0|
    |mul_28ns_32s_32_1_1_U10         |mul_28ns_32s_32_1_1         |        0|   3|    0|   20|    0|
    |mul_32s_28ns_32_1_1_U11         |mul_32s_28ns_32_1_1         |        0|   3|    0|   20|    0|
    |mul_32s_32s_32_1_1_U12          |mul_32s_32s_32_1_1          |        0|   3|    0|   20|    0|
    |mul_32s_32s_32_1_1_U13          |mul_32s_32s_32_1_1          |        0|   3|    0|   20|    0|
    |mul_32s_32s_32_1_1_U14          |mul_32s_32s_32_1_1          |        0|   3|    0|   20|    0|
    |mul_32s_32s_32_1_1_U15          |mul_32s_32s_32_1_1          |        0|   3|    0|   20|    0|
    |mul_32s_32s_32_1_1_U16          |mul_32s_32s_32_1_1          |        0|   3|    0|   20|    0|
    |udiv_32ns_32ns_32_36_seq_1_U17  |udiv_32ns_32ns_32_36_seq_1  |        0|   0|  394|  238|    0|
    |udiv_32ns_32ns_32_36_seq_1_U18  |udiv_32ns_32ns_32_36_seq_1  |        0|   0|  394|  238|    0|
    +--------------------------------+----------------------------+---------+----+-----+-----+-----+
    |Total                           |                            |        0|  24|  788|  636|    0|
    +--------------------------------+----------------------------+---------+----+-----+-----+-----+

    * DSP: 
    N/A

    * Memory: 
    N/A

    * FIFO: 
    N/A

    * Expression: 
    +----------------------+----------+----+---+----+------------+------------+
    |     Variable Name    | Operation| DSP| FF| LUT| Bitwidth P0| Bitwidth P1|
    +----------------------+----------+----+---+----+------------+------------+
    |grp_fu_192_p0         |         +|   0|  0|  32|          32|          32|
    |grp_fu_210_p0         |         +|   0|  0|  32|          32|          32|
    |mul_ln30_1_fu_160_p0  |         +|   0|  0|  39|          32|           1|
    |out_c_fu_230_p2       |         +|   0|  0|  39|          32|           1|
    |sub_ln27_fu_180_p2    |         -|   0|  0|  32|          32|          32|
    |sub_ln28_fu_198_p2    |         -|   0|  0|  32|          32|          32|
    |ap_block_state1       |        or|   0|  0|   2|           1|           1|
    +----------------------+----------+----+---+----+------------+------------+
    |Total                 |          |   0|  0| 208|         193|         131|
    +----------------------+----------+----+---+----+------------+------------+

    * Multiplexer: 
    +------------------------------------+-----+-----------+-----+-----------+
    |                Name                | LUT | Input Size| Bits| Total Bits|
    +------------------------------------+-----+-----------+-----+-----------+
    |ap_NS_fsm                           |  331|         73|    1|         73|
    |ap_done                             |    9|          2|    1|          2|
    |ap_phi_mux_num_a_sa_2_phi_fu_91_p4  |    9|          2|   32|         64|
    |ap_phi_mux_num_w_sa_phi_fu_100_p4   |    9|          2|   30|         60|
    |ap_phi_mux_out_c_1_phi_fu_109_p4    |    9|          2|   32|         64|
    |ap_phi_mux_out_r_1_phi_fu_119_p4    |    9|          2|   32|         64|
    |ap_return_0                         |    9|          2|   30|         60|
    |ap_return_1                         |    9|          2|   30|         60|
    |ap_return_2                         |    9|          2|   32|         64|
    |ap_return_3                         |    9|          2|   32|         64|
    |ap_return_4                         |    9|          2|   32|         64|
    |grp_fu_138_p1                       |   14|          3|   32|         96|
    |grp_fu_149_p0                       |   20|          4|   32|        128|
    |grp_fu_149_p1                       |   20|          4|   32|        128|
    |num_a_sa_2_reg_88                   |    9|          2|   32|         64|
    |num_w_sa_reg_97                     |    9|          2|   30|         60|
    |out_c_1_reg_106                     |    9|          2|   32|         64|
    +------------------------------------+-----+-----------+-----+-----------+
    |Total                               |  502|        110|  474|       1179|
    +------------------------------------+-----+-----------+-----+-----------+

    * Register: 
    +--------------------+----+----+-----+-----------+
    |        Name        | FF | LUT| Bits| Const Bits|
    +--------------------+----+----+-----+-----------+
    |ap_CS_fsm           |  72|   0|   72|          0|
    |ap_done_reg         |   1|   0|    1|          0|
    |ap_return_0_preg    |  30|   0|   30|          0|
    |ap_return_1_preg    |  30|   0|   30|          0|
    |ap_return_2_preg    |  32|   0|   32|          0|
    |ap_return_3_preg    |  32|   0|   32|          0|
    |ap_return_4_preg    |  32|   0|   32|          0|
    |mul_ln29_2_reg_393  |  32|   0|   32|          0|
    |mul_ln29_reg_388    |  32|   0|   32|          0|
    |mul_ln30_1_reg_403  |  32|   0|   32|          0|
    |mul_ln30_reg_398    |  32|   0|   32|          0|
    |num_a_sa_2_reg_88   |  32|   0|   32|          0|
    |num_a_sa_3_reg_352  |  24|   0|   24|          0|
    |num_w_sa_reg_97     |  30|   0|   30|          0|
    |out_c_1_reg_106     |  32|   0|   32|          0|
    |out_c_reg_383       |  32|   0|   32|          0|
    |out_r_1_reg_115     |  32|   0|   32|          0|
    |out_r_reg_378       |  32|   0|   32|          0|
    +--------------------+----+----+-----+-----------+
    |Total               | 571|   0|  571|          0|
    +--------------------+----+----+-----+-----------+



================================================================
== Interface
================================================================
* Summary: 
+-------------+-----+-----+------------+-------------------+--------------+
|  RTL Ports  | Dir | Bits|  Protocol  |   Source Object   |    C Type    |
+-------------+-----+-----+------------+-------------------+--------------+
|ap_clk       |   in|    1|  ap_ctrl_hs|  Block_entry3_proc|  return value|
|ap_rst       |   in|    1|  ap_ctrl_hs|  Block_entry3_proc|  return value|
|ap_start     |   in|    1|  ap_ctrl_hs|  Block_entry3_proc|  return value|
|ap_done      |  out|    1|  ap_ctrl_hs|  Block_entry3_proc|  return value|
|ap_continue  |   in|    1|  ap_ctrl_hs|  Block_entry3_proc|  return value|
|ap_idle      |  out|    1|  ap_ctrl_hs|  Block_entry3_proc|  return value|
|ap_ready     |  out|    1|  ap_ctrl_hs|  Block_entry3_proc|  return value|
|ap_return_0  |  out|   30|  ap_ctrl_hs|  Block_entry3_proc|  return value|
|ap_return_1  |  out|   30|  ap_ctrl_hs|  Block_entry3_proc|  return value|
|ap_return_2  |  out|   32|  ap_ctrl_hs|  Block_entry3_proc|  return value|
|ap_return_3  |  out|   32|  ap_ctrl_hs|  Block_entry3_proc|  return value|
|ap_return_4  |  out|   32|  ap_ctrl_hs|  Block_entry3_proc|  return value|
|mode         |   in|    1|     ap_none|               mode|        scalar|
|P            |   in|   32|     ap_none|                  P|        scalar|
|R            |   in|   32|     ap_none|                  R|        scalar|
|K            |   in|   32|     ap_none|                  K|        scalar|
|S            |   in|   32|     ap_none|                  S|        scalar|
|C            |   in|   32|     ap_none|                  C|        scalar|
|M            |   in|   32|     ap_none|                  M|        scalar|
|N            |   in|   32|     ap_none|                  N|        scalar|
+-------------+-----+-----+------------+-------------------+--------------+

