

================================================================
== Vitis HLS Report for 'Compute'
================================================================
* Date:           Mon Mar 10 15:36:54 2025

* Version:        2023.2 (Build 4023990 on Oct 11 2023)
* Project:        SDA
* Solution:       solution1 (Vivado IP Flow Target)
* Product family: virtexuplusHBM
* Target device:  xcvu35p_CIV-fsvh2892-3-e


================================================================
== Performance Estimates
================================================================
+ Timing: 
    * Summary: 
    +--------+----------+----------+------------+
    |  Clock |  Target  | Estimated| Uncertainty|
    +--------+----------+----------+------------+
    |ap_clk  |  10.00 ns|  6.622 ns|     2.70 ns|
    +--------+----------+----------+------------+

+ Latency: 
    * Summary: 
    +---------+---------+-----------+-----------+------+------+---------+
    |  Latency (cycles) |   Latency (absolute)  |   Interval  | Pipeline|
    |   min   |   max   |    min    |    max    |  min |  max |   Type  |
    +---------+---------+-----------+-----------+------+------+---------+
    |     2326|     2326|  23.260 us|  23.260 us|  2326|  2326|       no|
    +---------+---------+-----------+-----------+------+------+---------+

    + Detail: 
        * Instance: 
        +---------------+-------+---------+---------+-----------+-----------+------+------+---------+
        |               |       |  Latency (cycles) |   Latency (absolute)  |   Interval  | Pipeline|
        |    Instance   | Module|   min   |   max   |    min    |    max    |  min |  max |   Type  |
        +---------------+-------+---------+---------+-----------+-----------+------+------+---------+
        |grp_PE_fu_278  |PE     |     2325|     2325|  23.250 us|  23.250 us|  2325|  2325|       no|
        |grp_PE_fu_300  |PE     |     2325|     2325|  23.250 us|  23.250 us|  2325|  2325|       no|
        |grp_PE_fu_322  |PE     |     2325|     2325|  23.250 us|  23.250 us|  2325|  2325|       no|
        |grp_PE_fu_344  |PE     |     2325|     2325|  23.250 us|  23.250 us|  2325|  2325|       no|
        |grp_PE_fu_366  |PE     |     2325|     2325|  23.250 us|  23.250 us|  2325|  2325|       no|
        |grp_PE_fu_388  |PE     |     2325|     2325|  23.250 us|  23.250 us|  2325|  2325|       no|
        |grp_PE_fu_410  |PE     |     2325|     2325|  23.250 us|  23.250 us|  2325|  2325|       no|
        |grp_PE_fu_432  |PE     |     2325|     2325|  23.250 us|  23.250 us|  2325|  2325|       no|
        |grp_PE_fu_454  |PE     |     2325|     2325|  23.250 us|  23.250 us|  2325|  2325|       no|
        |grp_PE_fu_476  |PE     |     2325|     2325|  23.250 us|  23.250 us|  2325|  2325|       no|
        |grp_PE_fu_498  |PE     |     2325|     2325|  23.250 us|  23.250 us|  2325|  2325|       no|
        |grp_PE_fu_520  |PE     |     2325|     2325|  23.250 us|  23.250 us|  2325|  2325|       no|
        |grp_PE_fu_542  |PE     |     2325|     2325|  23.250 us|  23.250 us|  2325|  2325|       no|
        |grp_PE_fu_564  |PE     |     2325|     2325|  23.250 us|  23.250 us|  2325|  2325|       no|
        |grp_PE_fu_586  |PE     |     2325|     2325|  23.250 us|  23.250 us|  2325|  2325|       no|
        |grp_PE_fu_608  |PE     |     2325|     2325|  23.250 us|  23.250 us|  2325|  2325|       no|
        +---------------+-------+---------+---------+-----------+-----------+------+------+---------+

        * Loop: 
        N/A



================================================================
== Utilization Estimates
================================================================
* Summary: 
+---------------------+---------+------+---------+--------+-----+
|         Name        | BRAM_18K|  DSP |    FF   |   LUT  | URAM|
+---------------------+---------+------+---------+--------+-----+
|DSP                  |        -|     -|        -|       -|    -|
|Expression           |        -|     -|        0|       4|    -|
|FIFO                 |        -|     -|        -|       -|    -|
|Instance             |        -|  1888|   264608|  261728|    -|
|Memory               |        -|     -|        -|       -|    -|
|Multiplexer          |        -|     -|        -|     932|    -|
|Register             |        -|     -|       52|       -|    -|
+---------------------+---------+------+---------+--------+-----+
|Total                |        0|  1888|   264660|  262664|    0|
+---------------------+---------+------+---------+--------+-----+
|Available SLR        |     1344|  2976|   871680|  435840|  320|
+---------------------+---------+------+---------+--------+-----+
|Utilization SLR (%)  |        0|    63|       30|      60|    0|
+---------------------+---------+------+---------+--------+-----+
|Available            |     2688|  5952|  1743360|  871680|  640|
+---------------------+---------+------+---------+--------+-----+
|Utilization (%)      |        0|    31|       15|      30|    0|
+---------------------+---------+------+---------+--------+-----+

+ Detail: 
    * Instance: 
    +---------------+-------+---------+-----+-------+-------+-----+
    |    Instance   | Module| BRAM_18K| DSP |   FF  |  LUT  | URAM|
    +---------------+-------+---------+-----+-------+-------+-----+
    |grp_PE_fu_278  |PE     |        0|  118|  16538|  16358|    0|
    |grp_PE_fu_300  |PE     |        0|  118|  16538|  16358|    0|
    |grp_PE_fu_322  |PE     |        0|  118|  16538|  16358|    0|
    |grp_PE_fu_344  |PE     |        0|  118|  16538|  16358|    0|
    |grp_PE_fu_366  |PE     |        0|  118|  16538|  16358|    0|
    |grp_PE_fu_388  |PE     |        0|  118|  16538|  16358|    0|
    |grp_PE_fu_410  |PE     |        0|  118|  16538|  16358|    0|
    |grp_PE_fu_432  |PE     |        0|  118|  16538|  16358|    0|
    |grp_PE_fu_454  |PE     |        0|  118|  16538|  16358|    0|
    |grp_PE_fu_476  |PE     |        0|  118|  16538|  16358|    0|
    |grp_PE_fu_498  |PE     |        0|  118|  16538|  16358|    0|
    |grp_PE_fu_520  |PE     |        0|  118|  16538|  16358|    0|
    |grp_PE_fu_542  |PE     |        0|  118|  16538|  16358|    0|
    |grp_PE_fu_564  |PE     |        0|  118|  16538|  16358|    0|
    |grp_PE_fu_586  |PE     |        0|  118|  16538|  16358|    0|
    |grp_PE_fu_608  |PE     |        0|  118|  16538|  16358|    0|
    +---------------+-------+---------+-----+-------+-------+-----+
    |Total          |       |        0| 1888| 264608| 261728|    0|
    +---------------+-------+---------+-----+-------+-------+-----+

    * DSP: 
    N/A

    * Memory: 
    N/A

    * FIFO: 
    N/A

    * Expression: 
    +---------------------------------+----------+----+---+----+------------+------------+
    |          Variable Name          | Operation| DSP| FF| LUT| Bitwidth P0| Bitwidth P1|
    +---------------------------------+----------+----+---+----+------------+------------+
    |ap_block_state1                  |        or|   0|  0|   2|           1|           1|
    |ap_block_state2_on_subcall_done  |        or|   0|  0|   2|           1|           1|
    +---------------------------------+----------+----+---+----+------------+------------+
    |Total                            |          |   0|  0|   4|           2|           2|
    +---------------------------------+----------+----+---+----+------------+------------+

    * Multiplexer: 
    +------------------------+----+-----------+-----+-----------+
    |          Name          | LUT| Input Size| Bits| Total Bits|
    +------------------------+----+-----------+-----+-----------+
    |ap_NS_fsm               |  14|          3|    1|          3|
    |ap_done                 |   9|          2|    1|          2|
    |fifo_SA_A_10_read       |   9|          2|    1|          2|
    |fifo_SA_A_11_read       |   9|          2|    1|          2|
    |fifo_SA_A_12_read       |   9|          2|    1|          2|
    |fifo_SA_A_13_read       |   9|          2|    1|          2|
    |fifo_SA_A_14_read       |   9|          2|    1|          2|
    |fifo_SA_A_15_read       |   9|          2|    1|          2|
    |fifo_SA_A_1_read        |   9|          2|    1|          2|
    |fifo_SA_A_2_read        |   9|          2|    1|          2|
    |fifo_SA_A_3_read        |   9|          2|    1|          2|
    |fifo_SA_A_4_read        |   9|          2|    1|          2|
    |fifo_SA_A_5_read        |   9|          2|    1|          2|
    |fifo_SA_A_6_read        |   9|          2|    1|          2|
    |fifo_SA_A_7_read        |   9|          2|    1|          2|
    |fifo_SA_A_8_read        |   9|          2|    1|          2|
    |fifo_SA_A_9_read        |   9|          2|    1|          2|
    |fifo_SA_A_read          |   9|          2|    1|          2|
    |fifo_SA_O_10_write      |   9|          2|    1|          2|
    |fifo_SA_O_11_write      |   9|          2|    1|          2|
    |fifo_SA_O_12_write      |   9|          2|    1|          2|
    |fifo_SA_O_13_write      |   9|          2|    1|          2|
    |fifo_SA_O_14_write      |   9|          2|    1|          2|
    |fifo_SA_O_15_write      |   9|          2|    1|          2|
    |fifo_SA_O_16_write      |   9|          2|    1|          2|
    |fifo_SA_O_17_write      |   9|          2|    1|          2|
    |fifo_SA_O_18_write      |   9|          2|    1|          2|
    |fifo_SA_O_19_write      |   9|          2|    1|          2|
    |fifo_SA_O_1_write       |   9|          2|    1|          2|
    |fifo_SA_O_20_write      |   9|          2|    1|          2|
    |fifo_SA_O_21_write      |   9|          2|    1|          2|
    |fifo_SA_O_22_write      |   9|          2|    1|          2|
    |fifo_SA_O_23_write      |   9|          2|    1|          2|
    |fifo_SA_O_24_write      |   9|          2|    1|          2|
    |fifo_SA_O_25_write      |   9|          2|    1|          2|
    |fifo_SA_O_26_write      |   9|          2|    1|          2|
    |fifo_SA_O_27_write      |   9|          2|    1|          2|
    |fifo_SA_O_28_write      |   9|          2|    1|          2|
    |fifo_SA_O_29_write      |   9|          2|    1|          2|
    |fifo_SA_O_2_write       |   9|          2|    1|          2|
    |fifo_SA_O_30_write      |   9|          2|    1|          2|
    |fifo_SA_O_31_write      |   9|          2|    1|          2|
    |fifo_SA_O_32_write      |   9|          2|    1|          2|
    |fifo_SA_O_33_write      |   9|          2|    1|          2|
    |fifo_SA_O_34_write      |   9|          2|    1|          2|
    |fifo_SA_O_35_write      |   9|          2|    1|          2|
    |fifo_SA_O_36_write      |   9|          2|    1|          2|
    |fifo_SA_O_37_write      |   9|          2|    1|          2|
    |fifo_SA_O_38_write      |   9|          2|    1|          2|
    |fifo_SA_O_39_write      |   9|          2|    1|          2|
    |fifo_SA_O_3_write       |   9|          2|    1|          2|
    |fifo_SA_O_40_write      |   9|          2|    1|          2|
    |fifo_SA_O_41_write      |   9|          2|    1|          2|
    |fifo_SA_O_42_write      |   9|          2|    1|          2|
    |fifo_SA_O_43_write      |   9|          2|    1|          2|
    |fifo_SA_O_44_write      |   9|          2|    1|          2|
    |fifo_SA_O_45_write      |   9|          2|    1|          2|
    |fifo_SA_O_46_write      |   9|          2|    1|          2|
    |fifo_SA_O_47_write      |   9|          2|    1|          2|
    |fifo_SA_O_48_write      |   9|          2|    1|          2|
    |fifo_SA_O_49_write      |   9|          2|    1|          2|
    |fifo_SA_O_4_write       |   9|          2|    1|          2|
    |fifo_SA_O_50_write      |   9|          2|    1|          2|
    |fifo_SA_O_51_write      |   9|          2|    1|          2|
    |fifo_SA_O_52_write      |   9|          2|    1|          2|
    |fifo_SA_O_53_write      |   9|          2|    1|          2|
    |fifo_SA_O_54_write      |   9|          2|    1|          2|
    |fifo_SA_O_55_write      |   9|          2|    1|          2|
    |fifo_SA_O_56_write      |   9|          2|    1|          2|
    |fifo_SA_O_57_write      |   9|          2|    1|          2|
    |fifo_SA_O_58_write      |   9|          2|    1|          2|
    |fifo_SA_O_59_write      |   9|          2|    1|          2|
    |fifo_SA_O_5_write       |   9|          2|    1|          2|
    |fifo_SA_O_60_write      |   9|          2|    1|          2|
    |fifo_SA_O_61_write      |   9|          2|    1|          2|
    |fifo_SA_O_62_write      |   9|          2|    1|          2|
    |fifo_SA_O_63_write      |   9|          2|    1|          2|
    |fifo_SA_O_6_write       |   9|          2|    1|          2|
    |fifo_SA_O_7_write       |   9|          2|    1|          2|
    |fifo_SA_O_8_write       |   9|          2|    1|          2|
    |fifo_SA_O_9_write       |   9|          2|    1|          2|
    |fifo_SA_O_write         |   9|          2|    1|          2|
    |fifo_SA_W_10_read       |   9|          2|    1|          2|
    |fifo_SA_W_11_read       |   9|          2|    1|          2|
    |fifo_SA_W_12_read       |   9|          2|    1|          2|
    |fifo_SA_W_13_read       |   9|          2|    1|          2|
    |fifo_SA_W_14_read       |   9|          2|    1|          2|
    |fifo_SA_W_15_read       |   9|          2|    1|          2|
    |fifo_SA_W_1_read        |   9|          2|    1|          2|
    |fifo_SA_W_2_read        |   9|          2|    1|          2|
    |fifo_SA_W_3_read        |   9|          2|    1|          2|
    |fifo_SA_W_4_read        |   9|          2|    1|          2|
    |fifo_SA_W_5_read        |   9|          2|    1|          2|
    |fifo_SA_W_6_read        |   9|          2|    1|          2|
    |fifo_SA_W_7_read        |   9|          2|    1|          2|
    |fifo_SA_W_8_read        |   9|          2|    1|          2|
    |fifo_SA_W_9_read        |   9|          2|    1|          2|
    |fifo_SA_W_read          |   9|          2|    1|          2|
    |mode_blk_n              |   9|          2|    1|          2|
    |mode_c65_blk_n          |   9|          2|    1|          2|
    |num_a_sa_2_loc_blk_n    |   9|          2|    1|          2|
    |num_a_sa_2_loc_c_blk_n  |   9|          2|    1|          2|
    |out_c_1_loc_c40_blk_n   |   9|          2|    1|          2|
    +------------------------+----+-----------+-----+-----------+
    |Total                   | 932|        207|  103|        207|
    +------------------------+----+-----------+-----+-----------+

    * Register: 
    +----------------------------+----+----+-----+-----------+
    |            Name            | FF | LUT| Bits| Const Bits|
    +----------------------------+----+----+-----+-----------+
    |ap_CS_fsm                   |   2|   0|    2|          0|
    |ap_done_reg                 |   1|   0|    1|          0|
    |grp_PE_fu_278_ap_start_reg  |   1|   0|    1|          0|
    |grp_PE_fu_300_ap_start_reg  |   1|   0|    1|          0|
    |grp_PE_fu_322_ap_start_reg  |   1|   0|    1|          0|
    |grp_PE_fu_344_ap_start_reg  |   1|   0|    1|          0|
    |grp_PE_fu_366_ap_start_reg  |   1|   0|    1|          0|
    |grp_PE_fu_388_ap_start_reg  |   1|   0|    1|          0|
    |grp_PE_fu_410_ap_start_reg  |   1|   0|    1|          0|
    |grp_PE_fu_432_ap_start_reg  |   1|   0|    1|          0|
    |grp_PE_fu_454_ap_start_reg  |   1|   0|    1|          0|
    |grp_PE_fu_476_ap_start_reg  |   1|   0|    1|          0|
    |grp_PE_fu_498_ap_start_reg  |   1|   0|    1|          0|
    |grp_PE_fu_520_ap_start_reg  |   1|   0|    1|          0|
    |grp_PE_fu_542_ap_start_reg  |   1|   0|    1|          0|
    |grp_PE_fu_564_ap_start_reg  |   1|   0|    1|          0|
    |grp_PE_fu_586_ap_start_reg  |   1|   0|    1|          0|
    |grp_PE_fu_608_ap_start_reg  |   1|   0|    1|          0|
    |mode_12_reg_650             |   1|   0|    1|          0|
    |num_a_sa_reg_670            |  32|   0|   32|          0|
    +----------------------------+----+----+-----+-----------+
    |Total                       |  52|   0|   52|          0|
    +----------------------------+----+----+-----+-----------+



================================================================
== Interface
================================================================
* Summary: 
+---------------------------------+-----+-----+------------+------------------+--------------+
|            RTL Ports            | Dir | Bits|  Protocol  |   Source Object  |    C Type    |
+---------------------------------+-----+-----+------------+------------------+--------------+
|ap_clk                           |   in|    1|  ap_ctrl_hs|           Compute|  return value|
|ap_rst                           |   in|    1|  ap_ctrl_hs|           Compute|  return value|
|ap_start                         |   in|    1|  ap_ctrl_hs|           Compute|  return value|
|ap_done                          |  out|    1|  ap_ctrl_hs|           Compute|  return value|
|ap_continue                      |   in|    1|  ap_ctrl_hs|           Compute|  return value|
|ap_idle                          |  out|    1|  ap_ctrl_hs|           Compute|  return value|
|ap_ready                         |  out|    1|  ap_ctrl_hs|           Compute|  return value|
|fifo_SA_A_dout                   |   in|  128|     ap_fifo|         fifo_SA_A|       pointer|
|fifo_SA_A_num_data_valid         |   in|    3|     ap_fifo|         fifo_SA_A|       pointer|
|fifo_SA_A_fifo_cap               |   in|    3|     ap_fifo|         fifo_SA_A|       pointer|
|fifo_SA_A_empty_n                |   in|    1|     ap_fifo|         fifo_SA_A|       pointer|
|fifo_SA_A_read                   |  out|    1|     ap_fifo|         fifo_SA_A|       pointer|
|fifo_SA_A_1_dout                 |   in|  128|     ap_fifo|       fifo_SA_A_1|       pointer|
|fifo_SA_A_1_num_data_valid       |   in|    3|     ap_fifo|       fifo_SA_A_1|       pointer|
|fifo_SA_A_1_fifo_cap             |   in|    3|     ap_fifo|       fifo_SA_A_1|       pointer|
|fifo_SA_A_1_empty_n              |   in|    1|     ap_fifo|       fifo_SA_A_1|       pointer|
|fifo_SA_A_1_read                 |  out|    1|     ap_fifo|       fifo_SA_A_1|       pointer|
|fifo_SA_A_2_dout                 |   in|  128|     ap_fifo|       fifo_SA_A_2|       pointer|
|fifo_SA_A_2_num_data_valid       |   in|    3|     ap_fifo|       fifo_SA_A_2|       pointer|
|fifo_SA_A_2_fifo_cap             |   in|    3|     ap_fifo|       fifo_SA_A_2|       pointer|
|fifo_SA_A_2_empty_n              |   in|    1|     ap_fifo|       fifo_SA_A_2|       pointer|
|fifo_SA_A_2_read                 |  out|    1|     ap_fifo|       fifo_SA_A_2|       pointer|
|fifo_SA_A_3_dout                 |   in|  128|     ap_fifo|       fifo_SA_A_3|       pointer|
|fifo_SA_A_3_num_data_valid       |   in|    3|     ap_fifo|       fifo_SA_A_3|       pointer|
|fifo_SA_A_3_fifo_cap             |   in|    3|     ap_fifo|       fifo_SA_A_3|       pointer|
|fifo_SA_A_3_empty_n              |   in|    1|     ap_fifo|       fifo_SA_A_3|       pointer|
|fifo_SA_A_3_read                 |  out|    1|     ap_fifo|       fifo_SA_A_3|       pointer|
|fifo_SA_A_4_dout                 |   in|  128|     ap_fifo|       fifo_SA_A_4|       pointer|
|fifo_SA_A_4_num_data_valid       |   in|    3|     ap_fifo|       fifo_SA_A_4|       pointer|
|fifo_SA_A_4_fifo_cap             |   in|    3|     ap_fifo|       fifo_SA_A_4|       pointer|
|fifo_SA_A_4_empty_n              |   in|    1|     ap_fifo|       fifo_SA_A_4|       pointer|
|fifo_SA_A_4_read                 |  out|    1|     ap_fifo|       fifo_SA_A_4|       pointer|
|fifo_SA_A_5_dout                 |   in|  128|     ap_fifo|       fifo_SA_A_5|       pointer|
|fifo_SA_A_5_num_data_valid       |   in|    3|     ap_fifo|       fifo_SA_A_5|       pointer|
|fifo_SA_A_5_fifo_cap             |   in|    3|     ap_fifo|       fifo_SA_A_5|       pointer|
|fifo_SA_A_5_empty_n              |   in|    1|     ap_fifo|       fifo_SA_A_5|       pointer|
|fifo_SA_A_5_read                 |  out|    1|     ap_fifo|       fifo_SA_A_5|       pointer|
|fifo_SA_A_6_dout                 |   in|  128|     ap_fifo|       fifo_SA_A_6|       pointer|
|fifo_SA_A_6_num_data_valid       |   in|    3|     ap_fifo|       fifo_SA_A_6|       pointer|
|fifo_SA_A_6_fifo_cap             |   in|    3|     ap_fifo|       fifo_SA_A_6|       pointer|
|fifo_SA_A_6_empty_n              |   in|    1|     ap_fifo|       fifo_SA_A_6|       pointer|
|fifo_SA_A_6_read                 |  out|    1|     ap_fifo|       fifo_SA_A_6|       pointer|
|fifo_SA_A_7_dout                 |   in|  128|     ap_fifo|       fifo_SA_A_7|       pointer|
|fifo_SA_A_7_num_data_valid       |   in|    3|     ap_fifo|       fifo_SA_A_7|       pointer|
|fifo_SA_A_7_fifo_cap             |   in|    3|     ap_fifo|       fifo_SA_A_7|       pointer|
|fifo_SA_A_7_empty_n              |   in|    1|     ap_fifo|       fifo_SA_A_7|       pointer|
|fifo_SA_A_7_read                 |  out|    1|     ap_fifo|       fifo_SA_A_7|       pointer|
|fifo_SA_A_8_dout                 |   in|  128|     ap_fifo|       fifo_SA_A_8|       pointer|
|fifo_SA_A_8_num_data_valid       |   in|    3|     ap_fifo|       fifo_SA_A_8|       pointer|
|fifo_SA_A_8_fifo_cap             |   in|    3|     ap_fifo|       fifo_SA_A_8|       pointer|
|fifo_SA_A_8_empty_n              |   in|    1|     ap_fifo|       fifo_SA_A_8|       pointer|
|fifo_SA_A_8_read                 |  out|    1|     ap_fifo|       fifo_SA_A_8|       pointer|
|fifo_SA_A_9_dout                 |   in|  128|     ap_fifo|       fifo_SA_A_9|       pointer|
|fifo_SA_A_9_num_data_valid       |   in|    3|     ap_fifo|       fifo_SA_A_9|       pointer|
|fifo_SA_A_9_fifo_cap             |   in|    3|     ap_fifo|       fifo_SA_A_9|       pointer|
|fifo_SA_A_9_empty_n              |   in|    1|     ap_fifo|       fifo_SA_A_9|       pointer|
|fifo_SA_A_9_read                 |  out|    1|     ap_fifo|       fifo_SA_A_9|       pointer|
|fifo_SA_A_10_dout                |   in|  128|     ap_fifo|      fifo_SA_A_10|       pointer|
|fifo_SA_A_10_num_data_valid      |   in|    3|     ap_fifo|      fifo_SA_A_10|       pointer|
|fifo_SA_A_10_fifo_cap            |   in|    3|     ap_fifo|      fifo_SA_A_10|       pointer|
|fifo_SA_A_10_empty_n             |   in|    1|     ap_fifo|      fifo_SA_A_10|       pointer|
|fifo_SA_A_10_read                |  out|    1|     ap_fifo|      fifo_SA_A_10|       pointer|
|fifo_SA_A_11_dout                |   in|  128|     ap_fifo|      fifo_SA_A_11|       pointer|
|fifo_SA_A_11_num_data_valid      |   in|    3|     ap_fifo|      fifo_SA_A_11|       pointer|
|fifo_SA_A_11_fifo_cap            |   in|    3|     ap_fifo|      fifo_SA_A_11|       pointer|
|fifo_SA_A_11_empty_n             |   in|    1|     ap_fifo|      fifo_SA_A_11|       pointer|
|fifo_SA_A_11_read                |  out|    1|     ap_fifo|      fifo_SA_A_11|       pointer|
|fifo_SA_A_12_dout                |   in|  128|     ap_fifo|      fifo_SA_A_12|       pointer|
|fifo_SA_A_12_num_data_valid      |   in|    3|     ap_fifo|      fifo_SA_A_12|       pointer|
|fifo_SA_A_12_fifo_cap            |   in|    3|     ap_fifo|      fifo_SA_A_12|       pointer|
|fifo_SA_A_12_empty_n             |   in|    1|     ap_fifo|      fifo_SA_A_12|       pointer|
|fifo_SA_A_12_read                |  out|    1|     ap_fifo|      fifo_SA_A_12|       pointer|
|fifo_SA_A_13_dout                |   in|  128|     ap_fifo|      fifo_SA_A_13|       pointer|
|fifo_SA_A_13_num_data_valid      |   in|    3|     ap_fifo|      fifo_SA_A_13|       pointer|
|fifo_SA_A_13_fifo_cap            |   in|    3|     ap_fifo|      fifo_SA_A_13|       pointer|
|fifo_SA_A_13_empty_n             |   in|    1|     ap_fifo|      fifo_SA_A_13|       pointer|
|fifo_SA_A_13_read                |  out|    1|     ap_fifo|      fifo_SA_A_13|       pointer|
|fifo_SA_A_14_dout                |   in|  128|     ap_fifo|      fifo_SA_A_14|       pointer|
|fifo_SA_A_14_num_data_valid      |   in|    3|     ap_fifo|      fifo_SA_A_14|       pointer|
|fifo_SA_A_14_fifo_cap            |   in|    3|     ap_fifo|      fifo_SA_A_14|       pointer|
|fifo_SA_A_14_empty_n             |   in|    1|     ap_fifo|      fifo_SA_A_14|       pointer|
|fifo_SA_A_14_read                |  out|    1|     ap_fifo|      fifo_SA_A_14|       pointer|
|fifo_SA_A_15_dout                |   in|  128|     ap_fifo|      fifo_SA_A_15|       pointer|
|fifo_SA_A_15_num_data_valid      |   in|    3|     ap_fifo|      fifo_SA_A_15|       pointer|
|fifo_SA_A_15_fifo_cap            |   in|    3|     ap_fifo|      fifo_SA_A_15|       pointer|
|fifo_SA_A_15_empty_n             |   in|    1|     ap_fifo|      fifo_SA_A_15|       pointer|
|fifo_SA_A_15_read                |  out|    1|     ap_fifo|      fifo_SA_A_15|       pointer|
|fifo_SA_W_dout                   |   in|  128|     ap_fifo|         fifo_SA_W|       pointer|
|fifo_SA_W_num_data_valid         |   in|    4|     ap_fifo|         fifo_SA_W|       pointer|
|fifo_SA_W_fifo_cap               |   in|    4|     ap_fifo|         fifo_SA_W|       pointer|
|fifo_SA_W_empty_n                |   in|    1|     ap_fifo|         fifo_SA_W|       pointer|
|fifo_SA_W_read                   |  out|    1|     ap_fifo|         fifo_SA_W|       pointer|
|fifo_SA_W_1_dout                 |   in|  128|     ap_fifo|       fifo_SA_W_1|       pointer|
|fifo_SA_W_1_num_data_valid       |   in|    4|     ap_fifo|       fifo_SA_W_1|       pointer|
|fifo_SA_W_1_fifo_cap             |   in|    4|     ap_fifo|       fifo_SA_W_1|       pointer|
|fifo_SA_W_1_empty_n              |   in|    1|     ap_fifo|       fifo_SA_W_1|       pointer|
|fifo_SA_W_1_read                 |  out|    1|     ap_fifo|       fifo_SA_W_1|       pointer|
|fifo_SA_W_2_dout                 |   in|  128|     ap_fifo|       fifo_SA_W_2|       pointer|
|fifo_SA_W_2_num_data_valid       |   in|    4|     ap_fifo|       fifo_SA_W_2|       pointer|
|fifo_SA_W_2_fifo_cap             |   in|    4|     ap_fifo|       fifo_SA_W_2|       pointer|
|fifo_SA_W_2_empty_n              |   in|    1|     ap_fifo|       fifo_SA_W_2|       pointer|
|fifo_SA_W_2_read                 |  out|    1|     ap_fifo|       fifo_SA_W_2|       pointer|
|fifo_SA_W_3_dout                 |   in|  128|     ap_fifo|       fifo_SA_W_3|       pointer|
|fifo_SA_W_3_num_data_valid       |   in|    4|     ap_fifo|       fifo_SA_W_3|       pointer|
|fifo_SA_W_3_fifo_cap             |   in|    4|     ap_fifo|       fifo_SA_W_3|       pointer|
|fifo_SA_W_3_empty_n              |   in|    1|     ap_fifo|       fifo_SA_W_3|       pointer|
|fifo_SA_W_3_read                 |  out|    1|     ap_fifo|       fifo_SA_W_3|       pointer|
|fifo_SA_W_4_dout                 |   in|  128|     ap_fifo|       fifo_SA_W_4|       pointer|
|fifo_SA_W_4_num_data_valid       |   in|    4|     ap_fifo|       fifo_SA_W_4|       pointer|
|fifo_SA_W_4_fifo_cap             |   in|    4|     ap_fifo|       fifo_SA_W_4|       pointer|
|fifo_SA_W_4_empty_n              |   in|    1|     ap_fifo|       fifo_SA_W_4|       pointer|
|fifo_SA_W_4_read                 |  out|    1|     ap_fifo|       fifo_SA_W_4|       pointer|
|fifo_SA_W_5_dout                 |   in|  128|     ap_fifo|       fifo_SA_W_5|       pointer|
|fifo_SA_W_5_num_data_valid       |   in|    4|     ap_fifo|       fifo_SA_W_5|       pointer|
|fifo_SA_W_5_fifo_cap             |   in|    4|     ap_fifo|       fifo_SA_W_5|       pointer|
|fifo_SA_W_5_empty_n              |   in|    1|     ap_fifo|       fifo_SA_W_5|       pointer|
|fifo_SA_W_5_read                 |  out|    1|     ap_fifo|       fifo_SA_W_5|       pointer|
|fifo_SA_W_6_dout                 |   in|  128|     ap_fifo|       fifo_SA_W_6|       pointer|
|fifo_SA_W_6_num_data_valid       |   in|    4|     ap_fifo|       fifo_SA_W_6|       pointer|
|fifo_SA_W_6_fifo_cap             |   in|    4|     ap_fifo|       fifo_SA_W_6|       pointer|
|fifo_SA_W_6_empty_n              |   in|    1|     ap_fifo|       fifo_SA_W_6|       pointer|
|fifo_SA_W_6_read                 |  out|    1|     ap_fifo|       fifo_SA_W_6|       pointer|
|fifo_SA_W_7_dout                 |   in|  128|     ap_fifo|       fifo_SA_W_7|       pointer|
|fifo_SA_W_7_num_data_valid       |   in|    4|     ap_fifo|       fifo_SA_W_7|       pointer|
|fifo_SA_W_7_fifo_cap             |   in|    4|     ap_fifo|       fifo_SA_W_7|       pointer|
|fifo_SA_W_7_empty_n              |   in|    1|     ap_fifo|       fifo_SA_W_7|       pointer|
|fifo_SA_W_7_read                 |  out|    1|     ap_fifo|       fifo_SA_W_7|       pointer|
|fifo_SA_W_8_dout                 |   in|  128|     ap_fifo|       fifo_SA_W_8|       pointer|
|fifo_SA_W_8_num_data_valid       |   in|    4|     ap_fifo|       fifo_SA_W_8|       pointer|
|fifo_SA_W_8_fifo_cap             |   in|    4|     ap_fifo|       fifo_SA_W_8|       pointer|
|fifo_SA_W_8_empty_n              |   in|    1|     ap_fifo|       fifo_SA_W_8|       pointer|
|fifo_SA_W_8_read                 |  out|    1|     ap_fifo|       fifo_SA_W_8|       pointer|
|fifo_SA_W_9_dout                 |   in|  128|     ap_fifo|       fifo_SA_W_9|       pointer|
|fifo_SA_W_9_num_data_valid       |   in|    4|     ap_fifo|       fifo_SA_W_9|       pointer|
|fifo_SA_W_9_fifo_cap             |   in|    4|     ap_fifo|       fifo_SA_W_9|       pointer|
|fifo_SA_W_9_empty_n              |   in|    1|     ap_fifo|       fifo_SA_W_9|       pointer|
|fifo_SA_W_9_read                 |  out|    1|     ap_fifo|       fifo_SA_W_9|       pointer|
|fifo_SA_W_10_dout                |   in|  128|     ap_fifo|      fifo_SA_W_10|       pointer|
|fifo_SA_W_10_num_data_valid      |   in|    4|     ap_fifo|      fifo_SA_W_10|       pointer|
|fifo_SA_W_10_fifo_cap            |   in|    4|     ap_fifo|      fifo_SA_W_10|       pointer|
|fifo_SA_W_10_empty_n             |   in|    1|     ap_fifo|      fifo_SA_W_10|       pointer|
|fifo_SA_W_10_read                |  out|    1|     ap_fifo|      fifo_SA_W_10|       pointer|
|fifo_SA_W_11_dout                |   in|  128|     ap_fifo|      fifo_SA_W_11|       pointer|
|fifo_SA_W_11_num_data_valid      |   in|    4|     ap_fifo|      fifo_SA_W_11|       pointer|
|fifo_SA_W_11_fifo_cap            |   in|    4|     ap_fifo|      fifo_SA_W_11|       pointer|
|fifo_SA_W_11_empty_n             |   in|    1|     ap_fifo|      fifo_SA_W_11|       pointer|
|fifo_SA_W_11_read                |  out|    1|     ap_fifo|      fifo_SA_W_11|       pointer|
|fifo_SA_W_12_dout                |   in|  128|     ap_fifo|      fifo_SA_W_12|       pointer|
|fifo_SA_W_12_num_data_valid      |   in|    4|     ap_fifo|      fifo_SA_W_12|       pointer|
|fifo_SA_W_12_fifo_cap            |   in|    4|     ap_fifo|      fifo_SA_W_12|       pointer|
|fifo_SA_W_12_empty_n             |   in|    1|     ap_fifo|      fifo_SA_W_12|       pointer|
|fifo_SA_W_12_read                |  out|    1|     ap_fifo|      fifo_SA_W_12|       pointer|
|fifo_SA_W_13_dout                |   in|  128|     ap_fifo|      fifo_SA_W_13|       pointer|
|fifo_SA_W_13_num_data_valid      |   in|    4|     ap_fifo|      fifo_SA_W_13|       pointer|
|fifo_SA_W_13_fifo_cap            |   in|    4|     ap_fifo|      fifo_SA_W_13|       pointer|
|fifo_SA_W_13_empty_n             |   in|    1|     ap_fifo|      fifo_SA_W_13|       pointer|
|fifo_SA_W_13_read                |  out|    1|     ap_fifo|      fifo_SA_W_13|       pointer|
|fifo_SA_W_14_dout                |   in|  128|     ap_fifo|      fifo_SA_W_14|       pointer|
|fifo_SA_W_14_num_data_valid      |   in|    4|     ap_fifo|      fifo_SA_W_14|       pointer|
|fifo_SA_W_14_fifo_cap            |   in|    4|     ap_fifo|      fifo_SA_W_14|       pointer|
|fifo_SA_W_14_empty_n             |   in|    1|     ap_fifo|      fifo_SA_W_14|       pointer|
|fifo_SA_W_14_read                |  out|    1|     ap_fifo|      fifo_SA_W_14|       pointer|
|fifo_SA_W_15_dout                |   in|  128|     ap_fifo|      fifo_SA_W_15|       pointer|
|fifo_SA_W_15_num_data_valid      |   in|    4|     ap_fifo|      fifo_SA_W_15|       pointer|
|fifo_SA_W_15_fifo_cap            |   in|    4|     ap_fifo|      fifo_SA_W_15|       pointer|
|fifo_SA_W_15_empty_n             |   in|    1|     ap_fifo|      fifo_SA_W_15|       pointer|
|fifo_SA_W_15_read                |  out|    1|     ap_fifo|      fifo_SA_W_15|       pointer|
|fifo_SA_O_din                    |  out|   32|     ap_fifo|         fifo_SA_O|       pointer|
|fifo_SA_O_num_data_valid         |   in|    5|     ap_fifo|         fifo_SA_O|       pointer|
|fifo_SA_O_fifo_cap               |   in|    5|     ap_fifo|         fifo_SA_O|       pointer|
|fifo_SA_O_full_n                 |   in|    1|     ap_fifo|         fifo_SA_O|       pointer|
|fifo_SA_O_write                  |  out|    1|     ap_fifo|         fifo_SA_O|       pointer|
|fifo_SA_O_1_din                  |  out|   32|     ap_fifo|       fifo_SA_O_1|       pointer|
|fifo_SA_O_1_num_data_valid       |   in|    5|     ap_fifo|       fifo_SA_O_1|       pointer|
|fifo_SA_O_1_fifo_cap             |   in|    5|     ap_fifo|       fifo_SA_O_1|       pointer|
|fifo_SA_O_1_full_n               |   in|    1|     ap_fifo|       fifo_SA_O_1|       pointer|
|fifo_SA_O_1_write                |  out|    1|     ap_fifo|       fifo_SA_O_1|       pointer|
|fifo_SA_O_2_din                  |  out|   32|     ap_fifo|       fifo_SA_O_2|       pointer|
|fifo_SA_O_2_num_data_valid       |   in|    5|     ap_fifo|       fifo_SA_O_2|       pointer|
|fifo_SA_O_2_fifo_cap             |   in|    5|     ap_fifo|       fifo_SA_O_2|       pointer|
|fifo_SA_O_2_full_n               |   in|    1|     ap_fifo|       fifo_SA_O_2|       pointer|
|fifo_SA_O_2_write                |  out|    1|     ap_fifo|       fifo_SA_O_2|       pointer|
|fifo_SA_O_3_din                  |  out|   32|     ap_fifo|       fifo_SA_O_3|       pointer|
|fifo_SA_O_3_num_data_valid       |   in|    5|     ap_fifo|       fifo_SA_O_3|       pointer|
|fifo_SA_O_3_fifo_cap             |   in|    5|     ap_fifo|       fifo_SA_O_3|       pointer|
|fifo_SA_O_3_full_n               |   in|    1|     ap_fifo|       fifo_SA_O_3|       pointer|
|fifo_SA_O_3_write                |  out|    1|     ap_fifo|       fifo_SA_O_3|       pointer|
|fifo_SA_O_4_din                  |  out|   32|     ap_fifo|       fifo_SA_O_4|       pointer|
|fifo_SA_O_4_num_data_valid       |   in|    5|     ap_fifo|       fifo_SA_O_4|       pointer|
|fifo_SA_O_4_fifo_cap             |   in|    5|     ap_fifo|       fifo_SA_O_4|       pointer|
|fifo_SA_O_4_full_n               |   in|    1|     ap_fifo|       fifo_SA_O_4|       pointer|
|fifo_SA_O_4_write                |  out|    1|     ap_fifo|       fifo_SA_O_4|       pointer|
|fifo_SA_O_5_din                  |  out|   32|     ap_fifo|       fifo_SA_O_5|       pointer|
|fifo_SA_O_5_num_data_valid       |   in|    5|     ap_fifo|       fifo_SA_O_5|       pointer|
|fifo_SA_O_5_fifo_cap             |   in|    5|     ap_fifo|       fifo_SA_O_5|       pointer|
|fifo_SA_O_5_full_n               |   in|    1|     ap_fifo|       fifo_SA_O_5|       pointer|
|fifo_SA_O_5_write                |  out|    1|     ap_fifo|       fifo_SA_O_5|       pointer|
|fifo_SA_O_6_din                  |  out|   32|     ap_fifo|       fifo_SA_O_6|       pointer|
|fifo_SA_O_6_num_data_valid       |   in|    5|     ap_fifo|       fifo_SA_O_6|       pointer|
|fifo_SA_O_6_fifo_cap             |   in|    5|     ap_fifo|       fifo_SA_O_6|       pointer|
|fifo_SA_O_6_full_n               |   in|    1|     ap_fifo|       fifo_SA_O_6|       pointer|
|fifo_SA_O_6_write                |  out|    1|     ap_fifo|       fifo_SA_O_6|       pointer|
|fifo_SA_O_7_din                  |  out|   32|     ap_fifo|       fifo_SA_O_7|       pointer|
|fifo_SA_O_7_num_data_valid       |   in|    5|     ap_fifo|       fifo_SA_O_7|       pointer|
|fifo_SA_O_7_fifo_cap             |   in|    5|     ap_fifo|       fifo_SA_O_7|       pointer|
|fifo_SA_O_7_full_n               |   in|    1|     ap_fifo|       fifo_SA_O_7|       pointer|
|fifo_SA_O_7_write                |  out|    1|     ap_fifo|       fifo_SA_O_7|       pointer|
|fifo_SA_O_8_din                  |  out|   32|     ap_fifo|       fifo_SA_O_8|       pointer|
|fifo_SA_O_8_num_data_valid       |   in|    5|     ap_fifo|       fifo_SA_O_8|       pointer|
|fifo_SA_O_8_fifo_cap             |   in|    5|     ap_fifo|       fifo_SA_O_8|       pointer|
|fifo_SA_O_8_full_n               |   in|    1|     ap_fifo|       fifo_SA_O_8|       pointer|
|fifo_SA_O_8_write                |  out|    1|     ap_fifo|       fifo_SA_O_8|       pointer|
|fifo_SA_O_9_din                  |  out|   32|     ap_fifo|       fifo_SA_O_9|       pointer|
|fifo_SA_O_9_num_data_valid       |   in|    5|     ap_fifo|       fifo_SA_O_9|       pointer|
|fifo_SA_O_9_fifo_cap             |   in|    5|     ap_fifo|       fifo_SA_O_9|       pointer|
|fifo_SA_O_9_full_n               |   in|    1|     ap_fifo|       fifo_SA_O_9|       pointer|
|fifo_SA_O_9_write                |  out|    1|     ap_fifo|       fifo_SA_O_9|       pointer|
|fifo_SA_O_10_din                 |  out|   32|     ap_fifo|      fifo_SA_O_10|       pointer|
|fifo_SA_O_10_num_data_valid      |   in|    5|     ap_fifo|      fifo_SA_O_10|       pointer|
|fifo_SA_O_10_fifo_cap            |   in|    5|     ap_fifo|      fifo_SA_O_10|       pointer|
|fifo_SA_O_10_full_n              |   in|    1|     ap_fifo|      fifo_SA_O_10|       pointer|
|fifo_SA_O_10_write               |  out|    1|     ap_fifo|      fifo_SA_O_10|       pointer|
|fifo_SA_O_11_din                 |  out|   32|     ap_fifo|      fifo_SA_O_11|       pointer|
|fifo_SA_O_11_num_data_valid      |   in|    5|     ap_fifo|      fifo_SA_O_11|       pointer|
|fifo_SA_O_11_fifo_cap            |   in|    5|     ap_fifo|      fifo_SA_O_11|       pointer|
|fifo_SA_O_11_full_n              |   in|    1|     ap_fifo|      fifo_SA_O_11|       pointer|
|fifo_SA_O_11_write               |  out|    1|     ap_fifo|      fifo_SA_O_11|       pointer|
|fifo_SA_O_12_din                 |  out|   32|     ap_fifo|      fifo_SA_O_12|       pointer|
|fifo_SA_O_12_num_data_valid      |   in|    5|     ap_fifo|      fifo_SA_O_12|       pointer|
|fifo_SA_O_12_fifo_cap            |   in|    5|     ap_fifo|      fifo_SA_O_12|       pointer|
|fifo_SA_O_12_full_n              |   in|    1|     ap_fifo|      fifo_SA_O_12|       pointer|
|fifo_SA_O_12_write               |  out|    1|     ap_fifo|      fifo_SA_O_12|       pointer|
|fifo_SA_O_13_din                 |  out|   32|     ap_fifo|      fifo_SA_O_13|       pointer|
|fifo_SA_O_13_num_data_valid      |   in|    5|     ap_fifo|      fifo_SA_O_13|       pointer|
|fifo_SA_O_13_fifo_cap            |   in|    5|     ap_fifo|      fifo_SA_O_13|       pointer|
|fifo_SA_O_13_full_n              |   in|    1|     ap_fifo|      fifo_SA_O_13|       pointer|
|fifo_SA_O_13_write               |  out|    1|     ap_fifo|      fifo_SA_O_13|       pointer|
|fifo_SA_O_14_din                 |  out|   32|     ap_fifo|      fifo_SA_O_14|       pointer|
|fifo_SA_O_14_num_data_valid      |   in|    5|     ap_fifo|      fifo_SA_O_14|       pointer|
|fifo_SA_O_14_fifo_cap            |   in|    5|     ap_fifo|      fifo_SA_O_14|       pointer|
|fifo_SA_O_14_full_n              |   in|    1|     ap_fifo|      fifo_SA_O_14|       pointer|
|fifo_SA_O_14_write               |  out|    1|     ap_fifo|      fifo_SA_O_14|       pointer|
|fifo_SA_O_15_din                 |  out|   32|     ap_fifo|      fifo_SA_O_15|       pointer|
|fifo_SA_O_15_num_data_valid      |   in|    5|     ap_fifo|      fifo_SA_O_15|       pointer|
|fifo_SA_O_15_fifo_cap            |   in|    5|     ap_fifo|      fifo_SA_O_15|       pointer|
|fifo_SA_O_15_full_n              |   in|    1|     ap_fifo|      fifo_SA_O_15|       pointer|
|fifo_SA_O_15_write               |  out|    1|     ap_fifo|      fifo_SA_O_15|       pointer|
|fifo_SA_O_16_din                 |  out|   32|     ap_fifo|      fifo_SA_O_16|       pointer|
|fifo_SA_O_16_num_data_valid      |   in|    5|     ap_fifo|      fifo_SA_O_16|       pointer|
|fifo_SA_O_16_fifo_cap            |   in|    5|     ap_fifo|      fifo_SA_O_16|       pointer|
|fifo_SA_O_16_full_n              |   in|    1|     ap_fifo|      fifo_SA_O_16|       pointer|
|fifo_SA_O_16_write               |  out|    1|     ap_fifo|      fifo_SA_O_16|       pointer|
|fifo_SA_O_17_din                 |  out|   32|     ap_fifo|      fifo_SA_O_17|       pointer|
|fifo_SA_O_17_num_data_valid      |   in|    5|     ap_fifo|      fifo_SA_O_17|       pointer|
|fifo_SA_O_17_fifo_cap            |   in|    5|     ap_fifo|      fifo_SA_O_17|       pointer|
|fifo_SA_O_17_full_n              |   in|    1|     ap_fifo|      fifo_SA_O_17|       pointer|
|fifo_SA_O_17_write               |  out|    1|     ap_fifo|      fifo_SA_O_17|       pointer|
|fifo_SA_O_18_din                 |  out|   32|     ap_fifo|      fifo_SA_O_18|       pointer|
|fifo_SA_O_18_num_data_valid      |   in|    5|     ap_fifo|      fifo_SA_O_18|       pointer|
|fifo_SA_O_18_fifo_cap            |   in|    5|     ap_fifo|      fifo_SA_O_18|       pointer|
|fifo_SA_O_18_full_n              |   in|    1|     ap_fifo|      fifo_SA_O_18|       pointer|
|fifo_SA_O_18_write               |  out|    1|     ap_fifo|      fifo_SA_O_18|       pointer|
|fifo_SA_O_19_din                 |  out|   32|     ap_fifo|      fifo_SA_O_19|       pointer|
|fifo_SA_O_19_num_data_valid      |   in|    5|     ap_fifo|      fifo_SA_O_19|       pointer|
|fifo_SA_O_19_fifo_cap            |   in|    5|     ap_fifo|      fifo_SA_O_19|       pointer|
|fifo_SA_O_19_full_n              |   in|    1|     ap_fifo|      fifo_SA_O_19|       pointer|
|fifo_SA_O_19_write               |  out|    1|     ap_fifo|      fifo_SA_O_19|       pointer|
|fifo_SA_O_20_din                 |  out|   32|     ap_fifo|      fifo_SA_O_20|       pointer|
|fifo_SA_O_20_num_data_valid      |   in|    5|     ap_fifo|      fifo_SA_O_20|       pointer|
|fifo_SA_O_20_fifo_cap            |   in|    5|     ap_fifo|      fifo_SA_O_20|       pointer|
|fifo_SA_O_20_full_n              |   in|    1|     ap_fifo|      fifo_SA_O_20|       pointer|
|fifo_SA_O_20_write               |  out|    1|     ap_fifo|      fifo_SA_O_20|       pointer|
|fifo_SA_O_21_din                 |  out|   32|     ap_fifo|      fifo_SA_O_21|       pointer|
|fifo_SA_O_21_num_data_valid      |   in|    5|     ap_fifo|      fifo_SA_O_21|       pointer|
|fifo_SA_O_21_fifo_cap            |   in|    5|     ap_fifo|      fifo_SA_O_21|       pointer|
|fifo_SA_O_21_full_n              |   in|    1|     ap_fifo|      fifo_SA_O_21|       pointer|
|fifo_SA_O_21_write               |  out|    1|     ap_fifo|      fifo_SA_O_21|       pointer|
|fifo_SA_O_22_din                 |  out|   32|     ap_fifo|      fifo_SA_O_22|       pointer|
|fifo_SA_O_22_num_data_valid      |   in|    5|     ap_fifo|      fifo_SA_O_22|       pointer|
|fifo_SA_O_22_fifo_cap            |   in|    5|     ap_fifo|      fifo_SA_O_22|       pointer|
|fifo_SA_O_22_full_n              |   in|    1|     ap_fifo|      fifo_SA_O_22|       pointer|
|fifo_SA_O_22_write               |  out|    1|     ap_fifo|      fifo_SA_O_22|       pointer|
|fifo_SA_O_23_din                 |  out|   32|     ap_fifo|      fifo_SA_O_23|       pointer|
|fifo_SA_O_23_num_data_valid      |   in|    5|     ap_fifo|      fifo_SA_O_23|       pointer|
|fifo_SA_O_23_fifo_cap            |   in|    5|     ap_fifo|      fifo_SA_O_23|       pointer|
|fifo_SA_O_23_full_n              |   in|    1|     ap_fifo|      fifo_SA_O_23|       pointer|
|fifo_SA_O_23_write               |  out|    1|     ap_fifo|      fifo_SA_O_23|       pointer|
|fifo_SA_O_24_din                 |  out|   32|     ap_fifo|      fifo_SA_O_24|       pointer|
|fifo_SA_O_24_num_data_valid      |   in|    5|     ap_fifo|      fifo_SA_O_24|       pointer|
|fifo_SA_O_24_fifo_cap            |   in|    5|     ap_fifo|      fifo_SA_O_24|       pointer|
|fifo_SA_O_24_full_n              |   in|    1|     ap_fifo|      fifo_SA_O_24|       pointer|
|fifo_SA_O_24_write               |  out|    1|     ap_fifo|      fifo_SA_O_24|       pointer|
|fifo_SA_O_25_din                 |  out|   32|     ap_fifo|      fifo_SA_O_25|       pointer|
|fifo_SA_O_25_num_data_valid      |   in|    5|     ap_fifo|      fifo_SA_O_25|       pointer|
|fifo_SA_O_25_fifo_cap            |   in|    5|     ap_fifo|      fifo_SA_O_25|       pointer|
|fifo_SA_O_25_full_n              |   in|    1|     ap_fifo|      fifo_SA_O_25|       pointer|
|fifo_SA_O_25_write               |  out|    1|     ap_fifo|      fifo_SA_O_25|       pointer|
|fifo_SA_O_26_din                 |  out|   32|     ap_fifo|      fifo_SA_O_26|       pointer|
|fifo_SA_O_26_num_data_valid      |   in|    5|     ap_fifo|      fifo_SA_O_26|       pointer|
|fifo_SA_O_26_fifo_cap            |   in|    5|     ap_fifo|      fifo_SA_O_26|       pointer|
|fifo_SA_O_26_full_n              |   in|    1|     ap_fifo|      fifo_SA_O_26|       pointer|
|fifo_SA_O_26_write               |  out|    1|     ap_fifo|      fifo_SA_O_26|       pointer|
|fifo_SA_O_27_din                 |  out|   32|     ap_fifo|      fifo_SA_O_27|       pointer|
|fifo_SA_O_27_num_data_valid      |   in|    5|     ap_fifo|      fifo_SA_O_27|       pointer|
|fifo_SA_O_27_fifo_cap            |   in|    5|     ap_fifo|      fifo_SA_O_27|       pointer|
|fifo_SA_O_27_full_n              |   in|    1|     ap_fifo|      fifo_SA_O_27|       pointer|
|fifo_SA_O_27_write               |  out|    1|     ap_fifo|      fifo_SA_O_27|       pointer|
|fifo_SA_O_28_din                 |  out|   32|     ap_fifo|      fifo_SA_O_28|       pointer|
|fifo_SA_O_28_num_data_valid      |   in|    5|     ap_fifo|      fifo_SA_O_28|       pointer|
|fifo_SA_O_28_fifo_cap            |   in|    5|     ap_fifo|      fifo_SA_O_28|       pointer|
|fifo_SA_O_28_full_n              |   in|    1|     ap_fifo|      fifo_SA_O_28|       pointer|
|fifo_SA_O_28_write               |  out|    1|     ap_fifo|      fifo_SA_O_28|       pointer|
|fifo_SA_O_29_din                 |  out|   32|     ap_fifo|      fifo_SA_O_29|       pointer|
|fifo_SA_O_29_num_data_valid      |   in|    5|     ap_fifo|      fifo_SA_O_29|       pointer|
|fifo_SA_O_29_fifo_cap            |   in|    5|     ap_fifo|      fifo_SA_O_29|       pointer|
|fifo_SA_O_29_full_n              |   in|    1|     ap_fifo|      fifo_SA_O_29|       pointer|
|fifo_SA_O_29_write               |  out|    1|     ap_fifo|      fifo_SA_O_29|       pointer|
|fifo_SA_O_30_din                 |  out|   32|     ap_fifo|      fifo_SA_O_30|       pointer|
|fifo_SA_O_30_num_data_valid      |   in|    5|     ap_fifo|      fifo_SA_O_30|       pointer|
|fifo_SA_O_30_fifo_cap            |   in|    5|     ap_fifo|      fifo_SA_O_30|       pointer|
|fifo_SA_O_30_full_n              |   in|    1|     ap_fifo|      fifo_SA_O_30|       pointer|
|fifo_SA_O_30_write               |  out|    1|     ap_fifo|      fifo_SA_O_30|       pointer|
|fifo_SA_O_31_din                 |  out|   32|     ap_fifo|      fifo_SA_O_31|       pointer|
|fifo_SA_O_31_num_data_valid      |   in|    5|     ap_fifo|      fifo_SA_O_31|       pointer|
|fifo_SA_O_31_fifo_cap            |   in|    5|     ap_fifo|      fifo_SA_O_31|       pointer|
|fifo_SA_O_31_full_n              |   in|    1|     ap_fifo|      fifo_SA_O_31|       pointer|
|fifo_SA_O_31_write               |  out|    1|     ap_fifo|      fifo_SA_O_31|       pointer|
|fifo_SA_O_32_din                 |  out|   32|     ap_fifo|      fifo_SA_O_32|       pointer|
|fifo_SA_O_32_num_data_valid      |   in|    5|     ap_fifo|      fifo_SA_O_32|       pointer|
|fifo_SA_O_32_fifo_cap            |   in|    5|     ap_fifo|      fifo_SA_O_32|       pointer|
|fifo_SA_O_32_full_n              |   in|    1|     ap_fifo|      fifo_SA_O_32|       pointer|
|fifo_SA_O_32_write               |  out|    1|     ap_fifo|      fifo_SA_O_32|       pointer|
|fifo_SA_O_33_din                 |  out|   32|     ap_fifo|      fifo_SA_O_33|       pointer|
|fifo_SA_O_33_num_data_valid      |   in|    5|     ap_fifo|      fifo_SA_O_33|       pointer|
|fifo_SA_O_33_fifo_cap            |   in|    5|     ap_fifo|      fifo_SA_O_33|       pointer|
|fifo_SA_O_33_full_n              |   in|    1|     ap_fifo|      fifo_SA_O_33|       pointer|
|fifo_SA_O_33_write               |  out|    1|     ap_fifo|      fifo_SA_O_33|       pointer|
|fifo_SA_O_34_din                 |  out|   32|     ap_fifo|      fifo_SA_O_34|       pointer|
|fifo_SA_O_34_num_data_valid      |   in|    5|     ap_fifo|      fifo_SA_O_34|       pointer|
|fifo_SA_O_34_fifo_cap            |   in|    5|     ap_fifo|      fifo_SA_O_34|       pointer|
|fifo_SA_O_34_full_n              |   in|    1|     ap_fifo|      fifo_SA_O_34|       pointer|
|fifo_SA_O_34_write               |  out|    1|     ap_fifo|      fifo_SA_O_34|       pointer|
|fifo_SA_O_35_din                 |  out|   32|     ap_fifo|      fifo_SA_O_35|       pointer|
|fifo_SA_O_35_num_data_valid      |   in|    5|     ap_fifo|      fifo_SA_O_35|       pointer|
|fifo_SA_O_35_fifo_cap            |   in|    5|     ap_fifo|      fifo_SA_O_35|       pointer|
|fifo_SA_O_35_full_n              |   in|    1|     ap_fifo|      fifo_SA_O_35|       pointer|
|fifo_SA_O_35_write               |  out|    1|     ap_fifo|      fifo_SA_O_35|       pointer|
|fifo_SA_O_36_din                 |  out|   32|     ap_fifo|      fifo_SA_O_36|       pointer|
|fifo_SA_O_36_num_data_valid      |   in|    5|     ap_fifo|      fifo_SA_O_36|       pointer|
|fifo_SA_O_36_fifo_cap            |   in|    5|     ap_fifo|      fifo_SA_O_36|       pointer|
|fifo_SA_O_36_full_n              |   in|    1|     ap_fifo|      fifo_SA_O_36|       pointer|
|fifo_SA_O_36_write               |  out|    1|     ap_fifo|      fifo_SA_O_36|       pointer|
|fifo_SA_O_37_din                 |  out|   32|     ap_fifo|      fifo_SA_O_37|       pointer|
|fifo_SA_O_37_num_data_valid      |   in|    5|     ap_fifo|      fifo_SA_O_37|       pointer|
|fifo_SA_O_37_fifo_cap            |   in|    5|     ap_fifo|      fifo_SA_O_37|       pointer|
|fifo_SA_O_37_full_n              |   in|    1|     ap_fifo|      fifo_SA_O_37|       pointer|
|fifo_SA_O_37_write               |  out|    1|     ap_fifo|      fifo_SA_O_37|       pointer|
|fifo_SA_O_38_din                 |  out|   32|     ap_fifo|      fifo_SA_O_38|       pointer|
|fifo_SA_O_38_num_data_valid      |   in|    5|     ap_fifo|      fifo_SA_O_38|       pointer|
|fifo_SA_O_38_fifo_cap            |   in|    5|     ap_fifo|      fifo_SA_O_38|       pointer|
|fifo_SA_O_38_full_n              |   in|    1|     ap_fifo|      fifo_SA_O_38|       pointer|
|fifo_SA_O_38_write               |  out|    1|     ap_fifo|      fifo_SA_O_38|       pointer|
|fifo_SA_O_39_din                 |  out|   32|     ap_fifo|      fifo_SA_O_39|       pointer|
|fifo_SA_O_39_num_data_valid      |   in|    5|     ap_fifo|      fifo_SA_O_39|       pointer|
|fifo_SA_O_39_fifo_cap            |   in|    5|     ap_fifo|      fifo_SA_O_39|       pointer|
|fifo_SA_O_39_full_n              |   in|    1|     ap_fifo|      fifo_SA_O_39|       pointer|
|fifo_SA_O_39_write               |  out|    1|     ap_fifo|      fifo_SA_O_39|       pointer|
|fifo_SA_O_40_din                 |  out|   32|     ap_fifo|      fifo_SA_O_40|       pointer|
|fifo_SA_O_40_num_data_valid      |   in|    5|     ap_fifo|      fifo_SA_O_40|       pointer|
|fifo_SA_O_40_fifo_cap            |   in|    5|     ap_fifo|      fifo_SA_O_40|       pointer|
|fifo_SA_O_40_full_n              |   in|    1|     ap_fifo|      fifo_SA_O_40|       pointer|
|fifo_SA_O_40_write               |  out|    1|     ap_fifo|      fifo_SA_O_40|       pointer|
|fifo_SA_O_41_din                 |  out|   32|     ap_fifo|      fifo_SA_O_41|       pointer|
|fifo_SA_O_41_num_data_valid      |   in|    5|     ap_fifo|      fifo_SA_O_41|       pointer|
|fifo_SA_O_41_fifo_cap            |   in|    5|     ap_fifo|      fifo_SA_O_41|       pointer|
|fifo_SA_O_41_full_n              |   in|    1|     ap_fifo|      fifo_SA_O_41|       pointer|
|fifo_SA_O_41_write               |  out|    1|     ap_fifo|      fifo_SA_O_41|       pointer|
|fifo_SA_O_42_din                 |  out|   32|     ap_fifo|      fifo_SA_O_42|       pointer|
|fifo_SA_O_42_num_data_valid      |   in|    5|     ap_fifo|      fifo_SA_O_42|       pointer|
|fifo_SA_O_42_fifo_cap            |   in|    5|     ap_fifo|      fifo_SA_O_42|       pointer|
|fifo_SA_O_42_full_n              |   in|    1|     ap_fifo|      fifo_SA_O_42|       pointer|
|fifo_SA_O_42_write               |  out|    1|     ap_fifo|      fifo_SA_O_42|       pointer|
|fifo_SA_O_43_din                 |  out|   32|     ap_fifo|      fifo_SA_O_43|       pointer|
|fifo_SA_O_43_num_data_valid      |   in|    5|     ap_fifo|      fifo_SA_O_43|       pointer|
|fifo_SA_O_43_fifo_cap            |   in|    5|     ap_fifo|      fifo_SA_O_43|       pointer|
|fifo_SA_O_43_full_n              |   in|    1|     ap_fifo|      fifo_SA_O_43|       pointer|
|fifo_SA_O_43_write               |  out|    1|     ap_fifo|      fifo_SA_O_43|       pointer|
|fifo_SA_O_44_din                 |  out|   32|     ap_fifo|      fifo_SA_O_44|       pointer|
|fifo_SA_O_44_num_data_valid      |   in|    5|     ap_fifo|      fifo_SA_O_44|       pointer|
|fifo_SA_O_44_fifo_cap            |   in|    5|     ap_fifo|      fifo_SA_O_44|       pointer|
|fifo_SA_O_44_full_n              |   in|    1|     ap_fifo|      fifo_SA_O_44|       pointer|
|fifo_SA_O_44_write               |  out|    1|     ap_fifo|      fifo_SA_O_44|       pointer|
|fifo_SA_O_45_din                 |  out|   32|     ap_fifo|      fifo_SA_O_45|       pointer|
|fifo_SA_O_45_num_data_valid      |   in|    5|     ap_fifo|      fifo_SA_O_45|       pointer|
|fifo_SA_O_45_fifo_cap            |   in|    5|     ap_fifo|      fifo_SA_O_45|       pointer|
|fifo_SA_O_45_full_n              |   in|    1|     ap_fifo|      fifo_SA_O_45|       pointer|
|fifo_SA_O_45_write               |  out|    1|     ap_fifo|      fifo_SA_O_45|       pointer|
|fifo_SA_O_46_din                 |  out|   32|     ap_fifo|      fifo_SA_O_46|       pointer|
|fifo_SA_O_46_num_data_valid      |   in|    5|     ap_fifo|      fifo_SA_O_46|       pointer|
|fifo_SA_O_46_fifo_cap            |   in|    5|     ap_fifo|      fifo_SA_O_46|       pointer|
|fifo_SA_O_46_full_n              |   in|    1|     ap_fifo|      fifo_SA_O_46|       pointer|
|fifo_SA_O_46_write               |  out|    1|     ap_fifo|      fifo_SA_O_46|       pointer|
|fifo_SA_O_47_din                 |  out|   32|     ap_fifo|      fifo_SA_O_47|       pointer|
|fifo_SA_O_47_num_data_valid      |   in|    5|     ap_fifo|      fifo_SA_O_47|       pointer|
|fifo_SA_O_47_fifo_cap            |   in|    5|     ap_fifo|      fifo_SA_O_47|       pointer|
|fifo_SA_O_47_full_n              |   in|    1|     ap_fifo|      fifo_SA_O_47|       pointer|
|fifo_SA_O_47_write               |  out|    1|     ap_fifo|      fifo_SA_O_47|       pointer|
|fifo_SA_O_48_din                 |  out|   32|     ap_fifo|      fifo_SA_O_48|       pointer|
|fifo_SA_O_48_num_data_valid      |   in|    5|     ap_fifo|      fifo_SA_O_48|       pointer|
|fifo_SA_O_48_fifo_cap            |   in|    5|     ap_fifo|      fifo_SA_O_48|       pointer|
|fifo_SA_O_48_full_n              |   in|    1|     ap_fifo|      fifo_SA_O_48|       pointer|
|fifo_SA_O_48_write               |  out|    1|     ap_fifo|      fifo_SA_O_48|       pointer|
|fifo_SA_O_49_din                 |  out|   32|     ap_fifo|      fifo_SA_O_49|       pointer|
|fifo_SA_O_49_num_data_valid      |   in|    5|     ap_fifo|      fifo_SA_O_49|       pointer|
|fifo_SA_O_49_fifo_cap            |   in|    5|     ap_fifo|      fifo_SA_O_49|       pointer|
|fifo_SA_O_49_full_n              |   in|    1|     ap_fifo|      fifo_SA_O_49|       pointer|
|fifo_SA_O_49_write               |  out|    1|     ap_fifo|      fifo_SA_O_49|       pointer|
|fifo_SA_O_50_din                 |  out|   32|     ap_fifo|      fifo_SA_O_50|       pointer|
|fifo_SA_O_50_num_data_valid      |   in|    5|     ap_fifo|      fifo_SA_O_50|       pointer|
|fifo_SA_O_50_fifo_cap            |   in|    5|     ap_fifo|      fifo_SA_O_50|       pointer|
|fifo_SA_O_50_full_n              |   in|    1|     ap_fifo|      fifo_SA_O_50|       pointer|
|fifo_SA_O_50_write               |  out|    1|     ap_fifo|      fifo_SA_O_50|       pointer|
|fifo_SA_O_51_din                 |  out|   32|     ap_fifo|      fifo_SA_O_51|       pointer|
|fifo_SA_O_51_num_data_valid      |   in|    5|     ap_fifo|      fifo_SA_O_51|       pointer|
|fifo_SA_O_51_fifo_cap            |   in|    5|     ap_fifo|      fifo_SA_O_51|       pointer|
|fifo_SA_O_51_full_n              |   in|    1|     ap_fifo|      fifo_SA_O_51|       pointer|
|fifo_SA_O_51_write               |  out|    1|     ap_fifo|      fifo_SA_O_51|       pointer|
|fifo_SA_O_52_din                 |  out|   32|     ap_fifo|      fifo_SA_O_52|       pointer|
|fifo_SA_O_52_num_data_valid      |   in|    5|     ap_fifo|      fifo_SA_O_52|       pointer|
|fifo_SA_O_52_fifo_cap            |   in|    5|     ap_fifo|      fifo_SA_O_52|       pointer|
|fifo_SA_O_52_full_n              |   in|    1|     ap_fifo|      fifo_SA_O_52|       pointer|
|fifo_SA_O_52_write               |  out|    1|     ap_fifo|      fifo_SA_O_52|       pointer|
|fifo_SA_O_53_din                 |  out|   32|     ap_fifo|      fifo_SA_O_53|       pointer|
|fifo_SA_O_53_num_data_valid      |   in|    5|     ap_fifo|      fifo_SA_O_53|       pointer|
|fifo_SA_O_53_fifo_cap            |   in|    5|     ap_fifo|      fifo_SA_O_53|       pointer|
|fifo_SA_O_53_full_n              |   in|    1|     ap_fifo|      fifo_SA_O_53|       pointer|
|fifo_SA_O_53_write               |  out|    1|     ap_fifo|      fifo_SA_O_53|       pointer|
|fifo_SA_O_54_din                 |  out|   32|     ap_fifo|      fifo_SA_O_54|       pointer|
|fifo_SA_O_54_num_data_valid      |   in|    5|     ap_fifo|      fifo_SA_O_54|       pointer|
|fifo_SA_O_54_fifo_cap            |   in|    5|     ap_fifo|      fifo_SA_O_54|       pointer|
|fifo_SA_O_54_full_n              |   in|    1|     ap_fifo|      fifo_SA_O_54|       pointer|
|fifo_SA_O_54_write               |  out|    1|     ap_fifo|      fifo_SA_O_54|       pointer|
|fifo_SA_O_55_din                 |  out|   32|     ap_fifo|      fifo_SA_O_55|       pointer|
|fifo_SA_O_55_num_data_valid      |   in|    5|     ap_fifo|      fifo_SA_O_55|       pointer|
|fifo_SA_O_55_fifo_cap            |   in|    5|     ap_fifo|      fifo_SA_O_55|       pointer|
|fifo_SA_O_55_full_n              |   in|    1|     ap_fifo|      fifo_SA_O_55|       pointer|
|fifo_SA_O_55_write               |  out|    1|     ap_fifo|      fifo_SA_O_55|       pointer|
|fifo_SA_O_56_din                 |  out|   32|     ap_fifo|      fifo_SA_O_56|       pointer|
|fifo_SA_O_56_num_data_valid      |   in|    5|     ap_fifo|      fifo_SA_O_56|       pointer|
|fifo_SA_O_56_fifo_cap            |   in|    5|     ap_fifo|      fifo_SA_O_56|       pointer|
|fifo_SA_O_56_full_n              |   in|    1|     ap_fifo|      fifo_SA_O_56|       pointer|
|fifo_SA_O_56_write               |  out|    1|     ap_fifo|      fifo_SA_O_56|       pointer|
|fifo_SA_O_57_din                 |  out|   32|     ap_fifo|      fifo_SA_O_57|       pointer|
|fifo_SA_O_57_num_data_valid      |   in|    5|     ap_fifo|      fifo_SA_O_57|       pointer|
|fifo_SA_O_57_fifo_cap            |   in|    5|     ap_fifo|      fifo_SA_O_57|       pointer|
|fifo_SA_O_57_full_n              |   in|    1|     ap_fifo|      fifo_SA_O_57|       pointer|
|fifo_SA_O_57_write               |  out|    1|     ap_fifo|      fifo_SA_O_57|       pointer|
|fifo_SA_O_58_din                 |  out|   32|     ap_fifo|      fifo_SA_O_58|       pointer|
|fifo_SA_O_58_num_data_valid      |   in|    5|     ap_fifo|      fifo_SA_O_58|       pointer|
|fifo_SA_O_58_fifo_cap            |   in|    5|     ap_fifo|      fifo_SA_O_58|       pointer|
|fifo_SA_O_58_full_n              |   in|    1|     ap_fifo|      fifo_SA_O_58|       pointer|
|fifo_SA_O_58_write               |  out|    1|     ap_fifo|      fifo_SA_O_58|       pointer|
|fifo_SA_O_59_din                 |  out|   32|     ap_fifo|      fifo_SA_O_59|       pointer|
|fifo_SA_O_59_num_data_valid      |   in|    5|     ap_fifo|      fifo_SA_O_59|       pointer|
|fifo_SA_O_59_fifo_cap            |   in|    5|     ap_fifo|      fifo_SA_O_59|       pointer|
|fifo_SA_O_59_full_n              |   in|    1|     ap_fifo|      fifo_SA_O_59|       pointer|
|fifo_SA_O_59_write               |  out|    1|     ap_fifo|      fifo_SA_O_59|       pointer|
|fifo_SA_O_60_din                 |  out|   32|     ap_fifo|      fifo_SA_O_60|       pointer|
|fifo_SA_O_60_num_data_valid      |   in|    5|     ap_fifo|      fifo_SA_O_60|       pointer|
|fifo_SA_O_60_fifo_cap            |   in|    5|     ap_fifo|      fifo_SA_O_60|       pointer|
|fifo_SA_O_60_full_n              |   in|    1|     ap_fifo|      fifo_SA_O_60|       pointer|
|fifo_SA_O_60_write               |  out|    1|     ap_fifo|      fifo_SA_O_60|       pointer|
|fifo_SA_O_61_din                 |  out|   32|     ap_fifo|      fifo_SA_O_61|       pointer|
|fifo_SA_O_61_num_data_valid      |   in|    5|     ap_fifo|      fifo_SA_O_61|       pointer|
|fifo_SA_O_61_fifo_cap            |   in|    5|     ap_fifo|      fifo_SA_O_61|       pointer|
|fifo_SA_O_61_full_n              |   in|    1|     ap_fifo|      fifo_SA_O_61|       pointer|
|fifo_SA_O_61_write               |  out|    1|     ap_fifo|      fifo_SA_O_61|       pointer|
|fifo_SA_O_62_din                 |  out|   32|     ap_fifo|      fifo_SA_O_62|       pointer|
|fifo_SA_O_62_num_data_valid      |   in|    5|     ap_fifo|      fifo_SA_O_62|       pointer|
|fifo_SA_O_62_fifo_cap            |   in|    5|     ap_fifo|      fifo_SA_O_62|       pointer|
|fifo_SA_O_62_full_n              |   in|    1|     ap_fifo|      fifo_SA_O_62|       pointer|
|fifo_SA_O_62_write               |  out|    1|     ap_fifo|      fifo_SA_O_62|       pointer|
|fifo_SA_O_63_din                 |  out|   32|     ap_fifo|      fifo_SA_O_63|       pointer|
|fifo_SA_O_63_num_data_valid      |   in|    5|     ap_fifo|      fifo_SA_O_63|       pointer|
|fifo_SA_O_63_fifo_cap            |   in|    5|     ap_fifo|      fifo_SA_O_63|       pointer|
|fifo_SA_O_63_full_n              |   in|    1|     ap_fifo|      fifo_SA_O_63|       pointer|
|fifo_SA_O_63_write               |  out|    1|     ap_fifo|      fifo_SA_O_63|       pointer|
|num_a_sa_2_loc_dout              |   in|   32|     ap_fifo|    num_a_sa_2_loc|       pointer|
|num_a_sa_2_loc_num_data_valid    |   in|    3|     ap_fifo|    num_a_sa_2_loc|       pointer|
|num_a_sa_2_loc_fifo_cap          |   in|    3|     ap_fifo|    num_a_sa_2_loc|       pointer|
|num_a_sa_2_loc_empty_n           |   in|    1|     ap_fifo|    num_a_sa_2_loc|       pointer|
|num_a_sa_2_loc_read              |  out|    1|     ap_fifo|    num_a_sa_2_loc|       pointer|
|p_read                           |   in|   32|     ap_none|            p_read|        scalar|
|mode_dout                        |   in|    1|     ap_fifo|              mode|       pointer|
|mode_num_data_valid              |   in|    3|     ap_fifo|              mode|       pointer|
|mode_fifo_cap                    |   in|    3|     ap_fifo|              mode|       pointer|
|mode_empty_n                     |   in|    1|     ap_fifo|              mode|       pointer|
|mode_read                        |  out|    1|     ap_fifo|              mode|       pointer|
|out_c_1_loc_c40_din              |  out|   32|     ap_fifo|   out_c_1_loc_c40|       pointer|
|out_c_1_loc_c40_num_data_valid   |   in|    3|     ap_fifo|   out_c_1_loc_c40|       pointer|
|out_c_1_loc_c40_fifo_cap         |   in|    3|     ap_fifo|   out_c_1_loc_c40|       pointer|
|out_c_1_loc_c40_full_n           |   in|    1|     ap_fifo|   out_c_1_loc_c40|       pointer|
|out_c_1_loc_c40_write            |  out|    1|     ap_fifo|   out_c_1_loc_c40|       pointer|
|num_a_sa_2_loc_c_din             |  out|   32|     ap_fifo|  num_a_sa_2_loc_c|       pointer|
|num_a_sa_2_loc_c_num_data_valid  |   in|    3|     ap_fifo|  num_a_sa_2_loc_c|       pointer|
|num_a_sa_2_loc_c_fifo_cap        |   in|    3|     ap_fifo|  num_a_sa_2_loc_c|       pointer|
|num_a_sa_2_loc_c_full_n          |   in|    1|     ap_fifo|  num_a_sa_2_loc_c|       pointer|
|num_a_sa_2_loc_c_write           |  out|    1|     ap_fifo|  num_a_sa_2_loc_c|       pointer|
|mode_c65_din                     |  out|    1|     ap_fifo|          mode_c65|       pointer|
|mode_c65_num_data_valid          |   in|    3|     ap_fifo|          mode_c65|       pointer|
|mode_c65_fifo_cap                |   in|    3|     ap_fifo|          mode_c65|       pointer|
|mode_c65_full_n                  |   in|    1|     ap_fifo|          mode_c65|       pointer|
|mode_c65_write                   |  out|    1|     ap_fifo|          mode_c65|       pointer|
+---------------------------------+-----+-----+------------+------------------+--------------+

