

================================================================
== Vitis HLS Report for 'ConvertToOutStream_Pipeline_VITIS_LOOP_592_5_VITIS_LOOP_595_6_VITIS_LOOP_598_7_V'
================================================================
* Date:           Mon Mar 10 15:36:54 2025

* Version:        2023.2 (Build 4023990 on Oct 11 2023)
* Project:        SDA
* Solution:       solution1 (Vivado IP Flow Target)
* Product family: virtexuplusHBM
* Target device:  xcvu35p_CIV-fsvh2892-3-e


================================================================
== Performance Estimates
================================================================
+ Timing: 
    * Summary: 
    +--------+----------+----------+------------+
    |  Clock |  Target  | Estimated| Uncertainty|
    +--------+----------+----------+------------+
    |ap_clk  |  10.00 ns|  3.665 ns|     2.70 ns|
    +--------+----------+----------+------------+

+ Latency: 
    * Summary: 
    +---------+---------+----------+----------+-----+-----+---------+
    |  Latency (cycles) |  Latency (absolute) |  Interval | Pipeline|
    |   min   |   max   |    min   |    max   | min | max |   Type  |
    +---------+---------+----------+----------+-----+-----+---------+
    |      258|      258|  2.580 us|  2.580 us|  258|  258|       no|
    +---------+---------+----------+----------+-----+-----+---------+

    + Detail: 
        * Instance: 
        N/A

        * Loop: 
        +----------------------------------------------------------------------------------------------------------+---------+---------+----------+-----------+-----------+------+----------+
        |                                                                                                          |  Latency (cycles) | Iteration|  Initiation Interval  | Trip |          |
        |                                                 Loop Name                                                |   min   |   max   |  Latency |  achieved |   target  | Count| Pipelined|
        +----------------------------------------------------------------------------------------------------------+---------+---------+----------+-----------+-----------+------+----------+
        |- VITIS_LOOP_592_5_VITIS_LOOP_595_6_VITIS_LOOP_598_7_VITIS_LOOP_600_8_VITIS_LOOP_602_9_VITIS_LOOP_604_10  |      256|      256|         2|          1|          1|   256|       yes|
        +----------------------------------------------------------------------------------------------------------+---------+---------+----------+-----------+-----------+------+----------+



================================================================
== Utilization Estimates
================================================================
* Summary: 
+---------------------+---------+------+---------+--------+-----+
|         Name        | BRAM_18K|  DSP |    FF   |   LUT  | URAM|
+---------------------+---------+------+---------+--------+-----+
|DSP                  |        -|     -|        -|       -|    -|
|Expression           |        -|     -|        0|     748|    -|
|FIFO                 |        -|     -|        -|       -|    -|
|Instance             |        -|     -|        -|       -|    -|
|Memory               |        -|     -|        -|       -|    -|
|Multiplexer          |        -|     -|        -|    1098|    -|
|Register             |        -|     -|      185|       -|    -|
+---------------------+---------+------+---------+--------+-----+
|Total                |        0|     0|      185|    1846|    0|
+---------------------+---------+------+---------+--------+-----+
|Available SLR        |     1344|  2976|   871680|  435840|  320|
+---------------------+---------+------+---------+--------+-----+
|Utilization SLR (%)  |        0|     0|       ~0|      ~0|    0|
+---------------------+---------+------+---------+--------+-----+
|Available            |     2688|  5952|  1743360|  871680|  640|
+---------------------+---------+------+---------+--------+-----+
|Utilization (%)      |        0|     0|       ~0|      ~0|    0|
+---------------------+---------+------+---------+--------+-----+

+ Detail: 
    * Instance: 
    N/A

    * DSP: 
    N/A

    * Memory: 
    N/A

    * FIFO: 
    N/A

    * Expression: 
    +----------------------------------+----------+----+---+----+------------+------------+
    |           Variable Name          | Operation| DSP| FF| LUT| Bitwidth P0| Bitwidth P1|
    +----------------------------------+----------+----+---+----+------------+------------+
    |add_ln592_fu_1083_p2              |         +|   0|  0|  71|          64|           1|
    |add_ln595_fu_1391_p2              |         +|   0|  0|  44|          37|           1|
    |add_ln598_1_fu_1377_p2            |         +|   0|  0|  17|          10|           1|
    |add_ln598_fu_1195_p2              |         +|   0|  0|  10|           3|           1|
    |add_ln600_fu_1357_p2              |         +|   0|  0|  15|           8|           1|
    |add_ln602_1_fu_1343_p2            |         +|   0|  0|  13|           6|           1|
    |add_ln602_fu_1277_p2              |         +|   0|  0|  10|           3|           1|
    |add_ln604_fu_1337_p2              |         +|   0|  0|  10|           3|           1|
    |and_ln592_1_fu_1177_p2            |       and|   0|  0|   2|           1|           1|
    |and_ln592_2_fu_1127_p2            |       and|   0|  0|   2|           1|           1|
    |and_ln592_3_fu_1139_p2            |       and|   0|  0|   2|           1|           1|
    |and_ln592_fu_1171_p2              |       and|   0|  0|   2|           1|           1|
    |and_ln595_1_fu_1183_p2            |       and|   0|  0|   2|           1|           1|
    |and_ln595_2_fu_1189_p2            |       and|   0|  0|   2|           1|           1|
    |and_ln595_fu_1213_p2              |       and|   0|  0|   2|           1|           1|
    |and_ln598_1_fu_1219_p2            |       and|   0|  0|   2|           1|           1|
    |and_ln598_fu_1265_p2              |       and|   0|  0|   2|           1|           1|
    |and_ln600_fu_1271_p2              |       and|   0|  0|   2|           1|           1|
    |ap_block_pp0_stage0_01001         |       and|   0|  0|   2|           1|           1|
    |ap_condition_1755                 |       and|   0|  0|   2|           1|           1|
    |ap_condition_1758                 |       and|   0|  0|   2|           1|           1|
    |ap_condition_1761                 |       and|   0|  0|   2|           1|           1|
    |ap_condition_1764                 |       and|   0|  0|   2|           1|           1|
    |ap_condition_1768                 |       and|   0|  0|   2|           1|           1|
    |ap_condition_1772                 |       and|   0|  0|   2|           1|           1|
    |ap_condition_1776                 |       and|   0|  0|   2|           1|           1|
    |ap_condition_1779                 |       and|   0|  0|   2|           1|           1|
    |ap_condition_1782                 |       and|   0|  0|   2|           1|           1|
    |ap_condition_1785                 |       and|   0|  0|   2|           1|           1|
    |ap_condition_1788                 |       and|   0|  0|   2|           1|           1|
    |ap_condition_1791                 |       and|   0|  0|   2|           1|           1|
    |ap_condition_1794                 |       and|   0|  0|   2|           1|           1|
    |ap_condition_1797                 |       and|   0|  0|   2|           1|           1|
    |ap_condition_1800                 |       and|   0|  0|   2|           1|           1|
    |ap_condition_1803                 |       and|   0|  0|   2|           1|           1|
    |ap_condition_1807                 |       and|   0|  0|   2|           1|           1|
    |ap_condition_1811                 |       and|   0|  0|   2|           1|           1|
    |ap_condition_1815                 |       and|   0|  0|   2|           1|           1|
    |ap_condition_1818                 |       and|   0|  0|   2|           1|           1|
    |ap_condition_1821                 |       and|   0|  0|   2|           1|           1|
    |ap_condition_1824                 |       and|   0|  0|   2|           1|           1|
    |ap_condition_1827                 |       and|   0|  0|   2|           1|           1|
    |ap_condition_1830                 |       and|   0|  0|   2|           1|           1|
    |ap_condition_1833                 |       and|   0|  0|   2|           1|           1|
    |ap_condition_1836                 |       and|   0|  0|   2|           1|           1|
    |ap_condition_1839                 |       and|   0|  0|   2|           1|           1|
    |ap_condition_1842                 |       and|   0|  0|   2|           1|           1|
    |ap_condition_1846                 |       and|   0|  0|   2|           1|           1|
    |ap_condition_1850                 |       and|   0|  0|   2|           1|           1|
    |ap_condition_1854                 |       and|   0|  0|   2|           1|           1|
    |ap_condition_1858                 |       and|   0|  0|   2|           1|           1|
    |ap_condition_1862                 |       and|   0|  0|   2|           1|           1|
    |ap_condition_1866                 |       and|   0|  0|   2|           1|           1|
    |ap_condition_1870                 |       and|   0|  0|   2|           1|           1|
    |ap_condition_1874                 |       and|   0|  0|   2|           1|           1|
    |ap_condition_1878                 |       and|   0|  0|   2|           1|           1|
    |ap_condition_1881                 |       and|   0|  0|   2|           1|           1|
    |ap_condition_1884                 |       and|   0|  0|   2|           1|           1|
    |ap_condition_1887                 |       and|   0|  0|   2|           1|           1|
    |ap_condition_1890                 |       and|   0|  0|   2|           1|           1|
    |ap_condition_1893                 |       and|   0|  0|   2|           1|           1|
    |ap_condition_1896                 |       and|   0|  0|   2|           1|           1|
    |ap_condition_1899                 |       and|   0|  0|   2|           1|           1|
    |ap_condition_1902                 |       and|   0|  0|   2|           1|           1|
    |ap_condition_1905                 |       and|   0|  0|   2|           1|           1|
    |ap_condition_1908                 |       and|   0|  0|   2|           1|           1|
    |ap_condition_1911                 |       and|   0|  0|   2|           1|           1|
    |ap_condition_1914                 |       and|   0|  0|   2|           1|           1|
    |ap_condition_1917                 |       and|   0|  0|   2|           1|           1|
    |ap_condition_1920                 |       and|   0|  0|   2|           1|           1|
    |ap_condition_1923                 |       and|   0|  0|   2|           1|           1|
    |ap_condition_1926                 |       and|   0|  0|   2|           1|           1|
    |ap_condition_1929                 |       and|   0|  0|   2|           1|           1|
    |ap_condition_1932                 |       and|   0|  0|   2|           1|           1|
    |ap_condition_1935                 |       and|   0|  0|   2|           1|           1|
    |ap_condition_1938                 |       and|   0|  0|   2|           1|           1|
    |ap_condition_1941                 |       and|   0|  0|   2|           1|           1|
    |ap_condition_1944                 |       and|   0|  0|   2|           1|           1|
    |ap_condition_1947                 |       and|   0|  0|   2|           1|           1|
    |ap_condition_1950                 |       and|   0|  0|   2|           1|           1|
    |ap_condition_1953                 |       and|   0|  0|   2|           1|           1|
    |ap_condition_1956                 |       and|   0|  0|   2|           1|           1|
    |ap_condition_1959                 |       and|   0|  0|   2|           1|           1|
    |ap_predicate_op199_read_state3    |       and|   0|  0|   2|           1|           1|
    |ap_predicate_op201_read_state3    |       and|   0|  0|   2|           1|           1|
    |ap_predicate_op203_read_state3    |       and|   0|  0|   2|           1|           1|
    |ap_predicate_op205_read_state3    |       and|   0|  0|   2|           1|           1|
    |ap_predicate_op207_read_state3    |       and|   0|  0|   2|           1|           1|
    |ap_predicate_op209_read_state3    |       and|   0|  0|   2|           1|           1|
    |ap_predicate_op211_read_state3    |       and|   0|  0|   2|           1|           1|
    |ap_predicate_op213_read_state3    |       and|   0|  0|   2|           1|           1|
    |ap_predicate_op215_read_state3    |       and|   0|  0|   2|           1|           1|
    |ap_predicate_op217_read_state3    |       and|   0|  0|   2|           1|           1|
    |ap_predicate_op219_read_state3    |       and|   0|  0|   2|           1|           1|
    |ap_predicate_op221_read_state3    |       and|   0|  0|   2|           1|           1|
    |ap_predicate_op223_read_state3    |       and|   0|  0|   2|           1|           1|
    |ap_predicate_op225_read_state3    |       and|   0|  0|   2|           1|           1|
    |ap_predicate_op227_read_state3    |       and|   0|  0|   2|           1|           1|
    |ap_predicate_op229_read_state3    |       and|   0|  0|   2|           1|           1|
    |ap_predicate_op231_read_state3    |       and|   0|  0|   2|           1|           1|
    |ap_predicate_op233_read_state3    |       and|   0|  0|   2|           1|           1|
    |ap_predicate_op235_read_state3    |       and|   0|  0|   2|           1|           1|
    |ap_predicate_op237_read_state3    |       and|   0|  0|   2|           1|           1|
    |ap_predicate_op239_read_state3    |       and|   0|  0|   2|           1|           1|
    |ap_predicate_op241_read_state3    |       and|   0|  0|   2|           1|           1|
    |ap_predicate_op243_read_state3    |       and|   0|  0|   2|           1|           1|
    |ap_predicate_op245_read_state3    |       and|   0|  0|   2|           1|           1|
    |ap_predicate_op247_read_state3    |       and|   0|  0|   2|           1|           1|
    |ap_predicate_op249_read_state3    |       and|   0|  0|   2|           1|           1|
    |ap_predicate_op251_read_state3    |       and|   0|  0|   2|           1|           1|
    |ap_predicate_op253_read_state3    |       and|   0|  0|   2|           1|           1|
    |ap_predicate_op255_read_state3    |       and|   0|  0|   2|           1|           1|
    |ap_predicate_op257_read_state3    |       and|   0|  0|   2|           1|           1|
    |ap_predicate_op259_read_state3    |       and|   0|  0|   2|           1|           1|
    |ap_predicate_op261_read_state3    |       and|   0|  0|   2|           1|           1|
    |ap_predicate_op263_read_state3    |       and|   0|  0|   2|           1|           1|
    |ap_predicate_op265_read_state3    |       and|   0|  0|   2|           1|           1|
    |ap_predicate_op267_read_state3    |       and|   0|  0|   2|           1|           1|
    |ap_predicate_op269_read_state3    |       and|   0|  0|   2|           1|           1|
    |ap_predicate_op271_read_state3    |       and|   0|  0|   2|           1|           1|
    |ap_predicate_op273_read_state3    |       and|   0|  0|   2|           1|           1|
    |ap_predicate_op275_read_state3    |       and|   0|  0|   2|           1|           1|
    |ap_predicate_op277_read_state3    |       and|   0|  0|   2|           1|           1|
    |ap_predicate_op279_read_state3    |       and|   0|  0|   2|           1|           1|
    |ap_predicate_op281_read_state3    |       and|   0|  0|   2|           1|           1|
    |ap_predicate_op283_read_state3    |       and|   0|  0|   2|           1|           1|
    |ap_predicate_op285_read_state3    |       and|   0|  0|   2|           1|           1|
    |ap_predicate_op287_read_state3    |       and|   0|  0|   2|           1|           1|
    |ap_predicate_op289_read_state3    |       and|   0|  0|   2|           1|           1|
    |ap_predicate_op291_read_state3    |       and|   0|  0|   2|           1|           1|
    |ap_predicate_op293_read_state3    |       and|   0|  0|   2|           1|           1|
    |ap_predicate_op295_read_state3    |       and|   0|  0|   2|           1|           1|
    |ap_predicate_op297_read_state3    |       and|   0|  0|   2|           1|           1|
    |ap_predicate_op299_read_state3    |       and|   0|  0|   2|           1|           1|
    |ap_predicate_op301_read_state3    |       and|   0|  0|   2|           1|           1|
    |ap_predicate_op303_read_state3    |       and|   0|  0|   2|           1|           1|
    |ap_predicate_op305_read_state3    |       and|   0|  0|   2|           1|           1|
    |ap_predicate_op307_read_state3    |       and|   0|  0|   2|           1|           1|
    |ap_predicate_op309_read_state3    |       and|   0|  0|   2|           1|           1|
    |ap_predicate_op311_read_state3    |       and|   0|  0|   2|           1|           1|
    |ap_predicate_op313_read_state3    |       and|   0|  0|   2|           1|           1|
    |ap_predicate_op315_read_state3    |       and|   0|  0|   2|           1|           1|
    |ap_predicate_op317_read_state3    |       and|   0|  0|   2|           1|           1|
    |ap_predicate_op319_read_state3    |       and|   0|  0|   2|           1|           1|
    |ap_predicate_op321_read_state3    |       and|   0|  0|   2|           1|           1|
    |ap_predicate_op323_read_state3    |       and|   0|  0|   2|           1|           1|
    |ap_predicate_op325_read_state3    |       and|   0|  0|   2|           1|           1|
    |icmp_ln592_fu_1078_p2             |      icmp|   0|  0|  71|          64|          64|
    |icmp_ln595_fu_1098_p2             |      icmp|   0|  0|  44|          37|          37|
    |icmp_ln598_fu_1133_p2             |      icmp|   0|  0|  17|          10|           9|
    |icmp_ln600_fu_1121_p2             |      icmp|   0|  0|  15|           8|           7|
    |icmp_ln602_fu_1115_p2             |      icmp|   0|  0|  13|           6|           5|
    |icmp_ln604_fu_1109_p2             |      icmp|   0|  0|  12|           3|           4|
    |ap_block_state3_pp0_stage0_iter2  |        or|   0|  0|   2|           1|           1|
    |or_ln595_1_fu_1165_p2             |        or|   0|  0|   2|           1|           1|
    |or_ln595_fu_1145_p2               |        or|   0|  0|   2|           1|           1|
    |or_ln598_fu_1201_p2               |        or|   0|  0|   2|           1|           1|
    |or_ln600_1_fu_1259_p2             |        or|   0|  0|   2|           1|           1|
    |or_ln600_2_fu_1239_p2             |        or|   0|  0|   2|           1|           1|
    |or_ln600_3_fu_1363_p2             |        or|   0|  0|   2|           1|           1|
    |or_ln600_fu_1233_p2               |        or|   0|  0|   2|           1|           1|
    |or_ln602_1_fu_1283_p2             |        or|   0|  0|   2|           1|           1|
    |or_ln602_2_fu_1295_p2             |        or|   0|  0|   2|           1|           1|
    |or_ln602_fu_1289_p2               |        or|   0|  0|   2|           1|           1|
    |select_ln595_1_fu_1397_p3         |    select|   0|  0|  37|           1|           1|
    |select_ln595_fu_1151_p3           |    select|   0|  0|   3|           1|           1|
    |select_ln598_1_fu_1383_p3         |    select|   0|  0|  10|           1|           1|
    |select_ln598_fu_1225_p3           |    select|   0|  0|   3|           1|           3|
    |select_ln600_1_fu_1369_p3         |    select|   0|  0|   8|           1|           1|
    |select_ln600_fu_1245_p3           |    select|   0|  0|   3|           1|           1|
    |select_ln602_1_fu_1309_p3         |    select|   0|  0|   3|           1|           3|
    |select_ln602_2_fu_1349_p3         |    select|   0|  0|   6|           1|           1|
    |select_ln602_fu_1301_p3           |    select|   0|  0|   3|           1|           1|
    |ap_enable_pp0                     |       xor|   0|  0|   2|           1|           2|
    |xor_ln592_fu_1103_p2              |       xor|   0|  0|   2|           1|           2|
    |xor_ln595_fu_1159_p2              |       xor|   0|  0|   2|           1|           2|
    |xor_ln598_fu_1207_p2              |       xor|   0|  0|   2|           2|           1|
    |xor_ln600_fu_1253_p2              |       xor|   0|  0|   2|           2|           1|
    +----------------------------------+----------+----+---+----+------------+------------+
    |Total                             |          |   0|  0| 748|         428|         305|
    +----------------------------------+----------+----+---+----+------------+------------+

    * Multiplexer: 
    +--------------------------------+-----+-----------+-----+-----------+
    |              Name              | LUT | Input Size| Bits| Total Bits|
    +--------------------------------+-----+-----------+-----+-----------+
    |MM_OUT_10_blk_n                 |    9|          2|    1|          2|
    |MM_OUT_11_blk_n                 |    9|          2|    1|          2|
    |MM_OUT_12_blk_n                 |    9|          2|    1|          2|
    |MM_OUT_13_blk_n                 |    9|          2|    1|          2|
    |MM_OUT_14_blk_n                 |    9|          2|    1|          2|
    |MM_OUT_15_blk_n                 |    9|          2|    1|          2|
    |MM_OUT_1_blk_n                  |    9|          2|    1|          2|
    |MM_OUT_2_blk_n                  |    9|          2|    1|          2|
    |MM_OUT_3_blk_n                  |    9|          2|    1|          2|
    |MM_OUT_4_blk_n                  |    9|          2|    1|          2|
    |MM_OUT_5_blk_n                  |    9|          2|    1|          2|
    |MM_OUT_6_blk_n                  |    9|          2|    1|          2|
    |MM_OUT_7_blk_n                  |    9|          2|    1|          2|
    |MM_OUT_8_blk_n                  |    9|          2|    1|          2|
    |MM_OUT_9_blk_n                  |    9|          2|    1|          2|
    |MM_OUT_blk_n                    |    9|          2|    1|          2|
    |ap_done_int                     |    9|          2|    1|          2|
    |ap_enable_reg_pp0_iter1         |    9|          2|    1|          2|
    |ap_enable_reg_pp0_iter2         |    9|          2|    1|          2|
    |ap_phi_mux_p_0_phi_fu_809_p128  |  279|         65|   32|       2080|
    |c_fu_270                        |    9|          2|    3|          6|
    |fifo_SA_O_10_blk_n              |    9|          2|    1|          2|
    |fifo_SA_O_11_blk_n              |    9|          2|    1|          2|
    |fifo_SA_O_12_blk_n              |    9|          2|    1|          2|
    |fifo_SA_O_13_blk_n              |    9|          2|    1|          2|
    |fifo_SA_O_14_blk_n              |    9|          2|    1|          2|
    |fifo_SA_O_15_blk_n              |    9|          2|    1|          2|
    |fifo_SA_O_16_blk_n              |    9|          2|    1|          2|
    |fifo_SA_O_17_blk_n              |    9|          2|    1|          2|
    |fifo_SA_O_18_blk_n              |    9|          2|    1|          2|
    |fifo_SA_O_19_blk_n              |    9|          2|    1|          2|
    |fifo_SA_O_1_blk_n               |    9|          2|    1|          2|
    |fifo_SA_O_20_blk_n              |    9|          2|    1|          2|
    |fifo_SA_O_21_blk_n              |    9|          2|    1|          2|
    |fifo_SA_O_22_blk_n              |    9|          2|    1|          2|
    |fifo_SA_O_23_blk_n              |    9|          2|    1|          2|
    |fifo_SA_O_24_blk_n              |    9|          2|    1|          2|
    |fifo_SA_O_25_blk_n              |    9|          2|    1|          2|
    |fifo_SA_O_26_blk_n              |    9|          2|    1|          2|
    |fifo_SA_O_27_blk_n              |    9|          2|    1|          2|
    |fifo_SA_O_28_blk_n              |    9|          2|    1|          2|
    |fifo_SA_O_29_blk_n              |    9|          2|    1|          2|
    |fifo_SA_O_2_blk_n               |    9|          2|    1|          2|
    |fifo_SA_O_30_blk_n              |    9|          2|    1|          2|
    |fifo_SA_O_31_blk_n              |    9|          2|    1|          2|
    |fifo_SA_O_32_blk_n              |    9|          2|    1|          2|
    |fifo_SA_O_33_blk_n              |    9|          2|    1|          2|
    |fifo_SA_O_34_blk_n              |    9|          2|    1|          2|
    |fifo_SA_O_35_blk_n              |    9|          2|    1|          2|
    |fifo_SA_O_36_blk_n              |    9|          2|    1|          2|
    |fifo_SA_O_37_blk_n              |    9|          2|    1|          2|
    |fifo_SA_O_38_blk_n              |    9|          2|    1|          2|
    |fifo_SA_O_39_blk_n              |    9|          2|    1|          2|
    |fifo_SA_O_3_blk_n               |    9|          2|    1|          2|
    |fifo_SA_O_40_blk_n              |    9|          2|    1|          2|
    |fifo_SA_O_41_blk_n              |    9|          2|    1|          2|
    |fifo_SA_O_42_blk_n              |    9|          2|    1|          2|
    |fifo_SA_O_43_blk_n              |    9|          2|    1|          2|
    |fifo_SA_O_44_blk_n              |    9|          2|    1|          2|
    |fifo_SA_O_45_blk_n              |    9|          2|    1|          2|
    |fifo_SA_O_46_blk_n              |    9|          2|    1|          2|
    |fifo_SA_O_47_blk_n              |    9|          2|    1|          2|
    |fifo_SA_O_48_blk_n              |    9|          2|    1|          2|
    |fifo_SA_O_49_blk_n              |    9|          2|    1|          2|
    |fifo_SA_O_4_blk_n               |    9|          2|    1|          2|
    |fifo_SA_O_50_blk_n              |    9|          2|    1|          2|
    |fifo_SA_O_51_blk_n              |    9|          2|    1|          2|
    |fifo_SA_O_52_blk_n              |    9|          2|    1|          2|
    |fifo_SA_O_53_blk_n              |    9|          2|    1|          2|
    |fifo_SA_O_54_blk_n              |    9|          2|    1|          2|
    |fifo_SA_O_55_blk_n              |    9|          2|    1|          2|
    |fifo_SA_O_56_blk_n              |    9|          2|    1|          2|
    |fifo_SA_O_57_blk_n              |    9|          2|    1|          2|
    |fifo_SA_O_58_blk_n              |    9|          2|    1|          2|
    |fifo_SA_O_59_blk_n              |    9|          2|    1|          2|
    |fifo_SA_O_5_blk_n               |    9|          2|    1|          2|
    |fifo_SA_O_60_blk_n              |    9|          2|    1|          2|
    |fifo_SA_O_61_blk_n              |    9|          2|    1|          2|
    |fifo_SA_O_62_blk_n              |    9|          2|    1|          2|
    |fifo_SA_O_63_blk_n              |    9|          2|    1|          2|
    |fifo_SA_O_6_blk_n               |    9|          2|    1|          2|
    |fifo_SA_O_7_blk_n               |    9|          2|    1|          2|
    |fifo_SA_O_8_blk_n               |    9|          2|    1|          2|
    |fifo_SA_O_9_blk_n               |    9|          2|    1|          2|
    |fifo_SA_O_blk_n                 |    9|          2|    1|          2|
    |indvar_flatten102_fu_294        |    9|          2|   64|        128|
    |indvar_flatten12_fu_278         |    9|          2|    8|         16|
    |indvar_flatten34_fu_286         |    9|          2|   10|         20|
    |indvar_flatten64_fu_290         |    9|          2|   37|         74|
    |indvar_flatten_fu_274           |    9|          2|    6|         12|
    |r_fu_282                        |    9|          2|    3|          6|
    |y_fu_266                        |    9|          2|    3|          6|
    +--------------------------------+-----+-----------+-----+-----------+
    |Total                           | 1098|        247|  249|       2514|
    +--------------------------------+-----+-----------+-----+-----------+

    * Register: 
    +--------------------------+----+----+-----+-----------+
    |           Name           | FF | LUT| Bits| Const Bits|
    +--------------------------+----+----+-----+-----------+
    |ap_CS_fsm                 |   1|   0|    1|          0|
    |ap_done_reg               |   1|   0|    1|          0|
    |ap_enable_reg_pp0_iter1   |   1|   0|    1|          0|
    |ap_enable_reg_pp0_iter2   |   1|   0|    1|          0|
    |bound39_cast_reg_1506     |  36|   0|   37|          1|
    |c_fu_270                  |   3|   0|    3|          0|
    |icmp_ln592_reg_1511       |   1|   0|    1|          0|
    |indvar_flatten102_fu_294  |  64|   0|   64|          0|
    |indvar_flatten12_fu_278   |   8|   0|    8|          0|
    |indvar_flatten34_fu_286   |  10|   0|   10|          0|
    |indvar_flatten64_fu_290   |  37|   0|   37|          0|
    |indvar_flatten_fu_274     |   6|   0|    6|          0|
    |or_ln_reg_1527            |   4|   0|    4|          0|
    |r_fu_282                  |   3|   0|    3|          0|
    |trunc_ln598_reg_1515      |   2|   0|    2|          0|
    |trunc_ln602_reg_1519      |   2|   0|    2|          0|
    |trunc_ln604_reg_1523      |   2|   0|    2|          0|
    |y_fu_266                  |   3|   0|    3|          0|
    +--------------------------+----+----+-----+-----------+
    |Total                     | 185|   0|  186|          1|
    +--------------------------+----+----+-----+-----------+



================================================================
== Interface
================================================================
* Summary: 
+-----------------------------+-----+-----+------------+----------------------------------------------------------------------------------+--------------+
|          RTL Ports          | Dir | Bits|  Protocol  |                                   Source Object                                  |    C Type    |
+-----------------------------+-----+-----+------------+----------------------------------------------------------------------------------+--------------+
|ap_clk                       |   in|    1|  ap_ctrl_hs|  ConvertToOutStream_Pipeline_VITIS_LOOP_592_5_VITIS_LOOP_595_6_VITIS_LOOP_598_7_V|  return value|
|ap_rst                       |   in|    1|  ap_ctrl_hs|  ConvertToOutStream_Pipeline_VITIS_LOOP_592_5_VITIS_LOOP_595_6_VITIS_LOOP_598_7_V|  return value|
|ap_start                     |   in|    1|  ap_ctrl_hs|  ConvertToOutStream_Pipeline_VITIS_LOOP_592_5_VITIS_LOOP_595_6_VITIS_LOOP_598_7_V|  return value|
|ap_done                      |  out|    1|  ap_ctrl_hs|  ConvertToOutStream_Pipeline_VITIS_LOOP_592_5_VITIS_LOOP_595_6_VITIS_LOOP_598_7_V|  return value|
|ap_idle                      |  out|    1|  ap_ctrl_hs|  ConvertToOutStream_Pipeline_VITIS_LOOP_592_5_VITIS_LOOP_595_6_VITIS_LOOP_598_7_V|  return value|
|ap_ready                     |  out|    1|  ap_ctrl_hs|  ConvertToOutStream_Pipeline_VITIS_LOOP_592_5_VITIS_LOOP_595_6_VITIS_LOOP_598_7_V|  return value|
|fifo_SA_O_42_dout            |   in|   32|     ap_fifo|                                                                      fifo_SA_O_42|       pointer|
|fifo_SA_O_42_num_data_valid  |   in|    5|     ap_fifo|                                                                      fifo_SA_O_42|       pointer|
|fifo_SA_O_42_fifo_cap        |   in|    5|     ap_fifo|                                                                      fifo_SA_O_42|       pointer|
|fifo_SA_O_42_empty_n         |   in|    1|     ap_fifo|                                                                      fifo_SA_O_42|       pointer|
|fifo_SA_O_42_read            |  out|    1|     ap_fifo|                                                                      fifo_SA_O_42|       pointer|
|fifo_SA_O_41_dout            |   in|   32|     ap_fifo|                                                                      fifo_SA_O_41|       pointer|
|fifo_SA_O_41_num_data_valid  |   in|    5|     ap_fifo|                                                                      fifo_SA_O_41|       pointer|
|fifo_SA_O_41_fifo_cap        |   in|    5|     ap_fifo|                                                                      fifo_SA_O_41|       pointer|
|fifo_SA_O_41_empty_n         |   in|    1|     ap_fifo|                                                                      fifo_SA_O_41|       pointer|
|fifo_SA_O_41_read            |  out|    1|     ap_fifo|                                                                      fifo_SA_O_41|       pointer|
|fifo_SA_O_40_dout            |   in|   32|     ap_fifo|                                                                      fifo_SA_O_40|       pointer|
|fifo_SA_O_40_num_data_valid  |   in|    5|     ap_fifo|                                                                      fifo_SA_O_40|       pointer|
|fifo_SA_O_40_fifo_cap        |   in|    5|     ap_fifo|                                                                      fifo_SA_O_40|       pointer|
|fifo_SA_O_40_empty_n         |   in|    1|     ap_fifo|                                                                      fifo_SA_O_40|       pointer|
|fifo_SA_O_40_read            |  out|    1|     ap_fifo|                                                                      fifo_SA_O_40|       pointer|
|fifo_SA_O_43_dout            |   in|   32|     ap_fifo|                                                                      fifo_SA_O_43|       pointer|
|fifo_SA_O_43_num_data_valid  |   in|    5|     ap_fifo|                                                                      fifo_SA_O_43|       pointer|
|fifo_SA_O_43_fifo_cap        |   in|    5|     ap_fifo|                                                                      fifo_SA_O_43|       pointer|
|fifo_SA_O_43_empty_n         |   in|    1|     ap_fifo|                                                                      fifo_SA_O_43|       pointer|
|fifo_SA_O_43_read            |  out|    1|     ap_fifo|                                                                      fifo_SA_O_43|       pointer|
|fifo_SA_O_38_dout            |   in|   32|     ap_fifo|                                                                      fifo_SA_O_38|       pointer|
|fifo_SA_O_38_num_data_valid  |   in|    5|     ap_fifo|                                                                      fifo_SA_O_38|       pointer|
|fifo_SA_O_38_fifo_cap        |   in|    5|     ap_fifo|                                                                      fifo_SA_O_38|       pointer|
|fifo_SA_O_38_empty_n         |   in|    1|     ap_fifo|                                                                      fifo_SA_O_38|       pointer|
|fifo_SA_O_38_read            |  out|    1|     ap_fifo|                                                                      fifo_SA_O_38|       pointer|
|fifo_SA_O_37_dout            |   in|   32|     ap_fifo|                                                                      fifo_SA_O_37|       pointer|
|fifo_SA_O_37_num_data_valid  |   in|    5|     ap_fifo|                                                                      fifo_SA_O_37|       pointer|
|fifo_SA_O_37_fifo_cap        |   in|    5|     ap_fifo|                                                                      fifo_SA_O_37|       pointer|
|fifo_SA_O_37_empty_n         |   in|    1|     ap_fifo|                                                                      fifo_SA_O_37|       pointer|
|fifo_SA_O_37_read            |  out|    1|     ap_fifo|                                                                      fifo_SA_O_37|       pointer|
|fifo_SA_O_36_dout            |   in|   32|     ap_fifo|                                                                      fifo_SA_O_36|       pointer|
|fifo_SA_O_36_num_data_valid  |   in|    5|     ap_fifo|                                                                      fifo_SA_O_36|       pointer|
|fifo_SA_O_36_fifo_cap        |   in|    5|     ap_fifo|                                                                      fifo_SA_O_36|       pointer|
|fifo_SA_O_36_empty_n         |   in|    1|     ap_fifo|                                                                      fifo_SA_O_36|       pointer|
|fifo_SA_O_36_read            |  out|    1|     ap_fifo|                                                                      fifo_SA_O_36|       pointer|
|fifo_SA_O_39_dout            |   in|   32|     ap_fifo|                                                                      fifo_SA_O_39|       pointer|
|fifo_SA_O_39_num_data_valid  |   in|    5|     ap_fifo|                                                                      fifo_SA_O_39|       pointer|
|fifo_SA_O_39_fifo_cap        |   in|    5|     ap_fifo|                                                                      fifo_SA_O_39|       pointer|
|fifo_SA_O_39_empty_n         |   in|    1|     ap_fifo|                                                                      fifo_SA_O_39|       pointer|
|fifo_SA_O_39_read            |  out|    1|     ap_fifo|                                                                      fifo_SA_O_39|       pointer|
|fifo_SA_O_34_dout            |   in|   32|     ap_fifo|                                                                      fifo_SA_O_34|       pointer|
|fifo_SA_O_34_num_data_valid  |   in|    5|     ap_fifo|                                                                      fifo_SA_O_34|       pointer|
|fifo_SA_O_34_fifo_cap        |   in|    5|     ap_fifo|                                                                      fifo_SA_O_34|       pointer|
|fifo_SA_O_34_empty_n         |   in|    1|     ap_fifo|                                                                      fifo_SA_O_34|       pointer|
|fifo_SA_O_34_read            |  out|    1|     ap_fifo|                                                                      fifo_SA_O_34|       pointer|
|fifo_SA_O_33_dout            |   in|   32|     ap_fifo|                                                                      fifo_SA_O_33|       pointer|
|fifo_SA_O_33_num_data_valid  |   in|    5|     ap_fifo|                                                                      fifo_SA_O_33|       pointer|
|fifo_SA_O_33_fifo_cap        |   in|    5|     ap_fifo|                                                                      fifo_SA_O_33|       pointer|
|fifo_SA_O_33_empty_n         |   in|    1|     ap_fifo|                                                                      fifo_SA_O_33|       pointer|
|fifo_SA_O_33_read            |  out|    1|     ap_fifo|                                                                      fifo_SA_O_33|       pointer|
|fifo_SA_O_32_dout            |   in|   32|     ap_fifo|                                                                      fifo_SA_O_32|       pointer|
|fifo_SA_O_32_num_data_valid  |   in|    5|     ap_fifo|                                                                      fifo_SA_O_32|       pointer|
|fifo_SA_O_32_fifo_cap        |   in|    5|     ap_fifo|                                                                      fifo_SA_O_32|       pointer|
|fifo_SA_O_32_empty_n         |   in|    1|     ap_fifo|                                                                      fifo_SA_O_32|       pointer|
|fifo_SA_O_32_read            |  out|    1|     ap_fifo|                                                                      fifo_SA_O_32|       pointer|
|fifo_SA_O_35_dout            |   in|   32|     ap_fifo|                                                                      fifo_SA_O_35|       pointer|
|fifo_SA_O_35_num_data_valid  |   in|    5|     ap_fifo|                                                                      fifo_SA_O_35|       pointer|
|fifo_SA_O_35_fifo_cap        |   in|    5|     ap_fifo|                                                                      fifo_SA_O_35|       pointer|
|fifo_SA_O_35_empty_n         |   in|    1|     ap_fifo|                                                                      fifo_SA_O_35|       pointer|
|fifo_SA_O_35_read            |  out|    1|     ap_fifo|                                                                      fifo_SA_O_35|       pointer|
|fifo_SA_O_46_dout            |   in|   32|     ap_fifo|                                                                      fifo_SA_O_46|       pointer|
|fifo_SA_O_46_num_data_valid  |   in|    5|     ap_fifo|                                                                      fifo_SA_O_46|       pointer|
|fifo_SA_O_46_fifo_cap        |   in|    5|     ap_fifo|                                                                      fifo_SA_O_46|       pointer|
|fifo_SA_O_46_empty_n         |   in|    1|     ap_fifo|                                                                      fifo_SA_O_46|       pointer|
|fifo_SA_O_46_read            |  out|    1|     ap_fifo|                                                                      fifo_SA_O_46|       pointer|
|fifo_SA_O_45_dout            |   in|   32|     ap_fifo|                                                                      fifo_SA_O_45|       pointer|
|fifo_SA_O_45_num_data_valid  |   in|    5|     ap_fifo|                                                                      fifo_SA_O_45|       pointer|
|fifo_SA_O_45_fifo_cap        |   in|    5|     ap_fifo|                                                                      fifo_SA_O_45|       pointer|
|fifo_SA_O_45_empty_n         |   in|    1|     ap_fifo|                                                                      fifo_SA_O_45|       pointer|
|fifo_SA_O_45_read            |  out|    1|     ap_fifo|                                                                      fifo_SA_O_45|       pointer|
|fifo_SA_O_44_dout            |   in|   32|     ap_fifo|                                                                      fifo_SA_O_44|       pointer|
|fifo_SA_O_44_num_data_valid  |   in|    5|     ap_fifo|                                                                      fifo_SA_O_44|       pointer|
|fifo_SA_O_44_fifo_cap        |   in|    5|     ap_fifo|                                                                      fifo_SA_O_44|       pointer|
|fifo_SA_O_44_empty_n         |   in|    1|     ap_fifo|                                                                      fifo_SA_O_44|       pointer|
|fifo_SA_O_44_read            |  out|    1|     ap_fifo|                                                                      fifo_SA_O_44|       pointer|
|fifo_SA_O_47_dout            |   in|   32|     ap_fifo|                                                                      fifo_SA_O_47|       pointer|
|fifo_SA_O_47_num_data_valid  |   in|    5|     ap_fifo|                                                                      fifo_SA_O_47|       pointer|
|fifo_SA_O_47_fifo_cap        |   in|    5|     ap_fifo|                                                                      fifo_SA_O_47|       pointer|
|fifo_SA_O_47_empty_n         |   in|    1|     ap_fifo|                                                                      fifo_SA_O_47|       pointer|
|fifo_SA_O_47_read            |  out|    1|     ap_fifo|                                                                      fifo_SA_O_47|       pointer|
|fifo_SA_O_26_dout            |   in|   32|     ap_fifo|                                                                      fifo_SA_O_26|       pointer|
|fifo_SA_O_26_num_data_valid  |   in|    5|     ap_fifo|                                                                      fifo_SA_O_26|       pointer|
|fifo_SA_O_26_fifo_cap        |   in|    5|     ap_fifo|                                                                      fifo_SA_O_26|       pointer|
|fifo_SA_O_26_empty_n         |   in|    1|     ap_fifo|                                                                      fifo_SA_O_26|       pointer|
|fifo_SA_O_26_read            |  out|    1|     ap_fifo|                                                                      fifo_SA_O_26|       pointer|
|fifo_SA_O_25_dout            |   in|   32|     ap_fifo|                                                                      fifo_SA_O_25|       pointer|
|fifo_SA_O_25_num_data_valid  |   in|    5|     ap_fifo|                                                                      fifo_SA_O_25|       pointer|
|fifo_SA_O_25_fifo_cap        |   in|    5|     ap_fifo|                                                                      fifo_SA_O_25|       pointer|
|fifo_SA_O_25_empty_n         |   in|    1|     ap_fifo|                                                                      fifo_SA_O_25|       pointer|
|fifo_SA_O_25_read            |  out|    1|     ap_fifo|                                                                      fifo_SA_O_25|       pointer|
|fifo_SA_O_24_dout            |   in|   32|     ap_fifo|                                                                      fifo_SA_O_24|       pointer|
|fifo_SA_O_24_num_data_valid  |   in|    5|     ap_fifo|                                                                      fifo_SA_O_24|       pointer|
|fifo_SA_O_24_fifo_cap        |   in|    5|     ap_fifo|                                                                      fifo_SA_O_24|       pointer|
|fifo_SA_O_24_empty_n         |   in|    1|     ap_fifo|                                                                      fifo_SA_O_24|       pointer|
|fifo_SA_O_24_read            |  out|    1|     ap_fifo|                                                                      fifo_SA_O_24|       pointer|
|fifo_SA_O_27_dout            |   in|   32|     ap_fifo|                                                                      fifo_SA_O_27|       pointer|
|fifo_SA_O_27_num_data_valid  |   in|    5|     ap_fifo|                                                                      fifo_SA_O_27|       pointer|
|fifo_SA_O_27_fifo_cap        |   in|    5|     ap_fifo|                                                                      fifo_SA_O_27|       pointer|
|fifo_SA_O_27_empty_n         |   in|    1|     ap_fifo|                                                                      fifo_SA_O_27|       pointer|
|fifo_SA_O_27_read            |  out|    1|     ap_fifo|                                                                      fifo_SA_O_27|       pointer|
|fifo_SA_O_22_dout            |   in|   32|     ap_fifo|                                                                      fifo_SA_O_22|       pointer|
|fifo_SA_O_22_num_data_valid  |   in|    5|     ap_fifo|                                                                      fifo_SA_O_22|       pointer|
|fifo_SA_O_22_fifo_cap        |   in|    5|     ap_fifo|                                                                      fifo_SA_O_22|       pointer|
|fifo_SA_O_22_empty_n         |   in|    1|     ap_fifo|                                                                      fifo_SA_O_22|       pointer|
|fifo_SA_O_22_read            |  out|    1|     ap_fifo|                                                                      fifo_SA_O_22|       pointer|
|fifo_SA_O_21_dout            |   in|   32|     ap_fifo|                                                                      fifo_SA_O_21|       pointer|
|fifo_SA_O_21_num_data_valid  |   in|    5|     ap_fifo|                                                                      fifo_SA_O_21|       pointer|
|fifo_SA_O_21_fifo_cap        |   in|    5|     ap_fifo|                                                                      fifo_SA_O_21|       pointer|
|fifo_SA_O_21_empty_n         |   in|    1|     ap_fifo|                                                                      fifo_SA_O_21|       pointer|
|fifo_SA_O_21_read            |  out|    1|     ap_fifo|                                                                      fifo_SA_O_21|       pointer|
|fifo_SA_O_20_dout            |   in|   32|     ap_fifo|                                                                      fifo_SA_O_20|       pointer|
|fifo_SA_O_20_num_data_valid  |   in|    5|     ap_fifo|                                                                      fifo_SA_O_20|       pointer|
|fifo_SA_O_20_fifo_cap        |   in|    5|     ap_fifo|                                                                      fifo_SA_O_20|       pointer|
|fifo_SA_O_20_empty_n         |   in|    1|     ap_fifo|                                                                      fifo_SA_O_20|       pointer|
|fifo_SA_O_20_read            |  out|    1|     ap_fifo|                                                                      fifo_SA_O_20|       pointer|
|fifo_SA_O_23_dout            |   in|   32|     ap_fifo|                                                                      fifo_SA_O_23|       pointer|
|fifo_SA_O_23_num_data_valid  |   in|    5|     ap_fifo|                                                                      fifo_SA_O_23|       pointer|
|fifo_SA_O_23_fifo_cap        |   in|    5|     ap_fifo|                                                                      fifo_SA_O_23|       pointer|
|fifo_SA_O_23_empty_n         |   in|    1|     ap_fifo|                                                                      fifo_SA_O_23|       pointer|
|fifo_SA_O_23_read            |  out|    1|     ap_fifo|                                                                      fifo_SA_O_23|       pointer|
|fifo_SA_O_18_dout            |   in|   32|     ap_fifo|                                                                      fifo_SA_O_18|       pointer|
|fifo_SA_O_18_num_data_valid  |   in|    5|     ap_fifo|                                                                      fifo_SA_O_18|       pointer|
|fifo_SA_O_18_fifo_cap        |   in|    5|     ap_fifo|                                                                      fifo_SA_O_18|       pointer|
|fifo_SA_O_18_empty_n         |   in|    1|     ap_fifo|                                                                      fifo_SA_O_18|       pointer|
|fifo_SA_O_18_read            |  out|    1|     ap_fifo|                                                                      fifo_SA_O_18|       pointer|
|fifo_SA_O_17_dout            |   in|   32|     ap_fifo|                                                                      fifo_SA_O_17|       pointer|
|fifo_SA_O_17_num_data_valid  |   in|    5|     ap_fifo|                                                                      fifo_SA_O_17|       pointer|
|fifo_SA_O_17_fifo_cap        |   in|    5|     ap_fifo|                                                                      fifo_SA_O_17|       pointer|
|fifo_SA_O_17_empty_n         |   in|    1|     ap_fifo|                                                                      fifo_SA_O_17|       pointer|
|fifo_SA_O_17_read            |  out|    1|     ap_fifo|                                                                      fifo_SA_O_17|       pointer|
|fifo_SA_O_16_dout            |   in|   32|     ap_fifo|                                                                      fifo_SA_O_16|       pointer|
|fifo_SA_O_16_num_data_valid  |   in|    5|     ap_fifo|                                                                      fifo_SA_O_16|       pointer|
|fifo_SA_O_16_fifo_cap        |   in|    5|     ap_fifo|                                                                      fifo_SA_O_16|       pointer|
|fifo_SA_O_16_empty_n         |   in|    1|     ap_fifo|                                                                      fifo_SA_O_16|       pointer|
|fifo_SA_O_16_read            |  out|    1|     ap_fifo|                                                                      fifo_SA_O_16|       pointer|
|fifo_SA_O_19_dout            |   in|   32|     ap_fifo|                                                                      fifo_SA_O_19|       pointer|
|fifo_SA_O_19_num_data_valid  |   in|    5|     ap_fifo|                                                                      fifo_SA_O_19|       pointer|
|fifo_SA_O_19_fifo_cap        |   in|    5|     ap_fifo|                                                                      fifo_SA_O_19|       pointer|
|fifo_SA_O_19_empty_n         |   in|    1|     ap_fifo|                                                                      fifo_SA_O_19|       pointer|
|fifo_SA_O_19_read            |  out|    1|     ap_fifo|                                                                      fifo_SA_O_19|       pointer|
|fifo_SA_O_30_dout            |   in|   32|     ap_fifo|                                                                      fifo_SA_O_30|       pointer|
|fifo_SA_O_30_num_data_valid  |   in|    5|     ap_fifo|                                                                      fifo_SA_O_30|       pointer|
|fifo_SA_O_30_fifo_cap        |   in|    5|     ap_fifo|                                                                      fifo_SA_O_30|       pointer|
|fifo_SA_O_30_empty_n         |   in|    1|     ap_fifo|                                                                      fifo_SA_O_30|       pointer|
|fifo_SA_O_30_read            |  out|    1|     ap_fifo|                                                                      fifo_SA_O_30|       pointer|
|fifo_SA_O_29_dout            |   in|   32|     ap_fifo|                                                                      fifo_SA_O_29|       pointer|
|fifo_SA_O_29_num_data_valid  |   in|    5|     ap_fifo|                                                                      fifo_SA_O_29|       pointer|
|fifo_SA_O_29_fifo_cap        |   in|    5|     ap_fifo|                                                                      fifo_SA_O_29|       pointer|
|fifo_SA_O_29_empty_n         |   in|    1|     ap_fifo|                                                                      fifo_SA_O_29|       pointer|
|fifo_SA_O_29_read            |  out|    1|     ap_fifo|                                                                      fifo_SA_O_29|       pointer|
|fifo_SA_O_28_dout            |   in|   32|     ap_fifo|                                                                      fifo_SA_O_28|       pointer|
|fifo_SA_O_28_num_data_valid  |   in|    5|     ap_fifo|                                                                      fifo_SA_O_28|       pointer|
|fifo_SA_O_28_fifo_cap        |   in|    5|     ap_fifo|                                                                      fifo_SA_O_28|       pointer|
|fifo_SA_O_28_empty_n         |   in|    1|     ap_fifo|                                                                      fifo_SA_O_28|       pointer|
|fifo_SA_O_28_read            |  out|    1|     ap_fifo|                                                                      fifo_SA_O_28|       pointer|
|fifo_SA_O_31_dout            |   in|   32|     ap_fifo|                                                                      fifo_SA_O_31|       pointer|
|fifo_SA_O_31_num_data_valid  |   in|    5|     ap_fifo|                                                                      fifo_SA_O_31|       pointer|
|fifo_SA_O_31_fifo_cap        |   in|    5|     ap_fifo|                                                                      fifo_SA_O_31|       pointer|
|fifo_SA_O_31_empty_n         |   in|    1|     ap_fifo|                                                                      fifo_SA_O_31|       pointer|
|fifo_SA_O_31_read            |  out|    1|     ap_fifo|                                                                      fifo_SA_O_31|       pointer|
|fifo_SA_O_10_dout            |   in|   32|     ap_fifo|                                                                      fifo_SA_O_10|       pointer|
|fifo_SA_O_10_num_data_valid  |   in|    5|     ap_fifo|                                                                      fifo_SA_O_10|       pointer|
|fifo_SA_O_10_fifo_cap        |   in|    5|     ap_fifo|                                                                      fifo_SA_O_10|       pointer|
|fifo_SA_O_10_empty_n         |   in|    1|     ap_fifo|                                                                      fifo_SA_O_10|       pointer|
|fifo_SA_O_10_read            |  out|    1|     ap_fifo|                                                                      fifo_SA_O_10|       pointer|
|fifo_SA_O_9_dout             |   in|   32|     ap_fifo|                                                                       fifo_SA_O_9|       pointer|
|fifo_SA_O_9_num_data_valid   |   in|    5|     ap_fifo|                                                                       fifo_SA_O_9|       pointer|
|fifo_SA_O_9_fifo_cap         |   in|    5|     ap_fifo|                                                                       fifo_SA_O_9|       pointer|
|fifo_SA_O_9_empty_n          |   in|    1|     ap_fifo|                                                                       fifo_SA_O_9|       pointer|
|fifo_SA_O_9_read             |  out|    1|     ap_fifo|                                                                       fifo_SA_O_9|       pointer|
|fifo_SA_O_8_dout             |   in|   32|     ap_fifo|                                                                       fifo_SA_O_8|       pointer|
|fifo_SA_O_8_num_data_valid   |   in|    5|     ap_fifo|                                                                       fifo_SA_O_8|       pointer|
|fifo_SA_O_8_fifo_cap         |   in|    5|     ap_fifo|                                                                       fifo_SA_O_8|       pointer|
|fifo_SA_O_8_empty_n          |   in|    1|     ap_fifo|                                                                       fifo_SA_O_8|       pointer|
|fifo_SA_O_8_read             |  out|    1|     ap_fifo|                                                                       fifo_SA_O_8|       pointer|
|fifo_SA_O_11_dout            |   in|   32|     ap_fifo|                                                                      fifo_SA_O_11|       pointer|
|fifo_SA_O_11_num_data_valid  |   in|    5|     ap_fifo|                                                                      fifo_SA_O_11|       pointer|
|fifo_SA_O_11_fifo_cap        |   in|    5|     ap_fifo|                                                                      fifo_SA_O_11|       pointer|
|fifo_SA_O_11_empty_n         |   in|    1|     ap_fifo|                                                                      fifo_SA_O_11|       pointer|
|fifo_SA_O_11_read            |  out|    1|     ap_fifo|                                                                      fifo_SA_O_11|       pointer|
|fifo_SA_O_6_dout             |   in|   32|     ap_fifo|                                                                       fifo_SA_O_6|       pointer|
|fifo_SA_O_6_num_data_valid   |   in|    5|     ap_fifo|                                                                       fifo_SA_O_6|       pointer|
|fifo_SA_O_6_fifo_cap         |   in|    5|     ap_fifo|                                                                       fifo_SA_O_6|       pointer|
|fifo_SA_O_6_empty_n          |   in|    1|     ap_fifo|                                                                       fifo_SA_O_6|       pointer|
|fifo_SA_O_6_read             |  out|    1|     ap_fifo|                                                                       fifo_SA_O_6|       pointer|
|fifo_SA_O_5_dout             |   in|   32|     ap_fifo|                                                                       fifo_SA_O_5|       pointer|
|fifo_SA_O_5_num_data_valid   |   in|    5|     ap_fifo|                                                                       fifo_SA_O_5|       pointer|
|fifo_SA_O_5_fifo_cap         |   in|    5|     ap_fifo|                                                                       fifo_SA_O_5|       pointer|
|fifo_SA_O_5_empty_n          |   in|    1|     ap_fifo|                                                                       fifo_SA_O_5|       pointer|
|fifo_SA_O_5_read             |  out|    1|     ap_fifo|                                                                       fifo_SA_O_5|       pointer|
|fifo_SA_O_4_dout             |   in|   32|     ap_fifo|                                                                       fifo_SA_O_4|       pointer|
|fifo_SA_O_4_num_data_valid   |   in|    5|     ap_fifo|                                                                       fifo_SA_O_4|       pointer|
|fifo_SA_O_4_fifo_cap         |   in|    5|     ap_fifo|                                                                       fifo_SA_O_4|       pointer|
|fifo_SA_O_4_empty_n          |   in|    1|     ap_fifo|                                                                       fifo_SA_O_4|       pointer|
|fifo_SA_O_4_read             |  out|    1|     ap_fifo|                                                                       fifo_SA_O_4|       pointer|
|fifo_SA_O_7_dout             |   in|   32|     ap_fifo|                                                                       fifo_SA_O_7|       pointer|
|fifo_SA_O_7_num_data_valid   |   in|    5|     ap_fifo|                                                                       fifo_SA_O_7|       pointer|
|fifo_SA_O_7_fifo_cap         |   in|    5|     ap_fifo|                                                                       fifo_SA_O_7|       pointer|
|fifo_SA_O_7_empty_n          |   in|    1|     ap_fifo|                                                                       fifo_SA_O_7|       pointer|
|fifo_SA_O_7_read             |  out|    1|     ap_fifo|                                                                       fifo_SA_O_7|       pointer|
|fifo_SA_O_2_dout             |   in|   32|     ap_fifo|                                                                       fifo_SA_O_2|       pointer|
|fifo_SA_O_2_num_data_valid   |   in|    5|     ap_fifo|                                                                       fifo_SA_O_2|       pointer|
|fifo_SA_O_2_fifo_cap         |   in|    5|     ap_fifo|                                                                       fifo_SA_O_2|       pointer|
|fifo_SA_O_2_empty_n          |   in|    1|     ap_fifo|                                                                       fifo_SA_O_2|       pointer|
|fifo_SA_O_2_read             |  out|    1|     ap_fifo|                                                                       fifo_SA_O_2|       pointer|
|fifo_SA_O_1_dout             |   in|   32|     ap_fifo|                                                                       fifo_SA_O_1|       pointer|
|fifo_SA_O_1_num_data_valid   |   in|    5|     ap_fifo|                                                                       fifo_SA_O_1|       pointer|
|fifo_SA_O_1_fifo_cap         |   in|    5|     ap_fifo|                                                                       fifo_SA_O_1|       pointer|
|fifo_SA_O_1_empty_n          |   in|    1|     ap_fifo|                                                                       fifo_SA_O_1|       pointer|
|fifo_SA_O_1_read             |  out|    1|     ap_fifo|                                                                       fifo_SA_O_1|       pointer|
|fifo_SA_O_dout               |   in|   32|     ap_fifo|                                                                         fifo_SA_O|       pointer|
|fifo_SA_O_num_data_valid     |   in|    5|     ap_fifo|                                                                         fifo_SA_O|       pointer|
|fifo_SA_O_fifo_cap           |   in|    5|     ap_fifo|                                                                         fifo_SA_O|       pointer|
|fifo_SA_O_empty_n            |   in|    1|     ap_fifo|                                                                         fifo_SA_O|       pointer|
|fifo_SA_O_read               |  out|    1|     ap_fifo|                                                                         fifo_SA_O|       pointer|
|fifo_SA_O_3_dout             |   in|   32|     ap_fifo|                                                                       fifo_SA_O_3|       pointer|
|fifo_SA_O_3_num_data_valid   |   in|    5|     ap_fifo|                                                                       fifo_SA_O_3|       pointer|
|fifo_SA_O_3_fifo_cap         |   in|    5|     ap_fifo|                                                                       fifo_SA_O_3|       pointer|
|fifo_SA_O_3_empty_n          |   in|    1|     ap_fifo|                                                                       fifo_SA_O_3|       pointer|
|fifo_SA_O_3_read             |  out|    1|     ap_fifo|                                                                       fifo_SA_O_3|       pointer|
|fifo_SA_O_14_dout            |   in|   32|     ap_fifo|                                                                      fifo_SA_O_14|       pointer|
|fifo_SA_O_14_num_data_valid  |   in|    5|     ap_fifo|                                                                      fifo_SA_O_14|       pointer|
|fifo_SA_O_14_fifo_cap        |   in|    5|     ap_fifo|                                                                      fifo_SA_O_14|       pointer|
|fifo_SA_O_14_empty_n         |   in|    1|     ap_fifo|                                                                      fifo_SA_O_14|       pointer|
|fifo_SA_O_14_read            |  out|    1|     ap_fifo|                                                                      fifo_SA_O_14|       pointer|
|fifo_SA_O_13_dout            |   in|   32|     ap_fifo|                                                                      fifo_SA_O_13|       pointer|
|fifo_SA_O_13_num_data_valid  |   in|    5|     ap_fifo|                                                                      fifo_SA_O_13|       pointer|
|fifo_SA_O_13_fifo_cap        |   in|    5|     ap_fifo|                                                                      fifo_SA_O_13|       pointer|
|fifo_SA_O_13_empty_n         |   in|    1|     ap_fifo|                                                                      fifo_SA_O_13|       pointer|
|fifo_SA_O_13_read            |  out|    1|     ap_fifo|                                                                      fifo_SA_O_13|       pointer|
|fifo_SA_O_12_dout            |   in|   32|     ap_fifo|                                                                      fifo_SA_O_12|       pointer|
|fifo_SA_O_12_num_data_valid  |   in|    5|     ap_fifo|                                                                      fifo_SA_O_12|       pointer|
|fifo_SA_O_12_fifo_cap        |   in|    5|     ap_fifo|                                                                      fifo_SA_O_12|       pointer|
|fifo_SA_O_12_empty_n         |   in|    1|     ap_fifo|                                                                      fifo_SA_O_12|       pointer|
|fifo_SA_O_12_read            |  out|    1|     ap_fifo|                                                                      fifo_SA_O_12|       pointer|
|fifo_SA_O_15_dout            |   in|   32|     ap_fifo|                                                                      fifo_SA_O_15|       pointer|
|fifo_SA_O_15_num_data_valid  |   in|    5|     ap_fifo|                                                                      fifo_SA_O_15|       pointer|
|fifo_SA_O_15_fifo_cap        |   in|    5|     ap_fifo|                                                                      fifo_SA_O_15|       pointer|
|fifo_SA_O_15_empty_n         |   in|    1|     ap_fifo|                                                                      fifo_SA_O_15|       pointer|
|fifo_SA_O_15_read            |  out|    1|     ap_fifo|                                                                      fifo_SA_O_15|       pointer|
|fifo_SA_O_58_dout            |   in|   32|     ap_fifo|                                                                      fifo_SA_O_58|       pointer|
|fifo_SA_O_58_num_data_valid  |   in|    5|     ap_fifo|                                                                      fifo_SA_O_58|       pointer|
|fifo_SA_O_58_fifo_cap        |   in|    5|     ap_fifo|                                                                      fifo_SA_O_58|       pointer|
|fifo_SA_O_58_empty_n         |   in|    1|     ap_fifo|                                                                      fifo_SA_O_58|       pointer|
|fifo_SA_O_58_read            |  out|    1|     ap_fifo|                                                                      fifo_SA_O_58|       pointer|
|fifo_SA_O_57_dout            |   in|   32|     ap_fifo|                                                                      fifo_SA_O_57|       pointer|
|fifo_SA_O_57_num_data_valid  |   in|    5|     ap_fifo|                                                                      fifo_SA_O_57|       pointer|
|fifo_SA_O_57_fifo_cap        |   in|    5|     ap_fifo|                                                                      fifo_SA_O_57|       pointer|
|fifo_SA_O_57_empty_n         |   in|    1|     ap_fifo|                                                                      fifo_SA_O_57|       pointer|
|fifo_SA_O_57_read            |  out|    1|     ap_fifo|                                                                      fifo_SA_O_57|       pointer|
|fifo_SA_O_56_dout            |   in|   32|     ap_fifo|                                                                      fifo_SA_O_56|       pointer|
|fifo_SA_O_56_num_data_valid  |   in|    5|     ap_fifo|                                                                      fifo_SA_O_56|       pointer|
|fifo_SA_O_56_fifo_cap        |   in|    5|     ap_fifo|                                                                      fifo_SA_O_56|       pointer|
|fifo_SA_O_56_empty_n         |   in|    1|     ap_fifo|                                                                      fifo_SA_O_56|       pointer|
|fifo_SA_O_56_read            |  out|    1|     ap_fifo|                                                                      fifo_SA_O_56|       pointer|
|fifo_SA_O_59_dout            |   in|   32|     ap_fifo|                                                                      fifo_SA_O_59|       pointer|
|fifo_SA_O_59_num_data_valid  |   in|    5|     ap_fifo|                                                                      fifo_SA_O_59|       pointer|
|fifo_SA_O_59_fifo_cap        |   in|    5|     ap_fifo|                                                                      fifo_SA_O_59|       pointer|
|fifo_SA_O_59_empty_n         |   in|    1|     ap_fifo|                                                                      fifo_SA_O_59|       pointer|
|fifo_SA_O_59_read            |  out|    1|     ap_fifo|                                                                      fifo_SA_O_59|       pointer|
|fifo_SA_O_54_dout            |   in|   32|     ap_fifo|                                                                      fifo_SA_O_54|       pointer|
|fifo_SA_O_54_num_data_valid  |   in|    5|     ap_fifo|                                                                      fifo_SA_O_54|       pointer|
|fifo_SA_O_54_fifo_cap        |   in|    5|     ap_fifo|                                                                      fifo_SA_O_54|       pointer|
|fifo_SA_O_54_empty_n         |   in|    1|     ap_fifo|                                                                      fifo_SA_O_54|       pointer|
|fifo_SA_O_54_read            |  out|    1|     ap_fifo|                                                                      fifo_SA_O_54|       pointer|
|fifo_SA_O_53_dout            |   in|   32|     ap_fifo|                                                                      fifo_SA_O_53|       pointer|
|fifo_SA_O_53_num_data_valid  |   in|    5|     ap_fifo|                                                                      fifo_SA_O_53|       pointer|
|fifo_SA_O_53_fifo_cap        |   in|    5|     ap_fifo|                                                                      fifo_SA_O_53|       pointer|
|fifo_SA_O_53_empty_n         |   in|    1|     ap_fifo|                                                                      fifo_SA_O_53|       pointer|
|fifo_SA_O_53_read            |  out|    1|     ap_fifo|                                                                      fifo_SA_O_53|       pointer|
|fifo_SA_O_52_dout            |   in|   32|     ap_fifo|                                                                      fifo_SA_O_52|       pointer|
|fifo_SA_O_52_num_data_valid  |   in|    5|     ap_fifo|                                                                      fifo_SA_O_52|       pointer|
|fifo_SA_O_52_fifo_cap        |   in|    5|     ap_fifo|                                                                      fifo_SA_O_52|       pointer|
|fifo_SA_O_52_empty_n         |   in|    1|     ap_fifo|                                                                      fifo_SA_O_52|       pointer|
|fifo_SA_O_52_read            |  out|    1|     ap_fifo|                                                                      fifo_SA_O_52|       pointer|
|fifo_SA_O_55_dout            |   in|   32|     ap_fifo|                                                                      fifo_SA_O_55|       pointer|
|fifo_SA_O_55_num_data_valid  |   in|    5|     ap_fifo|                                                                      fifo_SA_O_55|       pointer|
|fifo_SA_O_55_fifo_cap        |   in|    5|     ap_fifo|                                                                      fifo_SA_O_55|       pointer|
|fifo_SA_O_55_empty_n         |   in|    1|     ap_fifo|                                                                      fifo_SA_O_55|       pointer|
|fifo_SA_O_55_read            |  out|    1|     ap_fifo|                                                                      fifo_SA_O_55|       pointer|
|fifo_SA_O_50_dout            |   in|   32|     ap_fifo|                                                                      fifo_SA_O_50|       pointer|
|fifo_SA_O_50_num_data_valid  |   in|    5|     ap_fifo|                                                                      fifo_SA_O_50|       pointer|
|fifo_SA_O_50_fifo_cap        |   in|    5|     ap_fifo|                                                                      fifo_SA_O_50|       pointer|
|fifo_SA_O_50_empty_n         |   in|    1|     ap_fifo|                                                                      fifo_SA_O_50|       pointer|
|fifo_SA_O_50_read            |  out|    1|     ap_fifo|                                                                      fifo_SA_O_50|       pointer|
|fifo_SA_O_49_dout            |   in|   32|     ap_fifo|                                                                      fifo_SA_O_49|       pointer|
|fifo_SA_O_49_num_data_valid  |   in|    5|     ap_fifo|                                                                      fifo_SA_O_49|       pointer|
|fifo_SA_O_49_fifo_cap        |   in|    5|     ap_fifo|                                                                      fifo_SA_O_49|       pointer|
|fifo_SA_O_49_empty_n         |   in|    1|     ap_fifo|                                                                      fifo_SA_O_49|       pointer|
|fifo_SA_O_49_read            |  out|    1|     ap_fifo|                                                                      fifo_SA_O_49|       pointer|
|fifo_SA_O_48_dout            |   in|   32|     ap_fifo|                                                                      fifo_SA_O_48|       pointer|
|fifo_SA_O_48_num_data_valid  |   in|    5|     ap_fifo|                                                                      fifo_SA_O_48|       pointer|
|fifo_SA_O_48_fifo_cap        |   in|    5|     ap_fifo|                                                                      fifo_SA_O_48|       pointer|
|fifo_SA_O_48_empty_n         |   in|    1|     ap_fifo|                                                                      fifo_SA_O_48|       pointer|
|fifo_SA_O_48_read            |  out|    1|     ap_fifo|                                                                      fifo_SA_O_48|       pointer|
|fifo_SA_O_51_dout            |   in|   32|     ap_fifo|                                                                      fifo_SA_O_51|       pointer|
|fifo_SA_O_51_num_data_valid  |   in|    5|     ap_fifo|                                                                      fifo_SA_O_51|       pointer|
|fifo_SA_O_51_fifo_cap        |   in|    5|     ap_fifo|                                                                      fifo_SA_O_51|       pointer|
|fifo_SA_O_51_empty_n         |   in|    1|     ap_fifo|                                                                      fifo_SA_O_51|       pointer|
|fifo_SA_O_51_read            |  out|    1|     ap_fifo|                                                                      fifo_SA_O_51|       pointer|
|fifo_SA_O_62_dout            |   in|   32|     ap_fifo|                                                                      fifo_SA_O_62|       pointer|
|fifo_SA_O_62_num_data_valid  |   in|    5|     ap_fifo|                                                                      fifo_SA_O_62|       pointer|
|fifo_SA_O_62_fifo_cap        |   in|    5|     ap_fifo|                                                                      fifo_SA_O_62|       pointer|
|fifo_SA_O_62_empty_n         |   in|    1|     ap_fifo|                                                                      fifo_SA_O_62|       pointer|
|fifo_SA_O_62_read            |  out|    1|     ap_fifo|                                                                      fifo_SA_O_62|       pointer|
|fifo_SA_O_61_dout            |   in|   32|     ap_fifo|                                                                      fifo_SA_O_61|       pointer|
|fifo_SA_O_61_num_data_valid  |   in|    5|     ap_fifo|                                                                      fifo_SA_O_61|       pointer|
|fifo_SA_O_61_fifo_cap        |   in|    5|     ap_fifo|                                                                      fifo_SA_O_61|       pointer|
|fifo_SA_O_61_empty_n         |   in|    1|     ap_fifo|                                                                      fifo_SA_O_61|       pointer|
|fifo_SA_O_61_read            |  out|    1|     ap_fifo|                                                                      fifo_SA_O_61|       pointer|
|fifo_SA_O_60_dout            |   in|   32|     ap_fifo|                                                                      fifo_SA_O_60|       pointer|
|fifo_SA_O_60_num_data_valid  |   in|    5|     ap_fifo|                                                                      fifo_SA_O_60|       pointer|
|fifo_SA_O_60_fifo_cap        |   in|    5|     ap_fifo|                                                                      fifo_SA_O_60|       pointer|
|fifo_SA_O_60_empty_n         |   in|    1|     ap_fifo|                                                                      fifo_SA_O_60|       pointer|
|fifo_SA_O_60_read            |  out|    1|     ap_fifo|                                                                      fifo_SA_O_60|       pointer|
|fifo_SA_O_63_dout            |   in|   32|     ap_fifo|                                                                      fifo_SA_O_63|       pointer|
|fifo_SA_O_63_num_data_valid  |   in|    5|     ap_fifo|                                                                      fifo_SA_O_63|       pointer|
|fifo_SA_O_63_fifo_cap        |   in|    5|     ap_fifo|                                                                      fifo_SA_O_63|       pointer|
|fifo_SA_O_63_empty_n         |   in|    1|     ap_fifo|                                                                      fifo_SA_O_63|       pointer|
|fifo_SA_O_63_read            |  out|    1|     ap_fifo|                                                                      fifo_SA_O_63|       pointer|
|MM_OUT_14_din                |  out|   32|     ap_fifo|                                                                         MM_OUT_14|       pointer|
|MM_OUT_14_num_data_valid     |   in|    3|     ap_fifo|                                                                         MM_OUT_14|       pointer|
|MM_OUT_14_fifo_cap           |   in|    3|     ap_fifo|                                                                         MM_OUT_14|       pointer|
|MM_OUT_14_full_n             |   in|    1|     ap_fifo|                                                                         MM_OUT_14|       pointer|
|MM_OUT_14_write              |  out|    1|     ap_fifo|                                                                         MM_OUT_14|       pointer|
|MM_OUT_13_din                |  out|   32|     ap_fifo|                                                                         MM_OUT_13|       pointer|
|MM_OUT_13_num_data_valid     |   in|    3|     ap_fifo|                                                                         MM_OUT_13|       pointer|
|MM_OUT_13_fifo_cap           |   in|    3|     ap_fifo|                                                                         MM_OUT_13|       pointer|
|MM_OUT_13_full_n             |   in|    1|     ap_fifo|                                                                         MM_OUT_13|       pointer|
|MM_OUT_13_write              |  out|    1|     ap_fifo|                                                                         MM_OUT_13|       pointer|
|MM_OUT_12_din                |  out|   32|     ap_fifo|                                                                         MM_OUT_12|       pointer|
|MM_OUT_12_num_data_valid     |   in|    3|     ap_fifo|                                                                         MM_OUT_12|       pointer|
|MM_OUT_12_fifo_cap           |   in|    3|     ap_fifo|                                                                         MM_OUT_12|       pointer|
|MM_OUT_12_full_n             |   in|    1|     ap_fifo|                                                                         MM_OUT_12|       pointer|
|MM_OUT_12_write              |  out|    1|     ap_fifo|                                                                         MM_OUT_12|       pointer|
|MM_OUT_11_din                |  out|   32|     ap_fifo|                                                                         MM_OUT_11|       pointer|
|MM_OUT_11_num_data_valid     |   in|    3|     ap_fifo|                                                                         MM_OUT_11|       pointer|
|MM_OUT_11_fifo_cap           |   in|    3|     ap_fifo|                                                                         MM_OUT_11|       pointer|
|MM_OUT_11_full_n             |   in|    1|     ap_fifo|                                                                         MM_OUT_11|       pointer|
|MM_OUT_11_write              |  out|    1|     ap_fifo|                                                                         MM_OUT_11|       pointer|
|MM_OUT_10_din                |  out|   32|     ap_fifo|                                                                         MM_OUT_10|       pointer|
|MM_OUT_10_num_data_valid     |   in|    3|     ap_fifo|                                                                         MM_OUT_10|       pointer|
|MM_OUT_10_fifo_cap           |   in|    3|     ap_fifo|                                                                         MM_OUT_10|       pointer|
|MM_OUT_10_full_n             |   in|    1|     ap_fifo|                                                                         MM_OUT_10|       pointer|
|MM_OUT_10_write              |  out|    1|     ap_fifo|                                                                         MM_OUT_10|       pointer|
|MM_OUT_9_din                 |  out|   32|     ap_fifo|                                                                          MM_OUT_9|       pointer|
|MM_OUT_9_num_data_valid      |   in|    3|     ap_fifo|                                                                          MM_OUT_9|       pointer|
|MM_OUT_9_fifo_cap            |   in|    3|     ap_fifo|                                                                          MM_OUT_9|       pointer|
|MM_OUT_9_full_n              |   in|    1|     ap_fifo|                                                                          MM_OUT_9|       pointer|
|MM_OUT_9_write               |  out|    1|     ap_fifo|                                                                          MM_OUT_9|       pointer|
|MM_OUT_8_din                 |  out|   32|     ap_fifo|                                                                          MM_OUT_8|       pointer|
|MM_OUT_8_num_data_valid      |   in|    3|     ap_fifo|                                                                          MM_OUT_8|       pointer|
|MM_OUT_8_fifo_cap            |   in|    3|     ap_fifo|                                                                          MM_OUT_8|       pointer|
|MM_OUT_8_full_n              |   in|    1|     ap_fifo|                                                                          MM_OUT_8|       pointer|
|MM_OUT_8_write               |  out|    1|     ap_fifo|                                                                          MM_OUT_8|       pointer|
|MM_OUT_7_din                 |  out|   32|     ap_fifo|                                                                          MM_OUT_7|       pointer|
|MM_OUT_7_num_data_valid      |   in|    3|     ap_fifo|                                                                          MM_OUT_7|       pointer|
|MM_OUT_7_fifo_cap            |   in|    3|     ap_fifo|                                                                          MM_OUT_7|       pointer|
|MM_OUT_7_full_n              |   in|    1|     ap_fifo|                                                                          MM_OUT_7|       pointer|
|MM_OUT_7_write               |  out|    1|     ap_fifo|                                                                          MM_OUT_7|       pointer|
|MM_OUT_6_din                 |  out|   32|     ap_fifo|                                                                          MM_OUT_6|       pointer|
|MM_OUT_6_num_data_valid      |   in|    3|     ap_fifo|                                                                          MM_OUT_6|       pointer|
|MM_OUT_6_fifo_cap            |   in|    3|     ap_fifo|                                                                          MM_OUT_6|       pointer|
|MM_OUT_6_full_n              |   in|    1|     ap_fifo|                                                                          MM_OUT_6|       pointer|
|MM_OUT_6_write               |  out|    1|     ap_fifo|                                                                          MM_OUT_6|       pointer|
|MM_OUT_5_din                 |  out|   32|     ap_fifo|                                                                          MM_OUT_5|       pointer|
|MM_OUT_5_num_data_valid      |   in|    3|     ap_fifo|                                                                          MM_OUT_5|       pointer|
|MM_OUT_5_fifo_cap            |   in|    3|     ap_fifo|                                                                          MM_OUT_5|       pointer|
|MM_OUT_5_full_n              |   in|    1|     ap_fifo|                                                                          MM_OUT_5|       pointer|
|MM_OUT_5_write               |  out|    1|     ap_fifo|                                                                          MM_OUT_5|       pointer|
|MM_OUT_4_din                 |  out|   32|     ap_fifo|                                                                          MM_OUT_4|       pointer|
|MM_OUT_4_num_data_valid      |   in|    3|     ap_fifo|                                                                          MM_OUT_4|       pointer|
|MM_OUT_4_fifo_cap            |   in|    3|     ap_fifo|                                                                          MM_OUT_4|       pointer|
|MM_OUT_4_full_n              |   in|    1|     ap_fifo|                                                                          MM_OUT_4|       pointer|
|MM_OUT_4_write               |  out|    1|     ap_fifo|                                                                          MM_OUT_4|       pointer|
|MM_OUT_3_din                 |  out|   32|     ap_fifo|                                                                          MM_OUT_3|       pointer|
|MM_OUT_3_num_data_valid      |   in|    3|     ap_fifo|                                                                          MM_OUT_3|       pointer|
|MM_OUT_3_fifo_cap            |   in|    3|     ap_fifo|                                                                          MM_OUT_3|       pointer|
|MM_OUT_3_full_n              |   in|    1|     ap_fifo|                                                                          MM_OUT_3|       pointer|
|MM_OUT_3_write               |  out|    1|     ap_fifo|                                                                          MM_OUT_3|       pointer|
|MM_OUT_2_din                 |  out|   32|     ap_fifo|                                                                          MM_OUT_2|       pointer|
|MM_OUT_2_num_data_valid      |   in|    3|     ap_fifo|                                                                          MM_OUT_2|       pointer|
|MM_OUT_2_fifo_cap            |   in|    3|     ap_fifo|                                                                          MM_OUT_2|       pointer|
|MM_OUT_2_full_n              |   in|    1|     ap_fifo|                                                                          MM_OUT_2|       pointer|
|MM_OUT_2_write               |  out|    1|     ap_fifo|                                                                          MM_OUT_2|       pointer|
|MM_OUT_1_din                 |  out|   32|     ap_fifo|                                                                          MM_OUT_1|       pointer|
|MM_OUT_1_num_data_valid      |   in|    3|     ap_fifo|                                                                          MM_OUT_1|       pointer|
|MM_OUT_1_fifo_cap            |   in|    3|     ap_fifo|                                                                          MM_OUT_1|       pointer|
|MM_OUT_1_full_n              |   in|    1|     ap_fifo|                                                                          MM_OUT_1|       pointer|
|MM_OUT_1_write               |  out|    1|     ap_fifo|                                                                          MM_OUT_1|       pointer|
|MM_OUT_din                   |  out|   32|     ap_fifo|                                                                            MM_OUT|       pointer|
|MM_OUT_num_data_valid        |   in|    3|     ap_fifo|                                                                            MM_OUT|       pointer|
|MM_OUT_fifo_cap              |   in|    3|     ap_fifo|                                                                            MM_OUT|       pointer|
|MM_OUT_full_n                |   in|    1|     ap_fifo|                                                                            MM_OUT|       pointer|
|MM_OUT_write                 |  out|    1|     ap_fifo|                                                                            MM_OUT|       pointer|
|MM_OUT_15_din                |  out|   32|     ap_fifo|                                                                         MM_OUT_15|       pointer|
|MM_OUT_15_num_data_valid     |   in|    3|     ap_fifo|                                                                         MM_OUT_15|       pointer|
|MM_OUT_15_fifo_cap           |   in|    3|     ap_fifo|                                                                         MM_OUT_15|       pointer|
|MM_OUT_15_full_n             |   in|    1|     ap_fifo|                                                                         MM_OUT_15|       pointer|
|MM_OUT_15_write              |  out|    1|     ap_fifo|                                                                         MM_OUT_15|       pointer|
|bound69                      |   in|   64|     ap_none|                                                                           bound69|        scalar|
|bound39                      |   in|   36|     ap_none|                                                                           bound39|        scalar|
+-----------------------------+-----+-----+------------+----------------------------------------------------------------------------------+--------------+

