

================================================================
== Vitis HLS Report for 'ConvertWeightToStream_Pipeline_VITIS_LOOP_221_1_VITIS_LOOP_224_2_VITIS_LOOP_226_s'
================================================================
* Date:           Tue Feb 25 14:23:54 2025

* Version:        2023.2 (Build 4023990 on Oct 11 2023)
* Project:        SDA
* Solution:       solution1 (Vivado IP Flow Target)
* Product family: virtexuplusHBM
* Target device:  xcvu35p_CIV-fsvh2892-3-e


================================================================
== Performance Estimates
================================================================
+ Timing: 
    * Summary: 
    +--------+----------+----------+------------+
    |  Clock |  Target  | Estimated| Uncertainty|
    +--------+----------+----------+------------+
    |ap_clk  |  10.00 ns|  7.300 ns|     2.70 ns|
    +--------+----------+----------+------------+

+ Latency: 
    * Summary: 
    +---------+---------+-----------+-----------+------+------+---------+
    |  Latency (cycles) |   Latency (absolute)  |   Interval  | Pipeline|
    |   min   |   max   |    min    |    max    |  min |  max |   Type  |
    +---------+---------+-----------+-----------+------+------+---------+
    |     9227|     9227|  92.270 us|  92.270 us|  9227|  9227|       no|
    +---------+---------+-----------+-----------+------+------+---------+

    + Detail: 
        * Instance: 
        N/A

        * Loop: 
        +-----------------------------------------------------------------------+---------+---------+----------+-----------+-----------+------+----------+
        |                                                                       |  Latency (cycles) | Iteration|  Initiation Interval  | Trip |          |
        |                               Loop Name                               |   min   |   max   |  Latency |  achieved |   target  | Count| Pipelined|
        +-----------------------------------------------------------------------+---------+---------+----------+-----------+-----------+------+----------+
        |- VITIS_LOOP_221_1_VITIS_LOOP_224_2_VITIS_LOOP_226_3_VITIS_LOOP_229_4  |     9225|     9225|        11|          1|          1|  9216|       yes|
        +-----------------------------------------------------------------------+---------+---------+----------+-----------+-----------+------+----------+



================================================================
== Utilization Estimates
================================================================
* Summary: 
+---------------------+---------+------+---------+--------+-----+
|         Name        | BRAM_18K|  DSP |    FF   |   LUT  | URAM|
+---------------------+---------+------+---------+--------+-----+
|DSP                  |        -|     -|        -|       -|    -|
|Expression           |        -|     -|        0|    1027|    -|
|FIFO                 |        -|     -|        -|       -|    -|
|Instance             |        -|     3|        0|      40|    -|
|Memory               |        -|     -|        -|       -|    -|
|Multiplexer          |        -|     -|        -|     144|    -|
|Register             |        -|     -|      653|      32|    -|
+---------------------+---------+------+---------+--------+-----+
|Total                |        0|     3|      653|    1243|    0|
+---------------------+---------+------+---------+--------+-----+
|Available SLR        |     1344|  2976|   871680|  435840|  320|
+---------------------+---------+------+---------+--------+-----+
|Utilization SLR (%)  |        0|    ~0|       ~0|      ~0|    0|
+---------------------+---------+------+---------+--------+-----+
|Available            |     2688|  5952|  1743360|  871680|  640|
+---------------------+---------+------+---------+--------+-----+
|Utilization (%)      |        0|    ~0|       ~0|      ~0|    0|
+---------------------+---------+------+---------+--------+-----+

+ Detail: 
    * Instance: 
    +-------------------------+---------------------+---------+----+---+----+-----+
    |         Instance        |        Module       | BRAM_18K| DSP| FF| LUT| URAM|
    +-------------------------+---------------------+---------+----+---+----+-----+
    |mul_28ns_32s_32_1_1_U90  |mul_28ns_32s_32_1_1  |        0|   3|  0|  20|    0|
    |mul_2ns_32s_32_1_1_U91   |mul_2ns_32s_32_1_1   |        0|   0|  0|  20|    0|
    +-------------------------+---------------------+---------+----+---+----+-----+
    |Total                    |                     |        0|   3|  0|  40|    0|
    +-------------------------+---------------------+---------+----+---+----+-----+

    * DSP: 
    N/A

    * Memory: 
    N/A

    * FIFO: 
    N/A

    * Expression: 
    +------------------------------------+----------+----+---+----+------------+------------+
    |            Variable Name           | Operation| DSP| FF| LUT| Bitwidth P0| Bitwidth P1|
    +------------------------------------+----------+----+---+----+------------+------------+
    |add_ln221_fu_300_p2                 |         +|   0|  0|  99|          92|           1|
    |add_ln224_1_fu_491_p2               |         +|   0|  0|  71|          64|          64|
    |add_ln224_2_fu_381_p2               |         +|   0|  0|  10|           3|           1|
    |add_ln224_3_fu_552_p2               |         +|   0|  0|  72|          65|           1|
    |add_ln224_fu_473_p2                 |         +|   0|  0|  39|          32|          32|
    |add_ln226_fu_532_p2                 |         +|   0|  0|  69|          62|           1|
    |add_ln229_fu_506_p2                 |         +|   0|  0|  37|          30|           1|
    |m_2_fu_312_p2                       |         +|   0|  0|  35|          28|           1|
    |ap_block_state3_io                  |       and|   0|  0|   2|           1|           1|
    |icmp_ln221_fu_295_p2                |      icmp|   0|  0|  99|          92|          92|
    |icmp_ln224_fu_318_p2                |      icmp|   0|  0|  72|          65|          65|
    |icmp_ln226_1_fu_360_p2              |      icmp|   0|  0|  69|          62|          62|
    |icmp_ln226_fu_355_p2                |      icmp|   0|  0|  69|          62|           1|
    |icmp_ln229_1_fu_342_p2              |      icmp|   0|  0|  37|          30|          30|
    |icmp_ln229_fu_337_p2                |      icmp|   0|  0|  37|          30|           1|
    |ap_block_pp0_stage0_01001           |        or|   0|  0|   2|           1|           1|
    |ap_block_pp0_stage0_11001           |        or|   0|  0|   2|           1|           1|
    |ap_block_state12_pp0_stage0_iter11  |        or|   0|  0|   2|           1|           1|
    |or_ln221_fu_331_p2                  |        or|   0|  0|   2|           1|           1|
    |or_ln224_fu_387_p2                  |        or|   0|  0|   2|           1|           1|
    |or_ln226_1_fu_538_p2                |        or|   0|  0|   2|           1|           1|
    |or_ln226_fu_409_p2                  |        or|   0|  0|   2|           1|           1|
    |or_ln229_1_fu_518_p2                |        or|   0|  0|   2|           1|           1|
    |or_ln229_fu_512_p2                  |        or|   0|  0|   2|           1|           1|
    |select_ln221_1_fu_347_p3            |    select|   0|  0|   2|           1|           1|
    |select_ln221_2_fu_365_p3            |    select|   0|  0|   2|           1|           1|
    |select_ln221_3_fu_373_p3            |    select|   0|  0|  28|           1|          28|
    |select_ln221_fu_323_p3              |    select|   0|  0|   3|           1|           1|
    |select_ln224_1_fu_401_p3            |    select|   0|  0|   3|           1|           3|
    |select_ln224_2_fu_558_p3            |    select|   0|  0|  61|           1|           1|
    |select_ln224_fu_393_p3              |    select|   0|  0|   2|           1|           1|
    |select_ln226_fu_544_p3              |    select|   0|  0|  59|           1|           1|
    |select_ln229_fu_524_p3              |    select|   0|  0|  30|           1|           1|
    |ap_enable_pp0                       |       xor|   0|  0|   2|           1|           2|
    +------------------------------------+----------+----+---+----+------------+------------+
    |Total                               |          |   0|  0|1027|         737|         403|
    +------------------------------------+----------+----+---+----+------------+------------+

    * Multiplexer: 
    +---------------------------------------+----+-----------+-----+-----------+
    |                  Name                 | LUT| Input Size| Bits| Total Bits|
    +---------------------------------------+----+-----------+-----+-----------+
    |CONV_BUS_blk_n_AR                      |   9|          2|    1|          2|
    |CONV_BUS_blk_n_R                       |   9|          2|    1|          2|
    |ap_done_int                            |   9|          2|    1|          2|
    |ap_enable_reg_pp0_iter1                |   9|          2|    1|          2|
    |ap_enable_reg_pp0_iter2                |   9|          2|    1|          2|
    |ap_phi_mux_first_iter_0_phi_fu_233_p4  |   9|          2|    1|          2|
    |fifo_conv_w_0_blk_n                    |   9|          2|    1|          2|
    |fifo_conv_w_1_blk_n                    |   9|          2|    1|          2|
    |fifo_conv_w_2_blk_n                    |   9|          2|    1|          2|
    |fifo_conv_w_3_blk_n                    |   9|          2|    1|          2|
    |i_fu_132                               |   9|          2|    3|          6|
    |indvar_flatten12_fu_136                |   9|          2|   65|        130|
    |indvar_flatten34_fu_144                |   9|          2|   92|        184|
    |indvar_flatten_fu_128                  |   9|          2|   62|        124|
    |j_fu_124                               |   9|          2|   30|         60|
    |m_fu_140                               |   9|          2|   28|         56|
    +---------------------------------------+----+-----------+-----+-----------+
    |Total                                  | 144|         32|  290|        580|
    +---------------------------------------+----+-----------+-----+-----------+

    * Register: 
    +-----------------------------------+-----+----+-----+-----------+
    |                Name               |  FF | LUT| Bits| Const Bits|
    +-----------------------------------+-----+----+-----+-----------+
    |CONV_BUS_addr_read_reg_709         |  128|   0|  128|          0|
    |ap_CS_fsm                          |    1|   0|    1|          0|
    |ap_done_reg                        |    1|   0|    1|          0|
    |ap_enable_reg_pp0_iter1            |    1|   0|    1|          0|
    |ap_enable_reg_pp0_iter10           |    1|   0|    1|          0|
    |ap_enable_reg_pp0_iter11           |    1|   0|    1|          0|
    |ap_enable_reg_pp0_iter2            |    1|   0|    1|          0|
    |ap_enable_reg_pp0_iter3            |    1|   0|    1|          0|
    |ap_enable_reg_pp0_iter4            |    1|   0|    1|          0|
    |ap_enable_reg_pp0_iter5            |    1|   0|    1|          0|
    |ap_enable_reg_pp0_iter6            |    1|   0|    1|          0|
    |ap_enable_reg_pp0_iter7            |    1|   0|    1|          0|
    |ap_enable_reg_pp0_iter8            |    1|   0|    1|          0|
    |ap_enable_reg_pp0_iter9            |    1|   0|    1|          0|
    |ap_loop_exit_ready_pp0_iter10_reg  |    1|   0|    1|          0|
    |ap_loop_exit_ready_pp0_iter2_reg   |    1|   0|    1|          0|
    |ap_loop_exit_ready_pp0_iter3_reg   |    1|   0|    1|          0|
    |ap_loop_exit_ready_pp0_iter4_reg   |    1|   0|    1|          0|
    |ap_loop_exit_ready_pp0_iter5_reg   |    1|   0|    1|          0|
    |ap_loop_exit_ready_pp0_iter6_reg   |    1|   0|    1|          0|
    |ap_loop_exit_ready_pp0_iter7_reg   |    1|   0|    1|          0|
    |ap_loop_exit_ready_pp0_iter8_reg   |    1|   0|    1|          0|
    |ap_loop_exit_ready_pp0_iter9_reg   |    1|   0|    1|          0|
    |bound4_cast_reg_676                |   64|   0|   65|          1|
    |first_iter_0_reg_229               |    1|   0|    1|          0|
    |i_fu_132                           |    3|   0|    3|          0|
    |icmp_ln221_reg_686                 |    1|   0|    1|          0|
    |indvar_flatten12_fu_136            |   65|   0|   65|          0|
    |indvar_flatten34_fu_144            |   92|   0|   92|          0|
    |indvar_flatten_fu_128              |   62|   0|   62|          0|
    |j_fu_124                           |   30|   0|   30|          0|
    |m_fu_140                           |   28|   0|   28|          0|
    |or_ln226_reg_690                   |    1|   0|    1|          0|
    |trunc_ln224_reg_694                |    2|   0|    2|          0|
    |trunc_ln_reg_698                   |   60|   0|   60|          0|
    |zext_ln221_cast_reg_681            |   30|   0|   32|          2|
    |trunc_ln224_reg_694                |   64|  32|    2|          0|
    +-----------------------------------+-----+----+-----+-----------+
    |Total                              |  653|  32|  594|          3|
    +-----------------------------------+-----+----+-----+-----------+



================================================================
== Interface
================================================================
* Summary: 
+-------------------------+-----+-----+------------+----------------------------------------------------------------------------------+--------------+
|        RTL Ports        | Dir | Bits|  Protocol  |                                   Source Object                                  |    C Type    |
+-------------------------+-----+-----+------------+----------------------------------------------------------------------------------+--------------+
|ap_clk                   |   in|    1|  ap_ctrl_hs|  ConvertWeightToStream_Pipeline_VITIS_LOOP_221_1_VITIS_LOOP_224_2_VITIS_LOOP_226_|  return value|
|ap_rst                   |   in|    1|  ap_ctrl_hs|  ConvertWeightToStream_Pipeline_VITIS_LOOP_221_1_VITIS_LOOP_224_2_VITIS_LOOP_226_|  return value|
|ap_start                 |   in|    1|  ap_ctrl_hs|  ConvertWeightToStream_Pipeline_VITIS_LOOP_221_1_VITIS_LOOP_224_2_VITIS_LOOP_226_|  return value|
|ap_done                  |  out|    1|  ap_ctrl_hs|  ConvertWeightToStream_Pipeline_VITIS_LOOP_221_1_VITIS_LOOP_224_2_VITIS_LOOP_226_|  return value|
|ap_idle                  |  out|    1|  ap_ctrl_hs|  ConvertWeightToStream_Pipeline_VITIS_LOOP_221_1_VITIS_LOOP_224_2_VITIS_LOOP_226_|  return value|
|ap_ready                 |  out|    1|  ap_ctrl_hs|  ConvertWeightToStream_Pipeline_VITIS_LOOP_221_1_VITIS_LOOP_224_2_VITIS_LOOP_226_|  return value|
|m_axi_CONV_BUS_AWVALID   |  out|    1|       m_axi|                                                                          CONV_BUS|       pointer|
|m_axi_CONV_BUS_AWREADY   |   in|    1|       m_axi|                                                                          CONV_BUS|       pointer|
|m_axi_CONV_BUS_AWADDR    |  out|   64|       m_axi|                                                                          CONV_BUS|       pointer|
|m_axi_CONV_BUS_AWID      |  out|    1|       m_axi|                                                                          CONV_BUS|       pointer|
|m_axi_CONV_BUS_AWLEN     |  out|   32|       m_axi|                                                                          CONV_BUS|       pointer|
|m_axi_CONV_BUS_AWSIZE    |  out|    3|       m_axi|                                                                          CONV_BUS|       pointer|
|m_axi_CONV_BUS_AWBURST   |  out|    2|       m_axi|                                                                          CONV_BUS|       pointer|
|m_axi_CONV_BUS_AWLOCK    |  out|    2|       m_axi|                                                                          CONV_BUS|       pointer|
|m_axi_CONV_BUS_AWCACHE   |  out|    4|       m_axi|                                                                          CONV_BUS|       pointer|
|m_axi_CONV_BUS_AWPROT    |  out|    3|       m_axi|                                                                          CONV_BUS|       pointer|
|m_axi_CONV_BUS_AWQOS     |  out|    4|       m_axi|                                                                          CONV_BUS|       pointer|
|m_axi_CONV_BUS_AWREGION  |  out|    4|       m_axi|                                                                          CONV_BUS|       pointer|
|m_axi_CONV_BUS_AWUSER    |  out|    1|       m_axi|                                                                          CONV_BUS|       pointer|
|m_axi_CONV_BUS_WVALID    |  out|    1|       m_axi|                                                                          CONV_BUS|       pointer|
|m_axi_CONV_BUS_WREADY    |   in|    1|       m_axi|                                                                          CONV_BUS|       pointer|
|m_axi_CONV_BUS_WDATA     |  out|  128|       m_axi|                                                                          CONV_BUS|       pointer|
|m_axi_CONV_BUS_WSTRB     |  out|   16|       m_axi|                                                                          CONV_BUS|       pointer|
|m_axi_CONV_BUS_WLAST     |  out|    1|       m_axi|                                                                          CONV_BUS|       pointer|
|m_axi_CONV_BUS_WID       |  out|    1|       m_axi|                                                                          CONV_BUS|       pointer|
|m_axi_CONV_BUS_WUSER     |  out|    1|       m_axi|                                                                          CONV_BUS|       pointer|
|m_axi_CONV_BUS_ARVALID   |  out|    1|       m_axi|                                                                          CONV_BUS|       pointer|
|m_axi_CONV_BUS_ARREADY   |   in|    1|       m_axi|                                                                          CONV_BUS|       pointer|
|m_axi_CONV_BUS_ARADDR    |  out|   64|       m_axi|                                                                          CONV_BUS|       pointer|
|m_axi_CONV_BUS_ARID      |  out|    1|       m_axi|                                                                          CONV_BUS|       pointer|
|m_axi_CONV_BUS_ARLEN     |  out|   32|       m_axi|                                                                          CONV_BUS|       pointer|
|m_axi_CONV_BUS_ARSIZE    |  out|    3|       m_axi|                                                                          CONV_BUS|       pointer|
|m_axi_CONV_BUS_ARBURST   |  out|    2|       m_axi|                                                                          CONV_BUS|       pointer|
|m_axi_CONV_BUS_ARLOCK    |  out|    2|       m_axi|                                                                          CONV_BUS|       pointer|
|m_axi_CONV_BUS_ARCACHE   |  out|    4|       m_axi|                                                                          CONV_BUS|       pointer|
|m_axi_CONV_BUS_ARPROT    |  out|    3|       m_axi|                                                                          CONV_BUS|       pointer|
|m_axi_CONV_BUS_ARQOS     |  out|    4|       m_axi|                                                                          CONV_BUS|       pointer|
|m_axi_CONV_BUS_ARREGION  |  out|    4|       m_axi|                                                                          CONV_BUS|       pointer|
|m_axi_CONV_BUS_ARUSER    |  out|    1|       m_axi|                                                                          CONV_BUS|       pointer|
|m_axi_CONV_BUS_RVALID    |   in|    1|       m_axi|                                                                          CONV_BUS|       pointer|
|m_axi_CONV_BUS_RREADY    |  out|    1|       m_axi|                                                                          CONV_BUS|       pointer|
|m_axi_CONV_BUS_RDATA     |   in|  128|       m_axi|                                                                          CONV_BUS|       pointer|
|m_axi_CONV_BUS_RLAST     |   in|    1|       m_axi|                                                                          CONV_BUS|       pointer|
|m_axi_CONV_BUS_RID       |   in|    1|       m_axi|                                                                          CONV_BUS|       pointer|
|m_axi_CONV_BUS_RFIFONUM  |   in|    9|       m_axi|                                                                          CONV_BUS|       pointer|
|m_axi_CONV_BUS_RUSER     |   in|    1|       m_axi|                                                                          CONV_BUS|       pointer|
|m_axi_CONV_BUS_RRESP     |   in|    2|       m_axi|                                                                          CONV_BUS|       pointer|
|m_axi_CONV_BUS_BVALID    |   in|    1|       m_axi|                                                                          CONV_BUS|       pointer|
|m_axi_CONV_BUS_BREADY    |  out|    1|       m_axi|                                                                          CONV_BUS|       pointer|
|m_axi_CONV_BUS_BRESP     |   in|    2|       m_axi|                                                                          CONV_BUS|       pointer|
|m_axi_CONV_BUS_BID       |   in|    1|       m_axi|                                                                          CONV_BUS|       pointer|
|m_axi_CONV_BUS_BUSER     |   in|    1|       m_axi|                                                                          CONV_BUS|       pointer|
|fifo_conv_w_2_din        |  out|  128|     ap_fifo|                                                                     fifo_conv_w_2|       pointer|
|fifo_conv_w_2_full_n     |   in|    1|     ap_fifo|                                                                     fifo_conv_w_2|       pointer|
|fifo_conv_w_2_write      |  out|    1|     ap_fifo|                                                                     fifo_conv_w_2|       pointer|
|fifo_conv_w_1_din        |  out|  128|     ap_fifo|                                                                     fifo_conv_w_1|       pointer|
|fifo_conv_w_1_full_n     |   in|    1|     ap_fifo|                                                                     fifo_conv_w_1|       pointer|
|fifo_conv_w_1_write      |  out|    1|     ap_fifo|                                                                     fifo_conv_w_1|       pointer|
|fifo_conv_w_0_din        |  out|  128|     ap_fifo|                                                                     fifo_conv_w_0|       pointer|
|fifo_conv_w_0_full_n     |   in|    1|     ap_fifo|                                                                     fifo_conv_w_0|       pointer|
|fifo_conv_w_0_write      |  out|    1|     ap_fifo|                                                                     fifo_conv_w_0|       pointer|
|fifo_conv_w_3_din        |  out|  128|     ap_fifo|                                                                     fifo_conv_w_3|       pointer|
|fifo_conv_w_3_full_n     |   in|    1|     ap_fifo|                                                                     fifo_conv_w_3|       pointer|
|fifo_conv_w_3_write      |  out|    1|     ap_fifo|                                                                     fifo_conv_w_3|       pointer|
|bound17                  |   in|   92|     ap_none|                                                                           bound17|        scalar|
|zext_ln221               |   in|   30|     ap_none|                                                                        zext_ln221|        scalar|
|bound4                   |   in|   64|     ap_none|                                                                            bound4|        scalar|
|and_ln                   |   in|   30|     ap_none|                                                                            and_ln|        scalar|
|bound                    |   in|   62|     ap_none|                                                                             bound|        scalar|
|mul11                    |   in|   32|     ap_none|                                                                             mul11|        scalar|
|Conv_Weight              |   in|   64|     ap_none|                                                                       Conv_Weight|        scalar|
+-------------------------+-----+-----+------------+----------------------------------------------------------------------------------+--------------+

