

================================================================
== Vitis HLS Report for 'ConvertToOutStream_Pipeline_VITIS_LOOP_601_5_VITIS_LOOP_604_6_VITIS_LOOP_607_7_V'
================================================================
* Date:           Tue Feb 25 14:23:55 2025

* Version:        2023.2 (Build 4023990 on Oct 11 2023)
* Project:        SDA
* Solution:       solution1 (Vivado IP Flow Target)
* Product family: virtexuplusHBM
* Target device:  xcvu35p_CIV-fsvh2892-3-e


================================================================
== Performance Estimates
================================================================
+ Timing: 
    * Summary: 
    +--------+----------+----------+------------+
    |  Clock |  Target  | Estimated| Uncertainty|
    +--------+----------+----------+------------+
    |ap_clk  |  10.00 ns|  3.642 ns|     2.70 ns|
    +--------+----------+----------+------------+

+ Latency: 
    * Summary: 
    +---------+---------+-----------+-----------+------+------+---------+
    |  Latency (cycles) |   Latency (absolute)  |   Interval  | Pipeline|
    |   min   |   max   |    min    |    max    |  min |  max |   Type  |
    +---------+---------+-----------+-----------+------+------+---------+
    |     4098|     4098|  40.980 us|  40.980 us|  4098|  4098|       no|
    +---------+---------+-----------+-----------+------+------+---------+

    + Detail: 
        * Instance: 
        N/A

        * Loop: 
        +----------------------------------------------------------------------------------------------------------+---------+---------+----------+-----------+-----------+------+----------+
        |                                                                                                          |  Latency (cycles) | Iteration|  Initiation Interval  | Trip |          |
        |                                                 Loop Name                                                |   min   |   max   |  Latency |  achieved |   target  | Count| Pipelined|
        +----------------------------------------------------------------------------------------------------------+---------+---------+----------+-----------+-----------+------+----------+
        |- VITIS_LOOP_601_5_VITIS_LOOP_604_6_VITIS_LOOP_607_7_VITIS_LOOP_609_8_VITIS_LOOP_611_9_VITIS_LOOP_613_10  |     4096|     4096|         2|          1|          1|  4096|       yes|
        +----------------------------------------------------------------------------------------------------------+---------+---------+----------+-----------+-----------+------+----------+



================================================================
== Utilization Estimates
================================================================
* Summary: 
+---------------------+---------+------+---------+--------+-----+
|         Name        | BRAM_18K|  DSP |    FF   |   LUT  | URAM|
+---------------------+---------+------+---------+--------+-----+
|DSP                  |        -|     -|        -|       -|    -|
|Expression           |        -|     -|        0|     839|    -|
|FIFO                 |        -|     -|        -|       -|    -|
|Instance             |        -|     -|        -|       -|    -|
|Memory               |        -|     -|        -|       -|    -|
|Multiplexer          |        -|     -|        -|    1539|    -|
|Register             |        -|     -|      215|       -|    -|
+---------------------+---------+------+---------+--------+-----+
|Total                |        0|     0|      215|    2378|    0|
+---------------------+---------+------+---------+--------+-----+
|Available SLR        |     1344|  2976|   871680|  435840|  320|
+---------------------+---------+------+---------+--------+-----+
|Utilization SLR (%)  |        0|     0|       ~0|      ~0|    0|
+---------------------+---------+------+---------+--------+-----+
|Available            |     2688|  5952|  1743360|  871680|  640|
+---------------------+---------+------+---------+--------+-----+
|Utilization (%)      |        0|     0|       ~0|      ~0|    0|
+---------------------+---------+------+---------+--------+-----+

+ Detail: 
    * Instance: 
    N/A

    * DSP: 
    N/A

    * Memory: 
    N/A

    * FIFO: 
    N/A

    * Expression: 
    +----------------------------------+----------+----+---+----+------------+------------+
    |           Variable Name          | Operation| DSP| FF| LUT| Bitwidth P0| Bitwidth P1|
    +----------------------------------+----------+----+---+----+------------+------------+
    |add_ln601_fu_1674_p2              |         +|   0|  0|  71|          64|           1|
    |add_ln604_1_fu_2013_p2            |         +|   0|  0|  44|          37|           1|
    |add_ln604_fu_1747_p2              |         +|   0|  0|  35|          28|           1|
    |add_ln607_1_fu_1999_p2            |         +|   0|  0|  17|          10|           1|
    |add_ln607_fu_1811_p2              |         +|   0|  0|  10|           3|           1|
    |add_ln609_fu_1979_p2              |         +|   0|  0|  15|           8|           1|
    |add_ln611_1_fu_1965_p2            |         +|   0|  0|  13|           6|           1|
    |add_ln611_fu_1893_p2              |         +|   0|  0|  10|           3|           1|
    |add_ln613_fu_1959_p2              |         +|   0|  0|  10|           3|           1|
    |and_ln601_1_fu_1785_p2            |       and|   0|  0|   2|           1|           1|
    |and_ln601_2_fu_1729_p2            |       and|   0|  0|   2|           1|           1|
    |and_ln601_3_fu_1741_p2            |       and|   0|  0|   2|           1|           1|
    |and_ln601_fu_1779_p2              |       and|   0|  0|   2|           1|           1|
    |and_ln604_1_fu_1791_p2            |       and|   0|  0|   2|           1|           1|
    |and_ln604_2_fu_1797_p2            |       and|   0|  0|   2|           1|           1|
    |and_ln604_fu_1829_p2              |       and|   0|  0|   2|           1|           1|
    |and_ln607_1_fu_1835_p2            |       and|   0|  0|   2|           1|           1|
    |and_ln607_fu_1881_p2              |       and|   0|  0|   2|           1|           1|
    |and_ln609_fu_1887_p2              |       and|   0|  0|   2|           1|           1|
    |ap_block_pp0_stage0_01001         |       and|   0|  0|   2|           1|           1|
    |ap_condition_2241                 |       and|   0|  0|   2|           1|           1|
    |ap_condition_2244                 |       and|   0|  0|   2|           1|           1|
    |ap_condition_2247                 |       and|   0|  0|   2|           1|           1|
    |ap_condition_2250                 |       and|   0|  0|   2|           1|           1|
    |ap_condition_2254                 |       and|   0|  0|   2|           1|           1|
    |ap_condition_2258                 |       and|   0|  0|   2|           1|           1|
    |ap_condition_2262                 |       and|   0|  0|   2|           1|           1|
    |ap_condition_2265                 |       and|   0|  0|   2|           1|           1|
    |ap_condition_2268                 |       and|   0|  0|   2|           1|           1|
    |ap_condition_2271                 |       and|   0|  0|   2|           1|           1|
    |ap_condition_2274                 |       and|   0|  0|   2|           1|           1|
    |ap_condition_2277                 |       and|   0|  0|   2|           1|           1|
    |ap_condition_2280                 |       and|   0|  0|   2|           1|           1|
    |ap_condition_2283                 |       and|   0|  0|   2|           1|           1|
    |ap_condition_2286                 |       and|   0|  0|   2|           1|           1|
    |ap_condition_2289                 |       and|   0|  0|   2|           1|           1|
    |ap_condition_2293                 |       and|   0|  0|   2|           1|           1|
    |ap_condition_2297                 |       and|   0|  0|   2|           1|           1|
    |ap_condition_2301                 |       and|   0|  0|   2|           1|           1|
    |ap_condition_2304                 |       and|   0|  0|   2|           1|           1|
    |ap_condition_2307                 |       and|   0|  0|   2|           1|           1|
    |ap_condition_2310                 |       and|   0|  0|   2|           1|           1|
    |ap_condition_2313                 |       and|   0|  0|   2|           1|           1|
    |ap_condition_2316                 |       and|   0|  0|   2|           1|           1|
    |ap_condition_2319                 |       and|   0|  0|   2|           1|           1|
    |ap_condition_2322                 |       and|   0|  0|   2|           1|           1|
    |ap_condition_2325                 |       and|   0|  0|   2|           1|           1|
    |ap_condition_2328                 |       and|   0|  0|   2|           1|           1|
    |ap_condition_2332                 |       and|   0|  0|   2|           1|           1|
    |ap_condition_2336                 |       and|   0|  0|   2|           1|           1|
    |ap_condition_2340                 |       and|   0|  0|   2|           1|           1|
    |ap_condition_2344                 |       and|   0|  0|   2|           1|           1|
    |ap_condition_2348                 |       and|   0|  0|   2|           1|           1|
    |ap_condition_2352                 |       and|   0|  0|   2|           1|           1|
    |ap_condition_2356                 |       and|   0|  0|   2|           1|           1|
    |ap_condition_2360                 |       and|   0|  0|   2|           1|           1|
    |ap_condition_2364                 |       and|   0|  0|   2|           1|           1|
    |ap_condition_2367                 |       and|   0|  0|   2|           1|           1|
    |ap_condition_2370                 |       and|   0|  0|   2|           1|           1|
    |ap_condition_2373                 |       and|   0|  0|   2|           1|           1|
    |ap_condition_2376                 |       and|   0|  0|   2|           1|           1|
    |ap_condition_2379                 |       and|   0|  0|   2|           1|           1|
    |ap_condition_2382                 |       and|   0|  0|   2|           1|           1|
    |ap_condition_2385                 |       and|   0|  0|   2|           1|           1|
    |ap_condition_2388                 |       and|   0|  0|   2|           1|           1|
    |ap_condition_2391                 |       and|   0|  0|   2|           1|           1|
    |ap_condition_2394                 |       and|   0|  0|   2|           1|           1|
    |ap_condition_2397                 |       and|   0|  0|   2|           1|           1|
    |ap_condition_2400                 |       and|   0|  0|   2|           1|           1|
    |ap_condition_2403                 |       and|   0|  0|   2|           1|           1|
    |ap_condition_2406                 |       and|   0|  0|   2|           1|           1|
    |ap_condition_2409                 |       and|   0|  0|   2|           1|           1|
    |ap_condition_2412                 |       and|   0|  0|   2|           1|           1|
    |ap_condition_2415                 |       and|   0|  0|   2|           1|           1|
    |ap_condition_2418                 |       and|   0|  0|   2|           1|           1|
    |ap_condition_2421                 |       and|   0|  0|   2|           1|           1|
    |ap_condition_2424                 |       and|   0|  0|   2|           1|           1|
    |ap_condition_2427                 |       and|   0|  0|   2|           1|           1|
    |ap_condition_2430                 |       and|   0|  0|   2|           1|           1|
    |ap_condition_2433                 |       and|   0|  0|   2|           1|           1|
    |ap_condition_2436                 |       and|   0|  0|   2|           1|           1|
    |ap_condition_2439                 |       and|   0|  0|   2|           1|           1|
    |ap_condition_2442                 |       and|   0|  0|   2|           1|           1|
    |ap_condition_2445                 |       and|   0|  0|   2|           1|           1|
    |ap_predicate_op319_read_state3    |       and|   0|  0|   2|           1|           1|
    |ap_predicate_op321_read_state3    |       and|   0|  0|   2|           1|           1|
    |ap_predicate_op323_read_state3    |       and|   0|  0|   2|           1|           1|
    |ap_predicate_op325_read_state3    |       and|   0|  0|   2|           1|           1|
    |ap_predicate_op327_read_state3    |       and|   0|  0|   2|           1|           1|
    |ap_predicate_op329_read_state3    |       and|   0|  0|   2|           1|           1|
    |ap_predicate_op331_read_state3    |       and|   0|  0|   2|           1|           1|
    |ap_predicate_op333_read_state3    |       and|   0|  0|   2|           1|           1|
    |ap_predicate_op335_read_state3    |       and|   0|  0|   2|           1|           1|
    |ap_predicate_op337_read_state3    |       and|   0|  0|   2|           1|           1|
    |ap_predicate_op339_read_state3    |       and|   0|  0|   2|           1|           1|
    |ap_predicate_op341_read_state3    |       and|   0|  0|   2|           1|           1|
    |ap_predicate_op343_read_state3    |       and|   0|  0|   2|           1|           1|
    |ap_predicate_op345_read_state3    |       and|   0|  0|   2|           1|           1|
    |ap_predicate_op347_read_state3    |       and|   0|  0|   2|           1|           1|
    |ap_predicate_op349_read_state3    |       and|   0|  0|   2|           1|           1|
    |ap_predicate_op351_read_state3    |       and|   0|  0|   2|           1|           1|
    |ap_predicate_op353_read_state3    |       and|   0|  0|   2|           1|           1|
    |ap_predicate_op355_read_state3    |       and|   0|  0|   2|           1|           1|
    |ap_predicate_op357_read_state3    |       and|   0|  0|   2|           1|           1|
    |ap_predicate_op359_read_state3    |       and|   0|  0|   2|           1|           1|
    |ap_predicate_op361_read_state3    |       and|   0|  0|   2|           1|           1|
    |ap_predicate_op363_read_state3    |       and|   0|  0|   2|           1|           1|
    |ap_predicate_op365_read_state3    |       and|   0|  0|   2|           1|           1|
    |ap_predicate_op367_read_state3    |       and|   0|  0|   2|           1|           1|
    |ap_predicate_op369_read_state3    |       and|   0|  0|   2|           1|           1|
    |ap_predicate_op371_read_state3    |       and|   0|  0|   2|           1|           1|
    |ap_predicate_op373_read_state3    |       and|   0|  0|   2|           1|           1|
    |ap_predicate_op375_read_state3    |       and|   0|  0|   2|           1|           1|
    |ap_predicate_op377_read_state3    |       and|   0|  0|   2|           1|           1|
    |ap_predicate_op379_read_state3    |       and|   0|  0|   2|           1|           1|
    |ap_predicate_op381_read_state3    |       and|   0|  0|   2|           1|           1|
    |ap_predicate_op383_read_state3    |       and|   0|  0|   2|           1|           1|
    |ap_predicate_op385_read_state3    |       and|   0|  0|   2|           1|           1|
    |ap_predicate_op387_read_state3    |       and|   0|  0|   2|           1|           1|
    |ap_predicate_op389_read_state3    |       and|   0|  0|   2|           1|           1|
    |ap_predicate_op391_read_state3    |       and|   0|  0|   2|           1|           1|
    |ap_predicate_op393_read_state3    |       and|   0|  0|   2|           1|           1|
    |ap_predicate_op395_read_state3    |       and|   0|  0|   2|           1|           1|
    |ap_predicate_op397_read_state3    |       and|   0|  0|   2|           1|           1|
    |ap_predicate_op399_read_state3    |       and|   0|  0|   2|           1|           1|
    |ap_predicate_op401_read_state3    |       and|   0|  0|   2|           1|           1|
    |ap_predicate_op403_read_state3    |       and|   0|  0|   2|           1|           1|
    |ap_predicate_op405_read_state3    |       and|   0|  0|   2|           1|           1|
    |ap_predicate_op407_read_state3    |       and|   0|  0|   2|           1|           1|
    |ap_predicate_op409_read_state3    |       and|   0|  0|   2|           1|           1|
    |ap_predicate_op411_read_state3    |       and|   0|  0|   2|           1|           1|
    |ap_predicate_op413_read_state3    |       and|   0|  0|   2|           1|           1|
    |ap_predicate_op415_read_state3    |       and|   0|  0|   2|           1|           1|
    |ap_predicate_op417_read_state3    |       and|   0|  0|   2|           1|           1|
    |ap_predicate_op419_read_state3    |       and|   0|  0|   2|           1|           1|
    |ap_predicate_op421_read_state3    |       and|   0|  0|   2|           1|           1|
    |ap_predicate_op423_read_state3    |       and|   0|  0|   2|           1|           1|
    |ap_predicate_op425_read_state3    |       and|   0|  0|   2|           1|           1|
    |ap_predicate_op427_read_state3    |       and|   0|  0|   2|           1|           1|
    |ap_predicate_op429_read_state3    |       and|   0|  0|   2|           1|           1|
    |ap_predicate_op431_read_state3    |       and|   0|  0|   2|           1|           1|
    |ap_predicate_op433_read_state3    |       and|   0|  0|   2|           1|           1|
    |ap_predicate_op435_read_state3    |       and|   0|  0|   2|           1|           1|
    |ap_predicate_op437_read_state3    |       and|   0|  0|   2|           1|           1|
    |ap_predicate_op439_read_state3    |       and|   0|  0|   2|           1|           1|
    |ap_predicate_op441_read_state3    |       and|   0|  0|   2|           1|           1|
    |ap_predicate_op443_read_state3    |       and|   0|  0|   2|           1|           1|
    |ap_predicate_op445_read_state3    |       and|   0|  0|   2|           1|           1|
    |icmp_ln601_fu_1669_p2             |      icmp|   0|  0|  71|          64|          64|
    |icmp_ln604_fu_1692_p2             |      icmp|   0|  0|  44|          37|          37|
    |icmp_ln607_fu_1735_p2             |      icmp|   0|  0|  17|          10|           9|
    |icmp_ln609_fu_1723_p2             |      icmp|   0|  0|  15|           8|           7|
    |icmp_ln611_fu_1717_p2             |      icmp|   0|  0|  13|           6|           5|
    |icmp_ln613_fu_1711_p2             |      icmp|   0|  0|  12|           3|           4|
    |ap_block_state3_pp0_stage0_iter2  |        or|   0|  0|   2|           1|           1|
    |or_ln604_1_fu_1773_p2             |        or|   0|  0|   2|           1|           1|
    |or_ln604_fu_1753_p2               |        or|   0|  0|   2|           1|           1|
    |or_ln607_fu_1817_p2               |        or|   0|  0|   2|           1|           1|
    |or_ln609_1_fu_1875_p2             |        or|   0|  0|   2|           1|           1|
    |or_ln609_2_fu_1855_p2             |        or|   0|  0|   2|           1|           1|
    |or_ln609_3_fu_1985_p2             |        or|   0|  0|   2|           1|           1|
    |or_ln609_fu_1849_p2               |        or|   0|  0|   2|           1|           1|
    |or_ln611_1_fu_1899_p2             |        or|   0|  0|   2|           1|           1|
    |or_ln611_2_fu_1911_p2             |        or|   0|  0|   2|           1|           1|
    |or_ln611_fu_1905_p2               |        or|   0|  0|   2|           1|           1|
    |select_ln601_fu_1697_p3           |    select|   0|  0|  28|           1|           1|
    |select_ln604_1_fu_1803_p3         |    select|   0|  0|  28|           1|          28|
    |select_ln604_2_fu_2019_p3         |    select|   0|  0|  37|           1|           1|
    |select_ln604_fu_1759_p3           |    select|   0|  0|   3|           1|           1|
    |select_ln607_1_fu_2005_p3         |    select|   0|  0|  10|           1|           1|
    |select_ln607_fu_1841_p3           |    select|   0|  0|   3|           1|           3|
    |select_ln609_1_fu_1991_p3         |    select|   0|  0|   8|           1|           1|
    |select_ln609_fu_1861_p3           |    select|   0|  0|   3|           1|           1|
    |select_ln611_1_fu_1925_p3         |    select|   0|  0|   3|           1|           3|
    |select_ln611_2_fu_1971_p3         |    select|   0|  0|   6|           1|           1|
    |select_ln611_fu_1917_p3           |    select|   0|  0|   3|           1|           1|
    |ap_enable_pp0                     |       xor|   0|  0|   2|           1|           2|
    |xor_ln601_fu_1705_p2              |       xor|   0|  0|   2|           1|           2|
    |xor_ln604_fu_1767_p2              |       xor|   0|  0|   2|           1|           2|
    |xor_ln607_fu_1823_p2              |       xor|   0|  0|   2|           2|           1|
    |xor_ln609_fu_1869_p2              |       xor|   0|  0|   2|           2|           1|
    +----------------------------------+----------+----+---+----+------------+------------+
    |Total                             |          |   0|  0| 839|         458|         335|
    +----------------------------------+----------+----+---+----+------------+------------+

    * Multiplexer: 
    +---------------------------------+-----+-----------+-----+-----------+
    |               Name              | LUT | Input Size| Bits| Total Bits|
    +---------------------------------+-----+-----------+-----+-----------+
    |MM_OUT_0_blk_n                   |    9|          2|    1|          2|
    |MM_OUT_10_blk_n                  |    9|          2|    1|          2|
    |MM_OUT_11_blk_n                  |    9|          2|    1|          2|
    |MM_OUT_12_blk_n                  |    9|          2|    1|          2|
    |MM_OUT_13_blk_n                  |    9|          2|    1|          2|
    |MM_OUT_14_blk_n                  |    9|          2|    1|          2|
    |MM_OUT_15_blk_n                  |    9|          2|    1|          2|
    |MM_OUT_16_blk_n                  |    9|          2|    1|          2|
    |MM_OUT_17_blk_n                  |    9|          2|    1|          2|
    |MM_OUT_18_blk_n                  |    9|          2|    1|          2|
    |MM_OUT_19_blk_n                  |    9|          2|    1|          2|
    |MM_OUT_1_blk_n                   |    9|          2|    1|          2|
    |MM_OUT_20_blk_n                  |    9|          2|    1|          2|
    |MM_OUT_21_blk_n                  |    9|          2|    1|          2|
    |MM_OUT_22_blk_n                  |    9|          2|    1|          2|
    |MM_OUT_23_blk_n                  |    9|          2|    1|          2|
    |MM_OUT_24_blk_n                  |    9|          2|    1|          2|
    |MM_OUT_25_blk_n                  |    9|          2|    1|          2|
    |MM_OUT_26_blk_n                  |    9|          2|    1|          2|
    |MM_OUT_27_blk_n                  |    9|          2|    1|          2|
    |MM_OUT_28_blk_n                  |    9|          2|    1|          2|
    |MM_OUT_29_blk_n                  |    9|          2|    1|          2|
    |MM_OUT_2_blk_n                   |    9|          2|    1|          2|
    |MM_OUT_30_blk_n                  |    9|          2|    1|          2|
    |MM_OUT_31_blk_n                  |    9|          2|    1|          2|
    |MM_OUT_32_blk_n                  |    9|          2|    1|          2|
    |MM_OUT_33_blk_n                  |    9|          2|    1|          2|
    |MM_OUT_34_blk_n                  |    9|          2|    1|          2|
    |MM_OUT_35_blk_n                  |    9|          2|    1|          2|
    |MM_OUT_36_blk_n                  |    9|          2|    1|          2|
    |MM_OUT_37_blk_n                  |    9|          2|    1|          2|
    |MM_OUT_38_blk_n                  |    9|          2|    1|          2|
    |MM_OUT_39_blk_n                  |    9|          2|    1|          2|
    |MM_OUT_3_blk_n                   |    9|          2|    1|          2|
    |MM_OUT_40_blk_n                  |    9|          2|    1|          2|
    |MM_OUT_41_blk_n                  |    9|          2|    1|          2|
    |MM_OUT_42_blk_n                  |    9|          2|    1|          2|
    |MM_OUT_43_blk_n                  |    9|          2|    1|          2|
    |MM_OUT_44_blk_n                  |    9|          2|    1|          2|
    |MM_OUT_45_blk_n                  |    9|          2|    1|          2|
    |MM_OUT_46_blk_n                  |    9|          2|    1|          2|
    |MM_OUT_47_blk_n                  |    9|          2|    1|          2|
    |MM_OUT_48_blk_n                  |    9|          2|    1|          2|
    |MM_OUT_49_blk_n                  |    9|          2|    1|          2|
    |MM_OUT_4_blk_n                   |    9|          2|    1|          2|
    |MM_OUT_50_blk_n                  |    9|          2|    1|          2|
    |MM_OUT_51_blk_n                  |    9|          2|    1|          2|
    |MM_OUT_52_blk_n                  |    9|          2|    1|          2|
    |MM_OUT_53_blk_n                  |    9|          2|    1|          2|
    |MM_OUT_54_blk_n                  |    9|          2|    1|          2|
    |MM_OUT_55_blk_n                  |    9|          2|    1|          2|
    |MM_OUT_56_blk_n                  |    9|          2|    1|          2|
    |MM_OUT_57_blk_n                  |    9|          2|    1|          2|
    |MM_OUT_58_blk_n                  |    9|          2|    1|          2|
    |MM_OUT_59_blk_n                  |    9|          2|    1|          2|
    |MM_OUT_5_blk_n                   |    9|          2|    1|          2|
    |MM_OUT_60_blk_n                  |    9|          2|    1|          2|
    |MM_OUT_61_blk_n                  |    9|          2|    1|          2|
    |MM_OUT_62_blk_n                  |    9|          2|    1|          2|
    |MM_OUT_63_blk_n                  |    9|          2|    1|          2|
    |MM_OUT_6_blk_n                   |    9|          2|    1|          2|
    |MM_OUT_7_blk_n                   |    9|          2|    1|          2|
    |MM_OUT_8_blk_n                   |    9|          2|    1|          2|
    |MM_OUT_9_blk_n                   |    9|          2|    1|          2|
    |ap_done_int                      |    9|          2|    1|          2|
    |ap_enable_reg_pp0_iter1          |    9|          2|    1|          2|
    |ap_enable_reg_pp0_iter2          |    9|          2|    1|          2|
    |ap_phi_mux_p_0_phi_fu_1347_p128  |  279|         65|   32|       2080|
    |c_fu_468                         |    9|          2|    3|          6|
    |fifo_SA_O_0_0_0_blk_n            |    9|          2|    1|          2|
    |fifo_SA_O_0_0_1_blk_n            |    9|          2|    1|          2|
    |fifo_SA_O_0_0_2_blk_n            |    9|          2|    1|          2|
    |fifo_SA_O_0_0_3_blk_n            |    9|          2|    1|          2|
    |fifo_SA_O_0_1_0_blk_n            |    9|          2|    1|          2|
    |fifo_SA_O_0_1_1_blk_n            |    9|          2|    1|          2|
    |fifo_SA_O_0_1_2_blk_n            |    9|          2|    1|          2|
    |fifo_SA_O_0_1_3_blk_n            |    9|          2|    1|          2|
    |fifo_SA_O_0_2_0_blk_n            |    9|          2|    1|          2|
    |fifo_SA_O_0_2_1_blk_n            |    9|          2|    1|          2|
    |fifo_SA_O_0_2_2_blk_n            |    9|          2|    1|          2|
    |fifo_SA_O_0_2_3_blk_n            |    9|          2|    1|          2|
    |fifo_SA_O_0_3_0_blk_n            |    9|          2|    1|          2|
    |fifo_SA_O_0_3_1_blk_n            |    9|          2|    1|          2|
    |fifo_SA_O_0_3_2_blk_n            |    9|          2|    1|          2|
    |fifo_SA_O_0_3_3_blk_n            |    9|          2|    1|          2|
    |fifo_SA_O_1_0_0_blk_n            |    9|          2|    1|          2|
    |fifo_SA_O_1_0_1_blk_n            |    9|          2|    1|          2|
    |fifo_SA_O_1_0_2_blk_n            |    9|          2|    1|          2|
    |fifo_SA_O_1_0_3_blk_n            |    9|          2|    1|          2|
    |fifo_SA_O_1_1_0_blk_n            |    9|          2|    1|          2|
    |fifo_SA_O_1_1_1_blk_n            |    9|          2|    1|          2|
    |fifo_SA_O_1_1_2_blk_n            |    9|          2|    1|          2|
    |fifo_SA_O_1_1_3_blk_n            |    9|          2|    1|          2|
    |fifo_SA_O_1_2_0_blk_n            |    9|          2|    1|          2|
    |fifo_SA_O_1_2_1_blk_n            |    9|          2|    1|          2|
    |fifo_SA_O_1_2_2_blk_n            |    9|          2|    1|          2|
    |fifo_SA_O_1_2_3_blk_n            |    9|          2|    1|          2|
    |fifo_SA_O_1_3_0_blk_n            |    9|          2|    1|          2|
    |fifo_SA_O_1_3_1_blk_n            |    9|          2|    1|          2|
    |fifo_SA_O_1_3_2_blk_n            |    9|          2|    1|          2|
    |fifo_SA_O_1_3_3_blk_n            |    9|          2|    1|          2|
    |fifo_SA_O_2_0_0_blk_n            |    9|          2|    1|          2|
    |fifo_SA_O_2_0_1_blk_n            |    9|          2|    1|          2|
    |fifo_SA_O_2_0_2_blk_n            |    9|          2|    1|          2|
    |fifo_SA_O_2_0_3_blk_n            |    9|          2|    1|          2|
    |fifo_SA_O_2_1_0_blk_n            |    9|          2|    1|          2|
    |fifo_SA_O_2_1_1_blk_n            |    9|          2|    1|          2|
    |fifo_SA_O_2_1_2_blk_n            |    9|          2|    1|          2|
    |fifo_SA_O_2_1_3_blk_n            |    9|          2|    1|          2|
    |fifo_SA_O_2_2_0_blk_n            |    9|          2|    1|          2|
    |fifo_SA_O_2_2_1_blk_n            |    9|          2|    1|          2|
    |fifo_SA_O_2_2_2_blk_n            |    9|          2|    1|          2|
    |fifo_SA_O_2_2_3_blk_n            |    9|          2|    1|          2|
    |fifo_SA_O_2_3_0_blk_n            |    9|          2|    1|          2|
    |fifo_SA_O_2_3_1_blk_n            |    9|          2|    1|          2|
    |fifo_SA_O_2_3_2_blk_n            |    9|          2|    1|          2|
    |fifo_SA_O_2_3_3_blk_n            |    9|          2|    1|          2|
    |fifo_SA_O_3_0_0_blk_n            |    9|          2|    1|          2|
    |fifo_SA_O_3_0_1_blk_n            |    9|          2|    1|          2|
    |fifo_SA_O_3_0_2_blk_n            |    9|          2|    1|          2|
    |fifo_SA_O_3_0_3_blk_n            |    9|          2|    1|          2|
    |fifo_SA_O_3_1_0_blk_n            |    9|          2|    1|          2|
    |fifo_SA_O_3_1_1_blk_n            |    9|          2|    1|          2|
    |fifo_SA_O_3_1_2_blk_n            |    9|          2|    1|          2|
    |fifo_SA_O_3_1_3_blk_n            |    9|          2|    1|          2|
    |fifo_SA_O_3_2_0_blk_n            |    9|          2|    1|          2|
    |fifo_SA_O_3_2_1_blk_n            |    9|          2|    1|          2|
    |fifo_SA_O_3_2_2_blk_n            |    9|          2|    1|          2|
    |fifo_SA_O_3_2_3_blk_n            |    9|          2|    1|          2|
    |fifo_SA_O_3_3_0_blk_n            |    9|          2|    1|          2|
    |fifo_SA_O_3_3_1_blk_n            |    9|          2|    1|          2|
    |fifo_SA_O_3_3_2_blk_n            |    9|          2|    1|          2|
    |fifo_SA_O_3_3_3_blk_n            |    9|          2|    1|          2|
    |indvar_flatten104_fu_496         |    9|          2|   64|        128|
    |indvar_flatten12_fu_476          |    9|          2|    8|         16|
    |indvar_flatten34_fu_484          |    9|          2|   10|         20|
    |indvar_flatten65_fu_492          |    9|          2|   37|         74|
    |indvar_flatten_fu_472            |    9|          2|    6|         12|
    |m_fu_488                         |    9|          2|   28|         56|
    |r_fu_480                         |    9|          2|    3|          6|
    |y_fu_464                         |    9|          2|    3|          6|
    +---------------------------------+-----+-----------+-----+-----------+
    |Total                            | 1539|        345|  325|       2666|
    +---------------------------------+-----+-----------+-----+-----------+

    * Register: 
    +--------------------------+----+----+-----+-----------+
    |           Name           | FF | LUT| Bits| Const Bits|
    +--------------------------+----+----+-----+-----------+
    |add_ln616_1_reg_2161      |   6|   0|    6|          0|
    |ap_CS_fsm                 |   1|   0|    1|          0|
    |ap_done_reg               |   1|   0|    1|          0|
    |ap_enable_reg_pp0_iter1   |   1|   0|    1|          0|
    |ap_enable_reg_pp0_iter2   |   1|   0|    1|          0|
    |bound39_cast_reg_2140     |  36|   0|   37|          1|
    |c_fu_468                  |   3|   0|    3|          0|
    |icmp_ln601_reg_2145       |   1|   0|    1|          0|
    |indvar_flatten104_fu_496  |  64|   0|   64|          0|
    |indvar_flatten12_fu_476   |   8|   0|    8|          0|
    |indvar_flatten34_fu_484   |  10|   0|   10|          0|
    |indvar_flatten65_fu_492   |  37|   0|   37|          0|
    |indvar_flatten_fu_472     |   6|   0|    6|          0|
    |m_fu_488                  |  28|   0|   28|          0|
    |r_fu_480                  |   3|   0|    3|          0|
    |trunc_ln607_reg_2149      |   2|   0|    2|          0|
    |trunc_ln611_reg_2153      |   2|   0|    2|          0|
    |trunc_ln613_reg_2157      |   2|   0|    2|          0|
    |y_fu_464                  |   3|   0|    3|          0|
    +--------------------------+----+----+-----+-----------+
    |Total                     | 215|   0|  216|          1|
    +--------------------------+----+----+-----+-----------+



================================================================
== Interface
================================================================
* Summary: 
+-------------------------+-----+-----+------------+----------------------------------------------------------------------------------+--------------+
|        RTL Ports        | Dir | Bits|  Protocol  |                                   Source Object                                  |    C Type    |
+-------------------------+-----+-----+------------+----------------------------------------------------------------------------------+--------------+
|ap_clk                   |   in|    1|  ap_ctrl_hs|  ConvertToOutStream_Pipeline_VITIS_LOOP_601_5_VITIS_LOOP_604_6_VITIS_LOOP_607_7_V|  return value|
|ap_rst                   |   in|    1|  ap_ctrl_hs|  ConvertToOutStream_Pipeline_VITIS_LOOP_601_5_VITIS_LOOP_604_6_VITIS_LOOP_607_7_V|  return value|
|ap_start                 |   in|    1|  ap_ctrl_hs|  ConvertToOutStream_Pipeline_VITIS_LOOP_601_5_VITIS_LOOP_604_6_VITIS_LOOP_607_7_V|  return value|
|ap_done                  |  out|    1|  ap_ctrl_hs|  ConvertToOutStream_Pipeline_VITIS_LOOP_601_5_VITIS_LOOP_604_6_VITIS_LOOP_607_7_V|  return value|
|ap_idle                  |  out|    1|  ap_ctrl_hs|  ConvertToOutStream_Pipeline_VITIS_LOOP_601_5_VITIS_LOOP_604_6_VITIS_LOOP_607_7_V|  return value|
|ap_ready                 |  out|    1|  ap_ctrl_hs|  ConvertToOutStream_Pipeline_VITIS_LOOP_601_5_VITIS_LOOP_604_6_VITIS_LOOP_607_7_V|  return value|
|fifo_SA_O_2_2_2_dout     |   in|   32|     ap_fifo|                                                                   fifo_SA_O_2_2_2|       pointer|
|fifo_SA_O_2_2_2_empty_n  |   in|    1|     ap_fifo|                                                                   fifo_SA_O_2_2_2|       pointer|
|fifo_SA_O_2_2_2_read     |  out|    1|     ap_fifo|                                                                   fifo_SA_O_2_2_2|       pointer|
|fifo_SA_O_2_2_1_dout     |   in|   32|     ap_fifo|                                                                   fifo_SA_O_2_2_1|       pointer|
|fifo_SA_O_2_2_1_empty_n  |   in|    1|     ap_fifo|                                                                   fifo_SA_O_2_2_1|       pointer|
|fifo_SA_O_2_2_1_read     |  out|    1|     ap_fifo|                                                                   fifo_SA_O_2_2_1|       pointer|
|fifo_SA_O_2_2_0_dout     |   in|   32|     ap_fifo|                                                                   fifo_SA_O_2_2_0|       pointer|
|fifo_SA_O_2_2_0_empty_n  |   in|    1|     ap_fifo|                                                                   fifo_SA_O_2_2_0|       pointer|
|fifo_SA_O_2_2_0_read     |  out|    1|     ap_fifo|                                                                   fifo_SA_O_2_2_0|       pointer|
|fifo_SA_O_2_2_3_dout     |   in|   32|     ap_fifo|                                                                   fifo_SA_O_2_2_3|       pointer|
|fifo_SA_O_2_2_3_empty_n  |   in|    1|     ap_fifo|                                                                   fifo_SA_O_2_2_3|       pointer|
|fifo_SA_O_2_2_3_read     |  out|    1|     ap_fifo|                                                                   fifo_SA_O_2_2_3|       pointer|
|fifo_SA_O_2_1_2_dout     |   in|   32|     ap_fifo|                                                                   fifo_SA_O_2_1_2|       pointer|
|fifo_SA_O_2_1_2_empty_n  |   in|    1|     ap_fifo|                                                                   fifo_SA_O_2_1_2|       pointer|
|fifo_SA_O_2_1_2_read     |  out|    1|     ap_fifo|                                                                   fifo_SA_O_2_1_2|       pointer|
|fifo_SA_O_2_1_1_dout     |   in|   32|     ap_fifo|                                                                   fifo_SA_O_2_1_1|       pointer|
|fifo_SA_O_2_1_1_empty_n  |   in|    1|     ap_fifo|                                                                   fifo_SA_O_2_1_1|       pointer|
|fifo_SA_O_2_1_1_read     |  out|    1|     ap_fifo|                                                                   fifo_SA_O_2_1_1|       pointer|
|fifo_SA_O_2_1_0_dout     |   in|   32|     ap_fifo|                                                                   fifo_SA_O_2_1_0|       pointer|
|fifo_SA_O_2_1_0_empty_n  |   in|    1|     ap_fifo|                                                                   fifo_SA_O_2_1_0|       pointer|
|fifo_SA_O_2_1_0_read     |  out|    1|     ap_fifo|                                                                   fifo_SA_O_2_1_0|       pointer|
|fifo_SA_O_2_1_3_dout     |   in|   32|     ap_fifo|                                                                   fifo_SA_O_2_1_3|       pointer|
|fifo_SA_O_2_1_3_empty_n  |   in|    1|     ap_fifo|                                                                   fifo_SA_O_2_1_3|       pointer|
|fifo_SA_O_2_1_3_read     |  out|    1|     ap_fifo|                                                                   fifo_SA_O_2_1_3|       pointer|
|fifo_SA_O_2_0_2_dout     |   in|   32|     ap_fifo|                                                                   fifo_SA_O_2_0_2|       pointer|
|fifo_SA_O_2_0_2_empty_n  |   in|    1|     ap_fifo|                                                                   fifo_SA_O_2_0_2|       pointer|
|fifo_SA_O_2_0_2_read     |  out|    1|     ap_fifo|                                                                   fifo_SA_O_2_0_2|       pointer|
|fifo_SA_O_2_0_1_dout     |   in|   32|     ap_fifo|                                                                   fifo_SA_O_2_0_1|       pointer|
|fifo_SA_O_2_0_1_empty_n  |   in|    1|     ap_fifo|                                                                   fifo_SA_O_2_0_1|       pointer|
|fifo_SA_O_2_0_1_read     |  out|    1|     ap_fifo|                                                                   fifo_SA_O_2_0_1|       pointer|
|fifo_SA_O_2_0_0_dout     |   in|   32|     ap_fifo|                                                                   fifo_SA_O_2_0_0|       pointer|
|fifo_SA_O_2_0_0_empty_n  |   in|    1|     ap_fifo|                                                                   fifo_SA_O_2_0_0|       pointer|
|fifo_SA_O_2_0_0_read     |  out|    1|     ap_fifo|                                                                   fifo_SA_O_2_0_0|       pointer|
|fifo_SA_O_2_0_3_dout     |   in|   32|     ap_fifo|                                                                   fifo_SA_O_2_0_3|       pointer|
|fifo_SA_O_2_0_3_empty_n  |   in|    1|     ap_fifo|                                                                   fifo_SA_O_2_0_3|       pointer|
|fifo_SA_O_2_0_3_read     |  out|    1|     ap_fifo|                                                                   fifo_SA_O_2_0_3|       pointer|
|fifo_SA_O_2_3_2_dout     |   in|   32|     ap_fifo|                                                                   fifo_SA_O_2_3_2|       pointer|
|fifo_SA_O_2_3_2_empty_n  |   in|    1|     ap_fifo|                                                                   fifo_SA_O_2_3_2|       pointer|
|fifo_SA_O_2_3_2_read     |  out|    1|     ap_fifo|                                                                   fifo_SA_O_2_3_2|       pointer|
|fifo_SA_O_2_3_1_dout     |   in|   32|     ap_fifo|                                                                   fifo_SA_O_2_3_1|       pointer|
|fifo_SA_O_2_3_1_empty_n  |   in|    1|     ap_fifo|                                                                   fifo_SA_O_2_3_1|       pointer|
|fifo_SA_O_2_3_1_read     |  out|    1|     ap_fifo|                                                                   fifo_SA_O_2_3_1|       pointer|
|fifo_SA_O_2_3_0_dout     |   in|   32|     ap_fifo|                                                                   fifo_SA_O_2_3_0|       pointer|
|fifo_SA_O_2_3_0_empty_n  |   in|    1|     ap_fifo|                                                                   fifo_SA_O_2_3_0|       pointer|
|fifo_SA_O_2_3_0_read     |  out|    1|     ap_fifo|                                                                   fifo_SA_O_2_3_0|       pointer|
|fifo_SA_O_2_3_3_dout     |   in|   32|     ap_fifo|                                                                   fifo_SA_O_2_3_3|       pointer|
|fifo_SA_O_2_3_3_empty_n  |   in|    1|     ap_fifo|                                                                   fifo_SA_O_2_3_3|       pointer|
|fifo_SA_O_2_3_3_read     |  out|    1|     ap_fifo|                                                                   fifo_SA_O_2_3_3|       pointer|
|fifo_SA_O_1_2_2_dout     |   in|   32|     ap_fifo|                                                                   fifo_SA_O_1_2_2|       pointer|
|fifo_SA_O_1_2_2_empty_n  |   in|    1|     ap_fifo|                                                                   fifo_SA_O_1_2_2|       pointer|
|fifo_SA_O_1_2_2_read     |  out|    1|     ap_fifo|                                                                   fifo_SA_O_1_2_2|       pointer|
|fifo_SA_O_1_2_1_dout     |   in|   32|     ap_fifo|                                                                   fifo_SA_O_1_2_1|       pointer|
|fifo_SA_O_1_2_1_empty_n  |   in|    1|     ap_fifo|                                                                   fifo_SA_O_1_2_1|       pointer|
|fifo_SA_O_1_2_1_read     |  out|    1|     ap_fifo|                                                                   fifo_SA_O_1_2_1|       pointer|
|fifo_SA_O_1_2_0_dout     |   in|   32|     ap_fifo|                                                                   fifo_SA_O_1_2_0|       pointer|
|fifo_SA_O_1_2_0_empty_n  |   in|    1|     ap_fifo|                                                                   fifo_SA_O_1_2_0|       pointer|
|fifo_SA_O_1_2_0_read     |  out|    1|     ap_fifo|                                                                   fifo_SA_O_1_2_0|       pointer|
|fifo_SA_O_1_2_3_dout     |   in|   32|     ap_fifo|                                                                   fifo_SA_O_1_2_3|       pointer|
|fifo_SA_O_1_2_3_empty_n  |   in|    1|     ap_fifo|                                                                   fifo_SA_O_1_2_3|       pointer|
|fifo_SA_O_1_2_3_read     |  out|    1|     ap_fifo|                                                                   fifo_SA_O_1_2_3|       pointer|
|fifo_SA_O_1_1_2_dout     |   in|   32|     ap_fifo|                                                                   fifo_SA_O_1_1_2|       pointer|
|fifo_SA_O_1_1_2_empty_n  |   in|    1|     ap_fifo|                                                                   fifo_SA_O_1_1_2|       pointer|
|fifo_SA_O_1_1_2_read     |  out|    1|     ap_fifo|                                                                   fifo_SA_O_1_1_2|       pointer|
|fifo_SA_O_1_1_1_dout     |   in|   32|     ap_fifo|                                                                   fifo_SA_O_1_1_1|       pointer|
|fifo_SA_O_1_1_1_empty_n  |   in|    1|     ap_fifo|                                                                   fifo_SA_O_1_1_1|       pointer|
|fifo_SA_O_1_1_1_read     |  out|    1|     ap_fifo|                                                                   fifo_SA_O_1_1_1|       pointer|
|fifo_SA_O_1_1_0_dout     |   in|   32|     ap_fifo|                                                                   fifo_SA_O_1_1_0|       pointer|
|fifo_SA_O_1_1_0_empty_n  |   in|    1|     ap_fifo|                                                                   fifo_SA_O_1_1_0|       pointer|
|fifo_SA_O_1_1_0_read     |  out|    1|     ap_fifo|                                                                   fifo_SA_O_1_1_0|       pointer|
|fifo_SA_O_1_1_3_dout     |   in|   32|     ap_fifo|                                                                   fifo_SA_O_1_1_3|       pointer|
|fifo_SA_O_1_1_3_empty_n  |   in|    1|     ap_fifo|                                                                   fifo_SA_O_1_1_3|       pointer|
|fifo_SA_O_1_1_3_read     |  out|    1|     ap_fifo|                                                                   fifo_SA_O_1_1_3|       pointer|
|fifo_SA_O_1_0_2_dout     |   in|   32|     ap_fifo|                                                                   fifo_SA_O_1_0_2|       pointer|
|fifo_SA_O_1_0_2_empty_n  |   in|    1|     ap_fifo|                                                                   fifo_SA_O_1_0_2|       pointer|
|fifo_SA_O_1_0_2_read     |  out|    1|     ap_fifo|                                                                   fifo_SA_O_1_0_2|       pointer|
|fifo_SA_O_1_0_1_dout     |   in|   32|     ap_fifo|                                                                   fifo_SA_O_1_0_1|       pointer|
|fifo_SA_O_1_0_1_empty_n  |   in|    1|     ap_fifo|                                                                   fifo_SA_O_1_0_1|       pointer|
|fifo_SA_O_1_0_1_read     |  out|    1|     ap_fifo|                                                                   fifo_SA_O_1_0_1|       pointer|
|fifo_SA_O_1_0_0_dout     |   in|   32|     ap_fifo|                                                                   fifo_SA_O_1_0_0|       pointer|
|fifo_SA_O_1_0_0_empty_n  |   in|    1|     ap_fifo|                                                                   fifo_SA_O_1_0_0|       pointer|
|fifo_SA_O_1_0_0_read     |  out|    1|     ap_fifo|                                                                   fifo_SA_O_1_0_0|       pointer|
|fifo_SA_O_1_0_3_dout     |   in|   32|     ap_fifo|                                                                   fifo_SA_O_1_0_3|       pointer|
|fifo_SA_O_1_0_3_empty_n  |   in|    1|     ap_fifo|                                                                   fifo_SA_O_1_0_3|       pointer|
|fifo_SA_O_1_0_3_read     |  out|    1|     ap_fifo|                                                                   fifo_SA_O_1_0_3|       pointer|
|fifo_SA_O_1_3_2_dout     |   in|   32|     ap_fifo|                                                                   fifo_SA_O_1_3_2|       pointer|
|fifo_SA_O_1_3_2_empty_n  |   in|    1|     ap_fifo|                                                                   fifo_SA_O_1_3_2|       pointer|
|fifo_SA_O_1_3_2_read     |  out|    1|     ap_fifo|                                                                   fifo_SA_O_1_3_2|       pointer|
|fifo_SA_O_1_3_1_dout     |   in|   32|     ap_fifo|                                                                   fifo_SA_O_1_3_1|       pointer|
|fifo_SA_O_1_3_1_empty_n  |   in|    1|     ap_fifo|                                                                   fifo_SA_O_1_3_1|       pointer|
|fifo_SA_O_1_3_1_read     |  out|    1|     ap_fifo|                                                                   fifo_SA_O_1_3_1|       pointer|
|fifo_SA_O_1_3_0_dout     |   in|   32|     ap_fifo|                                                                   fifo_SA_O_1_3_0|       pointer|
|fifo_SA_O_1_3_0_empty_n  |   in|    1|     ap_fifo|                                                                   fifo_SA_O_1_3_0|       pointer|
|fifo_SA_O_1_3_0_read     |  out|    1|     ap_fifo|                                                                   fifo_SA_O_1_3_0|       pointer|
|fifo_SA_O_1_3_3_dout     |   in|   32|     ap_fifo|                                                                   fifo_SA_O_1_3_3|       pointer|
|fifo_SA_O_1_3_3_empty_n  |   in|    1|     ap_fifo|                                                                   fifo_SA_O_1_3_3|       pointer|
|fifo_SA_O_1_3_3_read     |  out|    1|     ap_fifo|                                                                   fifo_SA_O_1_3_3|       pointer|
|fifo_SA_O_0_2_2_dout     |   in|   32|     ap_fifo|                                                                   fifo_SA_O_0_2_2|       pointer|
|fifo_SA_O_0_2_2_empty_n  |   in|    1|     ap_fifo|                                                                   fifo_SA_O_0_2_2|       pointer|
|fifo_SA_O_0_2_2_read     |  out|    1|     ap_fifo|                                                                   fifo_SA_O_0_2_2|       pointer|
|fifo_SA_O_0_2_1_dout     |   in|   32|     ap_fifo|                                                                   fifo_SA_O_0_2_1|       pointer|
|fifo_SA_O_0_2_1_empty_n  |   in|    1|     ap_fifo|                                                                   fifo_SA_O_0_2_1|       pointer|
|fifo_SA_O_0_2_1_read     |  out|    1|     ap_fifo|                                                                   fifo_SA_O_0_2_1|       pointer|
|fifo_SA_O_0_2_0_dout     |   in|   32|     ap_fifo|                                                                   fifo_SA_O_0_2_0|       pointer|
|fifo_SA_O_0_2_0_empty_n  |   in|    1|     ap_fifo|                                                                   fifo_SA_O_0_2_0|       pointer|
|fifo_SA_O_0_2_0_read     |  out|    1|     ap_fifo|                                                                   fifo_SA_O_0_2_0|       pointer|
|fifo_SA_O_0_2_3_dout     |   in|   32|     ap_fifo|                                                                   fifo_SA_O_0_2_3|       pointer|
|fifo_SA_O_0_2_3_empty_n  |   in|    1|     ap_fifo|                                                                   fifo_SA_O_0_2_3|       pointer|
|fifo_SA_O_0_2_3_read     |  out|    1|     ap_fifo|                                                                   fifo_SA_O_0_2_3|       pointer|
|fifo_SA_O_0_1_2_dout     |   in|   32|     ap_fifo|                                                                   fifo_SA_O_0_1_2|       pointer|
|fifo_SA_O_0_1_2_empty_n  |   in|    1|     ap_fifo|                                                                   fifo_SA_O_0_1_2|       pointer|
|fifo_SA_O_0_1_2_read     |  out|    1|     ap_fifo|                                                                   fifo_SA_O_0_1_2|       pointer|
|fifo_SA_O_0_1_1_dout     |   in|   32|     ap_fifo|                                                                   fifo_SA_O_0_1_1|       pointer|
|fifo_SA_O_0_1_1_empty_n  |   in|    1|     ap_fifo|                                                                   fifo_SA_O_0_1_1|       pointer|
|fifo_SA_O_0_1_1_read     |  out|    1|     ap_fifo|                                                                   fifo_SA_O_0_1_1|       pointer|
|fifo_SA_O_0_1_0_dout     |   in|   32|     ap_fifo|                                                                   fifo_SA_O_0_1_0|       pointer|
|fifo_SA_O_0_1_0_empty_n  |   in|    1|     ap_fifo|                                                                   fifo_SA_O_0_1_0|       pointer|
|fifo_SA_O_0_1_0_read     |  out|    1|     ap_fifo|                                                                   fifo_SA_O_0_1_0|       pointer|
|fifo_SA_O_0_1_3_dout     |   in|   32|     ap_fifo|                                                                   fifo_SA_O_0_1_3|       pointer|
|fifo_SA_O_0_1_3_empty_n  |   in|    1|     ap_fifo|                                                                   fifo_SA_O_0_1_3|       pointer|
|fifo_SA_O_0_1_3_read     |  out|    1|     ap_fifo|                                                                   fifo_SA_O_0_1_3|       pointer|
|fifo_SA_O_0_0_2_dout     |   in|   32|     ap_fifo|                                                                   fifo_SA_O_0_0_2|       pointer|
|fifo_SA_O_0_0_2_empty_n  |   in|    1|     ap_fifo|                                                                   fifo_SA_O_0_0_2|       pointer|
|fifo_SA_O_0_0_2_read     |  out|    1|     ap_fifo|                                                                   fifo_SA_O_0_0_2|       pointer|
|fifo_SA_O_0_0_1_dout     |   in|   32|     ap_fifo|                                                                   fifo_SA_O_0_0_1|       pointer|
|fifo_SA_O_0_0_1_empty_n  |   in|    1|     ap_fifo|                                                                   fifo_SA_O_0_0_1|       pointer|
|fifo_SA_O_0_0_1_read     |  out|    1|     ap_fifo|                                                                   fifo_SA_O_0_0_1|       pointer|
|fifo_SA_O_0_0_0_dout     |   in|   32|     ap_fifo|                                                                   fifo_SA_O_0_0_0|       pointer|
|fifo_SA_O_0_0_0_empty_n  |   in|    1|     ap_fifo|                                                                   fifo_SA_O_0_0_0|       pointer|
|fifo_SA_O_0_0_0_read     |  out|    1|     ap_fifo|                                                                   fifo_SA_O_0_0_0|       pointer|
|fifo_SA_O_0_0_3_dout     |   in|   32|     ap_fifo|                                                                   fifo_SA_O_0_0_3|       pointer|
|fifo_SA_O_0_0_3_empty_n  |   in|    1|     ap_fifo|                                                                   fifo_SA_O_0_0_3|       pointer|
|fifo_SA_O_0_0_3_read     |  out|    1|     ap_fifo|                                                                   fifo_SA_O_0_0_3|       pointer|
|fifo_SA_O_0_3_2_dout     |   in|   32|     ap_fifo|                                                                   fifo_SA_O_0_3_2|       pointer|
|fifo_SA_O_0_3_2_empty_n  |   in|    1|     ap_fifo|                                                                   fifo_SA_O_0_3_2|       pointer|
|fifo_SA_O_0_3_2_read     |  out|    1|     ap_fifo|                                                                   fifo_SA_O_0_3_2|       pointer|
|fifo_SA_O_0_3_1_dout     |   in|   32|     ap_fifo|                                                                   fifo_SA_O_0_3_1|       pointer|
|fifo_SA_O_0_3_1_empty_n  |   in|    1|     ap_fifo|                                                                   fifo_SA_O_0_3_1|       pointer|
|fifo_SA_O_0_3_1_read     |  out|    1|     ap_fifo|                                                                   fifo_SA_O_0_3_1|       pointer|
|fifo_SA_O_0_3_0_dout     |   in|   32|     ap_fifo|                                                                   fifo_SA_O_0_3_0|       pointer|
|fifo_SA_O_0_3_0_empty_n  |   in|    1|     ap_fifo|                                                                   fifo_SA_O_0_3_0|       pointer|
|fifo_SA_O_0_3_0_read     |  out|    1|     ap_fifo|                                                                   fifo_SA_O_0_3_0|       pointer|
|fifo_SA_O_0_3_3_dout     |   in|   32|     ap_fifo|                                                                   fifo_SA_O_0_3_3|       pointer|
|fifo_SA_O_0_3_3_empty_n  |   in|    1|     ap_fifo|                                                                   fifo_SA_O_0_3_3|       pointer|
|fifo_SA_O_0_3_3_read     |  out|    1|     ap_fifo|                                                                   fifo_SA_O_0_3_3|       pointer|
|fifo_SA_O_3_2_2_dout     |   in|   32|     ap_fifo|                                                                   fifo_SA_O_3_2_2|       pointer|
|fifo_SA_O_3_2_2_empty_n  |   in|    1|     ap_fifo|                                                                   fifo_SA_O_3_2_2|       pointer|
|fifo_SA_O_3_2_2_read     |  out|    1|     ap_fifo|                                                                   fifo_SA_O_3_2_2|       pointer|
|fifo_SA_O_3_2_1_dout     |   in|   32|     ap_fifo|                                                                   fifo_SA_O_3_2_1|       pointer|
|fifo_SA_O_3_2_1_empty_n  |   in|    1|     ap_fifo|                                                                   fifo_SA_O_3_2_1|       pointer|
|fifo_SA_O_3_2_1_read     |  out|    1|     ap_fifo|                                                                   fifo_SA_O_3_2_1|       pointer|
|fifo_SA_O_3_2_0_dout     |   in|   32|     ap_fifo|                                                                   fifo_SA_O_3_2_0|       pointer|
|fifo_SA_O_3_2_0_empty_n  |   in|    1|     ap_fifo|                                                                   fifo_SA_O_3_2_0|       pointer|
|fifo_SA_O_3_2_0_read     |  out|    1|     ap_fifo|                                                                   fifo_SA_O_3_2_0|       pointer|
|fifo_SA_O_3_2_3_dout     |   in|   32|     ap_fifo|                                                                   fifo_SA_O_3_2_3|       pointer|
|fifo_SA_O_3_2_3_empty_n  |   in|    1|     ap_fifo|                                                                   fifo_SA_O_3_2_3|       pointer|
|fifo_SA_O_3_2_3_read     |  out|    1|     ap_fifo|                                                                   fifo_SA_O_3_2_3|       pointer|
|fifo_SA_O_3_1_2_dout     |   in|   32|     ap_fifo|                                                                   fifo_SA_O_3_1_2|       pointer|
|fifo_SA_O_3_1_2_empty_n  |   in|    1|     ap_fifo|                                                                   fifo_SA_O_3_1_2|       pointer|
|fifo_SA_O_3_1_2_read     |  out|    1|     ap_fifo|                                                                   fifo_SA_O_3_1_2|       pointer|
|fifo_SA_O_3_1_1_dout     |   in|   32|     ap_fifo|                                                                   fifo_SA_O_3_1_1|       pointer|
|fifo_SA_O_3_1_1_empty_n  |   in|    1|     ap_fifo|                                                                   fifo_SA_O_3_1_1|       pointer|
|fifo_SA_O_3_1_1_read     |  out|    1|     ap_fifo|                                                                   fifo_SA_O_3_1_1|       pointer|
|fifo_SA_O_3_1_0_dout     |   in|   32|     ap_fifo|                                                                   fifo_SA_O_3_1_0|       pointer|
|fifo_SA_O_3_1_0_empty_n  |   in|    1|     ap_fifo|                                                                   fifo_SA_O_3_1_0|       pointer|
|fifo_SA_O_3_1_0_read     |  out|    1|     ap_fifo|                                                                   fifo_SA_O_3_1_0|       pointer|
|fifo_SA_O_3_1_3_dout     |   in|   32|     ap_fifo|                                                                   fifo_SA_O_3_1_3|       pointer|
|fifo_SA_O_3_1_3_empty_n  |   in|    1|     ap_fifo|                                                                   fifo_SA_O_3_1_3|       pointer|
|fifo_SA_O_3_1_3_read     |  out|    1|     ap_fifo|                                                                   fifo_SA_O_3_1_3|       pointer|
|fifo_SA_O_3_0_2_dout     |   in|   32|     ap_fifo|                                                                   fifo_SA_O_3_0_2|       pointer|
|fifo_SA_O_3_0_2_empty_n  |   in|    1|     ap_fifo|                                                                   fifo_SA_O_3_0_2|       pointer|
|fifo_SA_O_3_0_2_read     |  out|    1|     ap_fifo|                                                                   fifo_SA_O_3_0_2|       pointer|
|fifo_SA_O_3_0_1_dout     |   in|   32|     ap_fifo|                                                                   fifo_SA_O_3_0_1|       pointer|
|fifo_SA_O_3_0_1_empty_n  |   in|    1|     ap_fifo|                                                                   fifo_SA_O_3_0_1|       pointer|
|fifo_SA_O_3_0_1_read     |  out|    1|     ap_fifo|                                                                   fifo_SA_O_3_0_1|       pointer|
|fifo_SA_O_3_0_0_dout     |   in|   32|     ap_fifo|                                                                   fifo_SA_O_3_0_0|       pointer|
|fifo_SA_O_3_0_0_empty_n  |   in|    1|     ap_fifo|                                                                   fifo_SA_O_3_0_0|       pointer|
|fifo_SA_O_3_0_0_read     |  out|    1|     ap_fifo|                                                                   fifo_SA_O_3_0_0|       pointer|
|fifo_SA_O_3_0_3_dout     |   in|   32|     ap_fifo|                                                                   fifo_SA_O_3_0_3|       pointer|
|fifo_SA_O_3_0_3_empty_n  |   in|    1|     ap_fifo|                                                                   fifo_SA_O_3_0_3|       pointer|
|fifo_SA_O_3_0_3_read     |  out|    1|     ap_fifo|                                                                   fifo_SA_O_3_0_3|       pointer|
|fifo_SA_O_3_3_2_dout     |   in|   32|     ap_fifo|                                                                   fifo_SA_O_3_3_2|       pointer|
|fifo_SA_O_3_3_2_empty_n  |   in|    1|     ap_fifo|                                                                   fifo_SA_O_3_3_2|       pointer|
|fifo_SA_O_3_3_2_read     |  out|    1|     ap_fifo|                                                                   fifo_SA_O_3_3_2|       pointer|
|fifo_SA_O_3_3_1_dout     |   in|   32|     ap_fifo|                                                                   fifo_SA_O_3_3_1|       pointer|
|fifo_SA_O_3_3_1_empty_n  |   in|    1|     ap_fifo|                                                                   fifo_SA_O_3_3_1|       pointer|
|fifo_SA_O_3_3_1_read     |  out|    1|     ap_fifo|                                                                   fifo_SA_O_3_3_1|       pointer|
|fifo_SA_O_3_3_0_dout     |   in|   32|     ap_fifo|                                                                   fifo_SA_O_3_3_0|       pointer|
|fifo_SA_O_3_3_0_empty_n  |   in|    1|     ap_fifo|                                                                   fifo_SA_O_3_3_0|       pointer|
|fifo_SA_O_3_3_0_read     |  out|    1|     ap_fifo|                                                                   fifo_SA_O_3_3_0|       pointer|
|fifo_SA_O_3_3_3_dout     |   in|   32|     ap_fifo|                                                                   fifo_SA_O_3_3_3|       pointer|
|fifo_SA_O_3_3_3_empty_n  |   in|    1|     ap_fifo|                                                                   fifo_SA_O_3_3_3|       pointer|
|fifo_SA_O_3_3_3_read     |  out|    1|     ap_fifo|                                                                   fifo_SA_O_3_3_3|       pointer|
|MM_OUT_62_din            |  out|   32|     ap_fifo|                                                                         MM_OUT_62|       pointer|
|MM_OUT_62_full_n         |   in|    1|     ap_fifo|                                                                         MM_OUT_62|       pointer|
|MM_OUT_62_write          |  out|    1|     ap_fifo|                                                                         MM_OUT_62|       pointer|
|MM_OUT_61_din            |  out|   32|     ap_fifo|                                                                         MM_OUT_61|       pointer|
|MM_OUT_61_full_n         |   in|    1|     ap_fifo|                                                                         MM_OUT_61|       pointer|
|MM_OUT_61_write          |  out|    1|     ap_fifo|                                                                         MM_OUT_61|       pointer|
|MM_OUT_60_din            |  out|   32|     ap_fifo|                                                                         MM_OUT_60|       pointer|
|MM_OUT_60_full_n         |   in|    1|     ap_fifo|                                                                         MM_OUT_60|       pointer|
|MM_OUT_60_write          |  out|    1|     ap_fifo|                                                                         MM_OUT_60|       pointer|
|MM_OUT_59_din            |  out|   32|     ap_fifo|                                                                         MM_OUT_59|       pointer|
|MM_OUT_59_full_n         |   in|    1|     ap_fifo|                                                                         MM_OUT_59|       pointer|
|MM_OUT_59_write          |  out|    1|     ap_fifo|                                                                         MM_OUT_59|       pointer|
|MM_OUT_58_din            |  out|   32|     ap_fifo|                                                                         MM_OUT_58|       pointer|
|MM_OUT_58_full_n         |   in|    1|     ap_fifo|                                                                         MM_OUT_58|       pointer|
|MM_OUT_58_write          |  out|    1|     ap_fifo|                                                                         MM_OUT_58|       pointer|
|MM_OUT_57_din            |  out|   32|     ap_fifo|                                                                         MM_OUT_57|       pointer|
|MM_OUT_57_full_n         |   in|    1|     ap_fifo|                                                                         MM_OUT_57|       pointer|
|MM_OUT_57_write          |  out|    1|     ap_fifo|                                                                         MM_OUT_57|       pointer|
|MM_OUT_56_din            |  out|   32|     ap_fifo|                                                                         MM_OUT_56|       pointer|
|MM_OUT_56_full_n         |   in|    1|     ap_fifo|                                                                         MM_OUT_56|       pointer|
|MM_OUT_56_write          |  out|    1|     ap_fifo|                                                                         MM_OUT_56|       pointer|
|MM_OUT_55_din            |  out|   32|     ap_fifo|                                                                         MM_OUT_55|       pointer|
|MM_OUT_55_full_n         |   in|    1|     ap_fifo|                                                                         MM_OUT_55|       pointer|
|MM_OUT_55_write          |  out|    1|     ap_fifo|                                                                         MM_OUT_55|       pointer|
|MM_OUT_54_din            |  out|   32|     ap_fifo|                                                                         MM_OUT_54|       pointer|
|MM_OUT_54_full_n         |   in|    1|     ap_fifo|                                                                         MM_OUT_54|       pointer|
|MM_OUT_54_write          |  out|    1|     ap_fifo|                                                                         MM_OUT_54|       pointer|
|MM_OUT_53_din            |  out|   32|     ap_fifo|                                                                         MM_OUT_53|       pointer|
|MM_OUT_53_full_n         |   in|    1|     ap_fifo|                                                                         MM_OUT_53|       pointer|
|MM_OUT_53_write          |  out|    1|     ap_fifo|                                                                         MM_OUT_53|       pointer|
|MM_OUT_52_din            |  out|   32|     ap_fifo|                                                                         MM_OUT_52|       pointer|
|MM_OUT_52_full_n         |   in|    1|     ap_fifo|                                                                         MM_OUT_52|       pointer|
|MM_OUT_52_write          |  out|    1|     ap_fifo|                                                                         MM_OUT_52|       pointer|
|MM_OUT_51_din            |  out|   32|     ap_fifo|                                                                         MM_OUT_51|       pointer|
|MM_OUT_51_full_n         |   in|    1|     ap_fifo|                                                                         MM_OUT_51|       pointer|
|MM_OUT_51_write          |  out|    1|     ap_fifo|                                                                         MM_OUT_51|       pointer|
|MM_OUT_50_din            |  out|   32|     ap_fifo|                                                                         MM_OUT_50|       pointer|
|MM_OUT_50_full_n         |   in|    1|     ap_fifo|                                                                         MM_OUT_50|       pointer|
|MM_OUT_50_write          |  out|    1|     ap_fifo|                                                                         MM_OUT_50|       pointer|
|MM_OUT_49_din            |  out|   32|     ap_fifo|                                                                         MM_OUT_49|       pointer|
|MM_OUT_49_full_n         |   in|    1|     ap_fifo|                                                                         MM_OUT_49|       pointer|
|MM_OUT_49_write          |  out|    1|     ap_fifo|                                                                         MM_OUT_49|       pointer|
|MM_OUT_48_din            |  out|   32|     ap_fifo|                                                                         MM_OUT_48|       pointer|
|MM_OUT_48_full_n         |   in|    1|     ap_fifo|                                                                         MM_OUT_48|       pointer|
|MM_OUT_48_write          |  out|    1|     ap_fifo|                                                                         MM_OUT_48|       pointer|
|MM_OUT_47_din            |  out|   32|     ap_fifo|                                                                         MM_OUT_47|       pointer|
|MM_OUT_47_full_n         |   in|    1|     ap_fifo|                                                                         MM_OUT_47|       pointer|
|MM_OUT_47_write          |  out|    1|     ap_fifo|                                                                         MM_OUT_47|       pointer|
|MM_OUT_46_din            |  out|   32|     ap_fifo|                                                                         MM_OUT_46|       pointer|
|MM_OUT_46_full_n         |   in|    1|     ap_fifo|                                                                         MM_OUT_46|       pointer|
|MM_OUT_46_write          |  out|    1|     ap_fifo|                                                                         MM_OUT_46|       pointer|
|MM_OUT_45_din            |  out|   32|     ap_fifo|                                                                         MM_OUT_45|       pointer|
|MM_OUT_45_full_n         |   in|    1|     ap_fifo|                                                                         MM_OUT_45|       pointer|
|MM_OUT_45_write          |  out|    1|     ap_fifo|                                                                         MM_OUT_45|       pointer|
|MM_OUT_44_din            |  out|   32|     ap_fifo|                                                                         MM_OUT_44|       pointer|
|MM_OUT_44_full_n         |   in|    1|     ap_fifo|                                                                         MM_OUT_44|       pointer|
|MM_OUT_44_write          |  out|    1|     ap_fifo|                                                                         MM_OUT_44|       pointer|
|MM_OUT_43_din            |  out|   32|     ap_fifo|                                                                         MM_OUT_43|       pointer|
|MM_OUT_43_full_n         |   in|    1|     ap_fifo|                                                                         MM_OUT_43|       pointer|
|MM_OUT_43_write          |  out|    1|     ap_fifo|                                                                         MM_OUT_43|       pointer|
|MM_OUT_42_din            |  out|   32|     ap_fifo|                                                                         MM_OUT_42|       pointer|
|MM_OUT_42_full_n         |   in|    1|     ap_fifo|                                                                         MM_OUT_42|       pointer|
|MM_OUT_42_write          |  out|    1|     ap_fifo|                                                                         MM_OUT_42|       pointer|
|MM_OUT_41_din            |  out|   32|     ap_fifo|                                                                         MM_OUT_41|       pointer|
|MM_OUT_41_full_n         |   in|    1|     ap_fifo|                                                                         MM_OUT_41|       pointer|
|MM_OUT_41_write          |  out|    1|     ap_fifo|                                                                         MM_OUT_41|       pointer|
|MM_OUT_40_din            |  out|   32|     ap_fifo|                                                                         MM_OUT_40|       pointer|
|MM_OUT_40_full_n         |   in|    1|     ap_fifo|                                                                         MM_OUT_40|       pointer|
|MM_OUT_40_write          |  out|    1|     ap_fifo|                                                                         MM_OUT_40|       pointer|
|MM_OUT_39_din            |  out|   32|     ap_fifo|                                                                         MM_OUT_39|       pointer|
|MM_OUT_39_full_n         |   in|    1|     ap_fifo|                                                                         MM_OUT_39|       pointer|
|MM_OUT_39_write          |  out|    1|     ap_fifo|                                                                         MM_OUT_39|       pointer|
|MM_OUT_38_din            |  out|   32|     ap_fifo|                                                                         MM_OUT_38|       pointer|
|MM_OUT_38_full_n         |   in|    1|     ap_fifo|                                                                         MM_OUT_38|       pointer|
|MM_OUT_38_write          |  out|    1|     ap_fifo|                                                                         MM_OUT_38|       pointer|
|MM_OUT_37_din            |  out|   32|     ap_fifo|                                                                         MM_OUT_37|       pointer|
|MM_OUT_37_full_n         |   in|    1|     ap_fifo|                                                                         MM_OUT_37|       pointer|
|MM_OUT_37_write          |  out|    1|     ap_fifo|                                                                         MM_OUT_37|       pointer|
|MM_OUT_36_din            |  out|   32|     ap_fifo|                                                                         MM_OUT_36|       pointer|
|MM_OUT_36_full_n         |   in|    1|     ap_fifo|                                                                         MM_OUT_36|       pointer|
|MM_OUT_36_write          |  out|    1|     ap_fifo|                                                                         MM_OUT_36|       pointer|
|MM_OUT_35_din            |  out|   32|     ap_fifo|                                                                         MM_OUT_35|       pointer|
|MM_OUT_35_full_n         |   in|    1|     ap_fifo|                                                                         MM_OUT_35|       pointer|
|MM_OUT_35_write          |  out|    1|     ap_fifo|                                                                         MM_OUT_35|       pointer|
|MM_OUT_34_din            |  out|   32|     ap_fifo|                                                                         MM_OUT_34|       pointer|
|MM_OUT_34_full_n         |   in|    1|     ap_fifo|                                                                         MM_OUT_34|       pointer|
|MM_OUT_34_write          |  out|    1|     ap_fifo|                                                                         MM_OUT_34|       pointer|
|MM_OUT_33_din            |  out|   32|     ap_fifo|                                                                         MM_OUT_33|       pointer|
|MM_OUT_33_full_n         |   in|    1|     ap_fifo|                                                                         MM_OUT_33|       pointer|
|MM_OUT_33_write          |  out|    1|     ap_fifo|                                                                         MM_OUT_33|       pointer|
|MM_OUT_32_din            |  out|   32|     ap_fifo|                                                                         MM_OUT_32|       pointer|
|MM_OUT_32_full_n         |   in|    1|     ap_fifo|                                                                         MM_OUT_32|       pointer|
|MM_OUT_32_write          |  out|    1|     ap_fifo|                                                                         MM_OUT_32|       pointer|
|MM_OUT_31_din            |  out|   32|     ap_fifo|                                                                         MM_OUT_31|       pointer|
|MM_OUT_31_full_n         |   in|    1|     ap_fifo|                                                                         MM_OUT_31|       pointer|
|MM_OUT_31_write          |  out|    1|     ap_fifo|                                                                         MM_OUT_31|       pointer|
|MM_OUT_30_din            |  out|   32|     ap_fifo|                                                                         MM_OUT_30|       pointer|
|MM_OUT_30_full_n         |   in|    1|     ap_fifo|                                                                         MM_OUT_30|       pointer|
|MM_OUT_30_write          |  out|    1|     ap_fifo|                                                                         MM_OUT_30|       pointer|
|MM_OUT_29_din            |  out|   32|     ap_fifo|                                                                         MM_OUT_29|       pointer|
|MM_OUT_29_full_n         |   in|    1|     ap_fifo|                                                                         MM_OUT_29|       pointer|
|MM_OUT_29_write          |  out|    1|     ap_fifo|                                                                         MM_OUT_29|       pointer|
|MM_OUT_28_din            |  out|   32|     ap_fifo|                                                                         MM_OUT_28|       pointer|
|MM_OUT_28_full_n         |   in|    1|     ap_fifo|                                                                         MM_OUT_28|       pointer|
|MM_OUT_28_write          |  out|    1|     ap_fifo|                                                                         MM_OUT_28|       pointer|
|MM_OUT_27_din            |  out|   32|     ap_fifo|                                                                         MM_OUT_27|       pointer|
|MM_OUT_27_full_n         |   in|    1|     ap_fifo|                                                                         MM_OUT_27|       pointer|
|MM_OUT_27_write          |  out|    1|     ap_fifo|                                                                         MM_OUT_27|       pointer|
|MM_OUT_26_din            |  out|   32|     ap_fifo|                                                                         MM_OUT_26|       pointer|
|MM_OUT_26_full_n         |   in|    1|     ap_fifo|                                                                         MM_OUT_26|       pointer|
|MM_OUT_26_write          |  out|    1|     ap_fifo|                                                                         MM_OUT_26|       pointer|
|MM_OUT_25_din            |  out|   32|     ap_fifo|                                                                         MM_OUT_25|       pointer|
|MM_OUT_25_full_n         |   in|    1|     ap_fifo|                                                                         MM_OUT_25|       pointer|
|MM_OUT_25_write          |  out|    1|     ap_fifo|                                                                         MM_OUT_25|       pointer|
|MM_OUT_24_din            |  out|   32|     ap_fifo|                                                                         MM_OUT_24|       pointer|
|MM_OUT_24_full_n         |   in|    1|     ap_fifo|                                                                         MM_OUT_24|       pointer|
|MM_OUT_24_write          |  out|    1|     ap_fifo|                                                                         MM_OUT_24|       pointer|
|MM_OUT_23_din            |  out|   32|     ap_fifo|                                                                         MM_OUT_23|       pointer|
|MM_OUT_23_full_n         |   in|    1|     ap_fifo|                                                                         MM_OUT_23|       pointer|
|MM_OUT_23_write          |  out|    1|     ap_fifo|                                                                         MM_OUT_23|       pointer|
|MM_OUT_22_din            |  out|   32|     ap_fifo|                                                                         MM_OUT_22|       pointer|
|MM_OUT_22_full_n         |   in|    1|     ap_fifo|                                                                         MM_OUT_22|       pointer|
|MM_OUT_22_write          |  out|    1|     ap_fifo|                                                                         MM_OUT_22|       pointer|
|MM_OUT_21_din            |  out|   32|     ap_fifo|                                                                         MM_OUT_21|       pointer|
|MM_OUT_21_full_n         |   in|    1|     ap_fifo|                                                                         MM_OUT_21|       pointer|
|MM_OUT_21_write          |  out|    1|     ap_fifo|                                                                         MM_OUT_21|       pointer|
|MM_OUT_20_din            |  out|   32|     ap_fifo|                                                                         MM_OUT_20|       pointer|
|MM_OUT_20_full_n         |   in|    1|     ap_fifo|                                                                         MM_OUT_20|       pointer|
|MM_OUT_20_write          |  out|    1|     ap_fifo|                                                                         MM_OUT_20|       pointer|
|MM_OUT_19_din            |  out|   32|     ap_fifo|                                                                         MM_OUT_19|       pointer|
|MM_OUT_19_full_n         |   in|    1|     ap_fifo|                                                                         MM_OUT_19|       pointer|
|MM_OUT_19_write          |  out|    1|     ap_fifo|                                                                         MM_OUT_19|       pointer|
|MM_OUT_18_din            |  out|   32|     ap_fifo|                                                                         MM_OUT_18|       pointer|
|MM_OUT_18_full_n         |   in|    1|     ap_fifo|                                                                         MM_OUT_18|       pointer|
|MM_OUT_18_write          |  out|    1|     ap_fifo|                                                                         MM_OUT_18|       pointer|
|MM_OUT_17_din            |  out|   32|     ap_fifo|                                                                         MM_OUT_17|       pointer|
|MM_OUT_17_full_n         |   in|    1|     ap_fifo|                                                                         MM_OUT_17|       pointer|
|MM_OUT_17_write          |  out|    1|     ap_fifo|                                                                         MM_OUT_17|       pointer|
|MM_OUT_16_din            |  out|   32|     ap_fifo|                                                                         MM_OUT_16|       pointer|
|MM_OUT_16_full_n         |   in|    1|     ap_fifo|                                                                         MM_OUT_16|       pointer|
|MM_OUT_16_write          |  out|    1|     ap_fifo|                                                                         MM_OUT_16|       pointer|
|MM_OUT_15_din            |  out|   32|     ap_fifo|                                                                         MM_OUT_15|       pointer|
|MM_OUT_15_full_n         |   in|    1|     ap_fifo|                                                                         MM_OUT_15|       pointer|
|MM_OUT_15_write          |  out|    1|     ap_fifo|                                                                         MM_OUT_15|       pointer|
|MM_OUT_14_din            |  out|   32|     ap_fifo|                                                                         MM_OUT_14|       pointer|
|MM_OUT_14_full_n         |   in|    1|     ap_fifo|                                                                         MM_OUT_14|       pointer|
|MM_OUT_14_write          |  out|    1|     ap_fifo|                                                                         MM_OUT_14|       pointer|
|MM_OUT_13_din            |  out|   32|     ap_fifo|                                                                         MM_OUT_13|       pointer|
|MM_OUT_13_full_n         |   in|    1|     ap_fifo|                                                                         MM_OUT_13|       pointer|
|MM_OUT_13_write          |  out|    1|     ap_fifo|                                                                         MM_OUT_13|       pointer|
|MM_OUT_12_din            |  out|   32|     ap_fifo|                                                                         MM_OUT_12|       pointer|
|MM_OUT_12_full_n         |   in|    1|     ap_fifo|                                                                         MM_OUT_12|       pointer|
|MM_OUT_12_write          |  out|    1|     ap_fifo|                                                                         MM_OUT_12|       pointer|
|MM_OUT_11_din            |  out|   32|     ap_fifo|                                                                         MM_OUT_11|       pointer|
|MM_OUT_11_full_n         |   in|    1|     ap_fifo|                                                                         MM_OUT_11|       pointer|
|MM_OUT_11_write          |  out|    1|     ap_fifo|                                                                         MM_OUT_11|       pointer|
|MM_OUT_10_din            |  out|   32|     ap_fifo|                                                                         MM_OUT_10|       pointer|
|MM_OUT_10_full_n         |   in|    1|     ap_fifo|                                                                         MM_OUT_10|       pointer|
|MM_OUT_10_write          |  out|    1|     ap_fifo|                                                                         MM_OUT_10|       pointer|
|MM_OUT_9_din             |  out|   32|     ap_fifo|                                                                          MM_OUT_9|       pointer|
|MM_OUT_9_full_n          |   in|    1|     ap_fifo|                                                                          MM_OUT_9|       pointer|
|MM_OUT_9_write           |  out|    1|     ap_fifo|                                                                          MM_OUT_9|       pointer|
|MM_OUT_8_din             |  out|   32|     ap_fifo|                                                                          MM_OUT_8|       pointer|
|MM_OUT_8_full_n          |   in|    1|     ap_fifo|                                                                          MM_OUT_8|       pointer|
|MM_OUT_8_write           |  out|    1|     ap_fifo|                                                                          MM_OUT_8|       pointer|
|MM_OUT_7_din             |  out|   32|     ap_fifo|                                                                          MM_OUT_7|       pointer|
|MM_OUT_7_full_n          |   in|    1|     ap_fifo|                                                                          MM_OUT_7|       pointer|
|MM_OUT_7_write           |  out|    1|     ap_fifo|                                                                          MM_OUT_7|       pointer|
|MM_OUT_6_din             |  out|   32|     ap_fifo|                                                                          MM_OUT_6|       pointer|
|MM_OUT_6_full_n          |   in|    1|     ap_fifo|                                                                          MM_OUT_6|       pointer|
|MM_OUT_6_write           |  out|    1|     ap_fifo|                                                                          MM_OUT_6|       pointer|
|MM_OUT_5_din             |  out|   32|     ap_fifo|                                                                          MM_OUT_5|       pointer|
|MM_OUT_5_full_n          |   in|    1|     ap_fifo|                                                                          MM_OUT_5|       pointer|
|MM_OUT_5_write           |  out|    1|     ap_fifo|                                                                          MM_OUT_5|       pointer|
|MM_OUT_4_din             |  out|   32|     ap_fifo|                                                                          MM_OUT_4|       pointer|
|MM_OUT_4_full_n          |   in|    1|     ap_fifo|                                                                          MM_OUT_4|       pointer|
|MM_OUT_4_write           |  out|    1|     ap_fifo|                                                                          MM_OUT_4|       pointer|
|MM_OUT_3_din             |  out|   32|     ap_fifo|                                                                          MM_OUT_3|       pointer|
|MM_OUT_3_full_n          |   in|    1|     ap_fifo|                                                                          MM_OUT_3|       pointer|
|MM_OUT_3_write           |  out|    1|     ap_fifo|                                                                          MM_OUT_3|       pointer|
|MM_OUT_2_din             |  out|   32|     ap_fifo|                                                                          MM_OUT_2|       pointer|
|MM_OUT_2_full_n          |   in|    1|     ap_fifo|                                                                          MM_OUT_2|       pointer|
|MM_OUT_2_write           |  out|    1|     ap_fifo|                                                                          MM_OUT_2|       pointer|
|MM_OUT_1_din             |  out|   32|     ap_fifo|                                                                          MM_OUT_1|       pointer|
|MM_OUT_1_full_n          |   in|    1|     ap_fifo|                                                                          MM_OUT_1|       pointer|
|MM_OUT_1_write           |  out|    1|     ap_fifo|                                                                          MM_OUT_1|       pointer|
|MM_OUT_0_din             |  out|   32|     ap_fifo|                                                                          MM_OUT_0|       pointer|
|MM_OUT_0_full_n          |   in|    1|     ap_fifo|                                                                          MM_OUT_0|       pointer|
|MM_OUT_0_write           |  out|    1|     ap_fifo|                                                                          MM_OUT_0|       pointer|
|MM_OUT_63_din            |  out|   32|     ap_fifo|                                                                         MM_OUT_63|       pointer|
|MM_OUT_63_full_n         |   in|    1|     ap_fifo|                                                                         MM_OUT_63|       pointer|
|MM_OUT_63_write          |  out|    1|     ap_fifo|                                                                         MM_OUT_63|       pointer|
|bound70                  |   in|   64|     ap_none|                                                                           bound70|        scalar|
|bound39                  |   in|   36|     ap_none|                                                                           bound39|        scalar|
+-------------------------+-----+-----+------------+----------------------------------------------------------------------------------+--------------+

