

================================================================
== Vitis HLS Report for 'ConvToOutStream'
================================================================
* Date:           Mon Mar 10 15:36:57 2025

* Version:        2023.2 (Build 4023990 on Oct 11 2023)
* Project:        SDA
* Solution:       solution1 (Vivado IP Flow Target)
* Product family: virtexuplusHBM
* Target device:  xcvu35p_CIV-fsvh2892-3-e


================================================================
== Performance Estimates
================================================================
+ Timing: 
    * Summary: 
    +--------+----------+----------+------------+
    |  Clock |  Target  | Estimated| Uncertainty|
    +--------+----------+----------+------------+
    |ap_clk  |  10.00 ns|  6.980 ns|     2.70 ns|
    +--------+----------+----------+------------+

+ Latency: 
    * Summary: 
    +---------+---------+-----------+-----------+-----+------+---------+
    |  Latency (cycles) |   Latency (absolute)  |  Interval  | Pipeline|
    |   min   |   max   |    min    |    max    | min |  max |   Type  |
    +---------+---------+-----------+-----------+-----+------+---------+
    |        1|     2312|  10.000 ns|  23.120 us|    1|  2312|       no|
    +---------+---------+-----------+-----------+-----+------+---------+

    + Detail: 
        * Instance: 
        +---------------------------------------------------------------------------------------------+----------------------------------------------------------------------------------+---------+---------+-----------+-----------+------+------+---------+
        |                                                                                             |                                                                                  |  Latency (cycles) |   Latency (absolute)  |   Interval  | Pipeline|
        |                                           Instance                                          |                                      Module                                      |   min   |   max   |    min    |    max    |  min |  max |   Type  |
        +---------------------------------------------------------------------------------------------+----------------------------------------------------------------------------------+---------+---------+-----------+-----------+------+------+---------+
        |grp_ConvToOutStream_Pipeline_VITIS_LOOP_624_1_VITIS_LOOP_627_2_VITIS_LOOP_630_3_VITI_fu_426  |ConvToOutStream_Pipeline_VITIS_LOOP_624_1_VITIS_LOOP_627_2_VITIS_LOOP_630_3_VITI  |     2309|     2309|  23.090 us|  23.090 us|  2309|  2309|       no|
        +---------------------------------------------------------------------------------------------+----------------------------------------------------------------------------------+---------+---------+-----------+-----------+------+------+---------+

        * Loop: 
        N/A



================================================================
== Utilization Estimates
================================================================
* Summary: 
+---------------------+---------+------+---------+--------+-----+
|         Name        | BRAM_18K|  DSP |    FF   |   LUT  | URAM|
+---------------------+---------+------+---------+--------+-----+
|DSP                  |        -|     -|        -|       -|    -|
|Expression           |        -|     -|        0|      43|    -|
|FIFO                 |        -|     -|        -|       -|    -|
|Instance             |        -|    62|    22858|   18611|    -|
|Memory               |        -|     -|        -|       -|    -|
|Multiplexer          |        -|     -|        -|    1421|    -|
|Register             |        -|     -|      415|       -|    -|
+---------------------+---------+------+---------+--------+-----+
|Total                |        0|    62|    23273|   20075|    0|
+---------------------+---------+------+---------+--------+-----+
|Available SLR        |     1344|  2976|   871680|  435840|  320|
+---------------------+---------+------+---------+--------+-----+
|Utilization SLR (%)  |        0|     2|        2|       4|    0|
+---------------------+---------+------+---------+--------+-----+
|Available            |     2688|  5952|  1743360|  871680|  640|
+---------------------+---------+------+---------+--------+-----+
|Utilization (%)      |        0|     1|        1|       2|    0|
+---------------------+---------+------+---------+--------+-----+

+ Detail: 
    * Instance: 
    +---------------------------------------------------------------------------------------------+----------------------------------------------------------------------------------+---------+----+-------+-------+-----+
    |                                           Instance                                          |                                      Module                                      | BRAM_18K| DSP|   FF  |  LUT  | URAM|
    +---------------------------------------------------------------------------------------------+----------------------------------------------------------------------------------+---------+----+-------+-------+-----+
    |grp_ConvToOutStream_Pipeline_VITIS_LOOP_624_1_VITIS_LOOP_627_2_VITIS_LOOP_630_3_VITI_fu_426  |ConvToOutStream_Pipeline_VITIS_LOOP_624_1_VITIS_LOOP_627_2_VITIS_LOOP_630_3_VITI  |        0|  32|  22858|  18349|    0|
    |mul_28ns_96ns_124_1_1_U1639                                                                  |mul_28ns_96ns_124_1_1                                                             |        0|  12|      0|    157|    0|
    |mul_32ns_32ns_64_1_1_U1640                                                                   |mul_32ns_32ns_64_1_1                                                              |        0|   4|      0|     20|    0|
    |mul_32ns_64ns_96_1_1_U1641                                                                   |mul_32ns_64ns_96_1_1                                                              |        0|   8|      0|     45|    0|
    |mul_32s_28ns_32_1_1_U1642                                                                    |mul_32s_28ns_32_1_1                                                               |        0|   3|      0|     20|    0|
    |mul_32s_32s_32_1_1_U1643                                                                     |mul_32s_32s_32_1_1                                                                |        0|   3|      0|     20|    0|
    +---------------------------------------------------------------------------------------------+----------------------------------------------------------------------------------+---------+----+-------+-------+-----+
    |Total                                                                                        |                                                                                  |        0|  62|  22858|  18611|    0|
    +---------------------------------------------------------------------------------------------+----------------------------------------------------------------------------------+---------+----+-------+-------+-----+

    * DSP: 
    N/A

    * Memory: 
    N/A

    * FIFO: 
    N/A

    * Expression: 
    +---------------------------------+----------+----+---+----+------------+------------+
    |          Variable Name          | Operation| DSP| FF| LUT| Bitwidth P0| Bitwidth P1|
    +---------------------------------+----------+----+---+----+------------+------------+
    |sub_i_fu_789_p2                  |         +|   0|  0|  39|          32|           2|
    |ap_block_state4_on_subcall_done  |       and|   0|  0|   2|           1|           1|
    |ap_block_state1                  |        or|   0|  0|   2|           1|           1|
    +---------------------------------+----------+----+---+----+------------+------------+
    |Total                            |          |   0|  0|  43|          34|           4|
    +---------------------------------+----------+----+---+----+------------+------------+

    * Multiplexer: 
    +------------------------+----+-----------+-----+-----------+
    |          Name          | LUT| Input Size| Bits| Total Bits|
    +------------------------+----+-----------+-----+-----------+
    |CONV3_OUT_100_write     |   9|          2|    1|          2|
    |CONV3_OUT_101_write     |   9|          2|    1|          2|
    |CONV3_OUT_102_write     |   9|          2|    1|          2|
    |CONV3_OUT_103_write     |   9|          2|    1|          2|
    |CONV3_OUT_104_write     |   9|          2|    1|          2|
    |CONV3_OUT_105_write     |   9|          2|    1|          2|
    |CONV3_OUT_106_write     |   9|          2|    1|          2|
    |CONV3_OUT_107_write     |   9|          2|    1|          2|
    |CONV3_OUT_108_write     |   9|          2|    1|          2|
    |CONV3_OUT_109_write     |   9|          2|    1|          2|
    |CONV3_OUT_10_write      |   9|          2|    1|          2|
    |CONV3_OUT_110_write     |   9|          2|    1|          2|
    |CONV3_OUT_111_write     |   9|          2|    1|          2|
    |CONV3_OUT_112_write     |   9|          2|    1|          2|
    |CONV3_OUT_113_write     |   9|          2|    1|          2|
    |CONV3_OUT_114_write     |   9|          2|    1|          2|
    |CONV3_OUT_115_write     |   9|          2|    1|          2|
    |CONV3_OUT_116_write     |   9|          2|    1|          2|
    |CONV3_OUT_117_write     |   9|          2|    1|          2|
    |CONV3_OUT_118_write     |   9|          2|    1|          2|
    |CONV3_OUT_119_write     |   9|          2|    1|          2|
    |CONV3_OUT_11_write      |   9|          2|    1|          2|
    |CONV3_OUT_120_write     |   9|          2|    1|          2|
    |CONV3_OUT_121_write     |   9|          2|    1|          2|
    |CONV3_OUT_122_write     |   9|          2|    1|          2|
    |CONV3_OUT_123_write     |   9|          2|    1|          2|
    |CONV3_OUT_124_write     |   9|          2|    1|          2|
    |CONV3_OUT_125_write     |   9|          2|    1|          2|
    |CONV3_OUT_126_write     |   9|          2|    1|          2|
    |CONV3_OUT_127_write     |   9|          2|    1|          2|
    |CONV3_OUT_12_write      |   9|          2|    1|          2|
    |CONV3_OUT_13_write      |   9|          2|    1|          2|
    |CONV3_OUT_14_write      |   9|          2|    1|          2|
    |CONV3_OUT_15_write      |   9|          2|    1|          2|
    |CONV3_OUT_16_write      |   9|          2|    1|          2|
    |CONV3_OUT_17_write      |   9|          2|    1|          2|
    |CONV3_OUT_18_write      |   9|          2|    1|          2|
    |CONV3_OUT_19_write      |   9|          2|    1|          2|
    |CONV3_OUT_1_write       |   9|          2|    1|          2|
    |CONV3_OUT_20_write      |   9|          2|    1|          2|
    |CONV3_OUT_21_write      |   9|          2|    1|          2|
    |CONV3_OUT_22_write      |   9|          2|    1|          2|
    |CONV3_OUT_23_write      |   9|          2|    1|          2|
    |CONV3_OUT_24_write      |   9|          2|    1|          2|
    |CONV3_OUT_25_write      |   9|          2|    1|          2|
    |CONV3_OUT_26_write      |   9|          2|    1|          2|
    |CONV3_OUT_27_write      |   9|          2|    1|          2|
    |CONV3_OUT_28_write      |   9|          2|    1|          2|
    |CONV3_OUT_29_write      |   9|          2|    1|          2|
    |CONV3_OUT_2_write       |   9|          2|    1|          2|
    |CONV3_OUT_30_write      |   9|          2|    1|          2|
    |CONV3_OUT_31_write      |   9|          2|    1|          2|
    |CONV3_OUT_32_write      |   9|          2|    1|          2|
    |CONV3_OUT_33_write      |   9|          2|    1|          2|
    |CONV3_OUT_34_write      |   9|          2|    1|          2|
    |CONV3_OUT_35_write      |   9|          2|    1|          2|
    |CONV3_OUT_36_write      |   9|          2|    1|          2|
    |CONV3_OUT_37_write      |   9|          2|    1|          2|
    |CONV3_OUT_38_write      |   9|          2|    1|          2|
    |CONV3_OUT_39_write      |   9|          2|    1|          2|
    |CONV3_OUT_3_write       |   9|          2|    1|          2|
    |CONV3_OUT_40_write      |   9|          2|    1|          2|
    |CONV3_OUT_41_write      |   9|          2|    1|          2|
    |CONV3_OUT_42_write      |   9|          2|    1|          2|
    |CONV3_OUT_43_write      |   9|          2|    1|          2|
    |CONV3_OUT_44_write      |   9|          2|    1|          2|
    |CONV3_OUT_45_write      |   9|          2|    1|          2|
    |CONV3_OUT_46_write      |   9|          2|    1|          2|
    |CONV3_OUT_47_write      |   9|          2|    1|          2|
    |CONV3_OUT_48_write      |   9|          2|    1|          2|
    |CONV3_OUT_49_write      |   9|          2|    1|          2|
    |CONV3_OUT_4_write       |   9|          2|    1|          2|
    |CONV3_OUT_50_write      |   9|          2|    1|          2|
    |CONV3_OUT_51_write      |   9|          2|    1|          2|
    |CONV3_OUT_52_write      |   9|          2|    1|          2|
    |CONV3_OUT_53_write      |   9|          2|    1|          2|
    |CONV3_OUT_54_write      |   9|          2|    1|          2|
    |CONV3_OUT_55_write      |   9|          2|    1|          2|
    |CONV3_OUT_56_write      |   9|          2|    1|          2|
    |CONV3_OUT_57_write      |   9|          2|    1|          2|
    |CONV3_OUT_58_write      |   9|          2|    1|          2|
    |CONV3_OUT_59_write      |   9|          2|    1|          2|
    |CONV3_OUT_5_write       |   9|          2|    1|          2|
    |CONV3_OUT_60_write      |   9|          2|    1|          2|
    |CONV3_OUT_61_write      |   9|          2|    1|          2|
    |CONV3_OUT_62_write      |   9|          2|    1|          2|
    |CONV3_OUT_63_write      |   9|          2|    1|          2|
    |CONV3_OUT_64_write      |   9|          2|    1|          2|
    |CONV3_OUT_65_write      |   9|          2|    1|          2|
    |CONV3_OUT_66_write      |   9|          2|    1|          2|
    |CONV3_OUT_67_write      |   9|          2|    1|          2|
    |CONV3_OUT_68_write      |   9|          2|    1|          2|
    |CONV3_OUT_69_write      |   9|          2|    1|          2|
    |CONV3_OUT_6_write       |   9|          2|    1|          2|
    |CONV3_OUT_70_write      |   9|          2|    1|          2|
    |CONV3_OUT_71_write      |   9|          2|    1|          2|
    |CONV3_OUT_72_write      |   9|          2|    1|          2|
    |CONV3_OUT_73_write      |   9|          2|    1|          2|
    |CONV3_OUT_74_write      |   9|          2|    1|          2|
    |CONV3_OUT_75_write      |   9|          2|    1|          2|
    |CONV3_OUT_76_write      |   9|          2|    1|          2|
    |CONV3_OUT_77_write      |   9|          2|    1|          2|
    |CONV3_OUT_78_write      |   9|          2|    1|          2|
    |CONV3_OUT_79_write      |   9|          2|    1|          2|
    |CONV3_OUT_7_write       |   9|          2|    1|          2|
    |CONV3_OUT_80_write      |   9|          2|    1|          2|
    |CONV3_OUT_81_write      |   9|          2|    1|          2|
    |CONV3_OUT_82_write      |   9|          2|    1|          2|
    |CONV3_OUT_83_write      |   9|          2|    1|          2|
    |CONV3_OUT_84_write      |   9|          2|    1|          2|
    |CONV3_OUT_85_write      |   9|          2|    1|          2|
    |CONV3_OUT_86_write      |   9|          2|    1|          2|
    |CONV3_OUT_87_write      |   9|          2|    1|          2|
    |CONV3_OUT_88_write      |   9|          2|    1|          2|
    |CONV3_OUT_89_write      |   9|          2|    1|          2|
    |CONV3_OUT_8_write       |   9|          2|    1|          2|
    |CONV3_OUT_90_write      |   9|          2|    1|          2|
    |CONV3_OUT_91_write      |   9|          2|    1|          2|
    |CONV3_OUT_92_write      |   9|          2|    1|          2|
    |CONV3_OUT_93_write      |   9|          2|    1|          2|
    |CONV3_OUT_94_write      |   9|          2|    1|          2|
    |CONV3_OUT_95_write      |   9|          2|    1|          2|
    |CONV3_OUT_96_write      |   9|          2|    1|          2|
    |CONV3_OUT_97_write      |   9|          2|    1|          2|
    |CONV3_OUT_98_write      |   9|          2|    1|          2|
    |CONV3_OUT_99_write      |   9|          2|    1|          2|
    |CONV3_OUT_9_write       |   9|          2|    1|          2|
    |CONV3_OUT_write         |   9|          2|    1|          2|
    |K_blk_n                 |   9|          2|    1|          2|
    |K_c_blk_n               |   9|          2|    1|          2|
    |M_blk_n                 |   9|          2|    1|          2|
    |M_c53_blk_n             |   9|          2|    1|          2|
    |N_blk_n                 |   9|          2|    1|          2|
    |ap_NS_fsm               |  26|          5|    1|          5|
    |ap_done                 |   9|          2|    1|          2|
    |fifo_CONV3_ACC_10_read  |   9|          2|    1|          2|
    |fifo_CONV3_ACC_11_read  |   9|          2|    1|          2|
    |fifo_CONV3_ACC_12_read  |   9|          2|    1|          2|
    |fifo_CONV3_ACC_13_read  |   9|          2|    1|          2|
    |fifo_CONV3_ACC_14_read  |   9|          2|    1|          2|
    |fifo_CONV3_ACC_15_read  |   9|          2|    1|          2|
    |fifo_CONV3_ACC_1_read   |   9|          2|    1|          2|
    |fifo_CONV3_ACC_2_read   |   9|          2|    1|          2|
    |fifo_CONV3_ACC_3_read   |   9|          2|    1|          2|
    |fifo_CONV3_ACC_4_read   |   9|          2|    1|          2|
    |fifo_CONV3_ACC_5_read   |   9|          2|    1|          2|
    |fifo_CONV3_ACC_6_read   |   9|          2|    1|          2|
    |fifo_CONV3_ACC_7_read   |   9|          2|    1|          2|
    |fifo_CONV3_ACC_8_read   |   9|          2|    1|          2|
    |fifo_CONV3_ACC_9_read   |   9|          2|    1|          2|
    |fifo_CONV3_ACC_read     |   9|          2|    1|          2|
    |mode_blk_n              |   9|          2|    1|          2|
    |mode_c63_blk_n          |   9|          2|    1|          2|
    |out_c_1_loc_blk_n       |   9|          2|    1|          2|
    |out_c_1_loc_c39_blk_n   |   9|          2|    1|          2|
    |out_r_1_loc_c37_blk_n   |   9|          2|    1|          2|
    +------------------------+----+-----------+-----+-----------+
    |Total                   |1421|        315|  156|        315|
    +------------------------+----+-----------+-----+-----------+

    * Register: 
    +----------------------------------------------------------------------------------------------------------+-----+----+-----+-----------+
    |                                                   Name                                                   |  FF | LUT| Bits| Const Bits|
    +----------------------------------------------------------------------------------------------------------+-----+----+-----+-----------+
    |OUT_C_reg_812                                                                                             |   32|   0|   32|          0|
    |ap_CS_fsm                                                                                                 |    4|   0|    4|          0|
    |ap_done_reg                                                                                               |    1|   0|    1|          0|
    |bound1041_reg_845                                                                                         |  124|   0|  124|          0|
    |bound4_reg_834                                                                                            |   96|   0|   96|          0|
    |bound_reg_829                                                                                             |   64|   0|   64|          0|
    |grp_ConvToOutStream_Pipeline_VITIS_LOOP_624_1_VITIS_LOOP_627_2_VITIS_LOOP_630_3_VITI_fu_426_ap_start_reg  |    1|   0|    1|          0|
    |mode_9_reg_808                                                                                            |    1|   0|    1|          0|
    |mul8_i_reg_818                                                                                            |   32|   0|   32|          0|
    |sub_i_reg_840                                                                                             |   32|   0|   32|          0|
    |trunc_ln_reg_824                                                                                          |   28|   0|   28|          0|
    +----------------------------------------------------------------------------------------------------------+-----+----+-----+-----------+
    |Total                                                                                                     |  415|   0|  415|          0|
    +----------------------------------------------------------------------------------------------------------+-----+----+-----+-----------+



================================================================
== Interface
================================================================
* Summary: 
+----------------------------------+-----+-----+------------+-------------------+--------------+
|             RTL Ports            | Dir | Bits|  Protocol  |   Source Object   |    C Type    |
+----------------------------------+-----+-----+------------+-------------------+--------------+
|ap_clk                            |   in|    1|  ap_ctrl_hs|    ConvToOutStream|  return value|
|ap_rst                            |   in|    1|  ap_ctrl_hs|    ConvToOutStream|  return value|
|ap_start                          |   in|    1|  ap_ctrl_hs|    ConvToOutStream|  return value|
|ap_done                           |  out|    1|  ap_ctrl_hs|    ConvToOutStream|  return value|
|ap_continue                       |   in|    1|  ap_ctrl_hs|    ConvToOutStream|  return value|
|ap_idle                           |  out|    1|  ap_ctrl_hs|    ConvToOutStream|  return value|
|ap_ready                          |  out|    1|  ap_ctrl_hs|    ConvToOutStream|  return value|
|fifo_CONV3_ACC_dout               |   in|   32|     ap_fifo|     fifo_CONV3_ACC|       pointer|
|fifo_CONV3_ACC_num_data_valid     |   in|    4|     ap_fifo|     fifo_CONV3_ACC|       pointer|
|fifo_CONV3_ACC_fifo_cap           |   in|    4|     ap_fifo|     fifo_CONV3_ACC|       pointer|
|fifo_CONV3_ACC_empty_n            |   in|    1|     ap_fifo|     fifo_CONV3_ACC|       pointer|
|fifo_CONV3_ACC_read               |  out|    1|     ap_fifo|     fifo_CONV3_ACC|       pointer|
|fifo_CONV3_ACC_1_dout             |   in|   32|     ap_fifo|   fifo_CONV3_ACC_1|       pointer|
|fifo_CONV3_ACC_1_num_data_valid   |   in|    4|     ap_fifo|   fifo_CONV3_ACC_1|       pointer|
|fifo_CONV3_ACC_1_fifo_cap         |   in|    4|     ap_fifo|   fifo_CONV3_ACC_1|       pointer|
|fifo_CONV3_ACC_1_empty_n          |   in|    1|     ap_fifo|   fifo_CONV3_ACC_1|       pointer|
|fifo_CONV3_ACC_1_read             |  out|    1|     ap_fifo|   fifo_CONV3_ACC_1|       pointer|
|fifo_CONV3_ACC_2_dout             |   in|   32|     ap_fifo|   fifo_CONV3_ACC_2|       pointer|
|fifo_CONV3_ACC_2_num_data_valid   |   in|    4|     ap_fifo|   fifo_CONV3_ACC_2|       pointer|
|fifo_CONV3_ACC_2_fifo_cap         |   in|    4|     ap_fifo|   fifo_CONV3_ACC_2|       pointer|
|fifo_CONV3_ACC_2_empty_n          |   in|    1|     ap_fifo|   fifo_CONV3_ACC_2|       pointer|
|fifo_CONV3_ACC_2_read             |  out|    1|     ap_fifo|   fifo_CONV3_ACC_2|       pointer|
|fifo_CONV3_ACC_3_dout             |   in|   32|     ap_fifo|   fifo_CONV3_ACC_3|       pointer|
|fifo_CONV3_ACC_3_num_data_valid   |   in|    4|     ap_fifo|   fifo_CONV3_ACC_3|       pointer|
|fifo_CONV3_ACC_3_fifo_cap         |   in|    4|     ap_fifo|   fifo_CONV3_ACC_3|       pointer|
|fifo_CONV3_ACC_3_empty_n          |   in|    1|     ap_fifo|   fifo_CONV3_ACC_3|       pointer|
|fifo_CONV3_ACC_3_read             |  out|    1|     ap_fifo|   fifo_CONV3_ACC_3|       pointer|
|fifo_CONV3_ACC_4_dout             |   in|   32|     ap_fifo|   fifo_CONV3_ACC_4|       pointer|
|fifo_CONV3_ACC_4_num_data_valid   |   in|    4|     ap_fifo|   fifo_CONV3_ACC_4|       pointer|
|fifo_CONV3_ACC_4_fifo_cap         |   in|    4|     ap_fifo|   fifo_CONV3_ACC_4|       pointer|
|fifo_CONV3_ACC_4_empty_n          |   in|    1|     ap_fifo|   fifo_CONV3_ACC_4|       pointer|
|fifo_CONV3_ACC_4_read             |  out|    1|     ap_fifo|   fifo_CONV3_ACC_4|       pointer|
|fifo_CONV3_ACC_5_dout             |   in|   32|     ap_fifo|   fifo_CONV3_ACC_5|       pointer|
|fifo_CONV3_ACC_5_num_data_valid   |   in|    4|     ap_fifo|   fifo_CONV3_ACC_5|       pointer|
|fifo_CONV3_ACC_5_fifo_cap         |   in|    4|     ap_fifo|   fifo_CONV3_ACC_5|       pointer|
|fifo_CONV3_ACC_5_empty_n          |   in|    1|     ap_fifo|   fifo_CONV3_ACC_5|       pointer|
|fifo_CONV3_ACC_5_read             |  out|    1|     ap_fifo|   fifo_CONV3_ACC_5|       pointer|
|fifo_CONV3_ACC_6_dout             |   in|   32|     ap_fifo|   fifo_CONV3_ACC_6|       pointer|
|fifo_CONV3_ACC_6_num_data_valid   |   in|    4|     ap_fifo|   fifo_CONV3_ACC_6|       pointer|
|fifo_CONV3_ACC_6_fifo_cap         |   in|    4|     ap_fifo|   fifo_CONV3_ACC_6|       pointer|
|fifo_CONV3_ACC_6_empty_n          |   in|    1|     ap_fifo|   fifo_CONV3_ACC_6|       pointer|
|fifo_CONV3_ACC_6_read             |  out|    1|     ap_fifo|   fifo_CONV3_ACC_6|       pointer|
|fifo_CONV3_ACC_7_dout             |   in|   32|     ap_fifo|   fifo_CONV3_ACC_7|       pointer|
|fifo_CONV3_ACC_7_num_data_valid   |   in|    4|     ap_fifo|   fifo_CONV3_ACC_7|       pointer|
|fifo_CONV3_ACC_7_fifo_cap         |   in|    4|     ap_fifo|   fifo_CONV3_ACC_7|       pointer|
|fifo_CONV3_ACC_7_empty_n          |   in|    1|     ap_fifo|   fifo_CONV3_ACC_7|       pointer|
|fifo_CONV3_ACC_7_read             |  out|    1|     ap_fifo|   fifo_CONV3_ACC_7|       pointer|
|fifo_CONV3_ACC_8_dout             |   in|   32|     ap_fifo|   fifo_CONV3_ACC_8|       pointer|
|fifo_CONV3_ACC_8_num_data_valid   |   in|    4|     ap_fifo|   fifo_CONV3_ACC_8|       pointer|
|fifo_CONV3_ACC_8_fifo_cap         |   in|    4|     ap_fifo|   fifo_CONV3_ACC_8|       pointer|
|fifo_CONV3_ACC_8_empty_n          |   in|    1|     ap_fifo|   fifo_CONV3_ACC_8|       pointer|
|fifo_CONV3_ACC_8_read             |  out|    1|     ap_fifo|   fifo_CONV3_ACC_8|       pointer|
|fifo_CONV3_ACC_9_dout             |   in|   32|     ap_fifo|   fifo_CONV3_ACC_9|       pointer|
|fifo_CONV3_ACC_9_num_data_valid   |   in|    4|     ap_fifo|   fifo_CONV3_ACC_9|       pointer|
|fifo_CONV3_ACC_9_fifo_cap         |   in|    4|     ap_fifo|   fifo_CONV3_ACC_9|       pointer|
|fifo_CONV3_ACC_9_empty_n          |   in|    1|     ap_fifo|   fifo_CONV3_ACC_9|       pointer|
|fifo_CONV3_ACC_9_read             |  out|    1|     ap_fifo|   fifo_CONV3_ACC_9|       pointer|
|fifo_CONV3_ACC_10_dout            |   in|   32|     ap_fifo|  fifo_CONV3_ACC_10|       pointer|
|fifo_CONV3_ACC_10_num_data_valid  |   in|    4|     ap_fifo|  fifo_CONV3_ACC_10|       pointer|
|fifo_CONV3_ACC_10_fifo_cap        |   in|    4|     ap_fifo|  fifo_CONV3_ACC_10|       pointer|
|fifo_CONV3_ACC_10_empty_n         |   in|    1|     ap_fifo|  fifo_CONV3_ACC_10|       pointer|
|fifo_CONV3_ACC_10_read            |  out|    1|     ap_fifo|  fifo_CONV3_ACC_10|       pointer|
|fifo_CONV3_ACC_11_dout            |   in|   32|     ap_fifo|  fifo_CONV3_ACC_11|       pointer|
|fifo_CONV3_ACC_11_num_data_valid  |   in|    4|     ap_fifo|  fifo_CONV3_ACC_11|       pointer|
|fifo_CONV3_ACC_11_fifo_cap        |   in|    4|     ap_fifo|  fifo_CONV3_ACC_11|       pointer|
|fifo_CONV3_ACC_11_empty_n         |   in|    1|     ap_fifo|  fifo_CONV3_ACC_11|       pointer|
|fifo_CONV3_ACC_11_read            |  out|    1|     ap_fifo|  fifo_CONV3_ACC_11|       pointer|
|fifo_CONV3_ACC_12_dout            |   in|   32|     ap_fifo|  fifo_CONV3_ACC_12|       pointer|
|fifo_CONV3_ACC_12_num_data_valid  |   in|    4|     ap_fifo|  fifo_CONV3_ACC_12|       pointer|
|fifo_CONV3_ACC_12_fifo_cap        |   in|    4|     ap_fifo|  fifo_CONV3_ACC_12|       pointer|
|fifo_CONV3_ACC_12_empty_n         |   in|    1|     ap_fifo|  fifo_CONV3_ACC_12|       pointer|
|fifo_CONV3_ACC_12_read            |  out|    1|     ap_fifo|  fifo_CONV3_ACC_12|       pointer|
|fifo_CONV3_ACC_13_dout            |   in|   32|     ap_fifo|  fifo_CONV3_ACC_13|       pointer|
|fifo_CONV3_ACC_13_num_data_valid  |   in|    4|     ap_fifo|  fifo_CONV3_ACC_13|       pointer|
|fifo_CONV3_ACC_13_fifo_cap        |   in|    4|     ap_fifo|  fifo_CONV3_ACC_13|       pointer|
|fifo_CONV3_ACC_13_empty_n         |   in|    1|     ap_fifo|  fifo_CONV3_ACC_13|       pointer|
|fifo_CONV3_ACC_13_read            |  out|    1|     ap_fifo|  fifo_CONV3_ACC_13|       pointer|
|fifo_CONV3_ACC_14_dout            |   in|   32|     ap_fifo|  fifo_CONV3_ACC_14|       pointer|
|fifo_CONV3_ACC_14_num_data_valid  |   in|    4|     ap_fifo|  fifo_CONV3_ACC_14|       pointer|
|fifo_CONV3_ACC_14_fifo_cap        |   in|    4|     ap_fifo|  fifo_CONV3_ACC_14|       pointer|
|fifo_CONV3_ACC_14_empty_n         |   in|    1|     ap_fifo|  fifo_CONV3_ACC_14|       pointer|
|fifo_CONV3_ACC_14_read            |  out|    1|     ap_fifo|  fifo_CONV3_ACC_14|       pointer|
|fifo_CONV3_ACC_15_dout            |   in|   32|     ap_fifo|  fifo_CONV3_ACC_15|       pointer|
|fifo_CONV3_ACC_15_num_data_valid  |   in|    4|     ap_fifo|  fifo_CONV3_ACC_15|       pointer|
|fifo_CONV3_ACC_15_fifo_cap        |   in|    4|     ap_fifo|  fifo_CONV3_ACC_15|       pointer|
|fifo_CONV3_ACC_15_empty_n         |   in|    1|     ap_fifo|  fifo_CONV3_ACC_15|       pointer|
|fifo_CONV3_ACC_15_read            |  out|    1|     ap_fifo|  fifo_CONV3_ACC_15|       pointer|
|CONV3_OUT_din                     |  out|   32|     ap_fifo|          CONV3_OUT|       pointer|
|CONV3_OUT_num_data_valid          |   in|    3|     ap_fifo|          CONV3_OUT|       pointer|
|CONV3_OUT_fifo_cap                |   in|    3|     ap_fifo|          CONV3_OUT|       pointer|
|CONV3_OUT_full_n                  |   in|    1|     ap_fifo|          CONV3_OUT|       pointer|
|CONV3_OUT_write                   |  out|    1|     ap_fifo|          CONV3_OUT|       pointer|
|CONV3_OUT_1_din                   |  out|   32|     ap_fifo|        CONV3_OUT_1|       pointer|
|CONV3_OUT_1_num_data_valid        |   in|    3|     ap_fifo|        CONV3_OUT_1|       pointer|
|CONV3_OUT_1_fifo_cap              |   in|    3|     ap_fifo|        CONV3_OUT_1|       pointer|
|CONV3_OUT_1_full_n                |   in|    1|     ap_fifo|        CONV3_OUT_1|       pointer|
|CONV3_OUT_1_write                 |  out|    1|     ap_fifo|        CONV3_OUT_1|       pointer|
|CONV3_OUT_2_din                   |  out|   32|     ap_fifo|        CONV3_OUT_2|       pointer|
|CONV3_OUT_2_num_data_valid        |   in|    3|     ap_fifo|        CONV3_OUT_2|       pointer|
|CONV3_OUT_2_fifo_cap              |   in|    3|     ap_fifo|        CONV3_OUT_2|       pointer|
|CONV3_OUT_2_full_n                |   in|    1|     ap_fifo|        CONV3_OUT_2|       pointer|
|CONV3_OUT_2_write                 |  out|    1|     ap_fifo|        CONV3_OUT_2|       pointer|
|CONV3_OUT_3_din                   |  out|   32|     ap_fifo|        CONV3_OUT_3|       pointer|
|CONV3_OUT_3_num_data_valid        |   in|    3|     ap_fifo|        CONV3_OUT_3|       pointer|
|CONV3_OUT_3_fifo_cap              |   in|    3|     ap_fifo|        CONV3_OUT_3|       pointer|
|CONV3_OUT_3_full_n                |   in|    1|     ap_fifo|        CONV3_OUT_3|       pointer|
|CONV3_OUT_3_write                 |  out|    1|     ap_fifo|        CONV3_OUT_3|       pointer|
|CONV3_OUT_4_din                   |  out|   32|     ap_fifo|        CONV3_OUT_4|       pointer|
|CONV3_OUT_4_num_data_valid        |   in|    3|     ap_fifo|        CONV3_OUT_4|       pointer|
|CONV3_OUT_4_fifo_cap              |   in|    3|     ap_fifo|        CONV3_OUT_4|       pointer|
|CONV3_OUT_4_full_n                |   in|    1|     ap_fifo|        CONV3_OUT_4|       pointer|
|CONV3_OUT_4_write                 |  out|    1|     ap_fifo|        CONV3_OUT_4|       pointer|
|CONV3_OUT_5_din                   |  out|   32|     ap_fifo|        CONV3_OUT_5|       pointer|
|CONV3_OUT_5_num_data_valid        |   in|    3|     ap_fifo|        CONV3_OUT_5|       pointer|
|CONV3_OUT_5_fifo_cap              |   in|    3|     ap_fifo|        CONV3_OUT_5|       pointer|
|CONV3_OUT_5_full_n                |   in|    1|     ap_fifo|        CONV3_OUT_5|       pointer|
|CONV3_OUT_5_write                 |  out|    1|     ap_fifo|        CONV3_OUT_5|       pointer|
|CONV3_OUT_6_din                   |  out|   32|     ap_fifo|        CONV3_OUT_6|       pointer|
|CONV3_OUT_6_num_data_valid        |   in|    3|     ap_fifo|        CONV3_OUT_6|       pointer|
|CONV3_OUT_6_fifo_cap              |   in|    3|     ap_fifo|        CONV3_OUT_6|       pointer|
|CONV3_OUT_6_full_n                |   in|    1|     ap_fifo|        CONV3_OUT_6|       pointer|
|CONV3_OUT_6_write                 |  out|    1|     ap_fifo|        CONV3_OUT_6|       pointer|
|CONV3_OUT_7_din                   |  out|   32|     ap_fifo|        CONV3_OUT_7|       pointer|
|CONV3_OUT_7_num_data_valid        |   in|    3|     ap_fifo|        CONV3_OUT_7|       pointer|
|CONV3_OUT_7_fifo_cap              |   in|    3|     ap_fifo|        CONV3_OUT_7|       pointer|
|CONV3_OUT_7_full_n                |   in|    1|     ap_fifo|        CONV3_OUT_7|       pointer|
|CONV3_OUT_7_write                 |  out|    1|     ap_fifo|        CONV3_OUT_7|       pointer|
|CONV3_OUT_8_din                   |  out|   32|     ap_fifo|        CONV3_OUT_8|       pointer|
|CONV3_OUT_8_num_data_valid        |   in|    3|     ap_fifo|        CONV3_OUT_8|       pointer|
|CONV3_OUT_8_fifo_cap              |   in|    3|     ap_fifo|        CONV3_OUT_8|       pointer|
|CONV3_OUT_8_full_n                |   in|    1|     ap_fifo|        CONV3_OUT_8|       pointer|
|CONV3_OUT_8_write                 |  out|    1|     ap_fifo|        CONV3_OUT_8|       pointer|
|CONV3_OUT_9_din                   |  out|   32|     ap_fifo|        CONV3_OUT_9|       pointer|
|CONV3_OUT_9_num_data_valid        |   in|    3|     ap_fifo|        CONV3_OUT_9|       pointer|
|CONV3_OUT_9_fifo_cap              |   in|    3|     ap_fifo|        CONV3_OUT_9|       pointer|
|CONV3_OUT_9_full_n                |   in|    1|     ap_fifo|        CONV3_OUT_9|       pointer|
|CONV3_OUT_9_write                 |  out|    1|     ap_fifo|        CONV3_OUT_9|       pointer|
|CONV3_OUT_10_din                  |  out|   32|     ap_fifo|       CONV3_OUT_10|       pointer|
|CONV3_OUT_10_num_data_valid       |   in|    3|     ap_fifo|       CONV3_OUT_10|       pointer|
|CONV3_OUT_10_fifo_cap             |   in|    3|     ap_fifo|       CONV3_OUT_10|       pointer|
|CONV3_OUT_10_full_n               |   in|    1|     ap_fifo|       CONV3_OUT_10|       pointer|
|CONV3_OUT_10_write                |  out|    1|     ap_fifo|       CONV3_OUT_10|       pointer|
|CONV3_OUT_11_din                  |  out|   32|     ap_fifo|       CONV3_OUT_11|       pointer|
|CONV3_OUT_11_num_data_valid       |   in|    3|     ap_fifo|       CONV3_OUT_11|       pointer|
|CONV3_OUT_11_fifo_cap             |   in|    3|     ap_fifo|       CONV3_OUT_11|       pointer|
|CONV3_OUT_11_full_n               |   in|    1|     ap_fifo|       CONV3_OUT_11|       pointer|
|CONV3_OUT_11_write                |  out|    1|     ap_fifo|       CONV3_OUT_11|       pointer|
|CONV3_OUT_12_din                  |  out|   32|     ap_fifo|       CONV3_OUT_12|       pointer|
|CONV3_OUT_12_num_data_valid       |   in|    3|     ap_fifo|       CONV3_OUT_12|       pointer|
|CONV3_OUT_12_fifo_cap             |   in|    3|     ap_fifo|       CONV3_OUT_12|       pointer|
|CONV3_OUT_12_full_n               |   in|    1|     ap_fifo|       CONV3_OUT_12|       pointer|
|CONV3_OUT_12_write                |  out|    1|     ap_fifo|       CONV3_OUT_12|       pointer|
|CONV3_OUT_13_din                  |  out|   32|     ap_fifo|       CONV3_OUT_13|       pointer|
|CONV3_OUT_13_num_data_valid       |   in|    3|     ap_fifo|       CONV3_OUT_13|       pointer|
|CONV3_OUT_13_fifo_cap             |   in|    3|     ap_fifo|       CONV3_OUT_13|       pointer|
|CONV3_OUT_13_full_n               |   in|    1|     ap_fifo|       CONV3_OUT_13|       pointer|
|CONV3_OUT_13_write                |  out|    1|     ap_fifo|       CONV3_OUT_13|       pointer|
|CONV3_OUT_14_din                  |  out|   32|     ap_fifo|       CONV3_OUT_14|       pointer|
|CONV3_OUT_14_num_data_valid       |   in|    3|     ap_fifo|       CONV3_OUT_14|       pointer|
|CONV3_OUT_14_fifo_cap             |   in|    3|     ap_fifo|       CONV3_OUT_14|       pointer|
|CONV3_OUT_14_full_n               |   in|    1|     ap_fifo|       CONV3_OUT_14|       pointer|
|CONV3_OUT_14_write                |  out|    1|     ap_fifo|       CONV3_OUT_14|       pointer|
|CONV3_OUT_15_din                  |  out|   32|     ap_fifo|       CONV3_OUT_15|       pointer|
|CONV3_OUT_15_num_data_valid       |   in|    3|     ap_fifo|       CONV3_OUT_15|       pointer|
|CONV3_OUT_15_fifo_cap             |   in|    3|     ap_fifo|       CONV3_OUT_15|       pointer|
|CONV3_OUT_15_full_n               |   in|    1|     ap_fifo|       CONV3_OUT_15|       pointer|
|CONV3_OUT_15_write                |  out|    1|     ap_fifo|       CONV3_OUT_15|       pointer|
|CONV3_OUT_16_din                  |  out|   32|     ap_fifo|       CONV3_OUT_16|       pointer|
|CONV3_OUT_16_num_data_valid       |   in|    3|     ap_fifo|       CONV3_OUT_16|       pointer|
|CONV3_OUT_16_fifo_cap             |   in|    3|     ap_fifo|       CONV3_OUT_16|       pointer|
|CONV3_OUT_16_full_n               |   in|    1|     ap_fifo|       CONV3_OUT_16|       pointer|
|CONV3_OUT_16_write                |  out|    1|     ap_fifo|       CONV3_OUT_16|       pointer|
|CONV3_OUT_17_din                  |  out|   32|     ap_fifo|       CONV3_OUT_17|       pointer|
|CONV3_OUT_17_num_data_valid       |   in|    3|     ap_fifo|       CONV3_OUT_17|       pointer|
|CONV3_OUT_17_fifo_cap             |   in|    3|     ap_fifo|       CONV3_OUT_17|       pointer|
|CONV3_OUT_17_full_n               |   in|    1|     ap_fifo|       CONV3_OUT_17|       pointer|
|CONV3_OUT_17_write                |  out|    1|     ap_fifo|       CONV3_OUT_17|       pointer|
|CONV3_OUT_18_din                  |  out|   32|     ap_fifo|       CONV3_OUT_18|       pointer|
|CONV3_OUT_18_num_data_valid       |   in|    3|     ap_fifo|       CONV3_OUT_18|       pointer|
|CONV3_OUT_18_fifo_cap             |   in|    3|     ap_fifo|       CONV3_OUT_18|       pointer|
|CONV3_OUT_18_full_n               |   in|    1|     ap_fifo|       CONV3_OUT_18|       pointer|
|CONV3_OUT_18_write                |  out|    1|     ap_fifo|       CONV3_OUT_18|       pointer|
|CONV3_OUT_19_din                  |  out|   32|     ap_fifo|       CONV3_OUT_19|       pointer|
|CONV3_OUT_19_num_data_valid       |   in|    3|     ap_fifo|       CONV3_OUT_19|       pointer|
|CONV3_OUT_19_fifo_cap             |   in|    3|     ap_fifo|       CONV3_OUT_19|       pointer|
|CONV3_OUT_19_full_n               |   in|    1|     ap_fifo|       CONV3_OUT_19|       pointer|
|CONV3_OUT_19_write                |  out|    1|     ap_fifo|       CONV3_OUT_19|       pointer|
|CONV3_OUT_20_din                  |  out|   32|     ap_fifo|       CONV3_OUT_20|       pointer|
|CONV3_OUT_20_num_data_valid       |   in|    3|     ap_fifo|       CONV3_OUT_20|       pointer|
|CONV3_OUT_20_fifo_cap             |   in|    3|     ap_fifo|       CONV3_OUT_20|       pointer|
|CONV3_OUT_20_full_n               |   in|    1|     ap_fifo|       CONV3_OUT_20|       pointer|
|CONV3_OUT_20_write                |  out|    1|     ap_fifo|       CONV3_OUT_20|       pointer|
|CONV3_OUT_21_din                  |  out|   32|     ap_fifo|       CONV3_OUT_21|       pointer|
|CONV3_OUT_21_num_data_valid       |   in|    3|     ap_fifo|       CONV3_OUT_21|       pointer|
|CONV3_OUT_21_fifo_cap             |   in|    3|     ap_fifo|       CONV3_OUT_21|       pointer|
|CONV3_OUT_21_full_n               |   in|    1|     ap_fifo|       CONV3_OUT_21|       pointer|
|CONV3_OUT_21_write                |  out|    1|     ap_fifo|       CONV3_OUT_21|       pointer|
|CONV3_OUT_22_din                  |  out|   32|     ap_fifo|       CONV3_OUT_22|       pointer|
|CONV3_OUT_22_num_data_valid       |   in|    3|     ap_fifo|       CONV3_OUT_22|       pointer|
|CONV3_OUT_22_fifo_cap             |   in|    3|     ap_fifo|       CONV3_OUT_22|       pointer|
|CONV3_OUT_22_full_n               |   in|    1|     ap_fifo|       CONV3_OUT_22|       pointer|
|CONV3_OUT_22_write                |  out|    1|     ap_fifo|       CONV3_OUT_22|       pointer|
|CONV3_OUT_23_din                  |  out|   32|     ap_fifo|       CONV3_OUT_23|       pointer|
|CONV3_OUT_23_num_data_valid       |   in|    3|     ap_fifo|       CONV3_OUT_23|       pointer|
|CONV3_OUT_23_fifo_cap             |   in|    3|     ap_fifo|       CONV3_OUT_23|       pointer|
|CONV3_OUT_23_full_n               |   in|    1|     ap_fifo|       CONV3_OUT_23|       pointer|
|CONV3_OUT_23_write                |  out|    1|     ap_fifo|       CONV3_OUT_23|       pointer|
|CONV3_OUT_24_din                  |  out|   32|     ap_fifo|       CONV3_OUT_24|       pointer|
|CONV3_OUT_24_num_data_valid       |   in|    3|     ap_fifo|       CONV3_OUT_24|       pointer|
|CONV3_OUT_24_fifo_cap             |   in|    3|     ap_fifo|       CONV3_OUT_24|       pointer|
|CONV3_OUT_24_full_n               |   in|    1|     ap_fifo|       CONV3_OUT_24|       pointer|
|CONV3_OUT_24_write                |  out|    1|     ap_fifo|       CONV3_OUT_24|       pointer|
|CONV3_OUT_25_din                  |  out|   32|     ap_fifo|       CONV3_OUT_25|       pointer|
|CONV3_OUT_25_num_data_valid       |   in|    3|     ap_fifo|       CONV3_OUT_25|       pointer|
|CONV3_OUT_25_fifo_cap             |   in|    3|     ap_fifo|       CONV3_OUT_25|       pointer|
|CONV3_OUT_25_full_n               |   in|    1|     ap_fifo|       CONV3_OUT_25|       pointer|
|CONV3_OUT_25_write                |  out|    1|     ap_fifo|       CONV3_OUT_25|       pointer|
|CONV3_OUT_26_din                  |  out|   32|     ap_fifo|       CONV3_OUT_26|       pointer|
|CONV3_OUT_26_num_data_valid       |   in|    3|     ap_fifo|       CONV3_OUT_26|       pointer|
|CONV3_OUT_26_fifo_cap             |   in|    3|     ap_fifo|       CONV3_OUT_26|       pointer|
|CONV3_OUT_26_full_n               |   in|    1|     ap_fifo|       CONV3_OUT_26|       pointer|
|CONV3_OUT_26_write                |  out|    1|     ap_fifo|       CONV3_OUT_26|       pointer|
|CONV3_OUT_27_din                  |  out|   32|     ap_fifo|       CONV3_OUT_27|       pointer|
|CONV3_OUT_27_num_data_valid       |   in|    3|     ap_fifo|       CONV3_OUT_27|       pointer|
|CONV3_OUT_27_fifo_cap             |   in|    3|     ap_fifo|       CONV3_OUT_27|       pointer|
|CONV3_OUT_27_full_n               |   in|    1|     ap_fifo|       CONV3_OUT_27|       pointer|
|CONV3_OUT_27_write                |  out|    1|     ap_fifo|       CONV3_OUT_27|       pointer|
|CONV3_OUT_28_din                  |  out|   32|     ap_fifo|       CONV3_OUT_28|       pointer|
|CONV3_OUT_28_num_data_valid       |   in|    3|     ap_fifo|       CONV3_OUT_28|       pointer|
|CONV3_OUT_28_fifo_cap             |   in|    3|     ap_fifo|       CONV3_OUT_28|       pointer|
|CONV3_OUT_28_full_n               |   in|    1|     ap_fifo|       CONV3_OUT_28|       pointer|
|CONV3_OUT_28_write                |  out|    1|     ap_fifo|       CONV3_OUT_28|       pointer|
|CONV3_OUT_29_din                  |  out|   32|     ap_fifo|       CONV3_OUT_29|       pointer|
|CONV3_OUT_29_num_data_valid       |   in|    3|     ap_fifo|       CONV3_OUT_29|       pointer|
|CONV3_OUT_29_fifo_cap             |   in|    3|     ap_fifo|       CONV3_OUT_29|       pointer|
|CONV3_OUT_29_full_n               |   in|    1|     ap_fifo|       CONV3_OUT_29|       pointer|
|CONV3_OUT_29_write                |  out|    1|     ap_fifo|       CONV3_OUT_29|       pointer|
|CONV3_OUT_30_din                  |  out|   32|     ap_fifo|       CONV3_OUT_30|       pointer|
|CONV3_OUT_30_num_data_valid       |   in|    3|     ap_fifo|       CONV3_OUT_30|       pointer|
|CONV3_OUT_30_fifo_cap             |   in|    3|     ap_fifo|       CONV3_OUT_30|       pointer|
|CONV3_OUT_30_full_n               |   in|    1|     ap_fifo|       CONV3_OUT_30|       pointer|
|CONV3_OUT_30_write                |  out|    1|     ap_fifo|       CONV3_OUT_30|       pointer|
|CONV3_OUT_31_din                  |  out|   32|     ap_fifo|       CONV3_OUT_31|       pointer|
|CONV3_OUT_31_num_data_valid       |   in|    3|     ap_fifo|       CONV3_OUT_31|       pointer|
|CONV3_OUT_31_fifo_cap             |   in|    3|     ap_fifo|       CONV3_OUT_31|       pointer|
|CONV3_OUT_31_full_n               |   in|    1|     ap_fifo|       CONV3_OUT_31|       pointer|
|CONV3_OUT_31_write                |  out|    1|     ap_fifo|       CONV3_OUT_31|       pointer|
|CONV3_OUT_32_din                  |  out|   32|     ap_fifo|       CONV3_OUT_32|       pointer|
|CONV3_OUT_32_num_data_valid       |   in|    3|     ap_fifo|       CONV3_OUT_32|       pointer|
|CONV3_OUT_32_fifo_cap             |   in|    3|     ap_fifo|       CONV3_OUT_32|       pointer|
|CONV3_OUT_32_full_n               |   in|    1|     ap_fifo|       CONV3_OUT_32|       pointer|
|CONV3_OUT_32_write                |  out|    1|     ap_fifo|       CONV3_OUT_32|       pointer|
|CONV3_OUT_33_din                  |  out|   32|     ap_fifo|       CONV3_OUT_33|       pointer|
|CONV3_OUT_33_num_data_valid       |   in|    3|     ap_fifo|       CONV3_OUT_33|       pointer|
|CONV3_OUT_33_fifo_cap             |   in|    3|     ap_fifo|       CONV3_OUT_33|       pointer|
|CONV3_OUT_33_full_n               |   in|    1|     ap_fifo|       CONV3_OUT_33|       pointer|
|CONV3_OUT_33_write                |  out|    1|     ap_fifo|       CONV3_OUT_33|       pointer|
|CONV3_OUT_34_din                  |  out|   32|     ap_fifo|       CONV3_OUT_34|       pointer|
|CONV3_OUT_34_num_data_valid       |   in|    3|     ap_fifo|       CONV3_OUT_34|       pointer|
|CONV3_OUT_34_fifo_cap             |   in|    3|     ap_fifo|       CONV3_OUT_34|       pointer|
|CONV3_OUT_34_full_n               |   in|    1|     ap_fifo|       CONV3_OUT_34|       pointer|
|CONV3_OUT_34_write                |  out|    1|     ap_fifo|       CONV3_OUT_34|       pointer|
|CONV3_OUT_35_din                  |  out|   32|     ap_fifo|       CONV3_OUT_35|       pointer|
|CONV3_OUT_35_num_data_valid       |   in|    3|     ap_fifo|       CONV3_OUT_35|       pointer|
|CONV3_OUT_35_fifo_cap             |   in|    3|     ap_fifo|       CONV3_OUT_35|       pointer|
|CONV3_OUT_35_full_n               |   in|    1|     ap_fifo|       CONV3_OUT_35|       pointer|
|CONV3_OUT_35_write                |  out|    1|     ap_fifo|       CONV3_OUT_35|       pointer|
|CONV3_OUT_36_din                  |  out|   32|     ap_fifo|       CONV3_OUT_36|       pointer|
|CONV3_OUT_36_num_data_valid       |   in|    3|     ap_fifo|       CONV3_OUT_36|       pointer|
|CONV3_OUT_36_fifo_cap             |   in|    3|     ap_fifo|       CONV3_OUT_36|       pointer|
|CONV3_OUT_36_full_n               |   in|    1|     ap_fifo|       CONV3_OUT_36|       pointer|
|CONV3_OUT_36_write                |  out|    1|     ap_fifo|       CONV3_OUT_36|       pointer|
|CONV3_OUT_37_din                  |  out|   32|     ap_fifo|       CONV3_OUT_37|       pointer|
|CONV3_OUT_37_num_data_valid       |   in|    3|     ap_fifo|       CONV3_OUT_37|       pointer|
|CONV3_OUT_37_fifo_cap             |   in|    3|     ap_fifo|       CONV3_OUT_37|       pointer|
|CONV3_OUT_37_full_n               |   in|    1|     ap_fifo|       CONV3_OUT_37|       pointer|
|CONV3_OUT_37_write                |  out|    1|     ap_fifo|       CONV3_OUT_37|       pointer|
|CONV3_OUT_38_din                  |  out|   32|     ap_fifo|       CONV3_OUT_38|       pointer|
|CONV3_OUT_38_num_data_valid       |   in|    3|     ap_fifo|       CONV3_OUT_38|       pointer|
|CONV3_OUT_38_fifo_cap             |   in|    3|     ap_fifo|       CONV3_OUT_38|       pointer|
|CONV3_OUT_38_full_n               |   in|    1|     ap_fifo|       CONV3_OUT_38|       pointer|
|CONV3_OUT_38_write                |  out|    1|     ap_fifo|       CONV3_OUT_38|       pointer|
|CONV3_OUT_39_din                  |  out|   32|     ap_fifo|       CONV3_OUT_39|       pointer|
|CONV3_OUT_39_num_data_valid       |   in|    3|     ap_fifo|       CONV3_OUT_39|       pointer|
|CONV3_OUT_39_fifo_cap             |   in|    3|     ap_fifo|       CONV3_OUT_39|       pointer|
|CONV3_OUT_39_full_n               |   in|    1|     ap_fifo|       CONV3_OUT_39|       pointer|
|CONV3_OUT_39_write                |  out|    1|     ap_fifo|       CONV3_OUT_39|       pointer|
|CONV3_OUT_40_din                  |  out|   32|     ap_fifo|       CONV3_OUT_40|       pointer|
|CONV3_OUT_40_num_data_valid       |   in|    3|     ap_fifo|       CONV3_OUT_40|       pointer|
|CONV3_OUT_40_fifo_cap             |   in|    3|     ap_fifo|       CONV3_OUT_40|       pointer|
|CONV3_OUT_40_full_n               |   in|    1|     ap_fifo|       CONV3_OUT_40|       pointer|
|CONV3_OUT_40_write                |  out|    1|     ap_fifo|       CONV3_OUT_40|       pointer|
|CONV3_OUT_41_din                  |  out|   32|     ap_fifo|       CONV3_OUT_41|       pointer|
|CONV3_OUT_41_num_data_valid       |   in|    3|     ap_fifo|       CONV3_OUT_41|       pointer|
|CONV3_OUT_41_fifo_cap             |   in|    3|     ap_fifo|       CONV3_OUT_41|       pointer|
|CONV3_OUT_41_full_n               |   in|    1|     ap_fifo|       CONV3_OUT_41|       pointer|
|CONV3_OUT_41_write                |  out|    1|     ap_fifo|       CONV3_OUT_41|       pointer|
|CONV3_OUT_42_din                  |  out|   32|     ap_fifo|       CONV3_OUT_42|       pointer|
|CONV3_OUT_42_num_data_valid       |   in|    3|     ap_fifo|       CONV3_OUT_42|       pointer|
|CONV3_OUT_42_fifo_cap             |   in|    3|     ap_fifo|       CONV3_OUT_42|       pointer|
|CONV3_OUT_42_full_n               |   in|    1|     ap_fifo|       CONV3_OUT_42|       pointer|
|CONV3_OUT_42_write                |  out|    1|     ap_fifo|       CONV3_OUT_42|       pointer|
|CONV3_OUT_43_din                  |  out|   32|     ap_fifo|       CONV3_OUT_43|       pointer|
|CONV3_OUT_43_num_data_valid       |   in|    3|     ap_fifo|       CONV3_OUT_43|       pointer|
|CONV3_OUT_43_fifo_cap             |   in|    3|     ap_fifo|       CONV3_OUT_43|       pointer|
|CONV3_OUT_43_full_n               |   in|    1|     ap_fifo|       CONV3_OUT_43|       pointer|
|CONV3_OUT_43_write                |  out|    1|     ap_fifo|       CONV3_OUT_43|       pointer|
|CONV3_OUT_44_din                  |  out|   32|     ap_fifo|       CONV3_OUT_44|       pointer|
|CONV3_OUT_44_num_data_valid       |   in|    3|     ap_fifo|       CONV3_OUT_44|       pointer|
|CONV3_OUT_44_fifo_cap             |   in|    3|     ap_fifo|       CONV3_OUT_44|       pointer|
|CONV3_OUT_44_full_n               |   in|    1|     ap_fifo|       CONV3_OUT_44|       pointer|
|CONV3_OUT_44_write                |  out|    1|     ap_fifo|       CONV3_OUT_44|       pointer|
|CONV3_OUT_45_din                  |  out|   32|     ap_fifo|       CONV3_OUT_45|       pointer|
|CONV3_OUT_45_num_data_valid       |   in|    3|     ap_fifo|       CONV3_OUT_45|       pointer|
|CONV3_OUT_45_fifo_cap             |   in|    3|     ap_fifo|       CONV3_OUT_45|       pointer|
|CONV3_OUT_45_full_n               |   in|    1|     ap_fifo|       CONV3_OUT_45|       pointer|
|CONV3_OUT_45_write                |  out|    1|     ap_fifo|       CONV3_OUT_45|       pointer|
|CONV3_OUT_46_din                  |  out|   32|     ap_fifo|       CONV3_OUT_46|       pointer|
|CONV3_OUT_46_num_data_valid       |   in|    3|     ap_fifo|       CONV3_OUT_46|       pointer|
|CONV3_OUT_46_fifo_cap             |   in|    3|     ap_fifo|       CONV3_OUT_46|       pointer|
|CONV3_OUT_46_full_n               |   in|    1|     ap_fifo|       CONV3_OUT_46|       pointer|
|CONV3_OUT_46_write                |  out|    1|     ap_fifo|       CONV3_OUT_46|       pointer|
|CONV3_OUT_47_din                  |  out|   32|     ap_fifo|       CONV3_OUT_47|       pointer|
|CONV3_OUT_47_num_data_valid       |   in|    3|     ap_fifo|       CONV3_OUT_47|       pointer|
|CONV3_OUT_47_fifo_cap             |   in|    3|     ap_fifo|       CONV3_OUT_47|       pointer|
|CONV3_OUT_47_full_n               |   in|    1|     ap_fifo|       CONV3_OUT_47|       pointer|
|CONV3_OUT_47_write                |  out|    1|     ap_fifo|       CONV3_OUT_47|       pointer|
|CONV3_OUT_48_din                  |  out|   32|     ap_fifo|       CONV3_OUT_48|       pointer|
|CONV3_OUT_48_num_data_valid       |   in|    3|     ap_fifo|       CONV3_OUT_48|       pointer|
|CONV3_OUT_48_fifo_cap             |   in|    3|     ap_fifo|       CONV3_OUT_48|       pointer|
|CONV3_OUT_48_full_n               |   in|    1|     ap_fifo|       CONV3_OUT_48|       pointer|
|CONV3_OUT_48_write                |  out|    1|     ap_fifo|       CONV3_OUT_48|       pointer|
|CONV3_OUT_49_din                  |  out|   32|     ap_fifo|       CONV3_OUT_49|       pointer|
|CONV3_OUT_49_num_data_valid       |   in|    3|     ap_fifo|       CONV3_OUT_49|       pointer|
|CONV3_OUT_49_fifo_cap             |   in|    3|     ap_fifo|       CONV3_OUT_49|       pointer|
|CONV3_OUT_49_full_n               |   in|    1|     ap_fifo|       CONV3_OUT_49|       pointer|
|CONV3_OUT_49_write                |  out|    1|     ap_fifo|       CONV3_OUT_49|       pointer|
|CONV3_OUT_50_din                  |  out|   32|     ap_fifo|       CONV3_OUT_50|       pointer|
|CONV3_OUT_50_num_data_valid       |   in|    3|     ap_fifo|       CONV3_OUT_50|       pointer|
|CONV3_OUT_50_fifo_cap             |   in|    3|     ap_fifo|       CONV3_OUT_50|       pointer|
|CONV3_OUT_50_full_n               |   in|    1|     ap_fifo|       CONV3_OUT_50|       pointer|
|CONV3_OUT_50_write                |  out|    1|     ap_fifo|       CONV3_OUT_50|       pointer|
|CONV3_OUT_51_din                  |  out|   32|     ap_fifo|       CONV3_OUT_51|       pointer|
|CONV3_OUT_51_num_data_valid       |   in|    3|     ap_fifo|       CONV3_OUT_51|       pointer|
|CONV3_OUT_51_fifo_cap             |   in|    3|     ap_fifo|       CONV3_OUT_51|       pointer|
|CONV3_OUT_51_full_n               |   in|    1|     ap_fifo|       CONV3_OUT_51|       pointer|
|CONV3_OUT_51_write                |  out|    1|     ap_fifo|       CONV3_OUT_51|       pointer|
|CONV3_OUT_52_din                  |  out|   32|     ap_fifo|       CONV3_OUT_52|       pointer|
|CONV3_OUT_52_num_data_valid       |   in|    3|     ap_fifo|       CONV3_OUT_52|       pointer|
|CONV3_OUT_52_fifo_cap             |   in|    3|     ap_fifo|       CONV3_OUT_52|       pointer|
|CONV3_OUT_52_full_n               |   in|    1|     ap_fifo|       CONV3_OUT_52|       pointer|
|CONV3_OUT_52_write                |  out|    1|     ap_fifo|       CONV3_OUT_52|       pointer|
|CONV3_OUT_53_din                  |  out|   32|     ap_fifo|       CONV3_OUT_53|       pointer|
|CONV3_OUT_53_num_data_valid       |   in|    3|     ap_fifo|       CONV3_OUT_53|       pointer|
|CONV3_OUT_53_fifo_cap             |   in|    3|     ap_fifo|       CONV3_OUT_53|       pointer|
|CONV3_OUT_53_full_n               |   in|    1|     ap_fifo|       CONV3_OUT_53|       pointer|
|CONV3_OUT_53_write                |  out|    1|     ap_fifo|       CONV3_OUT_53|       pointer|
|CONV3_OUT_54_din                  |  out|   32|     ap_fifo|       CONV3_OUT_54|       pointer|
|CONV3_OUT_54_num_data_valid       |   in|    3|     ap_fifo|       CONV3_OUT_54|       pointer|
|CONV3_OUT_54_fifo_cap             |   in|    3|     ap_fifo|       CONV3_OUT_54|       pointer|
|CONV3_OUT_54_full_n               |   in|    1|     ap_fifo|       CONV3_OUT_54|       pointer|
|CONV3_OUT_54_write                |  out|    1|     ap_fifo|       CONV3_OUT_54|       pointer|
|CONV3_OUT_55_din                  |  out|   32|     ap_fifo|       CONV3_OUT_55|       pointer|
|CONV3_OUT_55_num_data_valid       |   in|    3|     ap_fifo|       CONV3_OUT_55|       pointer|
|CONV3_OUT_55_fifo_cap             |   in|    3|     ap_fifo|       CONV3_OUT_55|       pointer|
|CONV3_OUT_55_full_n               |   in|    1|     ap_fifo|       CONV3_OUT_55|       pointer|
|CONV3_OUT_55_write                |  out|    1|     ap_fifo|       CONV3_OUT_55|       pointer|
|CONV3_OUT_56_din                  |  out|   32|     ap_fifo|       CONV3_OUT_56|       pointer|
|CONV3_OUT_56_num_data_valid       |   in|    3|     ap_fifo|       CONV3_OUT_56|       pointer|
|CONV3_OUT_56_fifo_cap             |   in|    3|     ap_fifo|       CONV3_OUT_56|       pointer|
|CONV3_OUT_56_full_n               |   in|    1|     ap_fifo|       CONV3_OUT_56|       pointer|
|CONV3_OUT_56_write                |  out|    1|     ap_fifo|       CONV3_OUT_56|       pointer|
|CONV3_OUT_57_din                  |  out|   32|     ap_fifo|       CONV3_OUT_57|       pointer|
|CONV3_OUT_57_num_data_valid       |   in|    3|     ap_fifo|       CONV3_OUT_57|       pointer|
|CONV3_OUT_57_fifo_cap             |   in|    3|     ap_fifo|       CONV3_OUT_57|       pointer|
|CONV3_OUT_57_full_n               |   in|    1|     ap_fifo|       CONV3_OUT_57|       pointer|
|CONV3_OUT_57_write                |  out|    1|     ap_fifo|       CONV3_OUT_57|       pointer|
|CONV3_OUT_58_din                  |  out|   32|     ap_fifo|       CONV3_OUT_58|       pointer|
|CONV3_OUT_58_num_data_valid       |   in|    3|     ap_fifo|       CONV3_OUT_58|       pointer|
|CONV3_OUT_58_fifo_cap             |   in|    3|     ap_fifo|       CONV3_OUT_58|       pointer|
|CONV3_OUT_58_full_n               |   in|    1|     ap_fifo|       CONV3_OUT_58|       pointer|
|CONV3_OUT_58_write                |  out|    1|     ap_fifo|       CONV3_OUT_58|       pointer|
|CONV3_OUT_59_din                  |  out|   32|     ap_fifo|       CONV3_OUT_59|       pointer|
|CONV3_OUT_59_num_data_valid       |   in|    3|     ap_fifo|       CONV3_OUT_59|       pointer|
|CONV3_OUT_59_fifo_cap             |   in|    3|     ap_fifo|       CONV3_OUT_59|       pointer|
|CONV3_OUT_59_full_n               |   in|    1|     ap_fifo|       CONV3_OUT_59|       pointer|
|CONV3_OUT_59_write                |  out|    1|     ap_fifo|       CONV3_OUT_59|       pointer|
|CONV3_OUT_60_din                  |  out|   32|     ap_fifo|       CONV3_OUT_60|       pointer|
|CONV3_OUT_60_num_data_valid       |   in|    3|     ap_fifo|       CONV3_OUT_60|       pointer|
|CONV3_OUT_60_fifo_cap             |   in|    3|     ap_fifo|       CONV3_OUT_60|       pointer|
|CONV3_OUT_60_full_n               |   in|    1|     ap_fifo|       CONV3_OUT_60|       pointer|
|CONV3_OUT_60_write                |  out|    1|     ap_fifo|       CONV3_OUT_60|       pointer|
|CONV3_OUT_61_din                  |  out|   32|     ap_fifo|       CONV3_OUT_61|       pointer|
|CONV3_OUT_61_num_data_valid       |   in|    3|     ap_fifo|       CONV3_OUT_61|       pointer|
|CONV3_OUT_61_fifo_cap             |   in|    3|     ap_fifo|       CONV3_OUT_61|       pointer|
|CONV3_OUT_61_full_n               |   in|    1|     ap_fifo|       CONV3_OUT_61|       pointer|
|CONV3_OUT_61_write                |  out|    1|     ap_fifo|       CONV3_OUT_61|       pointer|
|CONV3_OUT_62_din                  |  out|   32|     ap_fifo|       CONV3_OUT_62|       pointer|
|CONV3_OUT_62_num_data_valid       |   in|    3|     ap_fifo|       CONV3_OUT_62|       pointer|
|CONV3_OUT_62_fifo_cap             |   in|    3|     ap_fifo|       CONV3_OUT_62|       pointer|
|CONV3_OUT_62_full_n               |   in|    1|     ap_fifo|       CONV3_OUT_62|       pointer|
|CONV3_OUT_62_write                |  out|    1|     ap_fifo|       CONV3_OUT_62|       pointer|
|CONV3_OUT_63_din                  |  out|   32|     ap_fifo|       CONV3_OUT_63|       pointer|
|CONV3_OUT_63_num_data_valid       |   in|    3|     ap_fifo|       CONV3_OUT_63|       pointer|
|CONV3_OUT_63_fifo_cap             |   in|    3|     ap_fifo|       CONV3_OUT_63|       pointer|
|CONV3_OUT_63_full_n               |   in|    1|     ap_fifo|       CONV3_OUT_63|       pointer|
|CONV3_OUT_63_write                |  out|    1|     ap_fifo|       CONV3_OUT_63|       pointer|
|CONV3_OUT_64_din                  |  out|   32|     ap_fifo|       CONV3_OUT_64|       pointer|
|CONV3_OUT_64_num_data_valid       |   in|    3|     ap_fifo|       CONV3_OUT_64|       pointer|
|CONV3_OUT_64_fifo_cap             |   in|    3|     ap_fifo|       CONV3_OUT_64|       pointer|
|CONV3_OUT_64_full_n               |   in|    1|     ap_fifo|       CONV3_OUT_64|       pointer|
|CONV3_OUT_64_write                |  out|    1|     ap_fifo|       CONV3_OUT_64|       pointer|
|CONV3_OUT_65_din                  |  out|   32|     ap_fifo|       CONV3_OUT_65|       pointer|
|CONV3_OUT_65_num_data_valid       |   in|    3|     ap_fifo|       CONV3_OUT_65|       pointer|
|CONV3_OUT_65_fifo_cap             |   in|    3|     ap_fifo|       CONV3_OUT_65|       pointer|
|CONV3_OUT_65_full_n               |   in|    1|     ap_fifo|       CONV3_OUT_65|       pointer|
|CONV3_OUT_65_write                |  out|    1|     ap_fifo|       CONV3_OUT_65|       pointer|
|CONV3_OUT_66_din                  |  out|   32|     ap_fifo|       CONV3_OUT_66|       pointer|
|CONV3_OUT_66_num_data_valid       |   in|    3|     ap_fifo|       CONV3_OUT_66|       pointer|
|CONV3_OUT_66_fifo_cap             |   in|    3|     ap_fifo|       CONV3_OUT_66|       pointer|
|CONV3_OUT_66_full_n               |   in|    1|     ap_fifo|       CONV3_OUT_66|       pointer|
|CONV3_OUT_66_write                |  out|    1|     ap_fifo|       CONV3_OUT_66|       pointer|
|CONV3_OUT_67_din                  |  out|   32|     ap_fifo|       CONV3_OUT_67|       pointer|
|CONV3_OUT_67_num_data_valid       |   in|    3|     ap_fifo|       CONV3_OUT_67|       pointer|
|CONV3_OUT_67_fifo_cap             |   in|    3|     ap_fifo|       CONV3_OUT_67|       pointer|
|CONV3_OUT_67_full_n               |   in|    1|     ap_fifo|       CONV3_OUT_67|       pointer|
|CONV3_OUT_67_write                |  out|    1|     ap_fifo|       CONV3_OUT_67|       pointer|
|CONV3_OUT_68_din                  |  out|   32|     ap_fifo|       CONV3_OUT_68|       pointer|
|CONV3_OUT_68_num_data_valid       |   in|    3|     ap_fifo|       CONV3_OUT_68|       pointer|
|CONV3_OUT_68_fifo_cap             |   in|    3|     ap_fifo|       CONV3_OUT_68|       pointer|
|CONV3_OUT_68_full_n               |   in|    1|     ap_fifo|       CONV3_OUT_68|       pointer|
|CONV3_OUT_68_write                |  out|    1|     ap_fifo|       CONV3_OUT_68|       pointer|
|CONV3_OUT_69_din                  |  out|   32|     ap_fifo|       CONV3_OUT_69|       pointer|
|CONV3_OUT_69_num_data_valid       |   in|    3|     ap_fifo|       CONV3_OUT_69|       pointer|
|CONV3_OUT_69_fifo_cap             |   in|    3|     ap_fifo|       CONV3_OUT_69|       pointer|
|CONV3_OUT_69_full_n               |   in|    1|     ap_fifo|       CONV3_OUT_69|       pointer|
|CONV3_OUT_69_write                |  out|    1|     ap_fifo|       CONV3_OUT_69|       pointer|
|CONV3_OUT_70_din                  |  out|   32|     ap_fifo|       CONV3_OUT_70|       pointer|
|CONV3_OUT_70_num_data_valid       |   in|    3|     ap_fifo|       CONV3_OUT_70|       pointer|
|CONV3_OUT_70_fifo_cap             |   in|    3|     ap_fifo|       CONV3_OUT_70|       pointer|
|CONV3_OUT_70_full_n               |   in|    1|     ap_fifo|       CONV3_OUT_70|       pointer|
|CONV3_OUT_70_write                |  out|    1|     ap_fifo|       CONV3_OUT_70|       pointer|
|CONV3_OUT_71_din                  |  out|   32|     ap_fifo|       CONV3_OUT_71|       pointer|
|CONV3_OUT_71_num_data_valid       |   in|    3|     ap_fifo|       CONV3_OUT_71|       pointer|
|CONV3_OUT_71_fifo_cap             |   in|    3|     ap_fifo|       CONV3_OUT_71|       pointer|
|CONV3_OUT_71_full_n               |   in|    1|     ap_fifo|       CONV3_OUT_71|       pointer|
|CONV3_OUT_71_write                |  out|    1|     ap_fifo|       CONV3_OUT_71|       pointer|
|CONV3_OUT_72_din                  |  out|   32|     ap_fifo|       CONV3_OUT_72|       pointer|
|CONV3_OUT_72_num_data_valid       |   in|    3|     ap_fifo|       CONV3_OUT_72|       pointer|
|CONV3_OUT_72_fifo_cap             |   in|    3|     ap_fifo|       CONV3_OUT_72|       pointer|
|CONV3_OUT_72_full_n               |   in|    1|     ap_fifo|       CONV3_OUT_72|       pointer|
|CONV3_OUT_72_write                |  out|    1|     ap_fifo|       CONV3_OUT_72|       pointer|
|CONV3_OUT_73_din                  |  out|   32|     ap_fifo|       CONV3_OUT_73|       pointer|
|CONV3_OUT_73_num_data_valid       |   in|    3|     ap_fifo|       CONV3_OUT_73|       pointer|
|CONV3_OUT_73_fifo_cap             |   in|    3|     ap_fifo|       CONV3_OUT_73|       pointer|
|CONV3_OUT_73_full_n               |   in|    1|     ap_fifo|       CONV3_OUT_73|       pointer|
|CONV3_OUT_73_write                |  out|    1|     ap_fifo|       CONV3_OUT_73|       pointer|
|CONV3_OUT_74_din                  |  out|   32|     ap_fifo|       CONV3_OUT_74|       pointer|
|CONV3_OUT_74_num_data_valid       |   in|    3|     ap_fifo|       CONV3_OUT_74|       pointer|
|CONV3_OUT_74_fifo_cap             |   in|    3|     ap_fifo|       CONV3_OUT_74|       pointer|
|CONV3_OUT_74_full_n               |   in|    1|     ap_fifo|       CONV3_OUT_74|       pointer|
|CONV3_OUT_74_write                |  out|    1|     ap_fifo|       CONV3_OUT_74|       pointer|
|CONV3_OUT_75_din                  |  out|   32|     ap_fifo|       CONV3_OUT_75|       pointer|
|CONV3_OUT_75_num_data_valid       |   in|    3|     ap_fifo|       CONV3_OUT_75|       pointer|
|CONV3_OUT_75_fifo_cap             |   in|    3|     ap_fifo|       CONV3_OUT_75|       pointer|
|CONV3_OUT_75_full_n               |   in|    1|     ap_fifo|       CONV3_OUT_75|       pointer|
|CONV3_OUT_75_write                |  out|    1|     ap_fifo|       CONV3_OUT_75|       pointer|
|CONV3_OUT_76_din                  |  out|   32|     ap_fifo|       CONV3_OUT_76|       pointer|
|CONV3_OUT_76_num_data_valid       |   in|    3|     ap_fifo|       CONV3_OUT_76|       pointer|
|CONV3_OUT_76_fifo_cap             |   in|    3|     ap_fifo|       CONV3_OUT_76|       pointer|
|CONV3_OUT_76_full_n               |   in|    1|     ap_fifo|       CONV3_OUT_76|       pointer|
|CONV3_OUT_76_write                |  out|    1|     ap_fifo|       CONV3_OUT_76|       pointer|
|CONV3_OUT_77_din                  |  out|   32|     ap_fifo|       CONV3_OUT_77|       pointer|
|CONV3_OUT_77_num_data_valid       |   in|    3|     ap_fifo|       CONV3_OUT_77|       pointer|
|CONV3_OUT_77_fifo_cap             |   in|    3|     ap_fifo|       CONV3_OUT_77|       pointer|
|CONV3_OUT_77_full_n               |   in|    1|     ap_fifo|       CONV3_OUT_77|       pointer|
|CONV3_OUT_77_write                |  out|    1|     ap_fifo|       CONV3_OUT_77|       pointer|
|CONV3_OUT_78_din                  |  out|   32|     ap_fifo|       CONV3_OUT_78|       pointer|
|CONV3_OUT_78_num_data_valid       |   in|    3|     ap_fifo|       CONV3_OUT_78|       pointer|
|CONV3_OUT_78_fifo_cap             |   in|    3|     ap_fifo|       CONV3_OUT_78|       pointer|
|CONV3_OUT_78_full_n               |   in|    1|     ap_fifo|       CONV3_OUT_78|       pointer|
|CONV3_OUT_78_write                |  out|    1|     ap_fifo|       CONV3_OUT_78|       pointer|
|CONV3_OUT_79_din                  |  out|   32|     ap_fifo|       CONV3_OUT_79|       pointer|
|CONV3_OUT_79_num_data_valid       |   in|    3|     ap_fifo|       CONV3_OUT_79|       pointer|
|CONV3_OUT_79_fifo_cap             |   in|    3|     ap_fifo|       CONV3_OUT_79|       pointer|
|CONV3_OUT_79_full_n               |   in|    1|     ap_fifo|       CONV3_OUT_79|       pointer|
|CONV3_OUT_79_write                |  out|    1|     ap_fifo|       CONV3_OUT_79|       pointer|
|CONV3_OUT_80_din                  |  out|   32|     ap_fifo|       CONV3_OUT_80|       pointer|
|CONV3_OUT_80_num_data_valid       |   in|    3|     ap_fifo|       CONV3_OUT_80|       pointer|
|CONV3_OUT_80_fifo_cap             |   in|    3|     ap_fifo|       CONV3_OUT_80|       pointer|
|CONV3_OUT_80_full_n               |   in|    1|     ap_fifo|       CONV3_OUT_80|       pointer|
|CONV3_OUT_80_write                |  out|    1|     ap_fifo|       CONV3_OUT_80|       pointer|
|CONV3_OUT_81_din                  |  out|   32|     ap_fifo|       CONV3_OUT_81|       pointer|
|CONV3_OUT_81_num_data_valid       |   in|    3|     ap_fifo|       CONV3_OUT_81|       pointer|
|CONV3_OUT_81_fifo_cap             |   in|    3|     ap_fifo|       CONV3_OUT_81|       pointer|
|CONV3_OUT_81_full_n               |   in|    1|     ap_fifo|       CONV3_OUT_81|       pointer|
|CONV3_OUT_81_write                |  out|    1|     ap_fifo|       CONV3_OUT_81|       pointer|
|CONV3_OUT_82_din                  |  out|   32|     ap_fifo|       CONV3_OUT_82|       pointer|
|CONV3_OUT_82_num_data_valid       |   in|    3|     ap_fifo|       CONV3_OUT_82|       pointer|
|CONV3_OUT_82_fifo_cap             |   in|    3|     ap_fifo|       CONV3_OUT_82|       pointer|
|CONV3_OUT_82_full_n               |   in|    1|     ap_fifo|       CONV3_OUT_82|       pointer|
|CONV3_OUT_82_write                |  out|    1|     ap_fifo|       CONV3_OUT_82|       pointer|
|CONV3_OUT_83_din                  |  out|   32|     ap_fifo|       CONV3_OUT_83|       pointer|
|CONV3_OUT_83_num_data_valid       |   in|    3|     ap_fifo|       CONV3_OUT_83|       pointer|
|CONV3_OUT_83_fifo_cap             |   in|    3|     ap_fifo|       CONV3_OUT_83|       pointer|
|CONV3_OUT_83_full_n               |   in|    1|     ap_fifo|       CONV3_OUT_83|       pointer|
|CONV3_OUT_83_write                |  out|    1|     ap_fifo|       CONV3_OUT_83|       pointer|
|CONV3_OUT_84_din                  |  out|   32|     ap_fifo|       CONV3_OUT_84|       pointer|
|CONV3_OUT_84_num_data_valid       |   in|    3|     ap_fifo|       CONV3_OUT_84|       pointer|
|CONV3_OUT_84_fifo_cap             |   in|    3|     ap_fifo|       CONV3_OUT_84|       pointer|
|CONV3_OUT_84_full_n               |   in|    1|     ap_fifo|       CONV3_OUT_84|       pointer|
|CONV3_OUT_84_write                |  out|    1|     ap_fifo|       CONV3_OUT_84|       pointer|
|CONV3_OUT_85_din                  |  out|   32|     ap_fifo|       CONV3_OUT_85|       pointer|
|CONV3_OUT_85_num_data_valid       |   in|    3|     ap_fifo|       CONV3_OUT_85|       pointer|
|CONV3_OUT_85_fifo_cap             |   in|    3|     ap_fifo|       CONV3_OUT_85|       pointer|
|CONV3_OUT_85_full_n               |   in|    1|     ap_fifo|       CONV3_OUT_85|       pointer|
|CONV3_OUT_85_write                |  out|    1|     ap_fifo|       CONV3_OUT_85|       pointer|
|CONV3_OUT_86_din                  |  out|   32|     ap_fifo|       CONV3_OUT_86|       pointer|
|CONV3_OUT_86_num_data_valid       |   in|    3|     ap_fifo|       CONV3_OUT_86|       pointer|
|CONV3_OUT_86_fifo_cap             |   in|    3|     ap_fifo|       CONV3_OUT_86|       pointer|
|CONV3_OUT_86_full_n               |   in|    1|     ap_fifo|       CONV3_OUT_86|       pointer|
|CONV3_OUT_86_write                |  out|    1|     ap_fifo|       CONV3_OUT_86|       pointer|
|CONV3_OUT_87_din                  |  out|   32|     ap_fifo|       CONV3_OUT_87|       pointer|
|CONV3_OUT_87_num_data_valid       |   in|    3|     ap_fifo|       CONV3_OUT_87|       pointer|
|CONV3_OUT_87_fifo_cap             |   in|    3|     ap_fifo|       CONV3_OUT_87|       pointer|
|CONV3_OUT_87_full_n               |   in|    1|     ap_fifo|       CONV3_OUT_87|       pointer|
|CONV3_OUT_87_write                |  out|    1|     ap_fifo|       CONV3_OUT_87|       pointer|
|CONV3_OUT_88_din                  |  out|   32|     ap_fifo|       CONV3_OUT_88|       pointer|
|CONV3_OUT_88_num_data_valid       |   in|    3|     ap_fifo|       CONV3_OUT_88|       pointer|
|CONV3_OUT_88_fifo_cap             |   in|    3|     ap_fifo|       CONV3_OUT_88|       pointer|
|CONV3_OUT_88_full_n               |   in|    1|     ap_fifo|       CONV3_OUT_88|       pointer|
|CONV3_OUT_88_write                |  out|    1|     ap_fifo|       CONV3_OUT_88|       pointer|
|CONV3_OUT_89_din                  |  out|   32|     ap_fifo|       CONV3_OUT_89|       pointer|
|CONV3_OUT_89_num_data_valid       |   in|    3|     ap_fifo|       CONV3_OUT_89|       pointer|
|CONV3_OUT_89_fifo_cap             |   in|    3|     ap_fifo|       CONV3_OUT_89|       pointer|
|CONV3_OUT_89_full_n               |   in|    1|     ap_fifo|       CONV3_OUT_89|       pointer|
|CONV3_OUT_89_write                |  out|    1|     ap_fifo|       CONV3_OUT_89|       pointer|
|CONV3_OUT_90_din                  |  out|   32|     ap_fifo|       CONV3_OUT_90|       pointer|
|CONV3_OUT_90_num_data_valid       |   in|    3|     ap_fifo|       CONV3_OUT_90|       pointer|
|CONV3_OUT_90_fifo_cap             |   in|    3|     ap_fifo|       CONV3_OUT_90|       pointer|
|CONV3_OUT_90_full_n               |   in|    1|     ap_fifo|       CONV3_OUT_90|       pointer|
|CONV3_OUT_90_write                |  out|    1|     ap_fifo|       CONV3_OUT_90|       pointer|
|CONV3_OUT_91_din                  |  out|   32|     ap_fifo|       CONV3_OUT_91|       pointer|
|CONV3_OUT_91_num_data_valid       |   in|    3|     ap_fifo|       CONV3_OUT_91|       pointer|
|CONV3_OUT_91_fifo_cap             |   in|    3|     ap_fifo|       CONV3_OUT_91|       pointer|
|CONV3_OUT_91_full_n               |   in|    1|     ap_fifo|       CONV3_OUT_91|       pointer|
|CONV3_OUT_91_write                |  out|    1|     ap_fifo|       CONV3_OUT_91|       pointer|
|CONV3_OUT_92_din                  |  out|   32|     ap_fifo|       CONV3_OUT_92|       pointer|
|CONV3_OUT_92_num_data_valid       |   in|    3|     ap_fifo|       CONV3_OUT_92|       pointer|
|CONV3_OUT_92_fifo_cap             |   in|    3|     ap_fifo|       CONV3_OUT_92|       pointer|
|CONV3_OUT_92_full_n               |   in|    1|     ap_fifo|       CONV3_OUT_92|       pointer|
|CONV3_OUT_92_write                |  out|    1|     ap_fifo|       CONV3_OUT_92|       pointer|
|CONV3_OUT_93_din                  |  out|   32|     ap_fifo|       CONV3_OUT_93|       pointer|
|CONV3_OUT_93_num_data_valid       |   in|    3|     ap_fifo|       CONV3_OUT_93|       pointer|
|CONV3_OUT_93_fifo_cap             |   in|    3|     ap_fifo|       CONV3_OUT_93|       pointer|
|CONV3_OUT_93_full_n               |   in|    1|     ap_fifo|       CONV3_OUT_93|       pointer|
|CONV3_OUT_93_write                |  out|    1|     ap_fifo|       CONV3_OUT_93|       pointer|
|CONV3_OUT_94_din                  |  out|   32|     ap_fifo|       CONV3_OUT_94|       pointer|
|CONV3_OUT_94_num_data_valid       |   in|    3|     ap_fifo|       CONV3_OUT_94|       pointer|
|CONV3_OUT_94_fifo_cap             |   in|    3|     ap_fifo|       CONV3_OUT_94|       pointer|
|CONV3_OUT_94_full_n               |   in|    1|     ap_fifo|       CONV3_OUT_94|       pointer|
|CONV3_OUT_94_write                |  out|    1|     ap_fifo|       CONV3_OUT_94|       pointer|
|CONV3_OUT_95_din                  |  out|   32|     ap_fifo|       CONV3_OUT_95|       pointer|
|CONV3_OUT_95_num_data_valid       |   in|    3|     ap_fifo|       CONV3_OUT_95|       pointer|
|CONV3_OUT_95_fifo_cap             |   in|    3|     ap_fifo|       CONV3_OUT_95|       pointer|
|CONV3_OUT_95_full_n               |   in|    1|     ap_fifo|       CONV3_OUT_95|       pointer|
|CONV3_OUT_95_write                |  out|    1|     ap_fifo|       CONV3_OUT_95|       pointer|
|CONV3_OUT_96_din                  |  out|   32|     ap_fifo|       CONV3_OUT_96|       pointer|
|CONV3_OUT_96_num_data_valid       |   in|    3|     ap_fifo|       CONV3_OUT_96|       pointer|
|CONV3_OUT_96_fifo_cap             |   in|    3|     ap_fifo|       CONV3_OUT_96|       pointer|
|CONV3_OUT_96_full_n               |   in|    1|     ap_fifo|       CONV3_OUT_96|       pointer|
|CONV3_OUT_96_write                |  out|    1|     ap_fifo|       CONV3_OUT_96|       pointer|
|CONV3_OUT_97_din                  |  out|   32|     ap_fifo|       CONV3_OUT_97|       pointer|
|CONV3_OUT_97_num_data_valid       |   in|    3|     ap_fifo|       CONV3_OUT_97|       pointer|
|CONV3_OUT_97_fifo_cap             |   in|    3|     ap_fifo|       CONV3_OUT_97|       pointer|
|CONV3_OUT_97_full_n               |   in|    1|     ap_fifo|       CONV3_OUT_97|       pointer|
|CONV3_OUT_97_write                |  out|    1|     ap_fifo|       CONV3_OUT_97|       pointer|
|CONV3_OUT_98_din                  |  out|   32|     ap_fifo|       CONV3_OUT_98|       pointer|
|CONV3_OUT_98_num_data_valid       |   in|    3|     ap_fifo|       CONV3_OUT_98|       pointer|
|CONV3_OUT_98_fifo_cap             |   in|    3|     ap_fifo|       CONV3_OUT_98|       pointer|
|CONV3_OUT_98_full_n               |   in|    1|     ap_fifo|       CONV3_OUT_98|       pointer|
|CONV3_OUT_98_write                |  out|    1|     ap_fifo|       CONV3_OUT_98|       pointer|
|CONV3_OUT_99_din                  |  out|   32|     ap_fifo|       CONV3_OUT_99|       pointer|
|CONV3_OUT_99_num_data_valid       |   in|    3|     ap_fifo|       CONV3_OUT_99|       pointer|
|CONV3_OUT_99_fifo_cap             |   in|    3|     ap_fifo|       CONV3_OUT_99|       pointer|
|CONV3_OUT_99_full_n               |   in|    1|     ap_fifo|       CONV3_OUT_99|       pointer|
|CONV3_OUT_99_write                |  out|    1|     ap_fifo|       CONV3_OUT_99|       pointer|
|CONV3_OUT_100_din                 |  out|   32|     ap_fifo|      CONV3_OUT_100|       pointer|
|CONV3_OUT_100_num_data_valid      |   in|    3|     ap_fifo|      CONV3_OUT_100|       pointer|
|CONV3_OUT_100_fifo_cap            |   in|    3|     ap_fifo|      CONV3_OUT_100|       pointer|
|CONV3_OUT_100_full_n              |   in|    1|     ap_fifo|      CONV3_OUT_100|       pointer|
|CONV3_OUT_100_write               |  out|    1|     ap_fifo|      CONV3_OUT_100|       pointer|
|CONV3_OUT_101_din                 |  out|   32|     ap_fifo|      CONV3_OUT_101|       pointer|
|CONV3_OUT_101_num_data_valid      |   in|    3|     ap_fifo|      CONV3_OUT_101|       pointer|
|CONV3_OUT_101_fifo_cap            |   in|    3|     ap_fifo|      CONV3_OUT_101|       pointer|
|CONV3_OUT_101_full_n              |   in|    1|     ap_fifo|      CONV3_OUT_101|       pointer|
|CONV3_OUT_101_write               |  out|    1|     ap_fifo|      CONV3_OUT_101|       pointer|
|CONV3_OUT_102_din                 |  out|   32|     ap_fifo|      CONV3_OUT_102|       pointer|
|CONV3_OUT_102_num_data_valid      |   in|    3|     ap_fifo|      CONV3_OUT_102|       pointer|
|CONV3_OUT_102_fifo_cap            |   in|    3|     ap_fifo|      CONV3_OUT_102|       pointer|
|CONV3_OUT_102_full_n              |   in|    1|     ap_fifo|      CONV3_OUT_102|       pointer|
|CONV3_OUT_102_write               |  out|    1|     ap_fifo|      CONV3_OUT_102|       pointer|
|CONV3_OUT_103_din                 |  out|   32|     ap_fifo|      CONV3_OUT_103|       pointer|
|CONV3_OUT_103_num_data_valid      |   in|    3|     ap_fifo|      CONV3_OUT_103|       pointer|
|CONV3_OUT_103_fifo_cap            |   in|    3|     ap_fifo|      CONV3_OUT_103|       pointer|
|CONV3_OUT_103_full_n              |   in|    1|     ap_fifo|      CONV3_OUT_103|       pointer|
|CONV3_OUT_103_write               |  out|    1|     ap_fifo|      CONV3_OUT_103|       pointer|
|CONV3_OUT_104_din                 |  out|   32|     ap_fifo|      CONV3_OUT_104|       pointer|
|CONV3_OUT_104_num_data_valid      |   in|    3|     ap_fifo|      CONV3_OUT_104|       pointer|
|CONV3_OUT_104_fifo_cap            |   in|    3|     ap_fifo|      CONV3_OUT_104|       pointer|
|CONV3_OUT_104_full_n              |   in|    1|     ap_fifo|      CONV3_OUT_104|       pointer|
|CONV3_OUT_104_write               |  out|    1|     ap_fifo|      CONV3_OUT_104|       pointer|
|CONV3_OUT_105_din                 |  out|   32|     ap_fifo|      CONV3_OUT_105|       pointer|
|CONV3_OUT_105_num_data_valid      |   in|    3|     ap_fifo|      CONV3_OUT_105|       pointer|
|CONV3_OUT_105_fifo_cap            |   in|    3|     ap_fifo|      CONV3_OUT_105|       pointer|
|CONV3_OUT_105_full_n              |   in|    1|     ap_fifo|      CONV3_OUT_105|       pointer|
|CONV3_OUT_105_write               |  out|    1|     ap_fifo|      CONV3_OUT_105|       pointer|
|CONV3_OUT_106_din                 |  out|   32|     ap_fifo|      CONV3_OUT_106|       pointer|
|CONV3_OUT_106_num_data_valid      |   in|    3|     ap_fifo|      CONV3_OUT_106|       pointer|
|CONV3_OUT_106_fifo_cap            |   in|    3|     ap_fifo|      CONV3_OUT_106|       pointer|
|CONV3_OUT_106_full_n              |   in|    1|     ap_fifo|      CONV3_OUT_106|       pointer|
|CONV3_OUT_106_write               |  out|    1|     ap_fifo|      CONV3_OUT_106|       pointer|
|CONV3_OUT_107_din                 |  out|   32|     ap_fifo|      CONV3_OUT_107|       pointer|
|CONV3_OUT_107_num_data_valid      |   in|    3|     ap_fifo|      CONV3_OUT_107|       pointer|
|CONV3_OUT_107_fifo_cap            |   in|    3|     ap_fifo|      CONV3_OUT_107|       pointer|
|CONV3_OUT_107_full_n              |   in|    1|     ap_fifo|      CONV3_OUT_107|       pointer|
|CONV3_OUT_107_write               |  out|    1|     ap_fifo|      CONV3_OUT_107|       pointer|
|CONV3_OUT_108_din                 |  out|   32|     ap_fifo|      CONV3_OUT_108|       pointer|
|CONV3_OUT_108_num_data_valid      |   in|    3|     ap_fifo|      CONV3_OUT_108|       pointer|
|CONV3_OUT_108_fifo_cap            |   in|    3|     ap_fifo|      CONV3_OUT_108|       pointer|
|CONV3_OUT_108_full_n              |   in|    1|     ap_fifo|      CONV3_OUT_108|       pointer|
|CONV3_OUT_108_write               |  out|    1|     ap_fifo|      CONV3_OUT_108|       pointer|
|CONV3_OUT_109_din                 |  out|   32|     ap_fifo|      CONV3_OUT_109|       pointer|
|CONV3_OUT_109_num_data_valid      |   in|    3|     ap_fifo|      CONV3_OUT_109|       pointer|
|CONV3_OUT_109_fifo_cap            |   in|    3|     ap_fifo|      CONV3_OUT_109|       pointer|
|CONV3_OUT_109_full_n              |   in|    1|     ap_fifo|      CONV3_OUT_109|       pointer|
|CONV3_OUT_109_write               |  out|    1|     ap_fifo|      CONV3_OUT_109|       pointer|
|CONV3_OUT_110_din                 |  out|   32|     ap_fifo|      CONV3_OUT_110|       pointer|
|CONV3_OUT_110_num_data_valid      |   in|    3|     ap_fifo|      CONV3_OUT_110|       pointer|
|CONV3_OUT_110_fifo_cap            |   in|    3|     ap_fifo|      CONV3_OUT_110|       pointer|
|CONV3_OUT_110_full_n              |   in|    1|     ap_fifo|      CONV3_OUT_110|       pointer|
|CONV3_OUT_110_write               |  out|    1|     ap_fifo|      CONV3_OUT_110|       pointer|
|CONV3_OUT_111_din                 |  out|   32|     ap_fifo|      CONV3_OUT_111|       pointer|
|CONV3_OUT_111_num_data_valid      |   in|    3|     ap_fifo|      CONV3_OUT_111|       pointer|
|CONV3_OUT_111_fifo_cap            |   in|    3|     ap_fifo|      CONV3_OUT_111|       pointer|
|CONV3_OUT_111_full_n              |   in|    1|     ap_fifo|      CONV3_OUT_111|       pointer|
|CONV3_OUT_111_write               |  out|    1|     ap_fifo|      CONV3_OUT_111|       pointer|
|CONV3_OUT_112_din                 |  out|   32|     ap_fifo|      CONV3_OUT_112|       pointer|
|CONV3_OUT_112_num_data_valid      |   in|    3|     ap_fifo|      CONV3_OUT_112|       pointer|
|CONV3_OUT_112_fifo_cap            |   in|    3|     ap_fifo|      CONV3_OUT_112|       pointer|
|CONV3_OUT_112_full_n              |   in|    1|     ap_fifo|      CONV3_OUT_112|       pointer|
|CONV3_OUT_112_write               |  out|    1|     ap_fifo|      CONV3_OUT_112|       pointer|
|CONV3_OUT_113_din                 |  out|   32|     ap_fifo|      CONV3_OUT_113|       pointer|
|CONV3_OUT_113_num_data_valid      |   in|    3|     ap_fifo|      CONV3_OUT_113|       pointer|
|CONV3_OUT_113_fifo_cap            |   in|    3|     ap_fifo|      CONV3_OUT_113|       pointer|
|CONV3_OUT_113_full_n              |   in|    1|     ap_fifo|      CONV3_OUT_113|       pointer|
|CONV3_OUT_113_write               |  out|    1|     ap_fifo|      CONV3_OUT_113|       pointer|
|CONV3_OUT_114_din                 |  out|   32|     ap_fifo|      CONV3_OUT_114|       pointer|
|CONV3_OUT_114_num_data_valid      |   in|    3|     ap_fifo|      CONV3_OUT_114|       pointer|
|CONV3_OUT_114_fifo_cap            |   in|    3|     ap_fifo|      CONV3_OUT_114|       pointer|
|CONV3_OUT_114_full_n              |   in|    1|     ap_fifo|      CONV3_OUT_114|       pointer|
|CONV3_OUT_114_write               |  out|    1|     ap_fifo|      CONV3_OUT_114|       pointer|
|CONV3_OUT_115_din                 |  out|   32|     ap_fifo|      CONV3_OUT_115|       pointer|
|CONV3_OUT_115_num_data_valid      |   in|    3|     ap_fifo|      CONV3_OUT_115|       pointer|
|CONV3_OUT_115_fifo_cap            |   in|    3|     ap_fifo|      CONV3_OUT_115|       pointer|
|CONV3_OUT_115_full_n              |   in|    1|     ap_fifo|      CONV3_OUT_115|       pointer|
|CONV3_OUT_115_write               |  out|    1|     ap_fifo|      CONV3_OUT_115|       pointer|
|CONV3_OUT_116_din                 |  out|   32|     ap_fifo|      CONV3_OUT_116|       pointer|
|CONV3_OUT_116_num_data_valid      |   in|    3|     ap_fifo|      CONV3_OUT_116|       pointer|
|CONV3_OUT_116_fifo_cap            |   in|    3|     ap_fifo|      CONV3_OUT_116|       pointer|
|CONV3_OUT_116_full_n              |   in|    1|     ap_fifo|      CONV3_OUT_116|       pointer|
|CONV3_OUT_116_write               |  out|    1|     ap_fifo|      CONV3_OUT_116|       pointer|
|CONV3_OUT_117_din                 |  out|   32|     ap_fifo|      CONV3_OUT_117|       pointer|
|CONV3_OUT_117_num_data_valid      |   in|    3|     ap_fifo|      CONV3_OUT_117|       pointer|
|CONV3_OUT_117_fifo_cap            |   in|    3|     ap_fifo|      CONV3_OUT_117|       pointer|
|CONV3_OUT_117_full_n              |   in|    1|     ap_fifo|      CONV3_OUT_117|       pointer|
|CONV3_OUT_117_write               |  out|    1|     ap_fifo|      CONV3_OUT_117|       pointer|
|CONV3_OUT_118_din                 |  out|   32|     ap_fifo|      CONV3_OUT_118|       pointer|
|CONV3_OUT_118_num_data_valid      |   in|    3|     ap_fifo|      CONV3_OUT_118|       pointer|
|CONV3_OUT_118_fifo_cap            |   in|    3|     ap_fifo|      CONV3_OUT_118|       pointer|
|CONV3_OUT_118_full_n              |   in|    1|     ap_fifo|      CONV3_OUT_118|       pointer|
|CONV3_OUT_118_write               |  out|    1|     ap_fifo|      CONV3_OUT_118|       pointer|
|CONV3_OUT_119_din                 |  out|   32|     ap_fifo|      CONV3_OUT_119|       pointer|
|CONV3_OUT_119_num_data_valid      |   in|    3|     ap_fifo|      CONV3_OUT_119|       pointer|
|CONV3_OUT_119_fifo_cap            |   in|    3|     ap_fifo|      CONV3_OUT_119|       pointer|
|CONV3_OUT_119_full_n              |   in|    1|     ap_fifo|      CONV3_OUT_119|       pointer|
|CONV3_OUT_119_write               |  out|    1|     ap_fifo|      CONV3_OUT_119|       pointer|
|CONV3_OUT_120_din                 |  out|   32|     ap_fifo|      CONV3_OUT_120|       pointer|
|CONV3_OUT_120_num_data_valid      |   in|    3|     ap_fifo|      CONV3_OUT_120|       pointer|
|CONV3_OUT_120_fifo_cap            |   in|    3|     ap_fifo|      CONV3_OUT_120|       pointer|
|CONV3_OUT_120_full_n              |   in|    1|     ap_fifo|      CONV3_OUT_120|       pointer|
|CONV3_OUT_120_write               |  out|    1|     ap_fifo|      CONV3_OUT_120|       pointer|
|CONV3_OUT_121_din                 |  out|   32|     ap_fifo|      CONV3_OUT_121|       pointer|
|CONV3_OUT_121_num_data_valid      |   in|    3|     ap_fifo|      CONV3_OUT_121|       pointer|
|CONV3_OUT_121_fifo_cap            |   in|    3|     ap_fifo|      CONV3_OUT_121|       pointer|
|CONV3_OUT_121_full_n              |   in|    1|     ap_fifo|      CONV3_OUT_121|       pointer|
|CONV3_OUT_121_write               |  out|    1|     ap_fifo|      CONV3_OUT_121|       pointer|
|CONV3_OUT_122_din                 |  out|   32|     ap_fifo|      CONV3_OUT_122|       pointer|
|CONV3_OUT_122_num_data_valid      |   in|    3|     ap_fifo|      CONV3_OUT_122|       pointer|
|CONV3_OUT_122_fifo_cap            |   in|    3|     ap_fifo|      CONV3_OUT_122|       pointer|
|CONV3_OUT_122_full_n              |   in|    1|     ap_fifo|      CONV3_OUT_122|       pointer|
|CONV3_OUT_122_write               |  out|    1|     ap_fifo|      CONV3_OUT_122|       pointer|
|CONV3_OUT_123_din                 |  out|   32|     ap_fifo|      CONV3_OUT_123|       pointer|
|CONV3_OUT_123_num_data_valid      |   in|    3|     ap_fifo|      CONV3_OUT_123|       pointer|
|CONV3_OUT_123_fifo_cap            |   in|    3|     ap_fifo|      CONV3_OUT_123|       pointer|
|CONV3_OUT_123_full_n              |   in|    1|     ap_fifo|      CONV3_OUT_123|       pointer|
|CONV3_OUT_123_write               |  out|    1|     ap_fifo|      CONV3_OUT_123|       pointer|
|CONV3_OUT_124_din                 |  out|   32|     ap_fifo|      CONV3_OUT_124|       pointer|
|CONV3_OUT_124_num_data_valid      |   in|    3|     ap_fifo|      CONV3_OUT_124|       pointer|
|CONV3_OUT_124_fifo_cap            |   in|    3|     ap_fifo|      CONV3_OUT_124|       pointer|
|CONV3_OUT_124_full_n              |   in|    1|     ap_fifo|      CONV3_OUT_124|       pointer|
|CONV3_OUT_124_write               |  out|    1|     ap_fifo|      CONV3_OUT_124|       pointer|
|CONV3_OUT_125_din                 |  out|   32|     ap_fifo|      CONV3_OUT_125|       pointer|
|CONV3_OUT_125_num_data_valid      |   in|    3|     ap_fifo|      CONV3_OUT_125|       pointer|
|CONV3_OUT_125_fifo_cap            |   in|    3|     ap_fifo|      CONV3_OUT_125|       pointer|
|CONV3_OUT_125_full_n              |   in|    1|     ap_fifo|      CONV3_OUT_125|       pointer|
|CONV3_OUT_125_write               |  out|    1|     ap_fifo|      CONV3_OUT_125|       pointer|
|CONV3_OUT_126_din                 |  out|   32|     ap_fifo|      CONV3_OUT_126|       pointer|
|CONV3_OUT_126_num_data_valid      |   in|    3|     ap_fifo|      CONV3_OUT_126|       pointer|
|CONV3_OUT_126_fifo_cap            |   in|    3|     ap_fifo|      CONV3_OUT_126|       pointer|
|CONV3_OUT_126_full_n              |   in|    1|     ap_fifo|      CONV3_OUT_126|       pointer|
|CONV3_OUT_126_write               |  out|    1|     ap_fifo|      CONV3_OUT_126|       pointer|
|CONV3_OUT_127_din                 |  out|   32|     ap_fifo|      CONV3_OUT_127|       pointer|
|CONV3_OUT_127_num_data_valid      |   in|    3|     ap_fifo|      CONV3_OUT_127|       pointer|
|CONV3_OUT_127_fifo_cap            |   in|    3|     ap_fifo|      CONV3_OUT_127|       pointer|
|CONV3_OUT_127_full_n              |   in|    1|     ap_fifo|      CONV3_OUT_127|       pointer|
|CONV3_OUT_127_write               |  out|    1|     ap_fifo|      CONV3_OUT_127|       pointer|
|p_read                            |   in|   32|     ap_none|             p_read|        scalar|
|out_c_1_loc_dout                  |   in|   32|     ap_fifo|        out_c_1_loc|       pointer|
|out_c_1_loc_num_data_valid        |   in|    3|     ap_fifo|        out_c_1_loc|       pointer|
|out_c_1_loc_fifo_cap              |   in|    3|     ap_fifo|        out_c_1_loc|       pointer|
|out_c_1_loc_empty_n               |   in|    1|     ap_fifo|        out_c_1_loc|       pointer|
|out_c_1_loc_read                  |  out|    1|     ap_fifo|        out_c_1_loc|       pointer|
|N_dout                            |   in|   32|     ap_fifo|                  N|       pointer|
|N_num_data_valid                  |   in|    3|     ap_fifo|                  N|       pointer|
|N_fifo_cap                        |   in|    3|     ap_fifo|                  N|       pointer|
|N_empty_n                         |   in|    1|     ap_fifo|                  N|       pointer|
|N_read                            |  out|    1|     ap_fifo|                  N|       pointer|
|M_dout                            |   in|   32|     ap_fifo|                  M|       pointer|
|M_num_data_valid                  |   in|    4|     ap_fifo|                  M|       pointer|
|M_fifo_cap                        |   in|    4|     ap_fifo|                  M|       pointer|
|M_empty_n                         |   in|    1|     ap_fifo|                  M|       pointer|
|M_read                            |  out|    1|     ap_fifo|                  M|       pointer|
|K_dout                            |   in|   32|     ap_fifo|                  K|       pointer|
|K_num_data_valid                  |   in|    4|     ap_fifo|                  K|       pointer|
|K_fifo_cap                        |   in|    4|     ap_fifo|                  K|       pointer|
|K_empty_n                         |   in|    1|     ap_fifo|                  K|       pointer|
|K_read                            |  out|    1|     ap_fifo|                  K|       pointer|
|mode_dout                         |   in|    1|     ap_fifo|               mode|       pointer|
|mode_num_data_valid               |   in|    3|     ap_fifo|               mode|       pointer|
|mode_fifo_cap                     |   in|    3|     ap_fifo|               mode|       pointer|
|mode_empty_n                      |   in|    1|     ap_fifo|               mode|       pointer|
|mode_read                         |  out|    1|     ap_fifo|               mode|       pointer|
|out_r_1_loc_c37_din               |  out|   32|     ap_fifo|    out_r_1_loc_c37|       pointer|
|out_r_1_loc_c37_num_data_valid    |   in|    3|     ap_fifo|    out_r_1_loc_c37|       pointer|
|out_r_1_loc_c37_fifo_cap          |   in|    3|     ap_fifo|    out_r_1_loc_c37|       pointer|
|out_r_1_loc_c37_full_n            |   in|    1|     ap_fifo|    out_r_1_loc_c37|       pointer|
|out_r_1_loc_c37_write             |  out|    1|     ap_fifo|    out_r_1_loc_c37|       pointer|
|out_c_1_loc_c39_din               |  out|   32|     ap_fifo|    out_c_1_loc_c39|       pointer|
|out_c_1_loc_c39_num_data_valid    |   in|    3|     ap_fifo|    out_c_1_loc_c39|       pointer|
|out_c_1_loc_c39_fifo_cap          |   in|    3|     ap_fifo|    out_c_1_loc_c39|       pointer|
|out_c_1_loc_c39_full_n            |   in|    1|     ap_fifo|    out_c_1_loc_c39|       pointer|
|out_c_1_loc_c39_write             |  out|    1|     ap_fifo|    out_c_1_loc_c39|       pointer|
|M_c53_din                         |  out|   32|     ap_fifo|              M_c53|       pointer|
|M_c53_num_data_valid              |   in|    3|     ap_fifo|              M_c53|       pointer|
|M_c53_fifo_cap                    |   in|    3|     ap_fifo|              M_c53|       pointer|
|M_c53_full_n                      |   in|    1|     ap_fifo|              M_c53|       pointer|
|M_c53_write                       |  out|    1|     ap_fifo|              M_c53|       pointer|
|K_c_din                           |  out|   32|     ap_fifo|                K_c|       pointer|
|K_c_num_data_valid                |   in|    3|     ap_fifo|                K_c|       pointer|
|K_c_fifo_cap                      |   in|    3|     ap_fifo|                K_c|       pointer|
|K_c_full_n                        |   in|    1|     ap_fifo|                K_c|       pointer|
|K_c_write                         |  out|    1|     ap_fifo|                K_c|       pointer|
|mode_c63_din                      |  out|    1|     ap_fifo|           mode_c63|       pointer|
|mode_c63_num_data_valid           |   in|    3|     ap_fifo|           mode_c63|       pointer|
|mode_c63_fifo_cap                 |   in|    3|     ap_fifo|           mode_c63|       pointer|
|mode_c63_full_n                   |   in|    1|     ap_fifo|           mode_c63|       pointer|
|mode_c63_write                    |  out|    1|     ap_fifo|           mode_c63|       pointer|
+----------------------------------+-----+-----+------------+-------------------+--------------+

