================================================================
== Design Size Report
================================================================

* Total Instructions per Compilation Phase
+---------------+-----------------------------+--------------+----------------------------------------------------------------------------------------+
| Phase         | Step                        | Instructions | Description                                                                            |
+---------------+-----------------------------+--------------+----------------------------------------------------------------------------------------+
| Compile/Link  |                             |  3,872       | After all functions are compiled and linked into a single design                       |
|               |                             |              |                                                                                        |
| Unroll/Inline |                             |              | After user unroll and inline pragmas are applied                                       |
|               | (1) unroll                  | 24,654       | user unroll pragmas are applied                                                        |
|               | (2) simplification          | 16,119       | simplification of applied user unroll pragmas                                          |
|               | (3) inline                  | 15,509       | user inline pragmas are applied                                                        |
|               | (4) simplification          | 15,119       | simplification of applied user inline pragmas                                          |
|               |                             |              |                                                                                        |
| Array/Struct  |                             |              | After user array partition and struct aggregate/disaggregate pragmas are applied       |
|               | (1) array partition         | 23,030       | user array partition pragmas are applied                                               |
|               | (2) simplification          | 22,203       | simplification of applied user array partition & struct aggregate/disaggregate pragmas |
|               | (3) aggregate/disaggregate  | 22,203       | user struct aggregate/disaggregate pragmas are applied                                 |
|               | (4) array reshape           | 22,113       | apply array reshape pragmas                                                            |
|               | (5) access patterns         | 23,721       | array access pattern optmizations                                                      |
|               |                             |              |                                                                                        |
| Performance   |                             |              | After transformations are applied to meet performance pragma targets                   |
|               | (1) loop simplification     | 22,156       | loop and instruction simplification                                                    |
|               | (2) parallelization         | 22,033       | loops are unrolled or pipelined to meet performance targets                            |
|               | (3) array partition         | 22,033       | arrays are partitioned to meet performance targets                                     |
|               | (4) simplification          | 22,024       | simplification of design after performance transformations                             |
|               |                             |              |                                                                                        |
| HW Transforms |                             |              | After hardware transfomations                                                          |
|               | (1) lowering                | 24,138       | initial conversion to HW specific instructions                                         |
|               | (2) optimizations           | 23,771       | high level synthesis optimizations                                                     |
+---------------+-----------------------------+--------------+----------------------------------------------------------------------------------------+

* Instructions per Function for each Compilation Phase
+--------------------------+---------------+--------------+-------------------+------------------+------------------+------------------+
| Function                 | Location      | Compile/Link | Unroll/Inline     | Array/Struct     | Performance      | HW Transforms    |
+--------------------------+---------------+--------------+-------------------+------------------+------------------+------------------+
| + top                    | top.cpp:3     | 3,872        | 15,119            | 23,721           | 22,024           | 23,771           |
|    ConvertBias_BN        | tools.cpp:3   |   32         |    21             |   403            |   402            |   914            |
|    ConvertInputToStream  | tools.cpp:15  |   96         |    83             |    84            |    81            |   100            |
|    Padding               | tools.cpp:57  |  109         |    57             |    57            |    53            |    60            |
|    Sliding               | tools.cpp:89  |  832         |   201             |   212            |   199            |   194            |
|    ConvertInputToArray   | tools.cpp:198 |  229         |    38             |    79            |    35            |    73            |
|    ConvertWeightToStream | tools.cpp:224 |  127         |    97             |   102            |   100            |   127            |
|    ConvWeightToArray     | tools.cpp:269 |  132         |    36             |    85            |    58            |   103            |
|    MMWeightToArray       | tools.cpp:290 |  123         |    49             |    33            |    32            |    68            |
|    MuxWeightStream       | tools.cpp:311 |   83         |   218             |   125            |   124            |   174            |
|  + Compute               | tools.cpp:551 |  901         | 13,185            | 7,569            | 7,553            | 8,065            |
|     PE                   | tools.cpp:333 |  868         | 13,120 (16 calls) | 7,552 (16 calls) | 7,536 (16 calls) | 8,048 (16 calls) |
|    ConvertToOutStream    | tools.cpp:565 |  177         |   282             |   384            |   381            |   798            |
|    ConvToOutStream       | tools.cpp:616 |  135         |   338             | 7,135            | 5,580            | 4,417            |
|    ConvBias              | tools.cpp:658 |  109         |    62             |   833            |   828            | 1,861            |
|    ConvBN                | tools.cpp:681 |  166         |    84             | 1,234            | 1,217            | 2,240            |
|    ResOutput             | tools.cpp:714 |  136         |    95             |   384            |   379            |   686            |
+--------------------------+---------------+--------------+-------------------+------------------+------------------+------------------+

* Design Size Message Settings
+---------------------------------------------+--------+------------------------------------------------------------------+
| Message Setting                             | Value  | Description                                                      |
+---------------------------------------------+--------+------------------------------------------------------------------+
| config_compile -design_size_maximum_warning | 100000 | Show a warning when total design instructions exceeds this value |
+---------------------------------------------+--------+------------------------------------------------------------------+


