

================================================================
== Vitis HLS Report for 'MuxWeightStream'
================================================================
* Date:           Mon Mar 10 15:36:53 2025

* Version:        2023.2 (Build 4023990 on Oct 11 2023)
* Project:        SDA
* Solution:       solution1 (Vivado IP Flow Target)
* Product family: virtexuplusHBM
* Target device:  xcvu35p_CIV-fsvh2892-3-e


================================================================
== Performance Estimates
================================================================
+ Timing: 
    * Summary: 
    +--------+----------+----------+------------+
    |  Clock |  Target  | Estimated| Uncertainty|
    +--------+----------+----------+------------+
    |ap_clk  |  10.00 ns|  3.377 ns|     2.70 ns|
    +--------+----------+----------+------------+

+ Latency: 
    * Summary: 
    +---------+---------+----------+----------+-----+-----+---------+
    |  Latency (cycles) |  Latency (absolute) |  Interval | Pipeline|
    |   min   |   max   |    min   |    max   | min | max |   Type  |
    +---------+---------+----------+----------+-----+-----+---------+
    |      580|      580|  5.800 us|  5.800 us|  580|  580|       no|
    +---------+---------+----------+----------+-----+-----+---------+

    + Detail: 
        * Instance: 
        +------------------------------------------------------+-------------------------------------------+---------+---------+----------+----------+-----+-----+---------+
        |                                                      |                                           |  Latency (cycles) |  Latency (absolute) |  Interval | Pipeline|
        |                       Instance                       |                   Module                  |   min   |   max   |    min   |    max   | min | max |   Type  |
        +------------------------------------------------------+-------------------------------------------+---------+---------+----------+----------+-----+-----+---------+
        |grp_MuxWeightStream_Pipeline_VITIS_LOOP_314_1_fu_140  |MuxWeightStream_Pipeline_VITIS_LOOP_314_1  |      578|      578|  5.780 us|  5.780 us|  578|  578|       no|
        +------------------------------------------------------+-------------------------------------------+---------+---------+----------+----------+-----+-----+---------+

        * Loop: 
        N/A



================================================================
== Utilization Estimates
================================================================
* Summary: 
+---------------------+---------+------+---------+--------+-----+
|         Name        | BRAM_18K|  DSP |    FF   |   LUT  | URAM|
+---------------------+---------+------+---------+--------+-----+
|DSP                  |        -|     -|        -|       -|    -|
|Expression           |        -|     -|        0|       2|    -|
|FIFO                 |        -|     -|        -|       -|    -|
|Instance             |        -|     -|       34|     776|    -|
|Memory               |        -|     -|        -|       -|    -|
|Multiplexer          |        -|     -|        -|     479|    -|
|Register             |        -|     -|       36|       -|    -|
+---------------------+---------+------+---------+--------+-----+
|Total                |        0|     0|       70|    1257|    0|
+---------------------+---------+------+---------+--------+-----+
|Available SLR        |     1344|  2976|   871680|  435840|  320|
+---------------------+---------+------+---------+--------+-----+
|Utilization SLR (%)  |        0|     0|       ~0|      ~0|    0|
+---------------------+---------+------+---------+--------+-----+
|Available            |     2688|  5952|  1743360|  871680|  640|
+---------------------+---------+------+---------+--------+-----+
|Utilization (%)      |        0|     0|       ~0|      ~0|    0|
+---------------------+---------+------+---------+--------+-----+

+ Detail: 
    * Instance: 
    +------------------------------------------------------+-------------------------------------------+---------+----+----+-----+-----+
    |                       Instance                       |                   Module                  | BRAM_18K| DSP| FF | LUT | URAM|
    +------------------------------------------------------+-------------------------------------------+---------+----+----+-----+-----+
    |grp_MuxWeightStream_Pipeline_VITIS_LOOP_314_1_fu_140  |MuxWeightStream_Pipeline_VITIS_LOOP_314_1  |        0|   0|  34|  776|    0|
    +------------------------------------------------------+-------------------------------------------+---------+----+----+-----+-----+
    |Total                                                 |                                           |        0|   0|  34|  776|    0|
    +------------------------------------------------------+-------------------------------------------+---------+----+----+-----+-----+

    * DSP: 
    N/A

    * Memory: 
    N/A

    * FIFO: 
    N/A

    * Expression: 
    +-----------------+----------+----+---+----+------------+------------+
    |  Variable Name  | Operation| DSP| FF| LUT| Bitwidth P0| Bitwidth P1|
    +-----------------+----------+----+---+----+------------+------------+
    |ap_block_state1  |        or|   0|  0|   2|           1|           1|
    +-----------------+----------+----+---+----+------------+------------+
    |Total            |          |   0|  0|   2|           1|           1|
    +-----------------+----------+----+---+----+------------+------------+

    * Multiplexer: 
    +--------------------+----+-----------+-----+-----------+
    |        Name        | LUT| Input Size| Bits| Total Bits|
    +--------------------+----+-----------+-----+-----------+
    |Conv_SA_W_10_read   |   9|          2|    1|          2|
    |Conv_SA_W_11_read   |   9|          2|    1|          2|
    |Conv_SA_W_12_read   |   9|          2|    1|          2|
    |Conv_SA_W_13_read   |   9|          2|    1|          2|
    |Conv_SA_W_14_read   |   9|          2|    1|          2|
    |Conv_SA_W_15_read   |   9|          2|    1|          2|
    |Conv_SA_W_1_read    |   9|          2|    1|          2|
    |Conv_SA_W_2_read    |   9|          2|    1|          2|
    |Conv_SA_W_3_read    |   9|          2|    1|          2|
    |Conv_SA_W_4_read    |   9|          2|    1|          2|
    |Conv_SA_W_5_read    |   9|          2|    1|          2|
    |Conv_SA_W_6_read    |   9|          2|    1|          2|
    |Conv_SA_W_7_read    |   9|          2|    1|          2|
    |Conv_SA_W_8_read    |   9|          2|    1|          2|
    |Conv_SA_W_9_read    |   9|          2|    1|          2|
    |Conv_SA_W_read      |   9|          2|    1|          2|
    |MM_SA_W_10_read     |   9|          2|    1|          2|
    |MM_SA_W_11_read     |   9|          2|    1|          2|
    |MM_SA_W_12_read     |   9|          2|    1|          2|
    |MM_SA_W_13_read     |   9|          2|    1|          2|
    |MM_SA_W_14_read     |   9|          2|    1|          2|
    |MM_SA_W_15_read     |   9|          2|    1|          2|
    |MM_SA_W_1_read      |   9|          2|    1|          2|
    |MM_SA_W_2_read      |   9|          2|    1|          2|
    |MM_SA_W_3_read      |   9|          2|    1|          2|
    |MM_SA_W_4_read      |   9|          2|    1|          2|
    |MM_SA_W_5_read      |   9|          2|    1|          2|
    |MM_SA_W_6_read      |   9|          2|    1|          2|
    |MM_SA_W_7_read      |   9|          2|    1|          2|
    |MM_SA_W_8_read      |   9|          2|    1|          2|
    |MM_SA_W_9_read      |   9|          2|    1|          2|
    |MM_SA_W_read        |   9|          2|    1|          2|
    |ap_NS_fsm           |  20|          4|    1|          4|
    |ap_done             |   9|          2|    1|          2|
    |fifo_SA_W_10_write  |   9|          2|    1|          2|
    |fifo_SA_W_11_write  |   9|          2|    1|          2|
    |fifo_SA_W_12_write  |   9|          2|    1|          2|
    |fifo_SA_W_13_write  |   9|          2|    1|          2|
    |fifo_SA_W_14_write  |   9|          2|    1|          2|
    |fifo_SA_W_15_write  |   9|          2|    1|          2|
    |fifo_SA_W_1_write   |   9|          2|    1|          2|
    |fifo_SA_W_2_write   |   9|          2|    1|          2|
    |fifo_SA_W_3_write   |   9|          2|    1|          2|
    |fifo_SA_W_4_write   |   9|          2|    1|          2|
    |fifo_SA_W_5_write   |   9|          2|    1|          2|
    |fifo_SA_W_6_write   |   9|          2|    1|          2|
    |fifo_SA_W_7_write   |   9|          2|    1|          2|
    |fifo_SA_W_8_write   |   9|          2|    1|          2|
    |fifo_SA_W_9_write   |   9|          2|    1|          2|
    |fifo_SA_W_write     |   9|          2|    1|          2|
    |mode_blk_n          |   9|          2|    1|          2|
    |num_w_sa_loc_blk_n  |   9|          2|    1|          2|
    +--------------------+----+-----------+-----+-----------+
    |Total               | 479|        106|   52|        106|
    +--------------------+----+-----------+-----+-----------+

    * Register: 
    +-------------------------------------------------------------------+----+----+-----+-----------+
    |                                Name                               | FF | LUT| Bits| Const Bits|
    +-------------------------------------------------------------------+----+----+-----+-----------+
    |ap_CS_fsm                                                          |   3|   0|    3|          0|
    |ap_done_reg                                                        |   1|   0|    1|          0|
    |grp_MuxWeightStream_Pipeline_VITIS_LOOP_314_1_fu_140_ap_start_reg  |   1|   0|    1|          0|
    |mode_4_reg_242                                                     |   1|   0|    1|          0|
    |num_w_sa_reg_247                                                   |  30|   0|   30|          0|
    +-------------------------------------------------------------------+----+----+-----+-----------+
    |Total                                                              |  36|   0|   36|          0|
    +-------------------------------------------------------------------+----+----+-----+-----------+



================================================================
== Interface
================================================================
* Summary: 
+-----------------------------+-----+-----+------------+-----------------+--------------+
|          RTL Ports          | Dir | Bits|  Protocol  |  Source Object  |    C Type    |
+-----------------------------+-----+-----+------------+-----------------+--------------+
|ap_clk                       |   in|    1|  ap_ctrl_hs|  MuxWeightStream|  return value|
|ap_rst                       |   in|    1|  ap_ctrl_hs|  MuxWeightStream|  return value|
|ap_start                     |   in|    1|  ap_ctrl_hs|  MuxWeightStream|  return value|
|ap_done                      |  out|    1|  ap_ctrl_hs|  MuxWeightStream|  return value|
|ap_continue                  |   in|    1|  ap_ctrl_hs|  MuxWeightStream|  return value|
|ap_idle                      |  out|    1|  ap_ctrl_hs|  MuxWeightStream|  return value|
|ap_ready                     |  out|    1|  ap_ctrl_hs|  MuxWeightStream|  return value|
|Conv_SA_W_dout               |   in|  128|     ap_fifo|        Conv_SA_W|       pointer|
|Conv_SA_W_num_data_valid     |   in|    4|     ap_fifo|        Conv_SA_W|       pointer|
|Conv_SA_W_fifo_cap           |   in|    4|     ap_fifo|        Conv_SA_W|       pointer|
|Conv_SA_W_empty_n            |   in|    1|     ap_fifo|        Conv_SA_W|       pointer|
|Conv_SA_W_read               |  out|    1|     ap_fifo|        Conv_SA_W|       pointer|
|Conv_SA_W_1_dout             |   in|  128|     ap_fifo|      Conv_SA_W_1|       pointer|
|Conv_SA_W_1_num_data_valid   |   in|    4|     ap_fifo|      Conv_SA_W_1|       pointer|
|Conv_SA_W_1_fifo_cap         |   in|    4|     ap_fifo|      Conv_SA_W_1|       pointer|
|Conv_SA_W_1_empty_n          |   in|    1|     ap_fifo|      Conv_SA_W_1|       pointer|
|Conv_SA_W_1_read             |  out|    1|     ap_fifo|      Conv_SA_W_1|       pointer|
|Conv_SA_W_2_dout             |   in|  128|     ap_fifo|      Conv_SA_W_2|       pointer|
|Conv_SA_W_2_num_data_valid   |   in|    4|     ap_fifo|      Conv_SA_W_2|       pointer|
|Conv_SA_W_2_fifo_cap         |   in|    4|     ap_fifo|      Conv_SA_W_2|       pointer|
|Conv_SA_W_2_empty_n          |   in|    1|     ap_fifo|      Conv_SA_W_2|       pointer|
|Conv_SA_W_2_read             |  out|    1|     ap_fifo|      Conv_SA_W_2|       pointer|
|Conv_SA_W_3_dout             |   in|  128|     ap_fifo|      Conv_SA_W_3|       pointer|
|Conv_SA_W_3_num_data_valid   |   in|    4|     ap_fifo|      Conv_SA_W_3|       pointer|
|Conv_SA_W_3_fifo_cap         |   in|    4|     ap_fifo|      Conv_SA_W_3|       pointer|
|Conv_SA_W_3_empty_n          |   in|    1|     ap_fifo|      Conv_SA_W_3|       pointer|
|Conv_SA_W_3_read             |  out|    1|     ap_fifo|      Conv_SA_W_3|       pointer|
|Conv_SA_W_4_dout             |   in|  128|     ap_fifo|      Conv_SA_W_4|       pointer|
|Conv_SA_W_4_num_data_valid   |   in|    4|     ap_fifo|      Conv_SA_W_4|       pointer|
|Conv_SA_W_4_fifo_cap         |   in|    4|     ap_fifo|      Conv_SA_W_4|       pointer|
|Conv_SA_W_4_empty_n          |   in|    1|     ap_fifo|      Conv_SA_W_4|       pointer|
|Conv_SA_W_4_read             |  out|    1|     ap_fifo|      Conv_SA_W_4|       pointer|
|Conv_SA_W_5_dout             |   in|  128|     ap_fifo|      Conv_SA_W_5|       pointer|
|Conv_SA_W_5_num_data_valid   |   in|    4|     ap_fifo|      Conv_SA_W_5|       pointer|
|Conv_SA_W_5_fifo_cap         |   in|    4|     ap_fifo|      Conv_SA_W_5|       pointer|
|Conv_SA_W_5_empty_n          |   in|    1|     ap_fifo|      Conv_SA_W_5|       pointer|
|Conv_SA_W_5_read             |  out|    1|     ap_fifo|      Conv_SA_W_5|       pointer|
|Conv_SA_W_6_dout             |   in|  128|     ap_fifo|      Conv_SA_W_6|       pointer|
|Conv_SA_W_6_num_data_valid   |   in|    4|     ap_fifo|      Conv_SA_W_6|       pointer|
|Conv_SA_W_6_fifo_cap         |   in|    4|     ap_fifo|      Conv_SA_W_6|       pointer|
|Conv_SA_W_6_empty_n          |   in|    1|     ap_fifo|      Conv_SA_W_6|       pointer|
|Conv_SA_W_6_read             |  out|    1|     ap_fifo|      Conv_SA_W_6|       pointer|
|Conv_SA_W_7_dout             |   in|  128|     ap_fifo|      Conv_SA_W_7|       pointer|
|Conv_SA_W_7_num_data_valid   |   in|    4|     ap_fifo|      Conv_SA_W_7|       pointer|
|Conv_SA_W_7_fifo_cap         |   in|    4|     ap_fifo|      Conv_SA_W_7|       pointer|
|Conv_SA_W_7_empty_n          |   in|    1|     ap_fifo|      Conv_SA_W_7|       pointer|
|Conv_SA_W_7_read             |  out|    1|     ap_fifo|      Conv_SA_W_7|       pointer|
|Conv_SA_W_8_dout             |   in|  128|     ap_fifo|      Conv_SA_W_8|       pointer|
|Conv_SA_W_8_num_data_valid   |   in|    4|     ap_fifo|      Conv_SA_W_8|       pointer|
|Conv_SA_W_8_fifo_cap         |   in|    4|     ap_fifo|      Conv_SA_W_8|       pointer|
|Conv_SA_W_8_empty_n          |   in|    1|     ap_fifo|      Conv_SA_W_8|       pointer|
|Conv_SA_W_8_read             |  out|    1|     ap_fifo|      Conv_SA_W_8|       pointer|
|Conv_SA_W_9_dout             |   in|  128|     ap_fifo|      Conv_SA_W_9|       pointer|
|Conv_SA_W_9_num_data_valid   |   in|    4|     ap_fifo|      Conv_SA_W_9|       pointer|
|Conv_SA_W_9_fifo_cap         |   in|    4|     ap_fifo|      Conv_SA_W_9|       pointer|
|Conv_SA_W_9_empty_n          |   in|    1|     ap_fifo|      Conv_SA_W_9|       pointer|
|Conv_SA_W_9_read             |  out|    1|     ap_fifo|      Conv_SA_W_9|       pointer|
|Conv_SA_W_10_dout            |   in|  128|     ap_fifo|     Conv_SA_W_10|       pointer|
|Conv_SA_W_10_num_data_valid  |   in|    4|     ap_fifo|     Conv_SA_W_10|       pointer|
|Conv_SA_W_10_fifo_cap        |   in|    4|     ap_fifo|     Conv_SA_W_10|       pointer|
|Conv_SA_W_10_empty_n         |   in|    1|     ap_fifo|     Conv_SA_W_10|       pointer|
|Conv_SA_W_10_read            |  out|    1|     ap_fifo|     Conv_SA_W_10|       pointer|
|Conv_SA_W_11_dout            |   in|  128|     ap_fifo|     Conv_SA_W_11|       pointer|
|Conv_SA_W_11_num_data_valid  |   in|    4|     ap_fifo|     Conv_SA_W_11|       pointer|
|Conv_SA_W_11_fifo_cap        |   in|    4|     ap_fifo|     Conv_SA_W_11|       pointer|
|Conv_SA_W_11_empty_n         |   in|    1|     ap_fifo|     Conv_SA_W_11|       pointer|
|Conv_SA_W_11_read            |  out|    1|     ap_fifo|     Conv_SA_W_11|       pointer|
|Conv_SA_W_12_dout            |   in|  128|     ap_fifo|     Conv_SA_W_12|       pointer|
|Conv_SA_W_12_num_data_valid  |   in|    4|     ap_fifo|     Conv_SA_W_12|       pointer|
|Conv_SA_W_12_fifo_cap        |   in|    4|     ap_fifo|     Conv_SA_W_12|       pointer|
|Conv_SA_W_12_empty_n         |   in|    1|     ap_fifo|     Conv_SA_W_12|       pointer|
|Conv_SA_W_12_read            |  out|    1|     ap_fifo|     Conv_SA_W_12|       pointer|
|Conv_SA_W_13_dout            |   in|  128|     ap_fifo|     Conv_SA_W_13|       pointer|
|Conv_SA_W_13_num_data_valid  |   in|    4|     ap_fifo|     Conv_SA_W_13|       pointer|
|Conv_SA_W_13_fifo_cap        |   in|    4|     ap_fifo|     Conv_SA_W_13|       pointer|
|Conv_SA_W_13_empty_n         |   in|    1|     ap_fifo|     Conv_SA_W_13|       pointer|
|Conv_SA_W_13_read            |  out|    1|     ap_fifo|     Conv_SA_W_13|       pointer|
|Conv_SA_W_14_dout            |   in|  128|     ap_fifo|     Conv_SA_W_14|       pointer|
|Conv_SA_W_14_num_data_valid  |   in|    4|     ap_fifo|     Conv_SA_W_14|       pointer|
|Conv_SA_W_14_fifo_cap        |   in|    4|     ap_fifo|     Conv_SA_W_14|       pointer|
|Conv_SA_W_14_empty_n         |   in|    1|     ap_fifo|     Conv_SA_W_14|       pointer|
|Conv_SA_W_14_read            |  out|    1|     ap_fifo|     Conv_SA_W_14|       pointer|
|Conv_SA_W_15_dout            |   in|  128|     ap_fifo|     Conv_SA_W_15|       pointer|
|Conv_SA_W_15_num_data_valid  |   in|    4|     ap_fifo|     Conv_SA_W_15|       pointer|
|Conv_SA_W_15_fifo_cap        |   in|    4|     ap_fifo|     Conv_SA_W_15|       pointer|
|Conv_SA_W_15_empty_n         |   in|    1|     ap_fifo|     Conv_SA_W_15|       pointer|
|Conv_SA_W_15_read            |  out|    1|     ap_fifo|     Conv_SA_W_15|       pointer|
|MM_SA_W_dout                 |   in|  128|     ap_fifo|          MM_SA_W|       pointer|
|MM_SA_W_num_data_valid       |   in|    3|     ap_fifo|          MM_SA_W|       pointer|
|MM_SA_W_fifo_cap             |   in|    3|     ap_fifo|          MM_SA_W|       pointer|
|MM_SA_W_empty_n              |   in|    1|     ap_fifo|          MM_SA_W|       pointer|
|MM_SA_W_read                 |  out|    1|     ap_fifo|          MM_SA_W|       pointer|
|MM_SA_W_1_dout               |   in|  128|     ap_fifo|        MM_SA_W_1|       pointer|
|MM_SA_W_1_num_data_valid     |   in|    3|     ap_fifo|        MM_SA_W_1|       pointer|
|MM_SA_W_1_fifo_cap           |   in|    3|     ap_fifo|        MM_SA_W_1|       pointer|
|MM_SA_W_1_empty_n            |   in|    1|     ap_fifo|        MM_SA_W_1|       pointer|
|MM_SA_W_1_read               |  out|    1|     ap_fifo|        MM_SA_W_1|       pointer|
|MM_SA_W_2_dout               |   in|  128|     ap_fifo|        MM_SA_W_2|       pointer|
|MM_SA_W_2_num_data_valid     |   in|    3|     ap_fifo|        MM_SA_W_2|       pointer|
|MM_SA_W_2_fifo_cap           |   in|    3|     ap_fifo|        MM_SA_W_2|       pointer|
|MM_SA_W_2_empty_n            |   in|    1|     ap_fifo|        MM_SA_W_2|       pointer|
|MM_SA_W_2_read               |  out|    1|     ap_fifo|        MM_SA_W_2|       pointer|
|MM_SA_W_3_dout               |   in|  128|     ap_fifo|        MM_SA_W_3|       pointer|
|MM_SA_W_3_num_data_valid     |   in|    3|     ap_fifo|        MM_SA_W_3|       pointer|
|MM_SA_W_3_fifo_cap           |   in|    3|     ap_fifo|        MM_SA_W_3|       pointer|
|MM_SA_W_3_empty_n            |   in|    1|     ap_fifo|        MM_SA_W_3|       pointer|
|MM_SA_W_3_read               |  out|    1|     ap_fifo|        MM_SA_W_3|       pointer|
|MM_SA_W_4_dout               |   in|  128|     ap_fifo|        MM_SA_W_4|       pointer|
|MM_SA_W_4_num_data_valid     |   in|    3|     ap_fifo|        MM_SA_W_4|       pointer|
|MM_SA_W_4_fifo_cap           |   in|    3|     ap_fifo|        MM_SA_W_4|       pointer|
|MM_SA_W_4_empty_n            |   in|    1|     ap_fifo|        MM_SA_W_4|       pointer|
|MM_SA_W_4_read               |  out|    1|     ap_fifo|        MM_SA_W_4|       pointer|
|MM_SA_W_5_dout               |   in|  128|     ap_fifo|        MM_SA_W_5|       pointer|
|MM_SA_W_5_num_data_valid     |   in|    3|     ap_fifo|        MM_SA_W_5|       pointer|
|MM_SA_W_5_fifo_cap           |   in|    3|     ap_fifo|        MM_SA_W_5|       pointer|
|MM_SA_W_5_empty_n            |   in|    1|     ap_fifo|        MM_SA_W_5|       pointer|
|MM_SA_W_5_read               |  out|    1|     ap_fifo|        MM_SA_W_5|       pointer|
|MM_SA_W_6_dout               |   in|  128|     ap_fifo|        MM_SA_W_6|       pointer|
|MM_SA_W_6_num_data_valid     |   in|    3|     ap_fifo|        MM_SA_W_6|       pointer|
|MM_SA_W_6_fifo_cap           |   in|    3|     ap_fifo|        MM_SA_W_6|       pointer|
|MM_SA_W_6_empty_n            |   in|    1|     ap_fifo|        MM_SA_W_6|       pointer|
|MM_SA_W_6_read               |  out|    1|     ap_fifo|        MM_SA_W_6|       pointer|
|MM_SA_W_7_dout               |   in|  128|     ap_fifo|        MM_SA_W_7|       pointer|
|MM_SA_W_7_num_data_valid     |   in|    3|     ap_fifo|        MM_SA_W_7|       pointer|
|MM_SA_W_7_fifo_cap           |   in|    3|     ap_fifo|        MM_SA_W_7|       pointer|
|MM_SA_W_7_empty_n            |   in|    1|     ap_fifo|        MM_SA_W_7|       pointer|
|MM_SA_W_7_read               |  out|    1|     ap_fifo|        MM_SA_W_7|       pointer|
|MM_SA_W_8_dout               |   in|  128|     ap_fifo|        MM_SA_W_8|       pointer|
|MM_SA_W_8_num_data_valid     |   in|    3|     ap_fifo|        MM_SA_W_8|       pointer|
|MM_SA_W_8_fifo_cap           |   in|    3|     ap_fifo|        MM_SA_W_8|       pointer|
|MM_SA_W_8_empty_n            |   in|    1|     ap_fifo|        MM_SA_W_8|       pointer|
|MM_SA_W_8_read               |  out|    1|     ap_fifo|        MM_SA_W_8|       pointer|
|MM_SA_W_9_dout               |   in|  128|     ap_fifo|        MM_SA_W_9|       pointer|
|MM_SA_W_9_num_data_valid     |   in|    3|     ap_fifo|        MM_SA_W_9|       pointer|
|MM_SA_W_9_fifo_cap           |   in|    3|     ap_fifo|        MM_SA_W_9|       pointer|
|MM_SA_W_9_empty_n            |   in|    1|     ap_fifo|        MM_SA_W_9|       pointer|
|MM_SA_W_9_read               |  out|    1|     ap_fifo|        MM_SA_W_9|       pointer|
|MM_SA_W_10_dout              |   in|  128|     ap_fifo|       MM_SA_W_10|       pointer|
|MM_SA_W_10_num_data_valid    |   in|    3|     ap_fifo|       MM_SA_W_10|       pointer|
|MM_SA_W_10_fifo_cap          |   in|    3|     ap_fifo|       MM_SA_W_10|       pointer|
|MM_SA_W_10_empty_n           |   in|    1|     ap_fifo|       MM_SA_W_10|       pointer|
|MM_SA_W_10_read              |  out|    1|     ap_fifo|       MM_SA_W_10|       pointer|
|MM_SA_W_11_dout              |   in|  128|     ap_fifo|       MM_SA_W_11|       pointer|
|MM_SA_W_11_num_data_valid    |   in|    3|     ap_fifo|       MM_SA_W_11|       pointer|
|MM_SA_W_11_fifo_cap          |   in|    3|     ap_fifo|       MM_SA_W_11|       pointer|
|MM_SA_W_11_empty_n           |   in|    1|     ap_fifo|       MM_SA_W_11|       pointer|
|MM_SA_W_11_read              |  out|    1|     ap_fifo|       MM_SA_W_11|       pointer|
|MM_SA_W_12_dout              |   in|  128|     ap_fifo|       MM_SA_W_12|       pointer|
|MM_SA_W_12_num_data_valid    |   in|    3|     ap_fifo|       MM_SA_W_12|       pointer|
|MM_SA_W_12_fifo_cap          |   in|    3|     ap_fifo|       MM_SA_W_12|       pointer|
|MM_SA_W_12_empty_n           |   in|    1|     ap_fifo|       MM_SA_W_12|       pointer|
|MM_SA_W_12_read              |  out|    1|     ap_fifo|       MM_SA_W_12|       pointer|
|MM_SA_W_13_dout              |   in|  128|     ap_fifo|       MM_SA_W_13|       pointer|
|MM_SA_W_13_num_data_valid    |   in|    3|     ap_fifo|       MM_SA_W_13|       pointer|
|MM_SA_W_13_fifo_cap          |   in|    3|     ap_fifo|       MM_SA_W_13|       pointer|
|MM_SA_W_13_empty_n           |   in|    1|     ap_fifo|       MM_SA_W_13|       pointer|
|MM_SA_W_13_read              |  out|    1|     ap_fifo|       MM_SA_W_13|       pointer|
|MM_SA_W_14_dout              |   in|  128|     ap_fifo|       MM_SA_W_14|       pointer|
|MM_SA_W_14_num_data_valid    |   in|    3|     ap_fifo|       MM_SA_W_14|       pointer|
|MM_SA_W_14_fifo_cap          |   in|    3|     ap_fifo|       MM_SA_W_14|       pointer|
|MM_SA_W_14_empty_n           |   in|    1|     ap_fifo|       MM_SA_W_14|       pointer|
|MM_SA_W_14_read              |  out|    1|     ap_fifo|       MM_SA_W_14|       pointer|
|MM_SA_W_15_dout              |   in|  128|     ap_fifo|       MM_SA_W_15|       pointer|
|MM_SA_W_15_num_data_valid    |   in|    3|     ap_fifo|       MM_SA_W_15|       pointer|
|MM_SA_W_15_fifo_cap          |   in|    3|     ap_fifo|       MM_SA_W_15|       pointer|
|MM_SA_W_15_empty_n           |   in|    1|     ap_fifo|       MM_SA_W_15|       pointer|
|MM_SA_W_15_read              |  out|    1|     ap_fifo|       MM_SA_W_15|       pointer|
|fifo_SA_W_din                |  out|  128|     ap_fifo|        fifo_SA_W|       pointer|
|fifo_SA_W_num_data_valid     |   in|    4|     ap_fifo|        fifo_SA_W|       pointer|
|fifo_SA_W_fifo_cap           |   in|    4|     ap_fifo|        fifo_SA_W|       pointer|
|fifo_SA_W_full_n             |   in|    1|     ap_fifo|        fifo_SA_W|       pointer|
|fifo_SA_W_write              |  out|    1|     ap_fifo|        fifo_SA_W|       pointer|
|fifo_SA_W_1_din              |  out|  128|     ap_fifo|      fifo_SA_W_1|       pointer|
|fifo_SA_W_1_num_data_valid   |   in|    4|     ap_fifo|      fifo_SA_W_1|       pointer|
|fifo_SA_W_1_fifo_cap         |   in|    4|     ap_fifo|      fifo_SA_W_1|       pointer|
|fifo_SA_W_1_full_n           |   in|    1|     ap_fifo|      fifo_SA_W_1|       pointer|
|fifo_SA_W_1_write            |  out|    1|     ap_fifo|      fifo_SA_W_1|       pointer|
|fifo_SA_W_2_din              |  out|  128|     ap_fifo|      fifo_SA_W_2|       pointer|
|fifo_SA_W_2_num_data_valid   |   in|    4|     ap_fifo|      fifo_SA_W_2|       pointer|
|fifo_SA_W_2_fifo_cap         |   in|    4|     ap_fifo|      fifo_SA_W_2|       pointer|
|fifo_SA_W_2_full_n           |   in|    1|     ap_fifo|      fifo_SA_W_2|       pointer|
|fifo_SA_W_2_write            |  out|    1|     ap_fifo|      fifo_SA_W_2|       pointer|
|fifo_SA_W_3_din              |  out|  128|     ap_fifo|      fifo_SA_W_3|       pointer|
|fifo_SA_W_3_num_data_valid   |   in|    4|     ap_fifo|      fifo_SA_W_3|       pointer|
|fifo_SA_W_3_fifo_cap         |   in|    4|     ap_fifo|      fifo_SA_W_3|       pointer|
|fifo_SA_W_3_full_n           |   in|    1|     ap_fifo|      fifo_SA_W_3|       pointer|
|fifo_SA_W_3_write            |  out|    1|     ap_fifo|      fifo_SA_W_3|       pointer|
|fifo_SA_W_4_din              |  out|  128|     ap_fifo|      fifo_SA_W_4|       pointer|
|fifo_SA_W_4_num_data_valid   |   in|    4|     ap_fifo|      fifo_SA_W_4|       pointer|
|fifo_SA_W_4_fifo_cap         |   in|    4|     ap_fifo|      fifo_SA_W_4|       pointer|
|fifo_SA_W_4_full_n           |   in|    1|     ap_fifo|      fifo_SA_W_4|       pointer|
|fifo_SA_W_4_write            |  out|    1|     ap_fifo|      fifo_SA_W_4|       pointer|
|fifo_SA_W_5_din              |  out|  128|     ap_fifo|      fifo_SA_W_5|       pointer|
|fifo_SA_W_5_num_data_valid   |   in|    4|     ap_fifo|      fifo_SA_W_5|       pointer|
|fifo_SA_W_5_fifo_cap         |   in|    4|     ap_fifo|      fifo_SA_W_5|       pointer|
|fifo_SA_W_5_full_n           |   in|    1|     ap_fifo|      fifo_SA_W_5|       pointer|
|fifo_SA_W_5_write            |  out|    1|     ap_fifo|      fifo_SA_W_5|       pointer|
|fifo_SA_W_6_din              |  out|  128|     ap_fifo|      fifo_SA_W_6|       pointer|
|fifo_SA_W_6_num_data_valid   |   in|    4|     ap_fifo|      fifo_SA_W_6|       pointer|
|fifo_SA_W_6_fifo_cap         |   in|    4|     ap_fifo|      fifo_SA_W_6|       pointer|
|fifo_SA_W_6_full_n           |   in|    1|     ap_fifo|      fifo_SA_W_6|       pointer|
|fifo_SA_W_6_write            |  out|    1|     ap_fifo|      fifo_SA_W_6|       pointer|
|fifo_SA_W_7_din              |  out|  128|     ap_fifo|      fifo_SA_W_7|       pointer|
|fifo_SA_W_7_num_data_valid   |   in|    4|     ap_fifo|      fifo_SA_W_7|       pointer|
|fifo_SA_W_7_fifo_cap         |   in|    4|     ap_fifo|      fifo_SA_W_7|       pointer|
|fifo_SA_W_7_full_n           |   in|    1|     ap_fifo|      fifo_SA_W_7|       pointer|
|fifo_SA_W_7_write            |  out|    1|     ap_fifo|      fifo_SA_W_7|       pointer|
|fifo_SA_W_8_din              |  out|  128|     ap_fifo|      fifo_SA_W_8|       pointer|
|fifo_SA_W_8_num_data_valid   |   in|    4|     ap_fifo|      fifo_SA_W_8|       pointer|
|fifo_SA_W_8_fifo_cap         |   in|    4|     ap_fifo|      fifo_SA_W_8|       pointer|
|fifo_SA_W_8_full_n           |   in|    1|     ap_fifo|      fifo_SA_W_8|       pointer|
|fifo_SA_W_8_write            |  out|    1|     ap_fifo|      fifo_SA_W_8|       pointer|
|fifo_SA_W_9_din              |  out|  128|     ap_fifo|      fifo_SA_W_9|       pointer|
|fifo_SA_W_9_num_data_valid   |   in|    4|     ap_fifo|      fifo_SA_W_9|       pointer|
|fifo_SA_W_9_fifo_cap         |   in|    4|     ap_fifo|      fifo_SA_W_9|       pointer|
|fifo_SA_W_9_full_n           |   in|    1|     ap_fifo|      fifo_SA_W_9|       pointer|
|fifo_SA_W_9_write            |  out|    1|     ap_fifo|      fifo_SA_W_9|       pointer|
|fifo_SA_W_10_din             |  out|  128|     ap_fifo|     fifo_SA_W_10|       pointer|
|fifo_SA_W_10_num_data_valid  |   in|    4|     ap_fifo|     fifo_SA_W_10|       pointer|
|fifo_SA_W_10_fifo_cap        |   in|    4|     ap_fifo|     fifo_SA_W_10|       pointer|
|fifo_SA_W_10_full_n          |   in|    1|     ap_fifo|     fifo_SA_W_10|       pointer|
|fifo_SA_W_10_write           |  out|    1|     ap_fifo|     fifo_SA_W_10|       pointer|
|fifo_SA_W_11_din             |  out|  128|     ap_fifo|     fifo_SA_W_11|       pointer|
|fifo_SA_W_11_num_data_valid  |   in|    4|     ap_fifo|     fifo_SA_W_11|       pointer|
|fifo_SA_W_11_fifo_cap        |   in|    4|     ap_fifo|     fifo_SA_W_11|       pointer|
|fifo_SA_W_11_full_n          |   in|    1|     ap_fifo|     fifo_SA_W_11|       pointer|
|fifo_SA_W_11_write           |  out|    1|     ap_fifo|     fifo_SA_W_11|       pointer|
|fifo_SA_W_12_din             |  out|  128|     ap_fifo|     fifo_SA_W_12|       pointer|
|fifo_SA_W_12_num_data_valid  |   in|    4|     ap_fifo|     fifo_SA_W_12|       pointer|
|fifo_SA_W_12_fifo_cap        |   in|    4|     ap_fifo|     fifo_SA_W_12|       pointer|
|fifo_SA_W_12_full_n          |   in|    1|     ap_fifo|     fifo_SA_W_12|       pointer|
|fifo_SA_W_12_write           |  out|    1|     ap_fifo|     fifo_SA_W_12|       pointer|
|fifo_SA_W_13_din             |  out|  128|     ap_fifo|     fifo_SA_W_13|       pointer|
|fifo_SA_W_13_num_data_valid  |   in|    4|     ap_fifo|     fifo_SA_W_13|       pointer|
|fifo_SA_W_13_fifo_cap        |   in|    4|     ap_fifo|     fifo_SA_W_13|       pointer|
|fifo_SA_W_13_full_n          |   in|    1|     ap_fifo|     fifo_SA_W_13|       pointer|
|fifo_SA_W_13_write           |  out|    1|     ap_fifo|     fifo_SA_W_13|       pointer|
|fifo_SA_W_14_din             |  out|  128|     ap_fifo|     fifo_SA_W_14|       pointer|
|fifo_SA_W_14_num_data_valid  |   in|    4|     ap_fifo|     fifo_SA_W_14|       pointer|
|fifo_SA_W_14_fifo_cap        |   in|    4|     ap_fifo|     fifo_SA_W_14|       pointer|
|fifo_SA_W_14_full_n          |   in|    1|     ap_fifo|     fifo_SA_W_14|       pointer|
|fifo_SA_W_14_write           |  out|    1|     ap_fifo|     fifo_SA_W_14|       pointer|
|fifo_SA_W_15_din             |  out|  128|     ap_fifo|     fifo_SA_W_15|       pointer|
|fifo_SA_W_15_num_data_valid  |   in|    4|     ap_fifo|     fifo_SA_W_15|       pointer|
|fifo_SA_W_15_fifo_cap        |   in|    4|     ap_fifo|     fifo_SA_W_15|       pointer|
|fifo_SA_W_15_full_n          |   in|    1|     ap_fifo|     fifo_SA_W_15|       pointer|
|fifo_SA_W_15_write           |  out|    1|     ap_fifo|     fifo_SA_W_15|       pointer|
|num_w_sa_loc_dout            |   in|   30|     ap_fifo|     num_w_sa_loc|       pointer|
|num_w_sa_loc_num_data_valid  |   in|    3|     ap_fifo|     num_w_sa_loc|       pointer|
|num_w_sa_loc_fifo_cap        |   in|    3|     ap_fifo|     num_w_sa_loc|       pointer|
|num_w_sa_loc_empty_n         |   in|    1|     ap_fifo|     num_w_sa_loc|       pointer|
|num_w_sa_loc_read            |  out|    1|     ap_fifo|     num_w_sa_loc|       pointer|
|mode_dout                    |   in|    1|     ap_fifo|             mode|       pointer|
|mode_num_data_valid          |   in|    3|     ap_fifo|             mode|       pointer|
|mode_fifo_cap                |   in|    3|     ap_fifo|             mode|       pointer|
|mode_empty_n                 |   in|    1|     ap_fifo|             mode|       pointer|
|mode_read                    |  out|    1|     ap_fifo|             mode|       pointer|
+-----------------------------+-----+-----+------------+-----------------+--------------+

