

================================================================
== Vitis HLS Report for 'PE_Pipeline_VITIS_LOOP_385_5'
================================================================
* Date:           Mon Mar 10 15:36:53 2025

* Version:        2023.2 (Build 4023990 on Oct 11 2023)
* Project:        SDA
* Solution:       solution1 (Vivado IP Flow Target)
* Product family: virtexuplusHBM
* Target device:  xcvu35p_CIV-fsvh2892-3-e


================================================================
== Performance Estimates
================================================================
+ Timing: 
    * Summary: 
    +--------+----------+----------+------------+
    |  Clock |  Target  | Estimated| Uncertainty|
    +--------+----------+----------+------------+
    |ap_clk  |  10.00 ns|  6.622 ns|     2.70 ns|
    +--------+----------+----------+------------+

+ Latency: 
    * Summary: 
    +---------+---------+-----------+-----------+------+------+---------+
    |  Latency (cycles) |   Latency (absolute)  |   Interval  | Pipeline|
    |   min   |   max   |    min    |    max    |  min |  max |   Type  |
    +---------+---------+-----------+-----------+------+------+---------+
    |     2323|     2323|  23.230 us|  23.230 us|  2323|  2323|       no|
    +---------+---------+-----------+-----------+------+------+---------+

    + Detail: 
        * Instance: 
        N/A

        * Loop: 
        +--------------------+---------+---------+----------+-----------+-----------+------+----------+
        |                    |  Latency (cycles) | Iteration|  Initiation Interval  | Trip |          |
        |      Loop Name     |   min   |   max   |  Latency |  achieved |   target  | Count| Pipelined|
        +--------------------+---------+---------+----------+-----------+-----------+------+----------+
        |- VITIS_LOOP_385_5  |     2321|     2321|        13|          1|          1|  2310|       yes|
        +--------------------+---------+---------+----------+-----------+-----------+------+----------+



================================================================
== Utilization Estimates
================================================================
* Summary: 
+---------------------+---------+------+---------+--------+-----+
|         Name        | BRAM_18K|  DSP |    FF   |   LUT  | URAM|
+---------------------+---------+------+---------+--------+-----+
|DSP                  |        -|     -|        -|       -|    -|
|Expression           |        -|     -|        0|    4962|    -|
|FIFO                 |        -|     -|        -|       -|    -|
|Instance             |        -|   118|     7693|    8317|    -|
|Memory               |        -|     -|        -|       -|    -|
|Multiplexer          |        -|     -|        -|    1016|    -|
|Register             |        -|     -|     8680|    1792|    -|
+---------------------+---------+------+---------+--------+-----+
|Total                |        0|   118|    16373|   16087|    0|
+---------------------+---------+------+---------+--------+-----+
|Available SLR        |     1344|  2976|   871680|  435840|  320|
+---------------------+---------+------+---------+--------+-----+
|Utilization SLR (%)  |        0|     3|        1|       3|    0|
+---------------------+---------+------+---------+--------+-----+
|Available            |     2688|  5952|  1743360|  871680|  640|
+---------------------+---------+------+---------+--------+-----+
|Utilization (%)      |        0|     1|       ~0|       1|    0|
+---------------------+---------+------+---------+--------+-----+

+ Detail: 
    * Instance: 
    +-------------------------------------+--------------------------------+---------+----+-----+-----+-----+
    |               Instance              |             Module             | BRAM_18K| DSP|  FF | LUT | URAM|
    +-------------------------------------+--------------------------------+---------+----+-----+-----+-----+
    |fadd_32ns_32ns_32_2_full_dsp_1_U948  |fadd_32ns_32ns_32_2_full_dsp_1  |        0|   2|  177|  233|    0|
    |fadd_32ns_32ns_32_2_full_dsp_1_U949  |fadd_32ns_32ns_32_2_full_dsp_1  |        0|   2|  177|  233|    0|
    |fadd_32ns_32ns_32_2_full_dsp_1_U950  |fadd_32ns_32ns_32_2_full_dsp_1  |        0|   2|  177|  233|    0|
    |fadd_32ns_32ns_32_2_full_dsp_1_U951  |fadd_32ns_32ns_32_2_full_dsp_1  |        0|   2|  177|  233|    0|
    |fadd_32ns_32ns_32_2_full_dsp_1_U952  |fadd_32ns_32ns_32_2_full_dsp_1  |        0|   2|  177|  233|    0|
    |fadd_32ns_32ns_32_2_full_dsp_1_U953  |fadd_32ns_32ns_32_2_full_dsp_1  |        0|   2|  177|  233|    0|
    |fadd_32ns_32ns_32_2_full_dsp_1_U954  |fadd_32ns_32ns_32_2_full_dsp_1  |        0|   2|  177|  233|    0|
    |fadd_32ns_32ns_32_2_full_dsp_1_U955  |fadd_32ns_32ns_32_2_full_dsp_1  |        0|   2|  177|  233|    0|
    |fadd_32ns_32ns_32_2_full_dsp_1_U956  |fadd_32ns_32ns_32_2_full_dsp_1  |        0|   2|  177|  233|    0|
    |fadd_32ns_32ns_32_2_full_dsp_1_U957  |fadd_32ns_32ns_32_2_full_dsp_1  |        0|   2|  177|  233|    0|
    |fadd_32ns_32ns_32_2_full_dsp_1_U958  |fadd_32ns_32ns_32_2_full_dsp_1  |        0|   2|  177|  233|    0|
    |fadd_32ns_32ns_32_2_full_dsp_1_U959  |fadd_32ns_32ns_32_2_full_dsp_1  |        0|   2|  177|  233|    0|
    |fadd_32ns_32ns_32_2_full_dsp_1_U960  |fadd_32ns_32ns_32_2_full_dsp_1  |        0|   2|  177|  233|    0|
    |fadd_32ns_32ns_32_2_full_dsp_1_U961  |fadd_32ns_32ns_32_2_full_dsp_1  |        0|   2|  177|  233|    0|
    |fadd_32ns_32ns_32_2_full_dsp_1_U962  |fadd_32ns_32ns_32_2_full_dsp_1  |        0|   2|  177|  233|    0|
    |fadd_32ns_32ns_32_2_full_dsp_1_U963  |fadd_32ns_32ns_32_2_full_dsp_1  |        0|   2|  177|  233|    0|
    |fadd_32ns_32ns_32_2_full_dsp_1_U964  |fadd_32ns_32ns_32_2_full_dsp_1  |        0|   2|  177|  233|    0|
    |fadd_32ns_32ns_32_2_full_dsp_1_U965  |fadd_32ns_32ns_32_2_full_dsp_1  |        0|   2|  177|  233|    0|
    |fadd_32ns_32ns_32_2_full_dsp_1_U966  |fadd_32ns_32ns_32_2_full_dsp_1  |        0|   2|  177|  233|    0|
    |fadd_32ns_32ns_32_2_full_dsp_1_U967  |fadd_32ns_32ns_32_2_full_dsp_1  |        0|   2|  177|  233|    0|
    |fadd_32ns_32ns_32_2_full_dsp_1_U968  |fadd_32ns_32ns_32_2_full_dsp_1  |        0|   2|  177|  233|    0|
    |fadd_32ns_32ns_32_2_full_dsp_1_U969  |fadd_32ns_32ns_32_2_full_dsp_1  |        0|   2|  177|  233|    0|
    |fadd_32ns_32ns_32_2_full_dsp_1_U970  |fadd_32ns_32ns_32_2_full_dsp_1  |        0|   2|  177|  233|    0|
    |fadd_32ns_32ns_32_2_full_dsp_1_U971  |fadd_32ns_32ns_32_2_full_dsp_1  |        0|   2|  177|  233|    0|
    |fadd_32ns_32ns_32_2_full_dsp_1_U972  |fadd_32ns_32ns_32_2_full_dsp_1  |        0|   2|  177|  233|    0|
    |fadd_32ns_32ns_32_2_full_dsp_1_U973  |fadd_32ns_32ns_32_2_full_dsp_1  |        0|   2|  177|  233|    0|
    |fadd_32ns_32ns_32_2_full_dsp_1_U974  |fadd_32ns_32ns_32_2_full_dsp_1  |        0|   2|  177|  233|    0|
    |fadd_32ns_32ns_32_2_full_dsp_1_U975  |fadd_32ns_32ns_32_2_full_dsp_1  |        0|   2|  177|  233|    0|
    |fadd_32ns_32ns_32_2_full_dsp_1_U976  |fadd_32ns_32ns_32_2_full_dsp_1  |        0|   2|  177|  233|    0|
    |fmul_32ns_32ns_32_2_max_dsp_1_U977   |fmul_32ns_32ns_32_2_max_dsp_1   |        0|   3|  128|   78|    0|
    |fmul_32ns_32ns_32_2_max_dsp_1_U978   |fmul_32ns_32ns_32_2_max_dsp_1   |        0|   3|  128|   78|    0|
    |fmul_32ns_32ns_32_2_max_dsp_1_U979   |fmul_32ns_32ns_32_2_max_dsp_1   |        0|   3|  128|   78|    0|
    |fmul_32ns_32ns_32_2_max_dsp_1_U980   |fmul_32ns_32ns_32_2_max_dsp_1   |        0|   3|  128|   78|    0|
    |fmul_32ns_32ns_32_2_max_dsp_1_U981   |fmul_32ns_32ns_32_2_max_dsp_1   |        0|   3|  128|   78|    0|
    |fmul_32ns_32ns_32_2_max_dsp_1_U982   |fmul_32ns_32ns_32_2_max_dsp_1   |        0|   3|  128|   78|    0|
    |fmul_32ns_32ns_32_2_max_dsp_1_U983   |fmul_32ns_32ns_32_2_max_dsp_1   |        0|   3|  128|   78|    0|
    |fmul_32ns_32ns_32_2_max_dsp_1_U984   |fmul_32ns_32ns_32_2_max_dsp_1   |        0|   3|  128|   78|    0|
    |fmul_32ns_32ns_32_2_max_dsp_1_U985   |fmul_32ns_32ns_32_2_max_dsp_1   |        0|   3|  128|   78|    0|
    |fmul_32ns_32ns_32_2_max_dsp_1_U986   |fmul_32ns_32ns_32_2_max_dsp_1   |        0|   3|  128|   78|    0|
    |fmul_32ns_32ns_32_2_max_dsp_1_U987   |fmul_32ns_32ns_32_2_max_dsp_1   |        0|   3|  128|   78|    0|
    |fmul_32ns_32ns_32_2_max_dsp_1_U988   |fmul_32ns_32ns_32_2_max_dsp_1   |        0|   3|  128|   78|    0|
    |fmul_32ns_32ns_32_2_max_dsp_1_U989   |fmul_32ns_32ns_32_2_max_dsp_1   |        0|   3|  128|   78|    0|
    |fmul_32ns_32ns_32_2_max_dsp_1_U990   |fmul_32ns_32ns_32_2_max_dsp_1   |        0|   3|  128|   78|    0|
    |fmul_32ns_32ns_32_2_max_dsp_1_U991   |fmul_32ns_32ns_32_2_max_dsp_1   |        0|   3|  128|   78|    0|
    |fmul_32ns_32ns_32_2_max_dsp_1_U992   |fmul_32ns_32ns_32_2_max_dsp_1   |        0|   3|  128|   78|    0|
    |fmul_32ns_32ns_32_2_max_dsp_1_U993   |fmul_32ns_32ns_32_2_max_dsp_1   |        0|   3|  128|   78|    0|
    |fmul_32ns_32ns_32_2_max_dsp_1_U994   |fmul_32ns_32ns_32_2_max_dsp_1   |        0|   3|  128|   78|    0|
    |fmul_32ns_32ns_32_2_max_dsp_1_U995   |fmul_32ns_32ns_32_2_max_dsp_1   |        0|   3|  128|   78|    0|
    |fmul_32ns_32ns_32_2_max_dsp_1_U996   |fmul_32ns_32ns_32_2_max_dsp_1   |        0|   3|  128|   78|    0|
    +-------------------------------------+--------------------------------+---------+----+-----+-----+-----+
    |Total                                |                                |        0| 118| 7693| 8317|    0|
    +-------------------------------------+--------------------------------+---------+----+-----+-----+-----+

    * DSP: 
    N/A

    * Memory: 
    N/A

    * FIFO: 
    N/A

    * Expression: 
    +------------------------------------+----------+----+---+-----+------------+------------+
    |            Variable Name           | Operation| DSP| FF| LUT | Bitwidth P0| Bitwidth P1|
    +------------------------------------+----------+----+---+-----+------------+------------+
    |add335_cast_fu_2083_p2              |         +|   0|  0|   10|           3|           3|
    |add_ln546_fu_2358_p2                |         +|   0|  0|   39|          32|           1|
    |flag_4_fu_1065_p2                   |         +|   0|  0|   39|          32|           1|
    |rep_3_fu_979_p2                     |         +|   0|  0|   39|          32|           1|
    |and_ln446_1_fu_1702_p2              |       and|   0|  0|    2|           1|           1|
    |and_ln446_2_fu_1744_p2              |       and|   0|  0|    2|           1|           1|
    |and_ln446_fu_1660_p2                |       and|   0|  0|    2|           1|           1|
    |and_ln484_1_fu_2532_p2              |       and|   0|  0|    2|           1|           1|
    |and_ln484_2_fu_2537_p2              |       and|   0|  0|    2|           1|           1|
    |and_ln484_3_fu_2542_p2              |       and|   0|  0|    2|           1|           1|
    |and_ln484_4_fu_2725_p2              |       and|   0|  0|    2|           1|           1|
    |and_ln484_5_fu_2839_p2              |       and|   0|  0|    2|           1|           1|
    |and_ln484_6_fu_3020_p2              |       and|   0|  0|    2|           1|           1|
    |and_ln484_fu_2518_p2                |       and|   0|  0|    2|           1|           1|
    |and_ln498_1_fu_3061_p2              |       and|   0|  0|    2|           1|           1|
    |and_ln498_2_fu_3072_p2              |       and|   0|  0|    2|           1|           1|
    |and_ln498_3_fu_3076_p2              |       and|   0|  0|    2|           1|           1|
    |and_ln498_fu_2935_p2                |       and|   0|  0|    2|           1|           1|
    |and_ln523_1_fu_1135_p2              |       and|   0|  0|    2|           1|           1|
    |and_ln523_2_fu_1168_p2              |       and|   0|  0|    2|           1|           1|
    |and_ln523_3_fu_1174_p2              |       and|   0|  0|    2|           1|           1|
    |and_ln523_4_fu_1197_p2              |       and|   0|  0|    2|           1|           1|
    |and_ln523_5_fu_1203_p2              |       and|   0|  0|    2|           1|           1|
    |and_ln523_fu_1129_p2                |       and|   0|  0|    2|           1|           1|
    |and_ln532_fu_2032_p2                |       and|   0|  0|    2|           1|           1|
    |and_ln537_1_fu_2145_p2              |       and|   0|  0|    2|           1|           1|
    |and_ln537_fu_2111_p2                |       and|   0|  0|    2|           1|           1|
    |ap_condition_1433                   |       and|   0|  0|    2|           1|           1|
    |ap_condition_1455                   |       and|   0|  0|    2|           1|           1|
    |ap_condition_1461                   |       and|   0|  0|    2|           1|           1|
    |ap_condition_1472                   |       and|   0|  0|    2|           1|           1|
    |ap_condition_1475                   |       and|   0|  0|    2|           1|           1|
    |ap_condition_1492                   |       and|   0|  0|    2|           1|           1|
    |ap_condition_1537                   |       and|   0|  0|    2|           1|           1|
    |ap_predicate_op205_read_state3      |       and|   0|  0|    2|           1|           1|
    |ap_predicate_op207_read_state3      |       and|   0|  0|    2|           1|           1|
    |ap_predicate_op211_read_state3      |       and|   0|  0|    2|           1|           1|
    |ap_predicate_op699_write_state13    |       and|   0|  0|    2|           1|           1|
    |ap_predicate_op702_write_state14    |       and|   0|  0|    2|           1|           1|
    |ap_predicate_op711_write_state14    |       and|   0|  0|    2|           1|           1|
    |ap_predicate_op713_write_state14    |       and|   0|  0|    2|           1|           1|
    |ap_predicate_op715_write_state14    |       and|   0|  0|    2|           1|           1|
    |cmp268_fu_1020_p2                   |      icmp|   0|  0|   39|          32|          32|
    |icmp16_fu_2099_p2                   |      icmp|   0|  0|   37|          30|           1|
    |icmp6_fu_1035_p2                    |      icmp|   0|  0|   37|          30|           1|
    |icmp_ln385_fu_974_p2                |      icmp|   0|  0|   39|          32|          32|
    |icmp_ln391_fu_989_p2                |      icmp|   0|  0|   39|          32|          32|
    |icmp_ln398_fu_1009_p2               |      icmp|   0|  0|   37|          30|           1|
    |icmp_ln446_1_fu_1697_p2             |      icmp|   0|  0|    9|           2|           1|
    |icmp_ln446_2_fu_1739_p2             |      icmp|   0|  0|   10|           2|           3|
    |icmp_ln446_fu_1655_p2               |      icmp|   0|  0|    9|           2|           1|
    |icmp_ln484_1_fu_1047_p2             |      icmp|   0|  0|   39|          32|           3|
    |icmp_ln484_2_fu_1053_p2             |      icmp|   0|  0|   39|          32|           3|
    |icmp_ln484_3_fu_1059_p2             |      icmp|   0|  0|   39|          32|           2|
    |icmp_ln484_4_fu_1084_p2             |      icmp|   0|  0|   39|          32|           2|
    |icmp_ln484_5_fu_1090_p2             |      icmp|   0|  0|   39|          32|           1|
    |icmp_ln484_6_fu_1096_p2             |      icmp|   0|  0|   39|          32|           1|
    |icmp_ln484_fu_1041_p2               |      icmp|   0|  0|   39|          32|           3|
    |icmp_ln504_1_fu_1520_p2             |      icmp|   0|  0|   39|          32|           3|
    |icmp_ln504_2_fu_1601_p2             |      icmp|   0|  0|   39|          32|           3|
    |icmp_ln504_3_fu_1607_p2             |      icmp|   0|  0|   39|          32|           2|
    |icmp_ln504_4_fu_2003_p2             |      icmp|   0|  0|   39|          32|           2|
    |icmp_ln504_5_fu_2009_p2             |      icmp|   0|  0|   39|          32|           1|
    |icmp_ln504_6_fu_2015_p2             |      icmp|   0|  0|   39|          32|           1|
    |icmp_ln504_fu_1514_p2               |      icmp|   0|  0|   39|          32|           3|
    |icmp_ln512_fu_1071_p2               |      icmp|   0|  0|   39|          32|          32|
    |icmp_ln523_1_fu_1123_p2             |      icmp|   0|  0|   39|          32|           1|
    |icmp_ln523_2_fu_1147_p2             |      icmp|   0|  0|   39|          32|          32|
    |icmp_ln523_3_fu_1162_p2             |      icmp|   0|  0|   38|          31|           1|
    |icmp_ln523_4_fu_1186_p2             |      icmp|   0|  0|   39|          32|          32|
    |icmp_ln523_5_fu_1191_p2             |      icmp|   0|  0|   39|          32|           2|
    |icmp_ln523_fu_1118_p2               |      icmp|   0|  0|   39|          32|          32|
    |icmp_ln532_1_fu_2026_p2             |      icmp|   0|  0|   39|          32|           3|
    |icmp_ln532_fu_1102_p2               |      icmp|   0|  0|   39|          32|          32|
    |icmp_ln537_1_fu_2117_p2             |      icmp|   0|  0|   39|          32|           1|
    |icmp_ln537_2_fu_2139_p2             |      icmp|   0|  0|    9|           2|           1|
    |icmp_ln537_3_fu_2161_p2             |      icmp|   0|  0|   38|          31|           1|
    |icmp_ln537_4_fu_2173_p2             |      icmp|   0|  0|   10|           3|           2|
    |icmp_ln537_5_fu_2191_p2             |      icmp|   0|  0|   39|          32|           2|
    |icmp_ln537_fu_2105_p2               |      icmp|   0|  0|   10|           3|           1|
    |icmp_ln544_fu_2352_p2               |      icmp|   0|  0|   39|          32|           3|
    |ult90_fu_1015_p2                    |      icmp|   0|  0|   39|          32|          32|
    |ult92_fu_1107_p2                    |      icmp|   0|  0|   39|          32|          32|
    |ap_block_pp0_stage0_01001           |        or|   0|  0|    2|           1|           1|
    |ap_block_state13_pp0_stage0_iter12  |        or|   0|  0|    2|           1|           1|
    |ap_block_state14_pp0_stage0_iter13  |        or|   0|  0|    2|           1|           1|
    |ap_block_state3_pp0_stage0_iter2    |        or|   0|  0|    2|           1|           1|
    |ap_predicate_op690_write_state13    |        or|   0|  0|    2|           1|           1|
    |ap_predicate_op705_write_state14    |        or|   0|  0|    2|           1|           1|
    |ap_predicate_op708_write_state14    |        or|   0|  0|    2|           1|           1|
    |or_ln446_1_fu_1787_p2               |        or|   0|  0|    2|           1|           1|
    |or_ln446_2_fu_1799_p2               |        or|   0|  0|    2|           1|           1|
    |or_ln446_fu_1793_p2                 |        or|   0|  0|    2|           1|           1|
    |or_ln504_1_fu_2940_p2               |        or|   0|  0|    2|           1|           1|
    |or_ln504_2_fu_2958_p2               |        or|   0|  0|    2|           1|           1|
    |or_ln504_3_fu_2969_p2               |        or|   0|  0|    2|           1|           1|
    |or_ln504_4_fu_3098_p2               |        or|   0|  0|    2|           1|           1|
    |or_ln504_5_fu_3131_p2               |        or|   0|  0|    2|           1|           1|
    |or_ln504_6_fu_3164_p2               |        or|   0|  0|    2|           1|           1|
    |or_ln504_fu_2931_p2                 |        or|   0|  0|    2|           1|           1|
    |or_ln523_1_fu_1180_p2               |        or|   0|  0|    2|           1|           1|
    |or_ln523_2_fu_1209_p2               |        or|   0|  0|    2|           1|           1|
    |or_ln523_fu_1141_p2                 |        or|   0|  0|    2|           1|           1|
    |or_ln537_1_fu_2167_p2               |        or|   0|  0|    2|           1|           1|
    |or_ln537_2_fu_2185_p2               |        or|   0|  0|    2|           1|           1|
    |or_ln537_3_fu_2211_p2               |        or|   0|  0|    2|           1|           1|
    |or_ln537_fu_2123_p2                 |        or|   0|  0|    2|           1|           1|
    |data_W_reg_47_fu_1665_p3            |    select|   0|  0|   32|           1|          32|
    |data_W_reg_48_fu_1673_p3            |    select|   0|  0|   32|           1|          32|
    |data_W_reg_49_fu_1681_p3            |    select|   0|  0|   32|           1|          32|
    |data_W_reg_50_fu_1689_p3            |    select|   0|  0|   32|           1|          32|
    |data_W_reg_51_fu_1707_p3            |    select|   0|  0|   32|           1|          32|
    |data_W_reg_52_fu_1715_p3            |    select|   0|  0|   32|           1|          32|
    |data_W_reg_53_fu_1723_p3            |    select|   0|  0|   32|           1|          32|
    |data_W_reg_54_fu_1731_p3            |    select|   0|  0|   32|           1|          32|
    |data_W_reg_55_fu_1749_p3            |    select|   0|  0|   32|           1|          32|
    |data_W_reg_56_fu_1757_p3            |    select|   0|  0|   32|           1|          32|
    |data_W_reg_57_fu_1765_p3            |    select|   0|  0|   32|           1|          32|
    |data_W_reg_58_fu_1773_p3            |    select|   0|  0|   32|           1|          32|
    |data_W_reg_59_fu_1805_p3            |    select|   0|  0|   32|           1|          32|
    |data_W_reg_60_fu_1814_p3            |    select|   0|  0|   32|           1|          32|
    |data_W_reg_61_fu_1823_p3            |    select|   0|  0|   32|           1|          32|
    |data_W_reg_62_fu_1832_p3            |    select|   0|  0|   32|           1|          32|
    |data_W_reg_63_fu_1841_p3            |    select|   0|  0|   32|           1|          32|
    |data_W_reg_64_fu_1849_p3            |    select|   0|  0|   32|           1|          32|
    |data_W_reg_65_fu_1857_p3            |    select|   0|  0|   32|           1|          32|
    |data_W_reg_66_fu_1865_p3            |    select|   0|  0|   32|           1|          32|
    |data_W_reg_67_fu_1873_p3            |    select|   0|  0|   32|           1|          32|
    |data_W_reg_68_fu_1881_p3            |    select|   0|  0|   32|           1|          32|
    |data_W_reg_69_fu_1889_p3            |    select|   0|  0|   32|           1|          32|
    |data_W_reg_70_fu_1897_p3            |    select|   0|  0|   32|           1|          32|
    |data_W_reg_71_fu_1905_p3            |    select|   0|  0|   32|           1|          32|
    |data_W_reg_72_fu_1913_p3            |    select|   0|  0|   32|           1|          32|
    |data_W_reg_73_fu_1921_p3            |    select|   0|  0|   32|           1|          32|
    |data_W_reg_74_fu_1929_p3            |    select|   0|  0|   32|           1|          32|
    |data_W_reg_75_fu_1936_p3            |    select|   0|  0|   32|           1|          32|
    |data_W_reg_76_fu_1943_p3            |    select|   0|  0|   32|           1|          32|
    |data_W_reg_77_fu_1950_p3            |    select|   0|  0|   32|           1|          32|
    |data_W_reg_78_fu_1957_p3            |    select|   0|  0|   32|           1|          32|
    |flag_5_fu_1076_p3                   |    select|   0|  0|   32|           1|           1|
    |grp_fu_486_p0                       |    select|   0|  0|   32|           1|           1|
    |grp_fu_508_p0                       |    select|   0|  0|   32|           1|           1|
    |grp_fu_514_p0                       |    select|   0|  0|   32|           1|           1|
    |grp_fu_522_p0                       |    select|   0|  0|   32|           1|          32|
    |grp_fu_534_p0                       |    select|   0|  0|   32|           1|           1|
    |grp_fu_538_p0                       |    select|   0|  0|   32|           1|           1|
    |grp_fu_542_p0                       |    select|   0|  0|   32|           1|           1|
    |grp_fu_562_p0                       |    select|   0|  0|   32|           1|           1|
    |grp_fu_566_p0                       |    select|   0|  0|   32|           1|           1|
    |grp_fu_570_p0                       |    select|   0|  0|   32|           1|           1|
    |grp_fu_574_p0                       |    select|   0|  0|   32|           1|           1|
    |grp_fu_594_p0                       |    select|   0|  0|   32|           1|           1|
    |grp_fu_598_p0                       |    select|   0|  0|   32|           1|           1|
    |grp_fu_602_p0                       |    select|   0|  0|   32|           1|           1|
    |out_1_fu_1992_p3                    |    select|   0|  0|   32|           1|           1|
    |out_2_fu_2364_p3                    |    select|   0|  0|   32|           1|          32|
    |select_ln451_1_fu_1500_p3           |    select|   0|  0|  117|           1|         128|
    |select_ln451_2_fu_1507_p3           |    select|   0|  0|  117|           1|         128|
    |select_ln451_3_fu_1971_p3           |    select|   0|  0|  117|           1|         128|
    |select_ln451_4_fu_1978_p3           |    select|   0|  0|  117|           1|         128|
    |select_ln451_5_fu_1985_p3           |    select|   0|  0|  117|           1|         128|
    |select_ln451_fu_1493_p3             |    select|   0|  0|  117|           1|         128|
    |select_ln484_4_fu_2547_p3           |    select|   0|  0|   32|           1|           1|
    |select_ln484_5_fu_2688_p3           |    select|   0|  0|   32|           1|           1|
    |select_ln484_8_fu_2562_p3           |    select|   0|  0|   32|           1|           1|
    |select_ln498_1_fu_3065_p3           |    select|   0|  0|   32|           1|          32|
    |select_ln498_23_fu_2981_p3          |    select|   0|  0|   32|           1|          32|
    |select_ln498_24_fu_2590_p3          |    select|   0|  0|   32|           1|          32|
    |select_ln498_25_fu_1964_p3          |    select|   0|  0|  117|           1|         128|
    |select_ln498_26_fu_2712_p3          |    select|   0|  0|   32|           1|          32|
    |select_ln498_27_fu_2807_p3          |    select|   0|  0|   32|           1|          32|
    |select_ln498_28_fu_2988_p3          |    select|   0|  0|   32|           1|          32|
    |select_ln498_29_fu_2597_p3          |    select|   0|  0|   32|           1|          32|
    |select_ln498_2_fu_3110_p3           |    select|   0|  0|   32|           1|          32|
    |select_ln498_3_fu_3143_p3           |    select|   0|  0|   32|           1|          32|
    |select_ln498_fu_2944_p3             |    select|   0|  0|   32|           1|          32|
    |select_ln504_10_fu_3157_p3          |    select|   0|  0|   32|           1|          32|
    |select_ln504_11_fu_3168_p3          |    select|   0|  0|   32|           1|          32|
    |select_ln504_1_fu_2962_p3           |    select|   0|  0|   32|           1|          32|
    |select_ln504_2_fu_2973_p3           |    select|   0|  0|   32|           1|          32|
    |select_ln504_3_fu_3086_p3           |    select|   0|  0|   32|           1|          32|
    |select_ln504_4_fu_3092_p3           |    select|   0|  0|   32|           1|          32|
    |select_ln504_5_fu_3102_p3           |    select|   0|  0|   32|           1|          32|
    |select_ln504_6_fu_3118_p3           |    select|   0|  0|   32|           1|          32|
    |select_ln504_7_fu_3124_p3           |    select|   0|  0|   32|           1|          32|
    |select_ln504_8_fu_3135_p3           |    select|   0|  0|   32|           1|          32|
    |select_ln504_9_fu_3150_p3           |    select|   0|  0|   32|           1|          32|
    |select_ln504_fu_2951_p3             |    select|   0|  0|   32|           1|          32|
    |temp_a_7_fu_1457_p3                 |    select|   0|  0|   32|           1|          32|
    |temp_a_8_fu_1464_p3                 |    select|   0|  0|   32|           1|          32|
    |temp_a_9_fu_1471_p3                 |    select|   0|  0|   32|           1|          32|
    |ap_enable_pp0                       |       xor|   0|  0|    2|           1|           2|
    |rev91_fu_2513_p2                    |       xor|   0|  0|    2|           1|           2|
    |rev93_fu_1112_p2                    |       xor|   0|  0|    2|           1|           2|
    |sel_tmp39_fu_1782_p2                |       xor|   0|  0|    2|           1|           2|
    |xor_ln532_fu_2021_p2                |       xor|   0|  0|    2|           1|           2|
    |xor_ln537_1_fu_2205_p2              |       xor|   0|  0|    2|           1|           2|
    |xor_ln537_fu_2179_p2                |       xor|   0|  0|    2|           1|           2|
    +------------------------------------+----------+----+---+-----+------------+------------+
    |Total                               |          |   0|  0| 4962|        1378|        3260|
    +------------------------------------+----------+----+---+-----+------------+------------+

    * Multiplexer: 
    +---------------------------------------------+----+-----------+-----+-----------+
    |                     Name                    | LUT| Input Size| Bits| Total Bits|
    +---------------------------------------------+----+-----------+-----+-----------+
    |ap_done_int                                  |   9|          2|    1|          2|
    |ap_enable_reg_pp0_iter1                      |   9|          2|    1|          2|
    |ap_enable_reg_pp0_iter3                      |   9|          2|    1|          2|
    |ap_phi_mux_p_0_0_077_2213_phi_fu_450_p8      |   9|          2|  128|        256|
    |ap_phi_reg_pp0_iter2_p_0_0_077_2213_reg_446  |   9|          2|  128|        256|
    |ap_phi_reg_pp0_iter6_empty_1048_reg_475      |  14|          3|   32|         96|
    |ap_phi_reg_pp0_iter6_empty_1049_reg_464      |  14|          3|   32|         96|
    |ap_sig_allocacmp_p_0_0_0_2217_load           |   9|          2|  128|        256|
    |ap_sig_allocacmp_p_load69                    |   9|          2|   32|         64|
    |ap_sig_allocacmp_p_load70                    |   9|          2|   32|         64|
    |ap_sig_allocacmp_p_load71                    |   9|          2|   32|         64|
    |ap_sig_allocacmp_p_load72                    |  14|          3|   32|         96|
    |ap_sig_allocacmp_p_load73                    |   9|          2|   32|         64|
    |ap_sig_allocacmp_p_load74                    |   9|          2|   32|         64|
    |ap_sig_allocacmp_p_load75                    |   9|          2|   32|         64|
    |ap_sig_allocacmp_p_load76                    |  14|          3|   32|         96|
    |ap_sig_allocacmp_p_load77                    |   9|          2|   32|         64|
    |ap_sig_allocacmp_p_load78                    |   9|          2|   32|         64|
    |ap_sig_allocacmp_p_load79                    |   9|          2|   32|         64|
    |ap_sig_allocacmp_p_load80                    |   9|          2|   32|         64|
    |ap_sig_allocacmp_p_load82                    |   9|          2|   32|         64|
    |ap_sig_allocacmp_p_load84                    |   9|          2|   32|         64|
    |ap_sig_allocacmp_p_load86                    |   9|          2|   32|         64|
    |ap_sig_allocacmp_p_load88                    |   9|          2|   32|         64|
    |data_W_reg_4_fu_244                          |   9|          2|   32|         64|
    |data_W_reg_5_fu_248                          |   9|          2|   32|         64|
    |empty_1003_fu_136                            |   9|          2|   32|         64|
    |empty_1004_fu_140                            |   9|          2|   32|         64|
    |empty_1005_fu_144                            |   9|          2|   32|         64|
    |empty_1006_fu_148                            |   9|          2|   32|         64|
    |empty_1007_fu_152                            |   9|          2|   32|         64|
    |empty_1008_fu_156                            |   9|          2|   32|         64|
    |empty_1009_fu_160                            |   9|          2|   32|         64|
    |empty_1010_fu_164                            |   9|          2|   32|         64|
    |empty_1011_fu_168                            |   9|          2|   32|         64|
    |empty_1012_fu_172                            |  14|          3|   32|         96|
    |empty_1013_fu_176                            |  14|          3|   32|         96|
    |empty_1014_fu_180                            |  14|          3|   32|         96|
    |empty_1015_fu_184                            |  14|          3|   32|         96|
    |empty_1016_fu_188                            |  14|          3|   32|         96|
    |empty_1017_fu_192                            |  14|          3|   32|         96|
    |empty_1018_fu_196                            |  14|          3|   32|         96|
    |empty_1019_fu_200                            |  14|          3|   32|         96|
    |empty_1020_fu_204                            |  14|          3|   32|         96|
    |empty_1021_fu_208                            |  14|          3|   32|         96|
    |empty_1023_fu_240                            |   9|          2|   32|         64|
    |empty_1024_fu_252                            |  14|          3|   32|         96|
    |empty_1025_fu_256                            |   9|          2|   32|         64|
    |empty_1026_fu_260                            |  14|          3|   32|         96|
    |empty_1027_fu_264                            |  14|          3|   32|         96|
    |empty_1028_fu_268                            |   9|          2|   32|         64|
    |empty_1029_fu_272                            |  14|          3|   32|         96|
    |empty_1030_fu_276                            |  14|          3|   32|         96|
    |empty_1031_fu_280                            |  14|          3|   32|         96|
    |empty_1032_fu_284                            |   9|          2|   32|         64|
    |empty_1033_fu_288                            |  14|          3|   32|         96|
    |empty_1034_fu_292                            |  14|          3|   32|         96|
    |empty_1035_fu_296                            |  14|          3|   32|         96|
    |empty_1036_fu_300                            |   9|          2|   32|         64|
    |empty_1040_fu_316                            |   9|          2|   32|         64|
    |empty_1041_fu_320                            |   9|          2|   32|         64|
    |empty_1042_fu_324                            |   9|          2|   32|         64|
    |empty_1043_fu_328                            |   9|          2|   32|         64|
    |empty_1044_fu_332                            |   9|          2|   32|         64|
    |empty_1045_fu_336                            |   9|          2|   32|         64|
    |empty_1046_fu_340                            |   9|          2|   32|         64|
    |empty_1047_fu_344                            |   9|          2|   32|         64|
    |empty_fu_132                                 |   9|          2|   32|         64|
    |fifo_SA_A_0_0_blk_n                          |   9|          2|    1|          2|
    |fifo_SA_O_0_0_0_blk_n                        |   9|          2|    1|          2|
    |fifo_SA_O_0_0_0_din                          |  14|          3|   32|         96|
    |fifo_SA_O_0_0_1_blk_n                        |   9|          2|    1|          2|
    |fifo_SA_O_0_0_1_din                          |  14|          3|   32|         96|
    |fifo_SA_O_0_0_2_blk_n                        |   9|          2|    1|          2|
    |fifo_SA_O_0_0_2_din                          |  14|          3|   32|         96|
    |fifo_SA_O_0_0_3_blk_n                        |   9|          2|    1|          2|
    |fifo_SA_O_0_0_3_din                          |  14|          3|   32|         96|
    |fifo_SA_W_0_0_blk_n                          |   9|          2|    1|          2|
    |flag_fu_128                                  |   9|          2|   32|         64|
    |grp_fu_490_p0                                |  14|          3|   32|         96|
    |grp_fu_490_p1                                |  14|          3|   32|         96|
    |grp_fu_504_p0                                |  14|          3|   32|         96|
    |grp_fu_504_p1                                |  14|          3|   32|         96|
    |grp_fu_622_p0                                |  14|          3|   32|         96|
    |grp_fu_622_p1                                |  14|          3|   32|         96|
    |out_fu_124                                   |   9|          2|   32|         64|
    |p_0_0_077_2212219_fu_216                     |   9|          2|  128|        256|
    |p_0_0_077_2212221223_fu_220                  |   9|          2|  128|        256|
    |p_0_0_077_2212221225229_fu_224               |   9|          2|  128|        256|
    |p_0_0_0_2217_fu_348                          |  14|          3|  128|        384|
    |p_0_0_0_2218231_fu_228                       |   9|          2|  128|        256|
    |p_0_0_0_2218233234_fu_232                    |   9|          2|  128|        256|
    |p_0_0_0_2218233236239_fu_236                 |   9|          2|  128|        256|
    |rep_fu_120                                   |   9|          2|   32|         64|
    +---------------------------------------------+----+-----------+-----+-----------+
    |Total                                        |1016|        222| 3689|       8562|
    +---------------------------------------------+----+-----------+-----+-----------+

    * Register: 
    +---------------------------------------------+-----+----+-----+-----------+
    |                     Name                    |  FF | LUT| Bits| Const Bits|
    +---------------------------------------------+-----+----+-----+-----------+
    |add1_reg_4369                                |   32|   0|   32|          0|
    |add235_10_reg_4389                           |   32|   0|   32|          0|
    |add235_1_1_reg_4415                          |   32|   0|   32|          0|
    |add235_1_2_reg_4492                          |   32|   0|   32|          0|
    |add235_1_3_reg_4570                          |   32|   0|   32|          0|
    |add235_1_3_reg_4570_pp0_iter12_reg           |   32|   0|   32|          0|
    |add235_1_s_reg_4512                          |   32|   0|   32|          0|
    |add235_1_s_reg_4512_pp0_iter11_reg           |   32|   0|   32|          0|
    |add235_2_1_reg_4437                          |   32|   0|   32|          0|
    |add235_2_2_reg_4497                          |   32|   0|   32|          0|
    |add235_2_3_reg_4575                          |   32|   0|   32|          0|
    |add235_2_3_reg_4575_pp0_iter12_reg           |   32|   0|   32|          0|
    |add235_2_4_reg_4517                          |   32|   0|   32|          0|
    |add235_2_4_reg_4517_pp0_iter11_reg           |   32|   0|   32|          0|
    |add235_2_s_reg_4452                          |   32|   0|   32|          0|
    |add235_3_1_reg_4442                          |   32|   0|   32|          0|
    |add235_3_2_reg_4502                          |   32|   0|   32|          0|
    |add235_3_3_reg_4580                          |   32|   0|   32|          0|
    |add235_3_3_reg_4580_pp0_iter12_reg           |   32|   0|   32|          0|
    |add235_3_4_reg_4522                          |   32|   0|   32|          0|
    |add235_3_4_reg_4522_pp0_iter11_reg           |   32|   0|   32|          0|
    |add235_3_reg_4384                            |   32|   0|   32|          0|
    |add235_3_s_reg_4457                          |   32|   0|   32|          0|
    |add235_4_reg_4462                            |   32|   0|   32|          0|
    |add235_4_reg_4462_pp0_iter10_reg             |   32|   0|   32|          0|
    |add235_6_reg_4410                            |   32|   0|   32|          0|
    |add235_7_reg_4467                            |   32|   0|   32|          0|
    |add235_9_reg_4374                            |   32|   0|   32|          0|
    |add235_s_reg_4405                            |   32|   0|   32|          0|
    |add_reg_4364                                 |   32|   0|   32|          0|
    |and_ln484_1_reg_4331                         |    1|   0|    1|          0|
    |and_ln484_1_reg_4331_pp0_iter5_reg           |    1|   0|    1|          0|
    |and_ln484_2_reg_4336                         |    1|   0|    1|          0|
    |and_ln484_3_reg_4342                         |    1|   0|    1|          0|
    |and_ln484_4_reg_4421                         |    1|   0|    1|          0|
    |and_ln484_5_reg_4482                         |    1|   0|    1|          0|
    |and_ln484_5_reg_4482_pp0_iter10_reg          |    1|   0|    1|          0|
    |and_ln532_reg_4182                           |    1|   0|    1|          0|
    |and_ln537_1_reg_4194                         |    1|   0|    1|          0|
    |and_ln537_reg_4186                           |    1|   0|    1|          0|
    |ap_CS_fsm                                    |    1|   0|    1|          0|
    |ap_done_reg                                  |    1|   0|    1|          0|
    |ap_enable_reg_pp0_iter1                      |    1|   0|    1|          0|
    |ap_enable_reg_pp0_iter10                     |    1|   0|    1|          0|
    |ap_enable_reg_pp0_iter11                     |    1|   0|    1|          0|
    |ap_enable_reg_pp0_iter12                     |    1|   0|    1|          0|
    |ap_enable_reg_pp0_iter13                     |    1|   0|    1|          0|
    |ap_enable_reg_pp0_iter2                      |    1|   0|    1|          0|
    |ap_enable_reg_pp0_iter3                      |    1|   0|    1|          0|
    |ap_enable_reg_pp0_iter4                      |    1|   0|    1|          0|
    |ap_enable_reg_pp0_iter5                      |    1|   0|    1|          0|
    |ap_enable_reg_pp0_iter6                      |    1|   0|    1|          0|
    |ap_enable_reg_pp0_iter7                      |    1|   0|    1|          0|
    |ap_enable_reg_pp0_iter8                      |    1|   0|    1|          0|
    |ap_enable_reg_pp0_iter9                      |    1|   0|    1|          0|
    |ap_loop_exit_ready_pp0_iter10_reg            |    1|   0|    1|          0|
    |ap_loop_exit_ready_pp0_iter11_reg            |    1|   0|    1|          0|
    |ap_loop_exit_ready_pp0_iter12_reg            |    1|   0|    1|          0|
    |ap_loop_exit_ready_pp0_iter2_reg             |    1|   0|    1|          0|
    |ap_loop_exit_ready_pp0_iter3_reg             |    1|   0|    1|          0|
    |ap_loop_exit_ready_pp0_iter4_reg             |    1|   0|    1|          0|
    |ap_loop_exit_ready_pp0_iter5_reg             |    1|   0|    1|          0|
    |ap_loop_exit_ready_pp0_iter6_reg             |    1|   0|    1|          0|
    |ap_loop_exit_ready_pp0_iter7_reg             |    1|   0|    1|          0|
    |ap_loop_exit_ready_pp0_iter8_reg             |    1|   0|    1|          0|
    |ap_loop_exit_ready_pp0_iter9_reg             |    1|   0|    1|          0|
    |ap_phi_reg_pp0_iter1_empty_1048_reg_475      |   32|   0|   32|          0|
    |ap_phi_reg_pp0_iter1_empty_1049_reg_464      |   32|   0|   32|          0|
    |ap_phi_reg_pp0_iter1_p_0_0_077_2213_reg_446  |  128|   0|  128|          0|
    |ap_phi_reg_pp0_iter2_empty_1048_reg_475      |   32|   0|   32|          0|
    |ap_phi_reg_pp0_iter2_empty_1049_reg_464      |   32|   0|   32|          0|
    |ap_phi_reg_pp0_iter2_p_0_0_077_2213_reg_446  |  128|   0|  128|          0|
    |ap_phi_reg_pp0_iter3_empty_1048_reg_475      |   32|   0|   32|          0|
    |ap_phi_reg_pp0_iter3_empty_1049_reg_464      |   32|   0|   32|          0|
    |ap_phi_reg_pp0_iter4_empty_1048_reg_475      |   32|   0|   32|          0|
    |ap_phi_reg_pp0_iter4_empty_1049_reg_464      |   32|   0|   32|          0|
    |ap_phi_reg_pp0_iter5_empty_1048_reg_475      |   32|   0|   32|          0|
    |ap_phi_reg_pp0_iter5_empty_1049_reg_464      |   32|   0|   32|          0|
    |ap_phi_reg_pp0_iter6_empty_1048_reg_475      |   32|   0|   32|          0|
    |ap_phi_reg_pp0_iter6_empty_1049_reg_464      |   32|   0|   32|          0|
    |cmp268_reg_3881                              |    1|   0|    1|          0|
    |data_W_reg_4_fu_244                          |   32|   0|   32|          0|
    |data_W_reg_5_fu_248                          |   32|   0|   32|          0|
    |empty_1003_fu_136                            |   32|   0|   32|          0|
    |empty_1004_fu_140                            |   32|   0|   32|          0|
    |empty_1005_fu_144                            |   32|   0|   32|          0|
    |empty_1006_fu_148                            |   32|   0|   32|          0|
    |empty_1007_fu_152                            |   32|   0|   32|          0|
    |empty_1008_fu_156                            |   32|   0|   32|          0|
    |empty_1009_fu_160                            |   32|   0|   32|          0|
    |empty_1010_fu_164                            |   32|   0|   32|          0|
    |empty_1011_fu_168                            |   32|   0|   32|          0|
    |empty_1012_fu_172                            |   32|   0|   32|          0|
    |empty_1013_fu_176                            |   32|   0|   32|          0|
    |empty_1014_fu_180                            |   32|   0|   32|          0|
    |empty_1015_fu_184                            |   32|   0|   32|          0|
    |empty_1016_fu_188                            |   32|   0|   32|          0|
    |empty_1017_fu_192                            |   32|   0|   32|          0|
    |empty_1018_fu_196                            |   32|   0|   32|          0|
    |empty_1019_fu_200                            |   32|   0|   32|          0|
    |empty_1020_fu_204                            |   32|   0|   32|          0|
    |empty_1021_fu_208                            |   32|   0|   32|          0|
    |empty_1022_fu_212                            |   32|   0|   32|          0|
    |empty_1023_fu_240                            |   32|   0|   32|          0|
    |empty_1024_fu_252                            |   32|   0|   32|          0|
    |empty_1025_fu_256                            |   32|   0|   32|          0|
    |empty_1026_fu_260                            |   32|   0|   32|          0|
    |empty_1027_fu_264                            |   32|   0|   32|          0|
    |empty_1028_fu_268                            |   32|   0|   32|          0|
    |empty_1029_fu_272                            |   32|   0|   32|          0|
    |empty_1030_fu_276                            |   32|   0|   32|          0|
    |empty_1031_fu_280                            |   32|   0|   32|          0|
    |empty_1032_fu_284                            |   32|   0|   32|          0|
    |empty_1033_fu_288                            |   32|   0|   32|          0|
    |empty_1034_fu_292                            |   32|   0|   32|          0|
    |empty_1035_fu_296                            |   32|   0|   32|          0|
    |empty_1036_fu_300                            |   32|   0|   32|          0|
    |empty_1037_fu_304                            |   32|   0|   32|          0|
    |empty_1038_fu_308                            |   32|   0|   32|          0|
    |empty_1039_fu_312                            |   32|   0|   32|          0|
    |empty_1040_fu_316                            |   32|   0|   32|          0|
    |empty_1041_fu_320                            |   32|   0|   32|          0|
    |empty_1042_fu_324                            |   32|   0|   32|          0|
    |empty_1043_fu_328                            |   32|   0|   32|          0|
    |empty_1044_fu_332                            |   32|   0|   32|          0|
    |empty_1045_fu_336                            |   32|   0|   32|          0|
    |empty_1046_fu_340                            |   32|   0|   32|          0|
    |empty_1047_fu_344                            |   32|   0|   32|          0|
    |empty_fu_132                                 |   32|   0|   32|          0|
    |flag_fu_128                                  |   32|   0|   32|          0|
    |icmp6_reg_3892                               |    1|   0|    1|          0|
    |icmp_ln385_reg_3857                          |    1|   0|    1|          0|
    |icmp_ln391_reg_3868                          |    1|   0|    1|          0|
    |icmp_ln398_reg_3872                          |    1|   0|    1|          0|
    |icmp_ln484_1_reg_3905                        |    1|   0|    1|          0|
    |icmp_ln484_2_reg_3910                        |    1|   0|    1|          0|
    |icmp_ln484_3_reg_3915                        |    1|   0|    1|          0|
    |icmp_ln484_4_reg_3925                        |    1|   0|    1|          0|
    |icmp_ln484_5_reg_3930                        |    1|   0|    1|          0|
    |icmp_ln484_6_reg_3935                        |    1|   0|    1|          0|
    |icmp_ln484_reg_3900                          |    1|   0|    1|          0|
    |icmp_ln504_1_reg_4067                        |    1|   0|    1|          0|
    |icmp_ln504_2_reg_4077                        |    1|   0|    1|          0|
    |icmp_ln504_3_reg_4082                        |    1|   0|    1|          0|
    |icmp_ln504_4_reg_4167                        |    1|   0|    1|          0|
    |icmp_ln504_5_reg_4172                        |    1|   0|    1|          0|
    |icmp_ln504_6_reg_4177                        |    1|   0|    1|          0|
    |icmp_ln504_reg_4062                          |    1|   0|    1|          0|
    |icmp_ln512_reg_3920                          |    1|   0|    1|          0|
    |icmp_ln532_reg_3940                          |    1|   0|    1|          0|
    |icmp_ln537_5_reg_4206                        |    1|   0|    1|          0|
    |mul1_reg_4234                                |   32|   0|   32|          0|
    |mul234_1_1_reg_4254                          |   32|   0|   32|          0|
    |mul234_1_2_reg_4259                          |   32|   0|   32|          0|
    |mul234_1_3_reg_4265                          |   32|   0|   32|          0|
    |mul234_2_1_reg_4277                          |   32|   0|   32|          0|
    |mul234_2_2_reg_4283                          |   32|   0|   32|          0|
    |mul234_2_3_reg_4289                          |   32|   0|   32|          0|
    |mul234_2_reg_4271                            |   32|   0|   32|          0|
    |mul234_3_1_reg_4301                          |   32|   0|   32|          0|
    |mul234_3_2_reg_4307                          |   32|   0|   32|          0|
    |mul234_3_3_reg_4313                          |   32|   0|   32|          0|
    |mul234_3_reg_4295                            |   32|   0|   32|          0|
    |mul234_4_reg_4224                            |   32|   0|   32|          0|
    |mul234_5_reg_4229                            |   32|   0|   32|          0|
    |mul234_6_reg_4239                            |   32|   0|   32|          0|
    |mul234_7_reg_4244                            |   32|   0|   32|          0|
    |mul234_9_reg_4249                            |   32|   0|   32|          0|
    |mul234_s_reg_4219                            |   32|   0|   32|          0|
    |mul_reg_4214                                 |   32|   0|   32|          0|
    |or_ln504_1_reg_4527                          |    1|   0|    1|          0|
    |or_ln504_2_reg_4532                          |    1|   0|    1|          0|
    |or_ln504_3_reg_4538                          |    1|   0|    1|          0|
    |or_ln523_1_reg_3949                          |    1|   0|    1|          0|
    |or_ln523_2_reg_3953                          |    1|   0|    1|          0|
    |or_ln523_reg_3945                            |    1|   0|    1|          0|
    |or_ln537_1_reg_4198                          |    1|   0|    1|          0|
    |or_ln537_2_reg_4202                          |    1|   0|    1|          0|
    |or_ln537_3_reg_4210                          |    1|   0|    1|          0|
    |or_ln537_reg_4190                            |    1|   0|    1|          0|
    |out_fu_124                                   |   32|   0|   32|          0|
    |p_0_0_077_2212219_fu_216                     |  128|   0|  128|          0|
    |p_0_0_077_2212221223_fu_220                  |  128|   0|  128|          0|
    |p_0_0_077_2212221225229_fu_224               |  128|   0|  128|          0|
    |p_0_0_0_2217_fu_348                          |  128|   0|  128|          0|
    |p_0_0_0_2218231_fu_228                       |  128|   0|  128|          0|
    |p_0_0_0_2218233234_fu_232                    |  128|   0|  128|          0|
    |p_0_0_0_2218233236239_fu_236                 |  128|   0|  128|          0|
    |reg_686                                      |   32|   0|   32|          0|
    |reg_692                                      |   32|   0|   32|          0|
    |reg_692_pp0_iter6_reg                        |   32|   0|   32|          0|
    |rep_fu_120                                   |   32|   0|   32|          0|
    |rev91_reg_4319                               |    1|   0|    1|          0|
    |select_ln498_23_reg_4545                     |   32|   0|   32|          0|
    |select_ln498_28_reg_4550                     |   32|   0|   32|          0|
    |select_ln498_29_reg_4379                     |   32|   0|   32|          0|
    |select_ln504_11_reg_4595                     |   32|   0|   32|          0|
    |select_ln504_5_reg_4585                      |   32|   0|   32|          0|
    |select_ln504_8_reg_4590                      |   32|   0|   32|          0|
    |trunc_ln385_reg_3861                         |    2|   0|    2|          0|
    |ult90_reg_3876                               |    1|   0|    1|          0|
    |add235_1_1_reg_4415                          |   64|  32|   32|          0|
    |add235_2_s_reg_4452                          |   64|  32|   32|          0|
    |add235_3_reg_4384                            |   64|  32|   32|          0|
    |add235_3_s_reg_4457                          |   64|  32|   32|          0|
    |add235_s_reg_4405                            |   64|  32|   32|          0|
    |add_reg_4364                                 |   64|  32|   32|          0|
    |and_ln484_2_reg_4336                         |   64|  32|    1|          0|
    |and_ln484_3_reg_4342                         |   64|  32|    1|          0|
    |and_ln484_4_reg_4421                         |   64|  32|    1|          0|
    |and_ln532_reg_4182                           |   64|  32|    1|          0|
    |and_ln537_1_reg_4194                         |   64|  32|    1|          0|
    |and_ln537_reg_4186                           |   64|  32|    1|          0|
    |cmp268_reg_3881                              |   64|  32|    1|          0|
    |icmp_ln385_reg_3857                          |   64|  32|    1|          0|
    |icmp_ln391_reg_3868                          |   64|  32|    1|          0|
    |icmp_ln484_1_reg_3905                        |   64|  32|    1|          0|
    |icmp_ln484_2_reg_3910                        |   64|  32|    1|          0|
    |icmp_ln484_3_reg_3915                        |   64|  32|    1|          0|
    |icmp_ln484_4_reg_3925                        |   64|  32|    1|          0|
    |icmp_ln484_5_reg_3930                        |   64|  32|    1|          0|
    |icmp_ln484_6_reg_3935                        |   64|  32|    1|          0|
    |icmp_ln484_reg_3900                          |   64|  32|    1|          0|
    |icmp_ln504_1_reg_4067                        |   64|  32|    1|          0|
    |icmp_ln504_2_reg_4077                        |   64|  32|    1|          0|
    |icmp_ln504_3_reg_4082                        |   64|  32|    1|          0|
    |icmp_ln504_4_reg_4167                        |   64|  32|    1|          0|
    |icmp_ln504_5_reg_4172                        |   64|  32|    1|          0|
    |icmp_ln504_6_reg_4177                        |   64|  32|    1|          0|
    |icmp_ln504_reg_4062                          |   64|  32|    1|          0|
    |icmp_ln537_5_reg_4206                        |   64|  32|    1|          0|
    |mul234_1_1_reg_4254                          |   64|  32|   32|          0|
    |mul234_1_2_reg_4259                          |   64|  32|   32|          0|
    |mul234_1_3_reg_4265                          |   64|  32|   32|          0|
    |mul234_2_1_reg_4277                          |   64|  32|   32|          0|
    |mul234_2_2_reg_4283                          |   64|  32|   32|          0|
    |mul234_2_3_reg_4289                          |   64|  32|   32|          0|
    |mul234_3_1_reg_4301                          |   64|  32|   32|          0|
    |mul234_3_2_reg_4307                          |   64|  32|   32|          0|
    |mul234_3_3_reg_4313                          |   64|  32|   32|          0|
    |mul234_4_reg_4224                            |   64|  32|   32|          0|
    |mul234_5_reg_4229                            |   64|  32|   32|          0|
    |mul234_6_reg_4239                            |   64|  32|   32|          0|
    |mul234_7_reg_4244                            |   64|  32|   32|          0|
    |mul234_s_reg_4219                            |   64|  32|   32|          0|
    |or_ln523_1_reg_3949                          |   64|  32|    1|          0|
    |or_ln523_2_reg_3953                          |   64|  32|    1|          0|
    |or_ln523_reg_3945                            |   64|  32|    1|          0|
    |or_ln537_1_reg_4198                          |   64|  32|    1|          0|
    |or_ln537_2_reg_4202                          |   64|  32|    1|          0|
    |or_ln537_3_reg_4210                          |   64|  32|    1|          0|
    |or_ln537_reg_4190                            |   64|  32|    1|          0|
    |reg_686                                      |   64|  32|   32|          0|
    |reg_692                                      |   64|  32|   32|          0|
    |rev91_reg_4319                               |   64|  32|    1|          0|
    |select_ln498_29_reg_4379                     |   64|  32|   32|          0|
    |ult90_reg_3876                               |   64|  32|    1|          0|
    +---------------------------------------------+-----+----+-----+-----------+
    |Total                                        | 8680|1792| 5865|          0|
    +---------------------------------------------+-----+----+-----+-----------+



================================================================
== Interface
================================================================
* Summary: 
+--------------------------------+-----+-----+------------+------------------------------+--------------+
|            RTL Ports           | Dir | Bits|  Protocol  |         Source Object        |    C Type    |
+--------------------------------+-----+-----+------------+------------------------------+--------------+
|ap_clk                          |   in|    1|  ap_ctrl_hs|  PE_Pipeline_VITIS_LOOP_385_5|  return value|
|ap_rst                          |   in|    1|  ap_ctrl_hs|  PE_Pipeline_VITIS_LOOP_385_5|  return value|
|ap_start                        |   in|    1|  ap_ctrl_hs|  PE_Pipeline_VITIS_LOOP_385_5|  return value|
|ap_done                         |  out|    1|  ap_ctrl_hs|  PE_Pipeline_VITIS_LOOP_385_5|  return value|
|ap_idle                         |  out|    1|  ap_ctrl_hs|  PE_Pipeline_VITIS_LOOP_385_5|  return value|
|ap_ready                        |  out|    1|  ap_ctrl_hs|  PE_Pipeline_VITIS_LOOP_385_5|  return value|
|fifo_SA_A_0_0_dout              |   in|  128|     ap_fifo|                 fifo_SA_A_0_0|       pointer|
|fifo_SA_A_0_0_num_data_valid    |   in|    3|     ap_fifo|                 fifo_SA_A_0_0|       pointer|
|fifo_SA_A_0_0_fifo_cap          |   in|    3|     ap_fifo|                 fifo_SA_A_0_0|       pointer|
|fifo_SA_A_0_0_empty_n           |   in|    1|     ap_fifo|                 fifo_SA_A_0_0|       pointer|
|fifo_SA_A_0_0_read              |  out|    1|     ap_fifo|                 fifo_SA_A_0_0|       pointer|
|fifo_SA_W_0_0_dout              |   in|  128|     ap_fifo|                 fifo_SA_W_0_0|       pointer|
|fifo_SA_W_0_0_num_data_valid    |   in|    4|     ap_fifo|                 fifo_SA_W_0_0|       pointer|
|fifo_SA_W_0_0_fifo_cap          |   in|    4|     ap_fifo|                 fifo_SA_W_0_0|       pointer|
|fifo_SA_W_0_0_empty_n           |   in|    1|     ap_fifo|                 fifo_SA_W_0_0|       pointer|
|fifo_SA_W_0_0_read              |  out|    1|     ap_fifo|                 fifo_SA_W_0_0|       pointer|
|fifo_SA_O_0_0_3_din             |  out|   32|     ap_fifo|               fifo_SA_O_0_0_3|       pointer|
|fifo_SA_O_0_0_3_num_data_valid  |   in|    5|     ap_fifo|               fifo_SA_O_0_0_3|       pointer|
|fifo_SA_O_0_0_3_fifo_cap        |   in|    5|     ap_fifo|               fifo_SA_O_0_0_3|       pointer|
|fifo_SA_O_0_0_3_full_n          |   in|    1|     ap_fifo|               fifo_SA_O_0_0_3|       pointer|
|fifo_SA_O_0_0_3_write           |  out|    1|     ap_fifo|               fifo_SA_O_0_0_3|       pointer|
|fifo_SA_O_0_0_0_din             |  out|   32|     ap_fifo|               fifo_SA_O_0_0_0|       pointer|
|fifo_SA_O_0_0_0_num_data_valid  |   in|    5|     ap_fifo|               fifo_SA_O_0_0_0|       pointer|
|fifo_SA_O_0_0_0_fifo_cap        |   in|    5|     ap_fifo|               fifo_SA_O_0_0_0|       pointer|
|fifo_SA_O_0_0_0_full_n          |   in|    1|     ap_fifo|               fifo_SA_O_0_0_0|       pointer|
|fifo_SA_O_0_0_0_write           |  out|    1|     ap_fifo|               fifo_SA_O_0_0_0|       pointer|
|fifo_SA_O_0_0_1_din             |  out|   32|     ap_fifo|               fifo_SA_O_0_0_1|       pointer|
|fifo_SA_O_0_0_1_num_data_valid  |   in|    5|     ap_fifo|               fifo_SA_O_0_0_1|       pointer|
|fifo_SA_O_0_0_1_fifo_cap        |   in|    5|     ap_fifo|               fifo_SA_O_0_0_1|       pointer|
|fifo_SA_O_0_0_1_full_n          |   in|    1|     ap_fifo|               fifo_SA_O_0_0_1|       pointer|
|fifo_SA_O_0_0_1_write           |  out|    1|     ap_fifo|               fifo_SA_O_0_0_1|       pointer|
|fifo_SA_O_0_0_2_din             |  out|   32|     ap_fifo|               fifo_SA_O_0_0_2|       pointer|
|fifo_SA_O_0_0_2_num_data_valid  |   in|    5|     ap_fifo|               fifo_SA_O_0_0_2|       pointer|
|fifo_SA_O_0_0_2_fifo_cap        |   in|    5|     ap_fifo|               fifo_SA_O_0_0_2|       pointer|
|fifo_SA_O_0_0_2_full_n          |   in|    1|     ap_fifo|               fifo_SA_O_0_0_2|       pointer|
|fifo_SA_O_0_0_2_write           |  out|    1|     ap_fifo|               fifo_SA_O_0_0_2|       pointer|
|sub                             |   in|   32|     ap_none|                           sub|        scalar|
|sub267                          |   in|   32|     ap_none|                        sub267|        scalar|
|mode                            |   in|    1|     ap_none|                          mode|        scalar|
|num                             |   in|   32|     ap_none|                           num|        scalar|
|cmp47                           |   in|    1|     ap_none|                         cmp47|        scalar|
|num_a_sa                        |   in|   32|     ap_none|                      num_a_sa|        scalar|
|add304_3                        |   in|   32|     ap_none|                      add304_3|        scalar|
|add304_2                        |   in|   32|     ap_none|                      add304_2|        scalar|
|add304_1                        |   in|   32|     ap_none|                      add304_1|        scalar|
+--------------------------------+-----+-----+------------+------------------------------+--------------+

