

================================================================
== Vitis HLS Report for 'ResOutput'
================================================================
* Date:           Mon Mar 10 15:37:05 2025

* Version:        2023.2 (Build 4023990 on Oct 11 2023)
* Project:        SDA
* Solution:       solution1 (Vivado IP Flow Target)
* Product family: virtexuplusHBM
* Target device:  xcvu35p_CIV-fsvh2892-3-e


================================================================
== Performance Estimates
================================================================
+ Timing: 
    * Summary: 
    +--------+----------+----------+------------+
    |  Clock |  Target  | Estimated| Uncertainty|
    +--------+----------+----------+------------+
    |ap_clk  |  10.00 ns|  7.300 ns|     2.70 ns|
    +--------+----------+----------+------------+

+ Latency: 
    * Summary: 
    +---------+---------+----------+-----------+-----+------+---------+
    |  Latency (cycles) |  Latency (absolute)  |  Interval  | Pipeline|
    |   min   |   max   |    min   |    max    | min |  max |   Type  |
    +---------+---------+----------+-----------+-----+------+---------+
    |      267|     4143|  2.670 us|  41.430 us|  267|  4143|       no|
    +---------+---------+----------+-----------+-----+------+---------+

    + Detail: 
        * Instance: 
        +---------------------------------------------------------------------------------------------+----------------------------------------------------------------------------------+---------+---------+-----------+-----------+------+------+---------+
        |                                                                                             |                                                                                  |  Latency (cycles) |   Latency (absolute)  |   Interval  | Pipeline|
        |                                           Instance                                          |                                      Module                                      |   min   |   max   |    min    |    max    |  min |  max |   Type  |
        +---------------------------------------------------------------------------------------------+----------------------------------------------------------------------------------+---------+---------+-----------+-----------+------+------+---------+
        |grp_ResOutput_Pipeline_VITIS_LOOP_734_4_VITIS_LOOP_737_5_VITIS_LOOP_740_6_VITIS_LOOP_fu_406  |ResOutput_Pipeline_VITIS_LOOP_734_4_VITIS_LOOP_737_5_VITIS_LOOP_740_6_VITIS_LOOP  |      264|      264|   2.640 us|   2.640 us|   264|   264|       no|
        |grp_ResOutput_Pipeline_VITIS_LOOP_718_1_VITIS_LOOP_721_2_VITIS_LOOP_724_3_fu_448             |ResOutput_Pipeline_VITIS_LOOP_718_1_VITIS_LOOP_721_2_VITIS_LOOP_724_3             |     4105|     4105|  41.050 us|  41.050 us|  4105|  4105|       no|
        +---------------------------------------------------------------------------------------------+----------------------------------------------------------------------------------+---------+---------+-----------+-----------+------+------+---------+

        * Loop: 
        N/A



================================================================
== Utilization Estimates
================================================================
* Summary: 
+---------------------+---------+------+---------+--------+-----+
|         Name        | BRAM_18K|  DSP |    FF   |   LUT  | URAM|
+---------------------+---------+------+---------+--------+-----+
|DSP                  |        -|     -|        -|       -|    -|
|Expression           |        -|     -|        0|     210|    -|
|FIFO                 |        -|     -|        -|       -|    -|
|Instance             |        -|    21|     1741|    4736|    -|
|Memory               |        -|     -|        -|       -|    -|
|Multiplexer          |        -|     -|        -|    1856|    -|
|Register             |        -|     -|      393|       -|    -|
+---------------------+---------+------+---------+--------+-----+
|Total                |        0|    21|     2134|    6802|    0|
+---------------------+---------+------+---------+--------+-----+
|Available SLR        |     1344|  2976|   871680|  435840|  320|
+---------------------+---------+------+---------+--------+-----+
|Utilization SLR (%)  |        0|    ~0|       ~0|       1|    0|
+---------------------+---------+------+---------+--------+-----+
|Available            |     2688|  5952|  1743360|  871680|  640|
+---------------------+---------+------+---------+--------+-----+
|Utilization (%)      |        0|    ~0|       ~0|      ~0|    0|
+---------------------+---------+------+---------+--------+-----+

+ Detail: 
    * Instance: 
    +---------------------------------------------------------------------------------------------+----------------------------------------------------------------------------------+---------+----+-----+------+-----+
    |                                           Instance                                          |                                      Module                                      | BRAM_18K| DSP|  FF |  LUT | URAM|
    +---------------------------------------------------------------------------------------------+----------------------------------------------------------------------------------+---------+----+-----+------+-----+
    |grp_ResOutput_Pipeline_VITIS_LOOP_718_1_VITIS_LOOP_721_2_VITIS_LOOP_724_3_fu_448             |ResOutput_Pipeline_VITIS_LOOP_718_1_VITIS_LOOP_721_2_VITIS_LOOP_724_3             |        0|   6|  571|  3150|    0|
    |grp_ResOutput_Pipeline_VITIS_LOOP_734_4_VITIS_LOOP_737_5_VITIS_LOOP_740_6_VITIS_LOOP_fu_406  |ResOutput_Pipeline_VITIS_LOOP_734_4_VITIS_LOOP_737_5_VITIS_LOOP_740_6_VITIS_LOOP  |        0|   3|  382|  1045|    0|
    |mul_32ns_32ns_64_1_1_U3533                                                                   |mul_32ns_32ns_64_1_1                                                              |        0|   4|    0|    20|    0|
    |mul_32ns_64ns_96_1_1_U3534                                                                   |mul_32ns_64ns_96_1_1                                                              |        0|   8|    0|    45|    0|
    |udiv_32ns_32ns_32_36_seq_1_U3535                                                             |udiv_32ns_32ns_32_36_seq_1                                                        |        0|   0|  394|   238|    0|
    |udiv_32ns_32ns_32_36_seq_1_U3536                                                             |udiv_32ns_32ns_32_36_seq_1                                                        |        0|   0|  394|   238|    0|
    +---------------------------------------------------------------------------------------------+----------------------------------------------------------------------------------+---------+----+-----+------+-----+
    |Total                                                                                        |                                                                                  |        0|  21| 1741|  4736|    0|
    +---------------------------------------------------------------------------------------------+----------------------------------------------------------------------------------+---------+----+-----+------+-----+

    * DSP: 
    N/A

    * Memory: 
    N/A

    * FIFO: 
    N/A

    * Expression: 
    +----------------------------------+----------+----+---+----+------------+------------+
    |           Variable Name          | Operation| DSP| FF| LUT| Bitwidth P0| Bitwidth P1|
    +----------------------------------+----------+----+---+----+------------+------------+
    |add3_fu_799_p2                    |         +|   0|  0|  39|          32|           1|
    |add_ln718_fu_805_p2               |         +|   0|  0|  39|          32|           1|
    |grp_fu_787_p0                     |         +|   0|  0|  32|          32|          32|
    |grp_fu_793_p0                     |         +|   0|  0|  32|          32|          32|
    |add9_fu_775_p2                    |         -|   0|  0|  32|          32|          32|
    |add_fu_763_p2                     |         -|   0|  0|  32|          32|          32|
    |ap_block_state41_on_subcall_done  |       and|   0|  0|   2|           1|           1|
    |ap_block_state1                   |        or|   0|  0|   2|           1|           1|
    +----------------------------------+----------+----+---+----+------------+------------+
    |Total                             |          |   0|  0| 210|         194|         132|
    +----------------------------------+----------+----+---+----+------------+------------+

    * Multiplexer: 
    +---------------------------+-----+-----------+-----+-----------+
    |            Name           | LUT | Input Size| Bits| Total Bits|
    +---------------------------+-----+-----------+-----+-----------+
    |CONV3_NORM_0_read          |    9|          2|    1|          2|
    |CONV3_NORM_100_read        |    9|          2|    1|          2|
    |CONV3_NORM_101_read        |    9|          2|    1|          2|
    |CONV3_NORM_102_read        |    9|          2|    1|          2|
    |CONV3_NORM_103_read        |    9|          2|    1|          2|
    |CONV3_NORM_104_read        |    9|          2|    1|          2|
    |CONV3_NORM_105_read        |    9|          2|    1|          2|
    |CONV3_NORM_106_read        |    9|          2|    1|          2|
    |CONV3_NORM_107_read        |    9|          2|    1|          2|
    |CONV3_NORM_108_read        |    9|          2|    1|          2|
    |CONV3_NORM_109_read        |    9|          2|    1|          2|
    |CONV3_NORM_10_read         |    9|          2|    1|          2|
    |CONV3_NORM_110_read        |    9|          2|    1|          2|
    |CONV3_NORM_111_read        |    9|          2|    1|          2|
    |CONV3_NORM_112_read        |    9|          2|    1|          2|
    |CONV3_NORM_113_read        |    9|          2|    1|          2|
    |CONV3_NORM_114_read        |    9|          2|    1|          2|
    |CONV3_NORM_115_read        |    9|          2|    1|          2|
    |CONV3_NORM_116_read        |    9|          2|    1|          2|
    |CONV3_NORM_117_read        |    9|          2|    1|          2|
    |CONV3_NORM_118_read        |    9|          2|    1|          2|
    |CONV3_NORM_119_read        |    9|          2|    1|          2|
    |CONV3_NORM_11_read         |    9|          2|    1|          2|
    |CONV3_NORM_120_read        |    9|          2|    1|          2|
    |CONV3_NORM_121_read        |    9|          2|    1|          2|
    |CONV3_NORM_122_read        |    9|          2|    1|          2|
    |CONV3_NORM_123_read        |    9|          2|    1|          2|
    |CONV3_NORM_124_read        |    9|          2|    1|          2|
    |CONV3_NORM_125_read        |    9|          2|    1|          2|
    |CONV3_NORM_126_read        |    9|          2|    1|          2|
    |CONV3_NORM_127_read        |    9|          2|    1|          2|
    |CONV3_NORM_12_read         |    9|          2|    1|          2|
    |CONV3_NORM_13_read         |    9|          2|    1|          2|
    |CONV3_NORM_14_read         |    9|          2|    1|          2|
    |CONV3_NORM_15_read         |    9|          2|    1|          2|
    |CONV3_NORM_16_read         |    9|          2|    1|          2|
    |CONV3_NORM_17_read         |    9|          2|    1|          2|
    |CONV3_NORM_18_read         |    9|          2|    1|          2|
    |CONV3_NORM_19_read         |    9|          2|    1|          2|
    |CONV3_NORM_1_read          |    9|          2|    1|          2|
    |CONV3_NORM_20_read         |    9|          2|    1|          2|
    |CONV3_NORM_21_read         |    9|          2|    1|          2|
    |CONV3_NORM_22_read         |    9|          2|    1|          2|
    |CONV3_NORM_23_read         |    9|          2|    1|          2|
    |CONV3_NORM_24_read         |    9|          2|    1|          2|
    |CONV3_NORM_25_read         |    9|          2|    1|          2|
    |CONV3_NORM_26_read         |    9|          2|    1|          2|
    |CONV3_NORM_27_read         |    9|          2|    1|          2|
    |CONV3_NORM_28_read         |    9|          2|    1|          2|
    |CONV3_NORM_29_read         |    9|          2|    1|          2|
    |CONV3_NORM_2_read          |    9|          2|    1|          2|
    |CONV3_NORM_30_read         |    9|          2|    1|          2|
    |CONV3_NORM_31_read         |    9|          2|    1|          2|
    |CONV3_NORM_32_read         |    9|          2|    1|          2|
    |CONV3_NORM_33_read         |    9|          2|    1|          2|
    |CONV3_NORM_34_read         |    9|          2|    1|          2|
    |CONV3_NORM_35_read         |    9|          2|    1|          2|
    |CONV3_NORM_36_read         |    9|          2|    1|          2|
    |CONV3_NORM_37_read         |    9|          2|    1|          2|
    |CONV3_NORM_38_read         |    9|          2|    1|          2|
    |CONV3_NORM_39_read         |    9|          2|    1|          2|
    |CONV3_NORM_3_read          |    9|          2|    1|          2|
    |CONV3_NORM_40_read         |    9|          2|    1|          2|
    |CONV3_NORM_41_read         |    9|          2|    1|          2|
    |CONV3_NORM_42_read         |    9|          2|    1|          2|
    |CONV3_NORM_43_read         |    9|          2|    1|          2|
    |CONV3_NORM_44_read         |    9|          2|    1|          2|
    |CONV3_NORM_45_read         |    9|          2|    1|          2|
    |CONV3_NORM_46_read         |    9|          2|    1|          2|
    |CONV3_NORM_47_read         |    9|          2|    1|          2|
    |CONV3_NORM_48_read         |    9|          2|    1|          2|
    |CONV3_NORM_49_read         |    9|          2|    1|          2|
    |CONV3_NORM_4_read          |    9|          2|    1|          2|
    |CONV3_NORM_50_read         |    9|          2|    1|          2|
    |CONV3_NORM_51_read         |    9|          2|    1|          2|
    |CONV3_NORM_52_read         |    9|          2|    1|          2|
    |CONV3_NORM_53_read         |    9|          2|    1|          2|
    |CONV3_NORM_54_read         |    9|          2|    1|          2|
    |CONV3_NORM_55_read         |    9|          2|    1|          2|
    |CONV3_NORM_56_read         |    9|          2|    1|          2|
    |CONV3_NORM_57_read         |    9|          2|    1|          2|
    |CONV3_NORM_58_read         |    9|          2|    1|          2|
    |CONV3_NORM_59_read         |    9|          2|    1|          2|
    |CONV3_NORM_5_read          |    9|          2|    1|          2|
    |CONV3_NORM_60_read         |    9|          2|    1|          2|
    |CONV3_NORM_61_read         |    9|          2|    1|          2|
    |CONV3_NORM_62_read         |    9|          2|    1|          2|
    |CONV3_NORM_63_read         |    9|          2|    1|          2|
    |CONV3_NORM_64_read         |    9|          2|    1|          2|
    |CONV3_NORM_65_read         |    9|          2|    1|          2|
    |CONV3_NORM_66_read         |    9|          2|    1|          2|
    |CONV3_NORM_67_read         |    9|          2|    1|          2|
    |CONV3_NORM_68_read         |    9|          2|    1|          2|
    |CONV3_NORM_69_read         |    9|          2|    1|          2|
    |CONV3_NORM_6_read          |    9|          2|    1|          2|
    |CONV3_NORM_70_read         |    9|          2|    1|          2|
    |CONV3_NORM_71_read         |    9|          2|    1|          2|
    |CONV3_NORM_72_read         |    9|          2|    1|          2|
    |CONV3_NORM_73_read         |    9|          2|    1|          2|
    |CONV3_NORM_74_read         |    9|          2|    1|          2|
    |CONV3_NORM_75_read         |    9|          2|    1|          2|
    |CONV3_NORM_76_read         |    9|          2|    1|          2|
    |CONV3_NORM_77_read         |    9|          2|    1|          2|
    |CONV3_NORM_78_read         |    9|          2|    1|          2|
    |CONV3_NORM_79_read         |    9|          2|    1|          2|
    |CONV3_NORM_7_read          |    9|          2|    1|          2|
    |CONV3_NORM_80_read         |    9|          2|    1|          2|
    |CONV3_NORM_81_read         |    9|          2|    1|          2|
    |CONV3_NORM_82_read         |    9|          2|    1|          2|
    |CONV3_NORM_83_read         |    9|          2|    1|          2|
    |CONV3_NORM_84_read         |    9|          2|    1|          2|
    |CONV3_NORM_85_read         |    9|          2|    1|          2|
    |CONV3_NORM_86_read         |    9|          2|    1|          2|
    |CONV3_NORM_87_read         |    9|          2|    1|          2|
    |CONV3_NORM_88_read         |    9|          2|    1|          2|
    |CONV3_NORM_89_read         |    9|          2|    1|          2|
    |CONV3_NORM_8_read          |    9|          2|    1|          2|
    |CONV3_NORM_90_read         |    9|          2|    1|          2|
    |CONV3_NORM_91_read         |    9|          2|    1|          2|
    |CONV3_NORM_92_read         |    9|          2|    1|          2|
    |CONV3_NORM_93_read         |    9|          2|    1|          2|
    |CONV3_NORM_94_read         |    9|          2|    1|          2|
    |CONV3_NORM_95_read         |    9|          2|    1|          2|
    |CONV3_NORM_96_read         |    9|          2|    1|          2|
    |CONV3_NORM_97_read         |    9|          2|    1|          2|
    |CONV3_NORM_98_read         |    9|          2|    1|          2|
    |CONV3_NORM_99_read         |    9|          2|    1|          2|
    |CONV3_NORM_9_read          |    9|          2|    1|          2|
    |C_blk_n                    |    9|          2|    1|          2|
    |K_blk_n                    |    9|          2|    1|          2|
    |MM_OUT_0_read              |    9|          2|    1|          2|
    |MM_OUT_10_read             |    9|          2|    1|          2|
    |MM_OUT_11_read             |    9|          2|    1|          2|
    |MM_OUT_12_read             |    9|          2|    1|          2|
    |MM_OUT_13_read             |    9|          2|    1|          2|
    |MM_OUT_14_read             |    9|          2|    1|          2|
    |MM_OUT_15_read             |    9|          2|    1|          2|
    |MM_OUT_1_read              |    9|          2|    1|          2|
    |MM_OUT_2_read              |    9|          2|    1|          2|
    |MM_OUT_3_read              |    9|          2|    1|          2|
    |MM_OUT_4_read              |    9|          2|    1|          2|
    |MM_OUT_5_read              |    9|          2|    1|          2|
    |MM_OUT_6_read              |    9|          2|    1|          2|
    |MM_OUT_7_read              |    9|          2|    1|          2|
    |MM_OUT_8_read              |    9|          2|    1|          2|
    |MM_OUT_9_read              |    9|          2|    1|          2|
    |M_blk_n                    |    9|          2|    1|          2|
    |P_blk_n                    |    9|          2|    1|          2|
    |R_blk_n                    |    9|          2|    1|          2|
    |S_blk_n                    |    9|          2|    1|          2|
    |ap_NS_fsm                  |  185|         42|    1|         42|
    |ap_done                    |    9|          2|    1|          2|
    |grp_fu_715_p0              |   14|          3|   32|         96|
    |grp_fu_715_p1              |   14|          3|   32|         96|
    |m_axi_OUTPUT_BUS_AWADDR    |   14|          3|   64|        192|
    |m_axi_OUTPUT_BUS_AWBURST   |   14|          3|    2|          6|
    |m_axi_OUTPUT_BUS_AWCACHE   |   14|          3|    4|         12|
    |m_axi_OUTPUT_BUS_AWID      |   14|          3|    1|          3|
    |m_axi_OUTPUT_BUS_AWLEN     |   14|          3|   32|         96|
    |m_axi_OUTPUT_BUS_AWLOCK    |   14|          3|    2|          6|
    |m_axi_OUTPUT_BUS_AWPROT    |   14|          3|    3|          9|
    |m_axi_OUTPUT_BUS_AWQOS     |   14|          3|    4|         12|
    |m_axi_OUTPUT_BUS_AWREGION  |   14|          3|    4|         12|
    |m_axi_OUTPUT_BUS_AWSIZE    |   14|          3|    3|          9|
    |m_axi_OUTPUT_BUS_AWUSER    |   14|          3|    1|          3|
    |m_axi_OUTPUT_BUS_AWVALID   |   14|          3|    1|          3|
    |m_axi_OUTPUT_BUS_BREADY    |   14|          3|    1|          3|
    |m_axi_OUTPUT_BUS_WDATA     |   14|          3|   32|         96|
    |m_axi_OUTPUT_BUS_WID       |   14|          3|    1|          3|
    |m_axi_OUTPUT_BUS_WLAST     |   14|          3|    1|          3|
    |m_axi_OUTPUT_BUS_WSTRB     |   14|          3|    4|         12|
    |m_axi_OUTPUT_BUS_WUSER     |   14|          3|    1|          3|
    |m_axi_OUTPUT_BUS_WVALID    |   14|          3|    1|          3|
    |mode_blk_n                 |    9|          2|    1|          2|
    |output_r_blk_n             |    9|          2|    1|          2|
    +---------------------------+-----+-----------+-----+-----------+
    |Total                      | 1856|        411|  380|       1026|
    +---------------------------+-----+-----------+-----+-----------+

    * Register: 
    +----------------------------------------------------------------------------------------------------------+----+----+-----+-----------+
    |                                                   Name                                                   | FF | LUT| Bits| Const Bits|
    +----------------------------------------------------------------------------------------------------------+----+----+-----+-----------+
    |M_2_reg_838                                                                                               |  32|   0|   32|          0|
    |add3_reg_866                                                                                              |  32|   0|   32|          0|
    |add_ln718_reg_871                                                                                         |  32|   0|   32|          0|
    |ap_CS_fsm                                                                                                 |  41|   0|   41|          0|
    |ap_done_reg                                                                                               |   1|   0|    1|          0|
    |bound4_reg_877                                                                                            |  96|   0|   96|          0|
    |grp_ResOutput_Pipeline_VITIS_LOOP_718_1_VITIS_LOOP_721_2_VITIS_LOOP_724_3_fu_448_ap_start_reg             |   1|   0|    1|          0|
    |grp_ResOutput_Pipeline_VITIS_LOOP_734_4_VITIS_LOOP_737_5_VITIS_LOOP_740_6_VITIS_LOOP_fu_406_ap_start_reg  |   1|   0|    1|          0|
    |mode_2_reg_828                                                                                            |   1|   0|    1|          0|
    |output_1_reg_845                                                                                          |  64|   0|   64|          0|
    |reg_723                                                                                                   |  64|   0|   64|          0|
    |tmp_s_reg_851                                                                                             |  28|   0|   32|          4|
    +----------------------------------------------------------------------------------------------------------+----+----+-----+-----------+
    |Total                                                                                                     | 393|   0|  397|          4|
    +----------------------------------------------------------------------------------------------------------+----+----+-----+-----------+



================================================================
== Interface
================================================================
* Summary: 
+-------------------------------+-----+-----+------------+----------------+--------------+
|           RTL Ports           | Dir | Bits|  Protocol  |  Source Object |    C Type    |
+-------------------------------+-----+-----+------------+----------------+--------------+
|ap_clk                         |   in|    1|  ap_ctrl_hs|       ResOutput|  return value|
|ap_rst                         |   in|    1|  ap_ctrl_hs|       ResOutput|  return value|
|ap_start                       |   in|    1|  ap_ctrl_hs|       ResOutput|  return value|
|ap_done                        |  out|    1|  ap_ctrl_hs|       ResOutput|  return value|
|ap_continue                    |   in|    1|  ap_ctrl_hs|       ResOutput|  return value|
|ap_idle                        |  out|    1|  ap_ctrl_hs|       ResOutput|  return value|
|ap_ready                       |  out|    1|  ap_ctrl_hs|       ResOutput|  return value|
|CONV3_NORM_0_dout              |   in|   32|     ap_fifo|    CONV3_NORM_0|       pointer|
|CONV3_NORM_0_num_data_valid    |   in|    3|     ap_fifo|    CONV3_NORM_0|       pointer|
|CONV3_NORM_0_fifo_cap          |   in|    3|     ap_fifo|    CONV3_NORM_0|       pointer|
|CONV3_NORM_0_empty_n           |   in|    1|     ap_fifo|    CONV3_NORM_0|       pointer|
|CONV3_NORM_0_read              |  out|    1|     ap_fifo|    CONV3_NORM_0|       pointer|
|CONV3_NORM_1_dout              |   in|   32|     ap_fifo|    CONV3_NORM_1|       pointer|
|CONV3_NORM_1_num_data_valid    |   in|    3|     ap_fifo|    CONV3_NORM_1|       pointer|
|CONV3_NORM_1_fifo_cap          |   in|    3|     ap_fifo|    CONV3_NORM_1|       pointer|
|CONV3_NORM_1_empty_n           |   in|    1|     ap_fifo|    CONV3_NORM_1|       pointer|
|CONV3_NORM_1_read              |  out|    1|     ap_fifo|    CONV3_NORM_1|       pointer|
|CONV3_NORM_2_dout              |   in|   32|     ap_fifo|    CONV3_NORM_2|       pointer|
|CONV3_NORM_2_num_data_valid    |   in|    3|     ap_fifo|    CONV3_NORM_2|       pointer|
|CONV3_NORM_2_fifo_cap          |   in|    3|     ap_fifo|    CONV3_NORM_2|       pointer|
|CONV3_NORM_2_empty_n           |   in|    1|     ap_fifo|    CONV3_NORM_2|       pointer|
|CONV3_NORM_2_read              |  out|    1|     ap_fifo|    CONV3_NORM_2|       pointer|
|CONV3_NORM_3_dout              |   in|   32|     ap_fifo|    CONV3_NORM_3|       pointer|
|CONV3_NORM_3_num_data_valid    |   in|    3|     ap_fifo|    CONV3_NORM_3|       pointer|
|CONV3_NORM_3_fifo_cap          |   in|    3|     ap_fifo|    CONV3_NORM_3|       pointer|
|CONV3_NORM_3_empty_n           |   in|    1|     ap_fifo|    CONV3_NORM_3|       pointer|
|CONV3_NORM_3_read              |  out|    1|     ap_fifo|    CONV3_NORM_3|       pointer|
|CONV3_NORM_4_dout              |   in|   32|     ap_fifo|    CONV3_NORM_4|       pointer|
|CONV3_NORM_4_num_data_valid    |   in|    3|     ap_fifo|    CONV3_NORM_4|       pointer|
|CONV3_NORM_4_fifo_cap          |   in|    3|     ap_fifo|    CONV3_NORM_4|       pointer|
|CONV3_NORM_4_empty_n           |   in|    1|     ap_fifo|    CONV3_NORM_4|       pointer|
|CONV3_NORM_4_read              |  out|    1|     ap_fifo|    CONV3_NORM_4|       pointer|
|CONV3_NORM_5_dout              |   in|   32|     ap_fifo|    CONV3_NORM_5|       pointer|
|CONV3_NORM_5_num_data_valid    |   in|    3|     ap_fifo|    CONV3_NORM_5|       pointer|
|CONV3_NORM_5_fifo_cap          |   in|    3|     ap_fifo|    CONV3_NORM_5|       pointer|
|CONV3_NORM_5_empty_n           |   in|    1|     ap_fifo|    CONV3_NORM_5|       pointer|
|CONV3_NORM_5_read              |  out|    1|     ap_fifo|    CONV3_NORM_5|       pointer|
|CONV3_NORM_6_dout              |   in|   32|     ap_fifo|    CONV3_NORM_6|       pointer|
|CONV3_NORM_6_num_data_valid    |   in|    3|     ap_fifo|    CONV3_NORM_6|       pointer|
|CONV3_NORM_6_fifo_cap          |   in|    3|     ap_fifo|    CONV3_NORM_6|       pointer|
|CONV3_NORM_6_empty_n           |   in|    1|     ap_fifo|    CONV3_NORM_6|       pointer|
|CONV3_NORM_6_read              |  out|    1|     ap_fifo|    CONV3_NORM_6|       pointer|
|CONV3_NORM_7_dout              |   in|   32|     ap_fifo|    CONV3_NORM_7|       pointer|
|CONV3_NORM_7_num_data_valid    |   in|    3|     ap_fifo|    CONV3_NORM_7|       pointer|
|CONV3_NORM_7_fifo_cap          |   in|    3|     ap_fifo|    CONV3_NORM_7|       pointer|
|CONV3_NORM_7_empty_n           |   in|    1|     ap_fifo|    CONV3_NORM_7|       pointer|
|CONV3_NORM_7_read              |  out|    1|     ap_fifo|    CONV3_NORM_7|       pointer|
|CONV3_NORM_8_dout              |   in|   32|     ap_fifo|    CONV3_NORM_8|       pointer|
|CONV3_NORM_8_num_data_valid    |   in|    3|     ap_fifo|    CONV3_NORM_8|       pointer|
|CONV3_NORM_8_fifo_cap          |   in|    3|     ap_fifo|    CONV3_NORM_8|       pointer|
|CONV3_NORM_8_empty_n           |   in|    1|     ap_fifo|    CONV3_NORM_8|       pointer|
|CONV3_NORM_8_read              |  out|    1|     ap_fifo|    CONV3_NORM_8|       pointer|
|CONV3_NORM_9_dout              |   in|   32|     ap_fifo|    CONV3_NORM_9|       pointer|
|CONV3_NORM_9_num_data_valid    |   in|    3|     ap_fifo|    CONV3_NORM_9|       pointer|
|CONV3_NORM_9_fifo_cap          |   in|    3|     ap_fifo|    CONV3_NORM_9|       pointer|
|CONV3_NORM_9_empty_n           |   in|    1|     ap_fifo|    CONV3_NORM_9|       pointer|
|CONV3_NORM_9_read              |  out|    1|     ap_fifo|    CONV3_NORM_9|       pointer|
|CONV3_NORM_10_dout             |   in|   32|     ap_fifo|   CONV3_NORM_10|       pointer|
|CONV3_NORM_10_num_data_valid   |   in|    3|     ap_fifo|   CONV3_NORM_10|       pointer|
|CONV3_NORM_10_fifo_cap         |   in|    3|     ap_fifo|   CONV3_NORM_10|       pointer|
|CONV3_NORM_10_empty_n          |   in|    1|     ap_fifo|   CONV3_NORM_10|       pointer|
|CONV3_NORM_10_read             |  out|    1|     ap_fifo|   CONV3_NORM_10|       pointer|
|CONV3_NORM_11_dout             |   in|   32|     ap_fifo|   CONV3_NORM_11|       pointer|
|CONV3_NORM_11_num_data_valid   |   in|    3|     ap_fifo|   CONV3_NORM_11|       pointer|
|CONV3_NORM_11_fifo_cap         |   in|    3|     ap_fifo|   CONV3_NORM_11|       pointer|
|CONV3_NORM_11_empty_n          |   in|    1|     ap_fifo|   CONV3_NORM_11|       pointer|
|CONV3_NORM_11_read             |  out|    1|     ap_fifo|   CONV3_NORM_11|       pointer|
|CONV3_NORM_12_dout             |   in|   32|     ap_fifo|   CONV3_NORM_12|       pointer|
|CONV3_NORM_12_num_data_valid   |   in|    3|     ap_fifo|   CONV3_NORM_12|       pointer|
|CONV3_NORM_12_fifo_cap         |   in|    3|     ap_fifo|   CONV3_NORM_12|       pointer|
|CONV3_NORM_12_empty_n          |   in|    1|     ap_fifo|   CONV3_NORM_12|       pointer|
|CONV3_NORM_12_read             |  out|    1|     ap_fifo|   CONV3_NORM_12|       pointer|
|CONV3_NORM_13_dout             |   in|   32|     ap_fifo|   CONV3_NORM_13|       pointer|
|CONV3_NORM_13_num_data_valid   |   in|    3|     ap_fifo|   CONV3_NORM_13|       pointer|
|CONV3_NORM_13_fifo_cap         |   in|    3|     ap_fifo|   CONV3_NORM_13|       pointer|
|CONV3_NORM_13_empty_n          |   in|    1|     ap_fifo|   CONV3_NORM_13|       pointer|
|CONV3_NORM_13_read             |  out|    1|     ap_fifo|   CONV3_NORM_13|       pointer|
|CONV3_NORM_14_dout             |   in|   32|     ap_fifo|   CONV3_NORM_14|       pointer|
|CONV3_NORM_14_num_data_valid   |   in|    3|     ap_fifo|   CONV3_NORM_14|       pointer|
|CONV3_NORM_14_fifo_cap         |   in|    3|     ap_fifo|   CONV3_NORM_14|       pointer|
|CONV3_NORM_14_empty_n          |   in|    1|     ap_fifo|   CONV3_NORM_14|       pointer|
|CONV3_NORM_14_read             |  out|    1|     ap_fifo|   CONV3_NORM_14|       pointer|
|CONV3_NORM_15_dout             |   in|   32|     ap_fifo|   CONV3_NORM_15|       pointer|
|CONV3_NORM_15_num_data_valid   |   in|    3|     ap_fifo|   CONV3_NORM_15|       pointer|
|CONV3_NORM_15_fifo_cap         |   in|    3|     ap_fifo|   CONV3_NORM_15|       pointer|
|CONV3_NORM_15_empty_n          |   in|    1|     ap_fifo|   CONV3_NORM_15|       pointer|
|CONV3_NORM_15_read             |  out|    1|     ap_fifo|   CONV3_NORM_15|       pointer|
|CONV3_NORM_16_dout             |   in|   32|     ap_fifo|   CONV3_NORM_16|       pointer|
|CONV3_NORM_16_num_data_valid   |   in|    3|     ap_fifo|   CONV3_NORM_16|       pointer|
|CONV3_NORM_16_fifo_cap         |   in|    3|     ap_fifo|   CONV3_NORM_16|       pointer|
|CONV3_NORM_16_empty_n          |   in|    1|     ap_fifo|   CONV3_NORM_16|       pointer|
|CONV3_NORM_16_read             |  out|    1|     ap_fifo|   CONV3_NORM_16|       pointer|
|CONV3_NORM_17_dout             |   in|   32|     ap_fifo|   CONV3_NORM_17|       pointer|
|CONV3_NORM_17_num_data_valid   |   in|    3|     ap_fifo|   CONV3_NORM_17|       pointer|
|CONV3_NORM_17_fifo_cap         |   in|    3|     ap_fifo|   CONV3_NORM_17|       pointer|
|CONV3_NORM_17_empty_n          |   in|    1|     ap_fifo|   CONV3_NORM_17|       pointer|
|CONV3_NORM_17_read             |  out|    1|     ap_fifo|   CONV3_NORM_17|       pointer|
|CONV3_NORM_18_dout             |   in|   32|     ap_fifo|   CONV3_NORM_18|       pointer|
|CONV3_NORM_18_num_data_valid   |   in|    3|     ap_fifo|   CONV3_NORM_18|       pointer|
|CONV3_NORM_18_fifo_cap         |   in|    3|     ap_fifo|   CONV3_NORM_18|       pointer|
|CONV3_NORM_18_empty_n          |   in|    1|     ap_fifo|   CONV3_NORM_18|       pointer|
|CONV3_NORM_18_read             |  out|    1|     ap_fifo|   CONV3_NORM_18|       pointer|
|CONV3_NORM_19_dout             |   in|   32|     ap_fifo|   CONV3_NORM_19|       pointer|
|CONV3_NORM_19_num_data_valid   |   in|    3|     ap_fifo|   CONV3_NORM_19|       pointer|
|CONV3_NORM_19_fifo_cap         |   in|    3|     ap_fifo|   CONV3_NORM_19|       pointer|
|CONV3_NORM_19_empty_n          |   in|    1|     ap_fifo|   CONV3_NORM_19|       pointer|
|CONV3_NORM_19_read             |  out|    1|     ap_fifo|   CONV3_NORM_19|       pointer|
|CONV3_NORM_20_dout             |   in|   32|     ap_fifo|   CONV3_NORM_20|       pointer|
|CONV3_NORM_20_num_data_valid   |   in|    3|     ap_fifo|   CONV3_NORM_20|       pointer|
|CONV3_NORM_20_fifo_cap         |   in|    3|     ap_fifo|   CONV3_NORM_20|       pointer|
|CONV3_NORM_20_empty_n          |   in|    1|     ap_fifo|   CONV3_NORM_20|       pointer|
|CONV3_NORM_20_read             |  out|    1|     ap_fifo|   CONV3_NORM_20|       pointer|
|CONV3_NORM_21_dout             |   in|   32|     ap_fifo|   CONV3_NORM_21|       pointer|
|CONV3_NORM_21_num_data_valid   |   in|    3|     ap_fifo|   CONV3_NORM_21|       pointer|
|CONV3_NORM_21_fifo_cap         |   in|    3|     ap_fifo|   CONV3_NORM_21|       pointer|
|CONV3_NORM_21_empty_n          |   in|    1|     ap_fifo|   CONV3_NORM_21|       pointer|
|CONV3_NORM_21_read             |  out|    1|     ap_fifo|   CONV3_NORM_21|       pointer|
|CONV3_NORM_22_dout             |   in|   32|     ap_fifo|   CONV3_NORM_22|       pointer|
|CONV3_NORM_22_num_data_valid   |   in|    3|     ap_fifo|   CONV3_NORM_22|       pointer|
|CONV3_NORM_22_fifo_cap         |   in|    3|     ap_fifo|   CONV3_NORM_22|       pointer|
|CONV3_NORM_22_empty_n          |   in|    1|     ap_fifo|   CONV3_NORM_22|       pointer|
|CONV3_NORM_22_read             |  out|    1|     ap_fifo|   CONV3_NORM_22|       pointer|
|CONV3_NORM_23_dout             |   in|   32|     ap_fifo|   CONV3_NORM_23|       pointer|
|CONV3_NORM_23_num_data_valid   |   in|    3|     ap_fifo|   CONV3_NORM_23|       pointer|
|CONV3_NORM_23_fifo_cap         |   in|    3|     ap_fifo|   CONV3_NORM_23|       pointer|
|CONV3_NORM_23_empty_n          |   in|    1|     ap_fifo|   CONV3_NORM_23|       pointer|
|CONV3_NORM_23_read             |  out|    1|     ap_fifo|   CONV3_NORM_23|       pointer|
|CONV3_NORM_24_dout             |   in|   32|     ap_fifo|   CONV3_NORM_24|       pointer|
|CONV3_NORM_24_num_data_valid   |   in|    3|     ap_fifo|   CONV3_NORM_24|       pointer|
|CONV3_NORM_24_fifo_cap         |   in|    3|     ap_fifo|   CONV3_NORM_24|       pointer|
|CONV3_NORM_24_empty_n          |   in|    1|     ap_fifo|   CONV3_NORM_24|       pointer|
|CONV3_NORM_24_read             |  out|    1|     ap_fifo|   CONV3_NORM_24|       pointer|
|CONV3_NORM_25_dout             |   in|   32|     ap_fifo|   CONV3_NORM_25|       pointer|
|CONV3_NORM_25_num_data_valid   |   in|    3|     ap_fifo|   CONV3_NORM_25|       pointer|
|CONV3_NORM_25_fifo_cap         |   in|    3|     ap_fifo|   CONV3_NORM_25|       pointer|
|CONV3_NORM_25_empty_n          |   in|    1|     ap_fifo|   CONV3_NORM_25|       pointer|
|CONV3_NORM_25_read             |  out|    1|     ap_fifo|   CONV3_NORM_25|       pointer|
|CONV3_NORM_26_dout             |   in|   32|     ap_fifo|   CONV3_NORM_26|       pointer|
|CONV3_NORM_26_num_data_valid   |   in|    3|     ap_fifo|   CONV3_NORM_26|       pointer|
|CONV3_NORM_26_fifo_cap         |   in|    3|     ap_fifo|   CONV3_NORM_26|       pointer|
|CONV3_NORM_26_empty_n          |   in|    1|     ap_fifo|   CONV3_NORM_26|       pointer|
|CONV3_NORM_26_read             |  out|    1|     ap_fifo|   CONV3_NORM_26|       pointer|
|CONV3_NORM_27_dout             |   in|   32|     ap_fifo|   CONV3_NORM_27|       pointer|
|CONV3_NORM_27_num_data_valid   |   in|    3|     ap_fifo|   CONV3_NORM_27|       pointer|
|CONV3_NORM_27_fifo_cap         |   in|    3|     ap_fifo|   CONV3_NORM_27|       pointer|
|CONV3_NORM_27_empty_n          |   in|    1|     ap_fifo|   CONV3_NORM_27|       pointer|
|CONV3_NORM_27_read             |  out|    1|     ap_fifo|   CONV3_NORM_27|       pointer|
|CONV3_NORM_28_dout             |   in|   32|     ap_fifo|   CONV3_NORM_28|       pointer|
|CONV3_NORM_28_num_data_valid   |   in|    3|     ap_fifo|   CONV3_NORM_28|       pointer|
|CONV3_NORM_28_fifo_cap         |   in|    3|     ap_fifo|   CONV3_NORM_28|       pointer|
|CONV3_NORM_28_empty_n          |   in|    1|     ap_fifo|   CONV3_NORM_28|       pointer|
|CONV3_NORM_28_read             |  out|    1|     ap_fifo|   CONV3_NORM_28|       pointer|
|CONV3_NORM_29_dout             |   in|   32|     ap_fifo|   CONV3_NORM_29|       pointer|
|CONV3_NORM_29_num_data_valid   |   in|    3|     ap_fifo|   CONV3_NORM_29|       pointer|
|CONV3_NORM_29_fifo_cap         |   in|    3|     ap_fifo|   CONV3_NORM_29|       pointer|
|CONV3_NORM_29_empty_n          |   in|    1|     ap_fifo|   CONV3_NORM_29|       pointer|
|CONV3_NORM_29_read             |  out|    1|     ap_fifo|   CONV3_NORM_29|       pointer|
|CONV3_NORM_30_dout             |   in|   32|     ap_fifo|   CONV3_NORM_30|       pointer|
|CONV3_NORM_30_num_data_valid   |   in|    3|     ap_fifo|   CONV3_NORM_30|       pointer|
|CONV3_NORM_30_fifo_cap         |   in|    3|     ap_fifo|   CONV3_NORM_30|       pointer|
|CONV3_NORM_30_empty_n          |   in|    1|     ap_fifo|   CONV3_NORM_30|       pointer|
|CONV3_NORM_30_read             |  out|    1|     ap_fifo|   CONV3_NORM_30|       pointer|
|CONV3_NORM_31_dout             |   in|   32|     ap_fifo|   CONV3_NORM_31|       pointer|
|CONV3_NORM_31_num_data_valid   |   in|    3|     ap_fifo|   CONV3_NORM_31|       pointer|
|CONV3_NORM_31_fifo_cap         |   in|    3|     ap_fifo|   CONV3_NORM_31|       pointer|
|CONV3_NORM_31_empty_n          |   in|    1|     ap_fifo|   CONV3_NORM_31|       pointer|
|CONV3_NORM_31_read             |  out|    1|     ap_fifo|   CONV3_NORM_31|       pointer|
|CONV3_NORM_32_dout             |   in|   32|     ap_fifo|   CONV3_NORM_32|       pointer|
|CONV3_NORM_32_num_data_valid   |   in|    3|     ap_fifo|   CONV3_NORM_32|       pointer|
|CONV3_NORM_32_fifo_cap         |   in|    3|     ap_fifo|   CONV3_NORM_32|       pointer|
|CONV3_NORM_32_empty_n          |   in|    1|     ap_fifo|   CONV3_NORM_32|       pointer|
|CONV3_NORM_32_read             |  out|    1|     ap_fifo|   CONV3_NORM_32|       pointer|
|CONV3_NORM_33_dout             |   in|   32|     ap_fifo|   CONV3_NORM_33|       pointer|
|CONV3_NORM_33_num_data_valid   |   in|    3|     ap_fifo|   CONV3_NORM_33|       pointer|
|CONV3_NORM_33_fifo_cap         |   in|    3|     ap_fifo|   CONV3_NORM_33|       pointer|
|CONV3_NORM_33_empty_n          |   in|    1|     ap_fifo|   CONV3_NORM_33|       pointer|
|CONV3_NORM_33_read             |  out|    1|     ap_fifo|   CONV3_NORM_33|       pointer|
|CONV3_NORM_34_dout             |   in|   32|     ap_fifo|   CONV3_NORM_34|       pointer|
|CONV3_NORM_34_num_data_valid   |   in|    3|     ap_fifo|   CONV3_NORM_34|       pointer|
|CONV3_NORM_34_fifo_cap         |   in|    3|     ap_fifo|   CONV3_NORM_34|       pointer|
|CONV3_NORM_34_empty_n          |   in|    1|     ap_fifo|   CONV3_NORM_34|       pointer|
|CONV3_NORM_34_read             |  out|    1|     ap_fifo|   CONV3_NORM_34|       pointer|
|CONV3_NORM_35_dout             |   in|   32|     ap_fifo|   CONV3_NORM_35|       pointer|
|CONV3_NORM_35_num_data_valid   |   in|    3|     ap_fifo|   CONV3_NORM_35|       pointer|
|CONV3_NORM_35_fifo_cap         |   in|    3|     ap_fifo|   CONV3_NORM_35|       pointer|
|CONV3_NORM_35_empty_n          |   in|    1|     ap_fifo|   CONV3_NORM_35|       pointer|
|CONV3_NORM_35_read             |  out|    1|     ap_fifo|   CONV3_NORM_35|       pointer|
|CONV3_NORM_36_dout             |   in|   32|     ap_fifo|   CONV3_NORM_36|       pointer|
|CONV3_NORM_36_num_data_valid   |   in|    3|     ap_fifo|   CONV3_NORM_36|       pointer|
|CONV3_NORM_36_fifo_cap         |   in|    3|     ap_fifo|   CONV3_NORM_36|       pointer|
|CONV3_NORM_36_empty_n          |   in|    1|     ap_fifo|   CONV3_NORM_36|       pointer|
|CONV3_NORM_36_read             |  out|    1|     ap_fifo|   CONV3_NORM_36|       pointer|
|CONV3_NORM_37_dout             |   in|   32|     ap_fifo|   CONV3_NORM_37|       pointer|
|CONV3_NORM_37_num_data_valid   |   in|    3|     ap_fifo|   CONV3_NORM_37|       pointer|
|CONV3_NORM_37_fifo_cap         |   in|    3|     ap_fifo|   CONV3_NORM_37|       pointer|
|CONV3_NORM_37_empty_n          |   in|    1|     ap_fifo|   CONV3_NORM_37|       pointer|
|CONV3_NORM_37_read             |  out|    1|     ap_fifo|   CONV3_NORM_37|       pointer|
|CONV3_NORM_38_dout             |   in|   32|     ap_fifo|   CONV3_NORM_38|       pointer|
|CONV3_NORM_38_num_data_valid   |   in|    3|     ap_fifo|   CONV3_NORM_38|       pointer|
|CONV3_NORM_38_fifo_cap         |   in|    3|     ap_fifo|   CONV3_NORM_38|       pointer|
|CONV3_NORM_38_empty_n          |   in|    1|     ap_fifo|   CONV3_NORM_38|       pointer|
|CONV3_NORM_38_read             |  out|    1|     ap_fifo|   CONV3_NORM_38|       pointer|
|CONV3_NORM_39_dout             |   in|   32|     ap_fifo|   CONV3_NORM_39|       pointer|
|CONV3_NORM_39_num_data_valid   |   in|    3|     ap_fifo|   CONV3_NORM_39|       pointer|
|CONV3_NORM_39_fifo_cap         |   in|    3|     ap_fifo|   CONV3_NORM_39|       pointer|
|CONV3_NORM_39_empty_n          |   in|    1|     ap_fifo|   CONV3_NORM_39|       pointer|
|CONV3_NORM_39_read             |  out|    1|     ap_fifo|   CONV3_NORM_39|       pointer|
|CONV3_NORM_40_dout             |   in|   32|     ap_fifo|   CONV3_NORM_40|       pointer|
|CONV3_NORM_40_num_data_valid   |   in|    3|     ap_fifo|   CONV3_NORM_40|       pointer|
|CONV3_NORM_40_fifo_cap         |   in|    3|     ap_fifo|   CONV3_NORM_40|       pointer|
|CONV3_NORM_40_empty_n          |   in|    1|     ap_fifo|   CONV3_NORM_40|       pointer|
|CONV3_NORM_40_read             |  out|    1|     ap_fifo|   CONV3_NORM_40|       pointer|
|CONV3_NORM_41_dout             |   in|   32|     ap_fifo|   CONV3_NORM_41|       pointer|
|CONV3_NORM_41_num_data_valid   |   in|    3|     ap_fifo|   CONV3_NORM_41|       pointer|
|CONV3_NORM_41_fifo_cap         |   in|    3|     ap_fifo|   CONV3_NORM_41|       pointer|
|CONV3_NORM_41_empty_n          |   in|    1|     ap_fifo|   CONV3_NORM_41|       pointer|
|CONV3_NORM_41_read             |  out|    1|     ap_fifo|   CONV3_NORM_41|       pointer|
|CONV3_NORM_42_dout             |   in|   32|     ap_fifo|   CONV3_NORM_42|       pointer|
|CONV3_NORM_42_num_data_valid   |   in|    3|     ap_fifo|   CONV3_NORM_42|       pointer|
|CONV3_NORM_42_fifo_cap         |   in|    3|     ap_fifo|   CONV3_NORM_42|       pointer|
|CONV3_NORM_42_empty_n          |   in|    1|     ap_fifo|   CONV3_NORM_42|       pointer|
|CONV3_NORM_42_read             |  out|    1|     ap_fifo|   CONV3_NORM_42|       pointer|
|CONV3_NORM_43_dout             |   in|   32|     ap_fifo|   CONV3_NORM_43|       pointer|
|CONV3_NORM_43_num_data_valid   |   in|    3|     ap_fifo|   CONV3_NORM_43|       pointer|
|CONV3_NORM_43_fifo_cap         |   in|    3|     ap_fifo|   CONV3_NORM_43|       pointer|
|CONV3_NORM_43_empty_n          |   in|    1|     ap_fifo|   CONV3_NORM_43|       pointer|
|CONV3_NORM_43_read             |  out|    1|     ap_fifo|   CONV3_NORM_43|       pointer|
|CONV3_NORM_44_dout             |   in|   32|     ap_fifo|   CONV3_NORM_44|       pointer|
|CONV3_NORM_44_num_data_valid   |   in|    3|     ap_fifo|   CONV3_NORM_44|       pointer|
|CONV3_NORM_44_fifo_cap         |   in|    3|     ap_fifo|   CONV3_NORM_44|       pointer|
|CONV3_NORM_44_empty_n          |   in|    1|     ap_fifo|   CONV3_NORM_44|       pointer|
|CONV3_NORM_44_read             |  out|    1|     ap_fifo|   CONV3_NORM_44|       pointer|
|CONV3_NORM_45_dout             |   in|   32|     ap_fifo|   CONV3_NORM_45|       pointer|
|CONV3_NORM_45_num_data_valid   |   in|    3|     ap_fifo|   CONV3_NORM_45|       pointer|
|CONV3_NORM_45_fifo_cap         |   in|    3|     ap_fifo|   CONV3_NORM_45|       pointer|
|CONV3_NORM_45_empty_n          |   in|    1|     ap_fifo|   CONV3_NORM_45|       pointer|
|CONV3_NORM_45_read             |  out|    1|     ap_fifo|   CONV3_NORM_45|       pointer|
|CONV3_NORM_46_dout             |   in|   32|     ap_fifo|   CONV3_NORM_46|       pointer|
|CONV3_NORM_46_num_data_valid   |   in|    3|     ap_fifo|   CONV3_NORM_46|       pointer|
|CONV3_NORM_46_fifo_cap         |   in|    3|     ap_fifo|   CONV3_NORM_46|       pointer|
|CONV3_NORM_46_empty_n          |   in|    1|     ap_fifo|   CONV3_NORM_46|       pointer|
|CONV3_NORM_46_read             |  out|    1|     ap_fifo|   CONV3_NORM_46|       pointer|
|CONV3_NORM_47_dout             |   in|   32|     ap_fifo|   CONV3_NORM_47|       pointer|
|CONV3_NORM_47_num_data_valid   |   in|    3|     ap_fifo|   CONV3_NORM_47|       pointer|
|CONV3_NORM_47_fifo_cap         |   in|    3|     ap_fifo|   CONV3_NORM_47|       pointer|
|CONV3_NORM_47_empty_n          |   in|    1|     ap_fifo|   CONV3_NORM_47|       pointer|
|CONV3_NORM_47_read             |  out|    1|     ap_fifo|   CONV3_NORM_47|       pointer|
|CONV3_NORM_48_dout             |   in|   32|     ap_fifo|   CONV3_NORM_48|       pointer|
|CONV3_NORM_48_num_data_valid   |   in|    3|     ap_fifo|   CONV3_NORM_48|       pointer|
|CONV3_NORM_48_fifo_cap         |   in|    3|     ap_fifo|   CONV3_NORM_48|       pointer|
|CONV3_NORM_48_empty_n          |   in|    1|     ap_fifo|   CONV3_NORM_48|       pointer|
|CONV3_NORM_48_read             |  out|    1|     ap_fifo|   CONV3_NORM_48|       pointer|
|CONV3_NORM_49_dout             |   in|   32|     ap_fifo|   CONV3_NORM_49|       pointer|
|CONV3_NORM_49_num_data_valid   |   in|    3|     ap_fifo|   CONV3_NORM_49|       pointer|
|CONV3_NORM_49_fifo_cap         |   in|    3|     ap_fifo|   CONV3_NORM_49|       pointer|
|CONV3_NORM_49_empty_n          |   in|    1|     ap_fifo|   CONV3_NORM_49|       pointer|
|CONV3_NORM_49_read             |  out|    1|     ap_fifo|   CONV3_NORM_49|       pointer|
|CONV3_NORM_50_dout             |   in|   32|     ap_fifo|   CONV3_NORM_50|       pointer|
|CONV3_NORM_50_num_data_valid   |   in|    3|     ap_fifo|   CONV3_NORM_50|       pointer|
|CONV3_NORM_50_fifo_cap         |   in|    3|     ap_fifo|   CONV3_NORM_50|       pointer|
|CONV3_NORM_50_empty_n          |   in|    1|     ap_fifo|   CONV3_NORM_50|       pointer|
|CONV3_NORM_50_read             |  out|    1|     ap_fifo|   CONV3_NORM_50|       pointer|
|CONV3_NORM_51_dout             |   in|   32|     ap_fifo|   CONV3_NORM_51|       pointer|
|CONV3_NORM_51_num_data_valid   |   in|    3|     ap_fifo|   CONV3_NORM_51|       pointer|
|CONV3_NORM_51_fifo_cap         |   in|    3|     ap_fifo|   CONV3_NORM_51|       pointer|
|CONV3_NORM_51_empty_n          |   in|    1|     ap_fifo|   CONV3_NORM_51|       pointer|
|CONV3_NORM_51_read             |  out|    1|     ap_fifo|   CONV3_NORM_51|       pointer|
|CONV3_NORM_52_dout             |   in|   32|     ap_fifo|   CONV3_NORM_52|       pointer|
|CONV3_NORM_52_num_data_valid   |   in|    3|     ap_fifo|   CONV3_NORM_52|       pointer|
|CONV3_NORM_52_fifo_cap         |   in|    3|     ap_fifo|   CONV3_NORM_52|       pointer|
|CONV3_NORM_52_empty_n          |   in|    1|     ap_fifo|   CONV3_NORM_52|       pointer|
|CONV3_NORM_52_read             |  out|    1|     ap_fifo|   CONV3_NORM_52|       pointer|
|CONV3_NORM_53_dout             |   in|   32|     ap_fifo|   CONV3_NORM_53|       pointer|
|CONV3_NORM_53_num_data_valid   |   in|    3|     ap_fifo|   CONV3_NORM_53|       pointer|
|CONV3_NORM_53_fifo_cap         |   in|    3|     ap_fifo|   CONV3_NORM_53|       pointer|
|CONV3_NORM_53_empty_n          |   in|    1|     ap_fifo|   CONV3_NORM_53|       pointer|
|CONV3_NORM_53_read             |  out|    1|     ap_fifo|   CONV3_NORM_53|       pointer|
|CONV3_NORM_54_dout             |   in|   32|     ap_fifo|   CONV3_NORM_54|       pointer|
|CONV3_NORM_54_num_data_valid   |   in|    3|     ap_fifo|   CONV3_NORM_54|       pointer|
|CONV3_NORM_54_fifo_cap         |   in|    3|     ap_fifo|   CONV3_NORM_54|       pointer|
|CONV3_NORM_54_empty_n          |   in|    1|     ap_fifo|   CONV3_NORM_54|       pointer|
|CONV3_NORM_54_read             |  out|    1|     ap_fifo|   CONV3_NORM_54|       pointer|
|CONV3_NORM_55_dout             |   in|   32|     ap_fifo|   CONV3_NORM_55|       pointer|
|CONV3_NORM_55_num_data_valid   |   in|    3|     ap_fifo|   CONV3_NORM_55|       pointer|
|CONV3_NORM_55_fifo_cap         |   in|    3|     ap_fifo|   CONV3_NORM_55|       pointer|
|CONV3_NORM_55_empty_n          |   in|    1|     ap_fifo|   CONV3_NORM_55|       pointer|
|CONV3_NORM_55_read             |  out|    1|     ap_fifo|   CONV3_NORM_55|       pointer|
|CONV3_NORM_56_dout             |   in|   32|     ap_fifo|   CONV3_NORM_56|       pointer|
|CONV3_NORM_56_num_data_valid   |   in|    3|     ap_fifo|   CONV3_NORM_56|       pointer|
|CONV3_NORM_56_fifo_cap         |   in|    3|     ap_fifo|   CONV3_NORM_56|       pointer|
|CONV3_NORM_56_empty_n          |   in|    1|     ap_fifo|   CONV3_NORM_56|       pointer|
|CONV3_NORM_56_read             |  out|    1|     ap_fifo|   CONV3_NORM_56|       pointer|
|CONV3_NORM_57_dout             |   in|   32|     ap_fifo|   CONV3_NORM_57|       pointer|
|CONV3_NORM_57_num_data_valid   |   in|    3|     ap_fifo|   CONV3_NORM_57|       pointer|
|CONV3_NORM_57_fifo_cap         |   in|    3|     ap_fifo|   CONV3_NORM_57|       pointer|
|CONV3_NORM_57_empty_n          |   in|    1|     ap_fifo|   CONV3_NORM_57|       pointer|
|CONV3_NORM_57_read             |  out|    1|     ap_fifo|   CONV3_NORM_57|       pointer|
|CONV3_NORM_58_dout             |   in|   32|     ap_fifo|   CONV3_NORM_58|       pointer|
|CONV3_NORM_58_num_data_valid   |   in|    3|     ap_fifo|   CONV3_NORM_58|       pointer|
|CONV3_NORM_58_fifo_cap         |   in|    3|     ap_fifo|   CONV3_NORM_58|       pointer|
|CONV3_NORM_58_empty_n          |   in|    1|     ap_fifo|   CONV3_NORM_58|       pointer|
|CONV3_NORM_58_read             |  out|    1|     ap_fifo|   CONV3_NORM_58|       pointer|
|CONV3_NORM_59_dout             |   in|   32|     ap_fifo|   CONV3_NORM_59|       pointer|
|CONV3_NORM_59_num_data_valid   |   in|    3|     ap_fifo|   CONV3_NORM_59|       pointer|
|CONV3_NORM_59_fifo_cap         |   in|    3|     ap_fifo|   CONV3_NORM_59|       pointer|
|CONV3_NORM_59_empty_n          |   in|    1|     ap_fifo|   CONV3_NORM_59|       pointer|
|CONV3_NORM_59_read             |  out|    1|     ap_fifo|   CONV3_NORM_59|       pointer|
|CONV3_NORM_60_dout             |   in|   32|     ap_fifo|   CONV3_NORM_60|       pointer|
|CONV3_NORM_60_num_data_valid   |   in|    3|     ap_fifo|   CONV3_NORM_60|       pointer|
|CONV3_NORM_60_fifo_cap         |   in|    3|     ap_fifo|   CONV3_NORM_60|       pointer|
|CONV3_NORM_60_empty_n          |   in|    1|     ap_fifo|   CONV3_NORM_60|       pointer|
|CONV3_NORM_60_read             |  out|    1|     ap_fifo|   CONV3_NORM_60|       pointer|
|CONV3_NORM_61_dout             |   in|   32|     ap_fifo|   CONV3_NORM_61|       pointer|
|CONV3_NORM_61_num_data_valid   |   in|    3|     ap_fifo|   CONV3_NORM_61|       pointer|
|CONV3_NORM_61_fifo_cap         |   in|    3|     ap_fifo|   CONV3_NORM_61|       pointer|
|CONV3_NORM_61_empty_n          |   in|    1|     ap_fifo|   CONV3_NORM_61|       pointer|
|CONV3_NORM_61_read             |  out|    1|     ap_fifo|   CONV3_NORM_61|       pointer|
|CONV3_NORM_62_dout             |   in|   32|     ap_fifo|   CONV3_NORM_62|       pointer|
|CONV3_NORM_62_num_data_valid   |   in|    3|     ap_fifo|   CONV3_NORM_62|       pointer|
|CONV3_NORM_62_fifo_cap         |   in|    3|     ap_fifo|   CONV3_NORM_62|       pointer|
|CONV3_NORM_62_empty_n          |   in|    1|     ap_fifo|   CONV3_NORM_62|       pointer|
|CONV3_NORM_62_read             |  out|    1|     ap_fifo|   CONV3_NORM_62|       pointer|
|CONV3_NORM_63_dout             |   in|   32|     ap_fifo|   CONV3_NORM_63|       pointer|
|CONV3_NORM_63_num_data_valid   |   in|    3|     ap_fifo|   CONV3_NORM_63|       pointer|
|CONV3_NORM_63_fifo_cap         |   in|    3|     ap_fifo|   CONV3_NORM_63|       pointer|
|CONV3_NORM_63_empty_n          |   in|    1|     ap_fifo|   CONV3_NORM_63|       pointer|
|CONV3_NORM_63_read             |  out|    1|     ap_fifo|   CONV3_NORM_63|       pointer|
|CONV3_NORM_64_dout             |   in|   32|     ap_fifo|   CONV3_NORM_64|       pointer|
|CONV3_NORM_64_num_data_valid   |   in|    3|     ap_fifo|   CONV3_NORM_64|       pointer|
|CONV3_NORM_64_fifo_cap         |   in|    3|     ap_fifo|   CONV3_NORM_64|       pointer|
|CONV3_NORM_64_empty_n          |   in|    1|     ap_fifo|   CONV3_NORM_64|       pointer|
|CONV3_NORM_64_read             |  out|    1|     ap_fifo|   CONV3_NORM_64|       pointer|
|CONV3_NORM_65_dout             |   in|   32|     ap_fifo|   CONV3_NORM_65|       pointer|
|CONV3_NORM_65_num_data_valid   |   in|    3|     ap_fifo|   CONV3_NORM_65|       pointer|
|CONV3_NORM_65_fifo_cap         |   in|    3|     ap_fifo|   CONV3_NORM_65|       pointer|
|CONV3_NORM_65_empty_n          |   in|    1|     ap_fifo|   CONV3_NORM_65|       pointer|
|CONV3_NORM_65_read             |  out|    1|     ap_fifo|   CONV3_NORM_65|       pointer|
|CONV3_NORM_66_dout             |   in|   32|     ap_fifo|   CONV3_NORM_66|       pointer|
|CONV3_NORM_66_num_data_valid   |   in|    3|     ap_fifo|   CONV3_NORM_66|       pointer|
|CONV3_NORM_66_fifo_cap         |   in|    3|     ap_fifo|   CONV3_NORM_66|       pointer|
|CONV3_NORM_66_empty_n          |   in|    1|     ap_fifo|   CONV3_NORM_66|       pointer|
|CONV3_NORM_66_read             |  out|    1|     ap_fifo|   CONV3_NORM_66|       pointer|
|CONV3_NORM_67_dout             |   in|   32|     ap_fifo|   CONV3_NORM_67|       pointer|
|CONV3_NORM_67_num_data_valid   |   in|    3|     ap_fifo|   CONV3_NORM_67|       pointer|
|CONV3_NORM_67_fifo_cap         |   in|    3|     ap_fifo|   CONV3_NORM_67|       pointer|
|CONV3_NORM_67_empty_n          |   in|    1|     ap_fifo|   CONV3_NORM_67|       pointer|
|CONV3_NORM_67_read             |  out|    1|     ap_fifo|   CONV3_NORM_67|       pointer|
|CONV3_NORM_68_dout             |   in|   32|     ap_fifo|   CONV3_NORM_68|       pointer|
|CONV3_NORM_68_num_data_valid   |   in|    3|     ap_fifo|   CONV3_NORM_68|       pointer|
|CONV3_NORM_68_fifo_cap         |   in|    3|     ap_fifo|   CONV3_NORM_68|       pointer|
|CONV3_NORM_68_empty_n          |   in|    1|     ap_fifo|   CONV3_NORM_68|       pointer|
|CONV3_NORM_68_read             |  out|    1|     ap_fifo|   CONV3_NORM_68|       pointer|
|CONV3_NORM_69_dout             |   in|   32|     ap_fifo|   CONV3_NORM_69|       pointer|
|CONV3_NORM_69_num_data_valid   |   in|    3|     ap_fifo|   CONV3_NORM_69|       pointer|
|CONV3_NORM_69_fifo_cap         |   in|    3|     ap_fifo|   CONV3_NORM_69|       pointer|
|CONV3_NORM_69_empty_n          |   in|    1|     ap_fifo|   CONV3_NORM_69|       pointer|
|CONV3_NORM_69_read             |  out|    1|     ap_fifo|   CONV3_NORM_69|       pointer|
|CONV3_NORM_70_dout             |   in|   32|     ap_fifo|   CONV3_NORM_70|       pointer|
|CONV3_NORM_70_num_data_valid   |   in|    3|     ap_fifo|   CONV3_NORM_70|       pointer|
|CONV3_NORM_70_fifo_cap         |   in|    3|     ap_fifo|   CONV3_NORM_70|       pointer|
|CONV3_NORM_70_empty_n          |   in|    1|     ap_fifo|   CONV3_NORM_70|       pointer|
|CONV3_NORM_70_read             |  out|    1|     ap_fifo|   CONV3_NORM_70|       pointer|
|CONV3_NORM_71_dout             |   in|   32|     ap_fifo|   CONV3_NORM_71|       pointer|
|CONV3_NORM_71_num_data_valid   |   in|    3|     ap_fifo|   CONV3_NORM_71|       pointer|
|CONV3_NORM_71_fifo_cap         |   in|    3|     ap_fifo|   CONV3_NORM_71|       pointer|
|CONV3_NORM_71_empty_n          |   in|    1|     ap_fifo|   CONV3_NORM_71|       pointer|
|CONV3_NORM_71_read             |  out|    1|     ap_fifo|   CONV3_NORM_71|       pointer|
|CONV3_NORM_72_dout             |   in|   32|     ap_fifo|   CONV3_NORM_72|       pointer|
|CONV3_NORM_72_num_data_valid   |   in|    3|     ap_fifo|   CONV3_NORM_72|       pointer|
|CONV3_NORM_72_fifo_cap         |   in|    3|     ap_fifo|   CONV3_NORM_72|       pointer|
|CONV3_NORM_72_empty_n          |   in|    1|     ap_fifo|   CONV3_NORM_72|       pointer|
|CONV3_NORM_72_read             |  out|    1|     ap_fifo|   CONV3_NORM_72|       pointer|
|CONV3_NORM_73_dout             |   in|   32|     ap_fifo|   CONV3_NORM_73|       pointer|
|CONV3_NORM_73_num_data_valid   |   in|    3|     ap_fifo|   CONV3_NORM_73|       pointer|
|CONV3_NORM_73_fifo_cap         |   in|    3|     ap_fifo|   CONV3_NORM_73|       pointer|
|CONV3_NORM_73_empty_n          |   in|    1|     ap_fifo|   CONV3_NORM_73|       pointer|
|CONV3_NORM_73_read             |  out|    1|     ap_fifo|   CONV3_NORM_73|       pointer|
|CONV3_NORM_74_dout             |   in|   32|     ap_fifo|   CONV3_NORM_74|       pointer|
|CONV3_NORM_74_num_data_valid   |   in|    3|     ap_fifo|   CONV3_NORM_74|       pointer|
|CONV3_NORM_74_fifo_cap         |   in|    3|     ap_fifo|   CONV3_NORM_74|       pointer|
|CONV3_NORM_74_empty_n          |   in|    1|     ap_fifo|   CONV3_NORM_74|       pointer|
|CONV3_NORM_74_read             |  out|    1|     ap_fifo|   CONV3_NORM_74|       pointer|
|CONV3_NORM_75_dout             |   in|   32|     ap_fifo|   CONV3_NORM_75|       pointer|
|CONV3_NORM_75_num_data_valid   |   in|    3|     ap_fifo|   CONV3_NORM_75|       pointer|
|CONV3_NORM_75_fifo_cap         |   in|    3|     ap_fifo|   CONV3_NORM_75|       pointer|
|CONV3_NORM_75_empty_n          |   in|    1|     ap_fifo|   CONV3_NORM_75|       pointer|
|CONV3_NORM_75_read             |  out|    1|     ap_fifo|   CONV3_NORM_75|       pointer|
|CONV3_NORM_76_dout             |   in|   32|     ap_fifo|   CONV3_NORM_76|       pointer|
|CONV3_NORM_76_num_data_valid   |   in|    3|     ap_fifo|   CONV3_NORM_76|       pointer|
|CONV3_NORM_76_fifo_cap         |   in|    3|     ap_fifo|   CONV3_NORM_76|       pointer|
|CONV3_NORM_76_empty_n          |   in|    1|     ap_fifo|   CONV3_NORM_76|       pointer|
|CONV3_NORM_76_read             |  out|    1|     ap_fifo|   CONV3_NORM_76|       pointer|
|CONV3_NORM_77_dout             |   in|   32|     ap_fifo|   CONV3_NORM_77|       pointer|
|CONV3_NORM_77_num_data_valid   |   in|    3|     ap_fifo|   CONV3_NORM_77|       pointer|
|CONV3_NORM_77_fifo_cap         |   in|    3|     ap_fifo|   CONV3_NORM_77|       pointer|
|CONV3_NORM_77_empty_n          |   in|    1|     ap_fifo|   CONV3_NORM_77|       pointer|
|CONV3_NORM_77_read             |  out|    1|     ap_fifo|   CONV3_NORM_77|       pointer|
|CONV3_NORM_78_dout             |   in|   32|     ap_fifo|   CONV3_NORM_78|       pointer|
|CONV3_NORM_78_num_data_valid   |   in|    3|     ap_fifo|   CONV3_NORM_78|       pointer|
|CONV3_NORM_78_fifo_cap         |   in|    3|     ap_fifo|   CONV3_NORM_78|       pointer|
|CONV3_NORM_78_empty_n          |   in|    1|     ap_fifo|   CONV3_NORM_78|       pointer|
|CONV3_NORM_78_read             |  out|    1|     ap_fifo|   CONV3_NORM_78|       pointer|
|CONV3_NORM_79_dout             |   in|   32|     ap_fifo|   CONV3_NORM_79|       pointer|
|CONV3_NORM_79_num_data_valid   |   in|    3|     ap_fifo|   CONV3_NORM_79|       pointer|
|CONV3_NORM_79_fifo_cap         |   in|    3|     ap_fifo|   CONV3_NORM_79|       pointer|
|CONV3_NORM_79_empty_n          |   in|    1|     ap_fifo|   CONV3_NORM_79|       pointer|
|CONV3_NORM_79_read             |  out|    1|     ap_fifo|   CONV3_NORM_79|       pointer|
|CONV3_NORM_80_dout             |   in|   32|     ap_fifo|   CONV3_NORM_80|       pointer|
|CONV3_NORM_80_num_data_valid   |   in|    3|     ap_fifo|   CONV3_NORM_80|       pointer|
|CONV3_NORM_80_fifo_cap         |   in|    3|     ap_fifo|   CONV3_NORM_80|       pointer|
|CONV3_NORM_80_empty_n          |   in|    1|     ap_fifo|   CONV3_NORM_80|       pointer|
|CONV3_NORM_80_read             |  out|    1|     ap_fifo|   CONV3_NORM_80|       pointer|
|CONV3_NORM_81_dout             |   in|   32|     ap_fifo|   CONV3_NORM_81|       pointer|
|CONV3_NORM_81_num_data_valid   |   in|    3|     ap_fifo|   CONV3_NORM_81|       pointer|
|CONV3_NORM_81_fifo_cap         |   in|    3|     ap_fifo|   CONV3_NORM_81|       pointer|
|CONV3_NORM_81_empty_n          |   in|    1|     ap_fifo|   CONV3_NORM_81|       pointer|
|CONV3_NORM_81_read             |  out|    1|     ap_fifo|   CONV3_NORM_81|       pointer|
|CONV3_NORM_82_dout             |   in|   32|     ap_fifo|   CONV3_NORM_82|       pointer|
|CONV3_NORM_82_num_data_valid   |   in|    3|     ap_fifo|   CONV3_NORM_82|       pointer|
|CONV3_NORM_82_fifo_cap         |   in|    3|     ap_fifo|   CONV3_NORM_82|       pointer|
|CONV3_NORM_82_empty_n          |   in|    1|     ap_fifo|   CONV3_NORM_82|       pointer|
|CONV3_NORM_82_read             |  out|    1|     ap_fifo|   CONV3_NORM_82|       pointer|
|CONV3_NORM_83_dout             |   in|   32|     ap_fifo|   CONV3_NORM_83|       pointer|
|CONV3_NORM_83_num_data_valid   |   in|    3|     ap_fifo|   CONV3_NORM_83|       pointer|
|CONV3_NORM_83_fifo_cap         |   in|    3|     ap_fifo|   CONV3_NORM_83|       pointer|
|CONV3_NORM_83_empty_n          |   in|    1|     ap_fifo|   CONV3_NORM_83|       pointer|
|CONV3_NORM_83_read             |  out|    1|     ap_fifo|   CONV3_NORM_83|       pointer|
|CONV3_NORM_84_dout             |   in|   32|     ap_fifo|   CONV3_NORM_84|       pointer|
|CONV3_NORM_84_num_data_valid   |   in|    3|     ap_fifo|   CONV3_NORM_84|       pointer|
|CONV3_NORM_84_fifo_cap         |   in|    3|     ap_fifo|   CONV3_NORM_84|       pointer|
|CONV3_NORM_84_empty_n          |   in|    1|     ap_fifo|   CONV3_NORM_84|       pointer|
|CONV3_NORM_84_read             |  out|    1|     ap_fifo|   CONV3_NORM_84|       pointer|
|CONV3_NORM_85_dout             |   in|   32|     ap_fifo|   CONV3_NORM_85|       pointer|
|CONV3_NORM_85_num_data_valid   |   in|    3|     ap_fifo|   CONV3_NORM_85|       pointer|
|CONV3_NORM_85_fifo_cap         |   in|    3|     ap_fifo|   CONV3_NORM_85|       pointer|
|CONV3_NORM_85_empty_n          |   in|    1|     ap_fifo|   CONV3_NORM_85|       pointer|
|CONV3_NORM_85_read             |  out|    1|     ap_fifo|   CONV3_NORM_85|       pointer|
|CONV3_NORM_86_dout             |   in|   32|     ap_fifo|   CONV3_NORM_86|       pointer|
|CONV3_NORM_86_num_data_valid   |   in|    3|     ap_fifo|   CONV3_NORM_86|       pointer|
|CONV3_NORM_86_fifo_cap         |   in|    3|     ap_fifo|   CONV3_NORM_86|       pointer|
|CONV3_NORM_86_empty_n          |   in|    1|     ap_fifo|   CONV3_NORM_86|       pointer|
|CONV3_NORM_86_read             |  out|    1|     ap_fifo|   CONV3_NORM_86|       pointer|
|CONV3_NORM_87_dout             |   in|   32|     ap_fifo|   CONV3_NORM_87|       pointer|
|CONV3_NORM_87_num_data_valid   |   in|    3|     ap_fifo|   CONV3_NORM_87|       pointer|
|CONV3_NORM_87_fifo_cap         |   in|    3|     ap_fifo|   CONV3_NORM_87|       pointer|
|CONV3_NORM_87_empty_n          |   in|    1|     ap_fifo|   CONV3_NORM_87|       pointer|
|CONV3_NORM_87_read             |  out|    1|     ap_fifo|   CONV3_NORM_87|       pointer|
|CONV3_NORM_88_dout             |   in|   32|     ap_fifo|   CONV3_NORM_88|       pointer|
|CONV3_NORM_88_num_data_valid   |   in|    3|     ap_fifo|   CONV3_NORM_88|       pointer|
|CONV3_NORM_88_fifo_cap         |   in|    3|     ap_fifo|   CONV3_NORM_88|       pointer|
|CONV3_NORM_88_empty_n          |   in|    1|     ap_fifo|   CONV3_NORM_88|       pointer|
|CONV3_NORM_88_read             |  out|    1|     ap_fifo|   CONV3_NORM_88|       pointer|
|CONV3_NORM_89_dout             |   in|   32|     ap_fifo|   CONV3_NORM_89|       pointer|
|CONV3_NORM_89_num_data_valid   |   in|    3|     ap_fifo|   CONV3_NORM_89|       pointer|
|CONV3_NORM_89_fifo_cap         |   in|    3|     ap_fifo|   CONV3_NORM_89|       pointer|
|CONV3_NORM_89_empty_n          |   in|    1|     ap_fifo|   CONV3_NORM_89|       pointer|
|CONV3_NORM_89_read             |  out|    1|     ap_fifo|   CONV3_NORM_89|       pointer|
|CONV3_NORM_90_dout             |   in|   32|     ap_fifo|   CONV3_NORM_90|       pointer|
|CONV3_NORM_90_num_data_valid   |   in|    3|     ap_fifo|   CONV3_NORM_90|       pointer|
|CONV3_NORM_90_fifo_cap         |   in|    3|     ap_fifo|   CONV3_NORM_90|       pointer|
|CONV3_NORM_90_empty_n          |   in|    1|     ap_fifo|   CONV3_NORM_90|       pointer|
|CONV3_NORM_90_read             |  out|    1|     ap_fifo|   CONV3_NORM_90|       pointer|
|CONV3_NORM_91_dout             |   in|   32|     ap_fifo|   CONV3_NORM_91|       pointer|
|CONV3_NORM_91_num_data_valid   |   in|    3|     ap_fifo|   CONV3_NORM_91|       pointer|
|CONV3_NORM_91_fifo_cap         |   in|    3|     ap_fifo|   CONV3_NORM_91|       pointer|
|CONV3_NORM_91_empty_n          |   in|    1|     ap_fifo|   CONV3_NORM_91|       pointer|
|CONV3_NORM_91_read             |  out|    1|     ap_fifo|   CONV3_NORM_91|       pointer|
|CONV3_NORM_92_dout             |   in|   32|     ap_fifo|   CONV3_NORM_92|       pointer|
|CONV3_NORM_92_num_data_valid   |   in|    3|     ap_fifo|   CONV3_NORM_92|       pointer|
|CONV3_NORM_92_fifo_cap         |   in|    3|     ap_fifo|   CONV3_NORM_92|       pointer|
|CONV3_NORM_92_empty_n          |   in|    1|     ap_fifo|   CONV3_NORM_92|       pointer|
|CONV3_NORM_92_read             |  out|    1|     ap_fifo|   CONV3_NORM_92|       pointer|
|CONV3_NORM_93_dout             |   in|   32|     ap_fifo|   CONV3_NORM_93|       pointer|
|CONV3_NORM_93_num_data_valid   |   in|    3|     ap_fifo|   CONV3_NORM_93|       pointer|
|CONV3_NORM_93_fifo_cap         |   in|    3|     ap_fifo|   CONV3_NORM_93|       pointer|
|CONV3_NORM_93_empty_n          |   in|    1|     ap_fifo|   CONV3_NORM_93|       pointer|
|CONV3_NORM_93_read             |  out|    1|     ap_fifo|   CONV3_NORM_93|       pointer|
|CONV3_NORM_94_dout             |   in|   32|     ap_fifo|   CONV3_NORM_94|       pointer|
|CONV3_NORM_94_num_data_valid   |   in|    3|     ap_fifo|   CONV3_NORM_94|       pointer|
|CONV3_NORM_94_fifo_cap         |   in|    3|     ap_fifo|   CONV3_NORM_94|       pointer|
|CONV3_NORM_94_empty_n          |   in|    1|     ap_fifo|   CONV3_NORM_94|       pointer|
|CONV3_NORM_94_read             |  out|    1|     ap_fifo|   CONV3_NORM_94|       pointer|
|CONV3_NORM_95_dout             |   in|   32|     ap_fifo|   CONV3_NORM_95|       pointer|
|CONV3_NORM_95_num_data_valid   |   in|    3|     ap_fifo|   CONV3_NORM_95|       pointer|
|CONV3_NORM_95_fifo_cap         |   in|    3|     ap_fifo|   CONV3_NORM_95|       pointer|
|CONV3_NORM_95_empty_n          |   in|    1|     ap_fifo|   CONV3_NORM_95|       pointer|
|CONV3_NORM_95_read             |  out|    1|     ap_fifo|   CONV3_NORM_95|       pointer|
|CONV3_NORM_96_dout             |   in|   32|     ap_fifo|   CONV3_NORM_96|       pointer|
|CONV3_NORM_96_num_data_valid   |   in|    3|     ap_fifo|   CONV3_NORM_96|       pointer|
|CONV3_NORM_96_fifo_cap         |   in|    3|     ap_fifo|   CONV3_NORM_96|       pointer|
|CONV3_NORM_96_empty_n          |   in|    1|     ap_fifo|   CONV3_NORM_96|       pointer|
|CONV3_NORM_96_read             |  out|    1|     ap_fifo|   CONV3_NORM_96|       pointer|
|CONV3_NORM_97_dout             |   in|   32|     ap_fifo|   CONV3_NORM_97|       pointer|
|CONV3_NORM_97_num_data_valid   |   in|    3|     ap_fifo|   CONV3_NORM_97|       pointer|
|CONV3_NORM_97_fifo_cap         |   in|    3|     ap_fifo|   CONV3_NORM_97|       pointer|
|CONV3_NORM_97_empty_n          |   in|    1|     ap_fifo|   CONV3_NORM_97|       pointer|
|CONV3_NORM_97_read             |  out|    1|     ap_fifo|   CONV3_NORM_97|       pointer|
|CONV3_NORM_98_dout             |   in|   32|     ap_fifo|   CONV3_NORM_98|       pointer|
|CONV3_NORM_98_num_data_valid   |   in|    3|     ap_fifo|   CONV3_NORM_98|       pointer|
|CONV3_NORM_98_fifo_cap         |   in|    3|     ap_fifo|   CONV3_NORM_98|       pointer|
|CONV3_NORM_98_empty_n          |   in|    1|     ap_fifo|   CONV3_NORM_98|       pointer|
|CONV3_NORM_98_read             |  out|    1|     ap_fifo|   CONV3_NORM_98|       pointer|
|CONV3_NORM_99_dout             |   in|   32|     ap_fifo|   CONV3_NORM_99|       pointer|
|CONV3_NORM_99_num_data_valid   |   in|    3|     ap_fifo|   CONV3_NORM_99|       pointer|
|CONV3_NORM_99_fifo_cap         |   in|    3|     ap_fifo|   CONV3_NORM_99|       pointer|
|CONV3_NORM_99_empty_n          |   in|    1|     ap_fifo|   CONV3_NORM_99|       pointer|
|CONV3_NORM_99_read             |  out|    1|     ap_fifo|   CONV3_NORM_99|       pointer|
|CONV3_NORM_100_dout            |   in|   32|     ap_fifo|  CONV3_NORM_100|       pointer|
|CONV3_NORM_100_num_data_valid  |   in|    3|     ap_fifo|  CONV3_NORM_100|       pointer|
|CONV3_NORM_100_fifo_cap        |   in|    3|     ap_fifo|  CONV3_NORM_100|       pointer|
|CONV3_NORM_100_empty_n         |   in|    1|     ap_fifo|  CONV3_NORM_100|       pointer|
|CONV3_NORM_100_read            |  out|    1|     ap_fifo|  CONV3_NORM_100|       pointer|
|CONV3_NORM_101_dout            |   in|   32|     ap_fifo|  CONV3_NORM_101|       pointer|
|CONV3_NORM_101_num_data_valid  |   in|    3|     ap_fifo|  CONV3_NORM_101|       pointer|
|CONV3_NORM_101_fifo_cap        |   in|    3|     ap_fifo|  CONV3_NORM_101|       pointer|
|CONV3_NORM_101_empty_n         |   in|    1|     ap_fifo|  CONV3_NORM_101|       pointer|
|CONV3_NORM_101_read            |  out|    1|     ap_fifo|  CONV3_NORM_101|       pointer|
|CONV3_NORM_102_dout            |   in|   32|     ap_fifo|  CONV3_NORM_102|       pointer|
|CONV3_NORM_102_num_data_valid  |   in|    3|     ap_fifo|  CONV3_NORM_102|       pointer|
|CONV3_NORM_102_fifo_cap        |   in|    3|     ap_fifo|  CONV3_NORM_102|       pointer|
|CONV3_NORM_102_empty_n         |   in|    1|     ap_fifo|  CONV3_NORM_102|       pointer|
|CONV3_NORM_102_read            |  out|    1|     ap_fifo|  CONV3_NORM_102|       pointer|
|CONV3_NORM_103_dout            |   in|   32|     ap_fifo|  CONV3_NORM_103|       pointer|
|CONV3_NORM_103_num_data_valid  |   in|    3|     ap_fifo|  CONV3_NORM_103|       pointer|
|CONV3_NORM_103_fifo_cap        |   in|    3|     ap_fifo|  CONV3_NORM_103|       pointer|
|CONV3_NORM_103_empty_n         |   in|    1|     ap_fifo|  CONV3_NORM_103|       pointer|
|CONV3_NORM_103_read            |  out|    1|     ap_fifo|  CONV3_NORM_103|       pointer|
|CONV3_NORM_104_dout            |   in|   32|     ap_fifo|  CONV3_NORM_104|       pointer|
|CONV3_NORM_104_num_data_valid  |   in|    3|     ap_fifo|  CONV3_NORM_104|       pointer|
|CONV3_NORM_104_fifo_cap        |   in|    3|     ap_fifo|  CONV3_NORM_104|       pointer|
|CONV3_NORM_104_empty_n         |   in|    1|     ap_fifo|  CONV3_NORM_104|       pointer|
|CONV3_NORM_104_read            |  out|    1|     ap_fifo|  CONV3_NORM_104|       pointer|
|CONV3_NORM_105_dout            |   in|   32|     ap_fifo|  CONV3_NORM_105|       pointer|
|CONV3_NORM_105_num_data_valid  |   in|    3|     ap_fifo|  CONV3_NORM_105|       pointer|
|CONV3_NORM_105_fifo_cap        |   in|    3|     ap_fifo|  CONV3_NORM_105|       pointer|
|CONV3_NORM_105_empty_n         |   in|    1|     ap_fifo|  CONV3_NORM_105|       pointer|
|CONV3_NORM_105_read            |  out|    1|     ap_fifo|  CONV3_NORM_105|       pointer|
|CONV3_NORM_106_dout            |   in|   32|     ap_fifo|  CONV3_NORM_106|       pointer|
|CONV3_NORM_106_num_data_valid  |   in|    3|     ap_fifo|  CONV3_NORM_106|       pointer|
|CONV3_NORM_106_fifo_cap        |   in|    3|     ap_fifo|  CONV3_NORM_106|       pointer|
|CONV3_NORM_106_empty_n         |   in|    1|     ap_fifo|  CONV3_NORM_106|       pointer|
|CONV3_NORM_106_read            |  out|    1|     ap_fifo|  CONV3_NORM_106|       pointer|
|CONV3_NORM_107_dout            |   in|   32|     ap_fifo|  CONV3_NORM_107|       pointer|
|CONV3_NORM_107_num_data_valid  |   in|    3|     ap_fifo|  CONV3_NORM_107|       pointer|
|CONV3_NORM_107_fifo_cap        |   in|    3|     ap_fifo|  CONV3_NORM_107|       pointer|
|CONV3_NORM_107_empty_n         |   in|    1|     ap_fifo|  CONV3_NORM_107|       pointer|
|CONV3_NORM_107_read            |  out|    1|     ap_fifo|  CONV3_NORM_107|       pointer|
|CONV3_NORM_108_dout            |   in|   32|     ap_fifo|  CONV3_NORM_108|       pointer|
|CONV3_NORM_108_num_data_valid  |   in|    3|     ap_fifo|  CONV3_NORM_108|       pointer|
|CONV3_NORM_108_fifo_cap        |   in|    3|     ap_fifo|  CONV3_NORM_108|       pointer|
|CONV3_NORM_108_empty_n         |   in|    1|     ap_fifo|  CONV3_NORM_108|       pointer|
|CONV3_NORM_108_read            |  out|    1|     ap_fifo|  CONV3_NORM_108|       pointer|
|CONV3_NORM_109_dout            |   in|   32|     ap_fifo|  CONV3_NORM_109|       pointer|
|CONV3_NORM_109_num_data_valid  |   in|    3|     ap_fifo|  CONV3_NORM_109|       pointer|
|CONV3_NORM_109_fifo_cap        |   in|    3|     ap_fifo|  CONV3_NORM_109|       pointer|
|CONV3_NORM_109_empty_n         |   in|    1|     ap_fifo|  CONV3_NORM_109|       pointer|
|CONV3_NORM_109_read            |  out|    1|     ap_fifo|  CONV3_NORM_109|       pointer|
|CONV3_NORM_110_dout            |   in|   32|     ap_fifo|  CONV3_NORM_110|       pointer|
|CONV3_NORM_110_num_data_valid  |   in|    3|     ap_fifo|  CONV3_NORM_110|       pointer|
|CONV3_NORM_110_fifo_cap        |   in|    3|     ap_fifo|  CONV3_NORM_110|       pointer|
|CONV3_NORM_110_empty_n         |   in|    1|     ap_fifo|  CONV3_NORM_110|       pointer|
|CONV3_NORM_110_read            |  out|    1|     ap_fifo|  CONV3_NORM_110|       pointer|
|CONV3_NORM_111_dout            |   in|   32|     ap_fifo|  CONV3_NORM_111|       pointer|
|CONV3_NORM_111_num_data_valid  |   in|    3|     ap_fifo|  CONV3_NORM_111|       pointer|
|CONV3_NORM_111_fifo_cap        |   in|    3|     ap_fifo|  CONV3_NORM_111|       pointer|
|CONV3_NORM_111_empty_n         |   in|    1|     ap_fifo|  CONV3_NORM_111|       pointer|
|CONV3_NORM_111_read            |  out|    1|     ap_fifo|  CONV3_NORM_111|       pointer|
|CONV3_NORM_112_dout            |   in|   32|     ap_fifo|  CONV3_NORM_112|       pointer|
|CONV3_NORM_112_num_data_valid  |   in|    3|     ap_fifo|  CONV3_NORM_112|       pointer|
|CONV3_NORM_112_fifo_cap        |   in|    3|     ap_fifo|  CONV3_NORM_112|       pointer|
|CONV3_NORM_112_empty_n         |   in|    1|     ap_fifo|  CONV3_NORM_112|       pointer|
|CONV3_NORM_112_read            |  out|    1|     ap_fifo|  CONV3_NORM_112|       pointer|
|CONV3_NORM_113_dout            |   in|   32|     ap_fifo|  CONV3_NORM_113|       pointer|
|CONV3_NORM_113_num_data_valid  |   in|    3|     ap_fifo|  CONV3_NORM_113|       pointer|
|CONV3_NORM_113_fifo_cap        |   in|    3|     ap_fifo|  CONV3_NORM_113|       pointer|
|CONV3_NORM_113_empty_n         |   in|    1|     ap_fifo|  CONV3_NORM_113|       pointer|
|CONV3_NORM_113_read            |  out|    1|     ap_fifo|  CONV3_NORM_113|       pointer|
|CONV3_NORM_114_dout            |   in|   32|     ap_fifo|  CONV3_NORM_114|       pointer|
|CONV3_NORM_114_num_data_valid  |   in|    3|     ap_fifo|  CONV3_NORM_114|       pointer|
|CONV3_NORM_114_fifo_cap        |   in|    3|     ap_fifo|  CONV3_NORM_114|       pointer|
|CONV3_NORM_114_empty_n         |   in|    1|     ap_fifo|  CONV3_NORM_114|       pointer|
|CONV3_NORM_114_read            |  out|    1|     ap_fifo|  CONV3_NORM_114|       pointer|
|CONV3_NORM_115_dout            |   in|   32|     ap_fifo|  CONV3_NORM_115|       pointer|
|CONV3_NORM_115_num_data_valid  |   in|    3|     ap_fifo|  CONV3_NORM_115|       pointer|
|CONV3_NORM_115_fifo_cap        |   in|    3|     ap_fifo|  CONV3_NORM_115|       pointer|
|CONV3_NORM_115_empty_n         |   in|    1|     ap_fifo|  CONV3_NORM_115|       pointer|
|CONV3_NORM_115_read            |  out|    1|     ap_fifo|  CONV3_NORM_115|       pointer|
|CONV3_NORM_116_dout            |   in|   32|     ap_fifo|  CONV3_NORM_116|       pointer|
|CONV3_NORM_116_num_data_valid  |   in|    3|     ap_fifo|  CONV3_NORM_116|       pointer|
|CONV3_NORM_116_fifo_cap        |   in|    3|     ap_fifo|  CONV3_NORM_116|       pointer|
|CONV3_NORM_116_empty_n         |   in|    1|     ap_fifo|  CONV3_NORM_116|       pointer|
|CONV3_NORM_116_read            |  out|    1|     ap_fifo|  CONV3_NORM_116|       pointer|
|CONV3_NORM_117_dout            |   in|   32|     ap_fifo|  CONV3_NORM_117|       pointer|
|CONV3_NORM_117_num_data_valid  |   in|    3|     ap_fifo|  CONV3_NORM_117|       pointer|
|CONV3_NORM_117_fifo_cap        |   in|    3|     ap_fifo|  CONV3_NORM_117|       pointer|
|CONV3_NORM_117_empty_n         |   in|    1|     ap_fifo|  CONV3_NORM_117|       pointer|
|CONV3_NORM_117_read            |  out|    1|     ap_fifo|  CONV3_NORM_117|       pointer|
|CONV3_NORM_118_dout            |   in|   32|     ap_fifo|  CONV3_NORM_118|       pointer|
|CONV3_NORM_118_num_data_valid  |   in|    3|     ap_fifo|  CONV3_NORM_118|       pointer|
|CONV3_NORM_118_fifo_cap        |   in|    3|     ap_fifo|  CONV3_NORM_118|       pointer|
|CONV3_NORM_118_empty_n         |   in|    1|     ap_fifo|  CONV3_NORM_118|       pointer|
|CONV3_NORM_118_read            |  out|    1|     ap_fifo|  CONV3_NORM_118|       pointer|
|CONV3_NORM_119_dout            |   in|   32|     ap_fifo|  CONV3_NORM_119|       pointer|
|CONV3_NORM_119_num_data_valid  |   in|    3|     ap_fifo|  CONV3_NORM_119|       pointer|
|CONV3_NORM_119_fifo_cap        |   in|    3|     ap_fifo|  CONV3_NORM_119|       pointer|
|CONV3_NORM_119_empty_n         |   in|    1|     ap_fifo|  CONV3_NORM_119|       pointer|
|CONV3_NORM_119_read            |  out|    1|     ap_fifo|  CONV3_NORM_119|       pointer|
|CONV3_NORM_120_dout            |   in|   32|     ap_fifo|  CONV3_NORM_120|       pointer|
|CONV3_NORM_120_num_data_valid  |   in|    3|     ap_fifo|  CONV3_NORM_120|       pointer|
|CONV3_NORM_120_fifo_cap        |   in|    3|     ap_fifo|  CONV3_NORM_120|       pointer|
|CONV3_NORM_120_empty_n         |   in|    1|     ap_fifo|  CONV3_NORM_120|       pointer|
|CONV3_NORM_120_read            |  out|    1|     ap_fifo|  CONV3_NORM_120|       pointer|
|CONV3_NORM_121_dout            |   in|   32|     ap_fifo|  CONV3_NORM_121|       pointer|
|CONV3_NORM_121_num_data_valid  |   in|    3|     ap_fifo|  CONV3_NORM_121|       pointer|
|CONV3_NORM_121_fifo_cap        |   in|    3|     ap_fifo|  CONV3_NORM_121|       pointer|
|CONV3_NORM_121_empty_n         |   in|    1|     ap_fifo|  CONV3_NORM_121|       pointer|
|CONV3_NORM_121_read            |  out|    1|     ap_fifo|  CONV3_NORM_121|       pointer|
|CONV3_NORM_122_dout            |   in|   32|     ap_fifo|  CONV3_NORM_122|       pointer|
|CONV3_NORM_122_num_data_valid  |   in|    3|     ap_fifo|  CONV3_NORM_122|       pointer|
|CONV3_NORM_122_fifo_cap        |   in|    3|     ap_fifo|  CONV3_NORM_122|       pointer|
|CONV3_NORM_122_empty_n         |   in|    1|     ap_fifo|  CONV3_NORM_122|       pointer|
|CONV3_NORM_122_read            |  out|    1|     ap_fifo|  CONV3_NORM_122|       pointer|
|CONV3_NORM_123_dout            |   in|   32|     ap_fifo|  CONV3_NORM_123|       pointer|
|CONV3_NORM_123_num_data_valid  |   in|    3|     ap_fifo|  CONV3_NORM_123|       pointer|
|CONV3_NORM_123_fifo_cap        |   in|    3|     ap_fifo|  CONV3_NORM_123|       pointer|
|CONV3_NORM_123_empty_n         |   in|    1|     ap_fifo|  CONV3_NORM_123|       pointer|
|CONV3_NORM_123_read            |  out|    1|     ap_fifo|  CONV3_NORM_123|       pointer|
|CONV3_NORM_124_dout            |   in|   32|     ap_fifo|  CONV3_NORM_124|       pointer|
|CONV3_NORM_124_num_data_valid  |   in|    3|     ap_fifo|  CONV3_NORM_124|       pointer|
|CONV3_NORM_124_fifo_cap        |   in|    3|     ap_fifo|  CONV3_NORM_124|       pointer|
|CONV3_NORM_124_empty_n         |   in|    1|     ap_fifo|  CONV3_NORM_124|       pointer|
|CONV3_NORM_124_read            |  out|    1|     ap_fifo|  CONV3_NORM_124|       pointer|
|CONV3_NORM_125_dout            |   in|   32|     ap_fifo|  CONV3_NORM_125|       pointer|
|CONV3_NORM_125_num_data_valid  |   in|    3|     ap_fifo|  CONV3_NORM_125|       pointer|
|CONV3_NORM_125_fifo_cap        |   in|    3|     ap_fifo|  CONV3_NORM_125|       pointer|
|CONV3_NORM_125_empty_n         |   in|    1|     ap_fifo|  CONV3_NORM_125|       pointer|
|CONV3_NORM_125_read            |  out|    1|     ap_fifo|  CONV3_NORM_125|       pointer|
|CONV3_NORM_126_dout            |   in|   32|     ap_fifo|  CONV3_NORM_126|       pointer|
|CONV3_NORM_126_num_data_valid  |   in|    3|     ap_fifo|  CONV3_NORM_126|       pointer|
|CONV3_NORM_126_fifo_cap        |   in|    3|     ap_fifo|  CONV3_NORM_126|       pointer|
|CONV3_NORM_126_empty_n         |   in|    1|     ap_fifo|  CONV3_NORM_126|       pointer|
|CONV3_NORM_126_read            |  out|    1|     ap_fifo|  CONV3_NORM_126|       pointer|
|CONV3_NORM_127_dout            |   in|   32|     ap_fifo|  CONV3_NORM_127|       pointer|
|CONV3_NORM_127_num_data_valid  |   in|    3|     ap_fifo|  CONV3_NORM_127|       pointer|
|CONV3_NORM_127_fifo_cap        |   in|    3|     ap_fifo|  CONV3_NORM_127|       pointer|
|CONV3_NORM_127_empty_n         |   in|    1|     ap_fifo|  CONV3_NORM_127|       pointer|
|CONV3_NORM_127_read            |  out|    1|     ap_fifo|  CONV3_NORM_127|       pointer|
|MM_OUT_0_dout                  |   in|   32|     ap_fifo|        MM_OUT_0|       pointer|
|MM_OUT_0_num_data_valid        |   in|    3|     ap_fifo|        MM_OUT_0|       pointer|
|MM_OUT_0_fifo_cap              |   in|    3|     ap_fifo|        MM_OUT_0|       pointer|
|MM_OUT_0_empty_n               |   in|    1|     ap_fifo|        MM_OUT_0|       pointer|
|MM_OUT_0_read                  |  out|    1|     ap_fifo|        MM_OUT_0|       pointer|
|MM_OUT_1_dout                  |   in|   32|     ap_fifo|        MM_OUT_1|       pointer|
|MM_OUT_1_num_data_valid        |   in|    3|     ap_fifo|        MM_OUT_1|       pointer|
|MM_OUT_1_fifo_cap              |   in|    3|     ap_fifo|        MM_OUT_1|       pointer|
|MM_OUT_1_empty_n               |   in|    1|     ap_fifo|        MM_OUT_1|       pointer|
|MM_OUT_1_read                  |  out|    1|     ap_fifo|        MM_OUT_1|       pointer|
|MM_OUT_2_dout                  |   in|   32|     ap_fifo|        MM_OUT_2|       pointer|
|MM_OUT_2_num_data_valid        |   in|    3|     ap_fifo|        MM_OUT_2|       pointer|
|MM_OUT_2_fifo_cap              |   in|    3|     ap_fifo|        MM_OUT_2|       pointer|
|MM_OUT_2_empty_n               |   in|    1|     ap_fifo|        MM_OUT_2|       pointer|
|MM_OUT_2_read                  |  out|    1|     ap_fifo|        MM_OUT_2|       pointer|
|MM_OUT_3_dout                  |   in|   32|     ap_fifo|        MM_OUT_3|       pointer|
|MM_OUT_3_num_data_valid        |   in|    3|     ap_fifo|        MM_OUT_3|       pointer|
|MM_OUT_3_fifo_cap              |   in|    3|     ap_fifo|        MM_OUT_3|       pointer|
|MM_OUT_3_empty_n               |   in|    1|     ap_fifo|        MM_OUT_3|       pointer|
|MM_OUT_3_read                  |  out|    1|     ap_fifo|        MM_OUT_3|       pointer|
|MM_OUT_4_dout                  |   in|   32|     ap_fifo|        MM_OUT_4|       pointer|
|MM_OUT_4_num_data_valid        |   in|    3|     ap_fifo|        MM_OUT_4|       pointer|
|MM_OUT_4_fifo_cap              |   in|    3|     ap_fifo|        MM_OUT_4|       pointer|
|MM_OUT_4_empty_n               |   in|    1|     ap_fifo|        MM_OUT_4|       pointer|
|MM_OUT_4_read                  |  out|    1|     ap_fifo|        MM_OUT_4|       pointer|
|MM_OUT_5_dout                  |   in|   32|     ap_fifo|        MM_OUT_5|       pointer|
|MM_OUT_5_num_data_valid        |   in|    3|     ap_fifo|        MM_OUT_5|       pointer|
|MM_OUT_5_fifo_cap              |   in|    3|     ap_fifo|        MM_OUT_5|       pointer|
|MM_OUT_5_empty_n               |   in|    1|     ap_fifo|        MM_OUT_5|       pointer|
|MM_OUT_5_read                  |  out|    1|     ap_fifo|        MM_OUT_5|       pointer|
|MM_OUT_6_dout                  |   in|   32|     ap_fifo|        MM_OUT_6|       pointer|
|MM_OUT_6_num_data_valid        |   in|    3|     ap_fifo|        MM_OUT_6|       pointer|
|MM_OUT_6_fifo_cap              |   in|    3|     ap_fifo|        MM_OUT_6|       pointer|
|MM_OUT_6_empty_n               |   in|    1|     ap_fifo|        MM_OUT_6|       pointer|
|MM_OUT_6_read                  |  out|    1|     ap_fifo|        MM_OUT_6|       pointer|
|MM_OUT_7_dout                  |   in|   32|     ap_fifo|        MM_OUT_7|       pointer|
|MM_OUT_7_num_data_valid        |   in|    3|     ap_fifo|        MM_OUT_7|       pointer|
|MM_OUT_7_fifo_cap              |   in|    3|     ap_fifo|        MM_OUT_7|       pointer|
|MM_OUT_7_empty_n               |   in|    1|     ap_fifo|        MM_OUT_7|       pointer|
|MM_OUT_7_read                  |  out|    1|     ap_fifo|        MM_OUT_7|       pointer|
|MM_OUT_8_dout                  |   in|   32|     ap_fifo|        MM_OUT_8|       pointer|
|MM_OUT_8_num_data_valid        |   in|    3|     ap_fifo|        MM_OUT_8|       pointer|
|MM_OUT_8_fifo_cap              |   in|    3|     ap_fifo|        MM_OUT_8|       pointer|
|MM_OUT_8_empty_n               |   in|    1|     ap_fifo|        MM_OUT_8|       pointer|
|MM_OUT_8_read                  |  out|    1|     ap_fifo|        MM_OUT_8|       pointer|
|MM_OUT_9_dout                  |   in|   32|     ap_fifo|        MM_OUT_9|       pointer|
|MM_OUT_9_num_data_valid        |   in|    3|     ap_fifo|        MM_OUT_9|       pointer|
|MM_OUT_9_fifo_cap              |   in|    3|     ap_fifo|        MM_OUT_9|       pointer|
|MM_OUT_9_empty_n               |   in|    1|     ap_fifo|        MM_OUT_9|       pointer|
|MM_OUT_9_read                  |  out|    1|     ap_fifo|        MM_OUT_9|       pointer|
|MM_OUT_10_dout                 |   in|   32|     ap_fifo|       MM_OUT_10|       pointer|
|MM_OUT_10_num_data_valid       |   in|    3|     ap_fifo|       MM_OUT_10|       pointer|
|MM_OUT_10_fifo_cap             |   in|    3|     ap_fifo|       MM_OUT_10|       pointer|
|MM_OUT_10_empty_n              |   in|    1|     ap_fifo|       MM_OUT_10|       pointer|
|MM_OUT_10_read                 |  out|    1|     ap_fifo|       MM_OUT_10|       pointer|
|MM_OUT_11_dout                 |   in|   32|     ap_fifo|       MM_OUT_11|       pointer|
|MM_OUT_11_num_data_valid       |   in|    3|     ap_fifo|       MM_OUT_11|       pointer|
|MM_OUT_11_fifo_cap             |   in|    3|     ap_fifo|       MM_OUT_11|       pointer|
|MM_OUT_11_empty_n              |   in|    1|     ap_fifo|       MM_OUT_11|       pointer|
|MM_OUT_11_read                 |  out|    1|     ap_fifo|       MM_OUT_11|       pointer|
|MM_OUT_12_dout                 |   in|   32|     ap_fifo|       MM_OUT_12|       pointer|
|MM_OUT_12_num_data_valid       |   in|    3|     ap_fifo|       MM_OUT_12|       pointer|
|MM_OUT_12_fifo_cap             |   in|    3|     ap_fifo|       MM_OUT_12|       pointer|
|MM_OUT_12_empty_n              |   in|    1|     ap_fifo|       MM_OUT_12|       pointer|
|MM_OUT_12_read                 |  out|    1|     ap_fifo|       MM_OUT_12|       pointer|
|MM_OUT_13_dout                 |   in|   32|     ap_fifo|       MM_OUT_13|       pointer|
|MM_OUT_13_num_data_valid       |   in|    3|     ap_fifo|       MM_OUT_13|       pointer|
|MM_OUT_13_fifo_cap             |   in|    3|     ap_fifo|       MM_OUT_13|       pointer|
|MM_OUT_13_empty_n              |   in|    1|     ap_fifo|       MM_OUT_13|       pointer|
|MM_OUT_13_read                 |  out|    1|     ap_fifo|       MM_OUT_13|       pointer|
|MM_OUT_14_dout                 |   in|   32|     ap_fifo|       MM_OUT_14|       pointer|
|MM_OUT_14_num_data_valid       |   in|    3|     ap_fifo|       MM_OUT_14|       pointer|
|MM_OUT_14_fifo_cap             |   in|    3|     ap_fifo|       MM_OUT_14|       pointer|
|MM_OUT_14_empty_n              |   in|    1|     ap_fifo|       MM_OUT_14|       pointer|
|MM_OUT_14_read                 |  out|    1|     ap_fifo|       MM_OUT_14|       pointer|
|MM_OUT_15_dout                 |   in|   32|     ap_fifo|       MM_OUT_15|       pointer|
|MM_OUT_15_num_data_valid       |   in|    3|     ap_fifo|       MM_OUT_15|       pointer|
|MM_OUT_15_fifo_cap             |   in|    3|     ap_fifo|       MM_OUT_15|       pointer|
|MM_OUT_15_empty_n              |   in|    1|     ap_fifo|       MM_OUT_15|       pointer|
|MM_OUT_15_read                 |  out|    1|     ap_fifo|       MM_OUT_15|       pointer|
|m_axi_OUTPUT_BUS_AWVALID       |  out|    1|       m_axi|      OUTPUT_BUS|       pointer|
|m_axi_OUTPUT_BUS_AWREADY       |   in|    1|       m_axi|      OUTPUT_BUS|       pointer|
|m_axi_OUTPUT_BUS_AWADDR        |  out|   64|       m_axi|      OUTPUT_BUS|       pointer|
|m_axi_OUTPUT_BUS_AWID          |  out|    1|       m_axi|      OUTPUT_BUS|       pointer|
|m_axi_OUTPUT_BUS_AWLEN         |  out|   32|       m_axi|      OUTPUT_BUS|       pointer|
|m_axi_OUTPUT_BUS_AWSIZE        |  out|    3|       m_axi|      OUTPUT_BUS|       pointer|
|m_axi_OUTPUT_BUS_AWBURST       |  out|    2|       m_axi|      OUTPUT_BUS|       pointer|
|m_axi_OUTPUT_BUS_AWLOCK        |  out|    2|       m_axi|      OUTPUT_BUS|       pointer|
|m_axi_OUTPUT_BUS_AWCACHE       |  out|    4|       m_axi|      OUTPUT_BUS|       pointer|
|m_axi_OUTPUT_BUS_AWPROT        |  out|    3|       m_axi|      OUTPUT_BUS|       pointer|
|m_axi_OUTPUT_BUS_AWQOS         |  out|    4|       m_axi|      OUTPUT_BUS|       pointer|
|m_axi_OUTPUT_BUS_AWREGION      |  out|    4|       m_axi|      OUTPUT_BUS|       pointer|
|m_axi_OUTPUT_BUS_AWUSER        |  out|    1|       m_axi|      OUTPUT_BUS|       pointer|
|m_axi_OUTPUT_BUS_WVALID        |  out|    1|       m_axi|      OUTPUT_BUS|       pointer|
|m_axi_OUTPUT_BUS_WREADY        |   in|    1|       m_axi|      OUTPUT_BUS|       pointer|
|m_axi_OUTPUT_BUS_WDATA         |  out|   32|       m_axi|      OUTPUT_BUS|       pointer|
|m_axi_OUTPUT_BUS_WSTRB         |  out|    4|       m_axi|      OUTPUT_BUS|       pointer|
|m_axi_OUTPUT_BUS_WLAST         |  out|    1|       m_axi|      OUTPUT_BUS|       pointer|
|m_axi_OUTPUT_BUS_WID           |  out|    1|       m_axi|      OUTPUT_BUS|       pointer|
|m_axi_OUTPUT_BUS_WUSER         |  out|    1|       m_axi|      OUTPUT_BUS|       pointer|
|m_axi_OUTPUT_BUS_ARVALID       |  out|    1|       m_axi|      OUTPUT_BUS|       pointer|
|m_axi_OUTPUT_BUS_ARREADY       |   in|    1|       m_axi|      OUTPUT_BUS|       pointer|
|m_axi_OUTPUT_BUS_ARADDR        |  out|   64|       m_axi|      OUTPUT_BUS|       pointer|
|m_axi_OUTPUT_BUS_ARID          |  out|    1|       m_axi|      OUTPUT_BUS|       pointer|
|m_axi_OUTPUT_BUS_ARLEN         |  out|   32|       m_axi|      OUTPUT_BUS|       pointer|
|m_axi_OUTPUT_BUS_ARSIZE        |  out|    3|       m_axi|      OUTPUT_BUS|       pointer|
|m_axi_OUTPUT_BUS_ARBURST       |  out|    2|       m_axi|      OUTPUT_BUS|       pointer|
|m_axi_OUTPUT_BUS_ARLOCK        |  out|    2|       m_axi|      OUTPUT_BUS|       pointer|
|m_axi_OUTPUT_BUS_ARCACHE       |  out|    4|       m_axi|      OUTPUT_BUS|       pointer|
|m_axi_OUTPUT_BUS_ARPROT        |  out|    3|       m_axi|      OUTPUT_BUS|       pointer|
|m_axi_OUTPUT_BUS_ARQOS         |  out|    4|       m_axi|      OUTPUT_BUS|       pointer|
|m_axi_OUTPUT_BUS_ARREGION      |  out|    4|       m_axi|      OUTPUT_BUS|       pointer|
|m_axi_OUTPUT_BUS_ARUSER        |  out|    1|       m_axi|      OUTPUT_BUS|       pointer|
|m_axi_OUTPUT_BUS_RVALID        |   in|    1|       m_axi|      OUTPUT_BUS|       pointer|
|m_axi_OUTPUT_BUS_RREADY        |  out|    1|       m_axi|      OUTPUT_BUS|       pointer|
|m_axi_OUTPUT_BUS_RDATA         |   in|   32|       m_axi|      OUTPUT_BUS|       pointer|
|m_axi_OUTPUT_BUS_RLAST         |   in|    1|       m_axi|      OUTPUT_BUS|       pointer|
|m_axi_OUTPUT_BUS_RID           |   in|    1|       m_axi|      OUTPUT_BUS|       pointer|
|m_axi_OUTPUT_BUS_RFIFONUM      |   in|    9|       m_axi|      OUTPUT_BUS|       pointer|
|m_axi_OUTPUT_BUS_RUSER         |   in|    1|       m_axi|      OUTPUT_BUS|       pointer|
|m_axi_OUTPUT_BUS_RRESP         |   in|    2|       m_axi|      OUTPUT_BUS|       pointer|
|m_axi_OUTPUT_BUS_BVALID        |   in|    1|       m_axi|      OUTPUT_BUS|       pointer|
|m_axi_OUTPUT_BUS_BREADY        |  out|    1|       m_axi|      OUTPUT_BUS|       pointer|
|m_axi_OUTPUT_BUS_BRESP         |   in|    2|       m_axi|      OUTPUT_BUS|       pointer|
|m_axi_OUTPUT_BUS_BID           |   in|    1|       m_axi|      OUTPUT_BUS|       pointer|
|m_axi_OUTPUT_BUS_BUSER         |   in|    1|       m_axi|      OUTPUT_BUS|       pointer|
|output_r_dout                  |   in|   64|     ap_fifo|        output_r|       pointer|
|output_r_num_data_valid        |   in|    5|     ap_fifo|        output_r|       pointer|
|output_r_fifo_cap              |   in|    5|     ap_fifo|        output_r|       pointer|
|output_r_empty_n               |   in|    1|     ap_fifo|        output_r|       pointer|
|output_r_read                  |  out|    1|     ap_fifo|        output_r|       pointer|
|R_dout                         |   in|   32|     ap_fifo|               R|       pointer|
|R_num_data_valid               |   in|    4|     ap_fifo|               R|       pointer|
|R_fifo_cap                     |   in|    4|     ap_fifo|               R|       pointer|
|R_empty_n                      |   in|    1|     ap_fifo|               R|       pointer|
|R_read                         |  out|    1|     ap_fifo|               R|       pointer|
|C_dout                         |   in|   32|     ap_fifo|               C|       pointer|
|C_num_data_valid               |   in|    4|     ap_fifo|               C|       pointer|
|C_fifo_cap                     |   in|    4|     ap_fifo|               C|       pointer|
|C_empty_n                      |   in|    1|     ap_fifo|               C|       pointer|
|C_read                         |  out|    1|     ap_fifo|               C|       pointer|
|M_dout                         |   in|   32|     ap_fifo|               M|       pointer|
|M_num_data_valid               |   in|    3|     ap_fifo|               M|       pointer|
|M_fifo_cap                     |   in|    3|     ap_fifo|               M|       pointer|
|M_empty_n                      |   in|    1|     ap_fifo|               M|       pointer|
|M_read                         |  out|    1|     ap_fifo|               M|       pointer|
|K_dout                         |   in|   32|     ap_fifo|               K|       pointer|
|K_num_data_valid               |   in|    3|     ap_fifo|               K|       pointer|
|K_fifo_cap                     |   in|    3|     ap_fifo|               K|       pointer|
|K_empty_n                      |   in|    1|     ap_fifo|               K|       pointer|
|K_read                         |  out|    1|     ap_fifo|               K|       pointer|
|P_dout                         |   in|   32|     ap_fifo|               P|       pointer|
|P_num_data_valid               |   in|    4|     ap_fifo|               P|       pointer|
|P_fifo_cap                     |   in|    4|     ap_fifo|               P|       pointer|
|P_empty_n                      |   in|    1|     ap_fifo|               P|       pointer|
|P_read                         |  out|    1|     ap_fifo|               P|       pointer|
|S_dout                         |   in|   32|     ap_fifo|               S|       pointer|
|S_num_data_valid               |   in|    4|     ap_fifo|               S|       pointer|
|S_fifo_cap                     |   in|    4|     ap_fifo|               S|       pointer|
|S_empty_n                      |   in|    1|     ap_fifo|               S|       pointer|
|S_read                         |  out|    1|     ap_fifo|               S|       pointer|
|mode_dout                      |   in|    1|     ap_fifo|            mode|       pointer|
|mode_num_data_valid            |   in|    3|     ap_fifo|            mode|       pointer|
|mode_fifo_cap                  |   in|    3|     ap_fifo|            mode|       pointer|
|mode_empty_n                   |   in|    1|     ap_fifo|            mode|       pointer|
|mode_read                      |  out|    1|     ap_fifo|            mode|       pointer|
+-------------------------------+-----+-----+------------+----------------+--------------+

