

================================================================
== Vitis HLS Report for 'top_Pipeline_VITIS_LOOP_113_2'
================================================================
* Date:           Tue Feb 25 14:23:57 2025

* Version:        2023.2 (Build 4023990 on Oct 11 2023)
* Project:        SDA
* Solution:       solution1 (Vivado IP Flow Target)
* Product family: virtexuplusHBM
* Target device:  xcvu35p_CIV-fsvh2892-3-e


================================================================
== Performance Estimates
================================================================
+ Timing: 
    * Summary: 
    +--------+----------+----------+------------+
    |  Clock |  Target  | Estimated| Uncertainty|
    +--------+----------+----------+------------+
    |ap_clk  |  10.00 ns|  2.171 ns|     2.70 ns|
    +--------+----------+----------+------------+

+ Latency: 
    * Summary: 
    +---------+---------+----------+----------+-----+-----+---------+
    |  Latency (cycles) |  Latency (absolute) |  Interval | Pipeline|
    |   min   |   max   |    min   |    max   | min | max |   Type  |
    +---------+---------+----------+----------+-----+-----+---------+
    |       66|       66|  0.660 us|  0.660 us|   66|   66|       no|
    +---------+---------+----------+----------+-----+-----+---------+

    + Detail: 
        * Instance: 
        N/A

        * Loop: 
        +--------------------+---------+---------+----------+-----------+-----------+------+----------+
        |                    |  Latency (cycles) | Iteration|  Initiation Interval  | Trip |          |
        |      Loop Name     |   min   |   max   |  Latency |  achieved |   target  | Count| Pipelined|
        +--------------------+---------+---------+----------+-----------+-----------+------+----------+
        |- VITIS_LOOP_113_2  |       64|       64|         2|          1|          1|    64|       yes|
        +--------------------+---------+---------+----------+-----------+-----------+------+----------+



================================================================
== Utilization Estimates
================================================================
* Summary: 
+---------------------+---------+------+---------+--------+-----+
|         Name        | BRAM_18K|  DSP |    FF   |   LUT  | URAM|
+---------------------+---------+------+---------+--------+-----+
|DSP                  |        -|     -|        -|       -|    -|
|Expression           |        -|     -|        0|     291|    -|
|FIFO                 |        -|     -|        -|       -|    -|
|Instance             |        -|     -|        -|       -|    -|
|Memory               |        -|     -|        -|       -|    -|
|Multiplexer          |        -|     -|        -|     891|    -|
|Register             |        -|     -|       17|       -|    -|
+---------------------+---------+------+---------+--------+-----+
|Total                |        0|     0|       17|    1182|    0|
+---------------------+---------+------+---------+--------+-----+
|Available SLR        |     1344|  2976|   871680|  435840|  320|
+---------------------+---------+------+---------+--------+-----+
|Utilization SLR (%)  |        0|     0|       ~0|      ~0|    0|
+---------------------+---------+------+---------+--------+-----+
|Available            |     2688|  5952|  1743360|  871680|  640|
+---------------------+---------+------+---------+--------+-----+
|Utilization (%)      |        0|     0|       ~0|      ~0|    0|
+---------------------+---------+------+---------+--------+-----+

+ Detail: 
    * Instance: 
    N/A

    * DSP: 
    N/A

    * Memory: 
    N/A

    * FIFO: 
    N/A

    * Expression: 
    +----------------------------------+----------+----+---+----+------------+------------+
    |           Variable Name          | Operation| DSP| FF| LUT| Bitwidth P0| Bitwidth P1|
    +----------------------------------+----------+----+---+----+------------+------------+
    |add_ln113_fu_1397_p2              |         +|   0|  0|  14|           7|           1|
    |ap_block_pp0_stage0_11001         |       and|   0|  0|   2|           1|           1|
    |ap_predicate_op214_read_state2    |       and|   0|  0|   2|           1|           1|
    |ap_predicate_op216_read_state2    |       and|   0|  0|   2|           1|           1|
    |ap_predicate_op218_read_state2    |       and|   0|  0|   2|           1|           1|
    |ap_predicate_op220_read_state2    |       and|   0|  0|   2|           1|           1|
    |ap_predicate_op222_read_state2    |       and|   0|  0|   2|           1|           1|
    |ap_predicate_op224_read_state2    |       and|   0|  0|   2|           1|           1|
    |ap_predicate_op226_read_state2    |       and|   0|  0|   2|           1|           1|
    |ap_predicate_op228_read_state2    |       and|   0|  0|   2|           1|           1|
    |ap_predicate_op230_read_state2    |       and|   0|  0|   2|           1|           1|
    |ap_predicate_op232_read_state2    |       and|   0|  0|   2|           1|           1|
    |ap_predicate_op234_read_state2    |       and|   0|  0|   2|           1|           1|
    |ap_predicate_op236_read_state2    |       and|   0|  0|   2|           1|           1|
    |ap_predicate_op238_read_state2    |       and|   0|  0|   2|           1|           1|
    |ap_predicate_op240_read_state2    |       and|   0|  0|   2|           1|           1|
    |ap_predicate_op242_read_state2    |       and|   0|  0|   2|           1|           1|
    |ap_predicate_op244_read_state2    |       and|   0|  0|   2|           1|           1|
    |ap_predicate_op246_read_state2    |       and|   0|  0|   2|           1|           1|
    |ap_predicate_op248_read_state2    |       and|   0|  0|   2|           1|           1|
    |ap_predicate_op250_read_state2    |       and|   0|  0|   2|           1|           1|
    |ap_predicate_op252_read_state2    |       and|   0|  0|   2|           1|           1|
    |ap_predicate_op254_read_state2    |       and|   0|  0|   2|           1|           1|
    |ap_predicate_op256_read_state2    |       and|   0|  0|   2|           1|           1|
    |ap_predicate_op258_read_state2    |       and|   0|  0|   2|           1|           1|
    |ap_predicate_op260_read_state2    |       and|   0|  0|   2|           1|           1|
    |ap_predicate_op262_read_state2    |       and|   0|  0|   2|           1|           1|
    |ap_predicate_op264_read_state2    |       and|   0|  0|   2|           1|           1|
    |ap_predicate_op266_read_state2    |       and|   0|  0|   2|           1|           1|
    |ap_predicate_op268_read_state2    |       and|   0|  0|   2|           1|           1|
    |ap_predicate_op270_read_state2    |       and|   0|  0|   2|           1|           1|
    |ap_predicate_op272_read_state2    |       and|   0|  0|   2|           1|           1|
    |ap_predicate_op274_read_state2    |       and|   0|  0|   2|           1|           1|
    |ap_predicate_op276_read_state2    |       and|   0|  0|   2|           1|           1|
    |ap_predicate_op278_read_state2    |       and|   0|  0|   2|           1|           1|
    |ap_predicate_op280_read_state2    |       and|   0|  0|   2|           1|           1|
    |ap_predicate_op282_read_state2    |       and|   0|  0|   2|           1|           1|
    |ap_predicate_op284_read_state2    |       and|   0|  0|   2|           1|           1|
    |ap_predicate_op286_read_state2    |       and|   0|  0|   2|           1|           1|
    |ap_predicate_op288_read_state2    |       and|   0|  0|   2|           1|           1|
    |ap_predicate_op290_read_state2    |       and|   0|  0|   2|           1|           1|
    |ap_predicate_op292_read_state2    |       and|   0|  0|   2|           1|           1|
    |ap_predicate_op294_read_state2    |       and|   0|  0|   2|           1|           1|
    |ap_predicate_op296_read_state2    |       and|   0|  0|   2|           1|           1|
    |ap_predicate_op298_read_state2    |       and|   0|  0|   2|           1|           1|
    |ap_predicate_op300_read_state2    |       and|   0|  0|   2|           1|           1|
    |ap_predicate_op302_read_state2    |       and|   0|  0|   2|           1|           1|
    |ap_predicate_op304_read_state2    |       and|   0|  0|   2|           1|           1|
    |ap_predicate_op306_read_state2    |       and|   0|  0|   2|           1|           1|
    |ap_predicate_op308_read_state2    |       and|   0|  0|   2|           1|           1|
    |ap_predicate_op310_read_state2    |       and|   0|  0|   2|           1|           1|
    |ap_predicate_op312_read_state2    |       and|   0|  0|   2|           1|           1|
    |ap_predicate_op314_read_state2    |       and|   0|  0|   2|           1|           1|
    |ap_predicate_op316_read_state2    |       and|   0|  0|   2|           1|           1|
    |ap_predicate_op318_read_state2    |       and|   0|  0|   2|           1|           1|
    |ap_predicate_op320_read_state2    |       and|   0|  0|   2|           1|           1|
    |ap_predicate_op322_read_state2    |       and|   0|  0|   2|           1|           1|
    |ap_predicate_op324_read_state2    |       and|   0|  0|   2|           1|           1|
    |ap_predicate_op326_read_state2    |       and|   0|  0|   2|           1|           1|
    |ap_predicate_op328_read_state2    |       and|   0|  0|   2|           1|           1|
    |ap_predicate_op330_read_state2    |       and|   0|  0|   2|           1|           1|
    |ap_predicate_op332_read_state2    |       and|   0|  0|   2|           1|           1|
    |ap_predicate_op334_read_state2    |       and|   0|  0|   2|           1|           1|
    |ap_predicate_op336_read_state2    |       and|   0|  0|   2|           1|           1|
    |ap_predicate_op338_read_state2    |       and|   0|  0|   2|           1|           1|
    |ap_predicate_op340_read_state2    |       and|   0|  0|   2|           1|           1|
    |tmp_10_nbreadreq_fu_730_p3        |       and|   0|  0|   2|           1|           0|
    |tmp_11_nbreadreq_fu_722_p3        |       and|   0|  0|   2|           1|           0|
    |tmp_12_nbreadreq_fu_714_p3        |       and|   0|  0|   2|           1|           0|
    |tmp_13_nbreadreq_fu_706_p3        |       and|   0|  0|   2|           1|           0|
    |tmp_14_nbreadreq_fu_698_p3        |       and|   0|  0|   2|           1|           0|
    |tmp_15_nbreadreq_fu_690_p3        |       and|   0|  0|   2|           1|           0|
    |tmp_16_nbreadreq_fu_682_p3        |       and|   0|  0|   2|           1|           0|
    |tmp_17_nbreadreq_fu_674_p3        |       and|   0|  0|   2|           1|           0|
    |tmp_18_nbreadreq_fu_666_p3        |       and|   0|  0|   2|           1|           0|
    |tmp_19_nbreadreq_fu_658_p3        |       and|   0|  0|   2|           1|           0|
    |tmp_20_nbreadreq_fu_650_p3        |       and|   0|  0|   2|           1|           0|
    |tmp_21_nbreadreq_fu_642_p3        |       and|   0|  0|   2|           1|           0|
    |tmp_22_nbreadreq_fu_634_p3        |       and|   0|  0|   2|           1|           0|
    |tmp_23_nbreadreq_fu_626_p3        |       and|   0|  0|   2|           1|           0|
    |tmp_24_nbreadreq_fu_618_p3        |       and|   0|  0|   2|           1|           0|
    |tmp_25_nbreadreq_fu_610_p3        |       and|   0|  0|   2|           1|           0|
    |tmp_26_nbreadreq_fu_602_p3        |       and|   0|  0|   2|           1|           0|
    |tmp_27_nbreadreq_fu_594_p3        |       and|   0|  0|   2|           1|           0|
    |tmp_28_nbreadreq_fu_586_p3        |       and|   0|  0|   2|           1|           0|
    |tmp_29_nbreadreq_fu_578_p3        |       and|   0|  0|   2|           1|           0|
    |tmp_30_nbreadreq_fu_570_p3        |       and|   0|  0|   2|           1|           0|
    |tmp_31_nbreadreq_fu_562_p3        |       and|   0|  0|   2|           1|           0|
    |tmp_32_nbreadreq_fu_554_p3        |       and|   0|  0|   2|           1|           0|
    |tmp_33_nbreadreq_fu_546_p3        |       and|   0|  0|   2|           1|           0|
    |tmp_34_nbreadreq_fu_538_p3        |       and|   0|  0|   2|           1|           0|
    |tmp_35_nbreadreq_fu_530_p3        |       and|   0|  0|   2|           1|           0|
    |tmp_36_nbreadreq_fu_522_p3        |       and|   0|  0|   2|           1|           0|
    |tmp_37_nbreadreq_fu_514_p3        |       and|   0|  0|   2|           1|           0|
    |tmp_38_nbreadreq_fu_506_p3        |       and|   0|  0|   2|           1|           0|
    |tmp_39_nbreadreq_fu_498_p3        |       and|   0|  0|   2|           1|           0|
    |tmp_3_nbreadreq_fu_786_p3         |       and|   0|  0|   2|           1|           0|
    |tmp_40_nbreadreq_fu_490_p3        |       and|   0|  0|   2|           1|           0|
    |tmp_41_nbreadreq_fu_482_p3        |       and|   0|  0|   2|           1|           0|
    |tmp_42_nbreadreq_fu_474_p3        |       and|   0|  0|   2|           1|           0|
    |tmp_43_nbreadreq_fu_466_p3        |       and|   0|  0|   2|           1|           0|
    |tmp_44_nbreadreq_fu_458_p3        |       and|   0|  0|   2|           1|           0|
    |tmp_45_nbreadreq_fu_450_p3        |       and|   0|  0|   2|           1|           0|
    |tmp_46_nbreadreq_fu_442_p3        |       and|   0|  0|   2|           1|           0|
    |tmp_47_nbreadreq_fu_434_p3        |       and|   0|  0|   2|           1|           0|
    |tmp_48_nbreadreq_fu_426_p3        |       and|   0|  0|   2|           1|           0|
    |tmp_49_nbreadreq_fu_418_p3        |       and|   0|  0|   2|           1|           0|
    |tmp_4_nbreadreq_fu_778_p3         |       and|   0|  0|   2|           1|           0|
    |tmp_50_nbreadreq_fu_410_p3        |       and|   0|  0|   2|           1|           0|
    |tmp_51_nbreadreq_fu_402_p3        |       and|   0|  0|   2|           1|           0|
    |tmp_52_nbreadreq_fu_394_p3        |       and|   0|  0|   2|           1|           0|
    |tmp_53_nbreadreq_fu_386_p3        |       and|   0|  0|   2|           1|           0|
    |tmp_54_nbreadreq_fu_378_p3        |       and|   0|  0|   2|           1|           0|
    |tmp_55_nbreadreq_fu_370_p3        |       and|   0|  0|   2|           1|           0|
    |tmp_56_nbreadreq_fu_362_p3        |       and|   0|  0|   2|           1|           0|
    |tmp_57_nbreadreq_fu_354_p3        |       and|   0|  0|   2|           1|           0|
    |tmp_58_nbreadreq_fu_346_p3        |       and|   0|  0|   2|           1|           0|
    |tmp_59_nbreadreq_fu_338_p3        |       and|   0|  0|   2|           1|           0|
    |tmp_5_nbreadreq_fu_770_p3         |       and|   0|  0|   2|           1|           0|
    |tmp_60_nbreadreq_fu_330_p3        |       and|   0|  0|   2|           1|           0|
    |tmp_61_nbreadreq_fu_322_p3        |       and|   0|  0|   2|           1|           0|
    |tmp_62_nbreadreq_fu_314_p3        |       and|   0|  0|   2|           1|           0|
    |tmp_63_nbreadreq_fu_306_p3        |       and|   0|  0|   2|           1|           0|
    |tmp_64_nbreadreq_fu_298_p3        |       and|   0|  0|   2|           1|           0|
    |tmp_65_nbreadreq_fu_290_p3        |       and|   0|  0|   2|           1|           0|
    |tmp_6_nbreadreq_fu_762_p3         |       and|   0|  0|   2|           1|           0|
    |tmp_7_nbreadreq_fu_754_p3         |       and|   0|  0|   2|           1|           0|
    |tmp_8_nbreadreq_fu_746_p3         |       and|   0|  0|   2|           1|           0|
    |tmp_9_nbreadreq_fu_738_p3         |       and|   0|  0|   2|           1|           0|
    |tmp_s_nbreadreq_fu_794_p3         |       and|   0|  0|   2|           1|           0|
    |icmp_ln113_fu_1391_p2             |      icmp|   0|  0|  15|           7|           8|
    |ap_block_state2_pp0_stage0_iter1  |        or|   0|  0|   2|           1|           1|
    |ap_enable_pp0                     |       xor|   0|  0|   2|           1|           2|
    +----------------------------------+----------+----+---+----+------------+------------+
    |Total                             |          |   0|  0| 291|         145|          77|
    +----------------------------------+----------+----+---+----+------------+------------+

    * Multiplexer: 
    +-----------------------------------+-----+-----------+-----+-----------+
    |                Name               | LUT | Input Size| Bits| Total Bits|
    +-----------------------------------+-----+-----------+-----+-----------+
    |MM_OUT_10_blk_n                    |    9|          2|    1|          2|
    |MM_OUT_11_blk_n                    |    9|          2|    1|          2|
    |MM_OUT_12_blk_n                    |    9|          2|    1|          2|
    |MM_OUT_13_blk_n                    |    9|          2|    1|          2|
    |MM_OUT_14_blk_n                    |    9|          2|    1|          2|
    |MM_OUT_15_blk_n                    |    9|          2|    1|          2|
    |MM_OUT_16_blk_n                    |    9|          2|    1|          2|
    |MM_OUT_17_blk_n                    |    9|          2|    1|          2|
    |MM_OUT_18_blk_n                    |    9|          2|    1|          2|
    |MM_OUT_19_blk_n                    |    9|          2|    1|          2|
    |MM_OUT_1_blk_n                     |    9|          2|    1|          2|
    |MM_OUT_20_blk_n                    |    9|          2|    1|          2|
    |MM_OUT_21_blk_n                    |    9|          2|    1|          2|
    |MM_OUT_22_blk_n                    |    9|          2|    1|          2|
    |MM_OUT_23_blk_n                    |    9|          2|    1|          2|
    |MM_OUT_24_blk_n                    |    9|          2|    1|          2|
    |MM_OUT_25_blk_n                    |    9|          2|    1|          2|
    |MM_OUT_26_blk_n                    |    9|          2|    1|          2|
    |MM_OUT_27_blk_n                    |    9|          2|    1|          2|
    |MM_OUT_28_blk_n                    |    9|          2|    1|          2|
    |MM_OUT_29_blk_n                    |    9|          2|    1|          2|
    |MM_OUT_2_blk_n                     |    9|          2|    1|          2|
    |MM_OUT_30_blk_n                    |    9|          2|    1|          2|
    |MM_OUT_31_blk_n                    |    9|          2|    1|          2|
    |MM_OUT_32_blk_n                    |    9|          2|    1|          2|
    |MM_OUT_33_blk_n                    |    9|          2|    1|          2|
    |MM_OUT_34_blk_n                    |    9|          2|    1|          2|
    |MM_OUT_35_blk_n                    |    9|          2|    1|          2|
    |MM_OUT_36_blk_n                    |    9|          2|    1|          2|
    |MM_OUT_37_blk_n                    |    9|          2|    1|          2|
    |MM_OUT_38_blk_n                    |    9|          2|    1|          2|
    |MM_OUT_39_blk_n                    |    9|          2|    1|          2|
    |MM_OUT_3_blk_n                     |    9|          2|    1|          2|
    |MM_OUT_40_blk_n                    |    9|          2|    1|          2|
    |MM_OUT_41_blk_n                    |    9|          2|    1|          2|
    |MM_OUT_42_blk_n                    |    9|          2|    1|          2|
    |MM_OUT_43_blk_n                    |    9|          2|    1|          2|
    |MM_OUT_44_blk_n                    |    9|          2|    1|          2|
    |MM_OUT_45_blk_n                    |    9|          2|    1|          2|
    |MM_OUT_46_blk_n                    |    9|          2|    1|          2|
    |MM_OUT_47_blk_n                    |    9|          2|    1|          2|
    |MM_OUT_48_blk_n                    |    9|          2|    1|          2|
    |MM_OUT_49_blk_n                    |    9|          2|    1|          2|
    |MM_OUT_4_blk_n                     |    9|          2|    1|          2|
    |MM_OUT_50_blk_n                    |    9|          2|    1|          2|
    |MM_OUT_51_blk_n                    |    9|          2|    1|          2|
    |MM_OUT_52_blk_n                    |    9|          2|    1|          2|
    |MM_OUT_53_blk_n                    |    9|          2|    1|          2|
    |MM_OUT_54_blk_n                    |    9|          2|    1|          2|
    |MM_OUT_55_blk_n                    |    9|          2|    1|          2|
    |MM_OUT_56_blk_n                    |    9|          2|    1|          2|
    |MM_OUT_57_blk_n                    |    9|          2|    1|          2|
    |MM_OUT_58_blk_n                    |    9|          2|    1|          2|
    |MM_OUT_59_blk_n                    |    9|          2|    1|          2|
    |MM_OUT_5_blk_n                     |    9|          2|    1|          2|
    |MM_OUT_60_blk_n                    |    9|          2|    1|          2|
    |MM_OUT_61_blk_n                    |    9|          2|    1|          2|
    |MM_OUT_62_blk_n                    |    9|          2|    1|          2|
    |MM_OUT_63_blk_n                    |    9|          2|    1|          2|
    |MM_OUT_6_blk_n                     |    9|          2|    1|          2|
    |MM_OUT_7_blk_n                     |    9|          2|    1|          2|
    |MM_OUT_8_blk_n                     |    9|          2|    1|          2|
    |MM_OUT_9_blk_n                     |    9|          2|    1|          2|
    |MM_OUT_blk_n                       |    9|          2|    1|          2|
    |ap_done_int                        |    9|          2|    1|          2|
    |ap_enable_reg_pp0_iter1            |    9|          2|    1|          2|
    |ap_phi_mux_empty_phi_fu_1189_p128  |  279|         65|    1|         65|
    |ap_sig_allocacmp_i_1               |    9|          2|    7|         14|
    |i_fu_286                           |    9|          2|    7|         14|
    +-----------------------------------+-----+-----------+-----+-----------+
    |Total                              |  891|        201|   81|        225|
    +-----------------------------------+-----+-----------+-----+-----------+

    * Register: 
    +-------------------------+---+----+-----+-----------+
    |           Name          | FF| LUT| Bits| Const Bits|
    +-------------------------+---+----+-----+-----------+
    |ap_CS_fsm                |  1|   0|    1|          0|
    |ap_done_reg              |  1|   0|    1|          0|
    |ap_enable_reg_pp0_iter1  |  1|   0|    1|          0|
    |i_fu_286                 |  7|   0|    7|          0|
    |icmp_ln113_reg_1419      |  1|   0|    1|          0|
    |trunc_ln113_reg_1423     |  6|   0|    6|          0|
    +-------------------------+---+----+-----+-----------+
    |Total                    | 17|   0|   17|          0|
    +-------------------------+---+----+-----+-----------+



================================================================
== Interface
================================================================
* Summary: 
+-------------------+-----+-----+------------+-------------------------------+--------------+
|     RTL Ports     | Dir | Bits|  Protocol  |         Source Object         |    C Type    |
+-------------------+-----+-----+------------+-------------------------------+--------------+
|ap_clk             |   in|    1|  ap_ctrl_hs|  top_Pipeline_VITIS_LOOP_113_2|  return value|
|ap_rst             |   in|    1|  ap_ctrl_hs|  top_Pipeline_VITIS_LOOP_113_2|  return value|
|ap_start           |   in|    1|  ap_ctrl_hs|  top_Pipeline_VITIS_LOOP_113_2|  return value|
|ap_done            |  out|    1|  ap_ctrl_hs|  top_Pipeline_VITIS_LOOP_113_2|  return value|
|ap_idle            |  out|    1|  ap_ctrl_hs|  top_Pipeline_VITIS_LOOP_113_2|  return value|
|ap_ready           |  out|    1|  ap_ctrl_hs|  top_Pipeline_VITIS_LOOP_113_2|  return value|
|MM_OUT_62_dout     |   in|   32|     ap_fifo|                      MM_OUT_62|       pointer|
|MM_OUT_62_empty_n  |   in|    1|     ap_fifo|                      MM_OUT_62|       pointer|
|MM_OUT_62_read     |  out|    1|     ap_fifo|                      MM_OUT_62|       pointer|
|MM_OUT_61_dout     |   in|   32|     ap_fifo|                      MM_OUT_61|       pointer|
|MM_OUT_61_empty_n  |   in|    1|     ap_fifo|                      MM_OUT_61|       pointer|
|MM_OUT_61_read     |  out|    1|     ap_fifo|                      MM_OUT_61|       pointer|
|MM_OUT_60_dout     |   in|   32|     ap_fifo|                      MM_OUT_60|       pointer|
|MM_OUT_60_empty_n  |   in|    1|     ap_fifo|                      MM_OUT_60|       pointer|
|MM_OUT_60_read     |  out|    1|     ap_fifo|                      MM_OUT_60|       pointer|
|MM_OUT_59_dout     |   in|   32|     ap_fifo|                      MM_OUT_59|       pointer|
|MM_OUT_59_empty_n  |   in|    1|     ap_fifo|                      MM_OUT_59|       pointer|
|MM_OUT_59_read     |  out|    1|     ap_fifo|                      MM_OUT_59|       pointer|
|MM_OUT_58_dout     |   in|   32|     ap_fifo|                      MM_OUT_58|       pointer|
|MM_OUT_58_empty_n  |   in|    1|     ap_fifo|                      MM_OUT_58|       pointer|
|MM_OUT_58_read     |  out|    1|     ap_fifo|                      MM_OUT_58|       pointer|
|MM_OUT_57_dout     |   in|   32|     ap_fifo|                      MM_OUT_57|       pointer|
|MM_OUT_57_empty_n  |   in|    1|     ap_fifo|                      MM_OUT_57|       pointer|
|MM_OUT_57_read     |  out|    1|     ap_fifo|                      MM_OUT_57|       pointer|
|MM_OUT_56_dout     |   in|   32|     ap_fifo|                      MM_OUT_56|       pointer|
|MM_OUT_56_empty_n  |   in|    1|     ap_fifo|                      MM_OUT_56|       pointer|
|MM_OUT_56_read     |  out|    1|     ap_fifo|                      MM_OUT_56|       pointer|
|MM_OUT_55_dout     |   in|   32|     ap_fifo|                      MM_OUT_55|       pointer|
|MM_OUT_55_empty_n  |   in|    1|     ap_fifo|                      MM_OUT_55|       pointer|
|MM_OUT_55_read     |  out|    1|     ap_fifo|                      MM_OUT_55|       pointer|
|MM_OUT_54_dout     |   in|   32|     ap_fifo|                      MM_OUT_54|       pointer|
|MM_OUT_54_empty_n  |   in|    1|     ap_fifo|                      MM_OUT_54|       pointer|
|MM_OUT_54_read     |  out|    1|     ap_fifo|                      MM_OUT_54|       pointer|
|MM_OUT_53_dout     |   in|   32|     ap_fifo|                      MM_OUT_53|       pointer|
|MM_OUT_53_empty_n  |   in|    1|     ap_fifo|                      MM_OUT_53|       pointer|
|MM_OUT_53_read     |  out|    1|     ap_fifo|                      MM_OUT_53|       pointer|
|MM_OUT_52_dout     |   in|   32|     ap_fifo|                      MM_OUT_52|       pointer|
|MM_OUT_52_empty_n  |   in|    1|     ap_fifo|                      MM_OUT_52|       pointer|
|MM_OUT_52_read     |  out|    1|     ap_fifo|                      MM_OUT_52|       pointer|
|MM_OUT_51_dout     |   in|   32|     ap_fifo|                      MM_OUT_51|       pointer|
|MM_OUT_51_empty_n  |   in|    1|     ap_fifo|                      MM_OUT_51|       pointer|
|MM_OUT_51_read     |  out|    1|     ap_fifo|                      MM_OUT_51|       pointer|
|MM_OUT_50_dout     |   in|   32|     ap_fifo|                      MM_OUT_50|       pointer|
|MM_OUT_50_empty_n  |   in|    1|     ap_fifo|                      MM_OUT_50|       pointer|
|MM_OUT_50_read     |  out|    1|     ap_fifo|                      MM_OUT_50|       pointer|
|MM_OUT_49_dout     |   in|   32|     ap_fifo|                      MM_OUT_49|       pointer|
|MM_OUT_49_empty_n  |   in|    1|     ap_fifo|                      MM_OUT_49|       pointer|
|MM_OUT_49_read     |  out|    1|     ap_fifo|                      MM_OUT_49|       pointer|
|MM_OUT_48_dout     |   in|   32|     ap_fifo|                      MM_OUT_48|       pointer|
|MM_OUT_48_empty_n  |   in|    1|     ap_fifo|                      MM_OUT_48|       pointer|
|MM_OUT_48_read     |  out|    1|     ap_fifo|                      MM_OUT_48|       pointer|
|MM_OUT_47_dout     |   in|   32|     ap_fifo|                      MM_OUT_47|       pointer|
|MM_OUT_47_empty_n  |   in|    1|     ap_fifo|                      MM_OUT_47|       pointer|
|MM_OUT_47_read     |  out|    1|     ap_fifo|                      MM_OUT_47|       pointer|
|MM_OUT_46_dout     |   in|   32|     ap_fifo|                      MM_OUT_46|       pointer|
|MM_OUT_46_empty_n  |   in|    1|     ap_fifo|                      MM_OUT_46|       pointer|
|MM_OUT_46_read     |  out|    1|     ap_fifo|                      MM_OUT_46|       pointer|
|MM_OUT_45_dout     |   in|   32|     ap_fifo|                      MM_OUT_45|       pointer|
|MM_OUT_45_empty_n  |   in|    1|     ap_fifo|                      MM_OUT_45|       pointer|
|MM_OUT_45_read     |  out|    1|     ap_fifo|                      MM_OUT_45|       pointer|
|MM_OUT_44_dout     |   in|   32|     ap_fifo|                      MM_OUT_44|       pointer|
|MM_OUT_44_empty_n  |   in|    1|     ap_fifo|                      MM_OUT_44|       pointer|
|MM_OUT_44_read     |  out|    1|     ap_fifo|                      MM_OUT_44|       pointer|
|MM_OUT_43_dout     |   in|   32|     ap_fifo|                      MM_OUT_43|       pointer|
|MM_OUT_43_empty_n  |   in|    1|     ap_fifo|                      MM_OUT_43|       pointer|
|MM_OUT_43_read     |  out|    1|     ap_fifo|                      MM_OUT_43|       pointer|
|MM_OUT_42_dout     |   in|   32|     ap_fifo|                      MM_OUT_42|       pointer|
|MM_OUT_42_empty_n  |   in|    1|     ap_fifo|                      MM_OUT_42|       pointer|
|MM_OUT_42_read     |  out|    1|     ap_fifo|                      MM_OUT_42|       pointer|
|MM_OUT_41_dout     |   in|   32|     ap_fifo|                      MM_OUT_41|       pointer|
|MM_OUT_41_empty_n  |   in|    1|     ap_fifo|                      MM_OUT_41|       pointer|
|MM_OUT_41_read     |  out|    1|     ap_fifo|                      MM_OUT_41|       pointer|
|MM_OUT_40_dout     |   in|   32|     ap_fifo|                      MM_OUT_40|       pointer|
|MM_OUT_40_empty_n  |   in|    1|     ap_fifo|                      MM_OUT_40|       pointer|
|MM_OUT_40_read     |  out|    1|     ap_fifo|                      MM_OUT_40|       pointer|
|MM_OUT_39_dout     |   in|   32|     ap_fifo|                      MM_OUT_39|       pointer|
|MM_OUT_39_empty_n  |   in|    1|     ap_fifo|                      MM_OUT_39|       pointer|
|MM_OUT_39_read     |  out|    1|     ap_fifo|                      MM_OUT_39|       pointer|
|MM_OUT_38_dout     |   in|   32|     ap_fifo|                      MM_OUT_38|       pointer|
|MM_OUT_38_empty_n  |   in|    1|     ap_fifo|                      MM_OUT_38|       pointer|
|MM_OUT_38_read     |  out|    1|     ap_fifo|                      MM_OUT_38|       pointer|
|MM_OUT_37_dout     |   in|   32|     ap_fifo|                      MM_OUT_37|       pointer|
|MM_OUT_37_empty_n  |   in|    1|     ap_fifo|                      MM_OUT_37|       pointer|
|MM_OUT_37_read     |  out|    1|     ap_fifo|                      MM_OUT_37|       pointer|
|MM_OUT_36_dout     |   in|   32|     ap_fifo|                      MM_OUT_36|       pointer|
|MM_OUT_36_empty_n  |   in|    1|     ap_fifo|                      MM_OUT_36|       pointer|
|MM_OUT_36_read     |  out|    1|     ap_fifo|                      MM_OUT_36|       pointer|
|MM_OUT_35_dout     |   in|   32|     ap_fifo|                      MM_OUT_35|       pointer|
|MM_OUT_35_empty_n  |   in|    1|     ap_fifo|                      MM_OUT_35|       pointer|
|MM_OUT_35_read     |  out|    1|     ap_fifo|                      MM_OUT_35|       pointer|
|MM_OUT_34_dout     |   in|   32|     ap_fifo|                      MM_OUT_34|       pointer|
|MM_OUT_34_empty_n  |   in|    1|     ap_fifo|                      MM_OUT_34|       pointer|
|MM_OUT_34_read     |  out|    1|     ap_fifo|                      MM_OUT_34|       pointer|
|MM_OUT_33_dout     |   in|   32|     ap_fifo|                      MM_OUT_33|       pointer|
|MM_OUT_33_empty_n  |   in|    1|     ap_fifo|                      MM_OUT_33|       pointer|
|MM_OUT_33_read     |  out|    1|     ap_fifo|                      MM_OUT_33|       pointer|
|MM_OUT_32_dout     |   in|   32|     ap_fifo|                      MM_OUT_32|       pointer|
|MM_OUT_32_empty_n  |   in|    1|     ap_fifo|                      MM_OUT_32|       pointer|
|MM_OUT_32_read     |  out|    1|     ap_fifo|                      MM_OUT_32|       pointer|
|MM_OUT_31_dout     |   in|   32|     ap_fifo|                      MM_OUT_31|       pointer|
|MM_OUT_31_empty_n  |   in|    1|     ap_fifo|                      MM_OUT_31|       pointer|
|MM_OUT_31_read     |  out|    1|     ap_fifo|                      MM_OUT_31|       pointer|
|MM_OUT_30_dout     |   in|   32|     ap_fifo|                      MM_OUT_30|       pointer|
|MM_OUT_30_empty_n  |   in|    1|     ap_fifo|                      MM_OUT_30|       pointer|
|MM_OUT_30_read     |  out|    1|     ap_fifo|                      MM_OUT_30|       pointer|
|MM_OUT_29_dout     |   in|   32|     ap_fifo|                      MM_OUT_29|       pointer|
|MM_OUT_29_empty_n  |   in|    1|     ap_fifo|                      MM_OUT_29|       pointer|
|MM_OUT_29_read     |  out|    1|     ap_fifo|                      MM_OUT_29|       pointer|
|MM_OUT_28_dout     |   in|   32|     ap_fifo|                      MM_OUT_28|       pointer|
|MM_OUT_28_empty_n  |   in|    1|     ap_fifo|                      MM_OUT_28|       pointer|
|MM_OUT_28_read     |  out|    1|     ap_fifo|                      MM_OUT_28|       pointer|
|MM_OUT_27_dout     |   in|   32|     ap_fifo|                      MM_OUT_27|       pointer|
|MM_OUT_27_empty_n  |   in|    1|     ap_fifo|                      MM_OUT_27|       pointer|
|MM_OUT_27_read     |  out|    1|     ap_fifo|                      MM_OUT_27|       pointer|
|MM_OUT_26_dout     |   in|   32|     ap_fifo|                      MM_OUT_26|       pointer|
|MM_OUT_26_empty_n  |   in|    1|     ap_fifo|                      MM_OUT_26|       pointer|
|MM_OUT_26_read     |  out|    1|     ap_fifo|                      MM_OUT_26|       pointer|
|MM_OUT_25_dout     |   in|   32|     ap_fifo|                      MM_OUT_25|       pointer|
|MM_OUT_25_empty_n  |   in|    1|     ap_fifo|                      MM_OUT_25|       pointer|
|MM_OUT_25_read     |  out|    1|     ap_fifo|                      MM_OUT_25|       pointer|
|MM_OUT_24_dout     |   in|   32|     ap_fifo|                      MM_OUT_24|       pointer|
|MM_OUT_24_empty_n  |   in|    1|     ap_fifo|                      MM_OUT_24|       pointer|
|MM_OUT_24_read     |  out|    1|     ap_fifo|                      MM_OUT_24|       pointer|
|MM_OUT_23_dout     |   in|   32|     ap_fifo|                      MM_OUT_23|       pointer|
|MM_OUT_23_empty_n  |   in|    1|     ap_fifo|                      MM_OUT_23|       pointer|
|MM_OUT_23_read     |  out|    1|     ap_fifo|                      MM_OUT_23|       pointer|
|MM_OUT_22_dout     |   in|   32|     ap_fifo|                      MM_OUT_22|       pointer|
|MM_OUT_22_empty_n  |   in|    1|     ap_fifo|                      MM_OUT_22|       pointer|
|MM_OUT_22_read     |  out|    1|     ap_fifo|                      MM_OUT_22|       pointer|
|MM_OUT_21_dout     |   in|   32|     ap_fifo|                      MM_OUT_21|       pointer|
|MM_OUT_21_empty_n  |   in|    1|     ap_fifo|                      MM_OUT_21|       pointer|
|MM_OUT_21_read     |  out|    1|     ap_fifo|                      MM_OUT_21|       pointer|
|MM_OUT_20_dout     |   in|   32|     ap_fifo|                      MM_OUT_20|       pointer|
|MM_OUT_20_empty_n  |   in|    1|     ap_fifo|                      MM_OUT_20|       pointer|
|MM_OUT_20_read     |  out|    1|     ap_fifo|                      MM_OUT_20|       pointer|
|MM_OUT_19_dout     |   in|   32|     ap_fifo|                      MM_OUT_19|       pointer|
|MM_OUT_19_empty_n  |   in|    1|     ap_fifo|                      MM_OUT_19|       pointer|
|MM_OUT_19_read     |  out|    1|     ap_fifo|                      MM_OUT_19|       pointer|
|MM_OUT_18_dout     |   in|   32|     ap_fifo|                      MM_OUT_18|       pointer|
|MM_OUT_18_empty_n  |   in|    1|     ap_fifo|                      MM_OUT_18|       pointer|
|MM_OUT_18_read     |  out|    1|     ap_fifo|                      MM_OUT_18|       pointer|
|MM_OUT_17_dout     |   in|   32|     ap_fifo|                      MM_OUT_17|       pointer|
|MM_OUT_17_empty_n  |   in|    1|     ap_fifo|                      MM_OUT_17|       pointer|
|MM_OUT_17_read     |  out|    1|     ap_fifo|                      MM_OUT_17|       pointer|
|MM_OUT_16_dout     |   in|   32|     ap_fifo|                      MM_OUT_16|       pointer|
|MM_OUT_16_empty_n  |   in|    1|     ap_fifo|                      MM_OUT_16|       pointer|
|MM_OUT_16_read     |  out|    1|     ap_fifo|                      MM_OUT_16|       pointer|
|MM_OUT_15_dout     |   in|   32|     ap_fifo|                      MM_OUT_15|       pointer|
|MM_OUT_15_empty_n  |   in|    1|     ap_fifo|                      MM_OUT_15|       pointer|
|MM_OUT_15_read     |  out|    1|     ap_fifo|                      MM_OUT_15|       pointer|
|MM_OUT_14_dout     |   in|   32|     ap_fifo|                      MM_OUT_14|       pointer|
|MM_OUT_14_empty_n  |   in|    1|     ap_fifo|                      MM_OUT_14|       pointer|
|MM_OUT_14_read     |  out|    1|     ap_fifo|                      MM_OUT_14|       pointer|
|MM_OUT_13_dout     |   in|   32|     ap_fifo|                      MM_OUT_13|       pointer|
|MM_OUT_13_empty_n  |   in|    1|     ap_fifo|                      MM_OUT_13|       pointer|
|MM_OUT_13_read     |  out|    1|     ap_fifo|                      MM_OUT_13|       pointer|
|MM_OUT_12_dout     |   in|   32|     ap_fifo|                      MM_OUT_12|       pointer|
|MM_OUT_12_empty_n  |   in|    1|     ap_fifo|                      MM_OUT_12|       pointer|
|MM_OUT_12_read     |  out|    1|     ap_fifo|                      MM_OUT_12|       pointer|
|MM_OUT_11_dout     |   in|   32|     ap_fifo|                      MM_OUT_11|       pointer|
|MM_OUT_11_empty_n  |   in|    1|     ap_fifo|                      MM_OUT_11|       pointer|
|MM_OUT_11_read     |  out|    1|     ap_fifo|                      MM_OUT_11|       pointer|
|MM_OUT_10_dout     |   in|   32|     ap_fifo|                      MM_OUT_10|       pointer|
|MM_OUT_10_empty_n  |   in|    1|     ap_fifo|                      MM_OUT_10|       pointer|
|MM_OUT_10_read     |  out|    1|     ap_fifo|                      MM_OUT_10|       pointer|
|MM_OUT_9_dout      |   in|   32|     ap_fifo|                       MM_OUT_9|       pointer|
|MM_OUT_9_empty_n   |   in|    1|     ap_fifo|                       MM_OUT_9|       pointer|
|MM_OUT_9_read      |  out|    1|     ap_fifo|                       MM_OUT_9|       pointer|
|MM_OUT_8_dout      |   in|   32|     ap_fifo|                       MM_OUT_8|       pointer|
|MM_OUT_8_empty_n   |   in|    1|     ap_fifo|                       MM_OUT_8|       pointer|
|MM_OUT_8_read      |  out|    1|     ap_fifo|                       MM_OUT_8|       pointer|
|MM_OUT_7_dout      |   in|   32|     ap_fifo|                       MM_OUT_7|       pointer|
|MM_OUT_7_empty_n   |   in|    1|     ap_fifo|                       MM_OUT_7|       pointer|
|MM_OUT_7_read      |  out|    1|     ap_fifo|                       MM_OUT_7|       pointer|
|MM_OUT_6_dout      |   in|   32|     ap_fifo|                       MM_OUT_6|       pointer|
|MM_OUT_6_empty_n   |   in|    1|     ap_fifo|                       MM_OUT_6|       pointer|
|MM_OUT_6_read      |  out|    1|     ap_fifo|                       MM_OUT_6|       pointer|
|MM_OUT_5_dout      |   in|   32|     ap_fifo|                       MM_OUT_5|       pointer|
|MM_OUT_5_empty_n   |   in|    1|     ap_fifo|                       MM_OUT_5|       pointer|
|MM_OUT_5_read      |  out|    1|     ap_fifo|                       MM_OUT_5|       pointer|
|MM_OUT_4_dout      |   in|   32|     ap_fifo|                       MM_OUT_4|       pointer|
|MM_OUT_4_empty_n   |   in|    1|     ap_fifo|                       MM_OUT_4|       pointer|
|MM_OUT_4_read      |  out|    1|     ap_fifo|                       MM_OUT_4|       pointer|
|MM_OUT_3_dout      |   in|   32|     ap_fifo|                       MM_OUT_3|       pointer|
|MM_OUT_3_empty_n   |   in|    1|     ap_fifo|                       MM_OUT_3|       pointer|
|MM_OUT_3_read      |  out|    1|     ap_fifo|                       MM_OUT_3|       pointer|
|MM_OUT_2_dout      |   in|   32|     ap_fifo|                       MM_OUT_2|       pointer|
|MM_OUT_2_empty_n   |   in|    1|     ap_fifo|                       MM_OUT_2|       pointer|
|MM_OUT_2_read      |  out|    1|     ap_fifo|                       MM_OUT_2|       pointer|
|MM_OUT_1_dout      |   in|   32|     ap_fifo|                       MM_OUT_1|       pointer|
|MM_OUT_1_empty_n   |   in|    1|     ap_fifo|                       MM_OUT_1|       pointer|
|MM_OUT_1_read      |  out|    1|     ap_fifo|                       MM_OUT_1|       pointer|
|MM_OUT_dout        |   in|   32|     ap_fifo|                         MM_OUT|       pointer|
|MM_OUT_empty_n     |   in|    1|     ap_fifo|                         MM_OUT|       pointer|
|MM_OUT_read        |  out|    1|     ap_fifo|                         MM_OUT|       pointer|
|MM_OUT_63_dout     |   in|   32|     ap_fifo|                      MM_OUT_63|       pointer|
|MM_OUT_63_empty_n  |   in|    1|     ap_fifo|                      MM_OUT_63|       pointer|
|MM_OUT_63_read     |  out|    1|     ap_fifo|                      MM_OUT_63|       pointer|
+-------------------+-----+-----+------------+-------------------------------+--------------+

