

================================================================
== Vitis HLS Report for 'ConvertWeightToStream_Pipeline_VITIS_LOOP_243_5_VITIS_LOOP_246_6_VITIS_LOOP_249_s'
================================================================
* Date:           Tue Feb 25 14:23:47 2025

* Version:        2023.2 (Build 4023990 on Oct 11 2023)
* Project:        SDA
* Solution:       solution1 (Vivado IP Flow Target)
* Product family: virtexuplusHBM
* Target device:  xcvu35p_CIV-fsvh2892-3-e


================================================================
== Performance Estimates
================================================================
+ Timing: 
    * Summary: 
    +--------+----------+----------+------------+
    |  Clock |  Target  | Estimated| Uncertainty|
    +--------+----------+----------+------------+
    |ap_clk  |  10.00 ns|  7.300 ns|     2.70 ns|
    +--------+----------+----------+------------+

+ Latency: 
    * Summary: 
    +---------+---------+-----------+-----------+------+------+---------+
    |  Latency (cycles) |   Latency (absolute)  |   Interval  | Pipeline|
    |   min   |   max   |    min    |    max    |  min |  max |   Type  |
    +---------+---------+-----------+-----------+------+------+---------+
    |     1035|     1035|  10.350 us|  10.350 us|  1035|  1035|       no|
    +---------+---------+-----------+-----------+------+------+---------+

    + Detail: 
        * Instance: 
        N/A

        * Loop: 
        +------------------------------------------------------+---------+---------+----------+-----------+-----------+------+----------+
        |                                                      |  Latency (cycles) | Iteration|  Initiation Interval  | Trip |          |
        |                       Loop Name                      |   min   |   max   |  Latency |  achieved |   target  | Count| Pipelined|
        +------------------------------------------------------+---------+---------+----------+-----------+-----------+------+----------+
        |- VITIS_LOOP_243_5_VITIS_LOOP_246_6_VITIS_LOOP_249_7  |     1033|     1033|        11|          1|          1|  1024|       yes|
        +------------------------------------------------------+---------+---------+----------+-----------+-----------+------+----------+

============================================================
+ Verbose Summary: Synthesis Manager
============================================================
InlineROM: 1
ExposeGlobal: 0
============================================================
+ Verbose Summary: CDFG Model
============================================================
IsTopModel: 0
ResetActiveHigh: 1
IsCombinational: 0
IsDatapathOnly: 0
HasWiredReturn: 1
HasMFsm: 2
HasVarLatency: 1
IsPipeline: 0
IsRtlPipelined: 0
IsInstanceOverlapped: 0
IsDontTouch: 0
HasImplIP: 0
IsGatedGlobalClock: 0

+ Individual pipeline summary: 
  * Pipeline-0: initiation interval (II) = 1, depth = 12


============================================================
+ Verbose Summary: Schedule
============================================================
* Number of FSM states : 12
* Pipeline : 1
  Pipeline-0 : II = 1, D = 12, States = { 1 2 3 4 5 6 7 8 9 10 11 12 }
* Dataflow Pipeline: 0

* FSM state transitions: 
1 --> 2 
2 --> 3 
3 --> 4 
4 --> 5 
5 --> 6 
6 --> 7 
7 --> 8 
8 --> 9 
9 --> 10 
10 --> 11 
11 --> 12 
12 --> 

* FSM state operations: 

State 1 <SV = 0> <Delay = 0.36>
ST_1 : Operation 14 [1/1] (0.00ns)   --->   "%n = alloca i32 1" [tools.cpp:249]   --->   Operation 14 'alloca' 'n' <Predicate = true> <Delay = 0.00>
ST_1 : Operation 15 [1/1] (0.00ns)   --->   "%m = alloca i32 1" [tools.cpp:246]   --->   Operation 15 'alloca' 'm' <Predicate = true> <Delay = 0.00>
ST_1 : Operation 16 [1/1] (0.00ns)   --->   "%indvar_flatten41 = alloca i32 1"   --->   Operation 16 'alloca' 'indvar_flatten41' <Predicate = true> <Delay = 0.00>
ST_1 : Operation 17 [1/1] (0.00ns)   --->   "%indvar_flatten53 = alloca i32 1"   --->   Operation 17 'alloca' 'indvar_flatten53' <Predicate = true> <Delay = 0.00>
ST_1 : Operation 18 [1/1] (0.00ns)   --->   "%specinterface_ln0 = specinterface void @_ssdm_op_SpecInterface, i128 %MM_BUS, void @empty_20, i32 0, i32 0, void @empty_12, i32 0, i32 5000, void @empty_15, void @empty_10, void @empty_12, i32 16, i32 16, i32 16, i32 16, void @empty_12, void @empty_12, i32 4294967295, i32 0"   --->   Operation 18 'specinterface' 'specinterface_ln0' <Predicate = true> <Delay = 0.00>
ST_1 : Operation 19 [1/1] (0.00ns)   --->   "%specinterface_ln0 = specinterface void @_ssdm_op_SpecInterface, i128 %fifo_mm_w, void @empty_21, i32 0, i32 0, void @empty_12, i32 0, i32 0, void @empty_12, void @empty_12, void @empty_12, i32 0, i32 0, i32 0, i32 0, void @empty_12, void @empty_12, i32 4294967295, i32 0"   --->   Operation 19 'specinterface' 'specinterface_ln0' <Predicate = true> <Delay = 0.00>
ST_1 : Operation 20 [1/1] (0.00ns)   --->   "%MM_Weight_read = read i64 @_ssdm_op_Read.ap_auto.i64, i64 %MM_Weight" [tools.cpp:215]   --->   Operation 20 'read' 'MM_Weight_read' <Predicate = true> <Delay = 0.00>
ST_1 : Operation 21 [1/1] (0.00ns)   --->   "%bound39_read = read i60 @_ssdm_op_Read.ap_auto.i60, i60 %bound39" [tools.cpp:215]   --->   Operation 21 'read' 'bound39_read' <Predicate = true> <Delay = 0.00>
ST_1 : Operation 22 [1/1] (0.00ns)   --->   "%N_read = read i32 @_ssdm_op_Read.ap_auto.i32, i32 %N" [tools.cpp:215]   --->   Operation 22 'read' 'N_read' <Predicate = true> <Delay = 0.00>
ST_1 : Operation 23 [1/1] (0.00ns)   --->   "%bound46_read = read i88 @_ssdm_op_Read.ap_auto.i88, i88 %bound46" [tools.cpp:215]   --->   Operation 23 'read' 'bound46_read' <Predicate = true> <Delay = 0.00>
ST_1 : Operation 24 [1/1] (0.36ns)   --->   "%store_ln0 = store i88 0, i88 %indvar_flatten53"   --->   Operation 24 'store' 'store_ln0' <Predicate = true> <Delay = 0.36>
ST_1 : Operation 25 [1/1] (0.36ns)   --->   "%store_ln0 = store i60 0, i60 %indvar_flatten41"   --->   Operation 25 'store' 'store_ln0' <Predicate = true> <Delay = 0.36>
ST_1 : Operation 26 [1/1] (0.36ns)   --->   "%store_ln246 = store i28 0, i28 %m" [tools.cpp:246]   --->   Operation 26 'store' 'store_ln246' <Predicate = true> <Delay = 0.36>
ST_1 : Operation 27 [1/1] (0.36ns)   --->   "%store_ln249 = store i32 0, i32 %n" [tools.cpp:249]   --->   Operation 27 'store' 'store_ln249' <Predicate = true> <Delay = 0.36>
ST_1 : Operation 28 [1/1] (0.36ns)   --->   "%br_ln0 = br void %for.inc61"   --->   Operation 28 'br' 'br_ln0' <Predicate = true> <Delay = 0.36>

State 2 <SV = 1> <Delay = 6.01>
ST_2 : Operation 29 [1/1] (0.00ns)   --->   "%first_iter_3 = phi i1 1, void %newFuncRoot, i1 0, void %for.inc61.split"   --->   Operation 29 'phi' 'first_iter_3' <Predicate = true> <Delay = 0.00>
ST_2 : Operation 30 [1/1] (0.00ns)   --->   "%n_3 = load i32 %n" [tools.cpp:249]   --->   Operation 30 'load' 'n_3' <Predicate = true> <Delay = 0.00>
ST_2 : Operation 31 [1/1] (0.00ns)   --->   "%indvar_flatten41_load = load i60 %indvar_flatten41" [tools.cpp:246]   --->   Operation 31 'load' 'indvar_flatten41_load' <Predicate = true> <Delay = 0.00>
ST_2 : Operation 32 [1/1] (0.00ns)   --->   "%indvar_flatten53_load = load i88 %indvar_flatten53" [tools.cpp:243]   --->   Operation 32 'load' 'indvar_flatten53_load' <Predicate = true> <Delay = 0.00>
ST_2 : Operation 33 [1/1] (1.09ns)   --->   "%icmp_ln243 = icmp_eq  i88 %indvar_flatten53_load, i88 %bound46_read" [tools.cpp:243]   --->   Operation 33 'icmp' 'icmp_ln243' <Predicate = true> <Delay = 1.09> <CoreInst = "Cmp">   --->   Core 9 'Cmp' <Latency = 0> <II = 1> <Delay = 1.09> <FuncUnit> <Opcode : 'icmp'> <InPorts = 2> <OutPorts = 1>
ST_2 : Operation 34 [1/1] (1.09ns)   --->   "%add_ln243 = add i88 %indvar_flatten53_load, i88 1" [tools.cpp:243]   --->   Operation 34 'add' 'add_ln243' <Predicate = true> <Delay = 1.09> <CoreInst = "Adder">   --->   Core 1 'Adder' <Latency = 0> <II = 1> <Delay = 1.09> <FuncUnit> <Opcode : 'add' 'sub'> <InPorts = 2> <OutPorts = 1>
ST_2 : Operation 35 [1/1] (0.00ns)   --->   "%br_ln243 = br i1 %icmp_ln243, void %for.inc67.loopexit, void %if.end.loopexit.exitStub" [tools.cpp:243]   --->   Operation 35 'br' 'br_ln243' <Predicate = true> <Delay = 0.00>
ST_2 : Operation 36 [1/1] (0.00ns)   --->   "%m_load = load i28 %m" [tools.cpp:243]   --->   Operation 36 'load' 'm_load' <Predicate = (!icmp_ln243)> <Delay = 0.00>
ST_2 : Operation 37 [1/1] (0.94ns)   --->   "%icmp_ln246 = icmp_eq  i60 %indvar_flatten41_load, i60 %bound39_read" [tools.cpp:246]   --->   Operation 37 'icmp' 'icmp_ln246' <Predicate = (!icmp_ln243)> <Delay = 0.94> <CoreInst = "Cmp">   --->   Core 9 'Cmp' <Latency = 0> <II = 1> <Delay = 0.94> <FuncUnit> <Opcode : 'icmp'> <InPorts = 2> <OutPorts = 1>
ST_2 : Operation 38 [1/1] (0.30ns)   --->   "%select_ln243 = select i1 %icmp_ln246, i28 0, i28 %m_load" [tools.cpp:243]   --->   Operation 38 'select' 'select_ln243' <Predicate = (!icmp_ln243)> <Delay = 0.30> <CoreInst = "Sel">   --->   Core 73 'Sel' <Latency = 0> <II = 1> <Delay = 0.30> <FuncUnit> <Opcode : 'select'> <InPorts = 3> <OutPorts = 1>
ST_2 : Operation 39 [1/1] (0.00ns) (grouped into LUT with out node or_ln246)   --->   "%or_ln243 = or i1 %icmp_ln246, i1 %first_iter_3" [tools.cpp:243]   --->   Operation 39 'or' 'or_ln243' <Predicate = (!icmp_ln243)> <Delay = 0.00> <CoreInst = "LogicGate">   --->   Core 74 'LogicGate' <Latency = 0> <II = 1> <Delay = 0.11> <FuncUnit> <Opcode : 'and' 'or' 'xor'> <InPorts = 2> <OutPorts = 1>
ST_2 : Operation 40 [1/1] (0.79ns)   --->   "%icmp_ln249 = icmp_eq  i32 %N_read, i32 0" [tools.cpp:249]   --->   Operation 40 'icmp' 'icmp_ln249' <Predicate = (!icmp_ln243)> <Delay = 0.79> <CoreInst = "Cmp">   --->   Core 9 'Cmp' <Latency = 0> <II = 1> <Delay = 0.79> <FuncUnit> <Opcode : 'icmp'> <InPorts = 2> <OutPorts = 1>
ST_2 : Operation 41 [1/1] (0.79ns)   --->   "%icmp_ln249_1 = icmp_eq  i32 %n_3, i32 %N_read" [tools.cpp:249]   --->   Operation 41 'icmp' 'icmp_ln249_1' <Predicate = (!icmp_ln243)> <Delay = 0.79> <CoreInst = "Cmp">   --->   Core 9 'Cmp' <Latency = 0> <II = 1> <Delay = 0.79> <FuncUnit> <Opcode : 'icmp'> <InPorts = 2> <OutPorts = 1>
ST_2 : Operation 42 [1/1] (0.25ns)   --->   "%select_ln243_1 = select i1 %icmp_ln246, i1 %icmp_ln249, i1 %icmp_ln249_1" [tools.cpp:243]   --->   Operation 42 'select' 'select_ln243_1' <Predicate = (!icmp_ln243)> <Delay = 0.25> <CoreInst = "Sel">   --->   Core 73 'Sel' <Latency = 0> <II = 1> <Delay = 0.25> <FuncUnit> <Opcode : 'select'> <InPorts = 3> <OutPorts = 1>
ST_2 : Operation 43 [1/1] (0.77ns)   --->   "%add_ln246 = add i28 %select_ln243, i28 1" [tools.cpp:246]   --->   Operation 43 'add' 'add_ln246' <Predicate = (!icmp_ln243)> <Delay = 0.77> <CoreInst = "Adder">   --->   Core 1 'Adder' <Latency = 0> <II = 1> <Delay = 0.77> <FuncUnit> <Opcode : 'add' 'sub'> <InPorts = 2> <OutPorts = 1>
ST_2 : Operation 44 [1/1] (0.11ns) (out node of the LUT)   --->   "%or_ln246 = or i1 %select_ln243_1, i1 %or_ln243" [tools.cpp:246]   --->   Operation 44 'or' 'or_ln246' <Predicate = (!icmp_ln243)> <Delay = 0.11> <CoreInst = "LogicGate">   --->   Core 74 'LogicGate' <Latency = 0> <II = 1> <Delay = 0.11> <FuncUnit> <Opcode : 'and' 'or' 'xor'> <InPorts = 2> <OutPorts = 1>
ST_2 : Operation 45 [1/1] (0.30ns)   --->   "%select_ln246 = select i1 %select_ln243_1, i28 %add_ln246, i28 %select_ln243" [tools.cpp:246]   --->   Operation 45 'select' 'select_ln246' <Predicate = (!icmp_ln243)> <Delay = 0.30> <CoreInst = "Sel">   --->   Core 73 'Sel' <Latency = 0> <II = 1> <Delay = 0.30> <FuncUnit> <Opcode : 'select'> <InPorts = 3> <OutPorts = 1>
ST_2 : Operation 46 [1/1] (0.00ns)   --->   "%m_2_cast = zext i28 %select_ln246" [tools.cpp:246]   --->   Operation 46 'zext' 'm_2_cast' <Predicate = (!icmp_ln243)> <Delay = 0.00>
ST_2 : Operation 47 [1/1] (2.73ns)   --->   "%empty_354 = mul i32 %m_2_cast, i32 %N_read" [tools.cpp:246]   --->   Operation 47 'mul' 'empty_354' <Predicate = (!icmp_ln243)> <Delay = 2.73> <CoreInst = "Multiplier">   --->   Core 3 'Multiplier' <Latency = 0> <II = 1> <Delay = 2.73> <FuncUnit> <Opcode : 'mul'> <InPorts = 2> <OutPorts = 1>
ST_2 : Operation 48 [1/1] (0.00ns)   --->   "%tmp_s = bitconcatenate i36 @_ssdm_op_BitConcatenate.i36.i32.i4, i32 %empty_354, i4 0" [tools.cpp:246]   --->   Operation 48 'bitconcatenate' 'tmp_s' <Predicate = (!icmp_ln243)> <Delay = 0.00>
ST_2 : Operation 49 [1/1] (0.00ns)   --->   "%p_cast3 = zext i36 %tmp_s" [tools.cpp:246]   --->   Operation 49 'zext' 'p_cast3' <Predicate = (!icmp_ln243)> <Delay = 0.00>
ST_2 : Operation 50 [1/1] (0.96ns)   --->   "%empty_355 = add i64 %p_cast3, i64 %MM_Weight_read" [tools.cpp:246]   --->   Operation 50 'add' 'empty_355' <Predicate = (!icmp_ln243)> <Delay = 0.96> <CoreInst = "Adder">   --->   Core 1 'Adder' <Latency = 0> <II = 1> <Delay = 0.96> <FuncUnit> <Opcode : 'add' 'sub'> <InPorts = 2> <OutPorts = 1>
ST_2 : Operation 51 [1/1] (0.00ns)   --->   "%trunc_ln = partselect i60 @_ssdm_op_PartSelect.i60.i64.i32.i32, i64 %empty_355, i32 4, i32 63" [tools.cpp:249]   --->   Operation 51 'partselect' 'trunc_ln' <Predicate = (!icmp_ln243)> <Delay = 0.00>
ST_2 : Operation 52 [1/1] (0.00ns)   --->   "%br_ln249 = br i1 %or_ln246, void %for.inc61.split, void %for.first.iter.for.inc61" [tools.cpp:249]   --->   Operation 52 'br' 'br_ln249' <Predicate = (!icmp_ln243)> <Delay = 0.00>
ST_2 : Operation 53 [1/1] (0.79ns)   --->   "%add_ln249 = add i32 %n_3, i32 1" [tools.cpp:249]   --->   Operation 53 'add' 'add_ln249' <Predicate = (!icmp_ln243)> <Delay = 0.79> <CoreInst = "Adder">   --->   Core 1 'Adder' <Latency = 0> <II = 1> <Delay = 0.79> <FuncUnit> <Opcode : 'add' 'sub'> <InPorts = 2> <OutPorts = 1>
ST_2 : Operation 54 [1/1] (0.00ns) (grouped into LUT with out node select_ln249)   --->   "%or_ln249 = or i1 %select_ln243_1, i1 %icmp_ln246" [tools.cpp:249]   --->   Operation 54 'or' 'or_ln249' <Predicate = (!icmp_ln243)> <Delay = 0.00> <CoreInst = "LogicGate">   --->   Core 74 'LogicGate' <Latency = 0> <II = 1> <Delay = 0.11> <FuncUnit> <Opcode : 'and' 'or' 'xor'> <InPorts = 2> <OutPorts = 1>
ST_2 : Operation 55 [1/1] (0.21ns) (out node of the LUT)   --->   "%select_ln249 = select i1 %or_ln249, i32 1, i32 %add_ln249" [tools.cpp:249]   --->   Operation 55 'select' 'select_ln249' <Predicate = (!icmp_ln243)> <Delay = 0.21> <CoreInst = "Sel">   --->   Core 73 'Sel' <Latency = 0> <II = 1> <Delay = 0.21> <FuncUnit> <Opcode : 'select'> <InPorts = 3> <OutPorts = 1>
ST_2 : Operation 56 [1/1] (0.94ns)   --->   "%add_ln246_1 = add i60 %indvar_flatten41_load, i60 1" [tools.cpp:246]   --->   Operation 56 'add' 'add_ln246_1' <Predicate = (!icmp_ln243)> <Delay = 0.94> <CoreInst = "Adder">   --->   Core 1 'Adder' <Latency = 0> <II = 1> <Delay = 0.94> <FuncUnit> <Opcode : 'add' 'sub'> <InPorts = 2> <OutPorts = 1>
ST_2 : Operation 57 [1/1] (0.27ns)   --->   "%select_ln246_1 = select i1 %icmp_ln246, i60 1, i60 %add_ln246_1" [tools.cpp:246]   --->   Operation 57 'select' 'select_ln246_1' <Predicate = (!icmp_ln243)> <Delay = 0.27> <CoreInst = "Sel">   --->   Core 73 'Sel' <Latency = 0> <II = 1> <Delay = 0.27> <FuncUnit> <Opcode : 'select'> <InPorts = 3> <OutPorts = 1>
ST_2 : Operation 58 [1/1] (0.36ns)   --->   "%store_ln243 = store i88 %add_ln243, i88 %indvar_flatten53" [tools.cpp:243]   --->   Operation 58 'store' 'store_ln243' <Predicate = (!icmp_ln243)> <Delay = 0.36>
ST_2 : Operation 59 [1/1] (0.36ns)   --->   "%store_ln246 = store i60 %select_ln246_1, i60 %indvar_flatten41" [tools.cpp:246]   --->   Operation 59 'store' 'store_ln246' <Predicate = (!icmp_ln243)> <Delay = 0.36>
ST_2 : Operation 60 [1/1] (0.36ns)   --->   "%store_ln246 = store i28 %select_ln246, i28 %m" [tools.cpp:246]   --->   Operation 60 'store' 'store_ln246' <Predicate = (!icmp_ln243)> <Delay = 0.36>
ST_2 : Operation 61 [1/1] (0.36ns)   --->   "%store_ln249 = store i32 %select_ln249, i32 %n" [tools.cpp:249]   --->   Operation 61 'store' 'store_ln249' <Predicate = (!icmp_ln243)> <Delay = 0.36>
ST_2 : Operation 62 [1/1] (0.00ns)   --->   "%br_ln249 = br void %for.inc61" [tools.cpp:249]   --->   Operation 62 'br' 'br_ln249' <Predicate = (!icmp_ln243)> <Delay = 0.00>

State 3 <SV = 2> <Delay = 7.30>
ST_3 : Operation 63 [1/1] (0.00ns)   --->   "%specloopname_ln0 = specloopname void @_ssdm_op_SpecLoopName, void @VITIS_LOOP_243_5_VITIS_LOOP_246_6_VITIS_LOOP_249_7_str"   --->   Operation 63 'specloopname' 'specloopname_ln0' <Predicate = true> <Delay = 0.00>
ST_3 : Operation 64 [1/1] (0.00ns)   --->   "%speclooptripcount_ln0 = speclooptripcount void @_ssdm_op_SpecLoopTripCount, i64 1024, i64 1024, i64 1024"   --->   Operation 64 'speclooptripcount' 'speclooptripcount_ln0' <Predicate = true> <Delay = 0.00>
ST_3 : Operation 65 [1/1] (0.00ns)   --->   "%sext_ln249 = sext i60 %trunc_ln" [tools.cpp:249]   --->   Operation 65 'sext' 'sext_ln249' <Predicate = true> <Delay = 0.00>
ST_3 : Operation 66 [1/1] (0.00ns)   --->   "%MM_BUS_addr = getelementptr i128 %MM_BUS, i64 %sext_ln249" [tools.cpp:249]   --->   Operation 66 'getelementptr' 'MM_BUS_addr' <Predicate = true> <Delay = 0.00>
ST_3 : Operation 67 [8/8] (7.30ns)   --->   "%empty = readreq i1 @_ssdm_op_ReadReq.m_axi.p1i128, i128 %MM_BUS_addr, i32 %N_read" [tools.cpp:249]   --->   Operation 67 'readreq' 'empty' <Predicate = (or_ln246)> <Delay = 7.30> <CoreInst = "m_axi">   --->   Core 121 'm_axi' <Latency = 0> <II = 1> <Delay = 1.00> <Adapter> <Opcode : 'read' 'write' 'readreq' 'writereq' 'writeresp'>

State 4 <SV = 3> <Delay = 7.30>
ST_4 : Operation 68 [7/8] (7.30ns)   --->   "%empty = readreq i1 @_ssdm_op_ReadReq.m_axi.p1i128, i128 %MM_BUS_addr, i32 %N_read" [tools.cpp:249]   --->   Operation 68 'readreq' 'empty' <Predicate = (or_ln246)> <Delay = 7.30> <CoreInst = "m_axi">   --->   Core 121 'm_axi' <Latency = 0> <II = 1> <Delay = 1.00> <Adapter> <Opcode : 'read' 'write' 'readreq' 'writereq' 'writeresp'>

State 5 <SV = 4> <Delay = 7.30>
ST_5 : Operation 69 [6/8] (7.30ns)   --->   "%empty = readreq i1 @_ssdm_op_ReadReq.m_axi.p1i128, i128 %MM_BUS_addr, i32 %N_read" [tools.cpp:249]   --->   Operation 69 'readreq' 'empty' <Predicate = (or_ln246)> <Delay = 7.30> <CoreInst = "m_axi">   --->   Core 121 'm_axi' <Latency = 0> <II = 1> <Delay = 1.00> <Adapter> <Opcode : 'read' 'write' 'readreq' 'writereq' 'writeresp'>

State 6 <SV = 5> <Delay = 7.30>
ST_6 : Operation 70 [5/8] (7.30ns)   --->   "%empty = readreq i1 @_ssdm_op_ReadReq.m_axi.p1i128, i128 %MM_BUS_addr, i32 %N_read" [tools.cpp:249]   --->   Operation 70 'readreq' 'empty' <Predicate = (or_ln246)> <Delay = 7.30> <CoreInst = "m_axi">   --->   Core 121 'm_axi' <Latency = 0> <II = 1> <Delay = 1.00> <Adapter> <Opcode : 'read' 'write' 'readreq' 'writereq' 'writeresp'>

State 7 <SV = 6> <Delay = 7.30>
ST_7 : Operation 71 [4/8] (7.30ns)   --->   "%empty = readreq i1 @_ssdm_op_ReadReq.m_axi.p1i128, i128 %MM_BUS_addr, i32 %N_read" [tools.cpp:249]   --->   Operation 71 'readreq' 'empty' <Predicate = (or_ln246)> <Delay = 7.30> <CoreInst = "m_axi">   --->   Core 121 'm_axi' <Latency = 0> <II = 1> <Delay = 1.00> <Adapter> <Opcode : 'read' 'write' 'readreq' 'writereq' 'writeresp'>

State 8 <SV = 7> <Delay = 7.30>
ST_8 : Operation 72 [3/8] (7.30ns)   --->   "%empty = readreq i1 @_ssdm_op_ReadReq.m_axi.p1i128, i128 %MM_BUS_addr, i32 %N_read" [tools.cpp:249]   --->   Operation 72 'readreq' 'empty' <Predicate = (or_ln246)> <Delay = 7.30> <CoreInst = "m_axi">   --->   Core 121 'm_axi' <Latency = 0> <II = 1> <Delay = 1.00> <Adapter> <Opcode : 'read' 'write' 'readreq' 'writereq' 'writeresp'>

State 9 <SV = 8> <Delay = 7.30>
ST_9 : Operation 73 [2/8] (7.30ns)   --->   "%empty = readreq i1 @_ssdm_op_ReadReq.m_axi.p1i128, i128 %MM_BUS_addr, i32 %N_read" [tools.cpp:249]   --->   Operation 73 'readreq' 'empty' <Predicate = (or_ln246)> <Delay = 7.30> <CoreInst = "m_axi">   --->   Core 121 'm_axi' <Latency = 0> <II = 1> <Delay = 1.00> <Adapter> <Opcode : 'read' 'write' 'readreq' 'writereq' 'writeresp'>

State 10 <SV = 9> <Delay = 7.30>
ST_10 : Operation 74 [1/8] (7.30ns)   --->   "%empty = readreq i1 @_ssdm_op_ReadReq.m_axi.p1i128, i128 %MM_BUS_addr, i32 %N_read" [tools.cpp:249]   --->   Operation 74 'readreq' 'empty' <Predicate = (or_ln246)> <Delay = 7.30> <CoreInst = "m_axi">   --->   Core 121 'm_axi' <Latency = 0> <II = 1> <Delay = 1.00> <Adapter> <Opcode : 'read' 'write' 'readreq' 'writereq' 'writeresp'>
ST_10 : Operation 75 [1/1] (0.00ns)   --->   "%br_ln249 = br void %for.inc61.split" [tools.cpp:249]   --->   Operation 75 'br' 'br_ln249' <Predicate = (or_ln246)> <Delay = 0.00>

State 11 <SV = 10> <Delay = 7.30>
ST_11 : Operation 76 [1/1] (7.30ns)   --->   "%MM_BUS_addr_read = read i128 @_ssdm_op_Read.m_axi.p1i128, i128 %MM_BUS_addr" [tools.cpp:253]   --->   Operation 76 'read' 'MM_BUS_addr_read' <Predicate = (!icmp_ln243)> <Delay = 7.30> <CoreInst = "m_axi">   --->   Core 121 'm_axi' <Latency = 0> <II = 1> <Delay = 1.00> <Adapter> <Opcode : 'read' 'write' 'readreq' 'writereq' 'writeresp'>
ST_11 : Operation 79 [1/1] (0.00ns)   --->   "%ret_ln0 = ret"   --->   Operation 79 'ret' 'ret_ln0' <Predicate = (icmp_ln243)> <Delay = 0.00>

State 12 <SV = 11> <Delay = 1.46>
ST_12 : Operation 77 [1/1] (0.00ns)   --->   "%specpipeline_ln252 = specpipeline void @_ssdm_op_SpecPipeline, i32 1, i32 0, i32 0, i32 0, void @empty_12" [tools.cpp:252]   --->   Operation 77 'specpipeline' 'specpipeline_ln252' <Predicate = (!icmp_ln243)> <Delay = 0.00>
ST_12 : Operation 78 [1/1] (1.46ns)   --->   "%write_ln254 = write void @_ssdm_op_Write.ap_fifo.volatile.i128P0A, i128 %fifo_mm_w, i128 %MM_BUS_addr_read" [tools.cpp:254]   --->   Operation 78 'write' 'write_ln254' <Predicate = (!icmp_ln243)> <Delay = 1.46> <CoreInst = "FIFO">   --->   Core 78 'FIFO' <Latency = 0> <II = 1> <Delay = 1.46> <Storage> <Opcode : 'read' 'write' 'nbread' 'nbwrite'> <Ports = 0> <Width = 128> <Depth = 128> <FIFO>


============================================================
+ Verbose Summary: Timing violations
============================================================
Target clock period: 10.000ns, clock uncertainty: 2.700ns.

 <State 1>: 0.362ns
The critical path consists of the following:
	'alloca' operation 88 bit ('indvar_flatten53') [10]  (0.000 ns)
	'store' operation 0 bit ('store_ln0') of constant 0 on local variable 'indvar_flatten53' [17]  (0.362 ns)

 <State 2>: 6.013ns
The critical path consists of the following:
	'load' operation 60 bit ('indvar_flatten41_load', tools.cpp:246) on local variable 'indvar_flatten41' [25]  (0.000 ns)
	'icmp' operation 1 bit ('icmp_ln246', tools.cpp:246) [34]  (0.944 ns)
	'select' operation 28 bit ('select_ln243', tools.cpp:243) [35]  (0.301 ns)
	'add' operation 28 bit ('add_ln246', tools.cpp:246) [40]  (0.774 ns)
	'select' operation 28 bit ('select_ln246', tools.cpp:246) [42]  (0.301 ns)
	'mul' operation 32 bit ('empty_354', tools.cpp:246) [44]  (2.730 ns)
	'add' operation 64 bit ('empty_355', tools.cpp:246) [47]  (0.963 ns)

 <State 3>: 7.300ns
The critical path consists of the following:
	'getelementptr' operation 128 bit ('MM_BUS_addr', tools.cpp:249) [50]  (0.000 ns)
	bus request operation ('empty', tools.cpp:249) on port 'MM_BUS' (tools.cpp:249) [53]  (7.300 ns)

 <State 4>: 7.300ns
The critical path consists of the following:
	bus request operation ('empty', tools.cpp:249) on port 'MM_BUS' (tools.cpp:249) [53]  (7.300 ns)

 <State 5>: 7.300ns
The critical path consists of the following:
	bus request operation ('empty', tools.cpp:249) on port 'MM_BUS' (tools.cpp:249) [53]  (7.300 ns)

 <State 6>: 7.300ns
The critical path consists of the following:
	bus request operation ('empty', tools.cpp:249) on port 'MM_BUS' (tools.cpp:249) [53]  (7.300 ns)

 <State 7>: 7.300ns
The critical path consists of the following:
	bus request operation ('empty', tools.cpp:249) on port 'MM_BUS' (tools.cpp:249) [53]  (7.300 ns)

 <State 8>: 7.300ns
The critical path consists of the following:
	bus request operation ('empty', tools.cpp:249) on port 'MM_BUS' (tools.cpp:249) [53]  (7.300 ns)

 <State 9>: 7.300ns
The critical path consists of the following:
	bus request operation ('empty', tools.cpp:249) on port 'MM_BUS' (tools.cpp:249) [53]  (7.300 ns)

 <State 10>: 7.300ns
The critical path consists of the following:
	bus request operation ('empty', tools.cpp:249) on port 'MM_BUS' (tools.cpp:249) [53]  (7.300 ns)

 <State 11>: 7.300ns
The critical path consists of the following:
	bus read operation ('MM_BUS_addr_read', tools.cpp:253) on port 'MM_BUS' (tools.cpp:253) [57]  (7.300 ns)

 <State 12>: 1.466ns
The critical path consists of the following:
	fifo write operation ('write_ln254', tools.cpp:254) on port 'fifo_mm_w' (tools.cpp:254) [58]  (1.466 ns)


============================================================
+ Verbose Summary: Binding
============================================================
N/A
* FSMD analyzer results:
  - Output states:
 - Input state : 
  - Chain level:
	State 1
	State 2
	State 3
	State 4
	State 5
	State 6
	State 7
	State 8
	State 9
	State 10
	State 11
	State 12


============================================================
+ Verbose Summary: Datapath Resource usage 
============================================================
N/A
