

================================================================
== Vitis HLS Report for 'ConvertInputToStream_Pipeline_VITIS_LOOP_40_5_VITIS_LOOP_43_6_VITIS_LOOP_46_7'
================================================================
* Date:           Mon Mar 10 15:35:49 2025

* Version:        2023.2 (Build 4023990 on Oct 11 2023)
* Project:        SDA
* Solution:       solution1 (Vivado IP Flow Target)
* Product family: virtexuplusHBM
* Target device:  xcvu35p_CIV-fsvh2892-3-e


================================================================
== Performance Estimates
================================================================
+ Timing: 
    * Summary: 
    +--------+----------+----------+------------+
    |  Clock |  Target  | Estimated| Uncertainty|
    +--------+----------+----------+------------+
    |ap_clk  |  10.00 ns|  7.300 ns|     2.70 ns|
    +--------+----------+----------+------------+

+ Latency: 
    * Summary: 
    +---------+---------+----------+----------+-----+-----+---------+
    |  Latency (cycles) |  Latency (absolute) |  Interval | Pipeline|
    |   min   |   max   |    min   |    max   | min | max |   Type  |
    +---------+---------+----------+----------+-----+-----+---------+
    |       27|       27|  0.270 us|  0.270 us|   27|   27|       no|
    +---------+---------+----------+----------+-----+-----+---------+

    + Detail: 
        * Instance: 
        N/A

        * Loop: 
        +---------------------------------------------------+---------+---------+----------+-----------+-----------+------+----------+
        |                                                   |  Latency (cycles) | Iteration|  Initiation Interval  | Trip |          |
        |                     Loop Name                     |   min   |   max   |  Latency |  achieved |   target  | Count| Pipelined|
        +---------------------------------------------------+---------+---------+----------+-----------+-----------+------+----------+
        |- VITIS_LOOP_40_5_VITIS_LOOP_43_6_VITIS_LOOP_46_7  |       25|       25|        11|          1|          1|    16|       yes|
        +---------------------------------------------------+---------+---------+----------+-----------+-----------+------+----------+

============================================================
+ Verbose Summary: Synthesis Manager
============================================================
InlineROM: 1
ExposeGlobal: 0
============================================================
+ Verbose Summary: CDFG Model
============================================================
IsTopModel: 0
ResetActiveHigh: 1
IsCombinational: 0
IsDatapathOnly: 0
HasWiredReturn: 1
HasMFsm: 2
HasVarLatency: 1
IsPipeline: 0
IsRtlPipelined: 0
IsInstanceOverlapped: 0
IsDontTouch: 0
HasImplIP: 0
IsGatedGlobalClock: 0

+ Individual pipeline summary: 
  * Pipeline-0: initiation interval (II) = 1, depth = 12


============================================================
+ Verbose Summary: Schedule
============================================================
* Number of FSM states : 12
* Pipeline : 1
  Pipeline-0 : II = 1, D = 12, States = { 1 2 3 4 5 6 7 8 9 10 11 12 }
* Dataflow Pipeline: 0

* FSM state transitions: 
1 --> 2 
2 --> 3 
3 --> 4 
4 --> 5 
5 --> 6 
6 --> 7 
7 --> 8 
8 --> 9 
9 --> 10 
10 --> 11 
11 --> 12 
12 --> 

* FSM state operations: 

State 1 <SV = 0> <Delay = 0.36>
ST_1 : Operation 14 [1/1] (0.00ns)   --->   "%n = alloca i32 1" [tools.cpp:46]   --->   Operation 14 'alloca' 'n' <Predicate = true> <Delay = 0.00>
ST_1 : Operation 15 [1/1] (0.00ns)   --->   "%indvar_flatten40 = alloca i32 1"   --->   Operation 15 'alloca' 'indvar_flatten40' <Predicate = true> <Delay = 0.00>
ST_1 : Operation 16 [1/1] (0.00ns)   --->   "%r = alloca i32 1" [tools.cpp:40]   --->   Operation 16 'alloca' 'r' <Predicate = true> <Delay = 0.00>
ST_1 : Operation 17 [1/1] (0.00ns)   --->   "%indvar_flatten53 = alloca i32 1"   --->   Operation 17 'alloca' 'indvar_flatten53' <Predicate = true> <Delay = 0.00>
ST_1 : Operation 18 [1/1] (0.00ns)   --->   "%specinterface_ln0 = specinterface void @_ssdm_op_SpecInterface, i512 %A_BUS, void @empty_17, i32 0, i32 0, void @empty_14, i32 0, i32 5000, void @empty_13, void @empty_12, void @empty_14, i32 16, i32 16, i32 16, i32 16, void @empty_14, void @empty_14, i32 4294967295, i32 0"   --->   Operation 18 'specinterface' 'specinterface_ln0' <Predicate = true> <Delay = 0.00>
ST_1 : Operation 19 [1/1] (0.00ns)   --->   "%specinterface_ln0 = specinterface void @_ssdm_op_SpecInterface, i512 %mm_a, void @empty_24, i32 0, i32 0, void @empty_14, i32 0, i32 0, void @empty_14, void @empty_14, void @empty_14, i32 0, i32 0, i32 0, i32 0, void @empty_14, void @empty_14, i32 4294967295, i32 0"   --->   Operation 19 'specinterface' 'specinterface_ln0' <Predicate = true> <Delay = 0.00>
ST_1 : Operation 20 [1/1] (0.00ns)   --->   "%A_read = read i64 @_ssdm_op_Read.ap_auto.i64, i64 %A" [tools.cpp:15]   --->   Operation 20 'read' 'A_read' <Predicate = true> <Delay = 0.00>
ST_1 : Operation 21 [1/1] (0.00ns)   --->   "%bound38_read = read i60 @_ssdm_op_Read.ap_auto.i60, i60 %bound38" [tools.cpp:15]   --->   Operation 21 'read' 'bound38_read' <Predicate = true> <Delay = 0.00>
ST_1 : Operation 22 [1/1] (0.00ns)   --->   "%N_read = read i32 @_ssdm_op_Read.ap_auto.i32, i32 %N" [tools.cpp:15]   --->   Operation 22 'read' 'N_read' <Predicate = true> <Delay = 0.00>
ST_1 : Operation 23 [1/1] (0.00ns)   --->   "%bound45_read = read i88 @_ssdm_op_Read.ap_auto.i88, i88 %bound45" [tools.cpp:15]   --->   Operation 23 'read' 'bound45_read' <Predicate = true> <Delay = 0.00>
ST_1 : Operation 24 [1/1] (0.36ns)   --->   "%store_ln0 = store i88 0, i88 %indvar_flatten53"   --->   Operation 24 'store' 'store_ln0' <Predicate = true> <Delay = 0.36>
ST_1 : Operation 25 [1/1] (0.36ns)   --->   "%store_ln40 = store i28 0, i28 %r" [tools.cpp:40]   --->   Operation 25 'store' 'store_ln40' <Predicate = true> <Delay = 0.36>
ST_1 : Operation 26 [1/1] (0.36ns)   --->   "%store_ln0 = store i60 0, i60 %indvar_flatten40"   --->   Operation 26 'store' 'store_ln0' <Predicate = true> <Delay = 0.36>
ST_1 : Operation 27 [1/1] (0.36ns)   --->   "%store_ln46 = store i32 0, i32 %n" [tools.cpp:46]   --->   Operation 27 'store' 'store_ln46' <Predicate = true> <Delay = 0.36>
ST_1 : Operation 28 [1/1] (0.36ns)   --->   "%br_ln0 = br void %for.inc49"   --->   Operation 28 'br' 'br_ln0' <Predicate = true> <Delay = 0.36>

State 2 <SV = 1> <Delay = 4.93>
ST_2 : Operation 29 [1/1] (0.00ns)   --->   "%first_iter_2 = phi i1 1, void %newFuncRoot, i1 0, void %for.inc49.split"   --->   Operation 29 'phi' 'first_iter_2' <Predicate = true> <Delay = 0.00>
ST_2 : Operation 30 [1/1] (0.00ns)   --->   "%n_2 = load i32 %n" [tools.cpp:46]   --->   Operation 30 'load' 'n_2' <Predicate = true> <Delay = 0.00>
ST_2 : Operation 31 [1/1] (0.00ns)   --->   "%indvar_flatten40_load = load i60 %indvar_flatten40" [tools.cpp:43]   --->   Operation 31 'load' 'indvar_flatten40_load' <Predicate = true> <Delay = 0.00>
ST_2 : Operation 32 [1/1] (0.00ns)   --->   "%indvar_flatten53_load = load i88 %indvar_flatten53" [tools.cpp:40]   --->   Operation 32 'load' 'indvar_flatten53_load' <Predicate = true> <Delay = 0.00>
ST_2 : Operation 33 [1/1] (1.09ns)   --->   "%icmp_ln40 = icmp_eq  i88 %indvar_flatten53_load, i88 %bound45_read" [tools.cpp:40]   --->   Operation 33 'icmp' 'icmp_ln40' <Predicate = true> <Delay = 1.09> <CoreInst = "Cmp">   --->   Core 9 'Cmp' <Latency = 0> <II = 1> <Delay = 1.09> <FuncUnit> <Opcode : 'icmp'> <InPorts = 2> <OutPorts = 1>
ST_2 : Operation 34 [1/1] (1.09ns)   --->   "%add_ln40_1 = add i88 %indvar_flatten53_load, i88 1" [tools.cpp:40]   --->   Operation 34 'add' 'add_ln40_1' <Predicate = true> <Delay = 1.09> <CoreInst = "Adder">   --->   Core 1 'Adder' <Latency = 0> <II = 1> <Delay = 1.09> <FuncUnit> <Opcode : 'add' 'sub'> <InPorts = 2> <OutPorts = 1>
ST_2 : Operation 35 [1/1] (0.00ns)   --->   "%br_ln40 = br i1 %icmp_ln40, void %for.inc55.loopexit, void %if.end.loopexit.exitStub" [tools.cpp:40]   --->   Operation 35 'br' 'br_ln40' <Predicate = true> <Delay = 0.00>
ST_2 : Operation 36 [1/1] (0.00ns)   --->   "%r_load = load i28 %r" [tools.cpp:40]   --->   Operation 36 'load' 'r_load' <Predicate = (!icmp_ln40)> <Delay = 0.00>
ST_2 : Operation 37 [1/1] (0.77ns)   --->   "%add_ln40 = add i28 %r_load, i28 1" [tools.cpp:40]   --->   Operation 37 'add' 'add_ln40' <Predicate = (!icmp_ln40)> <Delay = 0.77> <CoreInst = "Adder">   --->   Core 1 'Adder' <Latency = 0> <II = 1> <Delay = 0.77> <FuncUnit> <Opcode : 'add' 'sub'> <InPorts = 2> <OutPorts = 1>
ST_2 : Operation 38 [1/1] (0.94ns)   --->   "%icmp_ln43 = icmp_eq  i60 %indvar_flatten40_load, i60 %bound38_read" [tools.cpp:43]   --->   Operation 38 'icmp' 'icmp_ln43' <Predicate = (!icmp_ln40)> <Delay = 0.94> <CoreInst = "Cmp">   --->   Core 9 'Cmp' <Latency = 0> <II = 1> <Delay = 0.94> <FuncUnit> <Opcode : 'icmp'> <InPorts = 2> <OutPorts = 1>
ST_2 : Operation 39 [1/1] (0.00ns) (grouped into LUT with out node or_ln43)   --->   "%or_ln40 = or i1 %icmp_ln43, i1 %first_iter_2" [tools.cpp:40]   --->   Operation 39 'or' 'or_ln40' <Predicate = (!icmp_ln40)> <Delay = 0.00> <CoreInst = "LogicGate">   --->   Core 74 'LogicGate' <Latency = 0> <II = 1> <Delay = 0.11> <FuncUnit> <Opcode : 'and' 'or' 'xor'> <InPorts = 2> <OutPorts = 1>
ST_2 : Operation 40 [1/1] (0.79ns)   --->   "%icmp_ln46 = icmp_eq  i32 %N_read, i32 0" [tools.cpp:46]   --->   Operation 40 'icmp' 'icmp_ln46' <Predicate = (!icmp_ln40)> <Delay = 0.79> <CoreInst = "Cmp">   --->   Core 9 'Cmp' <Latency = 0> <II = 1> <Delay = 0.79> <FuncUnit> <Opcode : 'icmp'> <InPorts = 2> <OutPorts = 1>
ST_2 : Operation 41 [1/1] (0.79ns)   --->   "%icmp_ln46_1 = icmp_eq  i32 %n_2, i32 %N_read" [tools.cpp:46]   --->   Operation 41 'icmp' 'icmp_ln46_1' <Predicate = (!icmp_ln40)> <Delay = 0.79> <CoreInst = "Cmp">   --->   Core 9 'Cmp' <Latency = 0> <II = 1> <Delay = 0.79> <FuncUnit> <Opcode : 'icmp'> <InPorts = 2> <OutPorts = 1>
ST_2 : Operation 42 [1/1] (0.25ns)   --->   "%select_ln40 = select i1 %icmp_ln43, i1 %icmp_ln46, i1 %icmp_ln46_1" [tools.cpp:40]   --->   Operation 42 'select' 'select_ln40' <Predicate = (!icmp_ln40)> <Delay = 0.25> <CoreInst = "Sel">   --->   Core 73 'Sel' <Latency = 0> <II = 1> <Delay = 0.25> <FuncUnit> <Opcode : 'select'> <InPorts = 3> <OutPorts = 1>
ST_2 : Operation 43 [1/1] (0.30ns)   --->   "%select_ln40_1 = select i1 %icmp_ln43, i28 %add_ln40, i28 %r_load" [tools.cpp:40]   --->   Operation 43 'select' 'select_ln40_1' <Predicate = (!icmp_ln40)> <Delay = 0.30> <CoreInst = "Sel">   --->   Core 73 'Sel' <Latency = 0> <II = 1> <Delay = 0.30> <FuncUnit> <Opcode : 'select'> <InPorts = 3> <OutPorts = 1>
ST_2 : Operation 44 [1/1] (0.11ns) (out node of the LUT)   --->   "%or_ln43 = or i1 %select_ln40, i1 %or_ln40" [tools.cpp:43]   --->   Operation 44 'or' 'or_ln43' <Predicate = (!icmp_ln40)> <Delay = 0.11> <CoreInst = "LogicGate">   --->   Core 74 'LogicGate' <Latency = 0> <II = 1> <Delay = 0.11> <FuncUnit> <Opcode : 'and' 'or' 'xor'> <InPorts = 2> <OutPorts = 1>
ST_2 : Operation 45 [1/1] (0.00ns)   --->   "%r_cast = zext i28 %select_ln40_1" [tools.cpp:40]   --->   Operation 45 'zext' 'r_cast' <Predicate = (!icmp_ln40)> <Delay = 0.00>
ST_2 : Operation 46 [1/1] (2.73ns)   --->   "%empty_1057 = mul i32 %r_cast, i32 %N_read" [tools.cpp:40]   --->   Operation 46 'mul' 'empty_1057' <Predicate = (!icmp_ln40)> <Delay = 2.73> <CoreInst = "Multiplier">   --->   Core 3 'Multiplier' <Latency = 0> <II = 1> <Delay = 2.73> <FuncUnit> <Opcode : 'mul'> <InPorts = 2> <OutPorts = 1>
ST_2 : Operation 47 [1/1] (0.00ns)   --->   "%tmp_s = bitconcatenate i38 @_ssdm_op_BitConcatenate.i38.i32.i6, i32 %empty_1057, i6 0" [tools.cpp:40]   --->   Operation 47 'bitconcatenate' 'tmp_s' <Predicate = (!icmp_ln40)> <Delay = 0.00>
ST_2 : Operation 48 [1/1] (0.00ns)   --->   "%p_cast8 = zext i38 %tmp_s" [tools.cpp:40]   --->   Operation 48 'zext' 'p_cast8' <Predicate = (!icmp_ln40)> <Delay = 0.00>
ST_2 : Operation 49 [1/1] (0.96ns)   --->   "%empty_1058 = add i64 %p_cast8, i64 %A_read" [tools.cpp:40]   --->   Operation 49 'add' 'empty_1058' <Predicate = (!icmp_ln40)> <Delay = 0.96> <CoreInst = "Adder">   --->   Core 1 'Adder' <Latency = 0> <II = 1> <Delay = 0.96> <FuncUnit> <Opcode : 'add' 'sub'> <InPorts = 2> <OutPorts = 1>
ST_2 : Operation 50 [1/1] (0.00ns)   --->   "%trunc_ln = partselect i58 @_ssdm_op_PartSelect.i58.i64.i32.i32, i64 %empty_1058, i32 6, i32 63" [tools.cpp:46]   --->   Operation 50 'partselect' 'trunc_ln' <Predicate = (!icmp_ln40)> <Delay = 0.00>
ST_2 : Operation 51 [1/1] (0.00ns)   --->   "%br_ln46 = br i1 %or_ln43, void %for.inc49.split, void %new.body.VITIS_LOOP_46_7" [tools.cpp:46]   --->   Operation 51 'br' 'br_ln46' <Predicate = (!icmp_ln40)> <Delay = 0.00>
ST_2 : Operation 52 [1/1] (0.79ns)   --->   "%add_ln46 = add i32 %n_2, i32 1" [tools.cpp:46]   --->   Operation 52 'add' 'add_ln46' <Predicate = (!icmp_ln40)> <Delay = 0.79> <CoreInst = "Adder">   --->   Core 1 'Adder' <Latency = 0> <II = 1> <Delay = 0.79> <FuncUnit> <Opcode : 'add' 'sub'> <InPorts = 2> <OutPorts = 1>
ST_2 : Operation 53 [1/1] (0.00ns) (grouped into LUT with out node select_ln46)   --->   "%or_ln46 = or i1 %select_ln40, i1 %icmp_ln43" [tools.cpp:46]   --->   Operation 53 'or' 'or_ln46' <Predicate = (!icmp_ln40)> <Delay = 0.00> <CoreInst = "LogicGate">   --->   Core 74 'LogicGate' <Latency = 0> <II = 1> <Delay = 0.11> <FuncUnit> <Opcode : 'and' 'or' 'xor'> <InPorts = 2> <OutPorts = 1>
ST_2 : Operation 54 [1/1] (0.21ns) (out node of the LUT)   --->   "%select_ln46 = select i1 %or_ln46, i32 1, i32 %add_ln46" [tools.cpp:46]   --->   Operation 54 'select' 'select_ln46' <Predicate = (!icmp_ln40)> <Delay = 0.21> <CoreInst = "Sel">   --->   Core 73 'Sel' <Latency = 0> <II = 1> <Delay = 0.21> <FuncUnit> <Opcode : 'select'> <InPorts = 3> <OutPorts = 1>
ST_2 : Operation 55 [1/1] (0.94ns)   --->   "%add_ln43 = add i60 %indvar_flatten40_load, i60 1" [tools.cpp:43]   --->   Operation 55 'add' 'add_ln43' <Predicate = (!icmp_ln40)> <Delay = 0.94> <CoreInst = "Adder">   --->   Core 1 'Adder' <Latency = 0> <II = 1> <Delay = 0.94> <FuncUnit> <Opcode : 'add' 'sub'> <InPorts = 2> <OutPorts = 1>
ST_2 : Operation 56 [1/1] (0.27ns)   --->   "%select_ln43 = select i1 %icmp_ln43, i60 1, i60 %add_ln43" [tools.cpp:43]   --->   Operation 56 'select' 'select_ln43' <Predicate = (!icmp_ln40)> <Delay = 0.27> <CoreInst = "Sel">   --->   Core 73 'Sel' <Latency = 0> <II = 1> <Delay = 0.27> <FuncUnit> <Opcode : 'select'> <InPorts = 3> <OutPorts = 1>
ST_2 : Operation 57 [1/1] (0.36ns)   --->   "%store_ln40 = store i88 %add_ln40_1, i88 %indvar_flatten53" [tools.cpp:40]   --->   Operation 57 'store' 'store_ln40' <Predicate = (!icmp_ln40)> <Delay = 0.36>
ST_2 : Operation 58 [1/1] (0.36ns)   --->   "%store_ln40 = store i28 %select_ln40_1, i28 %r" [tools.cpp:40]   --->   Operation 58 'store' 'store_ln40' <Predicate = (!icmp_ln40)> <Delay = 0.36>
ST_2 : Operation 59 [1/1] (0.36ns)   --->   "%store_ln43 = store i60 %select_ln43, i60 %indvar_flatten40" [tools.cpp:43]   --->   Operation 59 'store' 'store_ln43' <Predicate = (!icmp_ln40)> <Delay = 0.36>
ST_2 : Operation 60 [1/1] (0.36ns)   --->   "%store_ln46 = store i32 %select_ln46, i32 %n" [tools.cpp:46]   --->   Operation 60 'store' 'store_ln46' <Predicate = (!icmp_ln40)> <Delay = 0.36>
ST_2 : Operation 61 [1/1] (0.00ns)   --->   "%br_ln46 = br void %for.inc49" [tools.cpp:46]   --->   Operation 61 'br' 'br_ln46' <Predicate = (!icmp_ln40)> <Delay = 0.00>

State 3 <SV = 2> <Delay = 7.30>
ST_3 : Operation 62 [1/1] (0.00ns)   --->   "%specloopname_ln0 = specloopname void @_ssdm_op_SpecLoopName, void @VITIS_LOOP_40_5_VITIS_LOOP_43_6_VITIS_LOOP_46_7_str"   --->   Operation 62 'specloopname' 'specloopname_ln0' <Predicate = true> <Delay = 0.00>
ST_3 : Operation 63 [1/1] (0.00ns)   --->   "%speclooptripcount_ln0 = speclooptripcount void @_ssdm_op_SpecLoopTripCount, i64 16, i64 16, i64 16"   --->   Operation 63 'speclooptripcount' 'speclooptripcount_ln0' <Predicate = true> <Delay = 0.00>
ST_3 : Operation 64 [1/1] (0.00ns)   --->   "%sext_ln46 = sext i58 %trunc_ln" [tools.cpp:46]   --->   Operation 64 'sext' 'sext_ln46' <Predicate = true> <Delay = 0.00>
ST_3 : Operation 65 [1/1] (0.00ns)   --->   "%A_BUS_addr = getelementptr i512 %A_BUS, i64 %sext_ln46" [tools.cpp:46]   --->   Operation 65 'getelementptr' 'A_BUS_addr' <Predicate = true> <Delay = 0.00>
ST_3 : Operation 66 [8/8] (7.30ns)   --->   "%empty = readreq i1 @_ssdm_op_ReadReq.m_axi.p1i512, i512 %A_BUS_addr, i32 %N_read" [tools.cpp:46]   --->   Operation 66 'readreq' 'empty' <Predicate = (or_ln43)> <Delay = 7.30> <CoreInst = "m_axi">   --->   Core 121 'm_axi' <Latency = 0> <II = 1> <Delay = 1.00> <Adapter> <Opcode : 'read' 'write' 'readreq' 'writereq' 'writeresp'>

State 4 <SV = 3> <Delay = 7.30>
ST_4 : Operation 67 [7/8] (7.30ns)   --->   "%empty = readreq i1 @_ssdm_op_ReadReq.m_axi.p1i512, i512 %A_BUS_addr, i32 %N_read" [tools.cpp:46]   --->   Operation 67 'readreq' 'empty' <Predicate = (or_ln43)> <Delay = 7.30> <CoreInst = "m_axi">   --->   Core 121 'm_axi' <Latency = 0> <II = 1> <Delay = 1.00> <Adapter> <Opcode : 'read' 'write' 'readreq' 'writereq' 'writeresp'>

State 5 <SV = 4> <Delay = 7.30>
ST_5 : Operation 68 [6/8] (7.30ns)   --->   "%empty = readreq i1 @_ssdm_op_ReadReq.m_axi.p1i512, i512 %A_BUS_addr, i32 %N_read" [tools.cpp:46]   --->   Operation 68 'readreq' 'empty' <Predicate = (or_ln43)> <Delay = 7.30> <CoreInst = "m_axi">   --->   Core 121 'm_axi' <Latency = 0> <II = 1> <Delay = 1.00> <Adapter> <Opcode : 'read' 'write' 'readreq' 'writereq' 'writeresp'>

State 6 <SV = 5> <Delay = 7.30>
ST_6 : Operation 69 [5/8] (7.30ns)   --->   "%empty = readreq i1 @_ssdm_op_ReadReq.m_axi.p1i512, i512 %A_BUS_addr, i32 %N_read" [tools.cpp:46]   --->   Operation 69 'readreq' 'empty' <Predicate = (or_ln43)> <Delay = 7.30> <CoreInst = "m_axi">   --->   Core 121 'm_axi' <Latency = 0> <II = 1> <Delay = 1.00> <Adapter> <Opcode : 'read' 'write' 'readreq' 'writereq' 'writeresp'>

State 7 <SV = 6> <Delay = 7.30>
ST_7 : Operation 70 [4/8] (7.30ns)   --->   "%empty = readreq i1 @_ssdm_op_ReadReq.m_axi.p1i512, i512 %A_BUS_addr, i32 %N_read" [tools.cpp:46]   --->   Operation 70 'readreq' 'empty' <Predicate = (or_ln43)> <Delay = 7.30> <CoreInst = "m_axi">   --->   Core 121 'm_axi' <Latency = 0> <II = 1> <Delay = 1.00> <Adapter> <Opcode : 'read' 'write' 'readreq' 'writereq' 'writeresp'>

State 8 <SV = 7> <Delay = 7.30>
ST_8 : Operation 71 [3/8] (7.30ns)   --->   "%empty = readreq i1 @_ssdm_op_ReadReq.m_axi.p1i512, i512 %A_BUS_addr, i32 %N_read" [tools.cpp:46]   --->   Operation 71 'readreq' 'empty' <Predicate = (or_ln43)> <Delay = 7.30> <CoreInst = "m_axi">   --->   Core 121 'm_axi' <Latency = 0> <II = 1> <Delay = 1.00> <Adapter> <Opcode : 'read' 'write' 'readreq' 'writereq' 'writeresp'>

State 9 <SV = 8> <Delay = 7.30>
ST_9 : Operation 72 [2/8] (7.30ns)   --->   "%empty = readreq i1 @_ssdm_op_ReadReq.m_axi.p1i512, i512 %A_BUS_addr, i32 %N_read" [tools.cpp:46]   --->   Operation 72 'readreq' 'empty' <Predicate = (or_ln43)> <Delay = 7.30> <CoreInst = "m_axi">   --->   Core 121 'm_axi' <Latency = 0> <II = 1> <Delay = 1.00> <Adapter> <Opcode : 'read' 'write' 'readreq' 'writereq' 'writeresp'>

State 10 <SV = 9> <Delay = 7.30>
ST_10 : Operation 73 [1/8] (7.30ns)   --->   "%empty = readreq i1 @_ssdm_op_ReadReq.m_axi.p1i512, i512 %A_BUS_addr, i32 %N_read" [tools.cpp:46]   --->   Operation 73 'readreq' 'empty' <Predicate = (or_ln43)> <Delay = 7.30> <CoreInst = "m_axi">   --->   Core 121 'm_axi' <Latency = 0> <II = 1> <Delay = 1.00> <Adapter> <Opcode : 'read' 'write' 'readreq' 'writereq' 'writeresp'>
ST_10 : Operation 74 [1/1] (0.00ns)   --->   "%br_ln46 = br void %for.inc49.split" [tools.cpp:46]   --->   Operation 74 'br' 'br_ln46' <Predicate = (or_ln43)> <Delay = 0.00>

State 11 <SV = 10> <Delay = 7.30>
ST_11 : Operation 75 [1/1] (7.30ns)   --->   "%A_BUS_addr_read = read i512 @_ssdm_op_Read.m_axi.p1i512, i512 %A_BUS_addr" [tools.cpp:50]   --->   Operation 75 'read' 'A_BUS_addr_read' <Predicate = (!icmp_ln40)> <Delay = 7.30> <CoreInst = "m_axi">   --->   Core 121 'm_axi' <Latency = 0> <II = 1> <Delay = 1.00> <Adapter> <Opcode : 'read' 'write' 'readreq' 'writereq' 'writeresp'>
ST_11 : Operation 78 [1/1] (0.00ns)   --->   "%ret_ln0 = ret"   --->   Operation 78 'ret' 'ret_ln0' <Predicate = (icmp_ln40)> <Delay = 0.00>

State 12 <SV = 11> <Delay = 1.46>
ST_12 : Operation 76 [1/1] (0.00ns)   --->   "%specpipeline_ln48 = specpipeline void @_ssdm_op_SpecPipeline, i32 1, i32 0, i32 0, i32 0, void @empty_14" [tools.cpp:48]   --->   Operation 76 'specpipeline' 'specpipeline_ln48' <Predicate = (!icmp_ln40)> <Delay = 0.00>
ST_12 : Operation 77 [1/1] (1.46ns)   --->   "%write_ln50 = write void @_ssdm_op_Write.ap_fifo.volatile.i512P0A, i512 %mm_a, i512 %A_BUS_addr_read" [tools.cpp:50]   --->   Operation 77 'write' 'write_ln50' <Predicate = (!icmp_ln40)> <Delay = 1.46> <CoreInst = "FIFO">   --->   Core 78 'FIFO' <Latency = 0> <II = 1> <Delay = 1.46> <Storage> <Opcode : 'read' 'write' 'nbread' 'nbwrite'> <Ports = 0> <Width = 512> <Depth = 128> <FIFO>


============================================================
+ Verbose Summary: Timing violations
============================================================
Target clock period: 10.000ns, clock uncertainty: 2.700ns.

 <State 1>: 0.362ns
The critical path consists of the following:
	'alloca' operation 88 bit ('indvar_flatten53') [10]  (0.000 ns)
	'store' operation 0 bit ('store_ln0') of constant 0 on local variable 'indvar_flatten53' [17]  (0.362 ns)

 <State 2>: 4.938ns
The critical path consists of the following:
	'load' operation 60 bit ('indvar_flatten40_load', tools.cpp:43) on local variable 'indvar_flatten40' [25]  (0.000 ns)
	'icmp' operation 1 bit ('icmp_ln43', tools.cpp:43) [35]  (0.944 ns)
	'select' operation 28 bit ('select_ln40_1', tools.cpp:40) [40]  (0.301 ns)
	'mul' operation 32 bit ('empty_1057', tools.cpp:40) [43]  (2.730 ns)
	'add' operation 64 bit ('empty_1058', tools.cpp:40) [46]  (0.963 ns)

 <State 3>: 7.300ns
The critical path consists of the following:
	'getelementptr' operation 512 bit ('A_BUS_addr', tools.cpp:46) [49]  (0.000 ns)
	bus request operation ('empty', tools.cpp:46) on port 'A_BUS' (tools.cpp:46) [52]  (7.300 ns)

 <State 4>: 7.300ns
The critical path consists of the following:
	bus request operation ('empty', tools.cpp:46) on port 'A_BUS' (tools.cpp:46) [52]  (7.300 ns)

 <State 5>: 7.300ns
The critical path consists of the following:
	bus request operation ('empty', tools.cpp:46) on port 'A_BUS' (tools.cpp:46) [52]  (7.300 ns)

 <State 6>: 7.300ns
The critical path consists of the following:
	bus request operation ('empty', tools.cpp:46) on port 'A_BUS' (tools.cpp:46) [52]  (7.300 ns)

 <State 7>: 7.300ns
The critical path consists of the following:
	bus request operation ('empty', tools.cpp:46) on port 'A_BUS' (tools.cpp:46) [52]  (7.300 ns)

 <State 8>: 7.300ns
The critical path consists of the following:
	bus request operation ('empty', tools.cpp:46) on port 'A_BUS' (tools.cpp:46) [52]  (7.300 ns)

 <State 9>: 7.300ns
The critical path consists of the following:
	bus request operation ('empty', tools.cpp:46) on port 'A_BUS' (tools.cpp:46) [52]  (7.300 ns)

 <State 10>: 7.300ns
The critical path consists of the following:
	bus request operation ('empty', tools.cpp:46) on port 'A_BUS' (tools.cpp:46) [52]  (7.300 ns)

 <State 11>: 7.300ns
The critical path consists of the following:
	bus read operation ('A_BUS_addr_read', tools.cpp:50) on port 'A_BUS' (tools.cpp:50) [56]  (7.300 ns)

 <State 12>: 1.466ns
The critical path consists of the following:
	fifo write operation ('write_ln50', tools.cpp:50) on port 'mm_a' (tools.cpp:50) [57]  (1.466 ns)


============================================================
+ Verbose Summary: Binding
============================================================
N/A
* FSMD analyzer results:
  - Output states:
 - Input state : 
  - Chain level:
	State 1
	State 2
	State 3
	State 4
	State 5
	State 6
	State 7
	State 8
	State 9
	State 10
	State 11
	State 12


============================================================
+ Verbose Summary: Datapath Resource usage 
============================================================
N/A
