

================================================================
== Vitis HLS Report for 'ConvertToOutStream'
================================================================
* Date:           Tue Feb 25 14:23:50 2025

* Version:        2023.2 (Build 4023990 on Oct 11 2023)
* Project:        SDA
* Solution:       solution1 (Vivado IP Flow Target)
* Product family: virtexuplusHBM
* Target device:  xcvu35p_CIV-fsvh2892-3-e


================================================================
== Performance Estimates
================================================================
+ Timing: 
    * Summary: 
    +--------+----------+----------+------------+
    |  Clock |  Target  | Estimated| Uncertainty|
    +--------+----------+----------+------------+
    |ap_clk  |  10.00 ns|  4.393 ns|     2.70 ns|
    +--------+----------+----------+------------+

+ Latency: 
    * Summary: 
    +---------+---------+-----------+-----------+------+------+---------+
    |  Latency (cycles) |   Latency (absolute)  |   Interval  | Pipeline|
    |   min   |   max   |    min    |    max    |  min |  max |   Type  |
    +---------+---------+-----------+-----------+------+------+---------+
    |     4099|     9219|  40.990 us|  92.190 us|  4099|  9219|       no|
    +---------+---------+-----------+-----------+------+------+---------+

    + Detail: 
        * Instance: 
        N/A

        * Loop: 
        N/A

============================================================
+ Verbose Summary: Synthesis Manager
============================================================
InlineROM: 1
ExposeGlobal: 0
============================================================
+ Verbose Summary: CDFG Model
============================================================
IsTopModel: 0
ResetActiveHigh: 1
IsCombinational: 0
IsDatapathOnly: 0
HasWiredReturn: 1
HasMFsm: 0
HasVarLatency: 1
IsPipeline: 0
IsRtlPipelined: 0
IsInstanceOverlapped: 0
IsDontTouch: 0
HasImplIP: 0
IsGatedGlobalClock: 0


============================================================
+ Verbose Summary: Schedule
============================================================
* Number of FSM states : 2
* Pipeline : 0
* Dataflow Pipeline: 0

* FSM state transitions: 
1 --> 2 
2 --> 

* FSM state operations: 

State 1 <SV = 0> <Delay = 2.88>
ST_1 : Operation 3 [1/1] (0.00ns)   --->   "%specmemcore_ln0 = specmemcore void @_ssdm_op_SpecMemCore, i32 %fifo_SA_O_0_0_0, i64 666, i64 204, i64 18446744073709551615"   --->   Operation 3 'specmemcore' 'specmemcore_ln0' <Predicate = true> <Delay = 0.00>
ST_1 : Operation 4 [1/1] (0.00ns)   --->   "%specmemcore_ln0 = specmemcore void @_ssdm_op_SpecMemCore, i32 %fifo_SA_O_0_0_1, i64 666, i64 204, i64 18446744073709551615"   --->   Operation 4 'specmemcore' 'specmemcore_ln0' <Predicate = true> <Delay = 0.00>
ST_1 : Operation 5 [1/1] (0.00ns)   --->   "%specmemcore_ln0 = specmemcore void @_ssdm_op_SpecMemCore, i32 %fifo_SA_O_0_0_2, i64 666, i64 204, i64 18446744073709551615"   --->   Operation 5 'specmemcore' 'specmemcore_ln0' <Predicate = true> <Delay = 0.00>
ST_1 : Operation 6 [1/1] (0.00ns)   --->   "%specmemcore_ln0 = specmemcore void @_ssdm_op_SpecMemCore, i32 %fifo_SA_O_0_0_3, i64 666, i64 204, i64 18446744073709551615"   --->   Operation 6 'specmemcore' 'specmemcore_ln0' <Predicate = true> <Delay = 0.00>
ST_1 : Operation 7 [1/1] (0.00ns)   --->   "%specmemcore_ln0 = specmemcore void @_ssdm_op_SpecMemCore, i32 %fifo_SA_O_0_1_0, i64 666, i64 204, i64 18446744073709551615"   --->   Operation 7 'specmemcore' 'specmemcore_ln0' <Predicate = true> <Delay = 0.00>
ST_1 : Operation 8 [1/1] (0.00ns)   --->   "%specmemcore_ln0 = specmemcore void @_ssdm_op_SpecMemCore, i32 %fifo_SA_O_0_1_1, i64 666, i64 204, i64 18446744073709551615"   --->   Operation 8 'specmemcore' 'specmemcore_ln0' <Predicate = true> <Delay = 0.00>
ST_1 : Operation 9 [1/1] (0.00ns)   --->   "%specmemcore_ln0 = specmemcore void @_ssdm_op_SpecMemCore, i32 %fifo_SA_O_0_1_2, i64 666, i64 204, i64 18446744073709551615"   --->   Operation 9 'specmemcore' 'specmemcore_ln0' <Predicate = true> <Delay = 0.00>
ST_1 : Operation 10 [1/1] (0.00ns)   --->   "%specmemcore_ln0 = specmemcore void @_ssdm_op_SpecMemCore, i32 %fifo_SA_O_0_1_3, i64 666, i64 204, i64 18446744073709551615"   --->   Operation 10 'specmemcore' 'specmemcore_ln0' <Predicate = true> <Delay = 0.00>
ST_1 : Operation 11 [1/1] (0.00ns)   --->   "%specmemcore_ln0 = specmemcore void @_ssdm_op_SpecMemCore, i32 %fifo_SA_O_0_2_0, i64 666, i64 204, i64 18446744073709551615"   --->   Operation 11 'specmemcore' 'specmemcore_ln0' <Predicate = true> <Delay = 0.00>
ST_1 : Operation 12 [1/1] (0.00ns)   --->   "%specmemcore_ln0 = specmemcore void @_ssdm_op_SpecMemCore, i32 %fifo_SA_O_0_2_1, i64 666, i64 204, i64 18446744073709551615"   --->   Operation 12 'specmemcore' 'specmemcore_ln0' <Predicate = true> <Delay = 0.00>
ST_1 : Operation 13 [1/1] (0.00ns)   --->   "%specmemcore_ln0 = specmemcore void @_ssdm_op_SpecMemCore, i32 %fifo_SA_O_0_2_2, i64 666, i64 204, i64 18446744073709551615"   --->   Operation 13 'specmemcore' 'specmemcore_ln0' <Predicate = true> <Delay = 0.00>
ST_1 : Operation 14 [1/1] (0.00ns)   --->   "%specmemcore_ln0 = specmemcore void @_ssdm_op_SpecMemCore, i32 %fifo_SA_O_0_2_3, i64 666, i64 204, i64 18446744073709551615"   --->   Operation 14 'specmemcore' 'specmemcore_ln0' <Predicate = true> <Delay = 0.00>
ST_1 : Operation 15 [1/1] (0.00ns)   --->   "%specmemcore_ln0 = specmemcore void @_ssdm_op_SpecMemCore, i32 %fifo_SA_O_0_3_0, i64 666, i64 204, i64 18446744073709551615"   --->   Operation 15 'specmemcore' 'specmemcore_ln0' <Predicate = true> <Delay = 0.00>
ST_1 : Operation 16 [1/1] (0.00ns)   --->   "%specmemcore_ln0 = specmemcore void @_ssdm_op_SpecMemCore, i32 %fifo_SA_O_0_3_1, i64 666, i64 204, i64 18446744073709551615"   --->   Operation 16 'specmemcore' 'specmemcore_ln0' <Predicate = true> <Delay = 0.00>
ST_1 : Operation 17 [1/1] (0.00ns)   --->   "%specmemcore_ln0 = specmemcore void @_ssdm_op_SpecMemCore, i32 %fifo_SA_O_0_3_2, i64 666, i64 204, i64 18446744073709551615"   --->   Operation 17 'specmemcore' 'specmemcore_ln0' <Predicate = true> <Delay = 0.00>
ST_1 : Operation 18 [1/1] (0.00ns)   --->   "%specmemcore_ln0 = specmemcore void @_ssdm_op_SpecMemCore, i32 %fifo_SA_O_0_3_3, i64 666, i64 204, i64 18446744073709551615"   --->   Operation 18 'specmemcore' 'specmemcore_ln0' <Predicate = true> <Delay = 0.00>
ST_1 : Operation 19 [1/1] (0.00ns)   --->   "%specmemcore_ln0 = specmemcore void @_ssdm_op_SpecMemCore, i32 %fifo_SA_O_1_0_0, i64 666, i64 204, i64 18446744073709551615"   --->   Operation 19 'specmemcore' 'specmemcore_ln0' <Predicate = true> <Delay = 0.00>
ST_1 : Operation 20 [1/1] (0.00ns)   --->   "%specmemcore_ln0 = specmemcore void @_ssdm_op_SpecMemCore, i32 %fifo_SA_O_1_0_1, i64 666, i64 204, i64 18446744073709551615"   --->   Operation 20 'specmemcore' 'specmemcore_ln0' <Predicate = true> <Delay = 0.00>
ST_1 : Operation 21 [1/1] (0.00ns)   --->   "%specmemcore_ln0 = specmemcore void @_ssdm_op_SpecMemCore, i32 %fifo_SA_O_1_0_2, i64 666, i64 204, i64 18446744073709551615"   --->   Operation 21 'specmemcore' 'specmemcore_ln0' <Predicate = true> <Delay = 0.00>
ST_1 : Operation 22 [1/1] (0.00ns)   --->   "%specmemcore_ln0 = specmemcore void @_ssdm_op_SpecMemCore, i32 %fifo_SA_O_1_0_3, i64 666, i64 204, i64 18446744073709551615"   --->   Operation 22 'specmemcore' 'specmemcore_ln0' <Predicate = true> <Delay = 0.00>
ST_1 : Operation 23 [1/1] (0.00ns)   --->   "%specmemcore_ln0 = specmemcore void @_ssdm_op_SpecMemCore, i32 %fifo_SA_O_1_1_0, i64 666, i64 204, i64 18446744073709551615"   --->   Operation 23 'specmemcore' 'specmemcore_ln0' <Predicate = true> <Delay = 0.00>
ST_1 : Operation 24 [1/1] (0.00ns)   --->   "%specmemcore_ln0 = specmemcore void @_ssdm_op_SpecMemCore, i32 %fifo_SA_O_1_1_1, i64 666, i64 204, i64 18446744073709551615"   --->   Operation 24 'specmemcore' 'specmemcore_ln0' <Predicate = true> <Delay = 0.00>
ST_1 : Operation 25 [1/1] (0.00ns)   --->   "%specmemcore_ln0 = specmemcore void @_ssdm_op_SpecMemCore, i32 %fifo_SA_O_1_1_2, i64 666, i64 204, i64 18446744073709551615"   --->   Operation 25 'specmemcore' 'specmemcore_ln0' <Predicate = true> <Delay = 0.00>
ST_1 : Operation 26 [1/1] (0.00ns)   --->   "%specmemcore_ln0 = specmemcore void @_ssdm_op_SpecMemCore, i32 %fifo_SA_O_1_1_3, i64 666, i64 204, i64 18446744073709551615"   --->   Operation 26 'specmemcore' 'specmemcore_ln0' <Predicate = true> <Delay = 0.00>
ST_1 : Operation 27 [1/1] (0.00ns)   --->   "%specmemcore_ln0 = specmemcore void @_ssdm_op_SpecMemCore, i32 %fifo_SA_O_1_2_0, i64 666, i64 204, i64 18446744073709551615"   --->   Operation 27 'specmemcore' 'specmemcore_ln0' <Predicate = true> <Delay = 0.00>
ST_1 : Operation 28 [1/1] (0.00ns)   --->   "%specmemcore_ln0 = specmemcore void @_ssdm_op_SpecMemCore, i32 %fifo_SA_O_1_2_1, i64 666, i64 204, i64 18446744073709551615"   --->   Operation 28 'specmemcore' 'specmemcore_ln0' <Predicate = true> <Delay = 0.00>
ST_1 : Operation 29 [1/1] (0.00ns)   --->   "%specmemcore_ln0 = specmemcore void @_ssdm_op_SpecMemCore, i32 %fifo_SA_O_1_2_2, i64 666, i64 204, i64 18446744073709551615"   --->   Operation 29 'specmemcore' 'specmemcore_ln0' <Predicate = true> <Delay = 0.00>
ST_1 : Operation 30 [1/1] (0.00ns)   --->   "%specmemcore_ln0 = specmemcore void @_ssdm_op_SpecMemCore, i32 %fifo_SA_O_1_2_3, i64 666, i64 204, i64 18446744073709551615"   --->   Operation 30 'specmemcore' 'specmemcore_ln0' <Predicate = true> <Delay = 0.00>
ST_1 : Operation 31 [1/1] (0.00ns)   --->   "%specmemcore_ln0 = specmemcore void @_ssdm_op_SpecMemCore, i32 %fifo_SA_O_1_3_0, i64 666, i64 204, i64 18446744073709551615"   --->   Operation 31 'specmemcore' 'specmemcore_ln0' <Predicate = true> <Delay = 0.00>
ST_1 : Operation 32 [1/1] (0.00ns)   --->   "%specmemcore_ln0 = specmemcore void @_ssdm_op_SpecMemCore, i32 %fifo_SA_O_1_3_1, i64 666, i64 204, i64 18446744073709551615"   --->   Operation 32 'specmemcore' 'specmemcore_ln0' <Predicate = true> <Delay = 0.00>
ST_1 : Operation 33 [1/1] (0.00ns)   --->   "%specmemcore_ln0 = specmemcore void @_ssdm_op_SpecMemCore, i32 %fifo_SA_O_1_3_2, i64 666, i64 204, i64 18446744073709551615"   --->   Operation 33 'specmemcore' 'specmemcore_ln0' <Predicate = true> <Delay = 0.00>
ST_1 : Operation 34 [1/1] (0.00ns)   --->   "%specmemcore_ln0 = specmemcore void @_ssdm_op_SpecMemCore, i32 %fifo_SA_O_1_3_3, i64 666, i64 204, i64 18446744073709551615"   --->   Operation 34 'specmemcore' 'specmemcore_ln0' <Predicate = true> <Delay = 0.00>
ST_1 : Operation 35 [1/1] (0.00ns)   --->   "%specmemcore_ln0 = specmemcore void @_ssdm_op_SpecMemCore, i32 %fifo_SA_O_2_0_0, i64 666, i64 204, i64 18446744073709551615"   --->   Operation 35 'specmemcore' 'specmemcore_ln0' <Predicate = true> <Delay = 0.00>
ST_1 : Operation 36 [1/1] (0.00ns)   --->   "%specmemcore_ln0 = specmemcore void @_ssdm_op_SpecMemCore, i32 %fifo_SA_O_2_0_1, i64 666, i64 204, i64 18446744073709551615"   --->   Operation 36 'specmemcore' 'specmemcore_ln0' <Predicate = true> <Delay = 0.00>
ST_1 : Operation 37 [1/1] (0.00ns)   --->   "%specmemcore_ln0 = specmemcore void @_ssdm_op_SpecMemCore, i32 %fifo_SA_O_2_0_2, i64 666, i64 204, i64 18446744073709551615"   --->   Operation 37 'specmemcore' 'specmemcore_ln0' <Predicate = true> <Delay = 0.00>
ST_1 : Operation 38 [1/1] (0.00ns)   --->   "%specmemcore_ln0 = specmemcore void @_ssdm_op_SpecMemCore, i32 %fifo_SA_O_2_0_3, i64 666, i64 204, i64 18446744073709551615"   --->   Operation 38 'specmemcore' 'specmemcore_ln0' <Predicate = true> <Delay = 0.00>
ST_1 : Operation 39 [1/1] (0.00ns)   --->   "%specmemcore_ln0 = specmemcore void @_ssdm_op_SpecMemCore, i32 %fifo_SA_O_2_1_0, i64 666, i64 204, i64 18446744073709551615"   --->   Operation 39 'specmemcore' 'specmemcore_ln0' <Predicate = true> <Delay = 0.00>
ST_1 : Operation 40 [1/1] (0.00ns)   --->   "%specmemcore_ln0 = specmemcore void @_ssdm_op_SpecMemCore, i32 %fifo_SA_O_2_1_1, i64 666, i64 204, i64 18446744073709551615"   --->   Operation 40 'specmemcore' 'specmemcore_ln0' <Predicate = true> <Delay = 0.00>
ST_1 : Operation 41 [1/1] (0.00ns)   --->   "%specmemcore_ln0 = specmemcore void @_ssdm_op_SpecMemCore, i32 %fifo_SA_O_2_1_2, i64 666, i64 204, i64 18446744073709551615"   --->   Operation 41 'specmemcore' 'specmemcore_ln0' <Predicate = true> <Delay = 0.00>
ST_1 : Operation 42 [1/1] (0.00ns)   --->   "%specmemcore_ln0 = specmemcore void @_ssdm_op_SpecMemCore, i32 %fifo_SA_O_2_1_3, i64 666, i64 204, i64 18446744073709551615"   --->   Operation 42 'specmemcore' 'specmemcore_ln0' <Predicate = true> <Delay = 0.00>
ST_1 : Operation 43 [1/1] (0.00ns)   --->   "%specmemcore_ln0 = specmemcore void @_ssdm_op_SpecMemCore, i32 %fifo_SA_O_2_2_0, i64 666, i64 204, i64 18446744073709551615"   --->   Operation 43 'specmemcore' 'specmemcore_ln0' <Predicate = true> <Delay = 0.00>
ST_1 : Operation 44 [1/1] (0.00ns)   --->   "%specmemcore_ln0 = specmemcore void @_ssdm_op_SpecMemCore, i32 %fifo_SA_O_2_2_1, i64 666, i64 204, i64 18446744073709551615"   --->   Operation 44 'specmemcore' 'specmemcore_ln0' <Predicate = true> <Delay = 0.00>
ST_1 : Operation 45 [1/1] (0.00ns)   --->   "%specmemcore_ln0 = specmemcore void @_ssdm_op_SpecMemCore, i32 %fifo_SA_O_2_2_2, i64 666, i64 204, i64 18446744073709551615"   --->   Operation 45 'specmemcore' 'specmemcore_ln0' <Predicate = true> <Delay = 0.00>
ST_1 : Operation 46 [1/1] (0.00ns)   --->   "%specmemcore_ln0 = specmemcore void @_ssdm_op_SpecMemCore, i32 %fifo_SA_O_2_2_3, i64 666, i64 204, i64 18446744073709551615"   --->   Operation 46 'specmemcore' 'specmemcore_ln0' <Predicate = true> <Delay = 0.00>
ST_1 : Operation 47 [1/1] (0.00ns)   --->   "%specmemcore_ln0 = specmemcore void @_ssdm_op_SpecMemCore, i32 %fifo_SA_O_2_3_0, i64 666, i64 204, i64 18446744073709551615"   --->   Operation 47 'specmemcore' 'specmemcore_ln0' <Predicate = true> <Delay = 0.00>
ST_1 : Operation 48 [1/1] (0.00ns)   --->   "%specmemcore_ln0 = specmemcore void @_ssdm_op_SpecMemCore, i32 %fifo_SA_O_2_3_1, i64 666, i64 204, i64 18446744073709551615"   --->   Operation 48 'specmemcore' 'specmemcore_ln0' <Predicate = true> <Delay = 0.00>
ST_1 : Operation 49 [1/1] (0.00ns)   --->   "%specmemcore_ln0 = specmemcore void @_ssdm_op_SpecMemCore, i32 %fifo_SA_O_2_3_2, i64 666, i64 204, i64 18446744073709551615"   --->   Operation 49 'specmemcore' 'specmemcore_ln0' <Predicate = true> <Delay = 0.00>
ST_1 : Operation 50 [1/1] (0.00ns)   --->   "%specmemcore_ln0 = specmemcore void @_ssdm_op_SpecMemCore, i32 %fifo_SA_O_2_3_3, i64 666, i64 204, i64 18446744073709551615"   --->   Operation 50 'specmemcore' 'specmemcore_ln0' <Predicate = true> <Delay = 0.00>
ST_1 : Operation 51 [1/1] (0.00ns)   --->   "%specmemcore_ln0 = specmemcore void @_ssdm_op_SpecMemCore, i32 %fifo_SA_O_3_0_0, i64 666, i64 204, i64 18446744073709551615"   --->   Operation 51 'specmemcore' 'specmemcore_ln0' <Predicate = true> <Delay = 0.00>
ST_1 : Operation 52 [1/1] (0.00ns)   --->   "%specmemcore_ln0 = specmemcore void @_ssdm_op_SpecMemCore, i32 %fifo_SA_O_3_0_1, i64 666, i64 204, i64 18446744073709551615"   --->   Operation 52 'specmemcore' 'specmemcore_ln0' <Predicate = true> <Delay = 0.00>
ST_1 : Operation 53 [1/1] (0.00ns)   --->   "%specmemcore_ln0 = specmemcore void @_ssdm_op_SpecMemCore, i32 %fifo_SA_O_3_0_2, i64 666, i64 204, i64 18446744073709551615"   --->   Operation 53 'specmemcore' 'specmemcore_ln0' <Predicate = true> <Delay = 0.00>
ST_1 : Operation 54 [1/1] (0.00ns)   --->   "%specmemcore_ln0 = specmemcore void @_ssdm_op_SpecMemCore, i32 %fifo_SA_O_3_0_3, i64 666, i64 204, i64 18446744073709551615"   --->   Operation 54 'specmemcore' 'specmemcore_ln0' <Predicate = true> <Delay = 0.00>
ST_1 : Operation 55 [1/1] (0.00ns)   --->   "%specmemcore_ln0 = specmemcore void @_ssdm_op_SpecMemCore, i32 %fifo_SA_O_3_1_0, i64 666, i64 204, i64 18446744073709551615"   --->   Operation 55 'specmemcore' 'specmemcore_ln0' <Predicate = true> <Delay = 0.00>
ST_1 : Operation 56 [1/1] (0.00ns)   --->   "%specmemcore_ln0 = specmemcore void @_ssdm_op_SpecMemCore, i32 %fifo_SA_O_3_1_1, i64 666, i64 204, i64 18446744073709551615"   --->   Operation 56 'specmemcore' 'specmemcore_ln0' <Predicate = true> <Delay = 0.00>
ST_1 : Operation 57 [1/1] (0.00ns)   --->   "%specmemcore_ln0 = specmemcore void @_ssdm_op_SpecMemCore, i32 %fifo_SA_O_3_1_2, i64 666, i64 204, i64 18446744073709551615"   --->   Operation 57 'specmemcore' 'specmemcore_ln0' <Predicate = true> <Delay = 0.00>
ST_1 : Operation 58 [1/1] (0.00ns)   --->   "%specmemcore_ln0 = specmemcore void @_ssdm_op_SpecMemCore, i32 %fifo_SA_O_3_1_3, i64 666, i64 204, i64 18446744073709551615"   --->   Operation 58 'specmemcore' 'specmemcore_ln0' <Predicate = true> <Delay = 0.00>
ST_1 : Operation 59 [1/1] (0.00ns)   --->   "%specmemcore_ln0 = specmemcore void @_ssdm_op_SpecMemCore, i32 %fifo_SA_O_3_2_0, i64 666, i64 204, i64 18446744073709551615"   --->   Operation 59 'specmemcore' 'specmemcore_ln0' <Predicate = true> <Delay = 0.00>
ST_1 : Operation 60 [1/1] (0.00ns)   --->   "%specmemcore_ln0 = specmemcore void @_ssdm_op_SpecMemCore, i32 %fifo_SA_O_3_2_1, i64 666, i64 204, i64 18446744073709551615"   --->   Operation 60 'specmemcore' 'specmemcore_ln0' <Predicate = true> <Delay = 0.00>
ST_1 : Operation 61 [1/1] (0.00ns)   --->   "%specmemcore_ln0 = specmemcore void @_ssdm_op_SpecMemCore, i32 %fifo_SA_O_3_2_2, i64 666, i64 204, i64 18446744073709551615"   --->   Operation 61 'specmemcore' 'specmemcore_ln0' <Predicate = true> <Delay = 0.00>
ST_1 : Operation 62 [1/1] (0.00ns)   --->   "%specmemcore_ln0 = specmemcore void @_ssdm_op_SpecMemCore, i32 %fifo_SA_O_3_2_3, i64 666, i64 204, i64 18446744073709551615"   --->   Operation 62 'specmemcore' 'specmemcore_ln0' <Predicate = true> <Delay = 0.00>
ST_1 : Operation 63 [1/1] (0.00ns)   --->   "%specmemcore_ln0 = specmemcore void @_ssdm_op_SpecMemCore, i32 %fifo_SA_O_3_3_0, i64 666, i64 204, i64 18446744073709551615"   --->   Operation 63 'specmemcore' 'specmemcore_ln0' <Predicate = true> <Delay = 0.00>
ST_1 : Operation 64 [1/1] (0.00ns)   --->   "%specmemcore_ln0 = specmemcore void @_ssdm_op_SpecMemCore, i32 %fifo_SA_O_3_3_1, i64 666, i64 204, i64 18446744073709551615"   --->   Operation 64 'specmemcore' 'specmemcore_ln0' <Predicate = true> <Delay = 0.00>
ST_1 : Operation 65 [1/1] (0.00ns)   --->   "%specmemcore_ln0 = specmemcore void @_ssdm_op_SpecMemCore, i32 %fifo_SA_O_3_3_2, i64 666, i64 204, i64 18446744073709551615"   --->   Operation 65 'specmemcore' 'specmemcore_ln0' <Predicate = true> <Delay = 0.00>
ST_1 : Operation 66 [1/1] (0.00ns)   --->   "%specmemcore_ln0 = specmemcore void @_ssdm_op_SpecMemCore, i32 %fifo_SA_O_3_3_3, i64 666, i64 204, i64 18446744073709551615"   --->   Operation 66 'specmemcore' 'specmemcore_ln0' <Predicate = true> <Delay = 0.00>
ST_1 : Operation 67 [1/1] (0.00ns)   --->   "%specinterface_ln0 = specinterface void @_ssdm_op_SpecInterface, i32 %MM_OUT_63, void @empty_21, i32 0, i32 0, void @empty_12, i32 0, i32 0, void @empty_12, void @empty_12, void @empty_12, i32 0, i32 0, i32 0, i32 0, void @empty_12, void @empty_12, i32 4294967295, i32 0"   --->   Operation 67 'specinterface' 'specinterface_ln0' <Predicate = true> <Delay = 0.00>
ST_1 : Operation 68 [1/1] (0.00ns)   --->   "%specinterface_ln0 = specinterface void @_ssdm_op_SpecInterface, i32 %MM_OUT_62, void @empty_21, i32 0, i32 0, void @empty_12, i32 0, i32 0, void @empty_12, void @empty_12, void @empty_12, i32 0, i32 0, i32 0, i32 0, void @empty_12, void @empty_12, i32 4294967295, i32 0"   --->   Operation 68 'specinterface' 'specinterface_ln0' <Predicate = true> <Delay = 0.00>
ST_1 : Operation 69 [1/1] (0.00ns)   --->   "%specinterface_ln0 = specinterface void @_ssdm_op_SpecInterface, i32 %MM_OUT_61, void @empty_21, i32 0, i32 0, void @empty_12, i32 0, i32 0, void @empty_12, void @empty_12, void @empty_12, i32 0, i32 0, i32 0, i32 0, void @empty_12, void @empty_12, i32 4294967295, i32 0"   --->   Operation 69 'specinterface' 'specinterface_ln0' <Predicate = true> <Delay = 0.00>
ST_1 : Operation 70 [1/1] (0.00ns)   --->   "%specinterface_ln0 = specinterface void @_ssdm_op_SpecInterface, i32 %MM_OUT_60, void @empty_21, i32 0, i32 0, void @empty_12, i32 0, i32 0, void @empty_12, void @empty_12, void @empty_12, i32 0, i32 0, i32 0, i32 0, void @empty_12, void @empty_12, i32 4294967295, i32 0"   --->   Operation 70 'specinterface' 'specinterface_ln0' <Predicate = true> <Delay = 0.00>
ST_1 : Operation 71 [1/1] (0.00ns)   --->   "%specinterface_ln0 = specinterface void @_ssdm_op_SpecInterface, i32 %MM_OUT_59, void @empty_21, i32 0, i32 0, void @empty_12, i32 0, i32 0, void @empty_12, void @empty_12, void @empty_12, i32 0, i32 0, i32 0, i32 0, void @empty_12, void @empty_12, i32 4294967295, i32 0"   --->   Operation 71 'specinterface' 'specinterface_ln0' <Predicate = true> <Delay = 0.00>
ST_1 : Operation 72 [1/1] (0.00ns)   --->   "%specinterface_ln0 = specinterface void @_ssdm_op_SpecInterface, i32 %MM_OUT_58, void @empty_21, i32 0, i32 0, void @empty_12, i32 0, i32 0, void @empty_12, void @empty_12, void @empty_12, i32 0, i32 0, i32 0, i32 0, void @empty_12, void @empty_12, i32 4294967295, i32 0"   --->   Operation 72 'specinterface' 'specinterface_ln0' <Predicate = true> <Delay = 0.00>
ST_1 : Operation 73 [1/1] (0.00ns)   --->   "%specinterface_ln0 = specinterface void @_ssdm_op_SpecInterface, i32 %MM_OUT_57, void @empty_21, i32 0, i32 0, void @empty_12, i32 0, i32 0, void @empty_12, void @empty_12, void @empty_12, i32 0, i32 0, i32 0, i32 0, void @empty_12, void @empty_12, i32 4294967295, i32 0"   --->   Operation 73 'specinterface' 'specinterface_ln0' <Predicate = true> <Delay = 0.00>
ST_1 : Operation 74 [1/1] (0.00ns)   --->   "%specinterface_ln0 = specinterface void @_ssdm_op_SpecInterface, i32 %MM_OUT_56, void @empty_21, i32 0, i32 0, void @empty_12, i32 0, i32 0, void @empty_12, void @empty_12, void @empty_12, i32 0, i32 0, i32 0, i32 0, void @empty_12, void @empty_12, i32 4294967295, i32 0"   --->   Operation 74 'specinterface' 'specinterface_ln0' <Predicate = true> <Delay = 0.00>
ST_1 : Operation 75 [1/1] (0.00ns)   --->   "%specinterface_ln0 = specinterface void @_ssdm_op_SpecInterface, i32 %MM_OUT_55, void @empty_21, i32 0, i32 0, void @empty_12, i32 0, i32 0, void @empty_12, void @empty_12, void @empty_12, i32 0, i32 0, i32 0, i32 0, void @empty_12, void @empty_12, i32 4294967295, i32 0"   --->   Operation 75 'specinterface' 'specinterface_ln0' <Predicate = true> <Delay = 0.00>
ST_1 : Operation 76 [1/1] (0.00ns)   --->   "%specinterface_ln0 = specinterface void @_ssdm_op_SpecInterface, i32 %MM_OUT_54, void @empty_21, i32 0, i32 0, void @empty_12, i32 0, i32 0, void @empty_12, void @empty_12, void @empty_12, i32 0, i32 0, i32 0, i32 0, void @empty_12, void @empty_12, i32 4294967295, i32 0"   --->   Operation 76 'specinterface' 'specinterface_ln0' <Predicate = true> <Delay = 0.00>
ST_1 : Operation 77 [1/1] (0.00ns)   --->   "%specinterface_ln0 = specinterface void @_ssdm_op_SpecInterface, i32 %MM_OUT_53, void @empty_21, i32 0, i32 0, void @empty_12, i32 0, i32 0, void @empty_12, void @empty_12, void @empty_12, i32 0, i32 0, i32 0, i32 0, void @empty_12, void @empty_12, i32 4294967295, i32 0"   --->   Operation 77 'specinterface' 'specinterface_ln0' <Predicate = true> <Delay = 0.00>
ST_1 : Operation 78 [1/1] (0.00ns)   --->   "%specinterface_ln0 = specinterface void @_ssdm_op_SpecInterface, i32 %MM_OUT_52, void @empty_21, i32 0, i32 0, void @empty_12, i32 0, i32 0, void @empty_12, void @empty_12, void @empty_12, i32 0, i32 0, i32 0, i32 0, void @empty_12, void @empty_12, i32 4294967295, i32 0"   --->   Operation 78 'specinterface' 'specinterface_ln0' <Predicate = true> <Delay = 0.00>
ST_1 : Operation 79 [1/1] (0.00ns)   --->   "%specinterface_ln0 = specinterface void @_ssdm_op_SpecInterface, i32 %MM_OUT_51, void @empty_21, i32 0, i32 0, void @empty_12, i32 0, i32 0, void @empty_12, void @empty_12, void @empty_12, i32 0, i32 0, i32 0, i32 0, void @empty_12, void @empty_12, i32 4294967295, i32 0"   --->   Operation 79 'specinterface' 'specinterface_ln0' <Predicate = true> <Delay = 0.00>
ST_1 : Operation 80 [1/1] (0.00ns)   --->   "%specinterface_ln0 = specinterface void @_ssdm_op_SpecInterface, i32 %MM_OUT_50, void @empty_21, i32 0, i32 0, void @empty_12, i32 0, i32 0, void @empty_12, void @empty_12, void @empty_12, i32 0, i32 0, i32 0, i32 0, void @empty_12, void @empty_12, i32 4294967295, i32 0"   --->   Operation 80 'specinterface' 'specinterface_ln0' <Predicate = true> <Delay = 0.00>
ST_1 : Operation 81 [1/1] (0.00ns)   --->   "%specinterface_ln0 = specinterface void @_ssdm_op_SpecInterface, i32 %MM_OUT_49, void @empty_21, i32 0, i32 0, void @empty_12, i32 0, i32 0, void @empty_12, void @empty_12, void @empty_12, i32 0, i32 0, i32 0, i32 0, void @empty_12, void @empty_12, i32 4294967295, i32 0"   --->   Operation 81 'specinterface' 'specinterface_ln0' <Predicate = true> <Delay = 0.00>
ST_1 : Operation 82 [1/1] (0.00ns)   --->   "%specinterface_ln0 = specinterface void @_ssdm_op_SpecInterface, i32 %MM_OUT_48, void @empty_21, i32 0, i32 0, void @empty_12, i32 0, i32 0, void @empty_12, void @empty_12, void @empty_12, i32 0, i32 0, i32 0, i32 0, void @empty_12, void @empty_12, i32 4294967295, i32 0"   --->   Operation 82 'specinterface' 'specinterface_ln0' <Predicate = true> <Delay = 0.00>
ST_1 : Operation 83 [1/1] (0.00ns)   --->   "%specinterface_ln0 = specinterface void @_ssdm_op_SpecInterface, i32 %MM_OUT_47, void @empty_21, i32 0, i32 0, void @empty_12, i32 0, i32 0, void @empty_12, void @empty_12, void @empty_12, i32 0, i32 0, i32 0, i32 0, void @empty_12, void @empty_12, i32 4294967295, i32 0"   --->   Operation 83 'specinterface' 'specinterface_ln0' <Predicate = true> <Delay = 0.00>
ST_1 : Operation 84 [1/1] (0.00ns)   --->   "%specinterface_ln0 = specinterface void @_ssdm_op_SpecInterface, i32 %MM_OUT_46, void @empty_21, i32 0, i32 0, void @empty_12, i32 0, i32 0, void @empty_12, void @empty_12, void @empty_12, i32 0, i32 0, i32 0, i32 0, void @empty_12, void @empty_12, i32 4294967295, i32 0"   --->   Operation 84 'specinterface' 'specinterface_ln0' <Predicate = true> <Delay = 0.00>
ST_1 : Operation 85 [1/1] (0.00ns)   --->   "%specinterface_ln0 = specinterface void @_ssdm_op_SpecInterface, i32 %MM_OUT_45, void @empty_21, i32 0, i32 0, void @empty_12, i32 0, i32 0, void @empty_12, void @empty_12, void @empty_12, i32 0, i32 0, i32 0, i32 0, void @empty_12, void @empty_12, i32 4294967295, i32 0"   --->   Operation 85 'specinterface' 'specinterface_ln0' <Predicate = true> <Delay = 0.00>
ST_1 : Operation 86 [1/1] (0.00ns)   --->   "%specinterface_ln0 = specinterface void @_ssdm_op_SpecInterface, i32 %MM_OUT_44, void @empty_21, i32 0, i32 0, void @empty_12, i32 0, i32 0, void @empty_12, void @empty_12, void @empty_12, i32 0, i32 0, i32 0, i32 0, void @empty_12, void @empty_12, i32 4294967295, i32 0"   --->   Operation 86 'specinterface' 'specinterface_ln0' <Predicate = true> <Delay = 0.00>
ST_1 : Operation 87 [1/1] (0.00ns)   --->   "%specinterface_ln0 = specinterface void @_ssdm_op_SpecInterface, i32 %MM_OUT_43, void @empty_21, i32 0, i32 0, void @empty_12, i32 0, i32 0, void @empty_12, void @empty_12, void @empty_12, i32 0, i32 0, i32 0, i32 0, void @empty_12, void @empty_12, i32 4294967295, i32 0"   --->   Operation 87 'specinterface' 'specinterface_ln0' <Predicate = true> <Delay = 0.00>
ST_1 : Operation 88 [1/1] (0.00ns)   --->   "%specinterface_ln0 = specinterface void @_ssdm_op_SpecInterface, i32 %MM_OUT_42, void @empty_21, i32 0, i32 0, void @empty_12, i32 0, i32 0, void @empty_12, void @empty_12, void @empty_12, i32 0, i32 0, i32 0, i32 0, void @empty_12, void @empty_12, i32 4294967295, i32 0"   --->   Operation 88 'specinterface' 'specinterface_ln0' <Predicate = true> <Delay = 0.00>
ST_1 : Operation 89 [1/1] (0.00ns)   --->   "%specinterface_ln0 = specinterface void @_ssdm_op_SpecInterface, i32 %MM_OUT_41, void @empty_21, i32 0, i32 0, void @empty_12, i32 0, i32 0, void @empty_12, void @empty_12, void @empty_12, i32 0, i32 0, i32 0, i32 0, void @empty_12, void @empty_12, i32 4294967295, i32 0"   --->   Operation 89 'specinterface' 'specinterface_ln0' <Predicate = true> <Delay = 0.00>
ST_1 : Operation 90 [1/1] (0.00ns)   --->   "%specinterface_ln0 = specinterface void @_ssdm_op_SpecInterface, i32 %MM_OUT_40, void @empty_21, i32 0, i32 0, void @empty_12, i32 0, i32 0, void @empty_12, void @empty_12, void @empty_12, i32 0, i32 0, i32 0, i32 0, void @empty_12, void @empty_12, i32 4294967295, i32 0"   --->   Operation 90 'specinterface' 'specinterface_ln0' <Predicate = true> <Delay = 0.00>
ST_1 : Operation 91 [1/1] (0.00ns)   --->   "%specinterface_ln0 = specinterface void @_ssdm_op_SpecInterface, i32 %MM_OUT_39, void @empty_21, i32 0, i32 0, void @empty_12, i32 0, i32 0, void @empty_12, void @empty_12, void @empty_12, i32 0, i32 0, i32 0, i32 0, void @empty_12, void @empty_12, i32 4294967295, i32 0"   --->   Operation 91 'specinterface' 'specinterface_ln0' <Predicate = true> <Delay = 0.00>
ST_1 : Operation 92 [1/1] (0.00ns)   --->   "%specinterface_ln0 = specinterface void @_ssdm_op_SpecInterface, i32 %MM_OUT_38, void @empty_21, i32 0, i32 0, void @empty_12, i32 0, i32 0, void @empty_12, void @empty_12, void @empty_12, i32 0, i32 0, i32 0, i32 0, void @empty_12, void @empty_12, i32 4294967295, i32 0"   --->   Operation 92 'specinterface' 'specinterface_ln0' <Predicate = true> <Delay = 0.00>
ST_1 : Operation 93 [1/1] (0.00ns)   --->   "%specinterface_ln0 = specinterface void @_ssdm_op_SpecInterface, i32 %MM_OUT_37, void @empty_21, i32 0, i32 0, void @empty_12, i32 0, i32 0, void @empty_12, void @empty_12, void @empty_12, i32 0, i32 0, i32 0, i32 0, void @empty_12, void @empty_12, i32 4294967295, i32 0"   --->   Operation 93 'specinterface' 'specinterface_ln0' <Predicate = true> <Delay = 0.00>
ST_1 : Operation 94 [1/1] (0.00ns)   --->   "%specinterface_ln0 = specinterface void @_ssdm_op_SpecInterface, i32 %MM_OUT_36, void @empty_21, i32 0, i32 0, void @empty_12, i32 0, i32 0, void @empty_12, void @empty_12, void @empty_12, i32 0, i32 0, i32 0, i32 0, void @empty_12, void @empty_12, i32 4294967295, i32 0"   --->   Operation 94 'specinterface' 'specinterface_ln0' <Predicate = true> <Delay = 0.00>
ST_1 : Operation 95 [1/1] (0.00ns)   --->   "%specinterface_ln0 = specinterface void @_ssdm_op_SpecInterface, i32 %MM_OUT_35, void @empty_21, i32 0, i32 0, void @empty_12, i32 0, i32 0, void @empty_12, void @empty_12, void @empty_12, i32 0, i32 0, i32 0, i32 0, void @empty_12, void @empty_12, i32 4294967295, i32 0"   --->   Operation 95 'specinterface' 'specinterface_ln0' <Predicate = true> <Delay = 0.00>
ST_1 : Operation 96 [1/1] (0.00ns)   --->   "%specinterface_ln0 = specinterface void @_ssdm_op_SpecInterface, i32 %MM_OUT_34, void @empty_21, i32 0, i32 0, void @empty_12, i32 0, i32 0, void @empty_12, void @empty_12, void @empty_12, i32 0, i32 0, i32 0, i32 0, void @empty_12, void @empty_12, i32 4294967295, i32 0"   --->   Operation 96 'specinterface' 'specinterface_ln0' <Predicate = true> <Delay = 0.00>
ST_1 : Operation 97 [1/1] (0.00ns)   --->   "%specinterface_ln0 = specinterface void @_ssdm_op_SpecInterface, i32 %MM_OUT_33, void @empty_21, i32 0, i32 0, void @empty_12, i32 0, i32 0, void @empty_12, void @empty_12, void @empty_12, i32 0, i32 0, i32 0, i32 0, void @empty_12, void @empty_12, i32 4294967295, i32 0"   --->   Operation 97 'specinterface' 'specinterface_ln0' <Predicate = true> <Delay = 0.00>
ST_1 : Operation 98 [1/1] (0.00ns)   --->   "%specinterface_ln0 = specinterface void @_ssdm_op_SpecInterface, i32 %MM_OUT_32, void @empty_21, i32 0, i32 0, void @empty_12, i32 0, i32 0, void @empty_12, void @empty_12, void @empty_12, i32 0, i32 0, i32 0, i32 0, void @empty_12, void @empty_12, i32 4294967295, i32 0"   --->   Operation 98 'specinterface' 'specinterface_ln0' <Predicate = true> <Delay = 0.00>
ST_1 : Operation 99 [1/1] (0.00ns)   --->   "%specinterface_ln0 = specinterface void @_ssdm_op_SpecInterface, i32 %MM_OUT_31, void @empty_21, i32 0, i32 0, void @empty_12, i32 0, i32 0, void @empty_12, void @empty_12, void @empty_12, i32 0, i32 0, i32 0, i32 0, void @empty_12, void @empty_12, i32 4294967295, i32 0"   --->   Operation 99 'specinterface' 'specinterface_ln0' <Predicate = true> <Delay = 0.00>
ST_1 : Operation 100 [1/1] (0.00ns)   --->   "%specinterface_ln0 = specinterface void @_ssdm_op_SpecInterface, i32 %MM_OUT_30, void @empty_21, i32 0, i32 0, void @empty_12, i32 0, i32 0, void @empty_12, void @empty_12, void @empty_12, i32 0, i32 0, i32 0, i32 0, void @empty_12, void @empty_12, i32 4294967295, i32 0"   --->   Operation 100 'specinterface' 'specinterface_ln0' <Predicate = true> <Delay = 0.00>
ST_1 : Operation 101 [1/1] (0.00ns)   --->   "%specinterface_ln0 = specinterface void @_ssdm_op_SpecInterface, i32 %MM_OUT_29, void @empty_21, i32 0, i32 0, void @empty_12, i32 0, i32 0, void @empty_12, void @empty_12, void @empty_12, i32 0, i32 0, i32 0, i32 0, void @empty_12, void @empty_12, i32 4294967295, i32 0"   --->   Operation 101 'specinterface' 'specinterface_ln0' <Predicate = true> <Delay = 0.00>
ST_1 : Operation 102 [1/1] (0.00ns)   --->   "%specinterface_ln0 = specinterface void @_ssdm_op_SpecInterface, i32 %MM_OUT_28, void @empty_21, i32 0, i32 0, void @empty_12, i32 0, i32 0, void @empty_12, void @empty_12, void @empty_12, i32 0, i32 0, i32 0, i32 0, void @empty_12, void @empty_12, i32 4294967295, i32 0"   --->   Operation 102 'specinterface' 'specinterface_ln0' <Predicate = true> <Delay = 0.00>
ST_1 : Operation 103 [1/1] (0.00ns)   --->   "%specinterface_ln0 = specinterface void @_ssdm_op_SpecInterface, i32 %MM_OUT_27, void @empty_21, i32 0, i32 0, void @empty_12, i32 0, i32 0, void @empty_12, void @empty_12, void @empty_12, i32 0, i32 0, i32 0, i32 0, void @empty_12, void @empty_12, i32 4294967295, i32 0"   --->   Operation 103 'specinterface' 'specinterface_ln0' <Predicate = true> <Delay = 0.00>
ST_1 : Operation 104 [1/1] (0.00ns)   --->   "%specinterface_ln0 = specinterface void @_ssdm_op_SpecInterface, i32 %MM_OUT_26, void @empty_21, i32 0, i32 0, void @empty_12, i32 0, i32 0, void @empty_12, void @empty_12, void @empty_12, i32 0, i32 0, i32 0, i32 0, void @empty_12, void @empty_12, i32 4294967295, i32 0"   --->   Operation 104 'specinterface' 'specinterface_ln0' <Predicate = true> <Delay = 0.00>
ST_1 : Operation 105 [1/1] (0.00ns)   --->   "%specinterface_ln0 = specinterface void @_ssdm_op_SpecInterface, i32 %MM_OUT_25, void @empty_21, i32 0, i32 0, void @empty_12, i32 0, i32 0, void @empty_12, void @empty_12, void @empty_12, i32 0, i32 0, i32 0, i32 0, void @empty_12, void @empty_12, i32 4294967295, i32 0"   --->   Operation 105 'specinterface' 'specinterface_ln0' <Predicate = true> <Delay = 0.00>
ST_1 : Operation 106 [1/1] (0.00ns)   --->   "%specinterface_ln0 = specinterface void @_ssdm_op_SpecInterface, i32 %MM_OUT_24, void @empty_21, i32 0, i32 0, void @empty_12, i32 0, i32 0, void @empty_12, void @empty_12, void @empty_12, i32 0, i32 0, i32 0, i32 0, void @empty_12, void @empty_12, i32 4294967295, i32 0"   --->   Operation 106 'specinterface' 'specinterface_ln0' <Predicate = true> <Delay = 0.00>
ST_1 : Operation 107 [1/1] (0.00ns)   --->   "%specinterface_ln0 = specinterface void @_ssdm_op_SpecInterface, i32 %MM_OUT_23, void @empty_21, i32 0, i32 0, void @empty_12, i32 0, i32 0, void @empty_12, void @empty_12, void @empty_12, i32 0, i32 0, i32 0, i32 0, void @empty_12, void @empty_12, i32 4294967295, i32 0"   --->   Operation 107 'specinterface' 'specinterface_ln0' <Predicate = true> <Delay = 0.00>
ST_1 : Operation 108 [1/1] (0.00ns)   --->   "%specinterface_ln0 = specinterface void @_ssdm_op_SpecInterface, i32 %MM_OUT_22, void @empty_21, i32 0, i32 0, void @empty_12, i32 0, i32 0, void @empty_12, void @empty_12, void @empty_12, i32 0, i32 0, i32 0, i32 0, void @empty_12, void @empty_12, i32 4294967295, i32 0"   --->   Operation 108 'specinterface' 'specinterface_ln0' <Predicate = true> <Delay = 0.00>
ST_1 : Operation 109 [1/1] (0.00ns)   --->   "%specinterface_ln0 = specinterface void @_ssdm_op_SpecInterface, i32 %MM_OUT_21, void @empty_21, i32 0, i32 0, void @empty_12, i32 0, i32 0, void @empty_12, void @empty_12, void @empty_12, i32 0, i32 0, i32 0, i32 0, void @empty_12, void @empty_12, i32 4294967295, i32 0"   --->   Operation 109 'specinterface' 'specinterface_ln0' <Predicate = true> <Delay = 0.00>
ST_1 : Operation 110 [1/1] (0.00ns)   --->   "%specinterface_ln0 = specinterface void @_ssdm_op_SpecInterface, i32 %MM_OUT_20, void @empty_21, i32 0, i32 0, void @empty_12, i32 0, i32 0, void @empty_12, void @empty_12, void @empty_12, i32 0, i32 0, i32 0, i32 0, void @empty_12, void @empty_12, i32 4294967295, i32 0"   --->   Operation 110 'specinterface' 'specinterface_ln0' <Predicate = true> <Delay = 0.00>
ST_1 : Operation 111 [1/1] (0.00ns)   --->   "%specinterface_ln0 = specinterface void @_ssdm_op_SpecInterface, i32 %MM_OUT_19, void @empty_21, i32 0, i32 0, void @empty_12, i32 0, i32 0, void @empty_12, void @empty_12, void @empty_12, i32 0, i32 0, i32 0, i32 0, void @empty_12, void @empty_12, i32 4294967295, i32 0"   --->   Operation 111 'specinterface' 'specinterface_ln0' <Predicate = true> <Delay = 0.00>
ST_1 : Operation 112 [1/1] (0.00ns)   --->   "%specinterface_ln0 = specinterface void @_ssdm_op_SpecInterface, i32 %MM_OUT_18, void @empty_21, i32 0, i32 0, void @empty_12, i32 0, i32 0, void @empty_12, void @empty_12, void @empty_12, i32 0, i32 0, i32 0, i32 0, void @empty_12, void @empty_12, i32 4294967295, i32 0"   --->   Operation 112 'specinterface' 'specinterface_ln0' <Predicate = true> <Delay = 0.00>
ST_1 : Operation 113 [1/1] (0.00ns)   --->   "%specinterface_ln0 = specinterface void @_ssdm_op_SpecInterface, i32 %MM_OUT_17, void @empty_21, i32 0, i32 0, void @empty_12, i32 0, i32 0, void @empty_12, void @empty_12, void @empty_12, i32 0, i32 0, i32 0, i32 0, void @empty_12, void @empty_12, i32 4294967295, i32 0"   --->   Operation 113 'specinterface' 'specinterface_ln0' <Predicate = true> <Delay = 0.00>
ST_1 : Operation 114 [1/1] (0.00ns)   --->   "%specinterface_ln0 = specinterface void @_ssdm_op_SpecInterface, i32 %MM_OUT_16, void @empty_21, i32 0, i32 0, void @empty_12, i32 0, i32 0, void @empty_12, void @empty_12, void @empty_12, i32 0, i32 0, i32 0, i32 0, void @empty_12, void @empty_12, i32 4294967295, i32 0"   --->   Operation 114 'specinterface' 'specinterface_ln0' <Predicate = true> <Delay = 0.00>
ST_1 : Operation 115 [1/1] (0.00ns)   --->   "%specinterface_ln0 = specinterface void @_ssdm_op_SpecInterface, i32 %MM_OUT_15, void @empty_21, i32 0, i32 0, void @empty_12, i32 0, i32 0, void @empty_12, void @empty_12, void @empty_12, i32 0, i32 0, i32 0, i32 0, void @empty_12, void @empty_12, i32 4294967295, i32 0"   --->   Operation 115 'specinterface' 'specinterface_ln0' <Predicate = true> <Delay = 0.00>
ST_1 : Operation 116 [1/1] (0.00ns)   --->   "%specinterface_ln0 = specinterface void @_ssdm_op_SpecInterface, i32 %MM_OUT_14, void @empty_21, i32 0, i32 0, void @empty_12, i32 0, i32 0, void @empty_12, void @empty_12, void @empty_12, i32 0, i32 0, i32 0, i32 0, void @empty_12, void @empty_12, i32 4294967295, i32 0"   --->   Operation 116 'specinterface' 'specinterface_ln0' <Predicate = true> <Delay = 0.00>
ST_1 : Operation 117 [1/1] (0.00ns)   --->   "%specinterface_ln0 = specinterface void @_ssdm_op_SpecInterface, i32 %MM_OUT_13, void @empty_21, i32 0, i32 0, void @empty_12, i32 0, i32 0, void @empty_12, void @empty_12, void @empty_12, i32 0, i32 0, i32 0, i32 0, void @empty_12, void @empty_12, i32 4294967295, i32 0"   --->   Operation 117 'specinterface' 'specinterface_ln0' <Predicate = true> <Delay = 0.00>
ST_1 : Operation 118 [1/1] (0.00ns)   --->   "%specinterface_ln0 = specinterface void @_ssdm_op_SpecInterface, i32 %MM_OUT_12, void @empty_21, i32 0, i32 0, void @empty_12, i32 0, i32 0, void @empty_12, void @empty_12, void @empty_12, i32 0, i32 0, i32 0, i32 0, void @empty_12, void @empty_12, i32 4294967295, i32 0"   --->   Operation 118 'specinterface' 'specinterface_ln0' <Predicate = true> <Delay = 0.00>
ST_1 : Operation 119 [1/1] (0.00ns)   --->   "%specinterface_ln0 = specinterface void @_ssdm_op_SpecInterface, i32 %MM_OUT_11, void @empty_21, i32 0, i32 0, void @empty_12, i32 0, i32 0, void @empty_12, void @empty_12, void @empty_12, i32 0, i32 0, i32 0, i32 0, void @empty_12, void @empty_12, i32 4294967295, i32 0"   --->   Operation 119 'specinterface' 'specinterface_ln0' <Predicate = true> <Delay = 0.00>
ST_1 : Operation 120 [1/1] (0.00ns)   --->   "%specinterface_ln0 = specinterface void @_ssdm_op_SpecInterface, i32 %MM_OUT_10, void @empty_21, i32 0, i32 0, void @empty_12, i32 0, i32 0, void @empty_12, void @empty_12, void @empty_12, i32 0, i32 0, i32 0, i32 0, void @empty_12, void @empty_12, i32 4294967295, i32 0"   --->   Operation 120 'specinterface' 'specinterface_ln0' <Predicate = true> <Delay = 0.00>
ST_1 : Operation 121 [1/1] (0.00ns)   --->   "%specinterface_ln0 = specinterface void @_ssdm_op_SpecInterface, i32 %MM_OUT_9, void @empty_21, i32 0, i32 0, void @empty_12, i32 0, i32 0, void @empty_12, void @empty_12, void @empty_12, i32 0, i32 0, i32 0, i32 0, void @empty_12, void @empty_12, i32 4294967295, i32 0"   --->   Operation 121 'specinterface' 'specinterface_ln0' <Predicate = true> <Delay = 0.00>
ST_1 : Operation 122 [1/1] (0.00ns)   --->   "%specinterface_ln0 = specinterface void @_ssdm_op_SpecInterface, i32 %MM_OUT_8, void @empty_21, i32 0, i32 0, void @empty_12, i32 0, i32 0, void @empty_12, void @empty_12, void @empty_12, i32 0, i32 0, i32 0, i32 0, void @empty_12, void @empty_12, i32 4294967295, i32 0"   --->   Operation 122 'specinterface' 'specinterface_ln0' <Predicate = true> <Delay = 0.00>
ST_1 : Operation 123 [1/1] (0.00ns)   --->   "%specinterface_ln0 = specinterface void @_ssdm_op_SpecInterface, i32 %MM_OUT_7, void @empty_21, i32 0, i32 0, void @empty_12, i32 0, i32 0, void @empty_12, void @empty_12, void @empty_12, i32 0, i32 0, i32 0, i32 0, void @empty_12, void @empty_12, i32 4294967295, i32 0"   --->   Operation 123 'specinterface' 'specinterface_ln0' <Predicate = true> <Delay = 0.00>
ST_1 : Operation 124 [1/1] (0.00ns)   --->   "%specinterface_ln0 = specinterface void @_ssdm_op_SpecInterface, i32 %MM_OUT_6, void @empty_21, i32 0, i32 0, void @empty_12, i32 0, i32 0, void @empty_12, void @empty_12, void @empty_12, i32 0, i32 0, i32 0, i32 0, void @empty_12, void @empty_12, i32 4294967295, i32 0"   --->   Operation 124 'specinterface' 'specinterface_ln0' <Predicate = true> <Delay = 0.00>
ST_1 : Operation 125 [1/1] (0.00ns)   --->   "%specinterface_ln0 = specinterface void @_ssdm_op_SpecInterface, i32 %MM_OUT_5, void @empty_21, i32 0, i32 0, void @empty_12, i32 0, i32 0, void @empty_12, void @empty_12, void @empty_12, i32 0, i32 0, i32 0, i32 0, void @empty_12, void @empty_12, i32 4294967295, i32 0"   --->   Operation 125 'specinterface' 'specinterface_ln0' <Predicate = true> <Delay = 0.00>
ST_1 : Operation 126 [1/1] (0.00ns)   --->   "%specinterface_ln0 = specinterface void @_ssdm_op_SpecInterface, i32 %MM_OUT_4, void @empty_21, i32 0, i32 0, void @empty_12, i32 0, i32 0, void @empty_12, void @empty_12, void @empty_12, i32 0, i32 0, i32 0, i32 0, void @empty_12, void @empty_12, i32 4294967295, i32 0"   --->   Operation 126 'specinterface' 'specinterface_ln0' <Predicate = true> <Delay = 0.00>
ST_1 : Operation 127 [1/1] (0.00ns)   --->   "%specinterface_ln0 = specinterface void @_ssdm_op_SpecInterface, i32 %MM_OUT_3, void @empty_21, i32 0, i32 0, void @empty_12, i32 0, i32 0, void @empty_12, void @empty_12, void @empty_12, i32 0, i32 0, i32 0, i32 0, void @empty_12, void @empty_12, i32 4294967295, i32 0"   --->   Operation 127 'specinterface' 'specinterface_ln0' <Predicate = true> <Delay = 0.00>
ST_1 : Operation 128 [1/1] (0.00ns)   --->   "%specinterface_ln0 = specinterface void @_ssdm_op_SpecInterface, i32 %MM_OUT_2, void @empty_21, i32 0, i32 0, void @empty_12, i32 0, i32 0, void @empty_12, void @empty_12, void @empty_12, i32 0, i32 0, i32 0, i32 0, void @empty_12, void @empty_12, i32 4294967295, i32 0"   --->   Operation 128 'specinterface' 'specinterface_ln0' <Predicate = true> <Delay = 0.00>
ST_1 : Operation 129 [1/1] (0.00ns)   --->   "%specinterface_ln0 = specinterface void @_ssdm_op_SpecInterface, i32 %MM_OUT_1, void @empty_21, i32 0, i32 0, void @empty_12, i32 0, i32 0, void @empty_12, void @empty_12, void @empty_12, i32 0, i32 0, i32 0, i32 0, void @empty_12, void @empty_12, i32 4294967295, i32 0"   --->   Operation 129 'specinterface' 'specinterface_ln0' <Predicate = true> <Delay = 0.00>
ST_1 : Operation 130 [1/1] (0.00ns)   --->   "%specinterface_ln0 = specinterface void @_ssdm_op_SpecInterface, i32 %MM_OUT_0, void @empty_21, i32 0, i32 0, void @empty_12, i32 0, i32 0, void @empty_12, void @empty_12, void @empty_12, i32 0, i32 0, i32 0, i32 0, void @empty_12, void @empty_12, i32 4294967295, i32 0"   --->   Operation 130 'specinterface' 'specinterface_ln0' <Predicate = true> <Delay = 0.00>
ST_1 : Operation 131 [1/1] (0.00ns)   --->   "%specinterface_ln0 = specinterface void @_ssdm_op_SpecInterface, i32 %fifo_CONV3_ACC_15, void @empty_21, i32 0, i32 0, void @empty_12, i32 0, i32 0, void @empty_12, void @empty_12, void @empty_12, i32 0, i32 0, i32 0, i32 0, void @empty_12, void @empty_12, i32 4294967295, i32 0"   --->   Operation 131 'specinterface' 'specinterface_ln0' <Predicate = true> <Delay = 0.00>
ST_1 : Operation 132 [1/1] (0.00ns)   --->   "%specinterface_ln0 = specinterface void @_ssdm_op_SpecInterface, i32 %fifo_CONV3_ACC_14, void @empty_21, i32 0, i32 0, void @empty_12, i32 0, i32 0, void @empty_12, void @empty_12, void @empty_12, i32 0, i32 0, i32 0, i32 0, void @empty_12, void @empty_12, i32 4294967295, i32 0"   --->   Operation 132 'specinterface' 'specinterface_ln0' <Predicate = true> <Delay = 0.00>
ST_1 : Operation 133 [1/1] (0.00ns)   --->   "%specinterface_ln0 = specinterface void @_ssdm_op_SpecInterface, i32 %fifo_CONV3_ACC_13, void @empty_21, i32 0, i32 0, void @empty_12, i32 0, i32 0, void @empty_12, void @empty_12, void @empty_12, i32 0, i32 0, i32 0, i32 0, void @empty_12, void @empty_12, i32 4294967295, i32 0"   --->   Operation 133 'specinterface' 'specinterface_ln0' <Predicate = true> <Delay = 0.00>
ST_1 : Operation 134 [1/1] (0.00ns)   --->   "%specinterface_ln0 = specinterface void @_ssdm_op_SpecInterface, i32 %fifo_CONV3_ACC_12, void @empty_21, i32 0, i32 0, void @empty_12, i32 0, i32 0, void @empty_12, void @empty_12, void @empty_12, i32 0, i32 0, i32 0, i32 0, void @empty_12, void @empty_12, i32 4294967295, i32 0"   --->   Operation 134 'specinterface' 'specinterface_ln0' <Predicate = true> <Delay = 0.00>
ST_1 : Operation 135 [1/1] (0.00ns)   --->   "%specinterface_ln0 = specinterface void @_ssdm_op_SpecInterface, i32 %fifo_CONV3_ACC_11, void @empty_21, i32 0, i32 0, void @empty_12, i32 0, i32 0, void @empty_12, void @empty_12, void @empty_12, i32 0, i32 0, i32 0, i32 0, void @empty_12, void @empty_12, i32 4294967295, i32 0"   --->   Operation 135 'specinterface' 'specinterface_ln0' <Predicate = true> <Delay = 0.00>
ST_1 : Operation 136 [1/1] (0.00ns)   --->   "%specinterface_ln0 = specinterface void @_ssdm_op_SpecInterface, i32 %fifo_CONV3_ACC_10, void @empty_21, i32 0, i32 0, void @empty_12, i32 0, i32 0, void @empty_12, void @empty_12, void @empty_12, i32 0, i32 0, i32 0, i32 0, void @empty_12, void @empty_12, i32 4294967295, i32 0"   --->   Operation 136 'specinterface' 'specinterface_ln0' <Predicate = true> <Delay = 0.00>
ST_1 : Operation 137 [1/1] (0.00ns)   --->   "%specinterface_ln0 = specinterface void @_ssdm_op_SpecInterface, i32 %fifo_CONV3_ACC_9, void @empty_21, i32 0, i32 0, void @empty_12, i32 0, i32 0, void @empty_12, void @empty_12, void @empty_12, i32 0, i32 0, i32 0, i32 0, void @empty_12, void @empty_12, i32 4294967295, i32 0"   --->   Operation 137 'specinterface' 'specinterface_ln0' <Predicate = true> <Delay = 0.00>
ST_1 : Operation 138 [1/1] (0.00ns)   --->   "%specinterface_ln0 = specinterface void @_ssdm_op_SpecInterface, i32 %fifo_CONV3_ACC_8, void @empty_21, i32 0, i32 0, void @empty_12, i32 0, i32 0, void @empty_12, void @empty_12, void @empty_12, i32 0, i32 0, i32 0, i32 0, void @empty_12, void @empty_12, i32 4294967295, i32 0"   --->   Operation 138 'specinterface' 'specinterface_ln0' <Predicate = true> <Delay = 0.00>
ST_1 : Operation 139 [1/1] (0.00ns)   --->   "%specinterface_ln0 = specinterface void @_ssdm_op_SpecInterface, i32 %fifo_CONV3_ACC_7, void @empty_21, i32 0, i32 0, void @empty_12, i32 0, i32 0, void @empty_12, void @empty_12, void @empty_12, i32 0, i32 0, i32 0, i32 0, void @empty_12, void @empty_12, i32 4294967295, i32 0"   --->   Operation 139 'specinterface' 'specinterface_ln0' <Predicate = true> <Delay = 0.00>
ST_1 : Operation 140 [1/1] (0.00ns)   --->   "%specinterface_ln0 = specinterface void @_ssdm_op_SpecInterface, i32 %fifo_CONV3_ACC_6, void @empty_21, i32 0, i32 0, void @empty_12, i32 0, i32 0, void @empty_12, void @empty_12, void @empty_12, i32 0, i32 0, i32 0, i32 0, void @empty_12, void @empty_12, i32 4294967295, i32 0"   --->   Operation 140 'specinterface' 'specinterface_ln0' <Predicate = true> <Delay = 0.00>
ST_1 : Operation 141 [1/1] (0.00ns)   --->   "%specinterface_ln0 = specinterface void @_ssdm_op_SpecInterface, i32 %fifo_CONV3_ACC_5, void @empty_21, i32 0, i32 0, void @empty_12, i32 0, i32 0, void @empty_12, void @empty_12, void @empty_12, i32 0, i32 0, i32 0, i32 0, void @empty_12, void @empty_12, i32 4294967295, i32 0"   --->   Operation 141 'specinterface' 'specinterface_ln0' <Predicate = true> <Delay = 0.00>
ST_1 : Operation 142 [1/1] (0.00ns)   --->   "%specinterface_ln0 = specinterface void @_ssdm_op_SpecInterface, i32 %fifo_CONV3_ACC_4, void @empty_21, i32 0, i32 0, void @empty_12, i32 0, i32 0, void @empty_12, void @empty_12, void @empty_12, i32 0, i32 0, i32 0, i32 0, void @empty_12, void @empty_12, i32 4294967295, i32 0"   --->   Operation 142 'specinterface' 'specinterface_ln0' <Predicate = true> <Delay = 0.00>
ST_1 : Operation 143 [1/1] (0.00ns)   --->   "%specinterface_ln0 = specinterface void @_ssdm_op_SpecInterface, i32 %fifo_CONV3_ACC_3, void @empty_21, i32 0, i32 0, void @empty_12, i32 0, i32 0, void @empty_12, void @empty_12, void @empty_12, i32 0, i32 0, i32 0, i32 0, void @empty_12, void @empty_12, i32 4294967295, i32 0"   --->   Operation 143 'specinterface' 'specinterface_ln0' <Predicate = true> <Delay = 0.00>
ST_1 : Operation 144 [1/1] (0.00ns)   --->   "%specinterface_ln0 = specinterface void @_ssdm_op_SpecInterface, i32 %fifo_CONV3_ACC_2, void @empty_21, i32 0, i32 0, void @empty_12, i32 0, i32 0, void @empty_12, void @empty_12, void @empty_12, i32 0, i32 0, i32 0, i32 0, void @empty_12, void @empty_12, i32 4294967295, i32 0"   --->   Operation 144 'specinterface' 'specinterface_ln0' <Predicate = true> <Delay = 0.00>
ST_1 : Operation 145 [1/1] (0.00ns)   --->   "%specinterface_ln0 = specinterface void @_ssdm_op_SpecInterface, i32 %fifo_CONV3_ACC_1, void @empty_21, i32 0, i32 0, void @empty_12, i32 0, i32 0, void @empty_12, void @empty_12, void @empty_12, i32 0, i32 0, i32 0, i32 0, void @empty_12, void @empty_12, i32 4294967295, i32 0"   --->   Operation 145 'specinterface' 'specinterface_ln0' <Predicate = true> <Delay = 0.00>
ST_1 : Operation 146 [1/1] (0.00ns)   --->   "%specinterface_ln0 = specinterface void @_ssdm_op_SpecInterface, i32 %fifo_CONV3_ACC_0, void @empty_21, i32 0, i32 0, void @empty_12, i32 0, i32 0, void @empty_12, void @empty_12, void @empty_12, i32 0, i32 0, i32 0, i32 0, void @empty_12, void @empty_12, i32 4294967295, i32 0"   --->   Operation 146 'specinterface' 'specinterface_ln0' <Predicate = true> <Delay = 0.00>
ST_1 : Operation 147 [1/1] (0.00ns)   --->   "%specinterface_ln0 = specinterface void @_ssdm_op_SpecInterface, i32 %fifo_SA_O_3_3_3, void @empty_21, i32 0, i32 0, void @empty_12, i32 0, i32 0, void @empty_12, void @empty_12, void @empty_12, i32 0, i32 0, i32 0, i32 0, void @empty_12, void @empty_12, i32 4294967295, i32 0"   --->   Operation 147 'specinterface' 'specinterface_ln0' <Predicate = true> <Delay = 0.00>
ST_1 : Operation 148 [1/1] (0.00ns)   --->   "%specinterface_ln0 = specinterface void @_ssdm_op_SpecInterface, i32 %fifo_SA_O_3_3_2, void @empty_21, i32 0, i32 0, void @empty_12, i32 0, i32 0, void @empty_12, void @empty_12, void @empty_12, i32 0, i32 0, i32 0, i32 0, void @empty_12, void @empty_12, i32 4294967295, i32 0"   --->   Operation 148 'specinterface' 'specinterface_ln0' <Predicate = true> <Delay = 0.00>
ST_1 : Operation 149 [1/1] (0.00ns)   --->   "%specinterface_ln0 = specinterface void @_ssdm_op_SpecInterface, i32 %fifo_SA_O_3_3_1, void @empty_21, i32 0, i32 0, void @empty_12, i32 0, i32 0, void @empty_12, void @empty_12, void @empty_12, i32 0, i32 0, i32 0, i32 0, void @empty_12, void @empty_12, i32 4294967295, i32 0"   --->   Operation 149 'specinterface' 'specinterface_ln0' <Predicate = true> <Delay = 0.00>
ST_1 : Operation 150 [1/1] (0.00ns)   --->   "%specinterface_ln0 = specinterface void @_ssdm_op_SpecInterface, i32 %fifo_SA_O_3_3_0, void @empty_21, i32 0, i32 0, void @empty_12, i32 0, i32 0, void @empty_12, void @empty_12, void @empty_12, i32 0, i32 0, i32 0, i32 0, void @empty_12, void @empty_12, i32 4294967295, i32 0"   --->   Operation 150 'specinterface' 'specinterface_ln0' <Predicate = true> <Delay = 0.00>
ST_1 : Operation 151 [1/1] (0.00ns)   --->   "%specinterface_ln0 = specinterface void @_ssdm_op_SpecInterface, i32 %fifo_SA_O_3_2_3, void @empty_21, i32 0, i32 0, void @empty_12, i32 0, i32 0, void @empty_12, void @empty_12, void @empty_12, i32 0, i32 0, i32 0, i32 0, void @empty_12, void @empty_12, i32 4294967295, i32 0"   --->   Operation 151 'specinterface' 'specinterface_ln0' <Predicate = true> <Delay = 0.00>
ST_1 : Operation 152 [1/1] (0.00ns)   --->   "%specinterface_ln0 = specinterface void @_ssdm_op_SpecInterface, i32 %fifo_SA_O_3_2_2, void @empty_21, i32 0, i32 0, void @empty_12, i32 0, i32 0, void @empty_12, void @empty_12, void @empty_12, i32 0, i32 0, i32 0, i32 0, void @empty_12, void @empty_12, i32 4294967295, i32 0"   --->   Operation 152 'specinterface' 'specinterface_ln0' <Predicate = true> <Delay = 0.00>
ST_1 : Operation 153 [1/1] (0.00ns)   --->   "%specinterface_ln0 = specinterface void @_ssdm_op_SpecInterface, i32 %fifo_SA_O_3_2_1, void @empty_21, i32 0, i32 0, void @empty_12, i32 0, i32 0, void @empty_12, void @empty_12, void @empty_12, i32 0, i32 0, i32 0, i32 0, void @empty_12, void @empty_12, i32 4294967295, i32 0"   --->   Operation 153 'specinterface' 'specinterface_ln0' <Predicate = true> <Delay = 0.00>
ST_1 : Operation 154 [1/1] (0.00ns)   --->   "%specinterface_ln0 = specinterface void @_ssdm_op_SpecInterface, i32 %fifo_SA_O_3_2_0, void @empty_21, i32 0, i32 0, void @empty_12, i32 0, i32 0, void @empty_12, void @empty_12, void @empty_12, i32 0, i32 0, i32 0, i32 0, void @empty_12, void @empty_12, i32 4294967295, i32 0"   --->   Operation 154 'specinterface' 'specinterface_ln0' <Predicate = true> <Delay = 0.00>
ST_1 : Operation 155 [1/1] (0.00ns)   --->   "%specinterface_ln0 = specinterface void @_ssdm_op_SpecInterface, i32 %fifo_SA_O_3_1_3, void @empty_21, i32 0, i32 0, void @empty_12, i32 0, i32 0, void @empty_12, void @empty_12, void @empty_12, i32 0, i32 0, i32 0, i32 0, void @empty_12, void @empty_12, i32 4294967295, i32 0"   --->   Operation 155 'specinterface' 'specinterface_ln0' <Predicate = true> <Delay = 0.00>
ST_1 : Operation 156 [1/1] (0.00ns)   --->   "%specinterface_ln0 = specinterface void @_ssdm_op_SpecInterface, i32 %fifo_SA_O_3_1_2, void @empty_21, i32 0, i32 0, void @empty_12, i32 0, i32 0, void @empty_12, void @empty_12, void @empty_12, i32 0, i32 0, i32 0, i32 0, void @empty_12, void @empty_12, i32 4294967295, i32 0"   --->   Operation 156 'specinterface' 'specinterface_ln0' <Predicate = true> <Delay = 0.00>
ST_1 : Operation 157 [1/1] (0.00ns)   --->   "%specinterface_ln0 = specinterface void @_ssdm_op_SpecInterface, i32 %fifo_SA_O_3_1_1, void @empty_21, i32 0, i32 0, void @empty_12, i32 0, i32 0, void @empty_12, void @empty_12, void @empty_12, i32 0, i32 0, i32 0, i32 0, void @empty_12, void @empty_12, i32 4294967295, i32 0"   --->   Operation 157 'specinterface' 'specinterface_ln0' <Predicate = true> <Delay = 0.00>
ST_1 : Operation 158 [1/1] (0.00ns)   --->   "%specinterface_ln0 = specinterface void @_ssdm_op_SpecInterface, i32 %fifo_SA_O_3_1_0, void @empty_21, i32 0, i32 0, void @empty_12, i32 0, i32 0, void @empty_12, void @empty_12, void @empty_12, i32 0, i32 0, i32 0, i32 0, void @empty_12, void @empty_12, i32 4294967295, i32 0"   --->   Operation 158 'specinterface' 'specinterface_ln0' <Predicate = true> <Delay = 0.00>
ST_1 : Operation 159 [1/1] (0.00ns)   --->   "%specinterface_ln0 = specinterface void @_ssdm_op_SpecInterface, i32 %fifo_SA_O_3_0_3, void @empty_21, i32 0, i32 0, void @empty_12, i32 0, i32 0, void @empty_12, void @empty_12, void @empty_12, i32 0, i32 0, i32 0, i32 0, void @empty_12, void @empty_12, i32 4294967295, i32 0"   --->   Operation 159 'specinterface' 'specinterface_ln0' <Predicate = true> <Delay = 0.00>
ST_1 : Operation 160 [1/1] (0.00ns)   --->   "%specinterface_ln0 = specinterface void @_ssdm_op_SpecInterface, i32 %fifo_SA_O_3_0_2, void @empty_21, i32 0, i32 0, void @empty_12, i32 0, i32 0, void @empty_12, void @empty_12, void @empty_12, i32 0, i32 0, i32 0, i32 0, void @empty_12, void @empty_12, i32 4294967295, i32 0"   --->   Operation 160 'specinterface' 'specinterface_ln0' <Predicate = true> <Delay = 0.00>
ST_1 : Operation 161 [1/1] (0.00ns)   --->   "%specinterface_ln0 = specinterface void @_ssdm_op_SpecInterface, i32 %fifo_SA_O_3_0_1, void @empty_21, i32 0, i32 0, void @empty_12, i32 0, i32 0, void @empty_12, void @empty_12, void @empty_12, i32 0, i32 0, i32 0, i32 0, void @empty_12, void @empty_12, i32 4294967295, i32 0"   --->   Operation 161 'specinterface' 'specinterface_ln0' <Predicate = true> <Delay = 0.00>
ST_1 : Operation 162 [1/1] (0.00ns)   --->   "%specinterface_ln0 = specinterface void @_ssdm_op_SpecInterface, i32 %fifo_SA_O_3_0_0, void @empty_21, i32 0, i32 0, void @empty_12, i32 0, i32 0, void @empty_12, void @empty_12, void @empty_12, i32 0, i32 0, i32 0, i32 0, void @empty_12, void @empty_12, i32 4294967295, i32 0"   --->   Operation 162 'specinterface' 'specinterface_ln0' <Predicate = true> <Delay = 0.00>
ST_1 : Operation 163 [1/1] (0.00ns)   --->   "%specinterface_ln0 = specinterface void @_ssdm_op_SpecInterface, i32 %fifo_SA_O_2_3_3, void @empty_21, i32 0, i32 0, void @empty_12, i32 0, i32 0, void @empty_12, void @empty_12, void @empty_12, i32 0, i32 0, i32 0, i32 0, void @empty_12, void @empty_12, i32 4294967295, i32 0"   --->   Operation 163 'specinterface' 'specinterface_ln0' <Predicate = true> <Delay = 0.00>
ST_1 : Operation 164 [1/1] (0.00ns)   --->   "%specinterface_ln0 = specinterface void @_ssdm_op_SpecInterface, i32 %fifo_SA_O_2_3_2, void @empty_21, i32 0, i32 0, void @empty_12, i32 0, i32 0, void @empty_12, void @empty_12, void @empty_12, i32 0, i32 0, i32 0, i32 0, void @empty_12, void @empty_12, i32 4294967295, i32 0"   --->   Operation 164 'specinterface' 'specinterface_ln0' <Predicate = true> <Delay = 0.00>
ST_1 : Operation 165 [1/1] (0.00ns)   --->   "%specinterface_ln0 = specinterface void @_ssdm_op_SpecInterface, i32 %fifo_SA_O_2_3_1, void @empty_21, i32 0, i32 0, void @empty_12, i32 0, i32 0, void @empty_12, void @empty_12, void @empty_12, i32 0, i32 0, i32 0, i32 0, void @empty_12, void @empty_12, i32 4294967295, i32 0"   --->   Operation 165 'specinterface' 'specinterface_ln0' <Predicate = true> <Delay = 0.00>
ST_1 : Operation 166 [1/1] (0.00ns)   --->   "%specinterface_ln0 = specinterface void @_ssdm_op_SpecInterface, i32 %fifo_SA_O_2_3_0, void @empty_21, i32 0, i32 0, void @empty_12, i32 0, i32 0, void @empty_12, void @empty_12, void @empty_12, i32 0, i32 0, i32 0, i32 0, void @empty_12, void @empty_12, i32 4294967295, i32 0"   --->   Operation 166 'specinterface' 'specinterface_ln0' <Predicate = true> <Delay = 0.00>
ST_1 : Operation 167 [1/1] (0.00ns)   --->   "%specinterface_ln0 = specinterface void @_ssdm_op_SpecInterface, i32 %fifo_SA_O_2_2_3, void @empty_21, i32 0, i32 0, void @empty_12, i32 0, i32 0, void @empty_12, void @empty_12, void @empty_12, i32 0, i32 0, i32 0, i32 0, void @empty_12, void @empty_12, i32 4294967295, i32 0"   --->   Operation 167 'specinterface' 'specinterface_ln0' <Predicate = true> <Delay = 0.00>
ST_1 : Operation 168 [1/1] (0.00ns)   --->   "%specinterface_ln0 = specinterface void @_ssdm_op_SpecInterface, i32 %fifo_SA_O_2_2_2, void @empty_21, i32 0, i32 0, void @empty_12, i32 0, i32 0, void @empty_12, void @empty_12, void @empty_12, i32 0, i32 0, i32 0, i32 0, void @empty_12, void @empty_12, i32 4294967295, i32 0"   --->   Operation 168 'specinterface' 'specinterface_ln0' <Predicate = true> <Delay = 0.00>
ST_1 : Operation 169 [1/1] (0.00ns)   --->   "%specinterface_ln0 = specinterface void @_ssdm_op_SpecInterface, i32 %fifo_SA_O_2_2_1, void @empty_21, i32 0, i32 0, void @empty_12, i32 0, i32 0, void @empty_12, void @empty_12, void @empty_12, i32 0, i32 0, i32 0, i32 0, void @empty_12, void @empty_12, i32 4294967295, i32 0"   --->   Operation 169 'specinterface' 'specinterface_ln0' <Predicate = true> <Delay = 0.00>
ST_1 : Operation 170 [1/1] (0.00ns)   --->   "%specinterface_ln0 = specinterface void @_ssdm_op_SpecInterface, i32 %fifo_SA_O_2_2_0, void @empty_21, i32 0, i32 0, void @empty_12, i32 0, i32 0, void @empty_12, void @empty_12, void @empty_12, i32 0, i32 0, i32 0, i32 0, void @empty_12, void @empty_12, i32 4294967295, i32 0"   --->   Operation 170 'specinterface' 'specinterface_ln0' <Predicate = true> <Delay = 0.00>
ST_1 : Operation 171 [1/1] (0.00ns)   --->   "%specinterface_ln0 = specinterface void @_ssdm_op_SpecInterface, i32 %fifo_SA_O_2_1_3, void @empty_21, i32 0, i32 0, void @empty_12, i32 0, i32 0, void @empty_12, void @empty_12, void @empty_12, i32 0, i32 0, i32 0, i32 0, void @empty_12, void @empty_12, i32 4294967295, i32 0"   --->   Operation 171 'specinterface' 'specinterface_ln0' <Predicate = true> <Delay = 0.00>
ST_1 : Operation 172 [1/1] (0.00ns)   --->   "%specinterface_ln0 = specinterface void @_ssdm_op_SpecInterface, i32 %fifo_SA_O_2_1_2, void @empty_21, i32 0, i32 0, void @empty_12, i32 0, i32 0, void @empty_12, void @empty_12, void @empty_12, i32 0, i32 0, i32 0, i32 0, void @empty_12, void @empty_12, i32 4294967295, i32 0"   --->   Operation 172 'specinterface' 'specinterface_ln0' <Predicate = true> <Delay = 0.00>
ST_1 : Operation 173 [1/1] (0.00ns)   --->   "%specinterface_ln0 = specinterface void @_ssdm_op_SpecInterface, i32 %fifo_SA_O_2_1_1, void @empty_21, i32 0, i32 0, void @empty_12, i32 0, i32 0, void @empty_12, void @empty_12, void @empty_12, i32 0, i32 0, i32 0, i32 0, void @empty_12, void @empty_12, i32 4294967295, i32 0"   --->   Operation 173 'specinterface' 'specinterface_ln0' <Predicate = true> <Delay = 0.00>
ST_1 : Operation 174 [1/1] (0.00ns)   --->   "%specinterface_ln0 = specinterface void @_ssdm_op_SpecInterface, i32 %fifo_SA_O_2_1_0, void @empty_21, i32 0, i32 0, void @empty_12, i32 0, i32 0, void @empty_12, void @empty_12, void @empty_12, i32 0, i32 0, i32 0, i32 0, void @empty_12, void @empty_12, i32 4294967295, i32 0"   --->   Operation 174 'specinterface' 'specinterface_ln0' <Predicate = true> <Delay = 0.00>
ST_1 : Operation 175 [1/1] (0.00ns)   --->   "%specinterface_ln0 = specinterface void @_ssdm_op_SpecInterface, i32 %fifo_SA_O_2_0_3, void @empty_21, i32 0, i32 0, void @empty_12, i32 0, i32 0, void @empty_12, void @empty_12, void @empty_12, i32 0, i32 0, i32 0, i32 0, void @empty_12, void @empty_12, i32 4294967295, i32 0"   --->   Operation 175 'specinterface' 'specinterface_ln0' <Predicate = true> <Delay = 0.00>
ST_1 : Operation 176 [1/1] (0.00ns)   --->   "%specinterface_ln0 = specinterface void @_ssdm_op_SpecInterface, i32 %fifo_SA_O_2_0_2, void @empty_21, i32 0, i32 0, void @empty_12, i32 0, i32 0, void @empty_12, void @empty_12, void @empty_12, i32 0, i32 0, i32 0, i32 0, void @empty_12, void @empty_12, i32 4294967295, i32 0"   --->   Operation 176 'specinterface' 'specinterface_ln0' <Predicate = true> <Delay = 0.00>
ST_1 : Operation 177 [1/1] (0.00ns)   --->   "%specinterface_ln0 = specinterface void @_ssdm_op_SpecInterface, i32 %fifo_SA_O_2_0_1, void @empty_21, i32 0, i32 0, void @empty_12, i32 0, i32 0, void @empty_12, void @empty_12, void @empty_12, i32 0, i32 0, i32 0, i32 0, void @empty_12, void @empty_12, i32 4294967295, i32 0"   --->   Operation 177 'specinterface' 'specinterface_ln0' <Predicate = true> <Delay = 0.00>
ST_1 : Operation 178 [1/1] (0.00ns)   --->   "%specinterface_ln0 = specinterface void @_ssdm_op_SpecInterface, i32 %fifo_SA_O_2_0_0, void @empty_21, i32 0, i32 0, void @empty_12, i32 0, i32 0, void @empty_12, void @empty_12, void @empty_12, i32 0, i32 0, i32 0, i32 0, void @empty_12, void @empty_12, i32 4294967295, i32 0"   --->   Operation 178 'specinterface' 'specinterface_ln0' <Predicate = true> <Delay = 0.00>
ST_1 : Operation 179 [1/1] (0.00ns)   --->   "%specinterface_ln0 = specinterface void @_ssdm_op_SpecInterface, i32 %fifo_SA_O_1_3_3, void @empty_21, i32 0, i32 0, void @empty_12, i32 0, i32 0, void @empty_12, void @empty_12, void @empty_12, i32 0, i32 0, i32 0, i32 0, void @empty_12, void @empty_12, i32 4294967295, i32 0"   --->   Operation 179 'specinterface' 'specinterface_ln0' <Predicate = true> <Delay = 0.00>
ST_1 : Operation 180 [1/1] (0.00ns)   --->   "%specinterface_ln0 = specinterface void @_ssdm_op_SpecInterface, i32 %fifo_SA_O_1_3_2, void @empty_21, i32 0, i32 0, void @empty_12, i32 0, i32 0, void @empty_12, void @empty_12, void @empty_12, i32 0, i32 0, i32 0, i32 0, void @empty_12, void @empty_12, i32 4294967295, i32 0"   --->   Operation 180 'specinterface' 'specinterface_ln0' <Predicate = true> <Delay = 0.00>
ST_1 : Operation 181 [1/1] (0.00ns)   --->   "%specinterface_ln0 = specinterface void @_ssdm_op_SpecInterface, i32 %fifo_SA_O_1_3_1, void @empty_21, i32 0, i32 0, void @empty_12, i32 0, i32 0, void @empty_12, void @empty_12, void @empty_12, i32 0, i32 0, i32 0, i32 0, void @empty_12, void @empty_12, i32 4294967295, i32 0"   --->   Operation 181 'specinterface' 'specinterface_ln0' <Predicate = true> <Delay = 0.00>
ST_1 : Operation 182 [1/1] (0.00ns)   --->   "%specinterface_ln0 = specinterface void @_ssdm_op_SpecInterface, i32 %fifo_SA_O_1_3_0, void @empty_21, i32 0, i32 0, void @empty_12, i32 0, i32 0, void @empty_12, void @empty_12, void @empty_12, i32 0, i32 0, i32 0, i32 0, void @empty_12, void @empty_12, i32 4294967295, i32 0"   --->   Operation 182 'specinterface' 'specinterface_ln0' <Predicate = true> <Delay = 0.00>
ST_1 : Operation 183 [1/1] (0.00ns)   --->   "%specinterface_ln0 = specinterface void @_ssdm_op_SpecInterface, i32 %fifo_SA_O_1_2_3, void @empty_21, i32 0, i32 0, void @empty_12, i32 0, i32 0, void @empty_12, void @empty_12, void @empty_12, i32 0, i32 0, i32 0, i32 0, void @empty_12, void @empty_12, i32 4294967295, i32 0"   --->   Operation 183 'specinterface' 'specinterface_ln0' <Predicate = true> <Delay = 0.00>
ST_1 : Operation 184 [1/1] (0.00ns)   --->   "%specinterface_ln0 = specinterface void @_ssdm_op_SpecInterface, i32 %fifo_SA_O_1_2_2, void @empty_21, i32 0, i32 0, void @empty_12, i32 0, i32 0, void @empty_12, void @empty_12, void @empty_12, i32 0, i32 0, i32 0, i32 0, void @empty_12, void @empty_12, i32 4294967295, i32 0"   --->   Operation 184 'specinterface' 'specinterface_ln0' <Predicate = true> <Delay = 0.00>
ST_1 : Operation 185 [1/1] (0.00ns)   --->   "%specinterface_ln0 = specinterface void @_ssdm_op_SpecInterface, i32 %fifo_SA_O_1_2_1, void @empty_21, i32 0, i32 0, void @empty_12, i32 0, i32 0, void @empty_12, void @empty_12, void @empty_12, i32 0, i32 0, i32 0, i32 0, void @empty_12, void @empty_12, i32 4294967295, i32 0"   --->   Operation 185 'specinterface' 'specinterface_ln0' <Predicate = true> <Delay = 0.00>
ST_1 : Operation 186 [1/1] (0.00ns)   --->   "%specinterface_ln0 = specinterface void @_ssdm_op_SpecInterface, i32 %fifo_SA_O_1_2_0, void @empty_21, i32 0, i32 0, void @empty_12, i32 0, i32 0, void @empty_12, void @empty_12, void @empty_12, i32 0, i32 0, i32 0, i32 0, void @empty_12, void @empty_12, i32 4294967295, i32 0"   --->   Operation 186 'specinterface' 'specinterface_ln0' <Predicate = true> <Delay = 0.00>
ST_1 : Operation 187 [1/1] (0.00ns)   --->   "%specinterface_ln0 = specinterface void @_ssdm_op_SpecInterface, i32 %fifo_SA_O_1_1_3, void @empty_21, i32 0, i32 0, void @empty_12, i32 0, i32 0, void @empty_12, void @empty_12, void @empty_12, i32 0, i32 0, i32 0, i32 0, void @empty_12, void @empty_12, i32 4294967295, i32 0"   --->   Operation 187 'specinterface' 'specinterface_ln0' <Predicate = true> <Delay = 0.00>
ST_1 : Operation 188 [1/1] (0.00ns)   --->   "%specinterface_ln0 = specinterface void @_ssdm_op_SpecInterface, i32 %fifo_SA_O_1_1_2, void @empty_21, i32 0, i32 0, void @empty_12, i32 0, i32 0, void @empty_12, void @empty_12, void @empty_12, i32 0, i32 0, i32 0, i32 0, void @empty_12, void @empty_12, i32 4294967295, i32 0"   --->   Operation 188 'specinterface' 'specinterface_ln0' <Predicate = true> <Delay = 0.00>
ST_1 : Operation 189 [1/1] (0.00ns)   --->   "%specinterface_ln0 = specinterface void @_ssdm_op_SpecInterface, i32 %fifo_SA_O_1_1_1, void @empty_21, i32 0, i32 0, void @empty_12, i32 0, i32 0, void @empty_12, void @empty_12, void @empty_12, i32 0, i32 0, i32 0, i32 0, void @empty_12, void @empty_12, i32 4294967295, i32 0"   --->   Operation 189 'specinterface' 'specinterface_ln0' <Predicate = true> <Delay = 0.00>
ST_1 : Operation 190 [1/1] (0.00ns)   --->   "%specinterface_ln0 = specinterface void @_ssdm_op_SpecInterface, i32 %fifo_SA_O_1_1_0, void @empty_21, i32 0, i32 0, void @empty_12, i32 0, i32 0, void @empty_12, void @empty_12, void @empty_12, i32 0, i32 0, i32 0, i32 0, void @empty_12, void @empty_12, i32 4294967295, i32 0"   --->   Operation 190 'specinterface' 'specinterface_ln0' <Predicate = true> <Delay = 0.00>
ST_1 : Operation 191 [1/1] (0.00ns)   --->   "%specinterface_ln0 = specinterface void @_ssdm_op_SpecInterface, i32 %fifo_SA_O_1_0_3, void @empty_21, i32 0, i32 0, void @empty_12, i32 0, i32 0, void @empty_12, void @empty_12, void @empty_12, i32 0, i32 0, i32 0, i32 0, void @empty_12, void @empty_12, i32 4294967295, i32 0"   --->   Operation 191 'specinterface' 'specinterface_ln0' <Predicate = true> <Delay = 0.00>
ST_1 : Operation 192 [1/1] (0.00ns)   --->   "%specinterface_ln0 = specinterface void @_ssdm_op_SpecInterface, i32 %fifo_SA_O_1_0_2, void @empty_21, i32 0, i32 0, void @empty_12, i32 0, i32 0, void @empty_12, void @empty_12, void @empty_12, i32 0, i32 0, i32 0, i32 0, void @empty_12, void @empty_12, i32 4294967295, i32 0"   --->   Operation 192 'specinterface' 'specinterface_ln0' <Predicate = true> <Delay = 0.00>
ST_1 : Operation 193 [1/1] (0.00ns)   --->   "%specinterface_ln0 = specinterface void @_ssdm_op_SpecInterface, i32 %fifo_SA_O_1_0_1, void @empty_21, i32 0, i32 0, void @empty_12, i32 0, i32 0, void @empty_12, void @empty_12, void @empty_12, i32 0, i32 0, i32 0, i32 0, void @empty_12, void @empty_12, i32 4294967295, i32 0"   --->   Operation 193 'specinterface' 'specinterface_ln0' <Predicate = true> <Delay = 0.00>
ST_1 : Operation 194 [1/1] (0.00ns)   --->   "%specinterface_ln0 = specinterface void @_ssdm_op_SpecInterface, i32 %fifo_SA_O_1_0_0, void @empty_21, i32 0, i32 0, void @empty_12, i32 0, i32 0, void @empty_12, void @empty_12, void @empty_12, i32 0, i32 0, i32 0, i32 0, void @empty_12, void @empty_12, i32 4294967295, i32 0"   --->   Operation 194 'specinterface' 'specinterface_ln0' <Predicate = true> <Delay = 0.00>
ST_1 : Operation 195 [1/1] (0.00ns)   --->   "%specinterface_ln0 = specinterface void @_ssdm_op_SpecInterface, i32 %fifo_SA_O_0_3_3, void @empty_21, i32 0, i32 0, void @empty_12, i32 0, i32 0, void @empty_12, void @empty_12, void @empty_12, i32 0, i32 0, i32 0, i32 0, void @empty_12, void @empty_12, i32 4294967295, i32 0"   --->   Operation 195 'specinterface' 'specinterface_ln0' <Predicate = true> <Delay = 0.00>
ST_1 : Operation 196 [1/1] (0.00ns)   --->   "%specinterface_ln0 = specinterface void @_ssdm_op_SpecInterface, i32 %fifo_SA_O_0_3_2, void @empty_21, i32 0, i32 0, void @empty_12, i32 0, i32 0, void @empty_12, void @empty_12, void @empty_12, i32 0, i32 0, i32 0, i32 0, void @empty_12, void @empty_12, i32 4294967295, i32 0"   --->   Operation 196 'specinterface' 'specinterface_ln0' <Predicate = true> <Delay = 0.00>
ST_1 : Operation 197 [1/1] (0.00ns)   --->   "%specinterface_ln0 = specinterface void @_ssdm_op_SpecInterface, i32 %fifo_SA_O_0_3_1, void @empty_21, i32 0, i32 0, void @empty_12, i32 0, i32 0, void @empty_12, void @empty_12, void @empty_12, i32 0, i32 0, i32 0, i32 0, void @empty_12, void @empty_12, i32 4294967295, i32 0"   --->   Operation 197 'specinterface' 'specinterface_ln0' <Predicate = true> <Delay = 0.00>
ST_1 : Operation 198 [1/1] (0.00ns)   --->   "%specinterface_ln0 = specinterface void @_ssdm_op_SpecInterface, i32 %fifo_SA_O_0_3_0, void @empty_21, i32 0, i32 0, void @empty_12, i32 0, i32 0, void @empty_12, void @empty_12, void @empty_12, i32 0, i32 0, i32 0, i32 0, void @empty_12, void @empty_12, i32 4294967295, i32 0"   --->   Operation 198 'specinterface' 'specinterface_ln0' <Predicate = true> <Delay = 0.00>
ST_1 : Operation 199 [1/1] (0.00ns)   --->   "%specinterface_ln0 = specinterface void @_ssdm_op_SpecInterface, i32 %fifo_SA_O_0_2_3, void @empty_21, i32 0, i32 0, void @empty_12, i32 0, i32 0, void @empty_12, void @empty_12, void @empty_12, i32 0, i32 0, i32 0, i32 0, void @empty_12, void @empty_12, i32 4294967295, i32 0"   --->   Operation 199 'specinterface' 'specinterface_ln0' <Predicate = true> <Delay = 0.00>
ST_1 : Operation 200 [1/1] (0.00ns)   --->   "%specinterface_ln0 = specinterface void @_ssdm_op_SpecInterface, i32 %fifo_SA_O_0_2_2, void @empty_21, i32 0, i32 0, void @empty_12, i32 0, i32 0, void @empty_12, void @empty_12, void @empty_12, i32 0, i32 0, i32 0, i32 0, void @empty_12, void @empty_12, i32 4294967295, i32 0"   --->   Operation 200 'specinterface' 'specinterface_ln0' <Predicate = true> <Delay = 0.00>
ST_1 : Operation 201 [1/1] (0.00ns)   --->   "%specinterface_ln0 = specinterface void @_ssdm_op_SpecInterface, i32 %fifo_SA_O_0_2_1, void @empty_21, i32 0, i32 0, void @empty_12, i32 0, i32 0, void @empty_12, void @empty_12, void @empty_12, i32 0, i32 0, i32 0, i32 0, void @empty_12, void @empty_12, i32 4294967295, i32 0"   --->   Operation 201 'specinterface' 'specinterface_ln0' <Predicate = true> <Delay = 0.00>
ST_1 : Operation 202 [1/1] (0.00ns)   --->   "%specinterface_ln0 = specinterface void @_ssdm_op_SpecInterface, i32 %fifo_SA_O_0_2_0, void @empty_21, i32 0, i32 0, void @empty_12, i32 0, i32 0, void @empty_12, void @empty_12, void @empty_12, i32 0, i32 0, i32 0, i32 0, void @empty_12, void @empty_12, i32 4294967295, i32 0"   --->   Operation 202 'specinterface' 'specinterface_ln0' <Predicate = true> <Delay = 0.00>
ST_1 : Operation 203 [1/1] (0.00ns)   --->   "%specinterface_ln0 = specinterface void @_ssdm_op_SpecInterface, i32 %fifo_SA_O_0_1_3, void @empty_21, i32 0, i32 0, void @empty_12, i32 0, i32 0, void @empty_12, void @empty_12, void @empty_12, i32 0, i32 0, i32 0, i32 0, void @empty_12, void @empty_12, i32 4294967295, i32 0"   --->   Operation 203 'specinterface' 'specinterface_ln0' <Predicate = true> <Delay = 0.00>
ST_1 : Operation 204 [1/1] (0.00ns)   --->   "%specinterface_ln0 = specinterface void @_ssdm_op_SpecInterface, i32 %fifo_SA_O_0_1_2, void @empty_21, i32 0, i32 0, void @empty_12, i32 0, i32 0, void @empty_12, void @empty_12, void @empty_12, i32 0, i32 0, i32 0, i32 0, void @empty_12, void @empty_12, i32 4294967295, i32 0"   --->   Operation 204 'specinterface' 'specinterface_ln0' <Predicate = true> <Delay = 0.00>
ST_1 : Operation 205 [1/1] (0.00ns)   --->   "%specinterface_ln0 = specinterface void @_ssdm_op_SpecInterface, i32 %fifo_SA_O_0_1_1, void @empty_21, i32 0, i32 0, void @empty_12, i32 0, i32 0, void @empty_12, void @empty_12, void @empty_12, i32 0, i32 0, i32 0, i32 0, void @empty_12, void @empty_12, i32 4294967295, i32 0"   --->   Operation 205 'specinterface' 'specinterface_ln0' <Predicate = true> <Delay = 0.00>
ST_1 : Operation 206 [1/1] (0.00ns)   --->   "%specinterface_ln0 = specinterface void @_ssdm_op_SpecInterface, i32 %fifo_SA_O_0_1_0, void @empty_21, i32 0, i32 0, void @empty_12, i32 0, i32 0, void @empty_12, void @empty_12, void @empty_12, i32 0, i32 0, i32 0, i32 0, void @empty_12, void @empty_12, i32 4294967295, i32 0"   --->   Operation 206 'specinterface' 'specinterface_ln0' <Predicate = true> <Delay = 0.00>
ST_1 : Operation 207 [1/1] (0.00ns)   --->   "%specinterface_ln0 = specinterface void @_ssdm_op_SpecInterface, i32 %fifo_SA_O_0_0_3, void @empty_21, i32 0, i32 0, void @empty_12, i32 0, i32 0, void @empty_12, void @empty_12, void @empty_12, i32 0, i32 0, i32 0, i32 0, void @empty_12, void @empty_12, i32 4294967295, i32 0"   --->   Operation 207 'specinterface' 'specinterface_ln0' <Predicate = true> <Delay = 0.00>
ST_1 : Operation 208 [1/1] (0.00ns)   --->   "%specinterface_ln0 = specinterface void @_ssdm_op_SpecInterface, i32 %fifo_SA_O_0_0_2, void @empty_21, i32 0, i32 0, void @empty_12, i32 0, i32 0, void @empty_12, void @empty_12, void @empty_12, i32 0, i32 0, i32 0, i32 0, void @empty_12, void @empty_12, i32 4294967295, i32 0"   --->   Operation 208 'specinterface' 'specinterface_ln0' <Predicate = true> <Delay = 0.00>
ST_1 : Operation 209 [1/1] (0.00ns)   --->   "%specinterface_ln0 = specinterface void @_ssdm_op_SpecInterface, i32 %fifo_SA_O_0_0_1, void @empty_21, i32 0, i32 0, void @empty_12, i32 0, i32 0, void @empty_12, void @empty_12, void @empty_12, i32 0, i32 0, i32 0, i32 0, void @empty_12, void @empty_12, i32 4294967295, i32 0"   --->   Operation 209 'specinterface' 'specinterface_ln0' <Predicate = true> <Delay = 0.00>
ST_1 : Operation 210 [1/1] (0.00ns)   --->   "%specinterface_ln0 = specinterface void @_ssdm_op_SpecInterface, i32 %fifo_SA_O_0_0_0, void @empty_21, i32 0, i32 0, void @empty_12, i32 0, i32 0, void @empty_12, void @empty_12, void @empty_12, i32 0, i32 0, i32 0, i32 0, void @empty_12, void @empty_12, i32 4294967295, i32 0"   --->   Operation 210 'specinterface' 'specinterface_ln0' <Predicate = true> <Delay = 0.00>
ST_1 : Operation 211 [1/1] (0.00ns)   --->   "%mode_read = read i1 @_ssdm_op_Read.ap_auto.i1, i1 %mode" [tools.cpp:572]   --->   Operation 211 'read' 'mode_read' <Predicate = true> <Delay = 0.00>
ST_1 : Operation 212 [1/1] (0.00ns)   --->   "%M_read = read i32 @_ssdm_op_Read.ap_auto.i32, i32 %M" [tools.cpp:572]   --->   Operation 212 'read' 'M_read' <Predicate = true> <Delay = 0.00>
ST_1 : Operation 213 [1/1] (0.00ns)   --->   "%R_read = read i32 @_ssdm_op_Read.ap_auto.i32, i32 %R" [tools.cpp:572]   --->   Operation 213 'read' 'R_read' <Predicate = true> <Delay = 0.00>
ST_1 : Operation 214 [1/1] (0.00ns)   --->   "%numlines_read = read i32 @_ssdm_op_Read.ap_auto.i32, i32 %numlines" [tools.cpp:572]   --->   Operation 214 'read' 'numlines_read' <Predicate = true> <Delay = 0.00>
ST_1 : Operation 215 [1/1] (0.00ns)   --->   "%br_ln574 = br i1 %mode_read, void %VITIS_LOOP_601_5, void %VITIS_LOOP_583_2.preheader" [tools.cpp:574]   --->   Operation 215 'br' 'br_ln574' <Predicate = true> <Delay = 0.00>
ST_1 : Operation 216 [1/1] (0.00ns)   --->   "%div_cast = partselect i28 @_ssdm_op_PartSelect.i28.i32.i32.i32, i32 %R_read, i32 4, i32 31" [tools.cpp:572]   --->   Operation 216 'partselect' 'div_cast' <Predicate = (!mode_read)> <Delay = 0.00>
ST_1 : Operation 217 [1/1] (0.00ns)   --->   "%tmp_s = partselect i28 @_ssdm_op_PartSelect.i28.i32.i32.i32, i32 %M_read, i32 4, i32 31" [tools.cpp:572]   --->   Operation 217 'partselect' 'tmp_s' <Predicate = (!mode_read)> <Delay = 0.00>
ST_1 : Operation 218 [1/1] (0.00ns)   --->   "%tmp_73 = bitconcatenate i36 @_ssdm_op_BitConcatenate.i36.i28.i8, i28 %tmp_s, i8 0" [tools.cpp:572]   --->   Operation 218 'bitconcatenate' 'tmp_73' <Predicate = (!mode_read)> <Delay = 0.00>
ST_1 : Operation 219 [1/1] (0.00ns)   --->   "%div_cast_cast = zext i28 %div_cast" [tools.cpp:572]   --->   Operation 219 'zext' 'div_cast_cast' <Predicate = (!mode_read)> <Delay = 0.00>
ST_1 : Operation 220 [1/1] (0.00ns)   --->   "%tmp_137_cast = zext i36 %tmp_73" [tools.cpp:572]   --->   Operation 220 'zext' 'tmp_137_cast' <Predicate = (!mode_read)> <Delay = 0.00>
ST_1 : Operation 221 [1/1] (2.88ns)   --->   "%bound70 = mul i64 %div_cast_cast, i64 %tmp_137_cast" [tools.cpp:572]   --->   Operation 221 'mul' 'bound70' <Predicate = (!mode_read)> <Delay = 2.88> <CoreInst = "Multiplier">   --->   Core 3 'Multiplier' <Latency = 0> <II = 1> <Delay = 2.88> <FuncUnit> <Opcode : 'mul'> <InPorts = 2> <OutPorts = 1>
ST_1 : Operation 222 [1/1] (0.00ns)   --->   "%empty_359 = wait i32 @_ssdm_op_Wait"   --->   Operation 222 'wait' 'empty_359' <Predicate = (!mode_read)> <Delay = 0.00>
ST_1 : Operation 223 [2/2] (0.00ns)   --->   "%call_ln572 = call void @ConvertToOutStream_Pipeline_VITIS_LOOP_601_5_VITIS_LOOP_604_6_VITIS_LOOP_607_7_V, i64 %bound70, i32 %MM_OUT_0, i32 %fifo_SA_O_0_0_0, i36 %tmp_73, i32 %fifo_SA_O_0_0_1, i32 %fifo_SA_O_0_0_2, i32 %fifo_SA_O_0_0_3, i32 %fifo_SA_O_0_1_0, i32 %fifo_SA_O_0_1_1, i32 %fifo_SA_O_0_1_2, i32 %fifo_SA_O_0_1_3, i32 %fifo_SA_O_0_2_0, i32 %fifo_SA_O_0_2_1, i32 %fifo_SA_O_0_2_2, i32 %fifo_SA_O_0_2_3, i32 %fifo_SA_O_0_3_0, i32 %fifo_SA_O_0_3_1, i32 %fifo_SA_O_0_3_2, i32 %fifo_SA_O_0_3_3, i32 %fifo_SA_O_1_0_0, i32 %fifo_SA_O_1_0_1, i32 %fifo_SA_O_1_0_2, i32 %fifo_SA_O_1_0_3, i32 %fifo_SA_O_1_1_0, i32 %fifo_SA_O_1_1_1, i32 %fifo_SA_O_1_1_2, i32 %fifo_SA_O_1_1_3, i32 %fifo_SA_O_1_2_0, i32 %fifo_SA_O_1_2_1, i32 %fifo_SA_O_1_2_2, i32 %fifo_SA_O_1_2_3, i32 %fifo_SA_O_1_3_0, i32 %fifo_SA_O_1_3_1, i32 %fifo_SA_O_1_3_2, i32 %fifo_SA_O_1_3_3, i32 %fifo_SA_O_2_0_0, i32 %fifo_SA_O_2_0_1, i32 %fifo_SA_O_2_0_2, i32 %fifo_SA_O_2_0_3, i32 %fifo_SA_O_2_1_0, i32 %fifo_SA_O_2_1_1, i32 %fifo_SA_O_2_1_2, i32 %fifo_SA_O_2_1_3, i32 %fifo_SA_O_2_2_0, i32 %fifo_SA_O_2_2_1, i32 %fifo_SA_O_2_2_2, i32 %fifo_SA_O_2_2_3, i32 %fifo_SA_O_2_3_0, i32 %fifo_SA_O_2_3_1, i32 %fifo_SA_O_2_3_2, i32 %fifo_SA_O_2_3_3, i32 %fifo_SA_O_3_0_0, i32 %fifo_SA_O_3_0_1, i32 %fifo_SA_O_3_0_2, i32 %fifo_SA_O_3_0_3, i32 %fifo_SA_O_3_1_0, i32 %fifo_SA_O_3_1_1, i32 %fifo_SA_O_3_1_2, i32 %fifo_SA_O_3_1_3, i32 %fifo_SA_O_3_2_0, i32 %fifo_SA_O_3_2_1, i32 %fifo_SA_O_3_2_2, i32 %fifo_SA_O_3_2_3, i32 %fifo_SA_O_3_3_0, i32 %fifo_SA_O_3_3_1, i32 %fifo_SA_O_3_3_2, i32 %fifo_SA_O_3_3_3, i32 %MM_OUT_1, i32 %MM_OUT_2, i32 %MM_OUT_3, i32 %MM_OUT_4, i32 %MM_OUT_5, i32 %MM_OUT_6, i32 %MM_OUT_7, i32 %MM_OUT_8, i32 %MM_OUT_9, i32 %MM_OUT_10, i32 %MM_OUT_11, i32 %MM_OUT_12, i32 %MM_OUT_13, i32 %MM_OUT_14, i32 %MM_OUT_15, i32 %MM_OUT_16, i32 %MM_OUT_17, i32 %MM_OUT_18, i32 %MM_OUT_19, i32 %MM_OUT_20, i32 %MM_OUT_21, i32 %MM_OUT_22, i32 %MM_OUT_23, i32 %MM_OUT_24, i32 %MM_OUT_25, i32 %MM_OUT_26, i32 %MM_OUT_27, i32 %MM_OUT_28, i32 %MM_OUT_29, i32 %MM_OUT_30, i32 %MM_OUT_31, i32 %MM_OUT_32, i32 %MM_OUT_33, i32 %MM_OUT_34, i32 %MM_OUT_35, i32 %MM_OUT_36, i32 %MM_OUT_37, i32 %MM_OUT_38, i32 %MM_OUT_39, i32 %MM_OUT_40, i32 %MM_OUT_41, i32 %MM_OUT_42, i32 %MM_OUT_43, i32 %MM_OUT_44, i32 %MM_OUT_45, i32 %MM_OUT_46, i32 %MM_OUT_47, i32 %MM_OUT_48, i32 %MM_OUT_49, i32 %MM_OUT_50, i32 %MM_OUT_51, i32 %MM_OUT_52, i32 %MM_OUT_53, i32 %MM_OUT_54, i32 %MM_OUT_55, i32 %MM_OUT_56, i32 %MM_OUT_57, i32 %MM_OUT_58, i32 %MM_OUT_59, i32 %MM_OUT_60, i32 %MM_OUT_61, i32 %MM_OUT_62, i32 %MM_OUT_63" [tools.cpp:572]   --->   Operation 223 'call' 'call_ln572' <Predicate = (!mode_read)> <Delay = 0.00> <CoreType = "Generic">   --->   Core 0 '' <Latency = 0> <II = 1> <Delay = 1.00> <Generic> <Opcode : >
ST_1 : Operation 224 [1/1] (0.00ns)   --->   "%empty = wait i32 @_ssdm_op_Wait"   --->   Operation 224 'wait' 'empty' <Predicate = (mode_read)> <Delay = 0.00>
ST_1 : Operation 225 [2/2] (1.15ns)   --->   "%call_ln572 = call void @ConvertToOutStream_Pipeline_VITIS_LOOP_579_1, i32 %numlines_read, i32 %fifo_SA_O_0_0_0, i32 %fifo_SA_O_1_0_0, i32 %fifo_SA_O_2_0_0, i32 %fifo_SA_O_3_0_0, i32 %fifo_CONV3_ACC_0, i32 %fifo_SA_O_0_0_1, i32 %fifo_SA_O_1_0_1, i32 %fifo_SA_O_2_0_1, i32 %fifo_SA_O_3_0_1, i32 %fifo_CONV3_ACC_1, i32 %fifo_SA_O_0_0_2, i32 %fifo_SA_O_1_0_2, i32 %fifo_SA_O_2_0_2, i32 %fifo_SA_O_3_0_2, i32 %fifo_CONV3_ACC_2, i32 %fifo_SA_O_0_0_3, i32 %fifo_SA_O_1_0_3, i32 %fifo_SA_O_2_0_3, i32 %fifo_SA_O_3_0_3, i32 %fifo_CONV3_ACC_3, i32 %fifo_SA_O_0_1_0, i32 %fifo_SA_O_1_1_0, i32 %fifo_SA_O_2_1_0, i32 %fifo_SA_O_3_1_0, i32 %fifo_CONV3_ACC_4, i32 %fifo_SA_O_0_1_1, i32 %fifo_SA_O_1_1_1, i32 %fifo_SA_O_2_1_1, i32 %fifo_SA_O_3_1_1, i32 %fifo_CONV3_ACC_5, i32 %fifo_SA_O_0_1_2, i32 %fifo_SA_O_1_1_2, i32 %fifo_SA_O_2_1_2, i32 %fifo_SA_O_3_1_2, i32 %fifo_CONV3_ACC_6, i32 %fifo_SA_O_0_1_3, i32 %fifo_SA_O_1_1_3, i32 %fifo_SA_O_2_1_3, i32 %fifo_SA_O_3_1_3, i32 %fifo_CONV3_ACC_7, i32 %fifo_SA_O_0_2_0, i32 %fifo_SA_O_1_2_0, i32 %fifo_SA_O_2_2_0, i32 %fifo_SA_O_3_2_0, i32 %fifo_CONV3_ACC_8, i32 %fifo_SA_O_0_2_1, i32 %fifo_SA_O_1_2_1, i32 %fifo_SA_O_2_2_1, i32 %fifo_SA_O_3_2_1, i32 %fifo_CONV3_ACC_9, i32 %fifo_SA_O_0_2_2, i32 %fifo_SA_O_1_2_2, i32 %fifo_SA_O_2_2_2, i32 %fifo_SA_O_3_2_2, i32 %fifo_CONV3_ACC_10, i32 %fifo_SA_O_0_2_3, i32 %fifo_SA_O_1_2_3, i32 %fifo_SA_O_2_2_3, i32 %fifo_SA_O_3_2_3, i32 %fifo_CONV3_ACC_11, i32 %fifo_SA_O_0_3_0, i32 %fifo_SA_O_1_3_0, i32 %fifo_SA_O_2_3_0, i32 %fifo_SA_O_3_3_0, i32 %fifo_CONV3_ACC_12, i32 %fifo_SA_O_0_3_1, i32 %fifo_SA_O_1_3_1, i32 %fifo_SA_O_2_3_1, i32 %fifo_SA_O_3_3_1, i32 %fifo_CONV3_ACC_13, i32 %fifo_SA_O_0_3_2, i32 %fifo_SA_O_1_3_2, i32 %fifo_SA_O_2_3_2, i32 %fifo_SA_O_3_3_2, i32 %fifo_CONV3_ACC_14, i32 %fifo_SA_O_0_3_3, i32 %fifo_SA_O_1_3_3, i32 %fifo_SA_O_2_3_3, i32 %fifo_SA_O_3_3_3, i32 %fifo_CONV3_ACC_15" [tools.cpp:572]   --->   Operation 225 'call' 'call_ln572' <Predicate = (mode_read)> <Delay = 1.15> <CoreType = "Generic">   --->   Core 0 '' <Latency = 0> <II = 1> <Delay = 1.00> <Generic> <Opcode : >

State 2 <SV = 1> <Delay = 0.00>
ST_2 : Operation 226 [1/2] (0.00ns)   --->   "%call_ln572 = call void @ConvertToOutStream_Pipeline_VITIS_LOOP_601_5_VITIS_LOOP_604_6_VITIS_LOOP_607_7_V, i64 %bound70, i32 %MM_OUT_0, i32 %fifo_SA_O_0_0_0, i36 %tmp_73, i32 %fifo_SA_O_0_0_1, i32 %fifo_SA_O_0_0_2, i32 %fifo_SA_O_0_0_3, i32 %fifo_SA_O_0_1_0, i32 %fifo_SA_O_0_1_1, i32 %fifo_SA_O_0_1_2, i32 %fifo_SA_O_0_1_3, i32 %fifo_SA_O_0_2_0, i32 %fifo_SA_O_0_2_1, i32 %fifo_SA_O_0_2_2, i32 %fifo_SA_O_0_2_3, i32 %fifo_SA_O_0_3_0, i32 %fifo_SA_O_0_3_1, i32 %fifo_SA_O_0_3_2, i32 %fifo_SA_O_0_3_3, i32 %fifo_SA_O_1_0_0, i32 %fifo_SA_O_1_0_1, i32 %fifo_SA_O_1_0_2, i32 %fifo_SA_O_1_0_3, i32 %fifo_SA_O_1_1_0, i32 %fifo_SA_O_1_1_1, i32 %fifo_SA_O_1_1_2, i32 %fifo_SA_O_1_1_3, i32 %fifo_SA_O_1_2_0, i32 %fifo_SA_O_1_2_1, i32 %fifo_SA_O_1_2_2, i32 %fifo_SA_O_1_2_3, i32 %fifo_SA_O_1_3_0, i32 %fifo_SA_O_1_3_1, i32 %fifo_SA_O_1_3_2, i32 %fifo_SA_O_1_3_3, i32 %fifo_SA_O_2_0_0, i32 %fifo_SA_O_2_0_1, i32 %fifo_SA_O_2_0_2, i32 %fifo_SA_O_2_0_3, i32 %fifo_SA_O_2_1_0, i32 %fifo_SA_O_2_1_1, i32 %fifo_SA_O_2_1_2, i32 %fifo_SA_O_2_1_3, i32 %fifo_SA_O_2_2_0, i32 %fifo_SA_O_2_2_1, i32 %fifo_SA_O_2_2_2, i32 %fifo_SA_O_2_2_3, i32 %fifo_SA_O_2_3_0, i32 %fifo_SA_O_2_3_1, i32 %fifo_SA_O_2_3_2, i32 %fifo_SA_O_2_3_3, i32 %fifo_SA_O_3_0_0, i32 %fifo_SA_O_3_0_1, i32 %fifo_SA_O_3_0_2, i32 %fifo_SA_O_3_0_3, i32 %fifo_SA_O_3_1_0, i32 %fifo_SA_O_3_1_1, i32 %fifo_SA_O_3_1_2, i32 %fifo_SA_O_3_1_3, i32 %fifo_SA_O_3_2_0, i32 %fifo_SA_O_3_2_1, i32 %fifo_SA_O_3_2_2, i32 %fifo_SA_O_3_2_3, i32 %fifo_SA_O_3_3_0, i32 %fifo_SA_O_3_3_1, i32 %fifo_SA_O_3_3_2, i32 %fifo_SA_O_3_3_3, i32 %MM_OUT_1, i32 %MM_OUT_2, i32 %MM_OUT_3, i32 %MM_OUT_4, i32 %MM_OUT_5, i32 %MM_OUT_6, i32 %MM_OUT_7, i32 %MM_OUT_8, i32 %MM_OUT_9, i32 %MM_OUT_10, i32 %MM_OUT_11, i32 %MM_OUT_12, i32 %MM_OUT_13, i32 %MM_OUT_14, i32 %MM_OUT_15, i32 %MM_OUT_16, i32 %MM_OUT_17, i32 %MM_OUT_18, i32 %MM_OUT_19, i32 %MM_OUT_20, i32 %MM_OUT_21, i32 %MM_OUT_22, i32 %MM_OUT_23, i32 %MM_OUT_24, i32 %MM_OUT_25, i32 %MM_OUT_26, i32 %MM_OUT_27, i32 %MM_OUT_28, i32 %MM_OUT_29, i32 %MM_OUT_30, i32 %MM_OUT_31, i32 %MM_OUT_32, i32 %MM_OUT_33, i32 %MM_OUT_34, i32 %MM_OUT_35, i32 %MM_OUT_36, i32 %MM_OUT_37, i32 %MM_OUT_38, i32 %MM_OUT_39, i32 %MM_OUT_40, i32 %MM_OUT_41, i32 %MM_OUT_42, i32 %MM_OUT_43, i32 %MM_OUT_44, i32 %MM_OUT_45, i32 %MM_OUT_46, i32 %MM_OUT_47, i32 %MM_OUT_48, i32 %MM_OUT_49, i32 %MM_OUT_50, i32 %MM_OUT_51, i32 %MM_OUT_52, i32 %MM_OUT_53, i32 %MM_OUT_54, i32 %MM_OUT_55, i32 %MM_OUT_56, i32 %MM_OUT_57, i32 %MM_OUT_58, i32 %MM_OUT_59, i32 %MM_OUT_60, i32 %MM_OUT_61, i32 %MM_OUT_62, i32 %MM_OUT_63" [tools.cpp:572]   --->   Operation 226 'call' 'call_ln572' <Predicate = (!mode_read)> <Delay = 0.00> <CoreType = "Generic">   --->   Core 0 '' <Latency = 0> <II = 1> <Delay = 1.00> <Generic> <Opcode : >
ST_2 : Operation 227 [1/1] (0.00ns)   --->   "%br_ln0 = br void %if.end"   --->   Operation 227 'br' 'br_ln0' <Predicate = (!mode_read)> <Delay = 0.00>
ST_2 : Operation 228 [1/2] (0.00ns)   --->   "%call_ln572 = call void @ConvertToOutStream_Pipeline_VITIS_LOOP_579_1, i32 %numlines_read, i32 %fifo_SA_O_0_0_0, i32 %fifo_SA_O_1_0_0, i32 %fifo_SA_O_2_0_0, i32 %fifo_SA_O_3_0_0, i32 %fifo_CONV3_ACC_0, i32 %fifo_SA_O_0_0_1, i32 %fifo_SA_O_1_0_1, i32 %fifo_SA_O_2_0_1, i32 %fifo_SA_O_3_0_1, i32 %fifo_CONV3_ACC_1, i32 %fifo_SA_O_0_0_2, i32 %fifo_SA_O_1_0_2, i32 %fifo_SA_O_2_0_2, i32 %fifo_SA_O_3_0_2, i32 %fifo_CONV3_ACC_2, i32 %fifo_SA_O_0_0_3, i32 %fifo_SA_O_1_0_3, i32 %fifo_SA_O_2_0_3, i32 %fifo_SA_O_3_0_3, i32 %fifo_CONV3_ACC_3, i32 %fifo_SA_O_0_1_0, i32 %fifo_SA_O_1_1_0, i32 %fifo_SA_O_2_1_0, i32 %fifo_SA_O_3_1_0, i32 %fifo_CONV3_ACC_4, i32 %fifo_SA_O_0_1_1, i32 %fifo_SA_O_1_1_1, i32 %fifo_SA_O_2_1_1, i32 %fifo_SA_O_3_1_1, i32 %fifo_CONV3_ACC_5, i32 %fifo_SA_O_0_1_2, i32 %fifo_SA_O_1_1_2, i32 %fifo_SA_O_2_1_2, i32 %fifo_SA_O_3_1_2, i32 %fifo_CONV3_ACC_6, i32 %fifo_SA_O_0_1_3, i32 %fifo_SA_O_1_1_3, i32 %fifo_SA_O_2_1_3, i32 %fifo_SA_O_3_1_3, i32 %fifo_CONV3_ACC_7, i32 %fifo_SA_O_0_2_0, i32 %fifo_SA_O_1_2_0, i32 %fifo_SA_O_2_2_0, i32 %fifo_SA_O_3_2_0, i32 %fifo_CONV3_ACC_8, i32 %fifo_SA_O_0_2_1, i32 %fifo_SA_O_1_2_1, i32 %fifo_SA_O_2_2_1, i32 %fifo_SA_O_3_2_1, i32 %fifo_CONV3_ACC_9, i32 %fifo_SA_O_0_2_2, i32 %fifo_SA_O_1_2_2, i32 %fifo_SA_O_2_2_2, i32 %fifo_SA_O_3_2_2, i32 %fifo_CONV3_ACC_10, i32 %fifo_SA_O_0_2_3, i32 %fifo_SA_O_1_2_3, i32 %fifo_SA_O_2_2_3, i32 %fifo_SA_O_3_2_3, i32 %fifo_CONV3_ACC_11, i32 %fifo_SA_O_0_3_0, i32 %fifo_SA_O_1_3_0, i32 %fifo_SA_O_2_3_0, i32 %fifo_SA_O_3_3_0, i32 %fifo_CONV3_ACC_12, i32 %fifo_SA_O_0_3_1, i32 %fifo_SA_O_1_3_1, i32 %fifo_SA_O_2_3_1, i32 %fifo_SA_O_3_3_1, i32 %fifo_CONV3_ACC_13, i32 %fifo_SA_O_0_3_2, i32 %fifo_SA_O_1_3_2, i32 %fifo_SA_O_2_3_2, i32 %fifo_SA_O_3_3_2, i32 %fifo_CONV3_ACC_14, i32 %fifo_SA_O_0_3_3, i32 %fifo_SA_O_1_3_3, i32 %fifo_SA_O_2_3_3, i32 %fifo_SA_O_3_3_3, i32 %fifo_CONV3_ACC_15" [tools.cpp:572]   --->   Operation 228 'call' 'call_ln572' <Predicate = (mode_read)> <Delay = 0.00> <CoreType = "Generic">   --->   Core 0 '' <Latency = 0> <II = 1> <Delay = 1.00> <Generic> <Opcode : >
ST_2 : Operation 229 [1/1] (0.00ns)   --->   "%br_ln0 = br void %if.end"   --->   Operation 229 'br' 'br_ln0' <Predicate = (mode_read)> <Delay = 0.00>
ST_2 : Operation 230 [1/1] (0.00ns)   --->   "%ret_ln624 = ret" [tools.cpp:624]   --->   Operation 230 'ret' 'ret_ln624' <Predicate = true> <Delay = 0.00>


============================================================
+ Verbose Summary: Timing violations
============================================================
Target clock period: 10.000ns, clock uncertainty: 2.700ns.

 <State 1>: 2.880ns
The critical path consists of the following:
	wire read operation ('M_read', tools.cpp:572) on port 'M' (tools.cpp:572) [358]  (0.000 ns)
	'mul' operation 64 bit ('bound70', tools.cpp:572) [368]  (2.880 ns)

 <State 2>: 0.000ns
The critical path consists of the following:


============================================================
+ Verbose Summary: Binding
============================================================
N/A
* FSMD analyzer results:
  - Output states:
 - Input state : 
  - Chain level:
	State 1
	State 2


============================================================
+ Verbose Summary: Datapath Resource usage 
============================================================
N/A
