

================================================================
== Vitis HLS Report for 'MMWeightToArray_Pipeline_VITIS_LOOP_295_1'
================================================================
* Date:           Mon Mar 10 15:35:52 2025

* Version:        2023.2 (Build 4023990 on Oct 11 2023)
* Project:        SDA
* Solution:       solution1 (Vivado IP Flow Target)
* Product family: virtexuplusHBM
* Target device:  xcvu35p_CIV-fsvh2892-3-e


================================================================
== Performance Estimates
================================================================
+ Timing: 
    * Summary: 
    +--------+----------+----------+------------+
    |  Clock |  Target  | Estimated| Uncertainty|
    +--------+----------+----------+------------+
    |ap_clk  |  10.00 ns|  2.986 ns|     2.70 ns|
    +--------+----------+----------+------------+

+ Latency: 
    * Summary: 
    +---------+---------+----------+----------+-----+-----+---------+
    |  Latency (cycles) |  Latency (absolute) |  Interval | Pipeline|
    |   min   |   max   |    min   |    max   | min | max |   Type  |
    +---------+---------+----------+----------+-----+-----+---------+
    |       18|       18|  0.180 us|  0.180 us|   18|   18|       no|
    +---------+---------+----------+----------+-----+-----+---------+

    + Detail: 
        * Instance: 
        N/A

        * Loop: 
        +--------------------+---------+---------+----------+-----------+-----------+------+----------+
        |                    |  Latency (cycles) | Iteration|  Initiation Interval  | Trip |          |
        |      Loop Name     |   min   |   max   |  Latency |  achieved |   target  | Count| Pipelined|
        +--------------------+---------+---------+----------+-----------+-----------+------+----------+
        |- VITIS_LOOP_295_1  |       16|       16|         2|          1|          1|    16|       yes|
        +--------------------+---------+---------+----------+-----------+-----------+------+----------+

============================================================
+ Verbose Summary: Synthesis Manager
============================================================
InlineROM: 1
ExposeGlobal: 0
============================================================
+ Verbose Summary: CDFG Model
============================================================
IsTopModel: 0
ResetActiveHigh: 1
IsCombinational: 0
IsDatapathOnly: 0
HasWiredReturn: 1
HasMFsm: 2
HasVarLatency: 1
IsPipeline: 0
IsRtlPipelined: 0
IsInstanceOverlapped: 0
IsDontTouch: 0
HasImplIP: 0
IsGatedGlobalClock: 0

+ Individual pipeline summary: 
  * Pipeline-0: initiation interval (II) = 1, depth = 2


============================================================
+ Verbose Summary: Schedule
============================================================
* Number of FSM states : 2
* Pipeline : 1
  Pipeline-0 : II = 1, D = 2, States = { 1 2 }
* Dataflow Pipeline: 0

* FSM state transitions: 
1 --> 2 
2 --> 

* FSM state operations: 

State 1 <SV = 0> <Delay = 1.50>
ST_1 : Operation 5 [1/1] (0.00ns)   --->   "%rep = alloca i32 1" [tools.cpp:295->top.cpp:83]   --->   Operation 5 'alloca' 'rep' <Predicate = true> <Delay = 0.00>
ST_1 : Operation 6 [1/1] (0.00ns)   --->   "%specinterface_ln0 = specinterface void @_ssdm_op_SpecInterface, i512 %fifo_mm_w, void @empty_24, i32 0, i32 0, void @empty_14, i32 0, i32 0, void @empty_14, void @empty_14, void @empty_14, i32 0, i32 0, i32 0, i32 0, void @empty_14, void @empty_14, i32 4294967295, i32 0"   --->   Operation 6 'specinterface' 'specinterface_ln0' <Predicate = true> <Delay = 0.00>
ST_1 : Operation 7 [1/1] (0.00ns)   --->   "%specinterface_ln0 = specinterface void @_ssdm_op_SpecInterface, i128 %MM_SA_W, void @empty_24, i32 0, i32 0, void @empty_14, i32 0, i32 0, void @empty_14, void @empty_14, void @empty_14, i32 0, i32 0, i32 0, i32 0, void @empty_14, void @empty_14, i32 4294967295, i32 0"   --->   Operation 7 'specinterface' 'specinterface_ln0' <Predicate = true> <Delay = 0.00>
ST_1 : Operation 8 [1/1] (0.00ns)   --->   "%specinterface_ln0 = specinterface void @_ssdm_op_SpecInterface, i128 %MM_SA_W_1, void @empty_24, i32 0, i32 0, void @empty_14, i32 0, i32 0, void @empty_14, void @empty_14, void @empty_14, i32 0, i32 0, i32 0, i32 0, void @empty_14, void @empty_14, i32 4294967295, i32 0"   --->   Operation 8 'specinterface' 'specinterface_ln0' <Predicate = true> <Delay = 0.00>
ST_1 : Operation 9 [1/1] (0.00ns)   --->   "%specinterface_ln0 = specinterface void @_ssdm_op_SpecInterface, i128 %MM_SA_W_2, void @empty_24, i32 0, i32 0, void @empty_14, i32 0, i32 0, void @empty_14, void @empty_14, void @empty_14, i32 0, i32 0, i32 0, i32 0, void @empty_14, void @empty_14, i32 4294967295, i32 0"   --->   Operation 9 'specinterface' 'specinterface_ln0' <Predicate = true> <Delay = 0.00>
ST_1 : Operation 10 [1/1] (0.00ns)   --->   "%specinterface_ln0 = specinterface void @_ssdm_op_SpecInterface, i128 %MM_SA_W_3, void @empty_24, i32 0, i32 0, void @empty_14, i32 0, i32 0, void @empty_14, void @empty_14, void @empty_14, i32 0, i32 0, i32 0, i32 0, void @empty_14, void @empty_14, i32 4294967295, i32 0"   --->   Operation 10 'specinterface' 'specinterface_ln0' <Predicate = true> <Delay = 0.00>
ST_1 : Operation 11 [1/1] (0.00ns)   --->   "%specinterface_ln0 = specinterface void @_ssdm_op_SpecInterface, i128 %MM_SA_W_4, void @empty_24, i32 0, i32 0, void @empty_14, i32 0, i32 0, void @empty_14, void @empty_14, void @empty_14, i32 0, i32 0, i32 0, i32 0, void @empty_14, void @empty_14, i32 4294967295, i32 0"   --->   Operation 11 'specinterface' 'specinterface_ln0' <Predicate = true> <Delay = 0.00>
ST_1 : Operation 12 [1/1] (0.00ns)   --->   "%specinterface_ln0 = specinterface void @_ssdm_op_SpecInterface, i128 %MM_SA_W_5, void @empty_24, i32 0, i32 0, void @empty_14, i32 0, i32 0, void @empty_14, void @empty_14, void @empty_14, i32 0, i32 0, i32 0, i32 0, void @empty_14, void @empty_14, i32 4294967295, i32 0"   --->   Operation 12 'specinterface' 'specinterface_ln0' <Predicate = true> <Delay = 0.00>
ST_1 : Operation 13 [1/1] (0.00ns)   --->   "%specinterface_ln0 = specinterface void @_ssdm_op_SpecInterface, i128 %MM_SA_W_6, void @empty_24, i32 0, i32 0, void @empty_14, i32 0, i32 0, void @empty_14, void @empty_14, void @empty_14, i32 0, i32 0, i32 0, i32 0, void @empty_14, void @empty_14, i32 4294967295, i32 0"   --->   Operation 13 'specinterface' 'specinterface_ln0' <Predicate = true> <Delay = 0.00>
ST_1 : Operation 14 [1/1] (0.00ns)   --->   "%specinterface_ln0 = specinterface void @_ssdm_op_SpecInterface, i128 %MM_SA_W_7, void @empty_24, i32 0, i32 0, void @empty_14, i32 0, i32 0, void @empty_14, void @empty_14, void @empty_14, i32 0, i32 0, i32 0, i32 0, void @empty_14, void @empty_14, i32 4294967295, i32 0"   --->   Operation 14 'specinterface' 'specinterface_ln0' <Predicate = true> <Delay = 0.00>
ST_1 : Operation 15 [1/1] (0.00ns)   --->   "%specinterface_ln0 = specinterface void @_ssdm_op_SpecInterface, i128 %MM_SA_W_8, void @empty_24, i32 0, i32 0, void @empty_14, i32 0, i32 0, void @empty_14, void @empty_14, void @empty_14, i32 0, i32 0, i32 0, i32 0, void @empty_14, void @empty_14, i32 4294967295, i32 0"   --->   Operation 15 'specinterface' 'specinterface_ln0' <Predicate = true> <Delay = 0.00>
ST_1 : Operation 16 [1/1] (0.00ns)   --->   "%specinterface_ln0 = specinterface void @_ssdm_op_SpecInterface, i128 %MM_SA_W_9, void @empty_24, i32 0, i32 0, void @empty_14, i32 0, i32 0, void @empty_14, void @empty_14, void @empty_14, i32 0, i32 0, i32 0, i32 0, void @empty_14, void @empty_14, i32 4294967295, i32 0"   --->   Operation 16 'specinterface' 'specinterface_ln0' <Predicate = true> <Delay = 0.00>
ST_1 : Operation 17 [1/1] (0.00ns)   --->   "%specinterface_ln0 = specinterface void @_ssdm_op_SpecInterface, i128 %MM_SA_W_10, void @empty_24, i32 0, i32 0, void @empty_14, i32 0, i32 0, void @empty_14, void @empty_14, void @empty_14, i32 0, i32 0, i32 0, i32 0, void @empty_14, void @empty_14, i32 4294967295, i32 0"   --->   Operation 17 'specinterface' 'specinterface_ln0' <Predicate = true> <Delay = 0.00>
ST_1 : Operation 18 [1/1] (0.00ns)   --->   "%specinterface_ln0 = specinterface void @_ssdm_op_SpecInterface, i128 %MM_SA_W_11, void @empty_24, i32 0, i32 0, void @empty_14, i32 0, i32 0, void @empty_14, void @empty_14, void @empty_14, i32 0, i32 0, i32 0, i32 0, void @empty_14, void @empty_14, i32 4294967295, i32 0"   --->   Operation 18 'specinterface' 'specinterface_ln0' <Predicate = true> <Delay = 0.00>
ST_1 : Operation 19 [1/1] (0.00ns)   --->   "%specinterface_ln0 = specinterface void @_ssdm_op_SpecInterface, i128 %MM_SA_W_12, void @empty_24, i32 0, i32 0, void @empty_14, i32 0, i32 0, void @empty_14, void @empty_14, void @empty_14, i32 0, i32 0, i32 0, i32 0, void @empty_14, void @empty_14, i32 4294967295, i32 0"   --->   Operation 19 'specinterface' 'specinterface_ln0' <Predicate = true> <Delay = 0.00>
ST_1 : Operation 20 [1/1] (0.00ns)   --->   "%specinterface_ln0 = specinterface void @_ssdm_op_SpecInterface, i128 %MM_SA_W_13, void @empty_24, i32 0, i32 0, void @empty_14, i32 0, i32 0, void @empty_14, void @empty_14, void @empty_14, i32 0, i32 0, i32 0, i32 0, void @empty_14, void @empty_14, i32 4294967295, i32 0"   --->   Operation 20 'specinterface' 'specinterface_ln0' <Predicate = true> <Delay = 0.00>
ST_1 : Operation 21 [1/1] (0.00ns)   --->   "%specinterface_ln0 = specinterface void @_ssdm_op_SpecInterface, i128 %MM_SA_W_14, void @empty_24, i32 0, i32 0, void @empty_14, i32 0, i32 0, void @empty_14, void @empty_14, void @empty_14, i32 0, i32 0, i32 0, i32 0, void @empty_14, void @empty_14, i32 4294967295, i32 0"   --->   Operation 21 'specinterface' 'specinterface_ln0' <Predicate = true> <Delay = 0.00>
ST_1 : Operation 22 [1/1] (0.00ns)   --->   "%specinterface_ln0 = specinterface void @_ssdm_op_SpecInterface, i128 %MM_SA_W_15, void @empty_24, i32 0, i32 0, void @empty_14, i32 0, i32 0, void @empty_14, void @empty_14, void @empty_14, i32 0, i32 0, i32 0, i32 0, void @empty_14, void @empty_14, i32 4294967295, i32 0"   --->   Operation 22 'specinterface' 'specinterface_ln0' <Predicate = true> <Delay = 0.00>
ST_1 : Operation 23 [1/1] (0.00ns)   --->   "%p_read_1 = read i30 @_ssdm_op_Read.ap_auto.i30, i30 %p_read" [tools.cpp:290->top.cpp:83]   --->   Operation 23 'read' 'p_read_1' <Predicate = true> <Delay = 0.00>
ST_1 : Operation 24 [1/1] (0.36ns)   --->   "%store_ln295 = store i30 0, i30 %rep" [tools.cpp:295->top.cpp:83]   --->   Operation 24 'store' 'store_ln295' <Predicate = true> <Delay = 0.36>
ST_1 : Operation 25 [1/1] (0.00ns)   --->   "%br_ln0 = br void %VITIS_LOOP_300_2.i"   --->   Operation 25 'br' 'br_ln0' <Predicate = true> <Delay = 0.00>
ST_1 : Operation 26 [1/1] (0.00ns)   --->   "%rep_4 = load i30 %rep" [tools.cpp:295->top.cpp:83]   --->   Operation 26 'load' 'rep_4' <Predicate = true> <Delay = 0.00>
ST_1 : Operation 27 [1/1] (0.78ns)   --->   "%icmp_ln295 = icmp_eq  i30 %rep_4, i30 %p_read_1" [tools.cpp:295->top.cpp:83]   --->   Operation 27 'icmp' 'icmp_ln295' <Predicate = true> <Delay = 0.78> <CoreInst = "Cmp">   --->   Core 9 'Cmp' <Latency = 0> <II = 1> <Delay = 0.78> <FuncUnit> <Opcode : 'icmp'> <InPorts = 2> <OutPorts = 1>
ST_1 : Operation 28 [1/1] (0.78ns)   --->   "%rep_5 = add i30 %rep_4, i30 1" [tools.cpp:295->top.cpp:83]   --->   Operation 28 'add' 'rep_5' <Predicate = true> <Delay = 0.78> <CoreInst = "Adder">   --->   Core 1 'Adder' <Latency = 0> <II = 1> <Delay = 0.78> <FuncUnit> <Opcode : 'add' 'sub'> <InPorts = 2> <OutPorts = 1>
ST_1 : Operation 29 [1/1] (0.00ns)   --->   "%br_ln295 = br i1 %icmp_ln295, void %VITIS_LOOP_300_2.split.i, void %MMWeightToArray.exit.loopexit.exitStub" [tools.cpp:295->top.cpp:83]   --->   Operation 29 'br' 'br_ln295' <Predicate = true> <Delay = 0.00>
ST_1 : Operation 30 [1/1] (0.36ns)   --->   "%store_ln295 = store i30 %rep_5, i30 %rep" [tools.cpp:295->top.cpp:83]   --->   Operation 30 'store' 'store_ln295' <Predicate = (!icmp_ln295)> <Delay = 0.36>
ST_1 : Operation 56 [1/1] (0.00ns)   --->   "%ret_ln0 = ret"   --->   Operation 56 'ret' 'ret_ln0' <Predicate = (icmp_ln295)> <Delay = 0.00>

State 2 <SV = 1> <Delay = 2.98>
ST_2 : Operation 31 [1/1] (0.00ns)   --->   "%specpipeline_ln298 = specpipeline void @_ssdm_op_SpecPipeline, i32 1, i32 0, i32 0, i32 0, void @empty_14" [tools.cpp:298->top.cpp:83]   --->   Operation 31 'specpipeline' 'specpipeline_ln298' <Predicate = true> <Delay = 0.00>
ST_2 : Operation 32 [1/1] (0.00ns)   --->   "%speclooptripcount_ln297 = speclooptripcount void @_ssdm_op_SpecLoopTripCount, i64 16, i64 16, i64 16" [tools.cpp:297->top.cpp:83]   --->   Operation 32 'speclooptripcount' 'speclooptripcount_ln297' <Predicate = true> <Delay = 0.00>
ST_2 : Operation 33 [1/1] (0.00ns)   --->   "%specloopname_ln295 = specloopname void @_ssdm_op_SpecLoopName, void @empty_21" [tools.cpp:295->top.cpp:83]   --->   Operation 33 'specloopname' 'specloopname_ln295' <Predicate = true> <Delay = 0.00>
ST_2 : Operation 34 [1/1] (1.46ns)   --->   "%temp = read i512 @_ssdm_op_Read.ap_fifo.volatile.i512P0A, i512 %fifo_mm_w" [tools.cpp:299->top.cpp:83]   --->   Operation 34 'read' 'temp' <Predicate = true> <Delay = 1.46> <CoreInst = "FIFO">   --->   Core 78 'FIFO' <Latency = 0> <II = 1> <Delay = 1.46> <Storage> <Opcode : 'read' 'write' 'nbread' 'nbwrite'> <Ports = 0> <Width = 512> <Depth = 128> <FIFO>
ST_2 : Operation 35 [1/1] (0.00ns)   --->   "%trunc_ln302 = trunc i512 %temp" [tools.cpp:302->top.cpp:83]   --->   Operation 35 'trunc' 'trunc_ln302' <Predicate = true> <Delay = 0.00>
ST_2 : Operation 36 [1/1] (1.52ns)   --->   "%write_ln305 = write void @_ssdm_op_Write.ap_fifo.volatile.i128P0A, i128 %MM_SA_W, i128 %trunc_ln302" [tools.cpp:305->top.cpp:83]   --->   Operation 36 'write' 'write_ln305' <Predicate = true> <Delay = 1.52> <CoreInst = "FIFO_SRL">   --->   Core 81 'FIFO_SRL' <Latency = 0> <II = 1> <Delay = 1.52> <Storage> <Opcode : 'read' 'write' 'nbread' 'nbwrite'> <Ports = 0> <Width = 128> <Depth = 4> <FIFO>
ST_2 : Operation 37 [1/1] (1.52ns)   --->   "%write_ln305 = write void @_ssdm_op_Write.ap_fifo.volatile.i128P0A, i128 %MM_SA_W_4, i128 %trunc_ln302" [tools.cpp:305->top.cpp:83]   --->   Operation 37 'write' 'write_ln305' <Predicate = true> <Delay = 1.52> <CoreInst = "FIFO_SRL">   --->   Core 81 'FIFO_SRL' <Latency = 0> <II = 1> <Delay = 1.52> <Storage> <Opcode : 'read' 'write' 'nbread' 'nbwrite'> <Ports = 0> <Width = 128> <Depth = 4> <FIFO>
ST_2 : Operation 38 [1/1] (1.52ns)   --->   "%write_ln305 = write void @_ssdm_op_Write.ap_fifo.volatile.i128P0A, i128 %MM_SA_W_8, i128 %trunc_ln302" [tools.cpp:305->top.cpp:83]   --->   Operation 38 'write' 'write_ln305' <Predicate = true> <Delay = 1.52> <CoreInst = "FIFO_SRL">   --->   Core 81 'FIFO_SRL' <Latency = 0> <II = 1> <Delay = 1.52> <Storage> <Opcode : 'read' 'write' 'nbread' 'nbwrite'> <Ports = 0> <Width = 128> <Depth = 4> <FIFO>
ST_2 : Operation 39 [1/1] (1.52ns)   --->   "%write_ln305 = write void @_ssdm_op_Write.ap_fifo.volatile.i128P0A, i128 %MM_SA_W_12, i128 %trunc_ln302" [tools.cpp:305->top.cpp:83]   --->   Operation 39 'write' 'write_ln305' <Predicate = true> <Delay = 1.52> <CoreInst = "FIFO_SRL">   --->   Core 81 'FIFO_SRL' <Latency = 0> <II = 1> <Delay = 1.52> <Storage> <Opcode : 'read' 'write' 'nbread' 'nbwrite'> <Ports = 0> <Width = 128> <Depth = 4> <FIFO>
ST_2 : Operation 40 [1/1] (0.00ns)   --->   "%p_s = partselect i128 @_ssdm_op_PartSelect.i128.i512.i32.i32, i512 %temp, i32 128, i32 255" [tools.cpp:302->top.cpp:83]   --->   Operation 40 'partselect' 'p_s' <Predicate = true> <Delay = 0.00>
ST_2 : Operation 41 [1/1] (1.52ns)   --->   "%write_ln305 = write void @_ssdm_op_Write.ap_fifo.volatile.i128P0A, i128 %MM_SA_W_1, i128 %p_s" [tools.cpp:305->top.cpp:83]   --->   Operation 41 'write' 'write_ln305' <Predicate = true> <Delay = 1.52> <CoreInst = "FIFO_SRL">   --->   Core 81 'FIFO_SRL' <Latency = 0> <II = 1> <Delay = 1.52> <Storage> <Opcode : 'read' 'write' 'nbread' 'nbwrite'> <Ports = 0> <Width = 128> <Depth = 4> <FIFO>
ST_2 : Operation 42 [1/1] (1.52ns)   --->   "%write_ln305 = write void @_ssdm_op_Write.ap_fifo.volatile.i128P0A, i128 %MM_SA_W_5, i128 %p_s" [tools.cpp:305->top.cpp:83]   --->   Operation 42 'write' 'write_ln305' <Predicate = true> <Delay = 1.52> <CoreInst = "FIFO_SRL">   --->   Core 81 'FIFO_SRL' <Latency = 0> <II = 1> <Delay = 1.52> <Storage> <Opcode : 'read' 'write' 'nbread' 'nbwrite'> <Ports = 0> <Width = 128> <Depth = 4> <FIFO>
ST_2 : Operation 43 [1/1] (1.52ns)   --->   "%write_ln305 = write void @_ssdm_op_Write.ap_fifo.volatile.i128P0A, i128 %MM_SA_W_9, i128 %p_s" [tools.cpp:305->top.cpp:83]   --->   Operation 43 'write' 'write_ln305' <Predicate = true> <Delay = 1.52> <CoreInst = "FIFO_SRL">   --->   Core 81 'FIFO_SRL' <Latency = 0> <II = 1> <Delay = 1.52> <Storage> <Opcode : 'read' 'write' 'nbread' 'nbwrite'> <Ports = 0> <Width = 128> <Depth = 4> <FIFO>
ST_2 : Operation 44 [1/1] (1.52ns)   --->   "%write_ln305 = write void @_ssdm_op_Write.ap_fifo.volatile.i128P0A, i128 %MM_SA_W_13, i128 %p_s" [tools.cpp:305->top.cpp:83]   --->   Operation 44 'write' 'write_ln305' <Predicate = true> <Delay = 1.52> <CoreInst = "FIFO_SRL">   --->   Core 81 'FIFO_SRL' <Latency = 0> <II = 1> <Delay = 1.52> <Storage> <Opcode : 'read' 'write' 'nbread' 'nbwrite'> <Ports = 0> <Width = 128> <Depth = 4> <FIFO>
ST_2 : Operation 45 [1/1] (0.00ns)   --->   "%p_1 = partselect i128 @_ssdm_op_PartSelect.i128.i512.i32.i32, i512 %temp, i32 256, i32 383" [tools.cpp:302->top.cpp:83]   --->   Operation 45 'partselect' 'p_1' <Predicate = true> <Delay = 0.00>
ST_2 : Operation 46 [1/1] (1.52ns)   --->   "%write_ln305 = write void @_ssdm_op_Write.ap_fifo.volatile.i128P0A, i128 %MM_SA_W_2, i128 %p_1" [tools.cpp:305->top.cpp:83]   --->   Operation 46 'write' 'write_ln305' <Predicate = true> <Delay = 1.52> <CoreInst = "FIFO_SRL">   --->   Core 81 'FIFO_SRL' <Latency = 0> <II = 1> <Delay = 1.52> <Storage> <Opcode : 'read' 'write' 'nbread' 'nbwrite'> <Ports = 0> <Width = 128> <Depth = 4> <FIFO>
ST_2 : Operation 47 [1/1] (1.52ns)   --->   "%write_ln305 = write void @_ssdm_op_Write.ap_fifo.volatile.i128P0A, i128 %MM_SA_W_6, i128 %p_1" [tools.cpp:305->top.cpp:83]   --->   Operation 47 'write' 'write_ln305' <Predicate = true> <Delay = 1.52> <CoreInst = "FIFO_SRL">   --->   Core 81 'FIFO_SRL' <Latency = 0> <II = 1> <Delay = 1.52> <Storage> <Opcode : 'read' 'write' 'nbread' 'nbwrite'> <Ports = 0> <Width = 128> <Depth = 4> <FIFO>
ST_2 : Operation 48 [1/1] (1.52ns)   --->   "%write_ln305 = write void @_ssdm_op_Write.ap_fifo.volatile.i128P0A, i128 %MM_SA_W_10, i128 %p_1" [tools.cpp:305->top.cpp:83]   --->   Operation 48 'write' 'write_ln305' <Predicate = true> <Delay = 1.52> <CoreInst = "FIFO_SRL">   --->   Core 81 'FIFO_SRL' <Latency = 0> <II = 1> <Delay = 1.52> <Storage> <Opcode : 'read' 'write' 'nbread' 'nbwrite'> <Ports = 0> <Width = 128> <Depth = 4> <FIFO>
ST_2 : Operation 49 [1/1] (1.52ns)   --->   "%write_ln305 = write void @_ssdm_op_Write.ap_fifo.volatile.i128P0A, i128 %MM_SA_W_14, i128 %p_1" [tools.cpp:305->top.cpp:83]   --->   Operation 49 'write' 'write_ln305' <Predicate = true> <Delay = 1.52> <CoreInst = "FIFO_SRL">   --->   Core 81 'FIFO_SRL' <Latency = 0> <II = 1> <Delay = 1.52> <Storage> <Opcode : 'read' 'write' 'nbread' 'nbwrite'> <Ports = 0> <Width = 128> <Depth = 4> <FIFO>
ST_2 : Operation 50 [1/1] (0.00ns)   --->   "%p_0 = partselect i128 @_ssdm_op_PartSelect.i128.i512.i32.i32, i512 %temp, i32 384, i32 511" [tools.cpp:302->top.cpp:83]   --->   Operation 50 'partselect' 'p_0' <Predicate = true> <Delay = 0.00>
ST_2 : Operation 51 [1/1] (1.52ns)   --->   "%write_ln305 = write void @_ssdm_op_Write.ap_fifo.volatile.i128P0A, i128 %MM_SA_W_3, i128 %p_0" [tools.cpp:305->top.cpp:83]   --->   Operation 51 'write' 'write_ln305' <Predicate = true> <Delay = 1.52> <CoreInst = "FIFO_SRL">   --->   Core 81 'FIFO_SRL' <Latency = 0> <II = 1> <Delay = 1.52> <Storage> <Opcode : 'read' 'write' 'nbread' 'nbwrite'> <Ports = 0> <Width = 128> <Depth = 4> <FIFO>
ST_2 : Operation 52 [1/1] (1.52ns)   --->   "%write_ln305 = write void @_ssdm_op_Write.ap_fifo.volatile.i128P0A, i128 %MM_SA_W_7, i128 %p_0" [tools.cpp:305->top.cpp:83]   --->   Operation 52 'write' 'write_ln305' <Predicate = true> <Delay = 1.52> <CoreInst = "FIFO_SRL">   --->   Core 81 'FIFO_SRL' <Latency = 0> <II = 1> <Delay = 1.52> <Storage> <Opcode : 'read' 'write' 'nbread' 'nbwrite'> <Ports = 0> <Width = 128> <Depth = 4> <FIFO>
ST_2 : Operation 53 [1/1] (1.52ns)   --->   "%write_ln305 = write void @_ssdm_op_Write.ap_fifo.volatile.i128P0A, i128 %MM_SA_W_11, i128 %p_0" [tools.cpp:305->top.cpp:83]   --->   Operation 53 'write' 'write_ln305' <Predicate = true> <Delay = 1.52> <CoreInst = "FIFO_SRL">   --->   Core 81 'FIFO_SRL' <Latency = 0> <II = 1> <Delay = 1.52> <Storage> <Opcode : 'read' 'write' 'nbread' 'nbwrite'> <Ports = 0> <Width = 128> <Depth = 4> <FIFO>
ST_2 : Operation 54 [1/1] (1.52ns)   --->   "%write_ln305 = write void @_ssdm_op_Write.ap_fifo.volatile.i128P0A, i128 %MM_SA_W_15, i128 %p_0" [tools.cpp:305->top.cpp:83]   --->   Operation 54 'write' 'write_ln305' <Predicate = true> <Delay = 1.52> <CoreInst = "FIFO_SRL">   --->   Core 81 'FIFO_SRL' <Latency = 0> <II = 1> <Delay = 1.52> <Storage> <Opcode : 'read' 'write' 'nbread' 'nbwrite'> <Ports = 0> <Width = 128> <Depth = 4> <FIFO>
ST_2 : Operation 55 [1/1] (0.00ns)   --->   "%br_ln295 = br void %VITIS_LOOP_300_2.i" [tools.cpp:295->top.cpp:83]   --->   Operation 55 'br' 'br_ln295' <Predicate = true> <Delay = 0.00>


============================================================
+ Verbose Summary: Timing violations
============================================================
Target clock period: 10.000ns, clock uncertainty: 2.700ns.

 <State 1>: 1.508ns
The critical path consists of the following:
	'store' operation 0 bit ('store_ln295', tools.cpp:295->top.cpp:83) of constant 0 on local variable 'rep', tools.cpp:295->top.cpp:83 [38]  (0.362 ns)
	'load' operation 30 bit ('rep', tools.cpp:295->top.cpp:83) on local variable 'rep', tools.cpp:295->top.cpp:83 [41]  (0.000 ns)
	'add' operation 30 bit ('rep', tools.cpp:295->top.cpp:83) [43]  (0.784 ns)
	'store' operation 0 bit ('store_ln295', tools.cpp:295->top.cpp:83) of variable 'rep', tools.cpp:295->top.cpp:83 on local variable 'rep', tools.cpp:295->top.cpp:83 [70]  (0.362 ns)

 <State 2>: 2.986ns
The critical path consists of the following:
	fifo read operation ('temp', tools.cpp:299->top.cpp:83) on port 'fifo_mm_w' (tools.cpp:299->top.cpp:83) [49]  (1.466 ns)
	fifo write operation ('write_ln305', tools.cpp:305->top.cpp:83) on port 'MM_SA_W' (tools.cpp:305->top.cpp:83) [51]  (1.520 ns)


============================================================
+ Verbose Summary: Binding
============================================================
N/A
* FSMD analyzer results:
  - Output states:
 - Input state : 
  - Chain level:
	State 1
	State 2


============================================================
+ Verbose Summary: Datapath Resource usage 
============================================================
N/A
