

================================================================
== Vitis HLS Report for 'MuxWeightStream'
================================================================
* Date:           Tue Feb 25 14:23:48 2025

* Version:        2023.2 (Build 4023990 on Oct 11 2023)
* Project:        SDA
* Solution:       solution1 (Vivado IP Flow Target)
* Product family: virtexuplusHBM
* Target device:  xcvu35p_CIV-fsvh2892-3-e


================================================================
== Performance Estimates
================================================================
+ Timing: 
    * Summary: 
    +--------+----------+----------+------------+
    |  Clock |  Target  | Estimated| Uncertainty|
    +--------+----------+----------+------------+
    |ap_clk  |  10.00 ns|  3.304 ns|     2.70 ns|
    +--------+----------+----------+------------+

+ Latency: 
    * Summary: 
    +---------+---------+-----------+-----------+------+------+---------+
    |  Latency (cycles) |   Latency (absolute)  |   Interval  | Pipeline|
    |   min   |   max   |    min    |    max    |  min |  max |   Type  |
    +---------+---------+-----------+-----------+------+------+---------+
    |     2306|     2306|  23.060 us|  23.060 us|  2306|  2306|       no|
    +---------+---------+-----------+-----------+------+------+---------+

    + Detail: 
        * Instance: 
        N/A

        * Loop: 
        +--------------------+---------+---------+----------+-----------+-----------+------+----------+
        |                    |  Latency (cycles) | Iteration|  Initiation Interval  | Trip |          |
        |      Loop Name     |   min   |   max   |  Latency |  achieved |   target  | Count| Pipelined|
        +--------------------+---------+---------+----------+-----------+-----------+------+----------+
        |- VITIS_LOOP_307_1  |     2304|     2304|         2|          1|          1|  2304|       yes|
        +--------------------+---------+---------+----------+-----------+-----------+------+----------+

============================================================
+ Verbose Summary: Synthesis Manager
============================================================
InlineROM: 1
ExposeGlobal: 0
============================================================
+ Verbose Summary: CDFG Model
============================================================
IsTopModel: 0
ResetActiveHigh: 1
IsCombinational: 0
IsDatapathOnly: 0
HasWiredReturn: 1
HasMFsm: 2
HasVarLatency: 1
IsPipeline: 0
IsRtlPipelined: 0
IsInstanceOverlapped: 0
IsDontTouch: 0
HasImplIP: 0
IsGatedGlobalClock: 0

+ Individual pipeline summary: 
  * Pipeline-0: initiation interval (II) = 1, depth = 2


============================================================
+ Verbose Summary: Schedule
============================================================
* Number of FSM states : 2
* Pipeline : 1
  Pipeline-0 : II = 1, D = 2, States = { 1 2 }
* Dataflow Pipeline: 0

* FSM state transitions: 
1 --> 2 
2 --> 

* FSM state operations: 

State 1 <SV = 0> <Delay = 1.50>
ST_1 : Operation 5 [1/1] (0.00ns)   --->   "%i = alloca i32 1" [tools.cpp:307]   --->   Operation 5 'alloca' 'i' <Predicate = true> <Delay = 0.00>
ST_1 : Operation 6 [1/1] (0.00ns)   --->   "%specinterface_ln0 = specinterface void @_ssdm_op_SpecInterface, i32 %fifo_SA_W_3_3, void @empty_21, i32 0, i32 0, void @empty_12, i32 0, i32 0, void @empty_12, void @empty_12, void @empty_12, i32 0, i32 0, i32 0, i32 0, void @empty_12, void @empty_12, i32 4294967295, i32 0"   --->   Operation 6 'specinterface' 'specinterface_ln0' <Predicate = true> <Delay = 0.00>
ST_1 : Operation 7 [1/1] (0.00ns)   --->   "%specinterface_ln0 = specinterface void @_ssdm_op_SpecInterface, i32 %fifo_SA_W_3_2, void @empty_21, i32 0, i32 0, void @empty_12, i32 0, i32 0, void @empty_12, void @empty_12, void @empty_12, i32 0, i32 0, i32 0, i32 0, void @empty_12, void @empty_12, i32 4294967295, i32 0"   --->   Operation 7 'specinterface' 'specinterface_ln0' <Predicate = true> <Delay = 0.00>
ST_1 : Operation 8 [1/1] (0.00ns)   --->   "%specinterface_ln0 = specinterface void @_ssdm_op_SpecInterface, i32 %fifo_SA_W_3_1, void @empty_21, i32 0, i32 0, void @empty_12, i32 0, i32 0, void @empty_12, void @empty_12, void @empty_12, i32 0, i32 0, i32 0, i32 0, void @empty_12, void @empty_12, i32 4294967295, i32 0"   --->   Operation 8 'specinterface' 'specinterface_ln0' <Predicate = true> <Delay = 0.00>
ST_1 : Operation 9 [1/1] (0.00ns)   --->   "%specinterface_ln0 = specinterface void @_ssdm_op_SpecInterface, i32 %fifo_SA_W_3_0, void @empty_21, i32 0, i32 0, void @empty_12, i32 0, i32 0, void @empty_12, void @empty_12, void @empty_12, i32 0, i32 0, i32 0, i32 0, void @empty_12, void @empty_12, i32 4294967295, i32 0"   --->   Operation 9 'specinterface' 'specinterface_ln0' <Predicate = true> <Delay = 0.00>
ST_1 : Operation 10 [1/1] (0.00ns)   --->   "%specinterface_ln0 = specinterface void @_ssdm_op_SpecInterface, i32 %fifo_SA_W_2_3, void @empty_21, i32 0, i32 0, void @empty_12, i32 0, i32 0, void @empty_12, void @empty_12, void @empty_12, i32 0, i32 0, i32 0, i32 0, void @empty_12, void @empty_12, i32 4294967295, i32 0"   --->   Operation 10 'specinterface' 'specinterface_ln0' <Predicate = true> <Delay = 0.00>
ST_1 : Operation 11 [1/1] (0.00ns)   --->   "%specinterface_ln0 = specinterface void @_ssdm_op_SpecInterface, i32 %fifo_SA_W_2_2, void @empty_21, i32 0, i32 0, void @empty_12, i32 0, i32 0, void @empty_12, void @empty_12, void @empty_12, i32 0, i32 0, i32 0, i32 0, void @empty_12, void @empty_12, i32 4294967295, i32 0"   --->   Operation 11 'specinterface' 'specinterface_ln0' <Predicate = true> <Delay = 0.00>
ST_1 : Operation 12 [1/1] (0.00ns)   --->   "%specinterface_ln0 = specinterface void @_ssdm_op_SpecInterface, i32 %fifo_SA_W_2_1, void @empty_21, i32 0, i32 0, void @empty_12, i32 0, i32 0, void @empty_12, void @empty_12, void @empty_12, i32 0, i32 0, i32 0, i32 0, void @empty_12, void @empty_12, i32 4294967295, i32 0"   --->   Operation 12 'specinterface' 'specinterface_ln0' <Predicate = true> <Delay = 0.00>
ST_1 : Operation 13 [1/1] (0.00ns)   --->   "%specinterface_ln0 = specinterface void @_ssdm_op_SpecInterface, i32 %fifo_SA_W_2_0, void @empty_21, i32 0, i32 0, void @empty_12, i32 0, i32 0, void @empty_12, void @empty_12, void @empty_12, i32 0, i32 0, i32 0, i32 0, void @empty_12, void @empty_12, i32 4294967295, i32 0"   --->   Operation 13 'specinterface' 'specinterface_ln0' <Predicate = true> <Delay = 0.00>
ST_1 : Operation 14 [1/1] (0.00ns)   --->   "%specinterface_ln0 = specinterface void @_ssdm_op_SpecInterface, i32 %fifo_SA_W_1_3, void @empty_21, i32 0, i32 0, void @empty_12, i32 0, i32 0, void @empty_12, void @empty_12, void @empty_12, i32 0, i32 0, i32 0, i32 0, void @empty_12, void @empty_12, i32 4294967295, i32 0"   --->   Operation 14 'specinterface' 'specinterface_ln0' <Predicate = true> <Delay = 0.00>
ST_1 : Operation 15 [1/1] (0.00ns)   --->   "%specinterface_ln0 = specinterface void @_ssdm_op_SpecInterface, i32 %fifo_SA_W_1_2, void @empty_21, i32 0, i32 0, void @empty_12, i32 0, i32 0, void @empty_12, void @empty_12, void @empty_12, i32 0, i32 0, i32 0, i32 0, void @empty_12, void @empty_12, i32 4294967295, i32 0"   --->   Operation 15 'specinterface' 'specinterface_ln0' <Predicate = true> <Delay = 0.00>
ST_1 : Operation 16 [1/1] (0.00ns)   --->   "%specinterface_ln0 = specinterface void @_ssdm_op_SpecInterface, i32 %fifo_SA_W_1_1, void @empty_21, i32 0, i32 0, void @empty_12, i32 0, i32 0, void @empty_12, void @empty_12, void @empty_12, i32 0, i32 0, i32 0, i32 0, void @empty_12, void @empty_12, i32 4294967295, i32 0"   --->   Operation 16 'specinterface' 'specinterface_ln0' <Predicate = true> <Delay = 0.00>
ST_1 : Operation 17 [1/1] (0.00ns)   --->   "%specinterface_ln0 = specinterface void @_ssdm_op_SpecInterface, i32 %fifo_SA_W_1_0, void @empty_21, i32 0, i32 0, void @empty_12, i32 0, i32 0, void @empty_12, void @empty_12, void @empty_12, i32 0, i32 0, i32 0, i32 0, void @empty_12, void @empty_12, i32 4294967295, i32 0"   --->   Operation 17 'specinterface' 'specinterface_ln0' <Predicate = true> <Delay = 0.00>
ST_1 : Operation 18 [1/1] (0.00ns)   --->   "%specinterface_ln0 = specinterface void @_ssdm_op_SpecInterface, i32 %fifo_SA_W_0_3, void @empty_21, i32 0, i32 0, void @empty_12, i32 0, i32 0, void @empty_12, void @empty_12, void @empty_12, i32 0, i32 0, i32 0, i32 0, void @empty_12, void @empty_12, i32 4294967295, i32 0"   --->   Operation 18 'specinterface' 'specinterface_ln0' <Predicate = true> <Delay = 0.00>
ST_1 : Operation 19 [1/1] (0.00ns)   --->   "%specinterface_ln0 = specinterface void @_ssdm_op_SpecInterface, i32 %fifo_SA_W_0_2, void @empty_21, i32 0, i32 0, void @empty_12, i32 0, i32 0, void @empty_12, void @empty_12, void @empty_12, i32 0, i32 0, i32 0, i32 0, void @empty_12, void @empty_12, i32 4294967295, i32 0"   --->   Operation 19 'specinterface' 'specinterface_ln0' <Predicate = true> <Delay = 0.00>
ST_1 : Operation 20 [1/1] (0.00ns)   --->   "%specinterface_ln0 = specinterface void @_ssdm_op_SpecInterface, i32 %fifo_SA_W_0_1, void @empty_21, i32 0, i32 0, void @empty_12, i32 0, i32 0, void @empty_12, void @empty_12, void @empty_12, i32 0, i32 0, i32 0, i32 0, void @empty_12, void @empty_12, i32 4294967295, i32 0"   --->   Operation 20 'specinterface' 'specinterface_ln0' <Predicate = true> <Delay = 0.00>
ST_1 : Operation 21 [1/1] (0.00ns)   --->   "%specinterface_ln0 = specinterface void @_ssdm_op_SpecInterface, i32 %fifo_SA_W_0_0, void @empty_21, i32 0, i32 0, void @empty_12, i32 0, i32 0, void @empty_12, void @empty_12, void @empty_12, i32 0, i32 0, i32 0, i32 0, void @empty_12, void @empty_12, i32 4294967295, i32 0"   --->   Operation 21 'specinterface' 'specinterface_ln0' <Predicate = true> <Delay = 0.00>
ST_1 : Operation 22 [1/1] (0.00ns)   --->   "%specinterface_ln0 = specinterface void @_ssdm_op_SpecInterface, i32 %MM_SA_W_3_3, void @empty_21, i32 0, i32 0, void @empty_12, i32 0, i32 0, void @empty_12, void @empty_12, void @empty_12, i32 0, i32 0, i32 0, i32 0, void @empty_12, void @empty_12, i32 4294967295, i32 0"   --->   Operation 22 'specinterface' 'specinterface_ln0' <Predicate = true> <Delay = 0.00>
ST_1 : Operation 23 [1/1] (0.00ns)   --->   "%specinterface_ln0 = specinterface void @_ssdm_op_SpecInterface, i32 %MM_SA_W_3_2, void @empty_21, i32 0, i32 0, void @empty_12, i32 0, i32 0, void @empty_12, void @empty_12, void @empty_12, i32 0, i32 0, i32 0, i32 0, void @empty_12, void @empty_12, i32 4294967295, i32 0"   --->   Operation 23 'specinterface' 'specinterface_ln0' <Predicate = true> <Delay = 0.00>
ST_1 : Operation 24 [1/1] (0.00ns)   --->   "%specinterface_ln0 = specinterface void @_ssdm_op_SpecInterface, i32 %MM_SA_W_3_1, void @empty_21, i32 0, i32 0, void @empty_12, i32 0, i32 0, void @empty_12, void @empty_12, void @empty_12, i32 0, i32 0, i32 0, i32 0, void @empty_12, void @empty_12, i32 4294967295, i32 0"   --->   Operation 24 'specinterface' 'specinterface_ln0' <Predicate = true> <Delay = 0.00>
ST_1 : Operation 25 [1/1] (0.00ns)   --->   "%specinterface_ln0 = specinterface void @_ssdm_op_SpecInterface, i32 %MM_SA_W_3_0, void @empty_21, i32 0, i32 0, void @empty_12, i32 0, i32 0, void @empty_12, void @empty_12, void @empty_12, i32 0, i32 0, i32 0, i32 0, void @empty_12, void @empty_12, i32 4294967295, i32 0"   --->   Operation 25 'specinterface' 'specinterface_ln0' <Predicate = true> <Delay = 0.00>
ST_1 : Operation 26 [1/1] (0.00ns)   --->   "%specinterface_ln0 = specinterface void @_ssdm_op_SpecInterface, i32 %MM_SA_W_2_3, void @empty_21, i32 0, i32 0, void @empty_12, i32 0, i32 0, void @empty_12, void @empty_12, void @empty_12, i32 0, i32 0, i32 0, i32 0, void @empty_12, void @empty_12, i32 4294967295, i32 0"   --->   Operation 26 'specinterface' 'specinterface_ln0' <Predicate = true> <Delay = 0.00>
ST_1 : Operation 27 [1/1] (0.00ns)   --->   "%specinterface_ln0 = specinterface void @_ssdm_op_SpecInterface, i32 %MM_SA_W_2_2, void @empty_21, i32 0, i32 0, void @empty_12, i32 0, i32 0, void @empty_12, void @empty_12, void @empty_12, i32 0, i32 0, i32 0, i32 0, void @empty_12, void @empty_12, i32 4294967295, i32 0"   --->   Operation 27 'specinterface' 'specinterface_ln0' <Predicate = true> <Delay = 0.00>
ST_1 : Operation 28 [1/1] (0.00ns)   --->   "%specinterface_ln0 = specinterface void @_ssdm_op_SpecInterface, i32 %MM_SA_W_2_1, void @empty_21, i32 0, i32 0, void @empty_12, i32 0, i32 0, void @empty_12, void @empty_12, void @empty_12, i32 0, i32 0, i32 0, i32 0, void @empty_12, void @empty_12, i32 4294967295, i32 0"   --->   Operation 28 'specinterface' 'specinterface_ln0' <Predicate = true> <Delay = 0.00>
ST_1 : Operation 29 [1/1] (0.00ns)   --->   "%specinterface_ln0 = specinterface void @_ssdm_op_SpecInterface, i32 %MM_SA_W_2_0, void @empty_21, i32 0, i32 0, void @empty_12, i32 0, i32 0, void @empty_12, void @empty_12, void @empty_12, i32 0, i32 0, i32 0, i32 0, void @empty_12, void @empty_12, i32 4294967295, i32 0"   --->   Operation 29 'specinterface' 'specinterface_ln0' <Predicate = true> <Delay = 0.00>
ST_1 : Operation 30 [1/1] (0.00ns)   --->   "%specinterface_ln0 = specinterface void @_ssdm_op_SpecInterface, i32 %MM_SA_W_1_3, void @empty_21, i32 0, i32 0, void @empty_12, i32 0, i32 0, void @empty_12, void @empty_12, void @empty_12, i32 0, i32 0, i32 0, i32 0, void @empty_12, void @empty_12, i32 4294967295, i32 0"   --->   Operation 30 'specinterface' 'specinterface_ln0' <Predicate = true> <Delay = 0.00>
ST_1 : Operation 31 [1/1] (0.00ns)   --->   "%specinterface_ln0 = specinterface void @_ssdm_op_SpecInterface, i32 %MM_SA_W_1_2, void @empty_21, i32 0, i32 0, void @empty_12, i32 0, i32 0, void @empty_12, void @empty_12, void @empty_12, i32 0, i32 0, i32 0, i32 0, void @empty_12, void @empty_12, i32 4294967295, i32 0"   --->   Operation 31 'specinterface' 'specinterface_ln0' <Predicate = true> <Delay = 0.00>
ST_1 : Operation 32 [1/1] (0.00ns)   --->   "%specinterface_ln0 = specinterface void @_ssdm_op_SpecInterface, i32 %MM_SA_W_1_1, void @empty_21, i32 0, i32 0, void @empty_12, i32 0, i32 0, void @empty_12, void @empty_12, void @empty_12, i32 0, i32 0, i32 0, i32 0, void @empty_12, void @empty_12, i32 4294967295, i32 0"   --->   Operation 32 'specinterface' 'specinterface_ln0' <Predicate = true> <Delay = 0.00>
ST_1 : Operation 33 [1/1] (0.00ns)   --->   "%specinterface_ln0 = specinterface void @_ssdm_op_SpecInterface, i32 %MM_SA_W_1_0, void @empty_21, i32 0, i32 0, void @empty_12, i32 0, i32 0, void @empty_12, void @empty_12, void @empty_12, i32 0, i32 0, i32 0, i32 0, void @empty_12, void @empty_12, i32 4294967295, i32 0"   --->   Operation 33 'specinterface' 'specinterface_ln0' <Predicate = true> <Delay = 0.00>
ST_1 : Operation 34 [1/1] (0.00ns)   --->   "%specinterface_ln0 = specinterface void @_ssdm_op_SpecInterface, i32 %MM_SA_W_0_3, void @empty_21, i32 0, i32 0, void @empty_12, i32 0, i32 0, void @empty_12, void @empty_12, void @empty_12, i32 0, i32 0, i32 0, i32 0, void @empty_12, void @empty_12, i32 4294967295, i32 0"   --->   Operation 34 'specinterface' 'specinterface_ln0' <Predicate = true> <Delay = 0.00>
ST_1 : Operation 35 [1/1] (0.00ns)   --->   "%specinterface_ln0 = specinterface void @_ssdm_op_SpecInterface, i32 %MM_SA_W_0_2, void @empty_21, i32 0, i32 0, void @empty_12, i32 0, i32 0, void @empty_12, void @empty_12, void @empty_12, i32 0, i32 0, i32 0, i32 0, void @empty_12, void @empty_12, i32 4294967295, i32 0"   --->   Operation 35 'specinterface' 'specinterface_ln0' <Predicate = true> <Delay = 0.00>
ST_1 : Operation 36 [1/1] (0.00ns)   --->   "%specinterface_ln0 = specinterface void @_ssdm_op_SpecInterface, i32 %MM_SA_W_0_1, void @empty_21, i32 0, i32 0, void @empty_12, i32 0, i32 0, void @empty_12, void @empty_12, void @empty_12, i32 0, i32 0, i32 0, i32 0, void @empty_12, void @empty_12, i32 4294967295, i32 0"   --->   Operation 36 'specinterface' 'specinterface_ln0' <Predicate = true> <Delay = 0.00>
ST_1 : Operation 37 [1/1] (0.00ns)   --->   "%specinterface_ln0 = specinterface void @_ssdm_op_SpecInterface, i32 %MM_SA_W_0_0, void @empty_21, i32 0, i32 0, void @empty_12, i32 0, i32 0, void @empty_12, void @empty_12, void @empty_12, i32 0, i32 0, i32 0, i32 0, void @empty_12, void @empty_12, i32 4294967295, i32 0"   --->   Operation 37 'specinterface' 'specinterface_ln0' <Predicate = true> <Delay = 0.00>
ST_1 : Operation 38 [1/1] (0.00ns)   --->   "%specinterface_ln0 = specinterface void @_ssdm_op_SpecInterface, i32 %Conv_SA_W_3_3, void @empty_21, i32 0, i32 0, void @empty_12, i32 0, i32 0, void @empty_12, void @empty_12, void @empty_12, i32 0, i32 0, i32 0, i32 0, void @empty_12, void @empty_12, i32 4294967295, i32 0"   --->   Operation 38 'specinterface' 'specinterface_ln0' <Predicate = true> <Delay = 0.00>
ST_1 : Operation 39 [1/1] (0.00ns)   --->   "%specinterface_ln0 = specinterface void @_ssdm_op_SpecInterface, i32 %Conv_SA_W_3_2, void @empty_21, i32 0, i32 0, void @empty_12, i32 0, i32 0, void @empty_12, void @empty_12, void @empty_12, i32 0, i32 0, i32 0, i32 0, void @empty_12, void @empty_12, i32 4294967295, i32 0"   --->   Operation 39 'specinterface' 'specinterface_ln0' <Predicate = true> <Delay = 0.00>
ST_1 : Operation 40 [1/1] (0.00ns)   --->   "%specinterface_ln0 = specinterface void @_ssdm_op_SpecInterface, i32 %Conv_SA_W_3_1, void @empty_21, i32 0, i32 0, void @empty_12, i32 0, i32 0, void @empty_12, void @empty_12, void @empty_12, i32 0, i32 0, i32 0, i32 0, void @empty_12, void @empty_12, i32 4294967295, i32 0"   --->   Operation 40 'specinterface' 'specinterface_ln0' <Predicate = true> <Delay = 0.00>
ST_1 : Operation 41 [1/1] (0.00ns)   --->   "%specinterface_ln0 = specinterface void @_ssdm_op_SpecInterface, i32 %Conv_SA_W_3_0, void @empty_21, i32 0, i32 0, void @empty_12, i32 0, i32 0, void @empty_12, void @empty_12, void @empty_12, i32 0, i32 0, i32 0, i32 0, void @empty_12, void @empty_12, i32 4294967295, i32 0"   --->   Operation 41 'specinterface' 'specinterface_ln0' <Predicate = true> <Delay = 0.00>
ST_1 : Operation 42 [1/1] (0.00ns)   --->   "%specinterface_ln0 = specinterface void @_ssdm_op_SpecInterface, i32 %Conv_SA_W_2_3, void @empty_21, i32 0, i32 0, void @empty_12, i32 0, i32 0, void @empty_12, void @empty_12, void @empty_12, i32 0, i32 0, i32 0, i32 0, void @empty_12, void @empty_12, i32 4294967295, i32 0"   --->   Operation 42 'specinterface' 'specinterface_ln0' <Predicate = true> <Delay = 0.00>
ST_1 : Operation 43 [1/1] (0.00ns)   --->   "%specinterface_ln0 = specinterface void @_ssdm_op_SpecInterface, i32 %Conv_SA_W_2_2, void @empty_21, i32 0, i32 0, void @empty_12, i32 0, i32 0, void @empty_12, void @empty_12, void @empty_12, i32 0, i32 0, i32 0, i32 0, void @empty_12, void @empty_12, i32 4294967295, i32 0"   --->   Operation 43 'specinterface' 'specinterface_ln0' <Predicate = true> <Delay = 0.00>
ST_1 : Operation 44 [1/1] (0.00ns)   --->   "%specinterface_ln0 = specinterface void @_ssdm_op_SpecInterface, i32 %Conv_SA_W_2_1, void @empty_21, i32 0, i32 0, void @empty_12, i32 0, i32 0, void @empty_12, void @empty_12, void @empty_12, i32 0, i32 0, i32 0, i32 0, void @empty_12, void @empty_12, i32 4294967295, i32 0"   --->   Operation 44 'specinterface' 'specinterface_ln0' <Predicate = true> <Delay = 0.00>
ST_1 : Operation 45 [1/1] (0.00ns)   --->   "%specinterface_ln0 = specinterface void @_ssdm_op_SpecInterface, i32 %Conv_SA_W_2_0, void @empty_21, i32 0, i32 0, void @empty_12, i32 0, i32 0, void @empty_12, void @empty_12, void @empty_12, i32 0, i32 0, i32 0, i32 0, void @empty_12, void @empty_12, i32 4294967295, i32 0"   --->   Operation 45 'specinterface' 'specinterface_ln0' <Predicate = true> <Delay = 0.00>
ST_1 : Operation 46 [1/1] (0.00ns)   --->   "%specinterface_ln0 = specinterface void @_ssdm_op_SpecInterface, i32 %Conv_SA_W_1_3, void @empty_21, i32 0, i32 0, void @empty_12, i32 0, i32 0, void @empty_12, void @empty_12, void @empty_12, i32 0, i32 0, i32 0, i32 0, void @empty_12, void @empty_12, i32 4294967295, i32 0"   --->   Operation 46 'specinterface' 'specinterface_ln0' <Predicate = true> <Delay = 0.00>
ST_1 : Operation 47 [1/1] (0.00ns)   --->   "%specinterface_ln0 = specinterface void @_ssdm_op_SpecInterface, i32 %Conv_SA_W_1_2, void @empty_21, i32 0, i32 0, void @empty_12, i32 0, i32 0, void @empty_12, void @empty_12, void @empty_12, i32 0, i32 0, i32 0, i32 0, void @empty_12, void @empty_12, i32 4294967295, i32 0"   --->   Operation 47 'specinterface' 'specinterface_ln0' <Predicate = true> <Delay = 0.00>
ST_1 : Operation 48 [1/1] (0.00ns)   --->   "%specinterface_ln0 = specinterface void @_ssdm_op_SpecInterface, i32 %Conv_SA_W_1_1, void @empty_21, i32 0, i32 0, void @empty_12, i32 0, i32 0, void @empty_12, void @empty_12, void @empty_12, i32 0, i32 0, i32 0, i32 0, void @empty_12, void @empty_12, i32 4294967295, i32 0"   --->   Operation 48 'specinterface' 'specinterface_ln0' <Predicate = true> <Delay = 0.00>
ST_1 : Operation 49 [1/1] (0.00ns)   --->   "%specinterface_ln0 = specinterface void @_ssdm_op_SpecInterface, i32 %Conv_SA_W_1_0, void @empty_21, i32 0, i32 0, void @empty_12, i32 0, i32 0, void @empty_12, void @empty_12, void @empty_12, i32 0, i32 0, i32 0, i32 0, void @empty_12, void @empty_12, i32 4294967295, i32 0"   --->   Operation 49 'specinterface' 'specinterface_ln0' <Predicate = true> <Delay = 0.00>
ST_1 : Operation 50 [1/1] (0.00ns)   --->   "%specinterface_ln0 = specinterface void @_ssdm_op_SpecInterface, i32 %Conv_SA_W_0_3, void @empty_21, i32 0, i32 0, void @empty_12, i32 0, i32 0, void @empty_12, void @empty_12, void @empty_12, i32 0, i32 0, i32 0, i32 0, void @empty_12, void @empty_12, i32 4294967295, i32 0"   --->   Operation 50 'specinterface' 'specinterface_ln0' <Predicate = true> <Delay = 0.00>
ST_1 : Operation 51 [1/1] (0.00ns)   --->   "%specinterface_ln0 = specinterface void @_ssdm_op_SpecInterface, i32 %Conv_SA_W_0_2, void @empty_21, i32 0, i32 0, void @empty_12, i32 0, i32 0, void @empty_12, void @empty_12, void @empty_12, i32 0, i32 0, i32 0, i32 0, void @empty_12, void @empty_12, i32 4294967295, i32 0"   --->   Operation 51 'specinterface' 'specinterface_ln0' <Predicate = true> <Delay = 0.00>
ST_1 : Operation 52 [1/1] (0.00ns)   --->   "%specinterface_ln0 = specinterface void @_ssdm_op_SpecInterface, i32 %Conv_SA_W_0_1, void @empty_21, i32 0, i32 0, void @empty_12, i32 0, i32 0, void @empty_12, void @empty_12, void @empty_12, i32 0, i32 0, i32 0, i32 0, void @empty_12, void @empty_12, i32 4294967295, i32 0"   --->   Operation 52 'specinterface' 'specinterface_ln0' <Predicate = true> <Delay = 0.00>
ST_1 : Operation 53 [1/1] (0.00ns)   --->   "%specinterface_ln0 = specinterface void @_ssdm_op_SpecInterface, i32 %Conv_SA_W_0_0, void @empty_21, i32 0, i32 0, void @empty_12, i32 0, i32 0, void @empty_12, void @empty_12, void @empty_12, i32 0, i32 0, i32 0, i32 0, void @empty_12, void @empty_12, i32 4294967295, i32 0"   --->   Operation 53 'specinterface' 'specinterface_ln0' <Predicate = true> <Delay = 0.00>
ST_1 : Operation 54 [1/1] (0.00ns)   --->   "%mode_read = read i1 @_ssdm_op_Read.ap_auto.i1, i1 %mode" [tools.cpp:304]   --->   Operation 54 'read' 'mode_read' <Predicate = true> <Delay = 0.00>
ST_1 : Operation 55 [1/1] (0.00ns)   --->   "%num_w_sa_read = read i30 @_ssdm_op_Read.ap_auto.i30, i30 %num_w_sa" [tools.cpp:304]   --->   Operation 55 'read' 'num_w_sa_read' <Predicate = true> <Delay = 0.00>
ST_1 : Operation 56 [1/1] (0.36ns)   --->   "%store_ln307 = store i30 0, i30 %i" [tools.cpp:307]   --->   Operation 56 'store' 'store_ln307' <Predicate = true> <Delay = 0.36>
ST_1 : Operation 57 [1/1] (0.00ns)   --->   "%br_ln307 = br void %VITIS_LOOP_311_2" [tools.cpp:307]   --->   Operation 57 'br' 'br_ln307' <Predicate = true> <Delay = 0.00>
ST_1 : Operation 58 [1/1] (0.00ns)   --->   "%i_3 = load i30 %i" [tools.cpp:307]   --->   Operation 58 'load' 'i_3' <Predicate = true> <Delay = 0.00>
ST_1 : Operation 59 [1/1] (0.78ns)   --->   "%icmp_ln307 = icmp_eq  i30 %i_3, i30 %num_w_sa_read" [tools.cpp:307]   --->   Operation 59 'icmp' 'icmp_ln307' <Predicate = true> <Delay = 0.78> <CoreInst = "Cmp">   --->   Core 9 'Cmp' <Latency = 0> <II = 1> <Delay = 0.78> <FuncUnit> <Opcode : 'icmp'> <InPorts = 2> <OutPorts = 1>
ST_1 : Operation 60 [1/1] (0.78ns)   --->   "%i_4 = add i30 %i_3, i30 1" [tools.cpp:307]   --->   Operation 60 'add' 'i_4' <Predicate = true> <Delay = 0.78> <CoreInst = "Adder">   --->   Core 1 'Adder' <Latency = 0> <II = 1> <Delay = 0.78> <FuncUnit> <Opcode : 'add' 'sub'> <InPorts = 2> <OutPorts = 1>
ST_1 : Operation 61 [1/1] (0.00ns)   --->   "%br_ln307 = br i1 %icmp_ln307, void %VITIS_LOOP_311_2.split, void %for.end26.loopexit" [tools.cpp:307]   --->   Operation 61 'br' 'br_ln307' <Predicate = true> <Delay = 0.00>
ST_1 : Operation 62 [1/1] (0.00ns)   --->   "%specpipeline_ln310 = specpipeline void @_ssdm_op_SpecPipeline, i32 1, i32 0, i32 0, i32 0, void @empty_12" [tools.cpp:310]   --->   Operation 62 'specpipeline' 'specpipeline_ln310' <Predicate = (!icmp_ln307)> <Delay = 0.00>
ST_1 : Operation 63 [1/1] (0.00ns)   --->   "%speclooptripcount_ln309 = speclooptripcount void @_ssdm_op_SpecLoopTripCount, i64 2304, i64 2304, i64 2304" [tools.cpp:309]   --->   Operation 63 'speclooptripcount' 'speclooptripcount_ln309' <Predicate = (!icmp_ln307)> <Delay = 0.00>
ST_1 : Operation 64 [1/1] (0.00ns)   --->   "%specloopname_ln307 = specloopname void @_ssdm_op_SpecLoopName, void @empty_14" [tools.cpp:307]   --->   Operation 64 'specloopname' 'specloopname_ln307' <Predicate = (!icmp_ln307)> <Delay = 0.00>
ST_1 : Operation 65 [1/1] (0.00ns)   --->   "%br_ln316 = br i1 %mode_read, void %if.then.3.3, void %if.else.3.3" [tools.cpp:316]   --->   Operation 65 'br' 'br_ln316' <Predicate = (!icmp_ln307)> <Delay = 0.00>
ST_1 : Operation 66 [1/1] (0.36ns)   --->   "%store_ln307 = store i30 %i_4, i30 %i" [tools.cpp:307]   --->   Operation 66 'store' 'store_ln307' <Predicate = (!icmp_ln307)> <Delay = 0.36>
ST_1 : Operation 134 [1/1] (0.00ns)   --->   "%ret_ln324 = ret" [tools.cpp:324]   --->   Operation 134 'ret' 'ret_ln324' <Predicate = (icmp_ln307)> <Delay = 0.00>

State 2 <SV = 1> <Delay = 3.30>
ST_2 : Operation 67 [1/1] (1.47ns)   --->   "%MM_SA_W_0_0_read = read i32 @_ssdm_op_Read.ap_fifo.volatile.i32P0A, i32 %MM_SA_W_0_0" [tools.cpp:317]   --->   Operation 67 'read' 'MM_SA_W_0_0_read' <Predicate = (!icmp_ln307 & !mode_read)> <Delay = 1.47> <CoreInst = "FIFO_SRL">   --->   Core 81 'FIFO_SRL' <Latency = 0> <II = 1> <Delay = 1.47> <Storage> <Opcode : 'read' 'write' 'nbread' 'nbwrite'> <Ports = 0> <Width = 32> <Depth = 32> <FIFO>
ST_2 : Operation 68 [1/1] (1.47ns)   --->   "%MM_SA_W_0_1_read = read i32 @_ssdm_op_Read.ap_fifo.volatile.i32P0A, i32 %MM_SA_W_0_1" [tools.cpp:317]   --->   Operation 68 'read' 'MM_SA_W_0_1_read' <Predicate = (!icmp_ln307 & !mode_read)> <Delay = 1.47> <CoreInst = "FIFO_SRL">   --->   Core 81 'FIFO_SRL' <Latency = 0> <II = 1> <Delay = 1.47> <Storage> <Opcode : 'read' 'write' 'nbread' 'nbwrite'> <Ports = 0> <Width = 32> <Depth = 32> <FIFO>
ST_2 : Operation 69 [1/1] (1.47ns)   --->   "%MM_SA_W_0_2_read = read i32 @_ssdm_op_Read.ap_fifo.volatile.i32P0A, i32 %MM_SA_W_0_2" [tools.cpp:317]   --->   Operation 69 'read' 'MM_SA_W_0_2_read' <Predicate = (!icmp_ln307 & !mode_read)> <Delay = 1.47> <CoreInst = "FIFO_SRL">   --->   Core 81 'FIFO_SRL' <Latency = 0> <II = 1> <Delay = 1.47> <Storage> <Opcode : 'read' 'write' 'nbread' 'nbwrite'> <Ports = 0> <Width = 32> <Depth = 32> <FIFO>
ST_2 : Operation 70 [1/1] (1.47ns)   --->   "%MM_SA_W_0_3_read = read i32 @_ssdm_op_Read.ap_fifo.volatile.i32P0A, i32 %MM_SA_W_0_3" [tools.cpp:317]   --->   Operation 70 'read' 'MM_SA_W_0_3_read' <Predicate = (!icmp_ln307 & !mode_read)> <Delay = 1.47> <CoreInst = "FIFO_SRL">   --->   Core 81 'FIFO_SRL' <Latency = 0> <II = 1> <Delay = 1.47> <Storage> <Opcode : 'read' 'write' 'nbread' 'nbwrite'> <Ports = 0> <Width = 32> <Depth = 32> <FIFO>
ST_2 : Operation 71 [1/1] (1.47ns)   --->   "%MM_SA_W_1_0_read = read i32 @_ssdm_op_Read.ap_fifo.volatile.i32P0A, i32 %MM_SA_W_1_0" [tools.cpp:317]   --->   Operation 71 'read' 'MM_SA_W_1_0_read' <Predicate = (!icmp_ln307 & !mode_read)> <Delay = 1.47> <CoreInst = "FIFO_SRL">   --->   Core 81 'FIFO_SRL' <Latency = 0> <II = 1> <Delay = 1.47> <Storage> <Opcode : 'read' 'write' 'nbread' 'nbwrite'> <Ports = 0> <Width = 32> <Depth = 32> <FIFO>
ST_2 : Operation 72 [1/1] (1.47ns)   --->   "%MM_SA_W_1_1_read = read i32 @_ssdm_op_Read.ap_fifo.volatile.i32P0A, i32 %MM_SA_W_1_1" [tools.cpp:317]   --->   Operation 72 'read' 'MM_SA_W_1_1_read' <Predicate = (!icmp_ln307 & !mode_read)> <Delay = 1.47> <CoreInst = "FIFO_SRL">   --->   Core 81 'FIFO_SRL' <Latency = 0> <II = 1> <Delay = 1.47> <Storage> <Opcode : 'read' 'write' 'nbread' 'nbwrite'> <Ports = 0> <Width = 32> <Depth = 32> <FIFO>
ST_2 : Operation 73 [1/1] (1.47ns)   --->   "%MM_SA_W_1_2_read = read i32 @_ssdm_op_Read.ap_fifo.volatile.i32P0A, i32 %MM_SA_W_1_2" [tools.cpp:317]   --->   Operation 73 'read' 'MM_SA_W_1_2_read' <Predicate = (!icmp_ln307 & !mode_read)> <Delay = 1.47> <CoreInst = "FIFO_SRL">   --->   Core 81 'FIFO_SRL' <Latency = 0> <II = 1> <Delay = 1.47> <Storage> <Opcode : 'read' 'write' 'nbread' 'nbwrite'> <Ports = 0> <Width = 32> <Depth = 32> <FIFO>
ST_2 : Operation 74 [1/1] (1.47ns)   --->   "%MM_SA_W_1_3_read = read i32 @_ssdm_op_Read.ap_fifo.volatile.i32P0A, i32 %MM_SA_W_1_3" [tools.cpp:317]   --->   Operation 74 'read' 'MM_SA_W_1_3_read' <Predicate = (!icmp_ln307 & !mode_read)> <Delay = 1.47> <CoreInst = "FIFO_SRL">   --->   Core 81 'FIFO_SRL' <Latency = 0> <II = 1> <Delay = 1.47> <Storage> <Opcode : 'read' 'write' 'nbread' 'nbwrite'> <Ports = 0> <Width = 32> <Depth = 32> <FIFO>
ST_2 : Operation 75 [1/1] (1.47ns)   --->   "%MM_SA_W_2_0_read = read i32 @_ssdm_op_Read.ap_fifo.volatile.i32P0A, i32 %MM_SA_W_2_0" [tools.cpp:317]   --->   Operation 75 'read' 'MM_SA_W_2_0_read' <Predicate = (!icmp_ln307 & !mode_read)> <Delay = 1.47> <CoreInst = "FIFO_SRL">   --->   Core 81 'FIFO_SRL' <Latency = 0> <II = 1> <Delay = 1.47> <Storage> <Opcode : 'read' 'write' 'nbread' 'nbwrite'> <Ports = 0> <Width = 32> <Depth = 32> <FIFO>
ST_2 : Operation 76 [1/1] (1.47ns)   --->   "%MM_SA_W_2_1_read = read i32 @_ssdm_op_Read.ap_fifo.volatile.i32P0A, i32 %MM_SA_W_2_1" [tools.cpp:317]   --->   Operation 76 'read' 'MM_SA_W_2_1_read' <Predicate = (!icmp_ln307 & !mode_read)> <Delay = 1.47> <CoreInst = "FIFO_SRL">   --->   Core 81 'FIFO_SRL' <Latency = 0> <II = 1> <Delay = 1.47> <Storage> <Opcode : 'read' 'write' 'nbread' 'nbwrite'> <Ports = 0> <Width = 32> <Depth = 32> <FIFO>
ST_2 : Operation 77 [1/1] (1.47ns)   --->   "%MM_SA_W_2_2_read = read i32 @_ssdm_op_Read.ap_fifo.volatile.i32P0A, i32 %MM_SA_W_2_2" [tools.cpp:317]   --->   Operation 77 'read' 'MM_SA_W_2_2_read' <Predicate = (!icmp_ln307 & !mode_read)> <Delay = 1.47> <CoreInst = "FIFO_SRL">   --->   Core 81 'FIFO_SRL' <Latency = 0> <II = 1> <Delay = 1.47> <Storage> <Opcode : 'read' 'write' 'nbread' 'nbwrite'> <Ports = 0> <Width = 32> <Depth = 32> <FIFO>
ST_2 : Operation 78 [1/1] (1.47ns)   --->   "%MM_SA_W_2_3_read = read i32 @_ssdm_op_Read.ap_fifo.volatile.i32P0A, i32 %MM_SA_W_2_3" [tools.cpp:317]   --->   Operation 78 'read' 'MM_SA_W_2_3_read' <Predicate = (!icmp_ln307 & !mode_read)> <Delay = 1.47> <CoreInst = "FIFO_SRL">   --->   Core 81 'FIFO_SRL' <Latency = 0> <II = 1> <Delay = 1.47> <Storage> <Opcode : 'read' 'write' 'nbread' 'nbwrite'> <Ports = 0> <Width = 32> <Depth = 32> <FIFO>
ST_2 : Operation 79 [1/1] (1.47ns)   --->   "%MM_SA_W_3_0_read = read i32 @_ssdm_op_Read.ap_fifo.volatile.i32P0A, i32 %MM_SA_W_3_0" [tools.cpp:317]   --->   Operation 79 'read' 'MM_SA_W_3_0_read' <Predicate = (!icmp_ln307 & !mode_read)> <Delay = 1.47> <CoreInst = "FIFO_SRL">   --->   Core 81 'FIFO_SRL' <Latency = 0> <II = 1> <Delay = 1.47> <Storage> <Opcode : 'read' 'write' 'nbread' 'nbwrite'> <Ports = 0> <Width = 32> <Depth = 32> <FIFO>
ST_2 : Operation 80 [1/1] (1.47ns)   --->   "%MM_SA_W_3_1_read = read i32 @_ssdm_op_Read.ap_fifo.volatile.i32P0A, i32 %MM_SA_W_3_1" [tools.cpp:317]   --->   Operation 80 'read' 'MM_SA_W_3_1_read' <Predicate = (!icmp_ln307 & !mode_read)> <Delay = 1.47> <CoreInst = "FIFO_SRL">   --->   Core 81 'FIFO_SRL' <Latency = 0> <II = 1> <Delay = 1.47> <Storage> <Opcode : 'read' 'write' 'nbread' 'nbwrite'> <Ports = 0> <Width = 32> <Depth = 32> <FIFO>
ST_2 : Operation 81 [1/1] (1.47ns)   --->   "%MM_SA_W_3_2_read = read i32 @_ssdm_op_Read.ap_fifo.volatile.i32P0A, i32 %MM_SA_W_3_2" [tools.cpp:317]   --->   Operation 81 'read' 'MM_SA_W_3_2_read' <Predicate = (!icmp_ln307 & !mode_read)> <Delay = 1.47> <CoreInst = "FIFO_SRL">   --->   Core 81 'FIFO_SRL' <Latency = 0> <II = 1> <Delay = 1.47> <Storage> <Opcode : 'read' 'write' 'nbread' 'nbwrite'> <Ports = 0> <Width = 32> <Depth = 32> <FIFO>
ST_2 : Operation 82 [1/1] (1.47ns)   --->   "%MM_SA_W_3_3_read = read i32 @_ssdm_op_Read.ap_fifo.volatile.i32P0A, i32 %MM_SA_W_3_3" [tools.cpp:317]   --->   Operation 82 'read' 'MM_SA_W_3_3_read' <Predicate = (!icmp_ln307 & !mode_read)> <Delay = 1.47> <CoreInst = "FIFO_SRL">   --->   Core 81 'FIFO_SRL' <Latency = 0> <II = 1> <Delay = 1.47> <Storage> <Opcode : 'read' 'write' 'nbread' 'nbwrite'> <Ports = 0> <Width = 32> <Depth = 32> <FIFO>
ST_2 : Operation 83 [1/1] (0.36ns)   --->   "%br_ln317 = br void %for.inc.3.3" [tools.cpp:317]   --->   Operation 83 'br' 'br_ln317' <Predicate = (!icmp_ln307 & !mode_read)> <Delay = 0.36>
ST_2 : Operation 84 [1/1] (1.47ns)   --->   "%Conv_SA_W_0_0_read = read i32 @_ssdm_op_Read.ap_fifo.volatile.i32P0A, i32 %Conv_SA_W_0_0" [tools.cpp:319]   --->   Operation 84 'read' 'Conv_SA_W_0_0_read' <Predicate = (!icmp_ln307 & mode_read)> <Delay = 1.47> <CoreInst = "FIFO_SRL">   --->   Core 81 'FIFO_SRL' <Latency = 0> <II = 1> <Delay = 1.47> <Storage> <Opcode : 'read' 'write' 'nbread' 'nbwrite'> <Ports = 0> <Width = 32> <Depth = 32> <FIFO>
ST_2 : Operation 85 [1/1] (1.47ns)   --->   "%Conv_SA_W_0_1_read = read i32 @_ssdm_op_Read.ap_fifo.volatile.i32P0A, i32 %Conv_SA_W_0_1" [tools.cpp:319]   --->   Operation 85 'read' 'Conv_SA_W_0_1_read' <Predicate = (!icmp_ln307 & mode_read)> <Delay = 1.47> <CoreInst = "FIFO_SRL">   --->   Core 81 'FIFO_SRL' <Latency = 0> <II = 1> <Delay = 1.47> <Storage> <Opcode : 'read' 'write' 'nbread' 'nbwrite'> <Ports = 0> <Width = 32> <Depth = 32> <FIFO>
ST_2 : Operation 86 [1/1] (1.47ns)   --->   "%Conv_SA_W_0_2_read = read i32 @_ssdm_op_Read.ap_fifo.volatile.i32P0A, i32 %Conv_SA_W_0_2" [tools.cpp:319]   --->   Operation 86 'read' 'Conv_SA_W_0_2_read' <Predicate = (!icmp_ln307 & mode_read)> <Delay = 1.47> <CoreInst = "FIFO_SRL">   --->   Core 81 'FIFO_SRL' <Latency = 0> <II = 1> <Delay = 1.47> <Storage> <Opcode : 'read' 'write' 'nbread' 'nbwrite'> <Ports = 0> <Width = 32> <Depth = 32> <FIFO>
ST_2 : Operation 87 [1/1] (1.47ns)   --->   "%Conv_SA_W_0_3_read = read i32 @_ssdm_op_Read.ap_fifo.volatile.i32P0A, i32 %Conv_SA_W_0_3" [tools.cpp:319]   --->   Operation 87 'read' 'Conv_SA_W_0_3_read' <Predicate = (!icmp_ln307 & mode_read)> <Delay = 1.47> <CoreInst = "FIFO_SRL">   --->   Core 81 'FIFO_SRL' <Latency = 0> <II = 1> <Delay = 1.47> <Storage> <Opcode : 'read' 'write' 'nbread' 'nbwrite'> <Ports = 0> <Width = 32> <Depth = 32> <FIFO>
ST_2 : Operation 88 [1/1] (1.47ns)   --->   "%Conv_SA_W_1_0_read = read i32 @_ssdm_op_Read.ap_fifo.volatile.i32P0A, i32 %Conv_SA_W_1_0" [tools.cpp:319]   --->   Operation 88 'read' 'Conv_SA_W_1_0_read' <Predicate = (!icmp_ln307 & mode_read)> <Delay = 1.47> <CoreInst = "FIFO_SRL">   --->   Core 81 'FIFO_SRL' <Latency = 0> <II = 1> <Delay = 1.47> <Storage> <Opcode : 'read' 'write' 'nbread' 'nbwrite'> <Ports = 0> <Width = 32> <Depth = 32> <FIFO>
ST_2 : Operation 89 [1/1] (1.47ns)   --->   "%Conv_SA_W_1_1_read = read i32 @_ssdm_op_Read.ap_fifo.volatile.i32P0A, i32 %Conv_SA_W_1_1" [tools.cpp:319]   --->   Operation 89 'read' 'Conv_SA_W_1_1_read' <Predicate = (!icmp_ln307 & mode_read)> <Delay = 1.47> <CoreInst = "FIFO_SRL">   --->   Core 81 'FIFO_SRL' <Latency = 0> <II = 1> <Delay = 1.47> <Storage> <Opcode : 'read' 'write' 'nbread' 'nbwrite'> <Ports = 0> <Width = 32> <Depth = 32> <FIFO>
ST_2 : Operation 90 [1/1] (1.47ns)   --->   "%Conv_SA_W_1_2_read = read i32 @_ssdm_op_Read.ap_fifo.volatile.i32P0A, i32 %Conv_SA_W_1_2" [tools.cpp:319]   --->   Operation 90 'read' 'Conv_SA_W_1_2_read' <Predicate = (!icmp_ln307 & mode_read)> <Delay = 1.47> <CoreInst = "FIFO_SRL">   --->   Core 81 'FIFO_SRL' <Latency = 0> <II = 1> <Delay = 1.47> <Storage> <Opcode : 'read' 'write' 'nbread' 'nbwrite'> <Ports = 0> <Width = 32> <Depth = 32> <FIFO>
ST_2 : Operation 91 [1/1] (1.47ns)   --->   "%Conv_SA_W_1_3_read = read i32 @_ssdm_op_Read.ap_fifo.volatile.i32P0A, i32 %Conv_SA_W_1_3" [tools.cpp:319]   --->   Operation 91 'read' 'Conv_SA_W_1_3_read' <Predicate = (!icmp_ln307 & mode_read)> <Delay = 1.47> <CoreInst = "FIFO_SRL">   --->   Core 81 'FIFO_SRL' <Latency = 0> <II = 1> <Delay = 1.47> <Storage> <Opcode : 'read' 'write' 'nbread' 'nbwrite'> <Ports = 0> <Width = 32> <Depth = 32> <FIFO>
ST_2 : Operation 92 [1/1] (1.47ns)   --->   "%Conv_SA_W_2_0_read = read i32 @_ssdm_op_Read.ap_fifo.volatile.i32P0A, i32 %Conv_SA_W_2_0" [tools.cpp:319]   --->   Operation 92 'read' 'Conv_SA_W_2_0_read' <Predicate = (!icmp_ln307 & mode_read)> <Delay = 1.47> <CoreInst = "FIFO_SRL">   --->   Core 81 'FIFO_SRL' <Latency = 0> <II = 1> <Delay = 1.47> <Storage> <Opcode : 'read' 'write' 'nbread' 'nbwrite'> <Ports = 0> <Width = 32> <Depth = 32> <FIFO>
ST_2 : Operation 93 [1/1] (1.47ns)   --->   "%Conv_SA_W_2_1_read = read i32 @_ssdm_op_Read.ap_fifo.volatile.i32P0A, i32 %Conv_SA_W_2_1" [tools.cpp:319]   --->   Operation 93 'read' 'Conv_SA_W_2_1_read' <Predicate = (!icmp_ln307 & mode_read)> <Delay = 1.47> <CoreInst = "FIFO_SRL">   --->   Core 81 'FIFO_SRL' <Latency = 0> <II = 1> <Delay = 1.47> <Storage> <Opcode : 'read' 'write' 'nbread' 'nbwrite'> <Ports = 0> <Width = 32> <Depth = 32> <FIFO>
ST_2 : Operation 94 [1/1] (1.47ns)   --->   "%Conv_SA_W_2_2_read = read i32 @_ssdm_op_Read.ap_fifo.volatile.i32P0A, i32 %Conv_SA_W_2_2" [tools.cpp:319]   --->   Operation 94 'read' 'Conv_SA_W_2_2_read' <Predicate = (!icmp_ln307 & mode_read)> <Delay = 1.47> <CoreInst = "FIFO_SRL">   --->   Core 81 'FIFO_SRL' <Latency = 0> <II = 1> <Delay = 1.47> <Storage> <Opcode : 'read' 'write' 'nbread' 'nbwrite'> <Ports = 0> <Width = 32> <Depth = 32> <FIFO>
ST_2 : Operation 95 [1/1] (1.47ns)   --->   "%Conv_SA_W_2_3_read = read i32 @_ssdm_op_Read.ap_fifo.volatile.i32P0A, i32 %Conv_SA_W_2_3" [tools.cpp:319]   --->   Operation 95 'read' 'Conv_SA_W_2_3_read' <Predicate = (!icmp_ln307 & mode_read)> <Delay = 1.47> <CoreInst = "FIFO_SRL">   --->   Core 81 'FIFO_SRL' <Latency = 0> <II = 1> <Delay = 1.47> <Storage> <Opcode : 'read' 'write' 'nbread' 'nbwrite'> <Ports = 0> <Width = 32> <Depth = 32> <FIFO>
ST_2 : Operation 96 [1/1] (1.47ns)   --->   "%Conv_SA_W_3_0_read = read i32 @_ssdm_op_Read.ap_fifo.volatile.i32P0A, i32 %Conv_SA_W_3_0" [tools.cpp:319]   --->   Operation 96 'read' 'Conv_SA_W_3_0_read' <Predicate = (!icmp_ln307 & mode_read)> <Delay = 1.47> <CoreInst = "FIFO_SRL">   --->   Core 81 'FIFO_SRL' <Latency = 0> <II = 1> <Delay = 1.47> <Storage> <Opcode : 'read' 'write' 'nbread' 'nbwrite'> <Ports = 0> <Width = 32> <Depth = 32> <FIFO>
ST_2 : Operation 97 [1/1] (1.47ns)   --->   "%Conv_SA_W_3_1_read = read i32 @_ssdm_op_Read.ap_fifo.volatile.i32P0A, i32 %Conv_SA_W_3_1" [tools.cpp:319]   --->   Operation 97 'read' 'Conv_SA_W_3_1_read' <Predicate = (!icmp_ln307 & mode_read)> <Delay = 1.47> <CoreInst = "FIFO_SRL">   --->   Core 81 'FIFO_SRL' <Latency = 0> <II = 1> <Delay = 1.47> <Storage> <Opcode : 'read' 'write' 'nbread' 'nbwrite'> <Ports = 0> <Width = 32> <Depth = 32> <FIFO>
ST_2 : Operation 98 [1/1] (1.47ns)   --->   "%Conv_SA_W_3_2_read = read i32 @_ssdm_op_Read.ap_fifo.volatile.i32P0A, i32 %Conv_SA_W_3_2" [tools.cpp:319]   --->   Operation 98 'read' 'Conv_SA_W_3_2_read' <Predicate = (!icmp_ln307 & mode_read)> <Delay = 1.47> <CoreInst = "FIFO_SRL">   --->   Core 81 'FIFO_SRL' <Latency = 0> <II = 1> <Delay = 1.47> <Storage> <Opcode : 'read' 'write' 'nbread' 'nbwrite'> <Ports = 0> <Width = 32> <Depth = 32> <FIFO>
ST_2 : Operation 99 [1/1] (1.47ns)   --->   "%Conv_SA_W_3_3_read = read i32 @_ssdm_op_Read.ap_fifo.volatile.i32P0A, i32 %Conv_SA_W_3_3" [tools.cpp:319]   --->   Operation 99 'read' 'Conv_SA_W_3_3_read' <Predicate = (!icmp_ln307 & mode_read)> <Delay = 1.47> <CoreInst = "FIFO_SRL">   --->   Core 81 'FIFO_SRL' <Latency = 0> <II = 1> <Delay = 1.47> <Storage> <Opcode : 'read' 'write' 'nbread' 'nbwrite'> <Ports = 0> <Width = 32> <Depth = 32> <FIFO>
ST_2 : Operation 100 [1/1] (0.36ns)   --->   "%br_ln0 = br void %for.inc.3.3"   --->   Operation 100 'br' 'br_ln0' <Predicate = (!icmp_ln307 & mode_read)> <Delay = 0.36>
ST_2 : Operation 101 [1/1] (0.00ns)   --->   "%temp_0_335109 = phi i32 %MM_SA_W_0_3_read, void %if.then.3.3, i32 %Conv_SA_W_0_3_read, void %if.else.3.3" [tools.cpp:317]   --->   Operation 101 'phi' 'temp_0_335109' <Predicate = true> <Delay = 0.00>
ST_2 : Operation 102 [1/1] (0.00ns)   --->   "%temp_0_1139597107 = phi i32 %MM_SA_W_0_1_read, void %if.then.3.3, i32 %Conv_SA_W_0_1_read, void %if.else.3.3" [tools.cpp:317]   --->   Operation 102 'phi' 'temp_0_1139597107' <Predicate = true> <Delay = 0.00>
ST_2 : Operation 103 [1/1] (0.00ns)   --->   "%temp_0399399105 = phi i32 %MM_SA_W_0_0_read, void %if.then.3.3, i32 %Conv_SA_W_0_0_read, void %if.else.3.3" [tools.cpp:317]   --->   Operation 103 'phi' 'temp_0399399105' <Predicate = true> <Delay = 0.00>
ST_2 : Operation 104 [1/1] (0.00ns)   --->   "%temp_0_224101103 = phi i32 %MM_SA_W_0_2_read, void %if.then.3.3, i32 %Conv_SA_W_0_2_read, void %if.else.3.3" [tools.cpp:317]   --->   Operation 104 'phi' 'temp_0_224101103' <Predicate = true> <Delay = 0.00>
ST_2 : Operation 105 [1/1] (0.00ns)   --->   "%temp_0_1_391 = phi i32 %MM_SA_W_1_3_read, void %if.then.3.3, i32 %Conv_SA_W_1_3_read, void %if.else.3.3" [tools.cpp:317]   --->   Operation 105 'phi' 'temp_0_1_391' <Predicate = true> <Delay = 0.00>
ST_2 : Operation 106 [1/1] (0.00ns)   --->   "%temp_0_1_1777989 = phi i32 %MM_SA_W_1_1_read, void %if.then.3.3, i32 %Conv_SA_W_1_1_read, void %if.else.3.3" [tools.cpp:317]   --->   Operation 106 'phi' 'temp_0_1_1777989' <Predicate = true> <Delay = 0.00>
ST_2 : Operation 107 [1/1] (0.00ns)   --->   "%temp_0_141758187 = phi i32 %MM_SA_W_1_0_read, void %if.then.3.3, i32 %Conv_SA_W_1_0_read, void %if.else.3.3" [tools.cpp:317]   --->   Operation 107 'phi' 'temp_0_141758187' <Predicate = true> <Delay = 0.00>
ST_2 : Operation 108 [1/1] (0.00ns)   --->   "%temp_0_1_28385 = phi i32 %MM_SA_W_1_2_read, void %if.then.3.3, i32 %Conv_SA_W_1_2_read, void %if.else.3.3" [tools.cpp:317]   --->   Operation 108 'phi' 'temp_0_1_28385' <Predicate = true> <Delay = 0.00>
ST_2 : Operation 109 [1/1] (0.00ns)   --->   "%temp_0_2_373 = phi i32 %MM_SA_W_2_3_read, void %if.then.3.3, i32 %Conv_SA_W_2_3_read, void %if.else.3.3" [tools.cpp:317]   --->   Operation 109 'phi' 'temp_0_2_373' <Predicate = true> <Delay = 0.00>
ST_2 : Operation 110 [1/1] (0.00ns)   --->   "%temp_0_2_1596171 = phi i32 %MM_SA_W_2_1_read, void %if.then.3.3, i32 %Conv_SA_W_2_1_read, void %if.else.3.3" [tools.cpp:317]   --->   Operation 110 'phi' 'temp_0_2_1596171' <Predicate = true> <Delay = 0.00>
ST_2 : Operation 111 [1/1] (0.00ns)   --->   "%temp_0_243576369 = phi i32 %MM_SA_W_2_0_read, void %if.then.3.3, i32 %Conv_SA_W_2_0_read, void %if.else.3.3" [tools.cpp:317]   --->   Operation 111 'phi' 'temp_0_243576369' <Predicate = true> <Delay = 0.00>
ST_2 : Operation 112 [1/1] (0.00ns)   --->   "%temp_0_2_26567 = phi i32 %MM_SA_W_2_2_read, void %if.then.3.3, i32 %Conv_SA_W_2_2_read, void %if.else.3.3" [tools.cpp:317]   --->   Operation 112 'phi' 'temp_0_2_26567' <Predicate = true> <Delay = 0.00>
ST_2 : Operation 113 [1/1] (0.00ns)   --->   "%temp_0_3_255 = phi i32 %MM_SA_W_3_2_read, void %if.then.3.3, i32 %Conv_SA_W_3_2_read, void %if.else.3.3" [tools.cpp:317]   --->   Operation 113 'phi' 'temp_0_3_255' <Predicate = true> <Delay = 0.00>
ST_2 : Operation 114 [1/1] (0.00ns)   --->   "%temp_0_3454753 = phi i32 %MM_SA_W_3_0_read, void %if.then.3.3, i32 %Conv_SA_W_3_0_read, void %if.else.3.3" [tools.cpp:317]   --->   Operation 114 'phi' 'temp_0_3454753' <Predicate = true> <Delay = 0.00>
ST_2 : Operation 115 [1/1] (0.00ns)   --->   "%temp_0_3_14951 = phi i32 %MM_SA_W_3_1_read, void %if.then.3.3, i32 %Conv_SA_W_3_1_read, void %if.else.3.3" [tools.cpp:317]   --->   Operation 115 'phi' 'temp_0_3_14951' <Predicate = true> <Delay = 0.00>
ST_2 : Operation 116 [1/1] (0.00ns)   --->   "%temp = phi i32 %MM_SA_W_3_3_read, void %if.then.3.3, i32 %Conv_SA_W_3_3_read, void %if.else.3.3" [tools.cpp:317]   --->   Operation 116 'phi' 'temp' <Predicate = true> <Delay = 0.00>
ST_2 : Operation 117 [1/1] (1.47ns)   --->   "%write_ln320 = write void @_ssdm_op_Write.ap_fifo.volatile.i32P0A, i32 %fifo_SA_W_0_0, i32 %temp_0399399105" [tools.cpp:320]   --->   Operation 117 'write' 'write_ln320' <Predicate = true> <Delay = 1.47> <CoreInst = "FIFO_SRL">   --->   Core 81 'FIFO_SRL' <Latency = 0> <II = 1> <Delay = 1.47> <Storage> <Opcode : 'read' 'write' 'nbread' 'nbwrite'> <Ports = 0> <Width = 32> <Depth = 32> <FIFO>
ST_2 : Operation 118 [1/1] (1.47ns)   --->   "%write_ln320 = write void @_ssdm_op_Write.ap_fifo.volatile.i32P0A, i32 %fifo_SA_W_0_1, i32 %temp_0_1139597107" [tools.cpp:320]   --->   Operation 118 'write' 'write_ln320' <Predicate = true> <Delay = 1.47> <CoreInst = "FIFO_SRL">   --->   Core 81 'FIFO_SRL' <Latency = 0> <II = 1> <Delay = 1.47> <Storage> <Opcode : 'read' 'write' 'nbread' 'nbwrite'> <Ports = 0> <Width = 32> <Depth = 32> <FIFO>
ST_2 : Operation 119 [1/1] (1.47ns)   --->   "%write_ln320 = write void @_ssdm_op_Write.ap_fifo.volatile.i32P0A, i32 %fifo_SA_W_0_2, i32 %temp_0_224101103" [tools.cpp:320]   --->   Operation 119 'write' 'write_ln320' <Predicate = true> <Delay = 1.47> <CoreInst = "FIFO_SRL">   --->   Core 81 'FIFO_SRL' <Latency = 0> <II = 1> <Delay = 1.47> <Storage> <Opcode : 'read' 'write' 'nbread' 'nbwrite'> <Ports = 0> <Width = 32> <Depth = 32> <FIFO>
ST_2 : Operation 120 [1/1] (1.47ns)   --->   "%write_ln320 = write void @_ssdm_op_Write.ap_fifo.volatile.i32P0A, i32 %fifo_SA_W_0_3, i32 %temp_0_335109" [tools.cpp:320]   --->   Operation 120 'write' 'write_ln320' <Predicate = true> <Delay = 1.47> <CoreInst = "FIFO_SRL">   --->   Core 81 'FIFO_SRL' <Latency = 0> <II = 1> <Delay = 1.47> <Storage> <Opcode : 'read' 'write' 'nbread' 'nbwrite'> <Ports = 0> <Width = 32> <Depth = 32> <FIFO>
ST_2 : Operation 121 [1/1] (1.47ns)   --->   "%write_ln320 = write void @_ssdm_op_Write.ap_fifo.volatile.i32P0A, i32 %fifo_SA_W_1_0, i32 %temp_0_141758187" [tools.cpp:320]   --->   Operation 121 'write' 'write_ln320' <Predicate = true> <Delay = 1.47> <CoreInst = "FIFO_SRL">   --->   Core 81 'FIFO_SRL' <Latency = 0> <II = 1> <Delay = 1.47> <Storage> <Opcode : 'read' 'write' 'nbread' 'nbwrite'> <Ports = 0> <Width = 32> <Depth = 32> <FIFO>
ST_2 : Operation 122 [1/1] (1.47ns)   --->   "%write_ln320 = write void @_ssdm_op_Write.ap_fifo.volatile.i32P0A, i32 %fifo_SA_W_1_1, i32 %temp_0_1_1777989" [tools.cpp:320]   --->   Operation 122 'write' 'write_ln320' <Predicate = true> <Delay = 1.47> <CoreInst = "FIFO_SRL">   --->   Core 81 'FIFO_SRL' <Latency = 0> <II = 1> <Delay = 1.47> <Storage> <Opcode : 'read' 'write' 'nbread' 'nbwrite'> <Ports = 0> <Width = 32> <Depth = 32> <FIFO>
ST_2 : Operation 123 [1/1] (1.47ns)   --->   "%write_ln320 = write void @_ssdm_op_Write.ap_fifo.volatile.i32P0A, i32 %fifo_SA_W_1_2, i32 %temp_0_1_28385" [tools.cpp:320]   --->   Operation 123 'write' 'write_ln320' <Predicate = true> <Delay = 1.47> <CoreInst = "FIFO_SRL">   --->   Core 81 'FIFO_SRL' <Latency = 0> <II = 1> <Delay = 1.47> <Storage> <Opcode : 'read' 'write' 'nbread' 'nbwrite'> <Ports = 0> <Width = 32> <Depth = 32> <FIFO>
ST_2 : Operation 124 [1/1] (1.47ns)   --->   "%write_ln320 = write void @_ssdm_op_Write.ap_fifo.volatile.i32P0A, i32 %fifo_SA_W_1_3, i32 %temp_0_1_391" [tools.cpp:320]   --->   Operation 124 'write' 'write_ln320' <Predicate = true> <Delay = 1.47> <CoreInst = "FIFO_SRL">   --->   Core 81 'FIFO_SRL' <Latency = 0> <II = 1> <Delay = 1.47> <Storage> <Opcode : 'read' 'write' 'nbread' 'nbwrite'> <Ports = 0> <Width = 32> <Depth = 32> <FIFO>
ST_2 : Operation 125 [1/1] (1.47ns)   --->   "%write_ln320 = write void @_ssdm_op_Write.ap_fifo.volatile.i32P0A, i32 %fifo_SA_W_2_0, i32 %temp_0_243576369" [tools.cpp:320]   --->   Operation 125 'write' 'write_ln320' <Predicate = true> <Delay = 1.47> <CoreInst = "FIFO_SRL">   --->   Core 81 'FIFO_SRL' <Latency = 0> <II = 1> <Delay = 1.47> <Storage> <Opcode : 'read' 'write' 'nbread' 'nbwrite'> <Ports = 0> <Width = 32> <Depth = 32> <FIFO>
ST_2 : Operation 126 [1/1] (1.47ns)   --->   "%write_ln320 = write void @_ssdm_op_Write.ap_fifo.volatile.i32P0A, i32 %fifo_SA_W_2_1, i32 %temp_0_2_1596171" [tools.cpp:320]   --->   Operation 126 'write' 'write_ln320' <Predicate = true> <Delay = 1.47> <CoreInst = "FIFO_SRL">   --->   Core 81 'FIFO_SRL' <Latency = 0> <II = 1> <Delay = 1.47> <Storage> <Opcode : 'read' 'write' 'nbread' 'nbwrite'> <Ports = 0> <Width = 32> <Depth = 32> <FIFO>
ST_2 : Operation 127 [1/1] (1.47ns)   --->   "%write_ln320 = write void @_ssdm_op_Write.ap_fifo.volatile.i32P0A, i32 %fifo_SA_W_2_2, i32 %temp_0_2_26567" [tools.cpp:320]   --->   Operation 127 'write' 'write_ln320' <Predicate = true> <Delay = 1.47> <CoreInst = "FIFO_SRL">   --->   Core 81 'FIFO_SRL' <Latency = 0> <II = 1> <Delay = 1.47> <Storage> <Opcode : 'read' 'write' 'nbread' 'nbwrite'> <Ports = 0> <Width = 32> <Depth = 32> <FIFO>
ST_2 : Operation 128 [1/1] (1.47ns)   --->   "%write_ln320 = write void @_ssdm_op_Write.ap_fifo.volatile.i32P0A, i32 %fifo_SA_W_2_3, i32 %temp_0_2_373" [tools.cpp:320]   --->   Operation 128 'write' 'write_ln320' <Predicate = true> <Delay = 1.47> <CoreInst = "FIFO_SRL">   --->   Core 81 'FIFO_SRL' <Latency = 0> <II = 1> <Delay = 1.47> <Storage> <Opcode : 'read' 'write' 'nbread' 'nbwrite'> <Ports = 0> <Width = 32> <Depth = 32> <FIFO>
ST_2 : Operation 129 [1/1] (1.47ns)   --->   "%write_ln320 = write void @_ssdm_op_Write.ap_fifo.volatile.i32P0A, i32 %fifo_SA_W_3_0, i32 %temp_0_3454753" [tools.cpp:320]   --->   Operation 129 'write' 'write_ln320' <Predicate = true> <Delay = 1.47> <CoreInst = "FIFO_SRL">   --->   Core 81 'FIFO_SRL' <Latency = 0> <II = 1> <Delay = 1.47> <Storage> <Opcode : 'read' 'write' 'nbread' 'nbwrite'> <Ports = 0> <Width = 32> <Depth = 32> <FIFO>
ST_2 : Operation 130 [1/1] (1.47ns)   --->   "%write_ln320 = write void @_ssdm_op_Write.ap_fifo.volatile.i32P0A, i32 %fifo_SA_W_3_1, i32 %temp_0_3_14951" [tools.cpp:320]   --->   Operation 130 'write' 'write_ln320' <Predicate = true> <Delay = 1.47> <CoreInst = "FIFO_SRL">   --->   Core 81 'FIFO_SRL' <Latency = 0> <II = 1> <Delay = 1.47> <Storage> <Opcode : 'read' 'write' 'nbread' 'nbwrite'> <Ports = 0> <Width = 32> <Depth = 32> <FIFO>
ST_2 : Operation 131 [1/1] (1.47ns)   --->   "%write_ln320 = write void @_ssdm_op_Write.ap_fifo.volatile.i32P0A, i32 %fifo_SA_W_3_2, i32 %temp_0_3_255" [tools.cpp:320]   --->   Operation 131 'write' 'write_ln320' <Predicate = true> <Delay = 1.47> <CoreInst = "FIFO_SRL">   --->   Core 81 'FIFO_SRL' <Latency = 0> <II = 1> <Delay = 1.47> <Storage> <Opcode : 'read' 'write' 'nbread' 'nbwrite'> <Ports = 0> <Width = 32> <Depth = 32> <FIFO>
ST_2 : Operation 132 [1/1] (1.47ns)   --->   "%write_ln320 = write void @_ssdm_op_Write.ap_fifo.volatile.i32P0A, i32 %fifo_SA_W_3_3, i32 %temp" [tools.cpp:320]   --->   Operation 132 'write' 'write_ln320' <Predicate = true> <Delay = 1.47> <CoreInst = "FIFO_SRL">   --->   Core 81 'FIFO_SRL' <Latency = 0> <II = 1> <Delay = 1.47> <Storage> <Opcode : 'read' 'write' 'nbread' 'nbwrite'> <Ports = 0> <Width = 32> <Depth = 32> <FIFO>
ST_2 : Operation 133 [1/1] (0.00ns)   --->   "%br_ln307 = br void %VITIS_LOOP_311_2" [tools.cpp:307]   --->   Operation 133 'br' 'br_ln307' <Predicate = true> <Delay = 0.00>


============================================================
+ Verbose Summary: Timing violations
============================================================
Target clock period: 10.000ns, clock uncertainty: 2.700ns.

 <State 1>: 1.508ns
The critical path consists of the following:
	'store' operation 0 bit ('store_ln307', tools.cpp:307) of constant 0 on local variable 'i', tools.cpp:307 [102]  (0.362 ns)
	'load' operation 30 bit ('i', tools.cpp:307) on local variable 'i', tools.cpp:307 [105]  (0.000 ns)
	'add' operation 30 bit ('i', tools.cpp:307) [107]  (0.784 ns)
	'store' operation 0 bit ('store_ln307', tools.cpp:307) of variable 'i', tools.cpp:307 on local variable 'i', tools.cpp:307 [183]  (0.362 ns)

 <State 2>: 3.304ns
The critical path consists of the following:
	fifo read operation ('MM_SA_W_0_0_read', tools.cpp:317) on port 'MM_SA_W_0_0' (tools.cpp:317) [115]  (1.471 ns)
	multiplexor before 'phi' operation 32 bit ('temp_0399399105', tools.cpp:317) with incoming values : ('MM_SA_W_0_0_read', tools.cpp:317) ('Conv_SA_W_0_0_read', tools.cpp:319) [153]  (0.362 ns)
	'phi' operation 32 bit ('temp_0399399105', tools.cpp:317) with incoming values : ('MM_SA_W_0_0_read', tools.cpp:317) ('Conv_SA_W_0_0_read', tools.cpp:319) [153]  (0.000 ns)
	fifo write operation ('write_ln320', tools.cpp:320) on port 'fifo_SA_W_0_0' (tools.cpp:320) [167]  (1.471 ns)


============================================================
+ Verbose Summary: Binding
============================================================
N/A
* FSMD analyzer results:
  - Output states:
 - Input state : 
  - Chain level:
	State 1
	State 2


============================================================
+ Verbose Summary: Datapath Resource usage 
============================================================
N/A
