

================================================================
== Vitis HLS Report for 'Padding_Pipeline_VITIS_LOOP_62_1_VITIS_LOOP_65_2_VITIS_LOOP_68_3_VITIS_LOOP_71_4'
================================================================
* Date:           Mon Mar 10 15:35:50 2025

* Version:        2023.2 (Build 4023990 on Oct 11 2023)
* Project:        SDA
* Solution:       solution1 (Vivado IP Flow Target)
* Product family: virtexuplusHBM
* Target device:  xcvu35p_CIV-fsvh2892-3-e


================================================================
== Performance Estimates
================================================================
+ Timing: 
    * Summary: 
    +--------+----------+----------+------------+
    |  Clock |  Target  | Estimated| Uncertainty|
    +--------+----------+----------+------------+
    |ap_clk  |  10.00 ns|  3.965 ns|     2.70 ns|
    +--------+----------+----------+------------+

+ Latency: 
    * Summary: 
    +---------+---------+----------+----------+-----+-----+---------+
    |  Latency (cycles) |  Latency (absolute) |  Interval | Pipeline|
    |   min   |   max   |    min   |    max   | min | max |   Type  |
    +---------+---------+----------+----------+-----+-----+---------+
    |      326|      326|  3.260 us|  3.260 us|  326|  326|       no|
    +---------+---------+----------+----------+-----+-----+---------+

    + Detail: 
        * Instance: 
        N/A

        * Loop: 
        +-------------------------------------------------------------------+---------+---------+----------+-----------+-----------+------+----------+
        |                                                                   |  Latency (cycles) | Iteration|  Initiation Interval  | Trip |          |
        |                             Loop Name                             |   min   |   max   |  Latency |  achieved |   target  | Count| Pipelined|
        +-------------------------------------------------------------------+---------+---------+----------+-----------+-----------+------+----------+
        |- VITIS_LOOP_62_1_VITIS_LOOP_65_2_VITIS_LOOP_68_3_VITIS_LOOP_71_4  |      324|      324|         2|          1|          1|   324|       yes|
        +-------------------------------------------------------------------+---------+---------+----------+-----------+-----------+------+----------+

============================================================
+ Verbose Summary: Synthesis Manager
============================================================
InlineROM: 1
ExposeGlobal: 0
============================================================
+ Verbose Summary: CDFG Model
============================================================
IsTopModel: 0
ResetActiveHigh: 1
IsCombinational: 0
IsDatapathOnly: 0
HasWiredReturn: 1
HasMFsm: 2
HasVarLatency: 1
IsPipeline: 0
IsRtlPipelined: 0
IsInstanceOverlapped: 0
IsDontTouch: 0
HasImplIP: 0
IsGatedGlobalClock: 0

+ Individual pipeline summary: 
  * Pipeline-0: initiation interval (II) = 1, depth = 3


============================================================
+ Verbose Summary: Schedule
============================================================
* Number of FSM states : 3
* Pipeline : 1
  Pipeline-0 : II = 1, D = 3, States = { 1 2 3 }
* Dataflow Pipeline: 0

* FSM state transitions: 
1 --> 2 
2 --> 3 
3 --> 

* FSM state operations: 

State 1 <SV = 0> <Delay = 0.36>
ST_1 : Operation 5 [1/1] (0.00ns)   --->   "%k = alloca i32 1" [tools.cpp:71]   --->   Operation 5 'alloca' 'k' <Predicate = true> <Delay = 0.00>
ST_1 : Operation 6 [1/1] (0.00ns)   --->   "%x = alloca i32 1" [tools.cpp:68]   --->   Operation 6 'alloca' 'x' <Predicate = true> <Delay = 0.00>
ST_1 : Operation 7 [1/1] (0.00ns)   --->   "%indvar_flatten = alloca i32 1"   --->   Operation 7 'alloca' 'indvar_flatten' <Predicate = true> <Delay = 0.00>
ST_1 : Operation 8 [1/1] (0.00ns)   --->   "%y = alloca i32 1" [tools.cpp:65]   --->   Operation 8 'alloca' 'y' <Predicate = true> <Delay = 0.00>
ST_1 : Operation 9 [1/1] (0.00ns)   --->   "%indvar_flatten12 = alloca i32 1"   --->   Operation 9 'alloca' 'indvar_flatten12' <Predicate = true> <Delay = 0.00>
ST_1 : Operation 10 [1/1] (0.00ns)   --->   "%indvar_flatten33 = alloca i32 1"   --->   Operation 10 'alloca' 'indvar_flatten33' <Predicate = true> <Delay = 0.00>
ST_1 : Operation 11 [1/1] (0.00ns)   --->   "%specinterface_ln0 = specinterface void @_ssdm_op_SpecInterface, i512 %conv_a, void @empty_24, i32 0, i32 0, void @empty_14, i32 0, i32 0, void @empty_14, void @empty_14, void @empty_14, i32 0, i32 0, i32 0, i32 0, void @empty_14, void @empty_14, i32 4294967295, i32 0"   --->   Operation 11 'specinterface' 'specinterface_ln0' <Predicate = true> <Delay = 0.00>
ST_1 : Operation 12 [1/1] (0.00ns)   --->   "%specinterface_ln0 = specinterface void @_ssdm_op_SpecInterface, i512 %conv3_samepad, void @empty_24, i32 0, i32 0, void @empty_14, i32 0, i32 0, void @empty_14, void @empty_14, void @empty_14, i32 0, i32 0, i32 0, i32 0, void @empty_14, void @empty_14, i32 4294967295, i32 0"   --->   Operation 12 'specinterface' 'specinterface_ln0' <Predicate = true> <Delay = 0.00>
ST_1 : Operation 13 [1/1] (0.00ns)   --->   "%add18_read = read i32 @_ssdm_op_Read.ap_auto.i32, i32 %add18" [tools.cpp:57]   --->   Operation 13 'read' 'add18_read' <Predicate = true> <Delay = 0.00>
ST_1 : Operation 14 [1/1] (0.00ns)   --->   "%add23_read = read i32 @_ssdm_op_Read.ap_auto.i32, i32 %add23" [tools.cpp:57]   --->   Operation 14 'read' 'add23_read' <Predicate = true> <Delay = 0.00>
ST_1 : Operation 15 [1/1] (0.00ns)   --->   "%P_3_read = read i32 @_ssdm_op_Read.ap_auto.i32, i32 %P_3" [tools.cpp:57]   --->   Operation 15 'read' 'P_3_read' <Predicate = true> <Delay = 0.00>
ST_1 : Operation 16 [1/1] (0.00ns)   --->   "%bound_read = read i60 @_ssdm_op_Read.ap_auto.i60, i60 %bound" [tools.cpp:57]   --->   Operation 16 'read' 'bound_read' <Predicate = true> <Delay = 0.00>
ST_1 : Operation 17 [1/1] (0.00ns)   --->   "%div13_cast_read = read i28 @_ssdm_op_Read.ap_auto.i28, i28 %div13_cast" [tools.cpp:57]   --->   Operation 17 'read' 'div13_cast_read' <Predicate = true> <Delay = 0.00>
ST_1 : Operation 18 [1/1] (0.00ns)   --->   "%bound4_read = read i92 @_ssdm_op_Read.ap_auto.i92, i92 %bound4" [tools.cpp:57]   --->   Operation 18 'read' 'bound4_read' <Predicate = true> <Delay = 0.00>
ST_1 : Operation 19 [1/1] (0.00ns)   --->   "%bound17_read = read i120 @_ssdm_op_Read.ap_auto.i120, i120 %bound17" [tools.cpp:57]   --->   Operation 19 'read' 'bound17_read' <Predicate = true> <Delay = 0.00>
ST_1 : Operation 20 [1/1] (0.36ns)   --->   "%store_ln0 = store i120 0, i120 %indvar_flatten33"   --->   Operation 20 'store' 'store_ln0' <Predicate = true> <Delay = 0.36>
ST_1 : Operation 21 [1/1] (0.36ns)   --->   "%store_ln0 = store i92 0, i92 %indvar_flatten12"   --->   Operation 21 'store' 'store_ln0' <Predicate = true> <Delay = 0.36>
ST_1 : Operation 22 [1/1] (0.36ns)   --->   "%store_ln65 = store i32 0, i32 %y" [tools.cpp:65]   --->   Operation 22 'store' 'store_ln65' <Predicate = true> <Delay = 0.36>
ST_1 : Operation 23 [1/1] (0.36ns)   --->   "%store_ln0 = store i60 0, i60 %indvar_flatten"   --->   Operation 23 'store' 'store_ln0' <Predicate = true> <Delay = 0.36>
ST_1 : Operation 24 [1/1] (0.36ns)   --->   "%store_ln68 = store i32 0, i32 %x" [tools.cpp:68]   --->   Operation 24 'store' 'store_ln68' <Predicate = true> <Delay = 0.36>
ST_1 : Operation 25 [1/1] (0.36ns)   --->   "%store_ln71 = store i28 0, i28 %k" [tools.cpp:71]   --->   Operation 25 'store' 'store_ln71' <Predicate = true> <Delay = 0.36>
ST_1 : Operation 26 [1/1] (0.00ns)   --->   "%br_ln0 = br void %for.body16"   --->   Operation 26 'br' 'br_ln0' <Predicate = true> <Delay = 0.00>

State 2 <SV = 1> <Delay = 3.96>
ST_2 : Operation 27 [1/1] (0.00ns)   --->   "%k_2 = load i28 %k" [tools.cpp:71]   --->   Operation 27 'load' 'k_2' <Predicate = true> <Delay = 0.00>
ST_2 : Operation 28 [1/1] (0.00ns)   --->   "%indvar_flatten_load = load i60 %indvar_flatten" [tools.cpp:68]   --->   Operation 28 'load' 'indvar_flatten_load' <Predicate = true> <Delay = 0.00>
ST_2 : Operation 29 [1/1] (0.00ns)   --->   "%indvar_flatten12_load = load i92 %indvar_flatten12" [tools.cpp:65]   --->   Operation 29 'load' 'indvar_flatten12_load' <Predicate = true> <Delay = 0.00>
ST_2 : Operation 30 [1/1] (0.00ns)   --->   "%indvar_flatten33_load = load i120 %indvar_flatten33" [tools.cpp:62]   --->   Operation 30 'load' 'indvar_flatten33_load' <Predicate = true> <Delay = 0.00>
ST_2 : Operation 31 [1/1] (1.26ns)   --->   "%icmp_ln62 = icmp_eq  i120 %indvar_flatten33_load, i120 %bound17_read" [tools.cpp:62]   --->   Operation 31 'icmp' 'icmp_ln62' <Predicate = true> <Delay = 1.26> <CoreInst = "Cmp">   --->   Core 9 'Cmp' <Latency = 0> <II = 1> <Delay = 1.26> <FuncUnit> <Opcode : 'icmp'> <InPorts = 2> <OutPorts = 1>
ST_2 : Operation 32 [1/1] (1.26ns)   --->   "%add_ln62 = add i120 %indvar_flatten33_load, i120 1" [tools.cpp:62]   --->   Operation 32 'add' 'add_ln62' <Predicate = true> <Delay = 1.26> <CoreInst = "Adder">   --->   Core 1 'Adder' <Latency = 0> <II = 1> <Delay = 1.26> <FuncUnit> <Opcode : 'add' 'sub'> <InPorts = 2> <OutPorts = 1>
ST_2 : Operation 33 [1/1] (0.00ns)   --->   "%br_ln62 = br i1 %icmp_ln62, void %for.inc34.loopexit, void %return.loopexit.exitStub" [tools.cpp:62]   --->   Operation 33 'br' 'br_ln62' <Predicate = true> <Delay = 0.00>
ST_2 : Operation 34 [1/1] (0.00ns)   --->   "%x_load = load i32 %x" [tools.cpp:65]   --->   Operation 34 'load' 'x_load' <Predicate = (!icmp_ln62)> <Delay = 0.00>
ST_2 : Operation 35 [1/1] (0.00ns)   --->   "%y_load = load i32 %y" [tools.cpp:62]   --->   Operation 35 'load' 'y_load' <Predicate = (!icmp_ln62)> <Delay = 0.00>
ST_2 : Operation 36 [1/1] (0.00ns)   --->   "%specloopname_ln0 = specloopname void @_ssdm_op_SpecLoopName, void @VITIS_LOOP_62_1_VITIS_LOOP_65_2_VITIS_LOOP_68_3_VITIS_LOOP_71_4_str"   --->   Operation 36 'specloopname' 'specloopname_ln0' <Predicate = (!icmp_ln62)> <Delay = 0.00>
ST_2 : Operation 37 [1/1] (0.00ns)   --->   "%speclooptripcount_ln0 = speclooptripcount void @_ssdm_op_SpecLoopTripCount, i64 324, i64 324, i64 324"   --->   Operation 37 'speclooptripcount' 'speclooptripcount_ln0' <Predicate = (!icmp_ln62)> <Delay = 0.00>
ST_2 : Operation 38 [1/1] (1.11ns)   --->   "%icmp_ln65 = icmp_eq  i92 %indvar_flatten12_load, i92 %bound4_read" [tools.cpp:65]   --->   Operation 38 'icmp' 'icmp_ln65' <Predicate = (!icmp_ln62)> <Delay = 1.11> <CoreInst = "Cmp">   --->   Core 9 'Cmp' <Latency = 0> <II = 1> <Delay = 1.11> <FuncUnit> <Opcode : 'icmp'> <InPorts = 2> <OutPorts = 1>
ST_2 : Operation 39 [1/1] (0.21ns)   --->   "%select_ln62 = select i1 %icmp_ln65, i32 0, i32 %y_load" [tools.cpp:62]   --->   Operation 39 'select' 'select_ln62' <Predicate = (!icmp_ln62)> <Delay = 0.21> <CoreInst = "Sel">   --->   Core 73 'Sel' <Latency = 0> <II = 1> <Delay = 0.21> <FuncUnit> <Opcode : 'select'> <InPorts = 3> <OutPorts = 1>
ST_2 : Operation 40 [1/1] (0.77ns)   --->   "%icmp_ln71 = icmp_eq  i28 %div13_cast_read, i28 0" [tools.cpp:71]   --->   Operation 40 'icmp' 'icmp_ln71' <Predicate = (!icmp_ln62)> <Delay = 0.77> <CoreInst = "Cmp">   --->   Core 9 'Cmp' <Latency = 0> <II = 1> <Delay = 0.77> <FuncUnit> <Opcode : 'icmp'> <InPorts = 2> <OutPorts = 1>
ST_2 : Operation 41 [1/1] (0.77ns)   --->   "%icmp_ln71_1 = icmp_eq  i28 %k_2, i28 %div13_cast_read" [tools.cpp:71]   --->   Operation 41 'icmp' 'icmp_ln71_1' <Predicate = (!icmp_ln62)> <Delay = 0.77> <CoreInst = "Cmp">   --->   Core 9 'Cmp' <Latency = 0> <II = 1> <Delay = 0.77> <FuncUnit> <Opcode : 'icmp'> <InPorts = 2> <OutPorts = 1>
ST_2 : Operation 42 [1/1] (0.00ns) (grouped into LUT with out node select_ln65_1)   --->   "%select_ln62_1 = select i1 %icmp_ln65, i1 %icmp_ln71, i1 %icmp_ln71_1" [tools.cpp:62]   --->   Operation 42 'select' 'select_ln62_1' <Predicate = (!icmp_ln62)> <Delay = 0.00> <CoreInst = "Sel">   --->   Core 73 'Sel' <Latency = 0> <II = 1> <Delay = 0.25> <FuncUnit> <Opcode : 'select'> <InPorts = 3> <OutPorts = 1>
ST_2 : Operation 43 [1/1] (0.94ns)   --->   "%icmp_ln68 = icmp_eq  i60 %bound_read, i60 0" [tools.cpp:68]   --->   Operation 43 'icmp' 'icmp_ln68' <Predicate = (!icmp_ln62)> <Delay = 0.94> <CoreInst = "Cmp">   --->   Core 9 'Cmp' <Latency = 0> <II = 1> <Delay = 0.94> <FuncUnit> <Opcode : 'icmp'> <InPorts = 2> <OutPorts = 1>
ST_2 : Operation 44 [1/1] (0.94ns)   --->   "%icmp_ln68_1 = icmp_eq  i60 %indvar_flatten_load, i60 %bound_read" [tools.cpp:68]   --->   Operation 44 'icmp' 'icmp_ln68_1' <Predicate = (!icmp_ln62)> <Delay = 0.94> <CoreInst = "Cmp">   --->   Core 9 'Cmp' <Latency = 0> <II = 1> <Delay = 0.94> <FuncUnit> <Opcode : 'icmp'> <InPorts = 2> <OutPorts = 1>
ST_2 : Operation 45 [1/1] (0.25ns)   --->   "%select_ln62_2 = select i1 %icmp_ln65, i1 %icmp_ln68, i1 %icmp_ln68_1" [tools.cpp:62]   --->   Operation 45 'select' 'select_ln62_2' <Predicate = (!icmp_ln62)> <Delay = 0.25> <CoreInst = "Sel">   --->   Core 73 'Sel' <Latency = 0> <II = 1> <Delay = 0.25> <FuncUnit> <Opcode : 'select'> <InPorts = 3> <OutPorts = 1>
ST_2 : Operation 46 [1/1] (0.79ns)   --->   "%y_2 = add i32 %select_ln62, i32 1" [tools.cpp:65]   --->   Operation 46 'add' 'y_2' <Predicate = (!icmp_ln62)> <Delay = 0.79> <CoreInst = "Adder">   --->   Core 1 'Adder' <Latency = 0> <II = 1> <Delay = 0.79> <FuncUnit> <Opcode : 'add' 'sub'> <InPorts = 2> <OutPorts = 1>
ST_2 : Operation 47 [1/1] (0.11ns)   --->   "%or_ln65 = or i1 %select_ln62_2, i1 %icmp_ln65" [tools.cpp:65]   --->   Operation 47 'or' 'or_ln65' <Predicate = (!icmp_ln62)> <Delay = 0.11> <CoreInst = "LogicGate">   --->   Core 74 'LogicGate' <Latency = 0> <II = 1> <Delay = 0.11> <FuncUnit> <Opcode : 'and' 'or' 'xor'> <InPorts = 2> <OutPorts = 1>
ST_2 : Operation 48 [1/1] (0.21ns)   --->   "%select_ln65 = select i1 %or_ln65, i32 0, i32 %x_load" [tools.cpp:65]   --->   Operation 48 'select' 'select_ln65' <Predicate = (!icmp_ln62)> <Delay = 0.21> <CoreInst = "Sel">   --->   Core 73 'Sel' <Latency = 0> <II = 1> <Delay = 0.21> <FuncUnit> <Opcode : 'select'> <InPorts = 3> <OutPorts = 1>
ST_2 : Operation 49 [1/1] (0.25ns) (out node of the LUT)   --->   "%select_ln65_1 = select i1 %select_ln62_2, i1 %icmp_ln71, i1 %select_ln62_1" [tools.cpp:65]   --->   Operation 49 'select' 'select_ln65_1' <Predicate = (!icmp_ln62)> <Delay = 0.25> <CoreInst = "Sel">   --->   Core 73 'Sel' <Latency = 0> <II = 1> <Delay = 0.25> <FuncUnit> <Opcode : 'select'> <InPorts = 3> <OutPorts = 1>
ST_2 : Operation 50 [1/1] (0.21ns)   --->   "%select_ln65_2 = select i1 %select_ln62_2, i32 %y_2, i32 %select_ln62" [tools.cpp:65]   --->   Operation 50 'select' 'select_ln65_2' <Predicate = (!icmp_ln62)> <Delay = 0.21> <CoreInst = "Sel">   --->   Core 73 'Sel' <Latency = 0> <II = 1> <Delay = 0.21> <FuncUnit> <Opcode : 'select'> <InPorts = 3> <OutPorts = 1>
ST_2 : Operation 51 [1/1] (0.79ns)   --->   "%x_2 = add i32 %select_ln65, i32 1" [tools.cpp:68]   --->   Operation 51 'add' 'x_2' <Predicate = (!icmp_ln62)> <Delay = 0.79> <CoreInst = "Adder">   --->   Core 1 'Adder' <Latency = 0> <II = 1> <Delay = 0.79> <FuncUnit> <Opcode : 'add' 'sub'> <InPorts = 2> <OutPorts = 1>
ST_2 : Operation 52 [1/1] (0.21ns)   --->   "%select_ln68 = select i1 %select_ln65_1, i32 %x_2, i32 %select_ln65" [tools.cpp:68]   --->   Operation 52 'select' 'select_ln68' <Predicate = (!icmp_ln62)> <Delay = 0.21> <CoreInst = "Sel">   --->   Core 73 'Sel' <Latency = 0> <II = 1> <Delay = 0.21> <FuncUnit> <Opcode : 'select'> <InPorts = 3> <OutPorts = 1>
ST_2 : Operation 53 [1/1] (0.79ns)   --->   "%cmp21 = icmp_ult  i32 %select_ln65_2, i32 %P_3_read" [tools.cpp:65]   --->   Operation 53 'icmp' 'cmp21' <Predicate = (!icmp_ln62)> <Delay = 0.79> <CoreInst = "Cmp">   --->   Core 9 'Cmp' <Latency = 0> <II = 1> <Delay = 0.79> <FuncUnit> <Opcode : 'icmp'> <InPorts = 2> <OutPorts = 1>
ST_2 : Operation 54 [1/1] (0.79ns)   --->   "%ult = icmp_ult  i32 %select_ln65_2, i32 %add23_read" [tools.cpp:65]   --->   Operation 54 'icmp' 'ult' <Predicate = (!icmp_ln62)> <Delay = 0.79> <CoreInst = "Cmp">   --->   Core 9 'Cmp' <Latency = 0> <II = 1> <Delay = 0.79> <FuncUnit> <Opcode : 'icmp'> <InPorts = 2> <OutPorts = 1>
ST_2 : Operation 55 [1/1] (0.00ns) (grouped into LUT with out node brmerge11)   --->   "%rev = xor i1 %ult, i1 1" [tools.cpp:65]   --->   Operation 55 'xor' 'rev' <Predicate = (!icmp_ln62)> <Delay = 0.00> <CoreInst = "LogicGate">   --->   Core 74 'LogicGate' <Latency = 0> <II = 1> <Delay = 0.11> <FuncUnit> <Opcode : 'and' 'or' 'xor'> <InPorts = 2> <OutPorts = 1>
ST_2 : Operation 56 [1/1] (0.00ns) (grouped into LUT with out node brmerge11)   --->   "%tmp1 = or i1 %cmp21, i1 %rev" [tools.cpp:65]   --->   Operation 56 'or' 'tmp1' <Predicate = (!icmp_ln62)> <Delay = 0.00> <CoreInst = "LogicGate">   --->   Core 74 'LogicGate' <Latency = 0> <II = 1> <Delay = 0.11> <FuncUnit> <Opcode : 'and' 'or' 'xor'> <InPorts = 2> <OutPorts = 1>
ST_2 : Operation 57 [1/1] (0.79ns)   --->   "%cmp17 = icmp_ult  i32 %select_ln68, i32 %P_3_read" [tools.cpp:68]   --->   Operation 57 'icmp' 'cmp17' <Predicate = (!icmp_ln62)> <Delay = 0.79> <CoreInst = "Cmp">   --->   Core 9 'Cmp' <Latency = 0> <II = 1> <Delay = 0.79> <FuncUnit> <Opcode : 'icmp'> <InPorts = 2> <OutPorts = 1>
ST_2 : Operation 58 [1/1] (0.79ns)   --->   "%ult13 = icmp_ult  i32 %select_ln68, i32 %add18_read" [tools.cpp:68]   --->   Operation 58 'icmp' 'ult13' <Predicate = (!icmp_ln62)> <Delay = 0.79> <CoreInst = "Cmp">   --->   Core 9 'Cmp' <Latency = 0> <II = 1> <Delay = 0.79> <FuncUnit> <Opcode : 'icmp'> <InPorts = 2> <OutPorts = 1>
ST_2 : Operation 59 [1/1] (0.00ns) (grouped into LUT with out node brmerge11)   --->   "%rev14 = xor i1 %ult13, i1 1" [tools.cpp:68]   --->   Operation 59 'xor' 'rev14' <Predicate = (!icmp_ln62)> <Delay = 0.00> <CoreInst = "LogicGate">   --->   Core 74 'LogicGate' <Latency = 0> <II = 1> <Delay = 0.11> <FuncUnit> <Opcode : 'and' 'or' 'xor'> <InPorts = 2> <OutPorts = 1>
ST_2 : Operation 60 [1/1] (0.00ns) (grouped into LUT with out node brmerge11)   --->   "%tmp = or i1 %rev14, i1 %cmp17" [tools.cpp:68]   --->   Operation 60 'or' 'tmp' <Predicate = (!icmp_ln62)> <Delay = 0.00> <CoreInst = "LogicGate">   --->   Core 74 'LogicGate' <Latency = 0> <II = 1> <Delay = 0.11> <FuncUnit> <Opcode : 'and' 'or' 'xor'> <InPorts = 2> <OutPorts = 1>
ST_2 : Operation 61 [1/1] (0.11ns) (out node of the LUT)   --->   "%brmerge11 = or i1 %tmp, i1 %tmp1" [tools.cpp:68]   --->   Operation 61 'or' 'brmerge11' <Predicate = (!icmp_ln62)> <Delay = 0.11> <CoreInst = "LogicGate">   --->   Core 74 'LogicGate' <Latency = 0> <II = 1> <Delay = 0.11> <FuncUnit> <Opcode : 'and' 'or' 'xor'> <InPorts = 2> <OutPorts = 1>
ST_2 : Operation 62 [1/1] (0.00ns)   --->   "%specpipeline_ln71 = specpipeline void @_ssdm_op_SpecPipeline, i32 4294967295, i32 0, i32 0, i32 0, void @empty_14" [tools.cpp:71]   --->   Operation 62 'specpipeline' 'specpipeline_ln71' <Predicate = (!icmp_ln62)> <Delay = 0.00>
ST_2 : Operation 63 [1/1] (0.36ns)   --->   "%br_ln74 = br i1 %brmerge11, void %if.else, void %for.inc" [tools.cpp:74]   --->   Operation 63 'br' 'br_ln74' <Predicate = (!icmp_ln62)> <Delay = 0.36>
ST_2 : Operation 64 [1/1] (0.77ns)   --->   "%add_ln71 = add i28 %k_2, i28 1" [tools.cpp:71]   --->   Operation 64 'add' 'add_ln71' <Predicate = (!icmp_ln62)> <Delay = 0.77> <CoreInst = "Adder">   --->   Core 1 'Adder' <Latency = 0> <II = 1> <Delay = 0.77> <FuncUnit> <Opcode : 'add' 'sub'> <InPorts = 2> <OutPorts = 1>
ST_2 : Operation 65 [1/1] (0.00ns) (grouped into LUT with out node k_3)   --->   "%or_ln71 = or i1 %select_ln65_1, i1 %select_ln62_2" [tools.cpp:71]   --->   Operation 65 'or' 'or_ln71' <Predicate = (!icmp_ln62)> <Delay = 0.00> <CoreInst = "LogicGate">   --->   Core 74 'LogicGate' <Latency = 0> <II = 1> <Delay = 0.11> <FuncUnit> <Opcode : 'and' 'or' 'xor'> <InPorts = 2> <OutPorts = 1>
ST_2 : Operation 66 [1/1] (0.00ns) (grouped into LUT with out node k_3)   --->   "%or_ln71_1 = or i1 %or_ln71, i1 %icmp_ln65" [tools.cpp:71]   --->   Operation 66 'or' 'or_ln71_1' <Predicate = (!icmp_ln62)> <Delay = 0.00> <CoreInst = "LogicGate">   --->   Core 74 'LogicGate' <Latency = 0> <II = 1> <Delay = 0.11> <FuncUnit> <Opcode : 'and' 'or' 'xor'> <InPorts = 2> <OutPorts = 1>
ST_2 : Operation 67 [1/1] (0.30ns) (out node of the LUT)   --->   "%k_3 = select i1 %or_ln71_1, i28 1, i28 %add_ln71" [tools.cpp:71]   --->   Operation 67 'select' 'k_3' <Predicate = (!icmp_ln62)> <Delay = 0.30> <CoreInst = "Sel">   --->   Core 73 'Sel' <Latency = 0> <II = 1> <Delay = 0.30> <FuncUnit> <Opcode : 'select'> <InPorts = 3> <OutPorts = 1>
ST_2 : Operation 68 [1/1] (0.94ns)   --->   "%add_ln68_1 = add i60 %indvar_flatten_load, i60 1" [tools.cpp:68]   --->   Operation 68 'add' 'add_ln68_1' <Predicate = (!icmp_ln62)> <Delay = 0.94> <CoreInst = "Adder">   --->   Core 1 'Adder' <Latency = 0> <II = 1> <Delay = 0.94> <FuncUnit> <Opcode : 'add' 'sub'> <InPorts = 2> <OutPorts = 1>
ST_2 : Operation 69 [1/1] (0.27ns)   --->   "%select_ln68_1 = select i1 %or_ln65, i60 1, i60 %add_ln68_1" [tools.cpp:68]   --->   Operation 69 'select' 'select_ln68_1' <Predicate = (!icmp_ln62)> <Delay = 0.27> <CoreInst = "Sel">   --->   Core 73 'Sel' <Latency = 0> <II = 1> <Delay = 0.27> <FuncUnit> <Opcode : 'select'> <InPorts = 3> <OutPorts = 1>
ST_2 : Operation 70 [1/1] (1.11ns)   --->   "%add_ln65_1 = add i92 %indvar_flatten12_load, i92 1" [tools.cpp:65]   --->   Operation 70 'add' 'add_ln65_1' <Predicate = (!icmp_ln62)> <Delay = 1.11> <CoreInst = "Adder">   --->   Core 1 'Adder' <Latency = 0> <II = 1> <Delay = 1.11> <FuncUnit> <Opcode : 'add' 'sub'> <InPorts = 2> <OutPorts = 1>
ST_2 : Operation 71 [1/1] (0.34ns)   --->   "%select_ln65_3 = select i1 %icmp_ln65, i92 1, i92 %add_ln65_1" [tools.cpp:65]   --->   Operation 71 'select' 'select_ln65_3' <Predicate = (!icmp_ln62)> <Delay = 0.34> <CoreInst = "Sel">   --->   Core 73 'Sel' <Latency = 0> <II = 1> <Delay = 0.34> <FuncUnit> <Opcode : 'select'> <InPorts = 3> <OutPorts = 1>
ST_2 : Operation 72 [1/1] (0.36ns)   --->   "%store_ln62 = store i120 %add_ln62, i120 %indvar_flatten33" [tools.cpp:62]   --->   Operation 72 'store' 'store_ln62' <Predicate = (!icmp_ln62)> <Delay = 0.36>
ST_2 : Operation 73 [1/1] (0.36ns)   --->   "%store_ln65 = store i92 %select_ln65_3, i92 %indvar_flatten12" [tools.cpp:65]   --->   Operation 73 'store' 'store_ln65' <Predicate = (!icmp_ln62)> <Delay = 0.36>
ST_2 : Operation 74 [1/1] (0.36ns)   --->   "%store_ln65 = store i32 %select_ln65_2, i32 %y" [tools.cpp:65]   --->   Operation 74 'store' 'store_ln65' <Predicate = (!icmp_ln62)> <Delay = 0.36>
ST_2 : Operation 75 [1/1] (0.36ns)   --->   "%store_ln68 = store i60 %select_ln68_1, i60 %indvar_flatten" [tools.cpp:68]   --->   Operation 75 'store' 'store_ln68' <Predicate = (!icmp_ln62)> <Delay = 0.36>
ST_2 : Operation 76 [1/1] (0.36ns)   --->   "%store_ln68 = store i32 %select_ln68, i32 %x" [tools.cpp:68]   --->   Operation 76 'store' 'store_ln68' <Predicate = (!icmp_ln62)> <Delay = 0.36>
ST_2 : Operation 77 [1/1] (0.36ns)   --->   "%store_ln71 = store i28 %k_3, i28 %k" [tools.cpp:71]   --->   Operation 77 'store' 'store_ln71' <Predicate = (!icmp_ln62)> <Delay = 0.36>
ST_2 : Operation 83 [1/1] (0.00ns)   --->   "%ret_ln0 = ret"   --->   Operation 83 'ret' 'ret_ln0' <Predicate = (icmp_ln62)> <Delay = 0.00>

State 3 <SV = 2> <Delay = 3.19>
ST_3 : Operation 78 [1/1] (1.46ns)   --->   "%conv_a_read = read i512 @_ssdm_op_Read.ap_fifo.volatile.i512P0A, i512 %conv_a" [tools.cpp:80]   --->   Operation 78 'read' 'conv_a_read' <Predicate = (!icmp_ln62 & !brmerge11)> <Delay = 1.46> <CoreInst = "FIFO">   --->   Core 78 'FIFO' <Latency = 0> <II = 1> <Delay = 1.46> <Storage> <Opcode : 'read' 'write' 'nbread' 'nbwrite'> <Ports = 0> <Width = 512> <Depth = 128> <FIFO>
ST_3 : Operation 79 [1/1] (0.36ns)   --->   "%br_ln0 = br void %for.inc"   --->   Operation 79 'br' 'br_ln0' <Predicate = (!icmp_ln62 & !brmerge11)> <Delay = 0.36>
ST_3 : Operation 80 [1/1] (0.00ns)   --->   "%outData = phi i512 %conv_a_read, void %if.else, i512 0, void %for.inc34.loopexit" [tools.cpp:80]   --->   Operation 80 'phi' 'outData' <Predicate = true> <Delay = 0.00>
ST_3 : Operation 81 [1/1] (1.36ns)   --->   "%write_ln82 = write void @_ssdm_op_Write.ap_fifo.volatile.i512P0A, i512 %conv3_samepad, i512 %outData" [tools.cpp:82]   --->   Operation 81 'write' 'write_ln82' <Predicate = true> <Delay = 1.36> <CoreInst = "FIFO">   --->   Core 78 'FIFO' <Latency = 0> <II = 1> <Delay = 1.36> <Storage> <Opcode : 'read' 'write' 'nbread' 'nbwrite'> <Ports = 0> <Width = 512> <Depth = 8> <FIFO>
ST_3 : Operation 82 [1/1] (0.00ns)   --->   "%br_ln71 = br void %for.body16" [tools.cpp:71]   --->   Operation 82 'br' 'br_ln71' <Predicate = true> <Delay = 0.00>


============================================================
+ Verbose Summary: Binding
============================================================
STG Binding: 
---------------- STG Properties BEGIN ----------------
- Is combinational: 0
- Is one-state seq: 0
- Is datapath-only: 0
- Is pipelined: 0
- Is top level: 0
Port [ Return ] is wired: 1; IO mode=ap_ctrl_hs:ce=0
Port [ bound17]:  wired=1; compound=0; hidden=0; nouse=0; global=0; static=0; extern=0; dir=0; type=0; pingpong=0; private_global=0; IO mode=ap_none:ce=0
Port [ conv3_samepad]:  wired=1; compound=1; hidden=0; nouse=0; global=0; static=0; extern=0; dir=1; type=3; pingpong=0; private_global=0; IO mode=ap_fifo:ce=0
Port [ bound4]:  wired=1; compound=0; hidden=0; nouse=0; global=0; static=0; extern=0; dir=0; type=0; pingpong=0; private_global=0; IO mode=ap_none:ce=0
Port [ div13_cast]:  wired=1; compound=0; hidden=0; nouse=0; global=0; static=0; extern=0; dir=0; type=0; pingpong=0; private_global=0; IO mode=ap_none:ce=0
Port [ bound]:  wired=1; compound=0; hidden=0; nouse=0; global=0; static=0; extern=0; dir=0; type=0; pingpong=0; private_global=0; IO mode=ap_none:ce=0
Port [ P_3]:  wired=1; compound=0; hidden=0; nouse=0; global=0; static=0; extern=0; dir=0; type=0; pingpong=0; private_global=0; IO mode=ap_none:ce=0
Port [ add23]:  wired=1; compound=0; hidden=0; nouse=0; global=0; static=0; extern=0; dir=0; type=0; pingpong=0; private_global=0; IO mode=ap_none:ce=0
Port [ add18]:  wired=1; compound=0; hidden=0; nouse=0; global=0; static=0; extern=0; dir=0; type=0; pingpong=0; private_global=0; IO mode=ap_none:ce=0
Port [ conv_a]:  wired=1; compound=1; hidden=0; nouse=0; global=0; static=0; extern=0; dir=0; type=3; pingpong=0; private_global=0; IO mode=ap_fifo:ce=0
---------------- STG Properties END ------------------

---------------- Datapath Model BEGIN ----------------

<LifeTime>
<method=bitvector/>
k                     (alloca           ) [ 0110]
x                     (alloca           ) [ 0110]
indvar_flatten        (alloca           ) [ 0110]
y                     (alloca           ) [ 0110]
indvar_flatten12      (alloca           ) [ 0110]
indvar_flatten33      (alloca           ) [ 0110]
specinterface_ln0     (specinterface    ) [ 0000]
specinterface_ln0     (specinterface    ) [ 0000]
add18_read            (read             ) [ 0110]
add23_read            (read             ) [ 0110]
P_3_read              (read             ) [ 0110]
bound_read            (read             ) [ 0110]
div13_cast_read       (read             ) [ 0110]
bound4_read           (read             ) [ 0110]
bound17_read          (read             ) [ 0110]
store_ln0             (store            ) [ 0000]
store_ln0             (store            ) [ 0000]
store_ln65            (store            ) [ 0000]
store_ln0             (store            ) [ 0000]
store_ln68            (store            ) [ 0000]
store_ln71            (store            ) [ 0000]
br_ln0                (br               ) [ 0000]
k_2                   (load             ) [ 0000]
indvar_flatten_load   (load             ) [ 0000]
indvar_flatten12_load (load             ) [ 0000]
indvar_flatten33_load (load             ) [ 0000]
icmp_ln62             (icmp             ) [ 0111]
add_ln62              (add              ) [ 0000]
br_ln62               (br               ) [ 0000]
x_load                (load             ) [ 0000]
y_load                (load             ) [ 0000]
specloopname_ln0      (specloopname     ) [ 0000]
speclooptripcount_ln0 (speclooptripcount) [ 0000]
icmp_ln65             (icmp             ) [ 0000]
select_ln62           (select           ) [ 0000]
icmp_ln71             (icmp             ) [ 0000]
icmp_ln71_1           (icmp             ) [ 0000]
select_ln62_1         (select           ) [ 0000]
icmp_ln68             (icmp             ) [ 0000]
icmp_ln68_1           (icmp             ) [ 0000]
select_ln62_2         (select           ) [ 0000]
y_2                   (add              ) [ 0000]
or_ln65               (or               ) [ 0000]
select_ln65           (select           ) [ 0000]
select_ln65_1         (select           ) [ 0000]
select_ln65_2         (select           ) [ 0000]
x_2                   (add              ) [ 0000]
select_ln68           (select           ) [ 0000]
cmp21                 (icmp             ) [ 0000]
ult                   (icmp             ) [ 0000]
rev                   (xor              ) [ 0000]
tmp1                  (or               ) [ 0000]
cmp17                 (icmp             ) [ 0000]
ult13                 (icmp             ) [ 0000]
rev14                 (xor              ) [ 0000]
tmp                   (or               ) [ 0000]
brmerge11             (or               ) [ 0111]
specpipeline_ln71     (specpipeline     ) [ 0000]
br_ln74               (br               ) [ 0111]
add_ln71              (add              ) [ 0000]
or_ln71               (or               ) [ 0000]
or_ln71_1             (or               ) [ 0000]
k_3                   (select           ) [ 0000]
add_ln68_1            (add              ) [ 0000]
select_ln68_1         (select           ) [ 0000]
add_ln65_1            (add              ) [ 0000]
select_ln65_3         (select           ) [ 0000]
store_ln62            (store            ) [ 0000]
store_ln65            (store            ) [ 0000]
store_ln65            (store            ) [ 0000]
store_ln68            (store            ) [ 0000]
store_ln68            (store            ) [ 0000]
store_ln71            (store            ) [ 0000]
conv_a_read           (read             ) [ 0000]
br_ln0                (br               ) [ 0000]
outData               (phi              ) [ 0101]
write_ln82            (write            ) [ 0000]
br_ln71               (br               ) [ 0000]
ret_ln0               (ret              ) [ 0000]
</LifeTime>

<model>

<comp_list>
<comp id="0" class="1000" name="bound17">
<pin_list>
<pin id="1" dir="1" index="0" bw="1" slack="0"/>
</pin_list>
<bind>
<StgValue><ssdm name="bound17"/></StgValue>
</bind>
</comp>

<comp id="2" class="1000" name="conv3_samepad">
<pin_list>
<pin id="3" dir="1" index="0" bw="1" slack="0"/>
</pin_list>
<bind>
<StgValue><ssdm name="conv3_samepad"/></StgValue>
</bind>
</comp>

<comp id="4" class="1000" name="bound4">
<pin_list>
<pin id="5" dir="1" index="0" bw="1" slack="0"/>
</pin_list>
<bind>
<StgValue><ssdm name="bound4"/></StgValue>
</bind>
</comp>

<comp id="6" class="1000" name="div13_cast">
<pin_list>
<pin id="7" dir="1" index="0" bw="1" slack="0"/>
</pin_list>
<bind>
<StgValue><ssdm name="div13_cast"/></StgValue>
</bind>
</comp>

<comp id="8" class="1000" name="bound">
<pin_list>
<pin id="9" dir="1" index="0" bw="1" slack="0"/>
</pin_list>
<bind>
<StgValue><ssdm name="bound"/></StgValue>
</bind>
</comp>

<comp id="10" class="1000" name="P_3">
<pin_list>
<pin id="11" dir="1" index="0" bw="1" slack="0"/>
</pin_list>
<bind>
<StgValue><ssdm name="P_3"/></StgValue>
</bind>
</comp>

<comp id="12" class="1000" name="add23">
<pin_list>
<pin id="13" dir="1" index="0" bw="1" slack="0"/>
</pin_list>
<bind>
<StgValue><ssdm name="add23"/></StgValue>
</bind>
</comp>

<comp id="14" class="1000" name="add18">
<pin_list>
<pin id="15" dir="1" index="0" bw="1" slack="0"/>
</pin_list>
<bind>
<StgValue><ssdm name="add18"/></StgValue>
</bind>
</comp>

<comp id="16" class="1000" name="conv_a">
<pin_list>
<pin id="17" dir="1" index="0" bw="1" slack="0"/>
</pin_list>
<bind>
<StgValue><ssdm name="conv_a"/></StgValue>
</bind>
</comp>

<comp id="18" class="1001" name="const_18">
<pin_list>
<pin id="19" dir="1" index="0" bw="1" slack="0"/>
</pin_list>
<bind>
<StgValue><ssdm name=""/></StgValue>
</bind>
</comp>

<comp id="20" class="1001" name="const_20">
<pin_list>
<pin id="21" dir="1" index="0" bw="1" slack="2147483647"/>
</pin_list>
<bind>
<StgValue><ssdm name="_ssdm_op_SpecInterface"/></StgValue>
</bind>
</comp>

<comp id="22" class="1001" name="const_22">
<pin_list>
<pin id="23" dir="1" index="0" bw="1" slack="2147483647"/>
</pin_list>
<bind>
<StgValue><ssdm name="empty_24"/></StgValue>
</bind>
</comp>

<comp id="24" class="1001" name="const_24">
<pin_list>
<pin id="25" dir="1" index="0" bw="1" slack="0"/>
</pin_list>
<bind>
<StgValue><ssdm name=""/></StgValue>
</bind>
</comp>

<comp id="26" class="1001" name="const_26">
<pin_list>
<pin id="27" dir="1" index="0" bw="1" slack="2147483647"/>
</pin_list>
<bind>
<StgValue><ssdm name="empty_14"/></StgValue>
</bind>
</comp>

<comp id="28" class="1001" name="const_28">
<pin_list>
<pin id="29" dir="1" index="0" bw="1" slack="2147483647"/>
</pin_list>
<bind>
<StgValue><ssdm name=""/></StgValue>
</bind>
</comp>

<comp id="30" class="1001" name="const_30">
<pin_list>
<pin id="31" dir="1" index="0" bw="1" slack="0"/>
</pin_list>
<bind>
<StgValue><ssdm name="_ssdm_op_Read.ap_auto.i32"/></StgValue>
</bind>
</comp>

<comp id="32" class="1001" name="const_32">
<pin_list>
<pin id="33" dir="1" index="0" bw="1" slack="0"/>
</pin_list>
<bind>
<StgValue><ssdm name="_ssdm_op_Read.ap_auto.i60"/></StgValue>
</bind>
</comp>

<comp id="34" class="1001" name="const_34">
<pin_list>
<pin id="35" dir="1" index="0" bw="1" slack="0"/>
</pin_list>
<bind>
<StgValue><ssdm name="_ssdm_op_Read.ap_auto.i28"/></StgValue>
</bind>
</comp>

<comp id="36" class="1001" name="const_36">
<pin_list>
<pin id="37" dir="1" index="0" bw="1" slack="0"/>
</pin_list>
<bind>
<StgValue><ssdm name="_ssdm_op_Read.ap_auto.i92"/></StgValue>
</bind>
</comp>

<comp id="38" class="1001" name="const_38">
<pin_list>
<pin id="39" dir="1" index="0" bw="1" slack="0"/>
</pin_list>
<bind>
<StgValue><ssdm name="_ssdm_op_Read.ap_auto.i120"/></StgValue>
</bind>
</comp>

<comp id="40" class="1001" name="const_40">
<pin_list>
<pin id="41" dir="1" index="0" bw="1" slack="0"/>
</pin_list>
<bind>
<StgValue><ssdm name=""/></StgValue>
</bind>
</comp>

<comp id="42" class="1001" name="const_42">
<pin_list>
<pin id="43" dir="1" index="0" bw="1" slack="0"/>
</pin_list>
<bind>
<StgValue><ssdm name=""/></StgValue>
</bind>
</comp>

<comp id="44" class="1001" name="const_44">
<pin_list>
<pin id="45" dir="1" index="0" bw="1" slack="0"/>
</pin_list>
<bind>
<StgValue><ssdm name=""/></StgValue>
</bind>
</comp>

<comp id="46" class="1001" name="const_46">
<pin_list>
<pin id="47" dir="1" index="0" bw="1" slack="0"/>
</pin_list>
<bind>
<StgValue><ssdm name=""/></StgValue>
</bind>
</comp>

<comp id="48" class="1001" name="const_48">
<pin_list>
<pin id="49" dir="1" index="0" bw="1" slack="0"/>
</pin_list>
<bind>
<StgValue><ssdm name=""/></StgValue>
</bind>
</comp>

<comp id="50" class="1001" name="const_50">
<pin_list>
<pin id="51" dir="1" index="0" bw="1" slack="2147483647"/>
</pin_list>
<bind>
<StgValue><ssdm name="_ssdm_op_SpecLoopName"/></StgValue>
</bind>
</comp>

<comp id="52" class="1001" name="const_52">
<pin_list>
<pin id="53" dir="1" index="0" bw="1" slack="2147483647"/>
</pin_list>
<bind>
<StgValue><ssdm name="VITIS_LOOP_62_1_VITIS_LOOP_65_2_VITIS_LOOP_68_3_VITIS_LOOP_71_4_str"/></StgValue>
</bind>
</comp>

<comp id="54" class="1001" name="const_54">
<pin_list>
<pin id="55" dir="1" index="0" bw="1" slack="2147483647"/>
</pin_list>
<bind>
<StgValue><ssdm name="_ssdm_op_SpecLoopTripCount"/></StgValue>
</bind>
</comp>

<comp id="56" class="1001" name="const_56">
<pin_list>
<pin id="57" dir="1" index="0" bw="1" slack="2147483647"/>
</pin_list>
<bind>
<StgValue><ssdm name=""/></StgValue>
</bind>
</comp>

<comp id="58" class="1001" name="const_58">
<pin_list>
<pin id="59" dir="1" index="0" bw="1" slack="0"/>
</pin_list>
<bind>
<StgValue><ssdm name=""/></StgValue>
</bind>
</comp>

<comp id="60" class="1001" name="const_60">
<pin_list>
<pin id="61" dir="1" index="0" bw="1" slack="2147483647"/>
</pin_list>
<bind>
<StgValue><ssdm name="_ssdm_op_SpecPipeline"/></StgValue>
</bind>
</comp>

<comp id="62" class="1001" name="const_62">
<pin_list>
<pin id="63" dir="1" index="0" bw="1" slack="0"/>
</pin_list>
<bind>
<StgValue><ssdm name=""/></StgValue>
</bind>
</comp>

<comp id="64" class="1001" name="const_64">
<pin_list>
<pin id="65" dir="1" index="0" bw="1" slack="0"/>
</pin_list>
<bind>
<StgValue><ssdm name=""/></StgValue>
</bind>
</comp>

<comp id="66" class="1001" name="const_66">
<pin_list>
<pin id="67" dir="1" index="0" bw="1" slack="0"/>
</pin_list>
<bind>
<StgValue><ssdm name=""/></StgValue>
</bind>
</comp>

<comp id="68" class="1001" name="const_68">
<pin_list>
<pin id="69" dir="1" index="0" bw="1" slack="0"/>
</pin_list>
<bind>
<StgValue><ssdm name="_ssdm_op_Read.ap_fifo.volatile.i512P0A"/></StgValue>
</bind>
</comp>

<comp id="70" class="1001" name="const_70">
<pin_list>
<pin id="71" dir="1" index="0" bw="1" slack="1"/>
</pin_list>
<bind>
<StgValue><ssdm name=""/></StgValue>
</bind>
</comp>

<comp id="72" class="1001" name="const_72">
<pin_list>
<pin id="73" dir="1" index="0" bw="1" slack="0"/>
</pin_list>
<bind>
<StgValue><ssdm name="_ssdm_op_Write.ap_fifo.volatile.i512P0A"/></StgValue>
</bind>
</comp>

<comp id="74" class="1004" name="k_fu_74">
<pin_list>
<pin id="75" dir="0" index="0" bw="1" slack="0"/>
<pin id="76" dir="1" index="1" bw="28" slack="0"/>
</pin_list>
<bind>
<opcode="alloca(26) " fcode="alloca"/>
<opset="k/1 "/>
</bind>
</comp>

<comp id="78" class="1004" name="x_fu_78">
<pin_list>
<pin id="79" dir="0" index="0" bw="1" slack="0"/>
<pin id="80" dir="1" index="1" bw="32" slack="0"/>
</pin_list>
<bind>
<opcode="alloca(26) " fcode="alloca"/>
<opset="x/1 "/>
</bind>
</comp>

<comp id="82" class="1004" name="indvar_flatten_fu_82">
<pin_list>
<pin id="83" dir="0" index="0" bw="1" slack="0"/>
<pin id="84" dir="1" index="1" bw="60" slack="0"/>
</pin_list>
<bind>
<opcode="alloca(26) " fcode="alloca"/>
<opset="indvar_flatten/1 "/>
</bind>
</comp>

<comp id="86" class="1004" name="y_fu_86">
<pin_list>
<pin id="87" dir="0" index="0" bw="1" slack="0"/>
<pin id="88" dir="1" index="1" bw="32" slack="0"/>
</pin_list>
<bind>
<opcode="alloca(26) " fcode="alloca"/>
<opset="y/1 "/>
</bind>
</comp>

<comp id="90" class="1004" name="indvar_flatten12_fu_90">
<pin_list>
<pin id="91" dir="0" index="0" bw="1" slack="0"/>
<pin id="92" dir="1" index="1" bw="92" slack="0"/>
</pin_list>
<bind>
<opcode="alloca(26) " fcode="alloca"/>
<opset="indvar_flatten12/1 "/>
</bind>
</comp>

<comp id="94" class="1004" name="indvar_flatten33_fu_94">
<pin_list>
<pin id="95" dir="0" index="0" bw="1" slack="0"/>
<pin id="96" dir="1" index="1" bw="120" slack="0"/>
</pin_list>
<bind>
<opcode="alloca(26) " fcode="alloca"/>
<opset="indvar_flatten33/1 "/>
</bind>
</comp>

<comp id="98" class="1004" name="add18_read_read_fu_98">
<pin_list>
<pin id="99" dir="0" index="0" bw="32" slack="0"/>
<pin id="100" dir="0" index="1" bw="32" slack="0"/>
<pin id="101" dir="1" index="2" bw="32" slack="1"/>
</pin_list>
<bind>
<opcode="read(1150) " fcode="read"/>
<opset="add18_read/1 "/>
</bind>
</comp>

<comp id="104" class="1004" name="add23_read_read_fu_104">
<pin_list>
<pin id="105" dir="0" index="0" bw="32" slack="0"/>
<pin id="106" dir="0" index="1" bw="32" slack="0"/>
<pin id="107" dir="1" index="2" bw="32" slack="1"/>
</pin_list>
<bind>
<opcode="read(1150) " fcode="read"/>
<opset="add23_read/1 "/>
</bind>
</comp>

<comp id="110" class="1004" name="P_3_read_read_fu_110">
<pin_list>
<pin id="111" dir="0" index="0" bw="32" slack="0"/>
<pin id="112" dir="0" index="1" bw="32" slack="0"/>
<pin id="113" dir="1" index="2" bw="32" slack="1"/>
</pin_list>
<bind>
<opcode="read(1150) " fcode="read"/>
<opset="P_3_read/1 "/>
</bind>
</comp>

<comp id="116" class="1004" name="bound_read_read_fu_116">
<pin_list>
<pin id="117" dir="0" index="0" bw="60" slack="0"/>
<pin id="118" dir="0" index="1" bw="60" slack="0"/>
<pin id="119" dir="1" index="2" bw="60" slack="1"/>
</pin_list>
<bind>
<opcode="read(1150) " fcode="read"/>
<opset="bound_read/1 "/>
</bind>
</comp>

<comp id="122" class="1004" name="div13_cast_read_read_fu_122">
<pin_list>
<pin id="123" dir="0" index="0" bw="28" slack="0"/>
<pin id="124" dir="0" index="1" bw="28" slack="0"/>
<pin id="125" dir="1" index="2" bw="28" slack="1"/>
</pin_list>
<bind>
<opcode="read(1150) " fcode="read"/>
<opset="div13_cast_read/1 "/>
</bind>
</comp>

<comp id="128" class="1004" name="bound4_read_read_fu_128">
<pin_list>
<pin id="129" dir="0" index="0" bw="92" slack="0"/>
<pin id="130" dir="0" index="1" bw="92" slack="0"/>
<pin id="131" dir="1" index="2" bw="92" slack="1"/>
</pin_list>
<bind>
<opcode="read(1150) " fcode="read"/>
<opset="bound4_read/1 "/>
</bind>
</comp>

<comp id="134" class="1004" name="bound17_read_read_fu_134">
<pin_list>
<pin id="135" dir="0" index="0" bw="120" slack="0"/>
<pin id="136" dir="0" index="1" bw="120" slack="0"/>
<pin id="137" dir="1" index="2" bw="120" slack="1"/>
</pin_list>
<bind>
<opcode="read(1150) " fcode="read"/>
<opset="bound17_read/1 "/>
</bind>
</comp>

<comp id="140" class="1004" name="conv_a_read_read_fu_140">
<pin_list>
<pin id="141" dir="0" index="0" bw="512" slack="0"/>
<pin id="142" dir="0" index="1" bw="512" slack="0"/>
<pin id="143" dir="1" index="2" bw="512" slack="0"/>
</pin_list>
<bind>
<opcode="read(1150) " fcode="read"/>
<opset="conv_a_read/3 "/>
</bind>
</comp>

<comp id="146" class="1004" name="write_ln82_write_fu_146">
<pin_list>
<pin id="147" dir="0" index="0" bw="0" slack="0"/>
<pin id="148" dir="0" index="1" bw="512" slack="0"/>
<pin id="149" dir="0" index="2" bw="512" slack="0"/>
<pin id="150" dir="1" index="3" bw="0" slack="2147483647"/>
</pin_list>
<bind>
<opcode="write(1151) " fcode="write"/>
<opset="write_ln82/3 "/>
</bind>
</comp>

<comp id="153" class="1005" name="outData_reg_153">
<pin_list>
<pin id="154" dir="0" index="0" bw="512" slack="1"/>
<pin id="155" dir="1" index="1" bw="512" slack="1"/>
</pin_list>
<bind>
<opset="outData (phireg) "/>
</bind>
</comp>

<comp id="157" class="1004" name="outData_phi_fu_157">
<pin_list>
<pin id="158" dir="0" index="0" bw="512" slack="0"/>
<pin id="159" dir="0" index="1" bw="0" slack="2147483647"/>
<pin id="160" dir="0" index="2" bw="1" slack="1"/>
<pin id="161" dir="0" index="3" bw="0" slack="2147483647"/>
<pin id="162" dir="1" index="4" bw="512" slack="0"/>
</pin_list>
<bind>
<opcode="phi(47) " fcode="phi"/>
<opset="outData/3 "/>
</bind>
</comp>

<comp id="166" class="1004" name="store_ln0_store_fu_166">
<pin_list>
<pin id="167" dir="0" index="0" bw="1" slack="0"/>
<pin id="168" dir="0" index="1" bw="120" slack="0"/>
<pin id="169" dir="1" index="2" bw="0" slack="2147483647"/>
</pin_list>
<bind>
<opcode="store(28) " fcode="store"/>
<opset="store_ln0/1 "/>
</bind>
</comp>

<comp id="171" class="1004" name="store_ln0_store_fu_171">
<pin_list>
<pin id="172" dir="0" index="0" bw="1" slack="0"/>
<pin id="173" dir="0" index="1" bw="92" slack="0"/>
<pin id="174" dir="1" index="2" bw="0" slack="2147483647"/>
</pin_list>
<bind>
<opcode="store(28) " fcode="store"/>
<opset="store_ln0/1 "/>
</bind>
</comp>

<comp id="176" class="1004" name="store_ln65_store_fu_176">
<pin_list>
<pin id="177" dir="0" index="0" bw="1" slack="0"/>
<pin id="178" dir="0" index="1" bw="32" slack="0"/>
<pin id="179" dir="1" index="2" bw="0" slack="2147483647"/>
</pin_list>
<bind>
<opcode="store(28) " fcode="store"/>
<opset="store_ln65/1 "/>
</bind>
</comp>

<comp id="181" class="1004" name="store_ln0_store_fu_181">
<pin_list>
<pin id="182" dir="0" index="0" bw="1" slack="0"/>
<pin id="183" dir="0" index="1" bw="60" slack="0"/>
<pin id="184" dir="1" index="2" bw="0" slack="2147483647"/>
</pin_list>
<bind>
<opcode="store(28) " fcode="store"/>
<opset="store_ln0/1 "/>
</bind>
</comp>

<comp id="186" class="1004" name="store_ln68_store_fu_186">
<pin_list>
<pin id="187" dir="0" index="0" bw="1" slack="0"/>
<pin id="188" dir="0" index="1" bw="32" slack="0"/>
<pin id="189" dir="1" index="2" bw="0" slack="2147483647"/>
</pin_list>
<bind>
<opcode="store(28) " fcode="store"/>
<opset="store_ln68/1 "/>
</bind>
</comp>

<comp id="191" class="1004" name="store_ln71_store_fu_191">
<pin_list>
<pin id="192" dir="0" index="0" bw="1" slack="0"/>
<pin id="193" dir="0" index="1" bw="28" slack="0"/>
<pin id="194" dir="1" index="2" bw="0" slack="2147483647"/>
</pin_list>
<bind>
<opcode="store(28) " fcode="store"/>
<opset="store_ln71/1 "/>
</bind>
</comp>

<comp id="196" class="1004" name="k_2_load_fu_196">
<pin_list>
<pin id="197" dir="0" index="0" bw="28" slack="1"/>
<pin id="198" dir="1" index="1" bw="28" slack="0"/>
</pin_list>
<bind>
<opcode="load(27) " fcode="load"/>
<opset="k_2/2 "/>
</bind>
</comp>

<comp id="199" class="1004" name="indvar_flatten_load_load_fu_199">
<pin_list>
<pin id="200" dir="0" index="0" bw="60" slack="1"/>
<pin id="201" dir="1" index="1" bw="60" slack="0"/>
</pin_list>
<bind>
<opcode="load(27) " fcode="load"/>
<opset="indvar_flatten_load/2 "/>
</bind>
</comp>

<comp id="202" class="1004" name="indvar_flatten12_load_load_fu_202">
<pin_list>
<pin id="203" dir="0" index="0" bw="92" slack="1"/>
<pin id="204" dir="1" index="1" bw="92" slack="0"/>
</pin_list>
<bind>
<opcode="load(27) " fcode="load"/>
<opset="indvar_flatten12_load/2 "/>
</bind>
</comp>

<comp id="205" class="1004" name="indvar_flatten33_load_load_fu_205">
<pin_list>
<pin id="206" dir="0" index="0" bw="120" slack="1"/>
<pin id="207" dir="1" index="1" bw="120" slack="0"/>
</pin_list>
<bind>
<opcode="load(27) " fcode="load"/>
<opset="indvar_flatten33_load/2 "/>
</bind>
</comp>

<comp id="208" class="1004" name="icmp_ln62_fu_208">
<pin_list>
<pin id="209" dir="0" index="0" bw="120" slack="0"/>
<pin id="210" dir="0" index="1" bw="120" slack="1"/>
<pin id="211" dir="1" index="2" bw="1" slack="1"/>
</pin_list>
<bind>
<opcode="icmp(45) " fcode="icmp"/>
<opset="icmp_ln62/2 "/>
</bind>
</comp>

<comp id="213" class="1004" name="add_ln62_fu_213">
<pin_list>
<pin id="214" dir="0" index="0" bw="120" slack="0"/>
<pin id="215" dir="0" index="1" bw="1" slack="0"/>
<pin id="216" dir="1" index="2" bw="120" slack="0"/>
</pin_list>
<bind>
<opcode="add(8) " fcode="add"/>
<opset="add_ln62/2 "/>
</bind>
</comp>

<comp id="219" class="1004" name="x_load_load_fu_219">
<pin_list>
<pin id="220" dir="0" index="0" bw="32" slack="1"/>
<pin id="221" dir="1" index="1" bw="32" slack="0"/>
</pin_list>
<bind>
<opcode="load(27) " fcode="load"/>
<opset="x_load/2 "/>
</bind>
</comp>

<comp id="222" class="1004" name="y_load_load_fu_222">
<pin_list>
<pin id="223" dir="0" index="0" bw="32" slack="1"/>
<pin id="224" dir="1" index="1" bw="32" slack="0"/>
</pin_list>
<bind>
<opcode="load(27) " fcode="load"/>
<opset="y_load/2 "/>
</bind>
</comp>

<comp id="225" class="1004" name="icmp_ln65_fu_225">
<pin_list>
<pin id="226" dir="0" index="0" bw="92" slack="0"/>
<pin id="227" dir="0" index="1" bw="92" slack="1"/>
<pin id="228" dir="1" index="2" bw="1" slack="0"/>
</pin_list>
<bind>
<opcode="icmp(45) " fcode="icmp"/>
<opset="icmp_ln65/2 "/>
</bind>
</comp>

<comp id="230" class="1004" name="select_ln62_fu_230">
<pin_list>
<pin id="231" dir="0" index="0" bw="1" slack="0"/>
<pin id="232" dir="0" index="1" bw="1" slack="0"/>
<pin id="233" dir="0" index="2" bw="32" slack="0"/>
<pin id="234" dir="1" index="3" bw="32" slack="0"/>
</pin_list>
<bind>
<opcode="select(49) " fcode="select"/>
<opset="select_ln62/2 "/>
</bind>
</comp>

<comp id="238" class="1004" name="icmp_ln71_fu_238">
<pin_list>
<pin id="239" dir="0" index="0" bw="28" slack="1"/>
<pin id="240" dir="0" index="1" bw="1" slack="0"/>
<pin id="241" dir="1" index="2" bw="1" slack="0"/>
</pin_list>
<bind>
<opcode="icmp(45) " fcode="icmp"/>
<opset="icmp_ln71/2 "/>
</bind>
</comp>

<comp id="243" class="1004" name="icmp_ln71_1_fu_243">
<pin_list>
<pin id="244" dir="0" index="0" bw="28" slack="0"/>
<pin id="245" dir="0" index="1" bw="28" slack="1"/>
<pin id="246" dir="1" index="2" bw="1" slack="0"/>
</pin_list>
<bind>
<opcode="icmp(45) " fcode="icmp"/>
<opset="icmp_ln71_1/2 "/>
</bind>
</comp>

<comp id="248" class="1004" name="select_ln62_1_fu_248">
<pin_list>
<pin id="249" dir="0" index="0" bw="1" slack="0"/>
<pin id="250" dir="0" index="1" bw="1" slack="0"/>
<pin id="251" dir="0" index="2" bw="1" slack="0"/>
<pin id="252" dir="1" index="3" bw="1" slack="0"/>
</pin_list>
<bind>
<opcode="select(49) " fcode="select"/>
<opset="select_ln62_1/2 "/>
</bind>
</comp>

<comp id="256" class="1004" name="icmp_ln68_fu_256">
<pin_list>
<pin id="257" dir="0" index="0" bw="60" slack="1"/>
<pin id="258" dir="0" index="1" bw="1" slack="0"/>
<pin id="259" dir="1" index="2" bw="1" slack="0"/>
</pin_list>
<bind>
<opcode="icmp(45) " fcode="icmp"/>
<opset="icmp_ln68/2 "/>
</bind>
</comp>

<comp id="261" class="1004" name="icmp_ln68_1_fu_261">
<pin_list>
<pin id="262" dir="0" index="0" bw="60" slack="0"/>
<pin id="263" dir="0" index="1" bw="60" slack="1"/>
<pin id="264" dir="1" index="2" bw="1" slack="0"/>
</pin_list>
<bind>
<opcode="icmp(45) " fcode="icmp"/>
<opset="icmp_ln68_1/2 "/>
</bind>
</comp>

<comp id="266" class="1004" name="select_ln62_2_fu_266">
<pin_list>
<pin id="267" dir="0" index="0" bw="1" slack="0"/>
<pin id="268" dir="0" index="1" bw="1" slack="0"/>
<pin id="269" dir="0" index="2" bw="1" slack="0"/>
<pin id="270" dir="1" index="3" bw="1" slack="0"/>
</pin_list>
<bind>
<opcode="select(49) " fcode="select"/>
<opset="select_ln62_2/2 "/>
</bind>
</comp>

<comp id="274" class="1004" name="y_2_fu_274">
<pin_list>
<pin id="275" dir="0" index="0" bw="32" slack="0"/>
<pin id="276" dir="0" index="1" bw="1" slack="0"/>
<pin id="277" dir="1" index="2" bw="32" slack="0"/>
</pin_list>
<bind>
<opcode="add(8) " fcode="add"/>
<opset="y_2/2 "/>
</bind>
</comp>

<comp id="280" class="1004" name="or_ln65_fu_280">
<pin_list>
<pin id="281" dir="0" index="0" bw="1" slack="0"/>
<pin id="282" dir="0" index="1" bw="1" slack="0"/>
<pin id="283" dir="1" index="2" bw="1" slack="0"/>
</pin_list>
<bind>
<opcode="or(24) " fcode="or"/>
<opset="or_ln65/2 "/>
</bind>
</comp>

<comp id="286" class="1004" name="select_ln65_fu_286">
<pin_list>
<pin id="287" dir="0" index="0" bw="1" slack="0"/>
<pin id="288" dir="0" index="1" bw="1" slack="0"/>
<pin id="289" dir="0" index="2" bw="32" slack="0"/>
<pin id="290" dir="1" index="3" bw="32" slack="0"/>
</pin_list>
<bind>
<opcode="select(49) " fcode="select"/>
<opset="select_ln65/2 "/>
</bind>
</comp>

<comp id="294" class="1004" name="select_ln65_1_fu_294">
<pin_list>
<pin id="295" dir="0" index="0" bw="1" slack="0"/>
<pin id="296" dir="0" index="1" bw="1" slack="0"/>
<pin id="297" dir="0" index="2" bw="1" slack="0"/>
<pin id="298" dir="1" index="3" bw="1" slack="0"/>
</pin_list>
<bind>
<opcode="select(49) " fcode="select"/>
<opset="select_ln65_1/2 "/>
</bind>
</comp>

<comp id="302" class="1004" name="select_ln65_2_fu_302">
<pin_list>
<pin id="303" dir="0" index="0" bw="1" slack="0"/>
<pin id="304" dir="0" index="1" bw="32" slack="0"/>
<pin id="305" dir="0" index="2" bw="32" slack="0"/>
<pin id="306" dir="1" index="3" bw="32" slack="0"/>
</pin_list>
<bind>
<opcode="select(49) " fcode="select"/>
<opset="select_ln65_2/2 "/>
</bind>
</comp>

<comp id="310" class="1004" name="x_2_fu_310">
<pin_list>
<pin id="311" dir="0" index="0" bw="32" slack="0"/>
<pin id="312" dir="0" index="1" bw="1" slack="0"/>
<pin id="313" dir="1" index="2" bw="32" slack="0"/>
</pin_list>
<bind>
<opcode="add(8) " fcode="add"/>
<opset="x_2/2 "/>
</bind>
</comp>

<comp id="316" class="1004" name="select_ln68_fu_316">
<pin_list>
<pin id="317" dir="0" index="0" bw="1" slack="0"/>
<pin id="318" dir="0" index="1" bw="32" slack="0"/>
<pin id="319" dir="0" index="2" bw="32" slack="0"/>
<pin id="320" dir="1" index="3" bw="32" slack="0"/>
</pin_list>
<bind>
<opcode="select(49) " fcode="select"/>
<opset="select_ln68/2 "/>
</bind>
</comp>

<comp id="324" class="1004" name="cmp21_fu_324">
<pin_list>
<pin id="325" dir="0" index="0" bw="32" slack="0"/>
<pin id="326" dir="0" index="1" bw="32" slack="1"/>
<pin id="327" dir="1" index="2" bw="1" slack="0"/>
</pin_list>
<bind>
<opcode="icmp(45) " fcode="icmp"/>
<opset="cmp21/2 "/>
</bind>
</comp>

<comp id="329" class="1004" name="ult_fu_329">
<pin_list>
<pin id="330" dir="0" index="0" bw="32" slack="0"/>
<pin id="331" dir="0" index="1" bw="32" slack="1"/>
<pin id="332" dir="1" index="2" bw="1" slack="0"/>
</pin_list>
<bind>
<opcode="icmp(45) " fcode="icmp"/>
<opset="ult/2 "/>
</bind>
</comp>

<comp id="334" class="1004" name="rev_fu_334">
<pin_list>
<pin id="335" dir="0" index="0" bw="1" slack="0"/>
<pin id="336" dir="0" index="1" bw="1" slack="0"/>
<pin id="337" dir="1" index="2" bw="1" slack="0"/>
</pin_list>
<bind>
<opcode="xor(25) " fcode="xor"/>
<opset="rev/2 "/>
</bind>
</comp>

<comp id="340" class="1004" name="tmp1_fu_340">
<pin_list>
<pin id="341" dir="0" index="0" bw="1" slack="0"/>
<pin id="342" dir="0" index="1" bw="1" slack="0"/>
<pin id="343" dir="1" index="2" bw="1" slack="0"/>
</pin_list>
<bind>
<opcode="or(24) " fcode="or"/>
<opset="tmp1/2 "/>
</bind>
</comp>

<comp id="346" class="1004" name="cmp17_fu_346">
<pin_list>
<pin id="347" dir="0" index="0" bw="32" slack="0"/>
<pin id="348" dir="0" index="1" bw="32" slack="1"/>
<pin id="349" dir="1" index="2" bw="1" slack="0"/>
</pin_list>
<bind>
<opcode="icmp(45) " fcode="icmp"/>
<opset="cmp17/2 "/>
</bind>
</comp>

<comp id="351" class="1004" name="ult13_fu_351">
<pin_list>
<pin id="352" dir="0" index="0" bw="32" slack="0"/>
<pin id="353" dir="0" index="1" bw="32" slack="1"/>
<pin id="354" dir="1" index="2" bw="1" slack="0"/>
</pin_list>
<bind>
<opcode="icmp(45) " fcode="icmp"/>
<opset="ult13/2 "/>
</bind>
</comp>

<comp id="356" class="1004" name="rev14_fu_356">
<pin_list>
<pin id="357" dir="0" index="0" bw="1" slack="0"/>
<pin id="358" dir="0" index="1" bw="1" slack="0"/>
<pin id="359" dir="1" index="2" bw="1" slack="0"/>
</pin_list>
<bind>
<opcode="xor(25) " fcode="xor"/>
<opset="rev14/2 "/>
</bind>
</comp>

<comp id="362" class="1004" name="tmp_fu_362">
<pin_list>
<pin id="363" dir="0" index="0" bw="1" slack="0"/>
<pin id="364" dir="0" index="1" bw="1" slack="0"/>
<pin id="365" dir="1" index="2" bw="1" slack="0"/>
</pin_list>
<bind>
<opcode="or(24) " fcode="or"/>
<opset="tmp/2 "/>
</bind>
</comp>

<comp id="368" class="1004" name="brmerge11_fu_368">
<pin_list>
<pin id="369" dir="0" index="0" bw="1" slack="0"/>
<pin id="370" dir="0" index="1" bw="1" slack="0"/>
<pin id="371" dir="1" index="2" bw="1" slack="1"/>
</pin_list>
<bind>
<opcode="or(24) " fcode="or"/>
<opset="brmerge11/2 "/>
</bind>
</comp>

<comp id="374" class="1004" name="add_ln71_fu_374">
<pin_list>
<pin id="375" dir="0" index="0" bw="28" slack="0"/>
<pin id="376" dir="0" index="1" bw="1" slack="0"/>
<pin id="377" dir="1" index="2" bw="28" slack="0"/>
</pin_list>
<bind>
<opcode="add(8) " fcode="add"/>
<opset="add_ln71/2 "/>
</bind>
</comp>

<comp id="380" class="1004" name="or_ln71_fu_380">
<pin_list>
<pin id="381" dir="0" index="0" bw="1" slack="0"/>
<pin id="382" dir="0" index="1" bw="1" slack="0"/>
<pin id="383" dir="1" index="2" bw="1" slack="0"/>
</pin_list>
<bind>
<opcode="or(24) " fcode="or"/>
<opset="or_ln71/2 "/>
</bind>
</comp>

<comp id="386" class="1004" name="or_ln71_1_fu_386">
<pin_list>
<pin id="387" dir="0" index="0" bw="1" slack="0"/>
<pin id="388" dir="0" index="1" bw="1" slack="0"/>
<pin id="389" dir="1" index="2" bw="1" slack="0"/>
</pin_list>
<bind>
<opcode="or(24) " fcode="or"/>
<opset="or_ln71_1/2 "/>
</bind>
</comp>

<comp id="392" class="1004" name="k_3_fu_392">
<pin_list>
<pin id="393" dir="0" index="0" bw="1" slack="0"/>
<pin id="394" dir="0" index="1" bw="1" slack="0"/>
<pin id="395" dir="0" index="2" bw="28" slack="0"/>
<pin id="396" dir="1" index="3" bw="28" slack="0"/>
</pin_list>
<bind>
<opcode="select(49) " fcode="select"/>
<opset="k_3/2 "/>
</bind>
</comp>

<comp id="400" class="1004" name="add_ln68_1_fu_400">
<pin_list>
<pin id="401" dir="0" index="0" bw="60" slack="0"/>
<pin id="402" dir="0" index="1" bw="1" slack="0"/>
<pin id="403" dir="1" index="2" bw="60" slack="0"/>
</pin_list>
<bind>
<opcode="add(8) " fcode="add"/>
<opset="add_ln68_1/2 "/>
</bind>
</comp>

<comp id="406" class="1004" name="select_ln68_1_fu_406">
<pin_list>
<pin id="407" dir="0" index="0" bw="1" slack="0"/>
<pin id="408" dir="0" index="1" bw="1" slack="0"/>
<pin id="409" dir="0" index="2" bw="60" slack="0"/>
<pin id="410" dir="1" index="3" bw="60" slack="0"/>
</pin_list>
<bind>
<opcode="select(49) " fcode="select"/>
<opset="select_ln68_1/2 "/>
</bind>
</comp>

<comp id="414" class="1004" name="add_ln65_1_fu_414">
<pin_list>
<pin id="415" dir="0" index="0" bw="92" slack="0"/>
<pin id="416" dir="0" index="1" bw="1" slack="0"/>
<pin id="417" dir="1" index="2" bw="92" slack="0"/>
</pin_list>
<bind>
<opcode="add(8) " fcode="add"/>
<opset="add_ln65_1/2 "/>
</bind>
</comp>

<comp id="420" class="1004" name="select_ln65_3_fu_420">
<pin_list>
<pin id="421" dir="0" index="0" bw="1" slack="0"/>
<pin id="422" dir="0" index="1" bw="1" slack="0"/>
<pin id="423" dir="0" index="2" bw="92" slack="0"/>
<pin id="424" dir="1" index="3" bw="92" slack="0"/>
</pin_list>
<bind>
<opcode="select(49) " fcode="select"/>
<opset="select_ln65_3/2 "/>
</bind>
</comp>

<comp id="428" class="1004" name="store_ln62_store_fu_428">
<pin_list>
<pin id="429" dir="0" index="0" bw="120" slack="0"/>
<pin id="430" dir="0" index="1" bw="120" slack="1"/>
<pin id="431" dir="1" index="2" bw="0" slack="2147483647"/>
</pin_list>
<bind>
<opcode="store(28) " fcode="store"/>
<opset="store_ln62/2 "/>
</bind>
</comp>

<comp id="433" class="1004" name="store_ln65_store_fu_433">
<pin_list>
<pin id="434" dir="0" index="0" bw="92" slack="0"/>
<pin id="435" dir="0" index="1" bw="92" slack="1"/>
<pin id="436" dir="1" index="2" bw="0" slack="2147483647"/>
</pin_list>
<bind>
<opcode="store(28) " fcode="store"/>
<opset="store_ln65/2 "/>
</bind>
</comp>

<comp id="438" class="1004" name="store_ln65_store_fu_438">
<pin_list>
<pin id="439" dir="0" index="0" bw="32" slack="0"/>
<pin id="440" dir="0" index="1" bw="32" slack="1"/>
<pin id="441" dir="1" index="2" bw="0" slack="2147483647"/>
</pin_list>
<bind>
<opcode="store(28) " fcode="store"/>
<opset="store_ln65/2 "/>
</bind>
</comp>

<comp id="443" class="1004" name="store_ln68_store_fu_443">
<pin_list>
<pin id="444" dir="0" index="0" bw="60" slack="0"/>
<pin id="445" dir="0" index="1" bw="60" slack="1"/>
<pin id="446" dir="1" index="2" bw="0" slack="2147483647"/>
</pin_list>
<bind>
<opcode="store(28) " fcode="store"/>
<opset="store_ln68/2 "/>
</bind>
</comp>

<comp id="448" class="1004" name="store_ln68_store_fu_448">
<pin_list>
<pin id="449" dir="0" index="0" bw="32" slack="0"/>
<pin id="450" dir="0" index="1" bw="32" slack="1"/>
<pin id="451" dir="1" index="2" bw="0" slack="2147483647"/>
</pin_list>
<bind>
<opcode="store(28) " fcode="store"/>
<opset="store_ln68/2 "/>
</bind>
</comp>

<comp id="453" class="1004" name="store_ln71_store_fu_453">
<pin_list>
<pin id="454" dir="0" index="0" bw="28" slack="0"/>
<pin id="455" dir="0" index="1" bw="28" slack="1"/>
<pin id="456" dir="1" index="2" bw="0" slack="2147483647"/>
</pin_list>
<bind>
<opcode="store(28) " fcode="store"/>
<opset="store_ln71/2 "/>
</bind>
</comp>

<comp id="458" class="1005" name="k_reg_458">
<pin_list>
<pin id="459" dir="0" index="0" bw="28" slack="0"/>
<pin id="460" dir="1" index="1" bw="28" slack="0"/>
</pin_list>
<bind>
<opset="k "/>
</bind>
</comp>

<comp id="465" class="1005" name="x_reg_465">
<pin_list>
<pin id="466" dir="0" index="0" bw="32" slack="0"/>
<pin id="467" dir="1" index="1" bw="32" slack="0"/>
</pin_list>
<bind>
<opset="x "/>
</bind>
</comp>

<comp id="472" class="1005" name="indvar_flatten_reg_472">
<pin_list>
<pin id="473" dir="0" index="0" bw="60" slack="0"/>
<pin id="474" dir="1" index="1" bw="60" slack="0"/>
</pin_list>
<bind>
<opset="indvar_flatten "/>
</bind>
</comp>

<comp id="479" class="1005" name="y_reg_479">
<pin_list>
<pin id="480" dir="0" index="0" bw="32" slack="0"/>
<pin id="481" dir="1" index="1" bw="32" slack="0"/>
</pin_list>
<bind>
<opset="y "/>
</bind>
</comp>

<comp id="486" class="1005" name="indvar_flatten12_reg_486">
<pin_list>
<pin id="487" dir="0" index="0" bw="92" slack="0"/>
<pin id="488" dir="1" index="1" bw="92" slack="0"/>
</pin_list>
<bind>
<opset="indvar_flatten12 "/>
</bind>
</comp>

<comp id="493" class="1005" name="indvar_flatten33_reg_493">
<pin_list>
<pin id="494" dir="0" index="0" bw="120" slack="0"/>
<pin id="495" dir="1" index="1" bw="120" slack="0"/>
</pin_list>
<bind>
<opset="indvar_flatten33 "/>
</bind>
</comp>

<comp id="500" class="1005" name="add18_read_reg_500">
<pin_list>
<pin id="501" dir="0" index="0" bw="32" slack="1"/>
<pin id="502" dir="1" index="1" bw="32" slack="1"/>
</pin_list>
<bind>
<opset="add18_read "/>
</bind>
</comp>

<comp id="505" class="1005" name="add23_read_reg_505">
<pin_list>
<pin id="506" dir="0" index="0" bw="32" slack="1"/>
<pin id="507" dir="1" index="1" bw="32" slack="1"/>
</pin_list>
<bind>
<opset="add23_read "/>
</bind>
</comp>

<comp id="510" class="1005" name="P_3_read_reg_510">
<pin_list>
<pin id="511" dir="0" index="0" bw="32" slack="1"/>
<pin id="512" dir="1" index="1" bw="32" slack="1"/>
</pin_list>
<bind>
<opset="P_3_read "/>
</bind>
</comp>

<comp id="516" class="1005" name="bound_read_reg_516">
<pin_list>
<pin id="517" dir="0" index="0" bw="60" slack="1"/>
<pin id="518" dir="1" index="1" bw="60" slack="1"/>
</pin_list>
<bind>
<opset="bound_read "/>
</bind>
</comp>

<comp id="522" class="1005" name="div13_cast_read_reg_522">
<pin_list>
<pin id="523" dir="0" index="0" bw="28" slack="1"/>
<pin id="524" dir="1" index="1" bw="28" slack="1"/>
</pin_list>
<bind>
<opset="div13_cast_read "/>
</bind>
</comp>

<comp id="528" class="1005" name="bound4_read_reg_528">
<pin_list>
<pin id="529" dir="0" index="0" bw="92" slack="1"/>
<pin id="530" dir="1" index="1" bw="92" slack="1"/>
</pin_list>
<bind>
<opset="bound4_read "/>
</bind>
</comp>

<comp id="533" class="1005" name="bound17_read_reg_533">
<pin_list>
<pin id="534" dir="0" index="0" bw="120" slack="1"/>
<pin id="535" dir="1" index="1" bw="120" slack="1"/>
</pin_list>
<bind>
<opset="bound17_read "/>
</bind>
</comp>

<comp id="538" class="1005" name="icmp_ln62_reg_538">
<pin_list>
<pin id="539" dir="0" index="0" bw="1" slack="1"/>
<pin id="540" dir="1" index="1" bw="1" slack="2147483647"/>
</pin_list>
<bind>
<opset="icmp_ln62 "/>
</bind>
</comp>

<comp id="542" class="1005" name="brmerge11_reg_542">
<pin_list>
<pin id="543" dir="0" index="0" bw="1" slack="1"/>
<pin id="544" dir="1" index="1" bw="1" slack="2147483647"/>
</pin_list>
<bind>
<opset="brmerge11 "/>
</bind>
</comp>

</comp_list>

<net_list>
<net id="77"><net_src comp="18" pin="0"/><net_sink comp="74" pin=0"/></net>

<net id="81"><net_src comp="18" pin="0"/><net_sink comp="78" pin=0"/></net>

<net id="85"><net_src comp="18" pin="0"/><net_sink comp="82" pin=0"/></net>

<net id="89"><net_src comp="18" pin="0"/><net_sink comp="86" pin=0"/></net>

<net id="93"><net_src comp="18" pin="0"/><net_sink comp="90" pin=0"/></net>

<net id="97"><net_src comp="18" pin="0"/><net_sink comp="94" pin=0"/></net>

<net id="102"><net_src comp="30" pin="0"/><net_sink comp="98" pin=0"/></net>

<net id="103"><net_src comp="14" pin="0"/><net_sink comp="98" pin=1"/></net>

<net id="108"><net_src comp="30" pin="0"/><net_sink comp="104" pin=0"/></net>

<net id="109"><net_src comp="12" pin="0"/><net_sink comp="104" pin=1"/></net>

<net id="114"><net_src comp="30" pin="0"/><net_sink comp="110" pin=0"/></net>

<net id="115"><net_src comp="10" pin="0"/><net_sink comp="110" pin=1"/></net>

<net id="120"><net_src comp="32" pin="0"/><net_sink comp="116" pin=0"/></net>

<net id="121"><net_src comp="8" pin="0"/><net_sink comp="116" pin=1"/></net>

<net id="126"><net_src comp="34" pin="0"/><net_sink comp="122" pin=0"/></net>

<net id="127"><net_src comp="6" pin="0"/><net_sink comp="122" pin=1"/></net>

<net id="132"><net_src comp="36" pin="0"/><net_sink comp="128" pin=0"/></net>

<net id="133"><net_src comp="4" pin="0"/><net_sink comp="128" pin=1"/></net>

<net id="138"><net_src comp="38" pin="0"/><net_sink comp="134" pin=0"/></net>

<net id="139"><net_src comp="0" pin="0"/><net_sink comp="134" pin=1"/></net>

<net id="144"><net_src comp="68" pin="0"/><net_sink comp="140" pin=0"/></net>

<net id="145"><net_src comp="16" pin="0"/><net_sink comp="140" pin=1"/></net>

<net id="151"><net_src comp="72" pin="0"/><net_sink comp="146" pin=0"/></net>

<net id="152"><net_src comp="2" pin="0"/><net_sink comp="146" pin=1"/></net>

<net id="156"><net_src comp="70" pin="0"/><net_sink comp="153" pin=0"/></net>

<net id="163"><net_src comp="140" pin="2"/><net_sink comp="157" pin=0"/></net>

<net id="164"><net_src comp="153" pin="1"/><net_sink comp="157" pin=2"/></net>

<net id="165"><net_src comp="157" pin="4"/><net_sink comp="146" pin=2"/></net>

<net id="170"><net_src comp="40" pin="0"/><net_sink comp="166" pin=0"/></net>

<net id="175"><net_src comp="42" pin="0"/><net_sink comp="171" pin=0"/></net>

<net id="180"><net_src comp="24" pin="0"/><net_sink comp="176" pin=0"/></net>

<net id="185"><net_src comp="44" pin="0"/><net_sink comp="181" pin=0"/></net>

<net id="190"><net_src comp="24" pin="0"/><net_sink comp="186" pin=0"/></net>

<net id="195"><net_src comp="46" pin="0"/><net_sink comp="191" pin=0"/></net>

<net id="212"><net_src comp="205" pin="1"/><net_sink comp="208" pin=0"/></net>

<net id="217"><net_src comp="205" pin="1"/><net_sink comp="213" pin=0"/></net>

<net id="218"><net_src comp="48" pin="0"/><net_sink comp="213" pin=1"/></net>

<net id="229"><net_src comp="202" pin="1"/><net_sink comp="225" pin=0"/></net>

<net id="235"><net_src comp="225" pin="2"/><net_sink comp="230" pin=0"/></net>

<net id="236"><net_src comp="24" pin="0"/><net_sink comp="230" pin=1"/></net>

<net id="237"><net_src comp="222" pin="1"/><net_sink comp="230" pin=2"/></net>

<net id="242"><net_src comp="46" pin="0"/><net_sink comp="238" pin=1"/></net>

<net id="247"><net_src comp="196" pin="1"/><net_sink comp="243" pin=0"/></net>

<net id="253"><net_src comp="225" pin="2"/><net_sink comp="248" pin=0"/></net>

<net id="254"><net_src comp="238" pin="2"/><net_sink comp="248" pin=1"/></net>

<net id="255"><net_src comp="243" pin="2"/><net_sink comp="248" pin=2"/></net>

<net id="260"><net_src comp="44" pin="0"/><net_sink comp="256" pin=1"/></net>

<net id="265"><net_src comp="199" pin="1"/><net_sink comp="261" pin=0"/></net>

<net id="271"><net_src comp="225" pin="2"/><net_sink comp="266" pin=0"/></net>

<net id="272"><net_src comp="256" pin="2"/><net_sink comp="266" pin=1"/></net>

<net id="273"><net_src comp="261" pin="2"/><net_sink comp="266" pin=2"/></net>

<net id="278"><net_src comp="230" pin="3"/><net_sink comp="274" pin=0"/></net>

<net id="279"><net_src comp="18" pin="0"/><net_sink comp="274" pin=1"/></net>

<net id="284"><net_src comp="266" pin="3"/><net_sink comp="280" pin=0"/></net>

<net id="285"><net_src comp="225" pin="2"/><net_sink comp="280" pin=1"/></net>

<net id="291"><net_src comp="280" pin="2"/><net_sink comp="286" pin=0"/></net>

<net id="292"><net_src comp="24" pin="0"/><net_sink comp="286" pin=1"/></net>

<net id="293"><net_src comp="219" pin="1"/><net_sink comp="286" pin=2"/></net>

<net id="299"><net_src comp="266" pin="3"/><net_sink comp="294" pin=0"/></net>

<net id="300"><net_src comp="238" pin="2"/><net_sink comp="294" pin=1"/></net>

<net id="301"><net_src comp="248" pin="3"/><net_sink comp="294" pin=2"/></net>

<net id="307"><net_src comp="266" pin="3"/><net_sink comp="302" pin=0"/></net>

<net id="308"><net_src comp="274" pin="2"/><net_sink comp="302" pin=1"/></net>

<net id="309"><net_src comp="230" pin="3"/><net_sink comp="302" pin=2"/></net>

<net id="314"><net_src comp="286" pin="3"/><net_sink comp="310" pin=0"/></net>

<net id="315"><net_src comp="18" pin="0"/><net_sink comp="310" pin=1"/></net>

<net id="321"><net_src comp="294" pin="3"/><net_sink comp="316" pin=0"/></net>

<net id="322"><net_src comp="310" pin="2"/><net_sink comp="316" pin=1"/></net>

<net id="323"><net_src comp="286" pin="3"/><net_sink comp="316" pin=2"/></net>

<net id="328"><net_src comp="302" pin="3"/><net_sink comp="324" pin=0"/></net>

<net id="333"><net_src comp="302" pin="3"/><net_sink comp="329" pin=0"/></net>

<net id="338"><net_src comp="329" pin="2"/><net_sink comp="334" pin=0"/></net>

<net id="339"><net_src comp="58" pin="0"/><net_sink comp="334" pin=1"/></net>

<net id="344"><net_src comp="324" pin="2"/><net_sink comp="340" pin=0"/></net>

<net id="345"><net_src comp="334" pin="2"/><net_sink comp="340" pin=1"/></net>

<net id="350"><net_src comp="316" pin="3"/><net_sink comp="346" pin=0"/></net>

<net id="355"><net_src comp="316" pin="3"/><net_sink comp="351" pin=0"/></net>

<net id="360"><net_src comp="351" pin="2"/><net_sink comp="356" pin=0"/></net>

<net id="361"><net_src comp="58" pin="0"/><net_sink comp="356" pin=1"/></net>

<net id="366"><net_src comp="356" pin="2"/><net_sink comp="362" pin=0"/></net>

<net id="367"><net_src comp="346" pin="2"/><net_sink comp="362" pin=1"/></net>

<net id="372"><net_src comp="362" pin="2"/><net_sink comp="368" pin=0"/></net>

<net id="373"><net_src comp="340" pin="2"/><net_sink comp="368" pin=1"/></net>

<net id="378"><net_src comp="196" pin="1"/><net_sink comp="374" pin=0"/></net>

<net id="379"><net_src comp="62" pin="0"/><net_sink comp="374" pin=1"/></net>

<net id="384"><net_src comp="294" pin="3"/><net_sink comp="380" pin=0"/></net>

<net id="385"><net_src comp="266" pin="3"/><net_sink comp="380" pin=1"/></net>

<net id="390"><net_src comp="380" pin="2"/><net_sink comp="386" pin=0"/></net>

<net id="391"><net_src comp="225" pin="2"/><net_sink comp="386" pin=1"/></net>

<net id="397"><net_src comp="386" pin="2"/><net_sink comp="392" pin=0"/></net>

<net id="398"><net_src comp="62" pin="0"/><net_sink comp="392" pin=1"/></net>

<net id="399"><net_src comp="374" pin="2"/><net_sink comp="392" pin=2"/></net>

<net id="404"><net_src comp="199" pin="1"/><net_sink comp="400" pin=0"/></net>

<net id="405"><net_src comp="64" pin="0"/><net_sink comp="400" pin=1"/></net>

<net id="411"><net_src comp="280" pin="2"/><net_sink comp="406" pin=0"/></net>

<net id="412"><net_src comp="64" pin="0"/><net_sink comp="406" pin=1"/></net>

<net id="413"><net_src comp="400" pin="2"/><net_sink comp="406" pin=2"/></net>

<net id="418"><net_src comp="202" pin="1"/><net_sink comp="414" pin=0"/></net>

<net id="419"><net_src comp="66" pin="0"/><net_sink comp="414" pin=1"/></net>

<net id="425"><net_src comp="225" pin="2"/><net_sink comp="420" pin=0"/></net>

<net id="426"><net_src comp="66" pin="0"/><net_sink comp="420" pin=1"/></net>

<net id="427"><net_src comp="414" pin="2"/><net_sink comp="420" pin=2"/></net>

<net id="432"><net_src comp="213" pin="2"/><net_sink comp="428" pin=0"/></net>

<net id="437"><net_src comp="420" pin="3"/><net_sink comp="433" pin=0"/></net>

<net id="442"><net_src comp="302" pin="3"/><net_sink comp="438" pin=0"/></net>

<net id="447"><net_src comp="406" pin="3"/><net_sink comp="443" pin=0"/></net>

<net id="452"><net_src comp="316" pin="3"/><net_sink comp="448" pin=0"/></net>

<net id="457"><net_src comp="392" pin="3"/><net_sink comp="453" pin=0"/></net>

<net id="461"><net_src comp="74" pin="1"/><net_sink comp="458" pin=0"/></net>

<net id="462"><net_src comp="458" pin="1"/><net_sink comp="191" pin=1"/></net>

<net id="463"><net_src comp="458" pin="1"/><net_sink comp="196" pin=0"/></net>

<net id="464"><net_src comp="458" pin="1"/><net_sink comp="453" pin=1"/></net>

<net id="468"><net_src comp="78" pin="1"/><net_sink comp="465" pin=0"/></net>

<net id="469"><net_src comp="465" pin="1"/><net_sink comp="186" pin=1"/></net>

<net id="470"><net_src comp="465" pin="1"/><net_sink comp="219" pin=0"/></net>

<net id="471"><net_src comp="465" pin="1"/><net_sink comp="448" pin=1"/></net>

<net id="475"><net_src comp="82" pin="1"/><net_sink comp="472" pin=0"/></net>

<net id="476"><net_src comp="472" pin="1"/><net_sink comp="181" pin=1"/></net>

<net id="477"><net_src comp="472" pin="1"/><net_sink comp="199" pin=0"/></net>

<net id="478"><net_src comp="472" pin="1"/><net_sink comp="443" pin=1"/></net>

<net id="482"><net_src comp="86" pin="1"/><net_sink comp="479" pin=0"/></net>

<net id="483"><net_src comp="479" pin="1"/><net_sink comp="176" pin=1"/></net>

<net id="484"><net_src comp="479" pin="1"/><net_sink comp="222" pin=0"/></net>

<net id="485"><net_src comp="479" pin="1"/><net_sink comp="438" pin=1"/></net>

<net id="489"><net_src comp="90" pin="1"/><net_sink comp="486" pin=0"/></net>

<net id="490"><net_src comp="486" pin="1"/><net_sink comp="171" pin=1"/></net>

<net id="491"><net_src comp="486" pin="1"/><net_sink comp="202" pin=0"/></net>

<net id="492"><net_src comp="486" pin="1"/><net_sink comp="433" pin=1"/></net>

<net id="496"><net_src comp="94" pin="1"/><net_sink comp="493" pin=0"/></net>

<net id="497"><net_src comp="493" pin="1"/><net_sink comp="166" pin=1"/></net>

<net id="498"><net_src comp="493" pin="1"/><net_sink comp="205" pin=0"/></net>

<net id="499"><net_src comp="493" pin="1"/><net_sink comp="428" pin=1"/></net>

<net id="503"><net_src comp="98" pin="2"/><net_sink comp="500" pin=0"/></net>

<net id="504"><net_src comp="500" pin="1"/><net_sink comp="351" pin=1"/></net>

<net id="508"><net_src comp="104" pin="2"/><net_sink comp="505" pin=0"/></net>

<net id="509"><net_src comp="505" pin="1"/><net_sink comp="329" pin=1"/></net>

<net id="513"><net_src comp="110" pin="2"/><net_sink comp="510" pin=0"/></net>

<net id="514"><net_src comp="510" pin="1"/><net_sink comp="324" pin=1"/></net>

<net id="515"><net_src comp="510" pin="1"/><net_sink comp="346" pin=1"/></net>

<net id="519"><net_src comp="116" pin="2"/><net_sink comp="516" pin=0"/></net>

<net id="520"><net_src comp="516" pin="1"/><net_sink comp="256" pin=0"/></net>

<net id="521"><net_src comp="516" pin="1"/><net_sink comp="261" pin=1"/></net>

<net id="525"><net_src comp="122" pin="2"/><net_sink comp="522" pin=0"/></net>

<net id="526"><net_src comp="522" pin="1"/><net_sink comp="238" pin=0"/></net>

<net id="527"><net_src comp="522" pin="1"/><net_sink comp="243" pin=1"/></net>

<net id="531"><net_src comp="128" pin="2"/><net_sink comp="528" pin=0"/></net>

<net id="532"><net_src comp="528" pin="1"/><net_sink comp="225" pin=1"/></net>

<net id="536"><net_src comp="134" pin="2"/><net_sink comp="533" pin=0"/></net>

<net id="537"><net_src comp="533" pin="1"/><net_sink comp="208" pin=1"/></net>

<net id="541"><net_src comp="208" pin="2"/><net_sink comp="538" pin=0"/></net>

<net id="545"><net_src comp="368" pin="2"/><net_sink comp="542" pin=0"/></net>

</net_list>

</model> 
---------------- Datapath Model END ------------------

* FSMD analyzer results:
  - Output states:
	Port: conv3_samepad | {3 }
 - Input state : 
	Port: Padding_Pipeline_VITIS_LOOP_62_1_VITIS_LOOP_65_2_VITIS_LOOP_68_3_VITIS_LOOP_71_4 : bound17 | {1 }
	Port: Padding_Pipeline_VITIS_LOOP_62_1_VITIS_LOOP_65_2_VITIS_LOOP_68_3_VITIS_LOOP_71_4 : bound4 | {1 }
	Port: Padding_Pipeline_VITIS_LOOP_62_1_VITIS_LOOP_65_2_VITIS_LOOP_68_3_VITIS_LOOP_71_4 : div13_cast | {1 }
	Port: Padding_Pipeline_VITIS_LOOP_62_1_VITIS_LOOP_65_2_VITIS_LOOP_68_3_VITIS_LOOP_71_4 : bound | {1 }
	Port: Padding_Pipeline_VITIS_LOOP_62_1_VITIS_LOOP_65_2_VITIS_LOOP_68_3_VITIS_LOOP_71_4 : P_3 | {1 }
	Port: Padding_Pipeline_VITIS_LOOP_62_1_VITIS_LOOP_65_2_VITIS_LOOP_68_3_VITIS_LOOP_71_4 : add23 | {1 }
	Port: Padding_Pipeline_VITIS_LOOP_62_1_VITIS_LOOP_65_2_VITIS_LOOP_68_3_VITIS_LOOP_71_4 : add18 | {1 }
	Port: Padding_Pipeline_VITIS_LOOP_62_1_VITIS_LOOP_65_2_VITIS_LOOP_68_3_VITIS_LOOP_71_4 : conv_a | {3 }
  - Chain level:
	State 1
		store_ln0 : 1
		store_ln0 : 1
		store_ln65 : 1
		store_ln0 : 1
		store_ln68 : 1
		store_ln71 : 1
	State 2
		icmp_ln62 : 1
		add_ln62 : 1
		br_ln62 : 2
		icmp_ln65 : 1
		select_ln62 : 2
		icmp_ln71_1 : 1
		select_ln62_1 : 2
		icmp_ln68_1 : 1
		select_ln62_2 : 2
		y_2 : 3
		or_ln65 : 3
		select_ln65 : 3
		select_ln65_1 : 3
		select_ln65_2 : 4
		x_2 : 4
		select_ln68 : 5
		cmp21 : 5
		ult : 5
		rev : 6
		tmp1 : 6
		cmp17 : 6
		ult13 : 6
		rev14 : 7
		tmp : 7
		brmerge11 : 7
		br_ln74 : 7
		add_ln71 : 1
		or_ln71 : 4
		or_ln71_1 : 4
		k_3 : 4
		add_ln68_1 : 1
		select_ln68_1 : 3
		add_ln65_1 : 1
		select_ln65_3 : 2
		store_ln62 : 2
		store_ln65 : 3
		store_ln65 : 5
		store_ln68 : 4
		store_ln68 : 6
		store_ln71 : 5
	State 3
		outData : 1
		write_ln82 : 2


============================================================
+ Verbose Summary: Datapath Resource usage 
============================================================

* Functional unit list:
|----------|-----------------------------|---------|---------|
| Operation|       Functional Unit       |    FF   |   LUT   |
|----------|-----------------------------|---------|---------|
|          |       icmp_ln62_fu_208      |    0    |   127   |
|          |       icmp_ln65_fu_225      |    0    |    99   |
|          |       icmp_ln71_fu_238      |    0    |    35   |
|          |      icmp_ln71_1_fu_243     |    0    |    35   |
|   icmp   |       icmp_ln68_fu_256      |    0    |    67   |
|          |      icmp_ln68_1_fu_261     |    0    |    67   |
|          |         cmp21_fu_324        |    0    |    39   |
|          |          ult_fu_329         |    0    |    39   |
|          |         cmp17_fu_346        |    0    |    39   |
|          |         ult13_fu_351        |    0    |    39   |
|----------|-----------------------------|---------|---------|
|          |       add_ln62_fu_213       |    0    |   127   |
|          |          y_2_fu_274         |    0    |    39   |
|    add   |          x_2_fu_310         |    0    |    39   |
|          |       add_ln71_fu_374       |    0    |    35   |
|          |      add_ln68_1_fu_400      |    0    |    67   |
|          |      add_ln65_1_fu_414      |    0    |    99   |
|----------|-----------------------------|---------|---------|
|          |      select_ln62_fu_230     |    0    |    32   |
|          |     select_ln62_1_fu_248    |    0    |    2    |
|          |     select_ln62_2_fu_266    |    0    |    2    |
|          |      select_ln65_fu_286     |    0    |    32   |
|  select  |     select_ln65_1_fu_294    |    0    |    2    |
|          |     select_ln65_2_fu_302    |    0    |    32   |
|          |      select_ln68_fu_316     |    0    |    32   |
|          |          k_3_fu_392         |    0    |    28   |
|          |     select_ln68_1_fu_406    |    0    |    58   |
|          |     select_ln65_3_fu_420    |    0    |    84   |
|----------|-----------------------------|---------|---------|
|          |        or_ln65_fu_280       |    0    |    2    |
|          |         tmp1_fu_340         |    0    |    2    |
|    or    |          tmp_fu_362         |    0    |    2    |
|          |       brmerge11_fu_368      |    0    |    2    |
|          |        or_ln71_fu_380       |    0    |    2    |
|          |       or_ln71_1_fu_386      |    0    |    2    |
|----------|-----------------------------|---------|---------|
|    xor   |          rev_fu_334         |    0    |    2    |
|          |         rev14_fu_356        |    0    |    2    |
|----------|-----------------------------|---------|---------|
|          |    add18_read_read_fu_98    |    0    |    0    |
|          |    add23_read_read_fu_104   |    0    |    0    |
|          |     P_3_read_read_fu_110    |    0    |    0    |
|   read   |    bound_read_read_fu_116   |    0    |    0    |
|          | div13_cast_read_read_fu_122 |    0    |    0    |
|          |   bound4_read_read_fu_128   |    0    |    0    |
|          |   bound17_read_read_fu_134  |    0    |    0    |
|          |   conv_a_read_read_fu_140   |    0    |    0    |
|----------|-----------------------------|---------|---------|
|   write  |   write_ln82_write_fu_146   |    0    |    0    |
|----------|-----------------------------|---------|---------|
|   Total  |                             |    0    |   1312  |
|----------|-----------------------------|---------|---------|

Memories:
N/A

* Register list:
+------------------------+--------+
|                        |   FF   |
+------------------------+--------+
|    P_3_read_reg_510    |   32   |
|   add18_read_reg_500   |   32   |
|   add23_read_reg_505   |   32   |
|  bound17_read_reg_533  |   120  |
|   bound4_read_reg_528  |   92   |
|   bound_read_reg_516   |   60   |
|    brmerge11_reg_542   |    1   |
| div13_cast_read_reg_522|   28   |
|    icmp_ln62_reg_538   |    1   |
|indvar_flatten12_reg_486|   92   |
|indvar_flatten33_reg_493|   120  |
| indvar_flatten_reg_472 |   60   |
|        k_reg_458       |   28   |
|     outData_reg_153    |   512  |
|        x_reg_465       |   32   |
|        y_reg_479       |   32   |
+------------------------+--------+
|          Total         |  1274  |
+------------------------+--------+

* Multiplexer (MUX) list: 
|--------|------|------|------|--------|
|  Comp  |  Pin | Size |  BW  | S x BW |
|--------|------|------|------|--------|
|  Total |      |      |      |    0   |
|--------|------|------|------|--------|



* Summary:
+-----------+--------+--------+
|           |   FF   |   LUT  |
+-----------+--------+--------+
|  Function |    0   |  1312  |
|   Memory  |    -   |    -   |
|Multiplexer|    -   |    -   |
|  Register |  1274  |    -   |
+-----------+--------+--------+
|   Total   |  1274  |  1312  |
+-----------+--------+--------+
