D:\Download\SDA\SDA\solution1\.autopilot\db\tools.pp.0.cpp:1447:7: warning: Added loop label VITIS_LOOP_1207_1:   [xilinx-label-all-loops]
      for (i = 0; i < __N - 1; ++i) {
      ^~~
      VITIS_LOOP_1207_1: 
D:\Download\SDA\SDA\solution1\.autopilot\db\tools.pp.0.cpp:1447:7: note: FIX-IT applied suggested code changes
D:\Download\SDA\SDA\solution1\.autopilot\db\tools.pp.0.cpp:2421:5: warning: Added loop label VITIS_LOOP_676_1:   [xilinx-label-all-loops]
    for (unsigned i = low; i != high; ++i) {
    ^~~
    VITIS_LOOP_676_1: 
D:\Download\SDA\SDA\solution1\.autopilot\db\tools.pp.0.cpp:2421:5: note: FIX-IT applied suggested code changes
D:\Download\SDA\SDA\solution1\.autopilot\db\tools.pp.0.cpp:2435:5: warning: Added loop label VITIS_LOOP_690_1:   [xilinx-label-all-loops]
    for (unsigned i = low; i != high; ++i) {
    ^~~
    VITIS_LOOP_690_1: 
D:\Download\SDA\SDA\solution1\.autopilot\db\tools.pp.0.cpp:2435:5: note: FIX-IT applied suggested code changes
D:\Download\SDA\SDA\solution1\.autopilot\db\tools.pp.0.cpp:2449:5: warning: Added loop label VITIS_LOOP_704_1:   [xilinx-label-all-loops]
    for (unsigned i = low; i != high; ++i) {
    ^~~
    VITIS_LOOP_704_1: 
D:\Download\SDA\SDA\solution1\.autopilot\db\tools.pp.0.cpp:2449:5: note: FIX-IT applied suggested code changes
D:\Download\SDA\SDA\solution1\.autopilot\db\tools.pp.0.cpp:4078:7: warning: Added loop label VITIS_LOOP_1247_1:   [xilinx-label-all-loops]
      for (i = 0; i < __N - 1; ++i) {
      ^~~
      VITIS_LOOP_1247_1: 
D:\Download\SDA\SDA\solution1\.autopilot\db\tools.pp.0.cpp:4078:7: note: FIX-IT applied suggested code changes
D:\Download\SDA\SDA\solution1\.autopilot\db\tools.pp.0.cpp:12375:5: warning: Added loop label VITIS_LOOP_7_1:   [xilinx-label-all-loops]
    for (unsigned i = 0; i < M; i++)
    ^~~
    VITIS_LOOP_7_1: 
D:\Download\SDA\SDA\solution1\.autopilot\db\tools.pp.0.cpp:12375:5: note: FIX-IT applied suggested code changes
D:\Download\SDA\SDA\solution1\.autopilot\db\tools.pp.0.cpp:12387:9: warning: Added loop label VITIS_LOOP_19_1:   [xilinx-label-all-loops]
        for (int g = 0; g < M / 16; g++)
        ^~~
        VITIS_LOOP_19_1: 
D:\Download\SDA\SDA\solution1\.autopilot\db\tools.pp.0.cpp:12387:9: note: FIX-IT applied suggested code changes
D:\Download\SDA\SDA\solution1\.autopilot\db\tools.pp.0.cpp:12390:2: warning: Added loop label VITIS_LOOP_22_2:   [xilinx-label-all-loops]
 for (int r = 0; r < R; r++)
 ^~~
 VITIS_LOOP_22_2: 
D:\Download\SDA\SDA\solution1\.autopilot\db\tools.pp.0.cpp:12390:2: note: FIX-IT applied suggested code changes
D:\Download\SDA\SDA\solution1\.autopilot\db\tools.pp.0.cpp:12393:2: warning: Added loop label VITIS_LOOP_25_3:   [xilinx-label-all-loops]
 for (int c = 0; c < C; c++)
 ^~~
 VITIS_LOOP_25_3: 
D:\Download\SDA\SDA\solution1\.autopilot\db\tools.pp.0.cpp:12393:2: note: FIX-IT applied suggested code changes
D:\Download\SDA\SDA\solution1\.autopilot\db\tools.pp.0.cpp:12396:2: warning: Added loop label VITIS_LOOP_28_4:   [xilinx-label-all-loops]
 for (int n = 0; n < N / 16; n++)
 ^~~
 VITIS_LOOP_28_4: 
D:\Download\SDA\SDA\solution1\.autopilot\db\tools.pp.0.cpp:12396:2: note: FIX-IT applied suggested code changes
D:\Download\SDA\SDA\solution1\.autopilot\db\tools.pp.0.cpp:12408:9: warning: Added loop label VITIS_LOOP_40_5:   [xilinx-label-all-loops]
        for (unsigned r = 0; r < R / 16; r++)
        ^~~
        VITIS_LOOP_40_5: 
D:\Download\SDA\SDA\solution1\.autopilot\db\tools.pp.0.cpp:12408:9: note: FIX-IT applied suggested code changes
D:\Download\SDA\SDA\solution1\.autopilot\db\tools.pp.0.cpp:12411:2: warning: Added loop label VITIS_LOOP_43_6:   [xilinx-label-all-loops]
 for (unsigned j = 0; j < M / 16; j++)
 ^~~
 VITIS_LOOP_43_6: 
D:\Download\SDA\SDA\solution1\.autopilot\db\tools.pp.0.cpp:12411:2: note: FIX-IT applied suggested code changes
D:\Download\SDA\SDA\solution1\.autopilot\db\tools.pp.0.cpp:12414:2: warning: Added loop label VITIS_LOOP_46_7:   [xilinx-label-all-loops]
 for (unsigned n = 0; n < N; n++)
 ^~~
 VITIS_LOOP_46_7: 
D:\Download\SDA\SDA\solution1\.autopilot\db\tools.pp.0.cpp:12414:2: note: FIX-IT applied suggested code changes
D:\Download\SDA\SDA\solution1\.autopilot\db\tools.pp.0.cpp:12430:5: warning: Added loop label VITIS_LOOP_62_1:   [xilinx-label-all-loops]
    for (int g = 0; g < M / 16; g++)
    ^~~
    VITIS_LOOP_62_1: 
D:\Download\SDA\SDA\solution1\.autopilot\db\tools.pp.0.cpp:12430:5: note: FIX-IT applied suggested code changes
D:\Download\SDA\SDA\solution1\.autopilot\db\tools.pp.0.cpp:12433:2: warning: Added loop label VITIS_LOOP_65_2:   [xilinx-label-all-loops]
 for (unsigned y = 0; y < (R + 2 * P); y++)
 ^~~
 VITIS_LOOP_65_2: 
D:\Download\SDA\SDA\solution1\.autopilot\db\tools.pp.0.cpp:12433:2: note: FIX-IT applied suggested code changes
D:\Download\SDA\SDA\solution1\.autopilot\db\tools.pp.0.cpp:12436:2: warning: Added loop label VITIS_LOOP_68_3:   [xilinx-label-all-loops]
 for (unsigned x = 0; x < (C + 2 * P); x++)
 ^~~
 VITIS_LOOP_68_3: 
D:\Download\SDA\SDA\solution1\.autopilot\db\tools.pp.0.cpp:12436:2: note: FIX-IT applied suggested code changes
D:\Download\SDA\SDA\solution1\.autopilot\db\tools.pp.0.cpp:12439:2: warning: Added loop label VITIS_LOOP_71_4:   [xilinx-label-all-loops]
 for (unsigned k = 0; k < N / 16; k++)
 ^~~
 VITIS_LOOP_71_4: 
D:\Download\SDA\SDA\solution1\.autopilot\db\tools.pp.0.cpp:12439:2: note: FIX-IT applied suggested code changes
D:\Download\SDA\SDA\solution1\.autopilot\db\tools.pp.0.cpp:12482:5: warning: Added loop label VITIS_LOOP_114_1:   [xilinx-label-all-loops]
    for (int g = 0; g < M / 16; g++)
    ^~~
    VITIS_LOOP_114_1: 
D:\Download\SDA\SDA\solution1\.autopilot\db\tools.pp.0.cpp:12482:5: note: FIX-IT applied suggested code changes
D:\Download\SDA\SDA\solution1\.autopilot\db\tools.pp.0.cpp:12485:2: warning: Added loop label VITIS_LOOP_117_2:   [xilinx-label-all-loops]
 for (unsigned rep = 0; rep < baseIter; rep++)
 ^~~
 VITIS_LOOP_117_2: 
D:\Download\SDA\SDA\solution1\.autopilot\db\tools.pp.0.cpp:12485:2: note: FIX-IT applied suggested code changes
D:\Download\SDA\SDA\solution1\.autopilot\db\tools.pp.0.cpp:12569:5: warning: Added loop label VITIS_LOOP_201_1:   [xilinx-label-all-loops]
    for (unsigned long rep = 0; rep < num_a_sa; rep++)
    ^~~
    VITIS_LOOP_201_1: 
D:\Download\SDA\SDA\solution1\.autopilot\db\tools.pp.0.cpp:12569:5: note: FIX-IT applied suggested code changes
D:\Download\SDA\SDA\solution1\.autopilot\db\tools.pp.0.cpp:12581:9: warning: Added loop label VITIS_LOOP_213_2:   [xilinx-label-all-loops]
        for (unsigned r = 0; r < (16 / 4); r++)
        ^~~
        VITIS_LOOP_213_2: 
D:\Download\SDA\SDA\solution1\.autopilot\db\tools.pp.0.cpp:12581:9: note: FIX-IT applied suggested code changes
D:\Download\SDA\SDA\solution1\.autopilot\db\tools.pp.0.cpp:12584:13: warning: Added loop label VITIS_LOOP_216_3:   [xilinx-label-all-loops]
            for (unsigned c = 0; c < (16 / 4); c++)
            ^~~
            VITIS_LOOP_216_3: 
D:\Download\SDA\SDA\solution1\.autopilot\db\tools.pp.0.cpp:12584:13: note: FIX-IT applied suggested code changes
D:\Download\SDA\SDA\solution1\.autopilot\db\tools.pp.0.cpp:12597:9: warning: Added loop label VITIS_LOOP_229_1:   [xilinx-label-all-loops]
        for (int m = 0; m < M / 16; m++)
        ^~~
        VITIS_LOOP_229_1: 
D:\Download\SDA\SDA\solution1\.autopilot\db\tools.pp.0.cpp:12597:9: note: FIX-IT applied suggested code changes
D:\Download\SDA\SDA\solution1\.autopilot\db\tools.pp.0.cpp:12600:2: warning: Added loop label VITIS_LOOP_232_2:   [xilinx-label-all-loops]
 for (int i = 0; i < (16 / 4); i++)
 ^~~
 VITIS_LOOP_232_2: 
D:\Download\SDA\SDA\solution1\.autopilot\db\tools.pp.0.cpp:12600:2: note: FIX-IT applied suggested code changes
D:\Download\SDA\SDA\solution1\.autopilot\db\tools.pp.0.cpp:12602:17: warning: Added loop label VITIS_LOOP_234_3:   [xilinx-label-all-loops]
                for (unsigned r = 0; r < (R + 2 * P - K) / S + 1; r++)
                ^~~
                VITIS_LOOP_234_3: 
D:\Download\SDA\SDA\solution1\.autopilot\db\tools.pp.0.cpp:12602:17: note: FIX-IT applied suggested code changes
D:\Download\SDA\SDA\solution1\.autopilot\db\tools.pp.0.cpp:12605:2: warning: Added loop label VITIS_LOOP_237_4:   [xilinx-label-all-loops]
 for (int j = 0; j < K * K * N / 16 * 16 / (16 / 4); j++)
 ^~~
 VITIS_LOOP_237_4: 
D:\Download\SDA\SDA\solution1\.autopilot\db\tools.pp.0.cpp:12605:2: note: FIX-IT applied suggested code changes
D:\Download\SDA\SDA\solution1\.autopilot\db\tools.pp.0.cpp:12619:9: warning: Added loop label VITIS_LOOP_251_5:   [xilinx-label-all-loops]
        for (unsigned rep = 0; rep < R / 16; rep++)
        ^~~
        VITIS_LOOP_251_5: 
D:\Download\SDA\SDA\solution1\.autopilot\db\tools.pp.0.cpp:12619:9: note: FIX-IT applied suggested code changes
D:\Download\SDA\SDA\solution1\.autopilot\db\tools.pp.0.cpp:12622:2: warning: Added loop label VITIS_LOOP_254_6:   [xilinx-label-all-loops]
 for (int m = 0; m < M / 16; m++)
 ^~~
 VITIS_LOOP_254_6: 
D:\Download\SDA\SDA\solution1\.autopilot\db\tools.pp.0.cpp:12622:2: note: FIX-IT applied suggested code changes
D:\Download\SDA\SDA\solution1\.autopilot\db\tools.pp.0.cpp:12625:2: warning: Added loop label VITIS_LOOP_257_7:   [xilinx-label-all-loops]
 for (int n = 0; n < N; n++)
 ^~~
 VITIS_LOOP_257_7: 
D:\Download\SDA\SDA\solution1\.autopilot\db\tools.pp.0.cpp:12625:2: note: FIX-IT applied suggested code changes
D:\Download\SDA\SDA\solution1\.autopilot\db\tools.pp.0.cpp:12643:5: warning: Added loop label VITIS_LOOP_275_1:   [xilinx-label-all-loops]
    for (unsigned g = 0; g < num_w_in; g++)
    ^~~
    VITIS_LOOP_275_1: 
D:\Download\SDA\SDA\solution1\.autopilot\db\tools.pp.0.cpp:12643:5: note: FIX-IT applied suggested code changes
D:\Download\SDA\SDA\solution1\.autopilot\db\tools.pp.0.cpp:12646:2: warning: Added loop label VITIS_LOOP_278_2:   [xilinx-label-all-loops]
 for (unsigned c = 0; c < (16 / 4); c++)
 ^~~
 VITIS_LOOP_278_2: 
D:\Download\SDA\SDA\solution1\.autopilot\db\tools.pp.0.cpp:12646:2: note: FIX-IT applied suggested code changes
D:\Download\SDA\SDA\solution1\.autopilot\db\tools.pp.0.cpp:12649:13: warning: Added loop label VITIS_LOOP_281_3:   [xilinx-label-all-loops]
            for (unsigned r = 0; r < (16 / 4); r++)
            ^~~
            VITIS_LOOP_281_3: 
D:\Download\SDA\SDA\solution1\.autopilot\db\tools.pp.0.cpp:12649:13: note: FIX-IT applied suggested code changes
D:\Download\SDA\SDA\solution1\.autopilot\db\tools.pp.0.cpp:12663:5: warning: Added loop label VITIS_LOOP_295_1:   [xilinx-label-all-loops]
    for (unsigned long long rep = 0; rep < num_w_in; rep++)
    ^~~
    VITIS_LOOP_295_1: 
D:\Download\SDA\SDA\solution1\.autopilot\db\tools.pp.0.cpp:12663:5: note: FIX-IT applied suggested code changes
D:\Download\SDA\SDA\solution1\.autopilot\db\tools.pp.0.cpp:12668:9: warning: Added loop label VITIS_LOOP_300_2:   [xilinx-label-all-loops]
        for (unsigned c = 0; c < (16 / 4); c++)
        ^~~
        VITIS_LOOP_300_2: 
D:\Download\SDA\SDA\solution1\.autopilot\db\tools.pp.0.cpp:12668:9: note: FIX-IT applied suggested code changes
D:\Download\SDA\SDA\solution1\.autopilot\db\tools.pp.0.cpp:12671:13: warning: Added loop label VITIS_LOOP_303_3:   [xilinx-label-all-loops]
            for (unsigned r = 0; r < (16 / 4); r++)
            ^~~
            VITIS_LOOP_303_3: 
D:\Download\SDA\SDA\solution1\.autopilot\db\tools.pp.0.cpp:12671:13: note: FIX-IT applied suggested code changes
D:\Download\SDA\SDA\solution1\.autopilot\db\tools.pp.0.cpp:12682:5: warning: Added loop label VITIS_LOOP_314_1:   [xilinx-label-all-loops]
    for (unsigned i = 0; i < num_w_sa; i++)
    ^~~
    VITIS_LOOP_314_1: 
D:\Download\SDA\SDA\solution1\.autopilot\db\tools.pp.0.cpp:12682:5: note: FIX-IT applied suggested code changes
D:\Download\SDA\SDA\solution1\.autopilot\db\tools.pp.0.cpp:12686:2: warning: Added loop label VITIS_LOOP_318_2:   [xilinx-label-all-loops]
 for (unsigned x = 0; x < (16 / 4); x++)
 ^~~
 VITIS_LOOP_318_2: 
D:\Download\SDA\SDA\solution1\.autopilot\db\tools.pp.0.cpp:12686:2: note: FIX-IT applied suggested code changes
D:\Download\SDA\SDA\solution1\.autopilot\db\tools.pp.0.cpp:12688:13: warning: Added loop label VITIS_LOOP_320_3:   [xilinx-label-all-loops]
            for (unsigned y = 0; y < (16 / 4); y++)
            ^~~
            VITIS_LOOP_320_3: 
D:\Download\SDA\SDA\solution1\.autopilot\db\tools.pp.0.cpp:12688:13: note: FIX-IT applied suggested code changes
D:\Download\SDA\SDA\solution1\.autopilot\db\tools.pp.0.cpp:12731:5: warning: Added loop label VITIS_LOOP_363_1:   [xilinx-label-all-loops]
    for (unsigned i = 0; i < 4; i++)
    ^~~
    VITIS_LOOP_363_1: 
D:\Download\SDA\SDA\solution1\.autopilot\db\tools.pp.0.cpp:12731:5: note: FIX-IT applied suggested code changes
D:\Download\SDA\SDA\solution1\.autopilot\db\tools.pp.0.cpp:12736:5: warning: Added loop label VITIS_LOOP_368_2:   [xilinx-label-all-loops]
    for (unsigned i = 0; i < 4; i++)
    ^~~
    VITIS_LOOP_368_2: 
D:\Download\SDA\SDA\solution1\.autopilot\db\tools.pp.0.cpp:12736:5: note: FIX-IT applied suggested code changes
D:\Download\SDA\SDA\solution1\.autopilot\db\tools.pp.0.cpp:12741:5: warning: Added loop label VITIS_LOOP_373_3:   [xilinx-label-all-loops]
    for (unsigned j = 0; j < 4; j++)
    ^~~
    VITIS_LOOP_373_3: 
D:\Download\SDA\SDA\solution1\.autopilot\db\tools.pp.0.cpp:12741:5: note: FIX-IT applied suggested code changes
D:\Download\SDA\SDA\solution1\.autopilot\db\tools.pp.0.cpp:12744:2: warning: Added loop label VITIS_LOOP_376_4:   [xilinx-label-all-loops]
 for (unsigned i = 0; i < 4; i++)
 ^~~
 VITIS_LOOP_376_4: 
D:\Download\SDA\SDA\solution1\.autopilot\db\tools.pp.0.cpp:12744:2: note: FIX-IT applied suggested code changes
D:\Download\SDA\SDA\solution1\.autopilot\db\tools.pp.0.cpp:12753:5: warning: Added loop label VITIS_LOOP_385_5:   [xilinx-label-all-loops]
    for (unsigned rep = 0; rep < num_a_sa + 4 + 4 - 2; rep++)
    ^~~
    VITIS_LOOP_385_5: 
D:\Download\SDA\SDA\solution1\.autopilot\db\tools.pp.0.cpp:12753:5: note: FIX-IT applied suggested code changes
D:\Download\SDA\SDA\solution1\.autopilot\db\tools.pp.0.cpp:12778:9: warning: Added loop label VITIS_LOOP_410_6:   [xilinx-label-all-loops]
        for (unsigned i = 0; i < 4; i++)
        ^~~
        VITIS_LOOP_410_6: 
D:\Download\SDA\SDA\solution1\.autopilot\db\tools.pp.0.cpp:12778:9: note: FIX-IT applied suggested code changes
D:\Download\SDA\SDA\solution1\.autopilot\db\tools.pp.0.cpp:12798:13: warning: Added loop label VITIS_LOOP_430_7:   [xilinx-label-all-loops]
            for (unsigned k = 0; k < 4; k++)
            ^~~
            VITIS_LOOP_430_7: 
D:\Download\SDA\SDA\solution1\.autopilot\db\tools.pp.0.cpp:12798:13: note: FIX-IT applied suggested code changes
D:\Download\SDA\SDA\solution1\.autopilot\db\tools.pp.0.cpp:12808:13: warning: Added loop label VITIS_LOOP_440_8:   [xilinx-label-all-loops]
            for (unsigned i = 0; i < 4; i++)
            ^~~
            VITIS_LOOP_440_8: 
D:\Download\SDA\SDA\solution1\.autopilot\db\tools.pp.0.cpp:12808:13: note: FIX-IT applied suggested code changes
D:\Download\SDA\SDA\solution1\.autopilot\db\tools.pp.0.cpp:12821:13: warning: Added loop label VITIS_LOOP_453_9:   [xilinx-label-all-loops]
            for (unsigned m = 4 - 1; m > 0; m--)
            ^~~
            VITIS_LOOP_453_9: 
D:\Download\SDA\SDA\solution1\.autopilot\db\tools.pp.0.cpp:12821:13: note: FIX-IT applied suggested code changes
D:\Download\SDA\SDA\solution1\.autopilot\db\tools.pp.0.cpp:12826:13: warning: Added loop label VITIS_LOOP_458_10:   [xilinx-label-all-loops]
            for (unsigned m = 4 - 1; m > 0; m--)
            ^~~
            VITIS_LOOP_458_10: 
D:\Download\SDA\SDA\solution1\.autopilot\db\tools.pp.0.cpp:12826:13: note: FIX-IT applied suggested code changes
D:\Download\SDA\SDA\solution1\.autopilot\db\tools.pp.0.cpp:12833:9: warning: Added loop label VITIS_LOOP_465_11:   [xilinx-label-all-loops]
        for (int j = 4 - 1; j >= 0; j--)
        ^~~
        VITIS_LOOP_465_11: 
D:\Download\SDA\SDA\solution1\.autopilot\db\tools.pp.0.cpp:12833:9: note: FIX-IT applied suggested code changes
D:\Download\SDA\SDA\solution1\.autopilot\db\tools.pp.0.cpp:12836:2: warning: Added loop label VITIS_LOOP_468_12:   [xilinx-label-all-loops]
 for (int i = 4 - 1; i >= 0; i--)
 ^~~
 VITIS_LOOP_468_12: 
D:\Download\SDA\SDA\solution1\.autopilot\db\tools.pp.0.cpp:12836:2: note: FIX-IT applied suggested code changes
D:\Download\SDA\SDA\solution1\.autopilot\db\tools.pp.0.cpp:12888:13: warning: Added loop label VITIS_LOOP_520_13:   [xilinx-label-all-loops]
            for (int i = 0; i < 4; i++)
            ^~~
            VITIS_LOOP_520_13: 
D:\Download\SDA\SDA\solution1\.autopilot\db\tools.pp.0.cpp:12888:13: note: FIX-IT applied suggested code changes
D:\Download\SDA\SDA\solution1\.autopilot\db\tools.pp.0.cpp:12902:17: warning: Added loop label VITIS_LOOP_534_14:   [xilinx-label-all-loops]
                for (int i = 0; i < 4; i++)
                ^~~
                VITIS_LOOP_534_14: 
D:\Download\SDA\SDA\solution1\.autopilot\db\tools.pp.0.cpp:12902:17: note: FIX-IT applied suggested code changes
D:\Download\SDA\SDA\solution1\.autopilot\db\tools.pp.0.cpp:12922:5: warning: Added loop label VITIS_LOOP_554_1:   [xilinx-label-all-loops]
    for (unsigned r = 0; r < (16 / 4); r++)
    ^~~
    VITIS_LOOP_554_1: 
D:\Download\SDA\SDA\solution1\.autopilot\db\tools.pp.0.cpp:12922:5: note: FIX-IT applied suggested code changes
D:\Download\SDA\SDA\solution1\.autopilot\db\tools.pp.0.cpp:12925:2: warning: Added loop label VITIS_LOOP_557_2:   [xilinx-label-all-loops]
 for (unsigned c = 0; c < (16 / 4); c++)
 ^~~
 VITIS_LOOP_557_2: 
D:\Download\SDA\SDA\solution1\.autopilot\db\tools.pp.0.cpp:12925:2: note: FIX-IT applied suggested code changes
D:\Download\SDA\SDA\solution1\.autopilot\db\tools.pp.0.cpp:12938:9: warning: Added loop label VITIS_LOOP_570_1:   [xilinx-label-all-loops]
        for (unsigned h = 0; h < numlines; h++)
        ^~~
        VITIS_LOOP_570_1: 
D:\Download\SDA\SDA\solution1\.autopilot\db\tools.pp.0.cpp:12938:9: note: FIX-IT applied suggested code changes
D:\Download\SDA\SDA\solution1\.autopilot\db\tools.pp.0.cpp:12942:2: warning: Added loop label VITIS_LOOP_574_2:   [xilinx-label-all-loops]
 for (unsigned c = 0; c < (16 / 4); c++)
 ^~~
 VITIS_LOOP_574_2: 
D:\Download\SDA\SDA\solution1\.autopilot\db\tools.pp.0.cpp:12942:2: note: FIX-IT applied suggested code changes
D:\Download\SDA\SDA\solution1\.autopilot\db\tools.pp.0.cpp:12944:17: warning: Added loop label VITIS_LOOP_576_3:   [xilinx-label-all-loops]
                for (unsigned m = 0; m < 4; m++)
                ^~~
                VITIS_LOOP_576_3: 
D:\Download\SDA\SDA\solution1\.autopilot\db\tools.pp.0.cpp:12944:17: note: FIX-IT applied suggested code changes
D:\Download\SDA\SDA\solution1\.autopilot\db\tools.pp.0.cpp:12946:21: warning: Added loop label VITIS_LOOP_578_4:   [xilinx-label-all-loops]
                    for (unsigned r = 0; r < (16 / 4); r++)
                    ^~~
                    VITIS_LOOP_578_4: 
D:\Download\SDA\SDA\solution1\.autopilot\db\tools.pp.0.cpp:12946:21: note: FIX-IT applied suggested code changes
D:\Download\SDA\SDA\solution1\.autopilot\db\tools.pp.0.cpp:12960:9: warning: Added loop label VITIS_LOOP_592_5:   [xilinx-label-all-loops]
        for (unsigned l = 0; l < R / 16; l++)
        ^~~
        VITIS_LOOP_592_5: 
D:\Download\SDA\SDA\solution1\.autopilot\db\tools.pp.0.cpp:12960:9: note: FIX-IT applied suggested code changes
D:\Download\SDA\SDA\solution1\.autopilot\db\tools.pp.0.cpp:12963:2: warning: Added loop label VITIS_LOOP_595_6:   [xilinx-label-all-loops]
 for (unsigned m = 0; m < M / 16; m++)
 ^~~
 VITIS_LOOP_595_6: 
D:\Download\SDA\SDA\solution1\.autopilot\db\tools.pp.0.cpp:12963:2: note: FIX-IT applied suggested code changes
D:\Download\SDA\SDA\solution1\.autopilot\db\tools.pp.0.cpp:12966:2: warning: Added loop label VITIS_LOOP_598_7:   [xilinx-label-all-loops]
 for (unsigned r = 0; r < (16 / 4); r++)
 ^~~
 VITIS_LOOP_598_7: 
D:\Download\SDA\SDA\solution1\.autopilot\db\tools.pp.0.cpp:12966:2: note: FIX-IT applied suggested code changes
D:\Download\SDA\SDA\solution1\.autopilot\db\tools.pp.0.cpp:12968:21: warning: Added loop label VITIS_LOOP_600_8:   [xilinx-label-all-loops]
                    for (unsigned rep = 0; rep < 4; rep++)
                    ^~~
                    VITIS_LOOP_600_8: 
D:\Download\SDA\SDA\solution1\.autopilot\db\tools.pp.0.cpp:12968:21: note: FIX-IT applied suggested code changes
D:\Download\SDA\SDA\solution1\.autopilot\db\tools.pp.0.cpp:12970:25: warning: Added loop label VITIS_LOOP_602_9:   [xilinx-label-all-loops]
                        for (unsigned c = 0; c < (16 / 4); c++)
                        ^~~
                        VITIS_LOOP_602_9: 
D:\Download\SDA\SDA\solution1\.autopilot\db\tools.pp.0.cpp:12970:25: note: FIX-IT applied suggested code changes
D:\Download\SDA\SDA\solution1\.autopilot\db\tools.pp.0.cpp:12972:29: warning: Added loop label VITIS_LOOP_604_10:   [xilinx-label-all-loops]
                            for (unsigned y = 0; y < 4; y++)
                            ^~~
                            VITIS_LOOP_604_10: 
D:\Download\SDA\SDA\solution1\.autopilot\db\tools.pp.0.cpp:12972:29: note: FIX-IT applied suggested code changes
D:\Download\SDA\SDA\solution1\.autopilot\db\tools.pp.0.cpp:12992:2: warning: Added loop label VITIS_LOOP_624_1:   [xilinx-label-all-loops]
 for (int rep = 0; rep < M / 16; rep++)
 ^~~
 VITIS_LOOP_624_1: 
D:\Download\SDA\SDA\solution1\.autopilot\db\tools.pp.0.cpp:12992:2: note: FIX-IT applied suggested code changes
D:\Download\SDA\SDA\solution1\.autopilot\db\tools.pp.0.cpp:12995:2: warning: Added loop label VITIS_LOOP_627_2:   [xilinx-label-all-loops]
 for (int r = 0; r < OUT_R; r++)
 ^~~
 VITIS_LOOP_627_2: 
D:\Download\SDA\SDA\solution1\.autopilot\db\tools.pp.0.cpp:12995:2: note: FIX-IT applied suggested code changes
D:\Download\SDA\SDA\solution1\.autopilot\db\tools.pp.0.cpp:12998:2: warning: Added loop label VITIS_LOOP_630_3:   [xilinx-label-all-loops]
 for (int j = 0; j < N / 16 * K * K; j++)
 ^~~
 VITIS_LOOP_630_3: 
D:\Download\SDA\SDA\solution1\.autopilot\db\tools.pp.0.cpp:12998:2: note: FIX-IT applied suggested code changes
D:\Download\SDA\SDA\solution1\.autopilot\db\tools.pp.0.cpp:13001:2: warning: Added loop label VITIS_LOOP_633_4:   [xilinx-label-all-loops]
 for (int c = 0; c < OUT_C; c++)
 ^~~
 VITIS_LOOP_633_4: 
D:\Download\SDA\SDA\solution1\.autopilot\db\tools.pp.0.cpp:13001:2: note: FIX-IT applied suggested code changes
D:\Download\SDA\SDA\solution1\.autopilot\db\tools.pp.0.cpp:13004:2: warning: Added loop label VITIS_LOOP_636_5:   [xilinx-label-all-loops]
 for (int s = 0; s < 16; s++)
 ^~~
 VITIS_LOOP_636_5: 
D:\Download\SDA\SDA\solution1\.autopilot\db\tools.pp.0.cpp:13004:2: note: FIX-IT applied suggested code changes
D:\Download\SDA\SDA\solution1\.autopilot\db\tools.pp.0.cpp:13031:5: warning: Added loop label VITIS_LOOP_663_1:   [xilinx-label-all-loops]
    for (unsigned i = 0; i < M / 16; i++)
    ^~~
    VITIS_LOOP_663_1: 
D:\Download\SDA\SDA\solution1\.autopilot\db\tools.pp.0.cpp:13031:5: note: FIX-IT applied suggested code changes
D:\Download\SDA\SDA\solution1\.autopilot\db\tools.pp.0.cpp:13034:2: warning: Added loop label VITIS_LOOP_666_2:   [xilinx-label-all-loops]
 for (int y = 0; y < 4; y++)
 ^~~
 VITIS_LOOP_666_2: 
D:\Download\SDA\SDA\solution1\.autopilot\db\tools.pp.0.cpp:13034:2: note: FIX-IT applied suggested code changes
D:\Download\SDA\SDA\solution1\.autopilot\db\tools.pp.0.cpp:13036:13: warning: Added loop label VITIS_LOOP_668_3:   [xilinx-label-all-loops]
            for (int s = 0; s < (16 / 4); s++)
            ^~~
            VITIS_LOOP_668_3: 
D:\Download\SDA\SDA\solution1\.autopilot\db\tools.pp.0.cpp:13036:13: note: FIX-IT applied suggested code changes
D:\Download\SDA\SDA\solution1\.autopilot\db\tools.pp.0.cpp:13038:17: warning: Added loop label VITIS_LOOP_670_4:   [xilinx-label-all-loops]
                for (unsigned j = 0; j < out_r * out_c; j++)
                ^~~
                VITIS_LOOP_670_4: 
D:\Download\SDA\SDA\solution1\.autopilot\db\tools.pp.0.cpp:13038:17: note: FIX-IT applied suggested code changes
D:\Download\SDA\SDA\solution1\.autopilot\db\tools.pp.0.cpp:13056:5: warning: Added loop label VITIS_LOOP_688_1:   [xilinx-label-all-loops]
    for (unsigned m = 0; m < M; m++)
    ^~~
    VITIS_LOOP_688_1: 
D:\Download\SDA\SDA\solution1\.autopilot\db\tools.pp.0.cpp:13056:5: note: FIX-IT applied suggested code changes
D:\Download\SDA\SDA\solution1\.autopilot\db\tools.pp.0.cpp:13059:2: warning: Added loop label VITIS_LOOP_691_2:   [xilinx-label-all-loops]
 for (unsigned i = 0; i < out_r * out_c; i++)
 ^~~
 VITIS_LOOP_691_2: 
D:\Download\SDA\SDA\solution1\.autopilot\db\tools.pp.0.cpp:13059:2: note: FIX-IT applied suggested code changes
D:\Download\SDA\SDA\solution1\.autopilot\db\tools.pp.0.cpp:13065:17: warning: Added loop label VITIS_LOOP_697_3:   [xilinx-label-all-loops]
                for (unsigned j = 0; j < 4; j++)
                ^~~
                VITIS_LOOP_697_3: 
D:\Download\SDA\SDA\solution1\.autopilot\db\tools.pp.0.cpp:13065:17: note: FIX-IT applied suggested code changes
D:\Download\SDA\SDA\solution1\.autopilot\db\tools.pp.0.cpp:13086:9: warning: Added loop label VITIS_LOOP_718_1:   [xilinx-label-all-loops]
        for (unsigned m = 0; m < M; m++)
        ^~~
        VITIS_LOOP_718_1: 
D:\Download\SDA\SDA\solution1\.autopilot\db\tools.pp.0.cpp:13086:9: note: FIX-IT applied suggested code changes
D:\Download\SDA\SDA\solution1\.autopilot\db\tools.pp.0.cpp:13089:2: warning: Added loop label VITIS_LOOP_721_2:   [xilinx-label-all-loops]
 for (unsigned r = 0; r < (R + 2 * P - K) / S + 1; r++)
 ^~~
 VITIS_LOOP_721_2: 
D:\Download\SDA\SDA\solution1\.autopilot\db\tools.pp.0.cpp:13089:2: note: FIX-IT applied suggested code changes
D:\Download\SDA\SDA\solution1\.autopilot\db\tools.pp.0.cpp:13092:2: warning: Added loop label VITIS_LOOP_724_3:   [xilinx-label-all-loops]
 for (unsigned c = 0; c < (C + 2 * P - K) / S + 1; c++)
 ^~~
 VITIS_LOOP_724_3: 
D:\Download\SDA\SDA\solution1\.autopilot\db\tools.pp.0.cpp:13092:2: note: FIX-IT applied suggested code changes
D:\Download\SDA\SDA\solution1\.autopilot\db\tools.pp.0.cpp:13102:9: warning: Added loop label VITIS_LOOP_734_4:   [xilinx-label-all-loops]
        for (int i = 0; i < R; i++)
        ^~~
        VITIS_LOOP_734_4: 
D:\Download\SDA\SDA\solution1\.autopilot\db\tools.pp.0.cpp:13102:9: note: FIX-IT applied suggested code changes
D:\Download\SDA\SDA\solution1\.autopilot\db\tools.pp.0.cpp:13105:2: warning: Added loop label VITIS_LOOP_737_5:   [xilinx-label-all-loops]
 for (int j = 0; j < M / 16; j++)
 ^~~
 VITIS_LOOP_737_5: 
D:\Download\SDA\SDA\solution1\.autopilot\db\tools.pp.0.cpp:13105:2: note: FIX-IT applied suggested code changes
D:\Download\SDA\SDA\solution1\.autopilot\db\tools.pp.0.cpp:13108:17: warning: Added loop label VITIS_LOOP_740_6:   [xilinx-label-all-loops]
                for (int y = 0; y < 4; y++)
                ^~~
                VITIS_LOOP_740_6: 
D:\Download\SDA\SDA\solution1\.autopilot\db\tools.pp.0.cpp:13108:17: note: FIX-IT applied suggested code changes
D:\Download\SDA\SDA\solution1\.autopilot\db\tools.pp.0.cpp:13110:21: warning: Added loop label VITIS_LOOP_742_7:   [xilinx-label-all-loops]
                    for (int s = 0; s < (16 / 4); s++)
                    ^~~
                    VITIS_LOOP_742_7: 
D:\Download\SDA\SDA\solution1\.autopilot\db\tools.pp.0.cpp:13110:21: note: FIX-IT applied suggested code changes
