In file included from tools.cpp:1:
In file included from ./tools.h:5:
D:/Applications/Xilinx/Vitis_HLS/2023.2/common/technology/autopilot\ap_axi_sdata.h:135:9: warning: HLS pragma dump _XLX_SEP_ PragmaIsValid=1_XLX_SEP_ PragmaType=inline_XLX_SEP_ PragmaContext=_XLX_SEP_ PragmaFunction=get_data_XLX_SEP_ PragmaOptions=_XLX_SEP_ [-Wdump-hls-pragmas]
#pragma HLS inline
        ^
D:/Applications/Xilinx/Vitis_HLS/2023.2/common/technology/autopilot\ap_axi_sdata.h:140:9: warning: HLS pragma dump _XLX_SEP_ PragmaIsValid=1_XLX_SEP_ PragmaType=inline_XLX_SEP_ PragmaContext=_XLX_SEP_ PragmaFunction=set_data_XLX_SEP_ PragmaOptions=_XLX_SEP_ [-Wdump-hls-pragmas]
#pragma HLS inline
        ^
D:/Applications/Xilinx/Vitis_HLS/2023.2/common/technology/autopilot\ap_axi_sdata.h:205:9: warning: HLS pragma dump _XLX_SEP_ PragmaIsValid=1_XLX_SEP_ PragmaType=inline_XLX_SEP_ PragmaContext=_XLX_SEP_ PragmaFunction=keep_all_XLX_SEP_ PragmaOptions=_XLX_SEP_ [-Wdump-hls-pragmas]
#pragma HLS inline
        ^
D:/Applications/Xilinx/Vitis_HLS/2023.2/common/technology/autopilot\ap_axi_sdata.h:317:9: warning: HLS pragma dump _XLX_SEP_ PragmaIsValid=1_XLX_SEP_ PragmaType=inline_XLX_SEP_ PragmaContext=_XLX_SEP_ PragmaFunction=empty_XLX_SEP_ PragmaOptions=_XLX_SEP_ [-Wdump-hls-pragmas]
#pragma HLS inline
        ^
D:/Applications/Xilinx/Vitis_HLS/2023.2/common/technology/autopilot\ap_axi_sdata.h:325:9: warning: HLS pragma dump _XLX_SEP_ PragmaIsValid=1_XLX_SEP_ PragmaType=inline_XLX_SEP_ PragmaContext=_XLX_SEP_ PragmaFunction=full_XLX_SEP_ PragmaOptions=_XLX_SEP_ [-Wdump-hls-pragmas]
#pragma HLS inline
        ^
D:/Applications/Xilinx/Vitis_HLS/2023.2/common/technology/autopilot\ap_axi_sdata.h:334:9: warning: HLS pragma dump _XLX_SEP_ PragmaIsValid=1_XLX_SEP_ PragmaType=inline_XLX_SEP_ PragmaContext=_XLX_SEP_ PragmaFunction=read_XLX_SEP_ PragmaOptions=_XLX_SEP_ [-Wdump-hls-pragmas]
#pragma HLS inline
        ^
D:/Applications/Xilinx/Vitis_HLS/2023.2/common/technology/autopilot\ap_axi_sdata.h:345:9: warning: HLS pragma dump _XLX_SEP_ PragmaIsValid=1_XLX_SEP_ PragmaType=inline_XLX_SEP_ PragmaContext=_XLX_SEP_ PragmaFunction=read_XLX_SEP_ PragmaOptions=_XLX_SEP_ [-Wdump-hls-pragmas]
#pragma HLS inline
        ^
D:/Applications/Xilinx/Vitis_HLS/2023.2/common/technology/autopilot\ap_axi_sdata.h:357:9: warning: HLS pragma dump _XLX_SEP_ PragmaIsValid=1_XLX_SEP_ PragmaType=inline_XLX_SEP_ PragmaContext=_XLX_SEP_ PragmaFunction=write_XLX_SEP_ PragmaOptions=_XLX_SEP_ [-Wdump-hls-pragmas]
#pragma HLS inline
        ^
D:/Applications/Xilinx/Vitis_HLS/2023.2/common/technology/autopilot\ap_axi_sdata.h:368:9: warning: HLS pragma dump _XLX_SEP_ PragmaIsValid=1_XLX_SEP_ PragmaType=inline_XLX_SEP_ PragmaContext=_XLX_SEP_ PragmaFunction=read_nb_XLX_SEP_ PragmaOptions=_XLX_SEP_ [-Wdump-hls-pragmas]
#pragma HLS inline
        ^
D:/Applications/Xilinx/Vitis_HLS/2023.2/common/technology/autopilot\ap_axi_sdata.h:385:9: warning: HLS pragma dump _XLX_SEP_ PragmaIsValid=1_XLX_SEP_ PragmaType=inline_XLX_SEP_ PragmaContext=_XLX_SEP_ PragmaFunction=write_nb_XLX_SEP_ PragmaOptions=_XLX_SEP_ [-Wdump-hls-pragmas]
#pragma HLS inline
        ^
tools.cpp:9:9: warning: HLS pragma dump _XLX_SEP_ PragmaIsValid=1_XLX_SEP_ PragmaType=loop_tripcount_XLX_SEP_ PragmaContext=_XLX_SEP_ PragmaFunction=ConvertBias_BN_XLX_SEP_ PragmaOptions=max = 16 min = 16_XLX_SEP_ [-Wdump-hls-pragmas]
#pragma HLS LOOP_TRIPCOUNT max = 16 min = 16
        ^
tools.cpp:21:9: warning: HLS pragma dump _XLX_SEP_ PragmaIsValid=1_XLX_SEP_ PragmaType=loop_tripcount_XLX_SEP_ PragmaContext=_XLX_SEP_ PragmaFunction=ConvertInputToStream_XLX_SEP_ PragmaOptions=max = 16 / 16 min = 16 / 16_XLX_SEP_ [-Wdump-hls-pragmas]
#pragma HLS LOOP_TRIPCOUNT max = 16 / 16 min = 16 / 16
        ^
tools.cpp:24:9: warning: HLS pragma dump _XLX_SEP_ PragmaIsValid=1_XLX_SEP_ PragmaType=loop_tripcount_XLX_SEP_ PragmaContext=_XLX_SEP_ PragmaFunction=ConvertInputToStream_XLX_SEP_ PragmaOptions=max = 16 min = 16_XLX_SEP_ [-Wdump-hls-pragmas]
#pragma HLS LOOP_TRIPCOUNT max = 16 min = 16
        ^
tools.cpp:27:9: warning: HLS pragma dump _XLX_SEP_ PragmaIsValid=1_XLX_SEP_ PragmaType=loop_tripcount_XLX_SEP_ PragmaContext=_XLX_SEP_ PragmaFunction=ConvertInputToStream_XLX_SEP_ PragmaOptions=max = 16 min = 16_XLX_SEP_ [-Wdump-hls-pragmas]
#pragma HLS LOOP_TRIPCOUNT max = 16 min = 16
        ^
tools.cpp:30:9: warning: HLS pragma dump _XLX_SEP_ PragmaIsValid=1_XLX_SEP_ PragmaType=pipeline_XLX_SEP_ PragmaContext=_XLX_SEP_ PragmaFunction=ConvertInputToStream_XLX_SEP_ PragmaOptions=II = 1_XLX_SEP_ [-Wdump-hls-pragmas]
#pragma HLS PIPELINE II = 1
        ^
tools.cpp:31:9: warning: HLS pragma dump _XLX_SEP_ PragmaIsValid=1_XLX_SEP_ PragmaType=loop_tripcount_XLX_SEP_ PragmaContext=_XLX_SEP_ PragmaFunction=ConvertInputToStream_XLX_SEP_ PragmaOptions=max = 16 / 16 min = 16 / 16_XLX_SEP_ [-Wdump-hls-pragmas]
#pragma HLS LOOP_TRIPCOUNT max = 16 / 16 min = 16 / 16
        ^
tools.cpp:42:9: warning: HLS pragma dump _XLX_SEP_ PragmaIsValid=1_XLX_SEP_ PragmaType=loop_tripcount_XLX_SEP_ PragmaContext=_XLX_SEP_ PragmaFunction=ConvertInputToStream_XLX_SEP_ PragmaOptions=max = 16 / 16 min = 16 / 16_XLX_SEP_ [-Wdump-hls-pragmas]
#pragma HLS LOOP_TRIPCOUNT max = 16 / 16 min = 16 / 16
        ^
tools.cpp:45:9: warning: HLS pragma dump _XLX_SEP_ PragmaIsValid=1_XLX_SEP_ PragmaType=loop_tripcount_XLX_SEP_ PragmaContext=_XLX_SEP_ PragmaFunction=ConvertInputToStream_XLX_SEP_ PragmaOptions=max = 16 / 16 min = 16 / 16_XLX_SEP_ [-Wdump-hls-pragmas]
#pragma HLS LOOP_TRIPCOUNT max = 16 / 16 min = 16 / 16
        ^
tools.cpp:48:9: warning: HLS pragma dump _XLX_SEP_ PragmaIsValid=1_XLX_SEP_ PragmaType=pipeline_XLX_SEP_ PragmaContext=_XLX_SEP_ PragmaFunction=ConvertInputToStream_XLX_SEP_ PragmaOptions=II = 1_XLX_SEP_ [-Wdump-hls-pragmas]
#pragma HLS PIPELINE II = 1
        ^
tools.cpp:49:9: warning: HLS pragma dump _XLX_SEP_ PragmaIsValid=1_XLX_SEP_ PragmaType=loop_tripcount_XLX_SEP_ PragmaContext=_XLX_SEP_ PragmaFunction=ConvertInputToStream_XLX_SEP_ PragmaOptions=max = 16 min = 16_XLX_SEP_ [-Wdump-hls-pragmas]
#pragma HLS LOOP_TRIPCOUNT max = 16 min = 16
        ^
tools.cpp:64:9: warning: HLS pragma dump _XLX_SEP_ PragmaIsValid=1_XLX_SEP_ PragmaType=loop_tripcount_XLX_SEP_ PragmaContext=_XLX_SEP_ PragmaFunction=Padding_XLX_SEP_ PragmaOptions=max = 16 / 16 min = 16 / 16_XLX_SEP_ [-Wdump-hls-pragmas]
#pragma HLS LOOP_TRIPCOUNT max = 16 / 16 min = 16 / 16
        ^
tools.cpp:67:9: warning: HLS pragma dump _XLX_SEP_ PragmaIsValid=1_XLX_SEP_ PragmaType=loop_tripcount_XLX_SEP_ PragmaContext=_XLX_SEP_ PragmaFunction=Padding_XLX_SEP_ PragmaOptions=max = (16 + 2 * 1) min = (16 + 2 * 1)_XLX_SEP_ [-Wdump-hls-pragmas]
#pragma HLS LOOP_TRIPCOUNT max = (16 + 2 * 1) min = (16 + 2 * 1)
        ^
tools.cpp:70:9: warning: HLS pragma dump _XLX_SEP_ PragmaIsValid=1_XLX_SEP_ PragmaType=loop_tripcount_XLX_SEP_ PragmaContext=_XLX_SEP_ PragmaFunction=Padding_XLX_SEP_ PragmaOptions=max = (16 + 2 * 1) min = (16 + 2 * 1)_XLX_SEP_ [-Wdump-hls-pragmas]
#pragma HLS LOOP_TRIPCOUNT max = (16 + 2 * 1) min = (16 + 2 * 1)
        ^
tools.cpp:73:9: warning: HLS pragma dump _XLX_SEP_ PragmaIsValid=1_XLX_SEP_ PragmaType=loop_tripcount_XLX_SEP_ PragmaContext=_XLX_SEP_ PragmaFunction=Padding_XLX_SEP_ PragmaOptions=max = 16 / 16 min = 16 / 16_XLX_SEP_ [-Wdump-hls-pragmas]
#pragma HLS LOOP_TRIPCOUNT max = 16 / 16 min = 16 / 16
        ^
tools.cpp:116:9: warning: HLS pragma dump _XLX_SEP_ PragmaIsValid=1_XLX_SEP_ PragmaType=loop_tripcount_XLX_SEP_ PragmaContext=_XLX_SEP_ PragmaFunction=Sliding_XLX_SEP_ PragmaOptions=max = 16 / 16 min = 16 / 16_XLX_SEP_ [-Wdump-hls-pragmas]
#pragma HLS LOOP_TRIPCOUNT max = 16 / 16 min = 16 / 16
        ^
tools.cpp:119:9: warning: HLS pragma dump _XLX_SEP_ PragmaIsValid=1_XLX_SEP_ PragmaType=loop_tripcount_XLX_SEP_ PragmaContext=_XLX_SEP_ PragmaFunction=Sliding_XLX_SEP_ PragmaOptions=max = (16 * 3 * 3 * 16 / 16 * 16 + (16 + 2 * 1) * 3 * 16 / 16) min = (16 * 3 * 3 * 16 / 16 * 16 + (16 + 2 * 1) * 3 * 16 / 16)_XLX_SEP_ [-Wdump-hls-pragmas]
#pragma HLS LOOP_TRIPCOUNT max = (16 * 3 * 3 * 16 / 16 * 16 + (16 + 2 * 1) * 3 * 16 / 16) min = (16 * 3 * 3 * 16 / 16 * 16 + (16 + 2 * 1) * 3 * 16 / 16)
        ^
tools.cpp:120:9: warning: HLS pragma dump _XLX_SEP_ PragmaIsValid=1_XLX_SEP_ PragmaType=pipeline_XLX_SEP_ PragmaContext=_XLX_SEP_ PragmaFunction=Sliding_XLX_SEP_ PragmaOptions=II = 1_XLX_SEP_ [-Wdump-hls-pragmas]
#pragma HLS PIPELINE II = 1
        ^
tools.cpp:203:9: warning: HLS pragma dump _XLX_SEP_ PragmaIsValid=1_XLX_SEP_ PragmaType=loop_tripcount_XLX_SEP_ PragmaContext=_XLX_SEP_ PragmaFunction=ConvertInputToArray_XLX_SEP_ PragmaOptions=max = (16 / 16) * (16 / 16) *16 *16 *3 *3 min = (16 / 16) * (16 / 16) * 16 * 16 * 3 * 3_XLX_SEP_ [-Wdump-hls-pragmas]
#pragma HLS LOOP_TRIPCOUNT max = (16 / 16) * (16 / 16) *16 *16 *3 *3 min = (16 / 16) * (16 / 16) * 16 * 16 * 3 * 3
        ^
tools.cpp:231:9: warning: HLS pragma dump _XLX_SEP_ PragmaIsValid=1_XLX_SEP_ PragmaType=loop_tripcount_XLX_SEP_ PragmaContext=_XLX_SEP_ PragmaFunction=ConvertWeightToStream_XLX_SEP_ PragmaOptions=max = 16 / 16 min = 16 / 16_XLX_SEP_ [-Wdump-hls-pragmas]
#pragma HLS LOOP_TRIPCOUNT max = 16 / 16 min = 16 / 16
        ^
tools.cpp:236:9: warning: HLS pragma dump _XLX_SEP_ PragmaIsValid=1_XLX_SEP_ PragmaType=loop_tripcount_XLX_SEP_ PragmaContext=_XLX_SEP_ PragmaFunction=ConvertWeightToStream_XLX_SEP_ PragmaOptions=max = 16 min = 16_XLX_SEP_ [-Wdump-hls-pragmas]
#pragma HLS LOOP_TRIPCOUNT max = 16 min = 16
        ^
tools.cpp:239:9: warning: HLS pragma dump _XLX_SEP_ PragmaIsValid=1_XLX_SEP_ PragmaType=loop_tripcount_XLX_SEP_ PragmaContext=_XLX_SEP_ PragmaFunction=ConvertWeightToStream_XLX_SEP_ PragmaOptions=max = 3 *3 *16 *16 / (16 / 4) / 16 min = 3 * 3 * 16 * 16 / (16 / 4) / 16_XLX_SEP_ [-Wdump-hls-pragmas]
#pragma HLS LOOP_TRIPCOUNT max = 3 *3 *16 *16 / (16 / 4) / 16 min = 3 * 3 * 16 * 16 / (16 / 4) / 16
        ^
tools.cpp:240:9: warning: HLS pragma dump _XLX_SEP_ PragmaIsValid=1_XLX_SEP_ PragmaType=pipeline_XLX_SEP_ PragmaContext=_XLX_SEP_ PragmaFunction=ConvertWeightToStream_XLX_SEP_ PragmaOptions=II = 1_XLX_SEP_ [-Wdump-hls-pragmas]
#pragma HLS PIPELINE II = 1
        ^
tools.cpp:253:9: warning: HLS pragma dump _XLX_SEP_ PragmaIsValid=1_XLX_SEP_ PragmaType=loop_tripcount_XLX_SEP_ PragmaContext=_XLX_SEP_ PragmaFunction=ConvertWeightToStream_XLX_SEP_ PragmaOptions=max = 16 / 16 min = 16 / 16_XLX_SEP_ [-Wdump-hls-pragmas]
#pragma HLS LOOP_TRIPCOUNT max = 16 / 16 min = 16 / 16
        ^
tools.cpp:256:9: warning: HLS pragma dump _XLX_SEP_ PragmaIsValid=1_XLX_SEP_ PragmaType=loop_tripcount_XLX_SEP_ PragmaContext=_XLX_SEP_ PragmaFunction=ConvertWeightToStream_XLX_SEP_ PragmaOptions=max = 16 / 16 min = 16 / 16_XLX_SEP_ [-Wdump-hls-pragmas]
#pragma HLS LOOP_TRIPCOUNT max = 16 / 16 min = 16 / 16
        ^
tools.cpp:259:9: warning: HLS pragma dump _XLX_SEP_ PragmaIsValid=1_XLX_SEP_ PragmaType=loop_tripcount_XLX_SEP_ PragmaContext=_XLX_SEP_ PragmaFunction=ConvertWeightToStream_XLX_SEP_ PragmaOptions=max = 16 min = 16_XLX_SEP_ [-Wdump-hls-pragmas]
#pragma HLS LOOP_TRIPCOUNT max = 16 min = 16
        ^
tools.cpp:260:9: warning: HLS pragma dump _XLX_SEP_ PragmaIsValid=1_XLX_SEP_ PragmaType=pipeline_XLX_SEP_ PragmaContext=_XLX_SEP_ PragmaFunction=ConvertWeightToStream_XLX_SEP_ PragmaOptions=II = 1_XLX_SEP_ [-Wdump-hls-pragmas]
#pragma HLS PIPELINE II = 1
        ^
tools.cpp:277:9: warning: HLS pragma dump _XLX_SEP_ PragmaIsValid=1_XLX_SEP_ PragmaType=loop_tripcount_XLX_SEP_ PragmaContext=_XLX_SEP_ PragmaFunction=ConvWeightToArray_XLX_SEP_ PragmaOptions=max = 16 *3 *3 *16 / 16 *16 / (16 / 4) min = 16 * 3 * 3 * 16 / 16 * 16 / (16 / 4)_XLX_SEP_ [-Wdump-hls-pragmas]
#pragma HLS LOOP_TRIPCOUNT max = 16 *3 *3 *16 / 16 *16 / (16 / 4) min = 16 * 3 * 3 * 16 / 16 * 16 / (16 / 4)
        ^
tools.cpp:297:9: warning: HLS pragma dump _XLX_SEP_ PragmaIsValid=1_XLX_SEP_ PragmaType=loop_tripcount_XLX_SEP_ PragmaContext=_XLX_SEP_ PragmaFunction=MMWeightToArray_XLX_SEP_ PragmaOptions=max = 16 * 16 * 16 / (16 * 16) min = 16 * 16 * 16 / (16 * 16)_XLX_SEP_ [-Wdump-hls-pragmas]
#pragma HLS LOOP_TRIPCOUNT max = 16 * 16 * 16 / (16 * 16) min = 16 * 16 * 16 / (16 * 16)
        ^
tools.cpp:298:9: warning: HLS pragma dump _XLX_SEP_ PragmaIsValid=1_XLX_SEP_ PragmaType=pipeline_XLX_SEP_ PragmaContext=_XLX_SEP_ PragmaFunction=MMWeightToArray_XLX_SEP_ PragmaOptions=II = 1_XLX_SEP_ [-Wdump-hls-pragmas]
#pragma HLS PIPELINE II = 1
        ^
tools.cpp:316:9: warning: HLS pragma dump _XLX_SEP_ PragmaIsValid=1_XLX_SEP_ PragmaType=loop_tripcount_XLX_SEP_ PragmaContext=_XLX_SEP_ PragmaFunction=MuxWeightStream_XLX_SEP_ PragmaOptions=max = 16 *3 *3 *16 / 16 *16 / (16 / 4) min = 16 * 3 * 3 * 16 / 16 * 16 / (16 / 4)_XLX_SEP_ [-Wdump-hls-pragmas]
#pragma HLS LOOP_TRIPCOUNT max = 16 *3 *3 *16 / 16 *16 / (16 / 4) min = 16 * 3 * 3 * 16 / 16 * 16 / (16 / 4)
        ^
tools.cpp:317:9: warning: HLS pragma dump _XLX_SEP_ PragmaIsValid=1_XLX_SEP_ PragmaType=pipeline_XLX_SEP_ PragmaContext=_XLX_SEP_ PragmaFunction=MuxWeightStream_XLX_SEP_ PragmaOptions=II = 1_XLX_SEP_ [-Wdump-hls-pragmas]
#pragma HLS PIPELINE II = 1
        ^
tools.cpp:336:9: warning: HLS pragma dump _XLX_SEP_ PragmaIsValid=1_XLX_SEP_ PragmaType=array_partition_XLX_SEP_ PragmaContext=_XLX_SEP_ PragmaFunction=PE_XLX_SEP_ PragmaOptions=dim = 1 type = complete variable = A_reg_XLX_SEP_ [-Wdump-hls-pragmas]
#pragma HLS ARRAY_PARTITION dim = 1 type = complete variable = A_reg
        ^
tools.cpp:339:9: warning: HLS pragma dump _XLX_SEP_ PragmaIsValid=1_XLX_SEP_ PragmaType=array_partition_XLX_SEP_ PragmaContext=_XLX_SEP_ PragmaFunction=PE_XLX_SEP_ PragmaOptions=dim = 1 type = complete variable = W_reg_XLX_SEP_ [-Wdump-hls-pragmas]
#pragma HLS ARRAY_PARTITION dim = 1 type = complete variable = W_reg
        ^
tools.cpp:342:9: warning: HLS pragma dump _XLX_SEP_ PragmaIsValid=1_XLX_SEP_ PragmaType=array_partition_XLX_SEP_ PragmaContext=_XLX_SEP_ PragmaFunction=PE_XLX_SEP_ PragmaOptions=dim = 1 type = complete variable = data_A_reg_XLX_SEP_ [-Wdump-hls-pragmas]
#pragma HLS ARRAY_PARTITION dim = 1 type = complete variable = data_A_reg
        ^
tools.cpp:343:9: warning: HLS pragma dump _XLX_SEP_ PragmaIsValid=1_XLX_SEP_ PragmaType=array_partition_XLX_SEP_ PragmaContext=_XLX_SEP_ PragmaFunction=PE_XLX_SEP_ PragmaOptions=dim = 2 type = complete variable = data_A_reg_XLX_SEP_ [-Wdump-hls-pragmas]
#pragma HLS ARRAY_PARTITION dim = 2 type = complete variable = data_A_reg
        ^
tools.cpp:346:9: warning: HLS pragma dump _XLX_SEP_ PragmaIsValid=1_XLX_SEP_ PragmaType=array_partition_XLX_SEP_ PragmaContext=_XLX_SEP_ PragmaFunction=PE_XLX_SEP_ PragmaOptions=dim = 1 type = complete variable = data_W_reg_XLX_SEP_ [-Wdump-hls-pragmas]
#pragma HLS ARRAY_PARTITION dim = 1 type = complete variable = data_W_reg
        ^
tools.cpp:347:9: warning: HLS pragma dump _XLX_SEP_ PragmaIsValid=1_XLX_SEP_ PragmaType=array_partition_XLX_SEP_ PragmaContext=_XLX_SEP_ PragmaFunction=PE_XLX_SEP_ PragmaOptions=dim = 2 type = complete variable = data_W_reg_XLX_SEP_ [-Wdump-hls-pragmas]
#pragma HLS ARRAY_PARTITION dim = 2 type = complete variable = data_W_reg
        ^
tools.cpp:350:9: warning: HLS pragma dump _XLX_SEP_ PragmaIsValid=1_XLX_SEP_ PragmaType=array_partition_XLX_SEP_ PragmaContext=_XLX_SEP_ PragmaFunction=PE_XLX_SEP_ PragmaOptions=dim = 1 type = complete variable = data_C_reg_XLX_SEP_ [-Wdump-hls-pragmas]
#pragma HLS ARRAY_PARTITION dim = 1 type = complete variable = data_C_reg
        ^
tools.cpp:351:9: warning: HLS pragma dump _XLX_SEP_ PragmaIsValid=1_XLX_SEP_ PragmaType=array_partition_XLX_SEP_ PragmaContext=_XLX_SEP_ PragmaFunction=PE_XLX_SEP_ PragmaOptions=dim = 2 type = complete variable = data_C_reg_XLX_SEP_ [-Wdump-hls-pragmas]
#pragma HLS ARRAY_PARTITION dim = 2 type = complete variable = data_C_reg
        ^
tools.cpp:354:9: warning: HLS pragma dump _XLX_SEP_ PragmaIsValid=1_XLX_SEP_ PragmaType=array_partition_XLX_SEP_ PragmaContext=_XLX_SEP_ PragmaFunction=PE_XLX_SEP_ PragmaOptions=dim = 1 type = complete variable = acc_tmp_XLX_SEP_ [-Wdump-hls-pragmas]
#pragma HLS ARRAY_PARTITION dim = 1 type = complete variable = acc_tmp
        ^
tools.cpp:355:9: warning: HLS pragma dump _XLX_SEP_ PragmaIsValid=1_XLX_SEP_ PragmaType=array_partition_XLX_SEP_ PragmaContext=_XLX_SEP_ PragmaFunction=PE_XLX_SEP_ PragmaOptions=dim = 2 type = complete variable = acc_tmp_XLX_SEP_ [-Wdump-hls-pragmas]
#pragma HLS ARRAY_PARTITION dim = 2 type = complete variable = acc_tmp
        ^
tools.cpp:358:9: warning: HLS pragma dump _XLX_SEP_ PragmaIsValid=1_XLX_SEP_ PragmaType=array_partition_XLX_SEP_ PragmaContext=_XLX_SEP_ PragmaFunction=PE_XLX_SEP_ PragmaOptions=dim = 1 type = complete variable = res_C_reg_XLX_SEP_ [-Wdump-hls-pragmas]
#pragma HLS ARRAY_PARTITION dim = 1 type = complete variable = res_C_reg
        ^
tools.cpp:365:9: warning: HLS pragma dump _XLX_SEP_ PragmaIsValid=1_XLX_SEP_ PragmaType=unroll_XLX_SEP_ PragmaContext=_XLX_SEP_ PragmaFunction=PE_XLX_SEP_ PragmaOptions=_XLX_SEP_ [-Wdump-hls-pragmas]
#pragma HLS UNROLL
        ^
tools.cpp:370:9: warning: HLS pragma dump _XLX_SEP_ PragmaIsValid=1_XLX_SEP_ PragmaType=unroll_XLX_SEP_ PragmaContext=_XLX_SEP_ PragmaFunction=PE_XLX_SEP_ PragmaOptions=_XLX_SEP_ [-Wdump-hls-pragmas]
#pragma HLS UNROLL
        ^
tools.cpp:375:9: warning: HLS pragma dump _XLX_SEP_ PragmaIsValid=1_XLX_SEP_ PragmaType=unroll_XLX_SEP_ PragmaContext=_XLX_SEP_ PragmaFunction=PE_XLX_SEP_ PragmaOptions=_XLX_SEP_ [-Wdump-hls-pragmas]
#pragma HLS UNROLL
        ^
tools.cpp:378:9: warning: HLS pragma dump _XLX_SEP_ PragmaIsValid=1_XLX_SEP_ PragmaType=unroll_XLX_SEP_ PragmaContext=_XLX_SEP_ PragmaFunction=PE_XLX_SEP_ PragmaOptions=_XLX_SEP_ [-Wdump-hls-pragmas]
#pragma HLS UNROLL
        ^
tools.cpp:387:9: warning: HLS pragma dump _XLX_SEP_ PragmaIsValid=1_XLX_SEP_ PragmaType=loop_tripcount_XLX_SEP_ PragmaContext=_XLX_SEP_ PragmaFunction=PE_XLX_SEP_ PragmaOptions=max = (16 / 16) * (16 / 16) *16 *16 *3 *3 + 4 + 4 - 2 min = (16 / 16) * (16 / 16) * 16 * 16 * 3 * 3 + 4 + 4 - 2_XLX_SEP_ [-Wdump-hls-pragmas]
#pragma HLS LOOP_TRIPCOUNT max = (16 / 16) * (16 / 16) *16 *16 *3 *3 + 4 + 4 - 2 min = (16 / 16) * (16 / 16) * 16 * 16 * 3 * 3 + 4 + 4 - 2
        ^
tools.cpp:388:9: warning: HLS pragma dump _XLX_SEP_ PragmaIsValid=1_XLX_SEP_ PragmaType=pipeline_XLX_SEP_ PragmaContext=_XLX_SEP_ PragmaFunction=PE_XLX_SEP_ PragmaOptions=II = 1_XLX_SEP_ [-Wdump-hls-pragmas]
#pragma HLS PIPELINE II = 1
        ^
tools.cpp:412:9: warning: HLS pragma dump _XLX_SEP_ PragmaIsValid=1_XLX_SEP_ PragmaType=unroll_XLX_SEP_ PragmaContext=_XLX_SEP_ PragmaFunction=PE_XLX_SEP_ PragmaOptions=_XLX_SEP_ [-Wdump-hls-pragmas]
#pragma HLS UNROLL
        ^
tools.cpp:432:9: warning: HLS pragma dump _XLX_SEP_ PragmaIsValid=1_XLX_SEP_ PragmaType=unroll_XLX_SEP_ PragmaContext=_XLX_SEP_ PragmaFunction=PE_XLX_SEP_ PragmaOptions=_XLX_SEP_ [-Wdump-hls-pragmas]
#pragma HLS UNROLL
        ^
tools.cpp:442:9: warning: HLS pragma dump _XLX_SEP_ PragmaIsValid=1_XLX_SEP_ PragmaType=unroll_XLX_SEP_ PragmaContext=_XLX_SEP_ PragmaFunction=PE_XLX_SEP_ PragmaOptions=_XLX_SEP_ [-Wdump-hls-pragmas]
#pragma HLS UNROLL
        ^
tools.cpp:455:9: warning: HLS pragma dump _XLX_SEP_ PragmaIsValid=1_XLX_SEP_ PragmaType=unroll_XLX_SEP_ PragmaContext=_XLX_SEP_ PragmaFunction=PE_XLX_SEP_ PragmaOptions=_XLX_SEP_ [-Wdump-hls-pragmas]
#pragma HLS UNROLL
        ^
tools.cpp:460:9: warning: HLS pragma dump _XLX_SEP_ PragmaIsValid=1_XLX_SEP_ PragmaType=unroll_XLX_SEP_ PragmaContext=_XLX_SEP_ PragmaFunction=PE_XLX_SEP_ PragmaOptions=_XLX_SEP_ [-Wdump-hls-pragmas]
#pragma HLS UNROLL
        ^
tools.cpp:467:9: warning: HLS pragma dump _XLX_SEP_ PragmaIsValid=1_XLX_SEP_ PragmaType=unroll_XLX_SEP_ PragmaContext=_XLX_SEP_ PragmaFunction=PE_XLX_SEP_ PragmaOptions=_XLX_SEP_ [-Wdump-hls-pragmas]
#pragma HLS UNROLL
        ^
tools.cpp:470:9: warning: HLS pragma dump _XLX_SEP_ PragmaIsValid=1_XLX_SEP_ PragmaType=unroll_XLX_SEP_ PragmaContext=_XLX_SEP_ PragmaFunction=PE_XLX_SEP_ PragmaOptions=_XLX_SEP_ [-Wdump-hls-pragmas]
#pragma HLS UNROLL
        ^
tools.cpp:522:9: warning: HLS pragma dump _XLX_SEP_ PragmaIsValid=1_XLX_SEP_ PragmaType=unroll_XLX_SEP_ PragmaContext=_XLX_SEP_ PragmaFunction=PE_XLX_SEP_ PragmaOptions=_XLX_SEP_ [-Wdump-hls-pragmas]
#pragma HLS UNROLL
        ^
tools.cpp:536:9: warning: HLS pragma dump _XLX_SEP_ PragmaIsValid=1_XLX_SEP_ PragmaType=unroll_XLX_SEP_ PragmaContext=_XLX_SEP_ PragmaFunction=PE_XLX_SEP_ PragmaOptions=_XLX_SEP_ [-Wdump-hls-pragmas]
#pragma HLS UNROLL
        ^
tools.cpp:556:9: warning: HLS pragma dump _XLX_SEP_ PragmaIsValid=1_XLX_SEP_ PragmaType=unroll_XLX_SEP_ PragmaContext=_XLX_SEP_ PragmaFunction=Compute_XLX_SEP_ PragmaOptions=_XLX_SEP_ [-Wdump-hls-pragmas]
#pragma HLS UNROLL
        ^
tools.cpp:559:9: warning: HLS pragma dump _XLX_SEP_ PragmaIsValid=1_XLX_SEP_ PragmaType=unroll_XLX_SEP_ PragmaContext=_XLX_SEP_ PragmaFunction=Compute_XLX_SEP_ PragmaOptions=_XLX_SEP_ [-Wdump-hls-pragmas]
#pragma HLS UNROLL
        ^
tools.cpp:572:9: warning: HLS pragma dump _XLX_SEP_ PragmaIsValid=1_XLX_SEP_ PragmaType=loop_tripcount_XLX_SEP_ PragmaContext=_XLX_SEP_ PragmaFunction=ConvertToOutStream_XLX_SEP_ PragmaOptions=max = (16 / 16) * (16 / 16) *16 *16 *3 *3 min = (16 / 16) * (16 / 16) * 16 * 16 * 3 * 3_XLX_SEP_ [-Wdump-hls-pragmas]
#pragma HLS LOOP_TRIPCOUNT max = (16 / 16) * (16 / 16) *16 *16 *3 *3 min = (16 / 16) * (16 / 16) * 16 * 16 * 3 * 3
        ^
tools.cpp:573:9: warning: HLS pragma dump _XLX_SEP_ PragmaIsValid=1_XLX_SEP_ PragmaType=pipeline_XLX_SEP_ PragmaContext=_XLX_SEP_ PragmaFunction=ConvertToOutStream_XLX_SEP_ PragmaOptions=II = 1_XLX_SEP_ [-Wdump-hls-pragmas]
#pragma HLS PIPELINE II = 1
        ^
tools.cpp:594:9: warning: HLS pragma dump _XLX_SEP_ PragmaIsValid=1_XLX_SEP_ PragmaType=loop_tripcount_XLX_SEP_ PragmaContext=_XLX_SEP_ PragmaFunction=ConvertToOutStream_XLX_SEP_ PragmaOptions=max = 16 / 16 min = 16 / 16_XLX_SEP_ [-Wdump-hls-pragmas]
#pragma HLS LOOP_TRIPCOUNT max = 16 / 16 min = 16 / 16
        ^
tools.cpp:597:9: warning: HLS pragma dump _XLX_SEP_ PragmaIsValid=1_XLX_SEP_ PragmaType=loop_tripcount_XLX_SEP_ PragmaContext=_XLX_SEP_ PragmaFunction=ConvertToOutStream_XLX_SEP_ PragmaOptions=max = 16 / 16 min = 16 / 16_XLX_SEP_ [-Wdump-hls-pragmas]
#pragma HLS LOOP_TRIPCOUNT max = 16 / 16 min = 16 / 16
        ^
tools.cpp:621:9: warning: HLS pragma dump _XLX_SEP_ PragmaIsValid=1_XLX_SEP_ PragmaType=array_partition_XLX_SEP_ PragmaContext=_XLX_SEP_ PragmaFunction=ConvToOutStream_XLX_SEP_ PragmaOptions=dim = 2 type = complete variable = psum_XLX_SEP_ [-Wdump-hls-pragmas]
#pragma HLS ARRAY_PARTITION dim = 2 type = complete variable = psum
        ^
tools.cpp:622:9: warning: HLS pragma dump _XLX_SEP_ PragmaIsValid=1_XLX_SEP_ PragmaType=array_partition_XLX_SEP_ PragmaContext=_XLX_SEP_ PragmaFunction=ConvToOutStream_XLX_SEP_ PragmaOptions=dim = 1 type = complete variable = psum_XLX_SEP_ [-Wdump-hls-pragmas]
#pragma HLS ARRAY_PARTITION dim = 1 type = complete variable = psum
        ^
tools.cpp:626:9: warning: HLS pragma dump _XLX_SEP_ PragmaIsValid=1_XLX_SEP_ PragmaType=loop_tripcount_XLX_SEP_ PragmaContext=_XLX_SEP_ PragmaFunction=ConvToOutStream_XLX_SEP_ PragmaOptions=max = 16 / 16 min = 16 / 16_XLX_SEP_ [-Wdump-hls-pragmas]
#pragma HLS LOOP_TRIPCOUNT max = 16 / 16 min = 16 / 16
        ^
tools.cpp:629:9: warning: HLS pragma dump _XLX_SEP_ PragmaIsValid=1_XLX_SEP_ PragmaType=loop_tripcount_XLX_SEP_ PragmaContext=_XLX_SEP_ PragmaFunction=ConvToOutStream_XLX_SEP_ PragmaOptions=max = 16 min = 16_XLX_SEP_ [-Wdump-hls-pragmas]
#pragma HLS LOOP_TRIPCOUNT max = 16 min = 16
        ^
tools.cpp:632:9: warning: HLS pragma dump _XLX_SEP_ PragmaIsValid=1_XLX_SEP_ PragmaType=loop_tripcount_XLX_SEP_ PragmaContext=_XLX_SEP_ PragmaFunction=ConvToOutStream_XLX_SEP_ PragmaOptions=max = 16 / 16 *3 *3 min = 16 / 16 * 3 * 3_XLX_SEP_ [-Wdump-hls-pragmas]
#pragma HLS LOOP_TRIPCOUNT max = 16 / 16 *3 *3 min = 16 / 16 * 3 * 3
        ^
tools.cpp:635:9: warning: HLS pragma dump _XLX_SEP_ PragmaIsValid=1_XLX_SEP_ PragmaType=loop_tripcount_XLX_SEP_ PragmaContext=_XLX_SEP_ PragmaFunction=ConvToOutStream_XLX_SEP_ PragmaOptions=max = 16 min = 16_XLX_SEP_ [-Wdump-hls-pragmas]
#pragma HLS LOOP_TRIPCOUNT max = 16 min = 16
        ^
tools.cpp:638:9: warning: HLS pragma dump _XLX_SEP_ PragmaIsValid=1_XLX_SEP_ PragmaType=unroll_XLX_SEP_ PragmaContext=_XLX_SEP_ PragmaFunction=ConvToOutStream_XLX_SEP_ PragmaOptions=_XLX_SEP_ [-Wdump-hls-pragmas]
#pragma HLS UNROLL
        ^
tools.cpp:665:9: warning: HLS pragma dump _XLX_SEP_ PragmaIsValid=1_XLX_SEP_ PragmaType=loop_tripcount_XLX_SEP_ PragmaContext=_XLX_SEP_ PragmaFunction=ConvBias_XLX_SEP_ PragmaOptions=max = 16 / 16 min = 16 / 16_XLX_SEP_ [-Wdump-hls-pragmas]
#pragma HLS LOOP_TRIPCOUNT max = 16 / 16 min = 16 / 16
        ^
tools.cpp:672:9: warning: HLS pragma dump _XLX_SEP_ PragmaIsValid=1_XLX_SEP_ PragmaType=loop_tripcount_XLX_SEP_ PragmaContext=_XLX_SEP_ PragmaFunction=ConvBias_XLX_SEP_ PragmaOptions=max = ((16 + 2 * 1 - 3) / 1 + 1) * ((16 + 2 * 1 - 3) / 1 + 1) min = ((16 + 2 * 1 - 3) / 1 + 1) * ((16 + 2 * 1 - 3) / 1 + 1)_XLX_SEP_ [-Wdump-hls-pragmas]
#pragma HLS LOOP_TRIPCOUNT max = ((16 + 2 * 1 - 3) / 1 + 1) * ((16 + 2 * 1 - 3) / 1 + 1) min = ((16 + 2 * 1 - 3) / 1 + 1) * ((16 + 2 * 1 - 3) / 1 + 1)
        ^
tools.cpp:690:9: warning: HLS pragma dump _XLX_SEP_ PragmaIsValid=1_XLX_SEP_ PragmaType=loop_tripcount_XLX_SEP_ PragmaContext=_XLX_SEP_ PragmaFunction=ConvBN_XLX_SEP_ PragmaOptions=max = 16 min = 16_XLX_SEP_ [-Wdump-hls-pragmas]
#pragma HLS LOOP_TRIPCOUNT max = 16 min = 16
        ^
tools.cpp:693:9: warning: HLS pragma dump _XLX_SEP_ PragmaIsValid=1_XLX_SEP_ PragmaType=loop_tripcount_XLX_SEP_ PragmaContext=_XLX_SEP_ PragmaFunction=ConvBN_XLX_SEP_ PragmaOptions=max = ((16 + 2 * 1 - 3) / 1 + 1) *((16 + 2 * 1 - 3) / 1 + 1) min = ((16 + 2 * 1 - 3) / 1 + 1) * ((16 + 2 * 1 - 3) / 1 + 1)_XLX_SEP_ [-Wdump-hls-pragmas]
#pragma HLS LOOP_TRIPCOUNT max = ((16 + 2 * 1 - 3) / 1 + 1) *((16 + 2 * 1 - 3) / 1 + 1) min = ((16 + 2 * 1 - 3) / 1 + 1) * ((16 + 2 * 1 - 3) / 1 + 1)
        ^
tools.cpp:720:9: warning: HLS pragma dump _XLX_SEP_ PragmaIsValid=1_XLX_SEP_ PragmaType=loop_tripcount_XLX_SEP_ PragmaContext=_XLX_SEP_ PragmaFunction=ResOutput_XLX_SEP_ PragmaOptions=max = 16 min = 16_XLX_SEP_ [-Wdump-hls-pragmas]
#pragma HLS LOOP_TRIPCOUNT max = 16 min = 16
        ^
tools.cpp:723:9: warning: HLS pragma dump _XLX_SEP_ PragmaIsValid=1_XLX_SEP_ PragmaType=loop_tripcount_XLX_SEP_ PragmaContext=_XLX_SEP_ PragmaFunction=ResOutput_XLX_SEP_ PragmaOptions=max = ((16 + 2 * 1 - 3) / 1 + 1) min = ((16 + 2 * 1 - 3) / 1 + 1)_XLX_SEP_ [-Wdump-hls-pragmas]
#pragma HLS LOOP_TRIPCOUNT max = ((16 + 2 * 1 - 3) / 1 + 1) min = ((16 + 2 * 1 - 3) / 1 + 1)
        ^
tools.cpp:726:9: warning: HLS pragma dump _XLX_SEP_ PragmaIsValid=1_XLX_SEP_ PragmaType=loop_tripcount_XLX_SEP_ PragmaContext=_XLX_SEP_ PragmaFunction=ResOutput_XLX_SEP_ PragmaOptions=max = ((16 + 2 * 1 - 3) / 1 + 1) min = ((16 + 2 * 1 - 3) / 1 + 1)_XLX_SEP_ [-Wdump-hls-pragmas]
#pragma HLS LOOP_TRIPCOUNT max = ((16 + 2 * 1 - 3) / 1 + 1) min = ((16 + 2 * 1 - 3) / 1 + 1)
        ^
tools.cpp:736:9: warning: HLS pragma dump _XLX_SEP_ PragmaIsValid=1_XLX_SEP_ PragmaType=loop_tripcount_XLX_SEP_ PragmaContext=_XLX_SEP_ PragmaFunction=ResOutput_XLX_SEP_ PragmaOptions=max = 16 min = 16_XLX_SEP_ [-Wdump-hls-pragmas]
#pragma HLS LOOP_TRIPCOUNT max = 16 min = 16
        ^
tools.cpp:738:9: warning: HLS pragma dump _XLX_SEP_ PragmaIsValid=1_XLX_SEP_ PragmaType=loop_tripcount_XLX_SEP_ PragmaContext=_XLX_SEP_ PragmaFunction=ResOutput_XLX_SEP_ PragmaOptions=max = 16 / 16 min = 16 / 16_XLX_SEP_ [-Wdump-hls-pragmas]
#pragma HLS LOOP_TRIPCOUNT max = 16 / 16 min = 16 / 16
        ^
89 warnings generated.
