D:\Download\SDA\SDA\solution1\.autopilot\db\top.pp.0.cpp:1450:7: warning: Added loop label VITIS_LOOP_1207_1:   [xilinx-label-all-loops]
      for (i = 0; i < __N - 1; ++i) {
      ^~~
      VITIS_LOOP_1207_1: 
D:\Download\SDA\SDA\solution1\.autopilot\db\top.pp.0.cpp:1450:7: note: FIX-IT applied suggested code changes
D:\Download\SDA\SDA\solution1\.autopilot\db\top.pp.0.cpp:2424:5: warning: Added loop label VITIS_LOOP_676_1:   [xilinx-label-all-loops]
    for (unsigned i = low; i != high; ++i) {
    ^~~
    VITIS_LOOP_676_1: 
D:\Download\SDA\SDA\solution1\.autopilot\db\top.pp.0.cpp:2424:5: note: FIX-IT applied suggested code changes
D:\Download\SDA\SDA\solution1\.autopilot\db\top.pp.0.cpp:2438:5: warning: Added loop label VITIS_LOOP_690_1:   [xilinx-label-all-loops]
    for (unsigned i = low; i != high; ++i) {
    ^~~
    VITIS_LOOP_690_1: 
D:\Download\SDA\SDA\solution1\.autopilot\db\top.pp.0.cpp:2438:5: note: FIX-IT applied suggested code changes
D:\Download\SDA\SDA\solution1\.autopilot\db\top.pp.0.cpp:2452:5: warning: Added loop label VITIS_LOOP_704_1:   [xilinx-label-all-loops]
    for (unsigned i = low; i != high; ++i) {
    ^~~
    VITIS_LOOP_704_1: 
D:\Download\SDA\SDA\solution1\.autopilot\db\top.pp.0.cpp:2452:5: note: FIX-IT applied suggested code changes
D:\Download\SDA\SDA\solution1\.autopilot\db\top.pp.0.cpp:4081:7: warning: Added loop label VITIS_LOOP_1247_1:   [xilinx-label-all-loops]
      for (i = 0; i < __N - 1; ++i) {
      ^~~
      VITIS_LOOP_1247_1: 
D:\Download\SDA\SDA\solution1\.autopilot\db\top.pp.0.cpp:4081:7: note: FIX-IT applied suggested code changes
