

================================================================
== Vitis HLS Report for 'top_Pipeline_VITIS_LOOP_192_1'
================================================================
* Date:           Tue Feb 25 14:23:47 2025

* Version:        2023.2 (Build 4023990 on Oct 11 2023)
* Project:        SDA
* Solution:       solution1 (Vivado IP Flow Target)
* Product family: virtexuplusHBM
* Target device:  xcvu35p_CIV-fsvh2892-3-e


================================================================
== Performance Estimates
================================================================
+ Timing: 
    * Summary: 
    +--------+----------+----------+------------+
    |  Clock |  Target  | Estimated| Uncertainty|
    +--------+----------+----------+------------+
    |ap_clk  |  10.00 ns|  3.299 ns|     2.70 ns|
    +--------+----------+----------+------------+

+ Latency: 
    * Summary: 
    +---------+---------+-----------+-----------+------+------+---------+
    |  Latency (cycles) |   Latency (absolute)  |   Interval  | Pipeline|
    |   min   |   max   |    min    |    max    |  min |  max |   Type  |
    +---------+---------+-----------+-----------+------+------+---------+
    |     9218|     9218|  92.180 us|  92.180 us|  9218|  9218|       no|
    +---------+---------+-----------+-----------+------+------+---------+

    + Detail: 
        * Instance: 
        N/A

        * Loop: 
        +--------------------+---------+---------+----------+-----------+-----------+------+----------+
        |                    |  Latency (cycles) | Iteration|  Initiation Interval  | Trip |          |
        |      Loop Name     |   min   |   max   |  Latency |  achieved |   target  | Count| Pipelined|
        +--------------------+---------+---------+----------+-----------+-----------+------+----------+
        |- VITIS_LOOP_192_1  |     9216|     9216|         2|          1|          1|  9216|       yes|
        +--------------------+---------+---------+----------+-----------+-----------+------+----------+

============================================================
+ Verbose Summary: Synthesis Manager
============================================================
InlineROM: 1
ExposeGlobal: 0
============================================================
+ Verbose Summary: CDFG Model
============================================================
IsTopModel: 0
ResetActiveHigh: 1
IsCombinational: 0
IsDatapathOnly: 0
HasWiredReturn: 1
HasMFsm: 2
HasVarLatency: 1
IsPipeline: 0
IsRtlPipelined: 0
IsInstanceOverlapped: 0
IsDontTouch: 0
HasImplIP: 0
IsGatedGlobalClock: 0

+ Individual pipeline summary: 
  * Pipeline-0: initiation interval (II) = 1, depth = 2


============================================================
+ Verbose Summary: Schedule
============================================================
* Number of FSM states : 2
* Pipeline : 1
  Pipeline-0 : II = 1, D = 2, States = { 1 2 }
* Dataflow Pipeline: 0

* FSM state transitions: 
1 --> 2 
2 --> 

* FSM state operations: 

State 1 <SV = 0> <Delay = 1.51>
ST_1 : Operation 5 [1/1] (0.00ns)   --->   "%rep = alloca i32 1" [tools.cpp:192->top.cpp:56]   --->   Operation 5 'alloca' 'rep' <Predicate = true> <Delay = 0.00>
ST_1 : Operation 6 [1/1] (0.00ns)   --->   "%specinterface_ln0 = specinterface void @_ssdm_op_SpecInterface, i32 %fifo_SA_A_30, void @empty_21, i32 0, i32 0, void @empty_12, i32 0, i32 0, void @empty_12, void @empty_12, void @empty_12, i32 0, i32 0, i32 0, i32 0, void @empty_12, void @empty_12, i32 4294967295, i32 0"   --->   Operation 6 'specinterface' 'specinterface_ln0' <Predicate = true> <Delay = 0.00>
ST_1 : Operation 7 [1/1] (0.00ns)   --->   "%specinterface_ln0 = specinterface void @_ssdm_op_SpecInterface, i32 %fifo_SA_A_29, void @empty_21, i32 0, i32 0, void @empty_12, i32 0, i32 0, void @empty_12, void @empty_12, void @empty_12, i32 0, i32 0, i32 0, i32 0, void @empty_12, void @empty_12, i32 4294967295, i32 0"   --->   Operation 7 'specinterface' 'specinterface_ln0' <Predicate = true> <Delay = 0.00>
ST_1 : Operation 8 [1/1] (0.00ns)   --->   "%specinterface_ln0 = specinterface void @_ssdm_op_SpecInterface, i32 %fifo_SA_A_28, void @empty_21, i32 0, i32 0, void @empty_12, i32 0, i32 0, void @empty_12, void @empty_12, void @empty_12, i32 0, i32 0, i32 0, i32 0, void @empty_12, void @empty_12, i32 4294967295, i32 0"   --->   Operation 8 'specinterface' 'specinterface_ln0' <Predicate = true> <Delay = 0.00>
ST_1 : Operation 9 [1/1] (0.00ns)   --->   "%specinterface_ln0 = specinterface void @_ssdm_op_SpecInterface, i32 %fifo_SA_A_27, void @empty_21, i32 0, i32 0, void @empty_12, i32 0, i32 0, void @empty_12, void @empty_12, void @empty_12, i32 0, i32 0, i32 0, i32 0, void @empty_12, void @empty_12, i32 4294967295, i32 0"   --->   Operation 9 'specinterface' 'specinterface_ln0' <Predicate = true> <Delay = 0.00>
ST_1 : Operation 10 [1/1] (0.00ns)   --->   "%specinterface_ln0 = specinterface void @_ssdm_op_SpecInterface, i32 %fifo_SA_A_26, void @empty_21, i32 0, i32 0, void @empty_12, i32 0, i32 0, void @empty_12, void @empty_12, void @empty_12, i32 0, i32 0, i32 0, i32 0, void @empty_12, void @empty_12, i32 4294967295, i32 0"   --->   Operation 10 'specinterface' 'specinterface_ln0' <Predicate = true> <Delay = 0.00>
ST_1 : Operation 11 [1/1] (0.00ns)   --->   "%specinterface_ln0 = specinterface void @_ssdm_op_SpecInterface, i32 %fifo_SA_A_25, void @empty_21, i32 0, i32 0, void @empty_12, i32 0, i32 0, void @empty_12, void @empty_12, void @empty_12, i32 0, i32 0, i32 0, i32 0, void @empty_12, void @empty_12, i32 4294967295, i32 0"   --->   Operation 11 'specinterface' 'specinterface_ln0' <Predicate = true> <Delay = 0.00>
ST_1 : Operation 12 [1/1] (0.00ns)   --->   "%specinterface_ln0 = specinterface void @_ssdm_op_SpecInterface, i32 %fifo_SA_A_24, void @empty_21, i32 0, i32 0, void @empty_12, i32 0, i32 0, void @empty_12, void @empty_12, void @empty_12, i32 0, i32 0, i32 0, i32 0, void @empty_12, void @empty_12, i32 4294967295, i32 0"   --->   Operation 12 'specinterface' 'specinterface_ln0' <Predicate = true> <Delay = 0.00>
ST_1 : Operation 13 [1/1] (0.00ns)   --->   "%specinterface_ln0 = specinterface void @_ssdm_op_SpecInterface, i32 %fifo_SA_A_23, void @empty_21, i32 0, i32 0, void @empty_12, i32 0, i32 0, void @empty_12, void @empty_12, void @empty_12, i32 0, i32 0, i32 0, i32 0, void @empty_12, void @empty_12, i32 4294967295, i32 0"   --->   Operation 13 'specinterface' 'specinterface_ln0' <Predicate = true> <Delay = 0.00>
ST_1 : Operation 14 [1/1] (0.00ns)   --->   "%specinterface_ln0 = specinterface void @_ssdm_op_SpecInterface, i32 %fifo_SA_A_22, void @empty_21, i32 0, i32 0, void @empty_12, i32 0, i32 0, void @empty_12, void @empty_12, void @empty_12, i32 0, i32 0, i32 0, i32 0, void @empty_12, void @empty_12, i32 4294967295, i32 0"   --->   Operation 14 'specinterface' 'specinterface_ln0' <Predicate = true> <Delay = 0.00>
ST_1 : Operation 15 [1/1] (0.00ns)   --->   "%specinterface_ln0 = specinterface void @_ssdm_op_SpecInterface, i32 %fifo_SA_A_21, void @empty_21, i32 0, i32 0, void @empty_12, i32 0, i32 0, void @empty_12, void @empty_12, void @empty_12, i32 0, i32 0, i32 0, i32 0, void @empty_12, void @empty_12, i32 4294967295, i32 0"   --->   Operation 15 'specinterface' 'specinterface_ln0' <Predicate = true> <Delay = 0.00>
ST_1 : Operation 16 [1/1] (0.00ns)   --->   "%specinterface_ln0 = specinterface void @_ssdm_op_SpecInterface, i32 %fifo_SA_A_20, void @empty_21, i32 0, i32 0, void @empty_12, i32 0, i32 0, void @empty_12, void @empty_12, void @empty_12, i32 0, i32 0, i32 0, i32 0, void @empty_12, void @empty_12, i32 4294967295, i32 0"   --->   Operation 16 'specinterface' 'specinterface_ln0' <Predicate = true> <Delay = 0.00>
ST_1 : Operation 17 [1/1] (0.00ns)   --->   "%specinterface_ln0 = specinterface void @_ssdm_op_SpecInterface, i32 %fifo_SA_A_19, void @empty_21, i32 0, i32 0, void @empty_12, i32 0, i32 0, void @empty_12, void @empty_12, void @empty_12, i32 0, i32 0, i32 0, i32 0, void @empty_12, void @empty_12, i32 4294967295, i32 0"   --->   Operation 17 'specinterface' 'specinterface_ln0' <Predicate = true> <Delay = 0.00>
ST_1 : Operation 18 [1/1] (0.00ns)   --->   "%specinterface_ln0 = specinterface void @_ssdm_op_SpecInterface, i32 %fifo_SA_A_18, void @empty_21, i32 0, i32 0, void @empty_12, i32 0, i32 0, void @empty_12, void @empty_12, void @empty_12, i32 0, i32 0, i32 0, i32 0, void @empty_12, void @empty_12, i32 4294967295, i32 0"   --->   Operation 18 'specinterface' 'specinterface_ln0' <Predicate = true> <Delay = 0.00>
ST_1 : Operation 19 [1/1] (0.00ns)   --->   "%specinterface_ln0 = specinterface void @_ssdm_op_SpecInterface, i32 %fifo_SA_A_17, void @empty_21, i32 0, i32 0, void @empty_12, i32 0, i32 0, void @empty_12, void @empty_12, void @empty_12, i32 0, i32 0, i32 0, i32 0, void @empty_12, void @empty_12, i32 4294967295, i32 0"   --->   Operation 19 'specinterface' 'specinterface_ln0' <Predicate = true> <Delay = 0.00>
ST_1 : Operation 20 [1/1] (0.00ns)   --->   "%specinterface_ln0 = specinterface void @_ssdm_op_SpecInterface, i32 %fifo_SA_A_16, void @empty_21, i32 0, i32 0, void @empty_12, i32 0, i32 0, void @empty_12, void @empty_12, void @empty_12, i32 0, i32 0, i32 0, i32 0, void @empty_12, void @empty_12, i32 4294967295, i32 0"   --->   Operation 20 'specinterface' 'specinterface_ln0' <Predicate = true> <Delay = 0.00>
ST_1 : Operation 21 [1/1] (0.00ns)   --->   "%specinterface_ln0 = specinterface void @_ssdm_op_SpecInterface, i32 %fifo_SA_A, void @empty_21, i32 0, i32 0, void @empty_12, i32 0, i32 0, void @empty_12, void @empty_12, void @empty_12, i32 0, i32 0, i32 0, i32 0, void @empty_12, void @empty_12, i32 4294967295, i32 0"   --->   Operation 21 'specinterface' 'specinterface_ln0' <Predicate = true> <Delay = 0.00>
ST_1 : Operation 22 [1/1] (0.00ns)   --->   "%specinterface_ln0 = specinterface void @_ssdm_op_SpecInterface, i128 %conv3_sild, void @empty_21, i32 0, i32 0, void @empty_12, i32 0, i32 0, void @empty_12, void @empty_12, void @empty_12, i32 0, i32 0, i32 0, i32 0, void @empty_12, void @empty_12, i32 4294967295, i32 0"   --->   Operation 22 'specinterface' 'specinterface_ln0' <Predicate = true> <Delay = 0.00>
ST_1 : Operation 23 [1/1] (0.00ns)   --->   "%specinterface_ln0 = specinterface void @_ssdm_op_SpecInterface, i128 %mm_a, void @empty_21, i32 0, i32 0, void @empty_12, i32 0, i32 0, void @empty_12, void @empty_12, void @empty_12, i32 0, i32 0, i32 0, i32 0, void @empty_12, void @empty_12, i32 4294967295, i32 0"   --->   Operation 23 'specinterface' 'specinterface_ln0' <Predicate = true> <Delay = 0.00>
ST_1 : Operation 24 [1/1] (0.00ns)   --->   "%mode_read = read i1 @_ssdm_op_Read.ap_auto.i1, i1 %mode"   --->   Operation 24 'read' 'mode_read' <Predicate = true> <Delay = 0.00>
ST_1 : Operation 25 [1/1] (0.00ns)   --->   "%num_a_sa_089_read = read i32 @_ssdm_op_Read.ap_auto.i32, i32 %num_a_sa_089"   --->   Operation 25 'read' 'num_a_sa_089_read' <Predicate = true> <Delay = 0.00>
ST_1 : Operation 26 [1/1] (0.36ns)   --->   "%store_ln192 = store i32 0, i32 %rep" [tools.cpp:192->top.cpp:56]   --->   Operation 26 'store' 'store_ln192' <Predicate = true> <Delay = 0.36>
ST_1 : Operation 27 [1/1] (0.00ns)   --->   "%br_ln0 = br void %for.body.i"   --->   Operation 27 'br' 'br_ln0' <Predicate = true> <Delay = 0.00>
ST_1 : Operation 28 [1/1] (0.00ns)   --->   "%rep_3 = load i32 %rep" [tools.cpp:192->top.cpp:56]   --->   Operation 28 'load' 'rep_3' <Predicate = true> <Delay = 0.00>
ST_1 : Operation 29 [1/1] (0.79ns)   --->   "%icmp_ln192 = icmp_eq  i32 %rep_3, i32 %num_a_sa_089_read" [tools.cpp:192->top.cpp:56]   --->   Operation 29 'icmp' 'icmp_ln192' <Predicate = true> <Delay = 0.79> <CoreInst = "Cmp">   --->   Core 9 'Cmp' <Latency = 0> <II = 1> <Delay = 0.79> <FuncUnit> <Opcode : 'icmp'> <InPorts = 2> <OutPorts = 1>
ST_1 : Operation 30 [1/1] (0.79ns)   --->   "%rep_4 = add i32 %rep_3, i32 1" [tools.cpp:192->top.cpp:56]   --->   Operation 30 'add' 'rep_4' <Predicate = true> <Delay = 0.79> <CoreInst = "Adder">   --->   Core 1 'Adder' <Latency = 0> <II = 1> <Delay = 0.79> <FuncUnit> <Opcode : 'add' 'sub'> <InPorts = 2> <OutPorts = 1>
ST_1 : Operation 31 [1/1] (0.00ns)   --->   "%br_ln192 = br i1 %icmp_ln192, void %for.body.i.split, void %_Z19ConvertInputToArrayRN3hls6streamI7ap_uintILi128EELi0EEES4_PA4_NS0_IS1_ILi32EELi0EEEjb.exit.loopexit.exitStub" [tools.cpp:192->top.cpp:56]   --->   Operation 31 'br' 'br_ln192' <Predicate = true> <Delay = 0.00>
ST_1 : Operation 32 [1/1] (0.00ns)   --->   "%specpipeline_ln192 = specpipeline void @_ssdm_op_SpecPipeline, i32 4294967295, i32 0, i32 0, i32 0, void @empty_12" [tools.cpp:192->top.cpp:56]   --->   Operation 32 'specpipeline' 'specpipeline_ln192' <Predicate = (!icmp_ln192)> <Delay = 0.00>
ST_1 : Operation 33 [1/1] (0.00ns)   --->   "%speclooptripcount_ln194 = speclooptripcount void @_ssdm_op_SpecLoopTripCount, i64 9216, i64 9216, i64 9216" [tools.cpp:194->top.cpp:56]   --->   Operation 33 'speclooptripcount' 'speclooptripcount_ln194' <Predicate = (!icmp_ln192)> <Delay = 0.00>
ST_1 : Operation 34 [1/1] (0.00ns)   --->   "%specloopname_ln192 = specloopname void @_ssdm_op_SpecLoopName, void @empty_16" [tools.cpp:192->top.cpp:56]   --->   Operation 34 'specloopname' 'specloopname_ln192' <Predicate = (!icmp_ln192)> <Delay = 0.00>
ST_1 : Operation 35 [1/1] (0.00ns)   --->   "%br_ln196 = br i1 %mode_read, void %if.else.i13, void %if.then.i" [tools.cpp:196->top.cpp:56]   --->   Operation 35 'br' 'br_ln196' <Predicate = (!icmp_ln192)> <Delay = 0.00>
ST_1 : Operation 36 [1/1] (0.36ns)   --->   "%store_ln192 = store i32 %rep_4, i32 %rep" [tools.cpp:192->top.cpp:56]   --->   Operation 36 'store' 'store_ln192' <Predicate = (!icmp_ln192)> <Delay = 0.36>
ST_1 : Operation 63 [1/1] (0.00ns)   --->   "%ret_ln0 = ret"   --->   Operation 63 'ret' 'ret_ln0' <Predicate = (icmp_ln192)> <Delay = 0.00>

State 2 <SV = 1> <Delay = 3.29>
ST_2 : Operation 37 [1/1] (1.46ns)   --->   "%temp_1 = read i128 @_ssdm_op_Read.ap_fifo.volatile.i128P0A, i128 %mm_a" [tools.cpp:202->top.cpp:56]   --->   Operation 37 'read' 'temp_1' <Predicate = (!icmp_ln192 & !mode_read)> <Delay = 1.46> <CoreInst = "FIFO">   --->   Core 78 'FIFO' <Latency = 0> <II = 1> <Delay = 1.46> <Storage> <Opcode : 'read' 'write' 'nbread' 'nbwrite'> <Ports = 0> <Width = 128> <Depth = 128> <FIFO>
ST_2 : Operation 38 [1/1] (0.36ns)   --->   "%br_ln0 = br void %VITIS_LOOP_207_3.i"   --->   Operation 38 'br' 'br_ln0' <Predicate = (!icmp_ln192 & !mode_read)> <Delay = 0.36>
ST_2 : Operation 39 [1/1] (1.45ns)   --->   "%temp = read i128 @_ssdm_op_Read.ap_fifo.volatile.i128P0A, i128 %conv3_sild" [tools.cpp:198->top.cpp:56]   --->   Operation 39 'read' 'temp' <Predicate = (!icmp_ln192 & mode_read)> <Delay = 1.45> <CoreInst = "FIFO">   --->   Core 78 'FIFO' <Latency = 0> <II = 1> <Delay = 1.45> <Storage> <Opcode : 'read' 'write' 'nbread' 'nbwrite'> <Ports = 0> <Width = 128> <Depth = 32> <FIFO>
ST_2 : Operation 40 [1/1] (0.36ns)   --->   "%br_ln199 = br void %VITIS_LOOP_207_3.i" [tools.cpp:199->top.cpp:56]   --->   Operation 40 'br' 'br_ln199' <Predicate = (!icmp_ln192 & mode_read)> <Delay = 0.36>
ST_2 : Operation 41 [1/1] (0.00ns)   --->   "%temp_2 = phi i128 %temp, void %if.then.i, i128 %temp_1, void %if.else.i13"   --->   Operation 41 'phi' 'temp_2' <Predicate = true> <Delay = 0.00>
ST_2 : Operation 42 [1/1] (0.00ns)   --->   "%trunc_ln206 = trunc i128 %temp_2" [tools.cpp:206->top.cpp:56]   --->   Operation 42 'trunc' 'trunc_ln206' <Predicate = true> <Delay = 0.00>
ST_2 : Operation 43 [1/1] (1.47ns)   --->   "%write_ln209 = write void @_ssdm_op_Write.ap_fifo.volatile.i32P0A, i32 %fifo_SA_A, i32 %trunc_ln206" [tools.cpp:209->top.cpp:56]   --->   Operation 43 'write' 'write_ln209' <Predicate = true> <Delay = 1.47> <CoreInst = "FIFO_SRL">   --->   Core 81 'FIFO_SRL' <Latency = 0> <II = 1> <Delay = 1.47> <Storage> <Opcode : 'read' 'write' 'nbread' 'nbwrite'> <Ports = 0> <Width = 32> <Depth = 32> <FIFO>
ST_2 : Operation 44 [1/1] (1.47ns)   --->   "%write_ln209 = write void @_ssdm_op_Write.ap_fifo.volatile.i32P0A, i32 %fifo_SA_A_16, i32 %trunc_ln206" [tools.cpp:209->top.cpp:56]   --->   Operation 44 'write' 'write_ln209' <Predicate = true> <Delay = 1.47> <CoreInst = "FIFO_SRL">   --->   Core 81 'FIFO_SRL' <Latency = 0> <II = 1> <Delay = 1.47> <Storage> <Opcode : 'read' 'write' 'nbread' 'nbwrite'> <Ports = 0> <Width = 32> <Depth = 32> <FIFO>
ST_2 : Operation 45 [1/1] (1.47ns)   --->   "%write_ln209 = write void @_ssdm_op_Write.ap_fifo.volatile.i32P0A, i32 %fifo_SA_A_17, i32 %trunc_ln206" [tools.cpp:209->top.cpp:56]   --->   Operation 45 'write' 'write_ln209' <Predicate = true> <Delay = 1.47> <CoreInst = "FIFO_SRL">   --->   Core 81 'FIFO_SRL' <Latency = 0> <II = 1> <Delay = 1.47> <Storage> <Opcode : 'read' 'write' 'nbread' 'nbwrite'> <Ports = 0> <Width = 32> <Depth = 32> <FIFO>
ST_2 : Operation 46 [1/1] (1.47ns)   --->   "%write_ln209 = write void @_ssdm_op_Write.ap_fifo.volatile.i32P0A, i32 %fifo_SA_A_18, i32 %trunc_ln206" [tools.cpp:209->top.cpp:56]   --->   Operation 46 'write' 'write_ln209' <Predicate = true> <Delay = 1.47> <CoreInst = "FIFO_SRL">   --->   Core 81 'FIFO_SRL' <Latency = 0> <II = 1> <Delay = 1.47> <Storage> <Opcode : 'read' 'write' 'nbread' 'nbwrite'> <Ports = 0> <Width = 32> <Depth = 32> <FIFO>
ST_2 : Operation 47 [1/1] (0.00ns)   --->   "%p_s = partselect i32 @_ssdm_op_PartSelect.i32.i128.i32.i32, i128 %temp_2, i32 32, i32 63" [tools.cpp:206->top.cpp:56]   --->   Operation 47 'partselect' 'p_s' <Predicate = true> <Delay = 0.00>
ST_2 : Operation 48 [1/1] (1.47ns)   --->   "%write_ln209 = write void @_ssdm_op_Write.ap_fifo.volatile.i32P0A, i32 %fifo_SA_A_19, i32 %p_s" [tools.cpp:209->top.cpp:56]   --->   Operation 48 'write' 'write_ln209' <Predicate = true> <Delay = 1.47> <CoreInst = "FIFO_SRL">   --->   Core 81 'FIFO_SRL' <Latency = 0> <II = 1> <Delay = 1.47> <Storage> <Opcode : 'read' 'write' 'nbread' 'nbwrite'> <Ports = 0> <Width = 32> <Depth = 32> <FIFO>
ST_2 : Operation 49 [1/1] (1.47ns)   --->   "%write_ln209 = write void @_ssdm_op_Write.ap_fifo.volatile.i32P0A, i32 %fifo_SA_A_20, i32 %p_s" [tools.cpp:209->top.cpp:56]   --->   Operation 49 'write' 'write_ln209' <Predicate = true> <Delay = 1.47> <CoreInst = "FIFO_SRL">   --->   Core 81 'FIFO_SRL' <Latency = 0> <II = 1> <Delay = 1.47> <Storage> <Opcode : 'read' 'write' 'nbread' 'nbwrite'> <Ports = 0> <Width = 32> <Depth = 32> <FIFO>
ST_2 : Operation 50 [1/1] (1.47ns)   --->   "%write_ln209 = write void @_ssdm_op_Write.ap_fifo.volatile.i32P0A, i32 %fifo_SA_A_21, i32 %p_s" [tools.cpp:209->top.cpp:56]   --->   Operation 50 'write' 'write_ln209' <Predicate = true> <Delay = 1.47> <CoreInst = "FIFO_SRL">   --->   Core 81 'FIFO_SRL' <Latency = 0> <II = 1> <Delay = 1.47> <Storage> <Opcode : 'read' 'write' 'nbread' 'nbwrite'> <Ports = 0> <Width = 32> <Depth = 32> <FIFO>
ST_2 : Operation 51 [1/1] (1.47ns)   --->   "%write_ln209 = write void @_ssdm_op_Write.ap_fifo.volatile.i32P0A, i32 %fifo_SA_A_22, i32 %p_s" [tools.cpp:209->top.cpp:56]   --->   Operation 51 'write' 'write_ln209' <Predicate = true> <Delay = 1.47> <CoreInst = "FIFO_SRL">   --->   Core 81 'FIFO_SRL' <Latency = 0> <II = 1> <Delay = 1.47> <Storage> <Opcode : 'read' 'write' 'nbread' 'nbwrite'> <Ports = 0> <Width = 32> <Depth = 32> <FIFO>
ST_2 : Operation 52 [1/1] (0.00ns)   --->   "%p_2 = partselect i32 @_ssdm_op_PartSelect.i32.i128.i32.i32, i128 %temp_2, i32 64, i32 95" [tools.cpp:206->top.cpp:56]   --->   Operation 52 'partselect' 'p_2' <Predicate = true> <Delay = 0.00>
ST_2 : Operation 53 [1/1] (1.47ns)   --->   "%write_ln209 = write void @_ssdm_op_Write.ap_fifo.volatile.i32P0A, i32 %fifo_SA_A_23, i32 %p_2" [tools.cpp:209->top.cpp:56]   --->   Operation 53 'write' 'write_ln209' <Predicate = true> <Delay = 1.47> <CoreInst = "FIFO_SRL">   --->   Core 81 'FIFO_SRL' <Latency = 0> <II = 1> <Delay = 1.47> <Storage> <Opcode : 'read' 'write' 'nbread' 'nbwrite'> <Ports = 0> <Width = 32> <Depth = 32> <FIFO>
ST_2 : Operation 54 [1/1] (1.47ns)   --->   "%write_ln209 = write void @_ssdm_op_Write.ap_fifo.volatile.i32P0A, i32 %fifo_SA_A_24, i32 %p_2" [tools.cpp:209->top.cpp:56]   --->   Operation 54 'write' 'write_ln209' <Predicate = true> <Delay = 1.47> <CoreInst = "FIFO_SRL">   --->   Core 81 'FIFO_SRL' <Latency = 0> <II = 1> <Delay = 1.47> <Storage> <Opcode : 'read' 'write' 'nbread' 'nbwrite'> <Ports = 0> <Width = 32> <Depth = 32> <FIFO>
ST_2 : Operation 55 [1/1] (1.47ns)   --->   "%write_ln209 = write void @_ssdm_op_Write.ap_fifo.volatile.i32P0A, i32 %fifo_SA_A_25, i32 %p_2" [tools.cpp:209->top.cpp:56]   --->   Operation 55 'write' 'write_ln209' <Predicate = true> <Delay = 1.47> <CoreInst = "FIFO_SRL">   --->   Core 81 'FIFO_SRL' <Latency = 0> <II = 1> <Delay = 1.47> <Storage> <Opcode : 'read' 'write' 'nbread' 'nbwrite'> <Ports = 0> <Width = 32> <Depth = 32> <FIFO>
ST_2 : Operation 56 [1/1] (1.47ns)   --->   "%write_ln209 = write void @_ssdm_op_Write.ap_fifo.volatile.i32P0A, i32 %fifo_SA_A_26, i32 %p_2" [tools.cpp:209->top.cpp:56]   --->   Operation 56 'write' 'write_ln209' <Predicate = true> <Delay = 1.47> <CoreInst = "FIFO_SRL">   --->   Core 81 'FIFO_SRL' <Latency = 0> <II = 1> <Delay = 1.47> <Storage> <Opcode : 'read' 'write' 'nbread' 'nbwrite'> <Ports = 0> <Width = 32> <Depth = 32> <FIFO>
ST_2 : Operation 57 [1/1] (0.00ns)   --->   "%p_0 = partselect i32 @_ssdm_op_PartSelect.i32.i128.i32.i32, i128 %temp_2, i32 96, i32 127" [tools.cpp:206->top.cpp:56]   --->   Operation 57 'partselect' 'p_0' <Predicate = true> <Delay = 0.00>
ST_2 : Operation 58 [1/1] (1.47ns)   --->   "%write_ln209 = write void @_ssdm_op_Write.ap_fifo.volatile.i32P0A, i32 %fifo_SA_A_27, i32 %p_0" [tools.cpp:209->top.cpp:56]   --->   Operation 58 'write' 'write_ln209' <Predicate = true> <Delay = 1.47> <CoreInst = "FIFO_SRL">   --->   Core 81 'FIFO_SRL' <Latency = 0> <II = 1> <Delay = 1.47> <Storage> <Opcode : 'read' 'write' 'nbread' 'nbwrite'> <Ports = 0> <Width = 32> <Depth = 32> <FIFO>
ST_2 : Operation 59 [1/1] (1.47ns)   --->   "%write_ln209 = write void @_ssdm_op_Write.ap_fifo.volatile.i32P0A, i32 %fifo_SA_A_28, i32 %p_0" [tools.cpp:209->top.cpp:56]   --->   Operation 59 'write' 'write_ln209' <Predicate = true> <Delay = 1.47> <CoreInst = "FIFO_SRL">   --->   Core 81 'FIFO_SRL' <Latency = 0> <II = 1> <Delay = 1.47> <Storage> <Opcode : 'read' 'write' 'nbread' 'nbwrite'> <Ports = 0> <Width = 32> <Depth = 32> <FIFO>
ST_2 : Operation 60 [1/1] (1.47ns)   --->   "%write_ln209 = write void @_ssdm_op_Write.ap_fifo.volatile.i32P0A, i32 %fifo_SA_A_29, i32 %p_0" [tools.cpp:209->top.cpp:56]   --->   Operation 60 'write' 'write_ln209' <Predicate = true> <Delay = 1.47> <CoreInst = "FIFO_SRL">   --->   Core 81 'FIFO_SRL' <Latency = 0> <II = 1> <Delay = 1.47> <Storage> <Opcode : 'read' 'write' 'nbread' 'nbwrite'> <Ports = 0> <Width = 32> <Depth = 32> <FIFO>
ST_2 : Operation 61 [1/1] (1.47ns)   --->   "%write_ln209 = write void @_ssdm_op_Write.ap_fifo.volatile.i32P0A, i32 %fifo_SA_A_30, i32 %p_0" [tools.cpp:209->top.cpp:56]   --->   Operation 61 'write' 'write_ln209' <Predicate = true> <Delay = 1.47> <CoreInst = "FIFO_SRL">   --->   Core 81 'FIFO_SRL' <Latency = 0> <II = 1> <Delay = 1.47> <Storage> <Opcode : 'read' 'write' 'nbread' 'nbwrite'> <Ports = 0> <Width = 32> <Depth = 32> <FIFO>
ST_2 : Operation 62 [1/1] (0.00ns)   --->   "%br_ln192 = br void %for.body.i" [tools.cpp:192->top.cpp:56]   --->   Operation 62 'br' 'br_ln192' <Predicate = true> <Delay = 0.00>


============================================================
+ Verbose Summary: Timing violations
============================================================
Target clock period: 10.000ns, clock uncertainty: 2.700ns.

 <State 1>: 1.517ns
The critical path consists of the following:
	'store' operation 0 bit ('store_ln192', tools.cpp:192->top.cpp:56) of constant 0 on local variable 'rep', tools.cpp:192->top.cpp:56 [42]  (0.362 ns)
	'load' operation 32 bit ('rep', tools.cpp:192->top.cpp:56) on local variable 'rep', tools.cpp:192->top.cpp:56 [45]  (0.000 ns)
	'icmp' operation 1 bit ('icmp_ln192', tools.cpp:192->top.cpp:56) [46]  (0.793 ns)
	'store' operation 0 bit ('store_ln192', tools.cpp:192->top.cpp:56) of variable 'rep', tools.cpp:192->top.cpp:56 on local variable 'rep', tools.cpp:192->top.cpp:56 [82]  (0.362 ns)

 <State 2>: 3.299ns
The critical path consists of the following:
	fifo read operation ('temp', tools.cpp:202->top.cpp:56) on port 'mm_a' (tools.cpp:202->top.cpp:56) [55]  (1.466 ns)
	multiplexor before 'phi' operation 128 bit ('temp') with incoming values : ('temp', tools.cpp:202->top.cpp:56) ('temp', tools.cpp:198->top.cpp:56) [61]  (0.362 ns)
	'phi' operation 128 bit ('temp') with incoming values : ('temp', tools.cpp:202->top.cpp:56) ('temp', tools.cpp:198->top.cpp:56) [61]  (0.000 ns)
	fifo write operation ('write_ln209', tools.cpp:209->top.cpp:56) on port 'fifo_SA_A' (tools.cpp:209->top.cpp:56) [63]  (1.471 ns)


============================================================
+ Verbose Summary: Binding
============================================================
N/A
* FSMD analyzer results:
  - Output states:
 - Input state : 
  - Chain level:
	State 1
	State 2


============================================================
+ Verbose Summary: Datapath Resource usage 
============================================================
N/A
