   Build using "D:/Applications/Xilinx/Vitis_HLS/2023.2/tps/win64/msys64/mingw64/bin/g++"
   Compiling apatb_top.cpp
In file included from D:/Applications/Xilinx/Vitis_HLS/2023.2/include/floating_point_v7_1_bitacc_cmodel.h:150:0,
                 from D:/Applications/Xilinx/Vitis_HLS/2023.2/include/hls_fpo.h:140,
                 from D:/Applications/Xilinx/Vitis_HLS/2023.2/include/etc/hls_half_fpo.h:19,
                 from D:/Applications/Xilinx/Vitis_HLS/2023.2/include/hls_half.h:26,
                 from D:/Applications/Xilinx/Vitis_HLS/2023.2/include/etc/ap_private.h:52,
                 from D:/Applications/Xilinx/Vitis_HLS/2023.2/include/etc/ap_common.h:666,
                 from D:/Applications/Xilinx/Vitis_HLS/2023.2/include/ap_fixed.h:9,
                 from apatb_top.cpp:12:
D:/Applications/Xilinx/Vitis_HLS/2023.2/include/gmp.h:58:0: warning: "__GMP_LIBGMP_DLL" redefined
 #define __GMP_LIBGMP_DLL  0
 
In file included from D:/Applications/Xilinx/Vitis_HLS/2023.2/include/hls_fpo.h:140:0,
                 from D:/Applications/Xilinx/Vitis_HLS/2023.2/include/etc/hls_half_fpo.h:19,
                 from D:/Applications/Xilinx/Vitis_HLS/2023.2/include/hls_half.h:26,
                 from D:/Applications/Xilinx/Vitis_HLS/2023.2/include/etc/ap_private.h:52,
                 from D:/Applications/Xilinx/Vitis_HLS/2023.2/include/etc/ap_common.h:666,
                 from D:/Applications/Xilinx/Vitis_HLS/2023.2/include/ap_fixed.h:9,
                 from apatb_top.cpp:12:
D:/Applications/Xilinx/Vitis_HLS/2023.2/include/floating_point_v7_1_bitacc_cmodel.h:142:0: note: this is the location of the previous definition
 #define __GMP_LIBGMP_DLL 1
 
   Generating cosim.pc.exe
