INFO: [SIM 2] *************** CSIM start ***************
INFO: [SIM 4] CSIM will launch GCC as the compiler.
   Compiling ../../../../tools.cpp in debug mode
   Generating csim.exe
[r][c][m]: 1 6 2	out : -7.568486691e+000		ref : -7.568586826e+000
[r][c][m]: 1 24 2	out : -1.272963257e+002		ref : -1.272961731e+002
[r][c][m]: 2 10 2	out : -1.060178146e+002		ref : -1.060176697e+002
[r][c][m]: 2 28 2	out : 8.958267212e+001		ref : 8.958255768e+001
[r][c][m]: 2 30 2	out : 1.900598145e+002		ref : 1.900596771e+002
[r][c][m]: 3 11 2	out : -1.680532379e+002		ref : -1.680533447e+002
[r][c][m]: 3 28 2	out : 1.360164642e+002		ref : 1.360163269e+002
[r][c][m]: 4 3 2	out : 1.109934044e+001		ref : 1.109947300e+001
[r][c][m]: 4 14 2	out : -1.470355682e+002		ref : -1.470358887e+002
[r][c][m]: 4 23 2	out : 1.637633972e+002		ref : 1.637632446e+002
[r][c][m]: 5 1 2	out : 1.681032715e+002		ref : 1.681034851e+002
[r][c][m]: 5 6 2	out : -1.385676117e+002		ref : -1.385674896e+002
[r][c][m]: 5 15 2	out : -7.492231750e+001		ref : -7.492216492e+001
[r][c][m]: 5 16 2	out : 8.569594574e+001		ref : 8.569583893e+001
[r][c][m]: 5 19 2	out : 2.090173492e+002		ref : 2.090171356e+002
[r][c][m]: 5 23 2	out : -7.820726776e+001		ref : -7.820738220e+001
[r][c][m]: 5 25 2	out : 1.193532639e+002		ref : 1.193531036e+002
[r][c][m]: 5 28 2	out : 1.078493271e+002		ref : 1.078494797e+002
[r][c][m]: 5 30 2	out : 1.475873566e+001		ref : 1.475884438e+001
[r][c][m]: 6 18 2	out : -1.506925964e+002		ref : -1.506927185e+002
[r][c][m]: 7 8 2	out : -7.889318085e+001		ref : -7.889328766e+001
[r][c][m]: 7 14 2	out : 1.803493042e+002		ref : 1.803491211e+002
[r][c][m]: 7 19 2	out : 1.014554291e+002		ref : 1.014552841e+002
[r][c][m]: 7 24 2	out : -2.209288635e+002		ref : -2.209286194e+002
[r][c][m]: 8 7 2	out : 3.089015808e+002		ref : 3.089012451e+002
[r][c][m]: 8 11 2	out : -1.989577484e+002		ref : -1.989578552e+002
[r][c][m]: 8 15 2	out : 1.549938660e+002		ref : 1.549940033e+002
[r][c][m]: 9 0 2	out : 1.001964951e+002		ref : 1.001963730e+002
[r][c][m]: 9 10 2	out : 7.994330597e+001		ref : 7.994316864e+001
[r][c][m]: 10 9 2	out : 2.416924477e+000		ref : 2.416821241e+000
[r][c][m]: 10 19 2	out : 1.900224304e+002		ref : 1.900223236e+002
[r][c][m]: 10 23 2	out : 3.172423706e+002		ref : 3.172421875e+002
[r][c][m]: 10 30 2	out : 1.607795105e+002		ref : 1.607794037e+002
[r][c][m]: 11 15 2	out : 1.621169586e+002		ref : 1.621170959e+002
[r][c][m]: 11 24 2	out : 8.997113037e+001		ref : 8.997098541e+001
[r][c][m]: 12 28 2	out : -1.414206848e+002		ref : -1.414207916e+002
[r][c][m]: 13 8 2	out : -2.077609406e+002		ref : -2.077611389e+002
[r][c][m]: 14 22 2	out : 7.280149841e+001		ref : 7.280139160e+001
[r][c][m]: 14 27 2	out : -2.212375488e+002		ref : -2.212377014e+002
[r][c][m]: 14 30 2	out : -1.092203598e+002		ref : -1.092202377e+002
[r][c][m]: 16 7 2	out : -1.332553864e+002		ref : -1.332552490e+002
[r][c][m]: 16 13 2	out : 3.018095493e+000		ref : 3.017994404e+000
[r][c][m]: 16 21 2	out : -9.122882843e+001		ref : -9.122898865e+001
[r][c][m]: 16 29 2	out : 1.153367081e+002		ref : 1.153368835e+002
[r][c][m]: 17 5 2	out : -1.739084320e+002		ref : -1.739083099e+002
[r][c][m]: 17 13 2	out : 1.795513916e+002		ref : 1.795516663e+002
[r][c][m]: 18 5 2	out : -1.588205261e+002		ref : -1.588207397e+002
[r][c][m]: 18 15 2	out : 9.841889191e+001		ref : 9.841900635e+001
[r][c][m]: 18 30 2	out : 1.772562866e+002		ref : 1.772563934e+002
[r][c][m]: 19 4 2	out : -2.237660408e+001		ref : -2.237650299e+001
[r][c][m]: 19 23 2	out : 6.417709351e+001		ref : 6.417722321e+001
[r][c][m]: 20 6 2	out : -9.580376434e+001		ref : -9.580364990e+001
[r][c][m]: 20 12 2	out : 1.659221344e+002		ref : 1.659219208e+002
[r][c][m]: 20 22 2	out : -1.117091827e+002		ref : -1.117090454e+002
[r][c][m]: 20 23 2	out : 8.700548553e+001		ref : 8.700560760e+001
[r][c][m]: 20 28 2	out : -2.402447205e+002		ref : -2.402445831e+002
[r][c][m]: 21 10 2	out : -1.801882782e+002		ref : -1.801881104e+002
[r][c][m]: 21 12 2	out : -6.492971039e+001		ref : -6.492984772e+001
[r][c][m]: 21 15 2	out : 1.792683363e+000		ref : 1.792580485e+000
[r][c][m]: 22 18 2	out : -1.135858536e+002		ref : -1.135860062e+002
[r][c][m]: 22 28 2	out : -2.092551727e+002		ref : -2.092550659e+002
[r][c][m]: 23 4 2	out : -1.060358200e+002		ref : -1.060359421e+002
[r][c][m]: 23 15 2	out : 8.579343414e+001		ref : 8.579354858e+001
[r][c][m]: 24 1 2	out : 2.371429749e+002		ref : 2.371431274e+002
[r][c][m]: 24 7 2	out : -1.920808868e+002		ref : -1.920809937e+002
[r][c][m]: 24 13 2	out : 1.372722931e+002		ref : 1.372724304e+002
[r][c][m]: 24 28 2	out : -1.523309631e+002		ref : -1.523311157e+002
[r][c][m]: 25 13 2	out : 1.517052612e+002		ref : 1.517051239e+002
[r][c][m]: 26 25 2	out : 1.418548431e+002		ref : 1.418549652e+002
[r][c][m]: 27 5 2	out : 1.033115082e+002		ref : 1.033113251e+002
[r][c][m]: 28 1 2	out : -5.025004196e+001		ref : -5.024991608e+001
[r][c][m]: 28 21 2	out : 1.024712524e+002		ref : 1.024710846e+002
[r][c][m]: 28 26 2	out : 8.019353485e+001		ref : 8.019342804e+001
[r][c][m]: 29 5 2	out : -1.197364655e+002		ref : -1.197366180e+002
[r][c][m]: 30 1 2	out : -2.137409058e+002		ref : -2.137410431e+002
[r][c][m]: 31 4 2	out : -1.148758163e+002		ref : -1.148759460e+002
[r][c][m]: 31 23 2	out : -1.570383911e+002		ref : -1.570384979e+002
[r][c][m]: 26 2 22	out : -6.666277313e+001		ref : -6.666266632e+001
[r][c][m]: 12 4 29	out : 2.802906036e+001		ref : 2.802894783e+001
[r][c][m]: 12 14 29	out : 8.797798920e+001		ref : 8.797809601e+001
[r][c][m]: 12 25 29	out : 1.039086990e+002		ref : 1.039088593e+002
[r][c][m]: 14 29 29	out : -1.441549377e+002		ref : -1.441550598e+002
[r][c][m]: 21 20 29	out : 6.143221664e+001		ref : 6.143232727e+001
[r][c][m]: 23 13 29	out : -9.449150085e+001		ref : -9.449161530e+001
[r][c][m]: 26 2 29	out : -6.536764526e+001		ref : -6.536775970e+001
[r][c][m]: 7 27 30	out : -9.672188568e+001		ref : -9.672173309e+001
[r][c][m]: 11 29 30	out : 7.251892853e+001		ref : 7.251905060e+001
[r][c][m]: 12 1 30	out : 1.028314133e+002		ref : 1.028313065e+002
[r][c][m]: 30 6 30	out : 8.236018372e+001		ref : 8.236007690e+001
[r][c][m]: 0 7 44	out : 2.140247345e+002		ref : 2.140248413e+002
[r][c][m]: 0 16 44	out : 1.690269012e+002		ref : 1.690270844e+002
[r][c][m]: 0 30 44	out : -1.277138977e+002		ref : -1.277140350e+002
[r][c][m]: 1 1 44	out : -8.165469360e+001		ref : -8.165448761e+001
[r][c][m]: 1 3 44	out : -1.440121460e+002		ref : -1.440120087e+002
[r][c][m]: 1 8 44	out : 2.242722473e+002		ref : 2.242718811e+002
[r][c][m]: 1 10 44	out : -1.554025574e+002		ref : -1.554026947e+002
[r][c][m]: 1 22 44	out : 7.612107849e+001		ref : 7.612123108e+001
[r][c][m]: 1 24 44	out : 1.825019989e+002		ref : 1.825021362e+002
[r][c][m]: 1 30 44	out : -9.828718567e+001		ref : -9.828707123e+001
[r][c][m]: 2 13 44	out : 2.203211670e+002		ref : 2.203210297e+002
[r][c][m]: 2 15 44	out : -9.407289124e+001		ref : -9.407302856e+001
[r][c][m]: 2 16 44	out : -7.588564301e+001		ref : -7.588584137e+001
[r][c][m]: 2 19 44	out : -9.679954529e+001		ref : -9.679966736e+001
[r][c][m]: 2 25 44	out : 3.097465515e+002		ref : 3.097466736e+002
[r][c][m]: 3 5 44	out : -2.378759460e+002		ref : -2.378758240e+002
[r][c][m]: 3 8 44	out : 7.824898529e+001		ref : 7.824909973e+001
[r][c][m]: 3 14 44	out : -1.294256744e+002		ref : -1.294257812e+002
[r][c][m]: 4 6 44	out : -2.314907074e+001		ref : -2.314890671e+001
[r][c][m]: 4 7 44	out : 2.150264893e+002		ref : 2.150266876e+002
[r][c][m]: 4 10 44	out : 3.355127716e+001		ref : 3.355116653e+001
[r][c][m]: 4 21 44	out : -3.723431015e+001		ref : -3.723442078e+001
[r][c][m]: 4 26 44	out : -1.777616425e+002		ref : -1.777617645e+002
[r][c][m]: 4 30 44	out : -2.753045654e+002		ref : -2.753046875e+002
[r][c][m]: 5 3 44	out : 4.348671341e+001		ref : 4.348681641e+001
[r][c][m]: 5 8 44	out : 1.591178284e+002		ref : 1.591177063e+002
[r][c][m]: 5 11 44	out : 2.029491425e+002		ref : 2.029490051e+002
[r][c][m]: 5 13 44	out : 1.223131790e+002		ref : 1.223132935e+002
[r][c][m]: 5 19 44	out : 1.352165985e+002		ref : 1.352167358e+002
[r][c][m]: 5 27 44	out : 1.294375305e+002		ref : 1.294377289e+002
[r][c][m]: 6 1 44	out : -1.736415710e+002		ref : -1.736414032e+002
[r][c][m]: 6 10 44	out : -3.316912079e+001		ref : -3.316926575e+001
[r][c][m]: 6 16 44	out : -1.830857391e+002		ref : -1.830858459e+002
[r][c][m]: 6 20 44	out : -1.099411240e+002		ref : -1.099409561e+002
[r][c][m]: 6 22 44	out : 1.695208588e+002		ref : 1.695207214e+002
[r][c][m]: 6 23 44	out : -6.757837677e+001		ref : -6.757850647e+001
[r][c][m]: 7 13 44	out : -1.292055969e+002		ref : -1.292054443e+002
[r][c][m]: 7 31 44	out : -1.815250549e+002		ref : -1.815249329e+002
[r][c][m]: 8 2 44	out : 1.200569153e+002		ref : 1.200570984e+002
[r][c][m]: 8 11 44	out : -1.971816711e+002		ref : -1.971817932e+002
[r][c][m]: 8 20 44	out : 1.699304810e+002		ref : 1.699306793e+002
[r][c][m]: 9 1 44	out : -1.937824860e+002		ref : -1.937825928e+002
[r][c][m]: 9 2 44	out : -1.276121521e+002		ref : -1.276120453e+002
[r][c][m]: 9 7 44	out : -2.285648499e+002		ref : -2.285649567e+002
[r][c][m]: 9 12 44	out : -1.264585724e+002		ref : -1.264584198e+002
[r][c][m]: 9 16 44	out : 2.049976959e+002		ref : 2.049978180e+002
[r][c][m]: 9 19 44	out : -3.532756958e+002		ref : -3.532758484e+002
[r][c][m]: 9 29 44	out : 2.548130188e+002		ref : 2.548129120e+002
[r][c][m]: 10 8 44	out : -3.672029724e+002		ref : -3.672028198e+002
[r][c][m]: 10 14 44	out : 1.771315918e+002		ref : 1.771316986e+002
[r][c][m]: 10 16 44	out : -2.877251587e+002		ref : -2.877253113e+002
[r][c][m]: 10 17 44	out : -4.229854431e+002		ref : -4.229856262e+002
[r][c][m]: 10 22 44	out : -1.651947479e+002		ref : -1.651948700e+002
[r][c][m]: 11 3 44	out : -1.907006226e+002		ref : -1.907005157e+002
[r][c][m]: 11 5 44	out : -7.172174835e+001		ref : -7.172187042e+001
[r][c][m]: 11 7 44	out : 2.407123108e+002		ref : 2.407124786e+002
[r][c][m]: 11 14 44	out : 1.621115417e+002		ref : 1.621114349e+002
[r][c][m]: 11 15 44	out : -1.706590576e+002		ref : -1.706589355e+002
[r][c][m]: 11 17 44	out : -1.199317856e+002		ref : -1.199316559e+002
[r][c][m]: 11 19 44	out : 3.746025696e+002		ref : 3.746027832e+002
[r][c][m]: 11 22 44	out : -1.252631607e+002		ref : -1.252632904e+002
[r][c][m]: 12 16 44	out : 1.609933319e+002		ref : 1.609932098e+002
[r][c][m]: 12 25 44	out : 1.925407104e+002		ref : 1.925405273e+002
[r][c][m]: 12 31 44	out : 8.907376862e+001		ref : 8.907389069e+001
[r][c][m]: 13 2 44	out : 1.195171432e+002		ref : 1.195170288e+002
[r][c][m]: 13 4 44	out : -2.108124237e+002		ref : -2.108123169e+002
[r][c][m]: 13 10 44	out : 2.335064697e+002		ref : 2.335065918e+002
[r][c][m]: 13 14 44	out : -2.833046875e+002		ref : -2.833045349e+002
[r][c][m]: 13 15 44	out : 2.410500641e+002		ref : 2.410499420e+002
[r][c][m]: 13 16 44	out : 1.653752594e+002		ref : 1.653751526e+002
[r][c][m]: 14 10 44	out : 1.960792847e+002		ref : 1.960789948e+002
[r][c][m]: 14 15 44	out : -1.209728622e+001		ref : -1.209711647e+001
[r][c][m]: 14 24 44	out : 2.547180939e+002		ref : 2.547179108e+002
[r][c][m]: 14 31 44	out : 1.357469635e+002		ref : 1.357468567e+002
[r][c][m]: 15 7 44	out : -5.622878265e+001		ref : -5.622867203e+001
[r][c][m]: 15 12 44	out : -2.207954645e+000		ref : -2.208056450e+000
[r][c][m]: 15 19 44	out : -1.187816162e+002		ref : -1.187814865e+002
[r][c][m]: 15 28 44	out : 2.509579773e+002		ref : 2.509581909e+002
[r][c][m]: 16 1 44	out : 5.442287064e+001		ref : 5.442303085e+001
[r][c][m]: 16 2 44	out : -2.771849060e+002		ref : -2.771844482e+002
[r][c][m]: 16 4 44	out : -7.990020752e+001		ref : -7.990032196e+001
[r][c][m]: 16 9 44	out : 1.312299957e+002		ref : 1.312301178e+002
[r][c][m]: 16 12 44	out : -2.789843750e+002		ref : -2.789845276e+002
[r][c][m]: 17 2 44	out : 1.247597694e+001		ref : 1.247607803e+001
[r][c][m]: 17 6 44	out : 1.009642487e+002		ref : 1.009641113e+002
[r][c][m]: 17 9 44	out : 4.768574142e+001		ref : 4.768586349e+001
[r][c][m]: 17 10 44	out : 2.576050720e+002		ref : 2.576047668e+002
[r][c][m]: 17 11 44	out : -5.048562527e+000		ref : -5.048715115e+000
[r][c][m]: 17 14 44	out : -1.719718323e+002		ref : -1.719719696e+002
[r][c][m]: 17 20 44	out : -2.187016754e+002		ref : -2.187014160e+002
[r][c][m]: 17 27 44	out : -1.931228943e+002		ref : -1.931231079e+002
[r][c][m]: 17 30 44	out : 5.451237106e+001		ref : 5.451226044e+001
[r][c][m]: 18 3 44	out : 1.075077133e+002		ref : 1.075075912e+002
[r][c][m]: 18 9 44	out : -3.878343964e+001		ref : -3.878331757e+001
[r][c][m]: 18 11 44	out : 2.184921265e+002		ref : 2.184919281e+002
[r][c][m]: 18 17 44	out : -8.238231659e+000		ref : -8.238342285e+000
[r][c][m]: 18 19 44	out : -3.290623093e+001		ref : -3.290612793e+001
[r][c][m]: 18 20 44	out : 2.701247864e+002		ref : 2.701249084e+002
[r][c][m]: 19 9 44	out : -8.827169800e+001		ref : -8.827159119e+001
[r][c][m]: 19 10 44	out : -1.926772003e+002		ref : -1.926773224e+002
[r][c][m]: 19 14 44	out : 5.645310593e+001		ref : 5.645289612e+001
[r][c][m]: 19 20 44	out : 1.589702148e+002		ref : 1.589704437e+002
[r][c][m]: 19 23 44	out : 1.956903229e+002		ref : 1.956901855e+002
[r][c][m]: 19 30 44	out : 4.665340042e+001		ref : 4.665350723e+001
[r][c][m]: 20 5 44	out : -2.373044128e+002		ref : -2.373045502e+002
[r][c][m]: 20 11 44	out : -1.806794739e+002		ref : -1.806793365e+002
[r][c][m]: 20 14 44	out : 1.773430023e+002		ref : 1.773431854e+002
[r][c][m]: 20 28 44	out : 3.319159851e+002		ref : 3.319161682e+002
[r][c][m]: 21 2 44	out : -2.013664093e+002		ref : -2.013662720e+002
[r][c][m]: 21 7 44	out : -1.569084167e+002		ref : -1.569082489e+002
[r][c][m]: 21 9 44	out : -9.916417694e+001		ref : -9.916432190e+001
[r][c][m]: 21 12 44	out : -1.651502533e+002		ref : -1.651503601e+002
[r][c][m]: 21 15 44	out : 1.203686905e+002		ref : 1.203687973e+002
[r][c][m]: 21 28 44	out : -6.474508667e+001		ref : -6.474530029e+001
[r][c][m]: 22 4 44	out : -1.086006317e+002		ref : -1.086005096e+002
[r][c][m]: 22 9 44	out : -1.004351044e+002		ref : -1.004352646e+002
[r][c][m]: 22 10 44	out : -2.054701996e+002		ref : -2.054704132e+002
[r][c][m]: 22 17 44	out : -3.541906738e+001		ref : -3.541894150e+001
[r][c][m]: 22 18 44	out : 1.445572968e+002		ref : 1.445571899e+002
[r][c][m]: 22 23 44	out : 2.412907257e+002		ref : 2.412905884e+002
[r][c][m]: 22 30 44	out : 1.533539429e+002		ref : 1.533538055e+002
[r][c][m]: 23 1 44	out : 2.607248535e+002		ref : 2.607250671e+002
[r][c][m]: 23 8 44	out : -2.221424580e+000		ref : -2.221307516e+000
[r][c][m]: 23 9 44	out : -2.529464264e+002		ref : -2.529463196e+002
[r][c][m]: 23 26 44	out : 1.846973114e+002		ref : 1.846972046e+002
[r][c][m]: 23 30 44	out : 1.799775848e+002		ref : 1.799777679e+002
[r][c][m]: 24 5 44	out : -1.439733887e+002		ref : -1.439735107e+002
[r][c][m]: 24 24 44	out : -1.575031128e+002		ref : -1.575032654e+002
[r][c][m]: 24 27 44	out : -2.312313690e+002		ref : -2.312312317e+002
[r][c][m]: 24 29 44	out : 2.199682617e+002		ref : 2.199685059e+002
[r][c][m]: 25 11 44	out : 1.389256897e+002		ref : 1.389258270e+002
[r][c][m]: 25 25 44	out : -2.312372437e+002		ref : -2.312370605e+002
[r][c][m]: 26 9 44	out : 1.937955475e+002		ref : 1.937956696e+002
[r][c][m]: 26 10 44	out : 9.093653107e+001		ref : 9.093641663e+001
[r][c][m]: 26 11 44	out : 1.345205078e+002		ref : 1.345203857e+002
[r][c][m]: 26 13 44	out : 2.322472076e+002		ref : 2.322470398e+002
[r][c][m]: 26 14 44	out : 1.215954132e+002		ref : 1.215952911e+002
[r][c][m]: 26 19 44	out : 7.189115143e+001		ref : 7.189128876e+001
[r][c][m]: 26 20 44	out : -7.345854187e+001		ref : -7.345867157e+001
[r][c][m]: 26 28 44	out : -2.029198914e+002		ref : -2.029197693e+002
[r][c][m]: 27 4 44	out : 2.307442017e+002		ref : 2.307443237e+002
[r][c][m]: 27 11 44	out : -1.738249969e+002		ref : -1.738248901e+002
[r][c][m]: 27 12 44	out : 2.524303741e+002		ref : 2.524301147e+002
[r][c][m]: 27 21 44	out : -2.161565399e+002		ref : -2.161563873e+002
[r][c][m]: 28 7 44	out : 1.190291519e+002		ref : 1.190289841e+002
[r][c][m]: 28 10 44	out : 1.035715408e+002		ref : 1.035714111e+002
[r][c][m]: 28 12 44	out : 1.093528290e+002		ref : 1.093526688e+002
[r][c][m]: 28 13 44	out : -2.013069611e+002		ref : -2.013067780e+002
[r][c][m]: 28 26 44	out : -3.612053833e+002		ref : -3.612052307e+002
[r][c][m]: 28 28 44	out : 1.692557983e+002		ref : 1.692556305e+002
[r][c][m]: 29 1 44	out : -6.384644699e+001		ref : -6.384634018e+001
[r][c][m]: 29 10 44	out : -1.399773560e+002		ref : -1.399774628e+002
[r][c][m]: 29 11 44	out : 3.062308655e+002		ref : 3.062309875e+002
[r][c][m]: 29 18 44	out : 2.748600464e+002		ref : 2.748601685e+002
[r][c][m]: 29 21 44	out : -1.445548553e+002		ref : -1.445549622e+002
[r][c][m]: 29 24 44	out : -2.484136810e+002		ref : -2.484135132e+002
[r][c][m]: 30 1 44	out : -1.297341919e+002		ref : -1.297339172e+002
[r][c][m]: 30 2 44	out : -1.179514160e+002		ref : -1.179515228e+002
[r][c][m]: 30 4 44	out : 1.306776123e+002		ref : 1.306777191e+002
[r][c][m]: 30 16 44	out : -1.358631439e+002		ref : -1.358630371e+002
[r][c][m]: 30 24 44	out : 1.175398560e+002		ref : 1.175400238e+002
[r][c][m]: 30 29 44	out : 1.782001038e+002		ref : 1.781999969e+002
[r][c][m]: 31 2 44	out : -2.045620728e+002		ref : -2.045623016e+002
[r][c][m]: 31 9 44	out : -1.900138245e+002		ref : -1.900139313e+002
[r][c][m]: 31 20 44	out : 1.186182785e+001		ref : 1.186194801e+001
[r][c][m]: 31 21 44	out : -7.136753082e+001		ref : -7.136742401e+001
[r][c][m]: 0 0 49	out : 3.269767151e+002		ref : 3.269765930e+002
[r][c][m]: 0 4 49	out : 2.904045410e+002		ref : 2.904049683e+002
[r][c][m]: 0 6 49	out : 3.916629639e+002		ref : 3.916628113e+002
[r][c][m]: 0 9 49	out : 5.714831543e+002		ref : 5.714827881e+002
[r][c][m]: 0 12 49	out : -2.299785919e+002		ref : -2.299784698e+002
[r][c][m]: 0 13 49	out : -4.152486877e+002		ref : -4.152490845e+002
[r][c][m]: 0 14 49	out : -6.014813843e+002		ref : -6.014811401e+002
[r][c][m]: 0 16 49	out : -1.059970245e+002		ref : -1.059972992e+002
[r][c][m]: 0 17 49	out : 1.449893494e+002		ref : 1.449895477e+002
[r][c][m]: 0 21 49	out : -5.091748352e+002		ref : -5.091749573e+002
[r][c][m]: 0 22 49	out : -8.460140991e+001		ref : -8.460128021e+001
[r][c][m]: 0 26 49	out : -2.720947266e+001		ref : -2.720932007e+001
[r][c][m]: 0 27 49	out : -4.079678650e+002		ref : -4.079677429e+002
[r][c][m]: 0 28 49	out : -1.654326477e+002		ref : -1.654328003e+002
[r][c][m]: 1 0 49	out : 2.784033585e+001		ref : 2.784006882e+001
[r][c][m]: 1 2 49	out : -4.118334656e+002		ref : -4.118338318e+002
[r][c][m]: 1 3 49	out : 4.717463989e+002		ref : 4.717461853e+002
[r][c][m]: 1 4 49	out : -3.478794479e+001		ref : -3.478821182e+001
[r][c][m]: 1 6 49	out : 6.550738525e+002		ref : 6.550742798e+002
[r][c][m]: 1 7 49	out : -1.256915588e+002		ref : -1.256913681e+002
[r][c][m]: 1 11 49	out : 4.729502258e+002		ref : 4.729503784e+002
[r][c][m]: 1 12 49	out : -4.553763866e+000		ref : -4.553507805e+000
[r][c][m]: 1 13 49	out : -2.703666306e+001		ref : -2.703678894e+001
[r][c][m]: 1 14 49	out : 1.652590332e+002		ref : 1.652588959e+002
[r][c][m]: 1 16 49	out : 3.056870117e+002		ref : 3.056871948e+002
[r][c][m]: 1 17 49	out : 4.163301392e+002		ref : 4.163302917e+002
[r][c][m]: 1 18 49	out : 1.574295959e+002		ref : 1.574294434e+002
[r][c][m]: 1 19 49	out : 1.596828308e+002		ref : 1.596827087e+002
[r][c][m]: 1 22 49	out : 1.754532928e+002		ref : 1.754530640e+002
[r][c][m]: 1 24 49	out : -7.757842407e+002		ref : -7.757846069e+002
[r][c][m]: 1 25 49	out : 2.558651276e+002		ref : 2.558649445e+002
[r][c][m]: 1 26 49	out : 1.583789825e+001		ref : 1.583802032e+001
[r][c][m]: 1 27 49	out : 7.627407837e+001		ref : 7.627394104e+001
[r][c][m]: 1 29 49	out : 3.172674751e+001		ref : 3.172656822e+001
[r][c][m]: 1 30 49	out : 3.843166809e+002		ref : 3.843173218e+002
[r][c][m]: 1 31 49	out : 3.023059082e+002		ref : 3.023057556e+002
[r][c][m]: 2 2 49	out : 2.115531616e+002		ref : 2.115532684e+002
[r][c][m]: 2 6 49	out : -2.090808716e+002		ref : -2.090810242e+002
[r][c][m]: 2 7 49	out : -9.875799561e+001		ref : -9.875835419e+001
[r][c][m]: 2 10 49	out : 1.137654053e+003		ref : 1.137653442e+003
[r][c][m]: 2 11 49	out : -8.909642792e+001		ref : -8.909654236e+001
[r][c][m]: 2 14 49	out : 2.688731384e+002		ref : 2.688732605e+002
[r][c][m]: 2 16 49	out : 5.119348755e+002		ref : 5.119349976e+002
[r][c][m]: 2 19 49	out : -2.145995789e+002		ref : -2.145994110e+002
[r][c][m]: 2 21 49	out : 1.855510559e+002		ref : 1.855512695e+002
[r][c][m]: 2 24 49	out : -2.072616730e+002		ref : -2.072613525e+002
[r][c][m]: 2 25 49	out : -1.464046326e+002		ref : -1.464049835e+002
[r][c][m]: 2 28 49	out : 2.409593506e+002		ref : 2.409590759e+002
[r][c][m]: 2 29 49	out : 7.724359131e+002		ref : 7.724370117e+002
[r][c][m]: 2 30 49	out : -5.518038559e+001		ref : -5.518021393e+001
[r][c][m]: 3 0 49	out : 7.130017090e+002		ref : 7.130020752e+002
[r][c][m]: 3 1 49	out : 1.063612518e+002		ref : 1.063617249e+002
[r][c][m]: 3 6 49	out : -3.798739319e+002		ref : -3.798742981e+002
[r][c][m]: 3 9 49	out : -2.950809937e+002		ref : -2.950811768e+002
[r][c][m]: 3 10 49	out : -4.288083496e+002		ref : -4.288084717e+002
[r][c][m]: 3 12 49	out : -6.381616821e+002		ref : -6.381619263e+002
[r][c][m]: 3 19 49	out : -2.258126831e+002		ref : -2.258123016e+002
[r][c][m]: 3 20 49	out : -4.245978699e+002		ref : -4.245975952e+002
[r][c][m]: 3 22 49	out : -2.106413116e+002		ref : -2.106408539e+002
[r][c][m]: 3 24 49	out : -3.556257935e+002		ref : -3.556261902e+002
[r][c][m]: 3 26 49	out : 5.955580444e+002		ref : 5.955578613e+002
[r][c][m]: 3 27 49	out : -7.270922089e+001		ref : -7.270966339e+001
[r][c][m]: 3 28 49	out : -4.520524597e+002		ref : -4.520528564e+002
[r][c][m]: 3 29 49	out : -4.663230515e+001		ref : -4.663219070e+001
[r][c][m]: 4 2 49	out : 2.867882490e+000		ref : 2.867619038e+000
[r][c][m]: 4 4 49	out : 5.258151245e+002		ref : 5.258142090e+002
[r][c][m]: 4 7 49	out : 2.455045319e+002		ref : 2.455048218e+002
[r][c][m]: 4 9 49	out : 1.449932251e+002		ref : 1.449931183e+002
[r][c][m]: 4 10 49	out : -5.016319580e+002		ref : -5.016322327e+002
[r][c][m]: 4 12 49	out : 3.881011963e+002		ref : 3.881010742e+002
[r][c][m]: 4 14 49	out : -3.193420982e+001		ref : -3.193434143e+001
[r][c][m]: 4 16 49	out : -1.924358063e+002		ref : -1.924359131e+002
[r][c][m]: 4 17 49	out : 9.551737213e+001		ref : 9.551712799e+001
[r][c][m]: 4 18 49	out : -1.813345337e+002		ref : -1.813346863e+002
[r][c][m]: 4 19 49	out : -4.616974182e+002		ref : -4.616975708e+002
[r][c][m]: 4 21 49	out : -1.238822098e+002		ref : -1.238819275e+002
[r][c][m]: 4 24 49	out : -2.787633362e+002		ref : -2.787630005e+002
[r][c][m]: 4 28 49	out : -5.951481323e+002		ref : -5.951483154e+002
[r][c][m]: 4 29 49	out : -2.048239746e+002		ref : -2.048237915e+002
[r][c][m]: 4 30 49	out : 8.321803284e+001		ref : 8.321782684e+001
[r][c][m]: 5 0 49	out : 3.350266418e+002		ref : 3.350264893e+002
[r][c][m]: 5 1 49	out : -6.447835083e+002		ref : -6.447830811e+002
[r][c][m]: 5 3 49	out : -3.739584351e+002		ref : -3.739585571e+002
[r][c][m]: 5 6 49	out : 6.582772064e+001		ref : 6.582749939e+001
[r][c][m]: 5 7 49	out : -6.816320801e+001		ref : -6.816333771e+001
[r][c][m]: 5 9 49	out : 2.094234467e+002		ref : 2.094237976e+002
[r][c][m]: 5 11 49	out : 4.988070679e+002		ref : 4.988073425e+002
[r][c][m]: 5 12 49	out : -6.141772461e+001		ref : -6.141805649e+001
[r][c][m]: 5 13 49	out : -1.624286957e+002		ref : -1.624285278e+002
[r][c][m]: 5 14 49	out : -7.745651245e+001		ref : -7.745639801e+001
[r][c][m]: 5 15 49	out : -3.160542297e+002		ref : -3.160543823e+002
[r][c][m]: 5 16 49	out : -2.871036987e+002		ref : -2.871040344e+002
[r][c][m]: 5 20 49	out : -2.352963562e+002		ref : -2.352965088e+002
[r][c][m]: 5 21 49	out : 5.120371094e+002		ref : 5.120374146e+002
[r][c][m]: 5 22 49	out : 2.279804840e+002		ref : 2.279813080e+002
[r][c][m]: 5 23 49	out : 2.895308838e+002		ref : 2.895310364e+002
[r][c][m]: 5 24 49	out : -5.028150635e+002		ref : -5.028152771e+002
[r][c][m]: 5 27 49	out : 3.388753967e+002		ref : 3.388755188e+002
[r][c][m]: 5 30 49	out : 5.898696899e+002		ref : 5.898698120e+002
[r][c][m]: 6 0 49	out : 3.148931580e+002		ref : 3.148933411e+002
[r][c][m]: 6 5 49	out : -2.472788086e+002		ref : -2.472789764e+002
[r][c][m]: 6 6 49	out : 9.858069611e+001		ref : 9.858085632e+001
[r][c][m]: 6 8 49	out : 6.153201904e+002		ref : 6.153204346e+002
[r][c][m]: 6 10 49	out : 3.204298401e+002		ref : 3.204294434e+002
[r][c][m]: 6 11 49	out : -1.625240173e+002		ref : -1.625238342e+002
[r][c][m]: 6 12 49	out : 1.972060242e+002		ref : 1.972059021e+002
[r][c][m]: 6 14 49	out : -4.070856934e+002		ref : -4.070855713e+002
[r][c][m]: 6 16 49	out : 4.580938416e+002		ref : 4.580936890e+002
[r][c][m]: 6 17 49	out : -2.907960815e+002		ref : -2.907962646e+002
[r][c][m]: 6 18 49	out : -3.232518921e+002		ref : -3.232517700e+002
[r][c][m]: 6 20 49	out : 1.836049652e+002		ref : 1.836051025e+002
[r][c][m]: 6 21 49	out : 1.378638306e+002		ref : 1.378637085e+002
[r][c][m]: 6 23 49	out : -4.586947327e+002		ref : -4.586950989e+002
[r][c][m]: 6 24 49	out : -1.217435684e+002		ref : -1.217431870e+002
[r][c][m]: 6 25 49	out : -1.438701439e+001		ref : -1.438721466e+001
[r][c][m]: 6 29 49	out : 7.893236084e+002		ref : 7.893238525e+002
[r][c][m]: 6 31 49	out : 2.329520569e+002		ref : 2.329518890e+002
[r][c][m]: 7 3 49	out : 2.541712646e+002		ref : 2.541710968e+002
[r][c][m]: 7 6 49	out : 2.520545959e+002		ref : 2.520549316e+002
[r][c][m]: 7 10 49	out : 7.550684204e+002		ref : 7.550687866e+002
[r][c][m]: 7 12 49	out : 4.470307159e+001		ref : 4.470295715e+001
[r][c][m]: 7 14 49	out : -5.645203247e+002		ref : -5.645200806e+002
[r][c][m]: 7 15 49	out : 4.387082214e+002		ref : 4.387084045e+002
[r][c][m]: 7 16 49	out : -1.050037384e+001		ref : -1.049995041e+001
[r][c][m]: 7 18 49	out : -3.842455444e+002		ref : -3.842456665e+002
[r][c][m]: 7 20 49	out : 4.558725281e+002		ref : 4.558723755e+002
[r][c][m]: 7 23 49	out : -2.697677002e+002		ref : -2.697679443e+002
[r][c][m]: 7 27 49	out : -5.603040314e+001		ref : -5.603057480e+001
[r][c][m]: 7 30 49	out : -9.047572327e+001		ref : -9.047553253e+001
[r][c][m]: 8 2 49	out : 4.812086792e+002		ref : 4.812083740e+002
[r][c][m]: 8 5 49	out : 4.991191864e+001		ref : 4.991204453e+001
[r][c][m]: 8 7 49	out : 5.889448242e+002		ref : 5.889451294e+002
[r][c][m]: 8 10 49	out : 2.172017670e+002		ref : 2.172018890e+002
[r][c][m]: 8 13 49	out : 1.756096649e+002		ref : 1.756097717e+002
[r][c][m]: 8 14 49	out : 3.022359619e+002		ref : 3.022361145e+002
[r][c][m]: 8 15 49	out : -4.062430191e+001		ref : -4.062452698e+001
[r][c][m]: 8 18 49	out : 1.154082260e+002		ref : 1.154081192e+002
[r][c][m]: 8 20 49	out : 3.597692566e+002		ref : 3.597691345e+002
[r][c][m]: 8 23 49	out : 2.518474731e+002		ref : 2.518471069e+002
[r][c][m]: 8 25 49	out : 1.636907806e+002		ref : 1.636909332e+002
[r][c][m]: 8 26 49	out : 2.036756439e+002		ref : 2.036753235e+002
[r][c][m]: 8 29 49	out : 4.549660645e+002		ref : 4.549659424e+002
[r][c][m]: 9 0 49	out : 3.054635620e+002		ref : 3.054638672e+002
[r][c][m]: 9 1 49	out : 3.151802368e+002		ref : 3.151801147e+002
[r][c][m]: 9 5 49	out : -2.296240234e+001		ref : -2.296252632e+001
[r][c][m]: 9 6 49	out : 5.181736450e+002		ref : 5.181742554e+002
[r][c][m]: 9 7 49	out : 1.003394043e+003		ref : 1.003393066e+003
[r][c][m]: 9 10 49	out : 1.286783981e+001		ref : 1.286768913e+001
[r][c][m]: 9 13 49	out : 4.510776520e+000		ref : 4.511083126e+000
[r][c][m]: 9 14 49	out : -3.490651855e+002		ref : -3.490648804e+002
[r][c][m]: 9 16 49	out : -1.786547241e+002		ref : -1.786548767e+002
[r][c][m]: 9 17 49	out : -4.100290527e+002		ref : -4.100286865e+002
[r][c][m]: 9 19 49	out : 6.140979767e+001		ref : 6.140964127e+001
[r][c][m]: 9 20 49	out : -1.477698326e+001		ref : -1.477712822e+001
[r][c][m]: 9 22 49	out : -1.962160339e+002		ref : -1.962161713e+002
[r][c][m]: 9 26 49	out : -3.243918152e+002		ref : -3.243916626e+002
[r][c][m]: 10 0 49	out : -5.335747147e+001		ref : -5.335733032e+001
[r][c][m]: 10 1 49	out : 4.067521667e+002		ref : 4.067519836e+002
[r][c][m]: 10 4 49	out : -4.559383545e+002		ref : -4.559385071e+002
[r][c][m]: 10 5 49	out : 2.234188690e+002		ref : 2.234190063e+002
[r][c][m]: 10 7 49	out : 2.327429199e+002		ref : 2.327431335e+002
[r][c][m]: 10 11 49	out : 1.064134293e+002		ref : 1.064132843e+002
[r][c][m]: 10 13 49	out : 4.096961670e+002		ref : 4.096963196e+002
[r][c][m]: 10 15 49	out : 1.995067291e+002		ref : 1.995065460e+002
[r][c][m]: 10 16 49	out : 1.979686279e+002		ref : 1.979684601e+002
[r][c][m]: 10 17 49	out : -6.631715698e+002		ref : -6.631716919e+002
[r][c][m]: 10 18 49	out : 2.673118896e+002		ref : 2.673120422e+002
[r][c][m]: 10 20 49	out : -5.287116699e+002		ref : -5.287124634e+002
[r][c][m]: 10 21 49	out : -4.176384583e+002		ref : -4.176386108e+002
[r][c][m]: 10 22 49	out : -1.417085114e+002		ref : -1.417083893e+002
[r][c][m]: 10 26 49	out : 4.469823914e+002		ref : 4.469826660e+002
[r][c][m]: 10 28 49	out : -2.404203339e+002		ref : -2.404201508e+002
[r][c][m]: 10 29 49	out : -6.353256836e+002		ref : -6.353259277e+002
[r][c][m]: 11 1 49	out : -2.422908325e+002		ref : -2.422906342e+002
[r][c][m]: 11 7 49	out : -3.338862305e+002		ref : -3.338863525e+002
[r][c][m]: 11 10 49	out : 7.835919800e+002		ref : 7.835922852e+002
[r][c][m]: 11 12 49	out : -1.580413818e+002		ref : -1.580416107e+002
[r][c][m]: 11 15 49	out : -1.250983963e+002		ref : -1.250986176e+002
[r][c][m]: 11 16 49	out : -3.686817017e+002		ref : -3.686814575e+002
[r][c][m]: 11 17 49	out : 8.006253815e+001		ref : 8.006228638e+001
[r][c][m]: 11 18 49	out : -1.732115173e+001		ref : -1.732133102e+001
[r][c][m]: 11 22 49	out : -2.719230042e+002		ref : -2.719224548e+002
[r][c][m]: 11 23 49	out : 2.536142883e+002		ref : 2.536144104e+002
[r][c][m]: 11 29 49	out : 2.036379242e+002		ref : 2.036382599e+002
[r][c][m]: 11 30 49	out : -2.230792236e+002		ref : -2.230789032e+002
[r][c][m]: 12 1 49	out : -3.829152832e+002		ref : -3.829150085e+002
[r][c][m]: 12 2 49	out : 2.203023071e+002		ref : 2.203019409e+002
[r][c][m]: 12 10 49	out : 1.060045433e+001		ref : 1.060056305e+001
[r][c][m]: 12 12 49	out : 2.403767700e+002		ref : 2.403769836e+002
[r][c][m]: 12 14 49	out : 8.523904419e+001		ref : 8.523919678e+001
[r][c][m]: 12 15 49	out : 3.912559814e+002		ref : 3.912555847e+002
[r][c][m]: 12 16 49	out : -4.920758667e+002		ref : -4.920755615e+002
[r][c][m]: 12 20 49	out : 4.258838806e+002		ref : 4.258836975e+002
[r][c][m]: 12 23 49	out : 6.102358398e+002		ref : 6.102364502e+002
[r][c][m]: 12 25 49	out : -2.605299988e+002		ref : -2.605297241e+002
[r][c][m]: 12 27 49	out : -3.466345825e+002		ref : -3.466347961e+002
[r][c][m]: 12 30 49	out : -2.519743958e+002		ref : -2.519741669e+002
[r][c][m]: 13 1 49	out : -3.783550415e+002		ref : -3.783547363e+002
[r][c][m]: 13 9 49	out : -7.468190002e+001		ref : -7.468179321e+001
[r][c][m]: 13 10 49	out : 4.768969116e+002		ref : 4.768966370e+002
[r][c][m]: 13 12 49	out : 4.888681793e+001		ref : 4.888664627e+001
[r][c][m]: 13 14 49	out : 2.974790649e+002		ref : 2.974789429e+002
[r][c][m]: 13 15 49	out : -1.435989990e+002		ref : -1.435987701e+002
[r][c][m]: 13 16 49	out : -3.048758545e+002		ref : -3.048757019e+002
[r][c][m]: 13 21 49	out : -4.481225586e+002		ref : -4.481228943e+002
[r][c][m]: 13 22 49	out : 5.547894287e+002		ref : 5.547892456e+002
[r][c][m]: 13 25 49	out : -7.466782837e+002		ref : -7.466786499e+002
[r][c][m]: 13 26 49	out : -2.852454224e+002		ref : -2.852453003e+002
[r][c][m]: 13 27 49	out : -1.482469330e+002		ref : -1.482468262e+002
[r][c][m]: 13 28 49	out : 2.378215637e+002		ref : 2.378212585e+002
[r][c][m]: 13 29 49	out : -3.239404602e+002		ref : -3.239408264e+002
[r][c][m]: 13 31 49	out : 1.948251495e+002		ref : 1.948248596e+002
[r][c][m]: 14 1 49	out : -1.134805374e+002		ref : -1.134804153e+002
[r][c][m]: 14 2 49	out : 4.624302063e+002		ref : 4.624300537e+002
[r][c][m]: 14 3 49	out : 8.347687988e+002		ref : 8.347693481e+002
[r][c][m]: 14 4 49	out : 2.168344421e+002		ref : 2.168346710e+002
[r][c][m]: 14 5 49	out : 2.566111374e+001		ref : 2.566127968e+001
[r][c][m]: 14 6 49	out : -2.996586609e+002		ref : -2.996585388e+002
[r][c][m]: 14 9 49	out : -7.982344151e+000		ref : -7.982236385e+000
[r][c][m]: 14 11 49	out : 4.110032959e+002		ref : 4.110036011e+002
[r][c][m]: 14 12 49	out : -2.356558075e+002		ref : -2.356555786e+002
[r][c][m]: 14 14 49	out : 6.079722900e+002		ref : 6.079721069e+002
[r][c][m]: 14 15 49	out : 3.443115845e+002		ref : 3.443114319e+002
[r][c][m]: 14 16 49	out : 3.311767197e+001		ref : 3.311741638e+001
[r][c][m]: 14 17 49	out : -7.809140015e+002		ref : -7.809138794e+002
[r][c][m]: 14 18 49	out : -4.576077881e+002		ref : -4.576075439e+002
[r][c][m]: 14 20 49	out : 3.032591248e+002		ref : 3.032592773e+002
[r][c][m]: 14 22 49	out : 1.749892998e+001		ref : 1.749909973e+001
[r][c][m]: 14 23 49	out : -2.640127258e+002		ref : -2.640125427e+002
[r][c][m]: 14 26 49	out : 7.462827148e+002		ref : 7.462828369e+002
[r][c][m]: 14 30 49	out : -6.363936768e+002		ref : -6.363933716e+002
[r][c][m]: 14 31 49	out : 3.130988159e+002		ref : 3.130989685e+002
[r][c][m]: 15 0 49	out : -2.217652740e+002		ref : -2.217650757e+002
[r][c][m]: 15 3 49	out : 3.215349426e+002		ref : 3.215350952e+002
[r][c][m]: 15 4 49	out : -5.843635254e+002		ref : -5.843629761e+002
[r][c][m]: 15 6 49	out : 3.891340942e+002		ref : 3.891342468e+002
[r][c][m]: 15 7 49	out : 1.212225494e+002		ref : 1.212223587e+002
[r][c][m]: 15 8 49	out : -5.960238037e+002		ref : -5.960236816e+002
[r][c][m]: 15 9 49	out : -2.927981873e+002		ref : -2.927976685e+002
[r][c][m]: 15 10 49	out : 4.872765808e+002		ref : 4.872763367e+002
[r][c][m]: 15 13 49	out : -6.045647583e+002		ref : -6.045650635e+002
[r][c][m]: 15 14 49	out : 5.691928711e+002		ref : 5.691926880e+002
[r][c][m]: 15 15 49	out : -7.513439941e+002		ref : -7.513441162e+002
[r][c][m]: 15 16 49	out : 2.635763855e+002		ref : 2.635765686e+002
[r][c][m]: 15 18 49	out : -3.099240723e+002		ref : -3.099239197e+002
[r][c][m]: 15 19 49	out : 1.170691872e+001		ref : 1.170704651e+001
[r][c][m]: 15 21 49	out : -3.946453247e+002		ref : -3.946450500e+002
[r][c][m]: 15 23 49	out : -7.455059814e+002		ref : -7.455057983e+002
[r][c][m]: 15 26 49	out : -6.271156616e+002		ref : -6.271154785e+002
[r][c][m]: 15 27 49	out : 1.422788696e+002		ref : 1.422787476e+002
[r][c][m]: 15 29 49	out : 1.337555237e+002		ref : 1.337553558e+002
[r][c][m]: 15 31 49	out : -5.847616577e+002		ref : -5.847615356e+002
[r][c][m]: 16 0 49	out : -4.283652344e+002		ref : -4.283658752e+002
[r][c][m]: 16 1 49	out : -1.742104797e+002		ref : -1.742103729e+002
[r][c][m]: 16 2 49	out : -6.699447021e+002		ref : -6.699454956e+002
[r][c][m]: 16 3 49	out : 7.541120911e+001		ref : 7.541104126e+001
[r][c][m]: 16 4 49	out : -3.412947998e+002		ref : -3.412949219e+002
[r][c][m]: 16 5 49	out : 4.048867798e+002		ref : 4.048866577e+002
[r][c][m]: 16 6 49	out : 2.744197693e+002		ref : 2.744195557e+002
[r][c][m]: 16 8 49	out : 5.282445679e+002		ref : 5.282447510e+002
[r][c][m]: 16 9 49	out : 1.787406921e+002		ref : 1.787407990e+002
[r][c][m]: 16 11 49	out : 5.500737915e+002		ref : 5.500733643e+002
[r][c][m]: 16 12 49	out : 1.593428192e+002		ref : 1.593429260e+002
[r][c][m]: 16 14 49	out : 7.461399078e+001		ref : 7.461415863e+001
[r][c][m]: 16 15 49	out : 5.256316528e+002		ref : 5.256314087e+002
[r][c][m]: 16 18 49	out : 2.428827362e+002		ref : 2.428825989e+002
[r][c][m]: 16 19 49	out : 2.806452942e+002		ref : 2.806454163e+002
[r][c][m]: 16 20 49	out : 9.462994385e+002		ref : 9.463003540e+002
[r][c][m]: 16 26 49	out : -1.709746704e+002		ref : -1.709747772e+002
[r][c][m]: 16 28 49	out : -3.366634216e+002		ref : -3.366635742e+002
[r][c][m]: 16 29 49	out : -2.058509521e+002		ref : -2.058510590e+002
[r][c][m]: 16 30 49	out : 2.752879333e+002		ref : 2.752882690e+002
[r][c][m]: 17 2 49	out : 5.571792603e+001		ref : 5.571767044e+001
[r][c][m]: 17 3 49	out : -1.922215729e+002		ref : -1.922214508e+002
[r][c][m]: 17 4 49	out : 4.028138733e+001		ref : 4.028126526e+001
[r][c][m]: 17 5 49	out : 4.977283325e+002		ref : 4.977280273e+002
[r][c][m]: 17 7 49	out : 3.383442383e+002		ref : 3.383443909e+002
[r][c][m]: 17 8 49	out : 5.738071289e+002		ref : 5.738067627e+002
[r][c][m]: 17 9 49	out : 3.012059937e+002		ref : 3.012062683e+002
[r][c][m]: 17 10 49	out : 3.635856628e+002		ref : 3.635855408e+002
[r][c][m]: 17 13 49	out : -2.875515442e+002		ref : -2.875516968e+002
[r][c][m]: 17 15 49	out : 1.132132202e+003		ref : 1.132132568e+003
[r][c][m]: 17 17 49	out : -6.171171875e+002		ref : -6.171174927e+002
[r][c][m]: 17 18 49	out : 6.826480713e+002		ref : 6.826483765e+002
[r][c][m]: 17 20 49	out : 3.720163574e+002		ref : 3.720161743e+002
[r][c][m]: 17 21 49	out : 5.316229248e+002		ref : 5.316230469e+002
[r][c][m]: 17 22 49	out : -9.707956696e+001		ref : -9.707925415e+001
[r][c][m]: 17 23 49	out : -2.327433624e+002		ref : -2.327430878e+002
[r][c][m]: 17 25 49	out : -1.530878754e+002		ref : -1.530882263e+002
[r][c][m]: 17 26 49	out : -5.414657211e+001		ref : -5.414627838e+001
[r][c][m]: 17 27 49	out : 5.293513794e+002		ref : 5.293511963e+002
[r][c][m]: 17 28 49	out : 5.294851685e+002		ref : 5.294857788e+002
[r][c][m]: 17 29 49	out : -5.614317417e+000		ref : -5.614612103e+000
[r][c][m]: 18 2 49	out : 5.113251953e+002		ref : 5.113249512e+002
[r][c][m]: 18 4 49	out : 4.767211609e+002		ref : 4.767214050e+002
[r][c][m]: 18 5 49	out : -1.513659363e+002		ref : -1.513661194e+002
[r][c][m]: 18 7 49	out : 5.700024414e+001		ref : 5.700037384e+001
[r][c][m]: 18 11 49	out : -1.245895576e+001		ref : -1.245908165e+001
[r][c][m]: 18 16 49	out : 5.015061646e+002		ref : 5.015059814e+002
[r][c][m]: 18 18 49	out : 3.103417969e+002		ref : 3.103416138e+002
[r][c][m]: 18 20 49	out : 3.999278259e+002		ref : 3.999279480e+002
[r][c][m]: 18 21 49	out : 3.293045959e+002		ref : 3.293049622e+002
[r][c][m]: 18 23 49	out : -7.785048218e+002		ref : -7.785051270e+002
[r][c][m]: 18 26 49	out : -2.776654968e+002		ref : -2.776653137e+002
[r][c][m]: 18 27 49	out : -2.103823395e+002		ref : -2.103821411e+002
[r][c][m]: 18 28 49	out : -4.637683105e+002		ref : -4.637684631e+002
[r][c][m]: 18 30 49	out : 2.360478821e+002		ref : 2.360477600e+002
[r][c][m]: 19 2 49	out : 3.336136780e+002		ref : 3.336135254e+002
[r][c][m]: 19 4 49	out : 3.505274353e+002		ref : 3.505276794e+002
[r][c][m]: 19 5 49	out : 4.344300842e+002		ref : 4.344292603e+002
[r][c][m]: 19 7 49	out : 6.859898376e+001		ref : 6.859883118e+001
[r][c][m]: 19 8 49	out : -9.036865234e+001		ref : -9.036880493e+001
[r][c][m]: 19 9 49	out : 1.065958176e+002		ref : 1.065957108e+002
[r][c][m]: 19 10 49	out : 4.810087280e+002		ref : 4.810088501e+002
[r][c][m]: 19 11 49	out : 5.699285278e+002		ref : 5.699289551e+002
[r][c][m]: 19 12 49	out : -4.472044983e+002		ref : -4.472041626e+002
[r][c][m]: 19 15 49	out : 3.542459412e+002		ref : 3.542461243e+002
[r][c][m]: 19 16 49	out : 6.491428833e+002		ref : 6.491425781e+002
[r][c][m]: 19 18 49	out : 6.627131958e+002		ref : 6.627133179e+002
[r][c][m]: 19 19 49	out : 5.685365601e+002		ref : 5.685363159e+002
[r][c][m]: 19 21 49	out : 2.206087036e+002		ref : 2.206085815e+002
[r][c][m]: 19 22 49	out : 3.211590271e+002		ref : 3.211592102e+002
[r][c][m]: 19 23 49	out : -3.439931946e+002		ref : -3.439934387e+002
[r][c][m]: 19 24 49	out : -1.290865326e+002		ref : -1.290863800e+002
[r][c][m]: 19 25 49	out : -1.829402161e+002		ref : -1.829403534e+002
[r][c][m]: 19 27 49	out : 5.770671387e+002		ref : 5.770666504e+002
[r][c][m]: 19 28 49	out : 7.091655884e+002		ref : 7.091651611e+002
[r][c][m]: 19 29 49	out : 6.700501709e+002		ref : 6.700499268e+002
[r][c][m]: 19 30 49	out : -3.980290222e+002		ref : -3.980288696e+002
[r][c][m]: 20 1 49	out : 3.246282654e+002		ref : 3.246280823e+002
[r][c][m]: 20 3 49	out : 2.988945312e+002		ref : 2.988946533e+002
[r][c][m]: 20 4 49	out : 3.814474182e+002		ref : 3.814472351e+002
[r][c][m]: 20 6 49	out : -2.339888306e+002		ref : -2.339889984e+002
[r][c][m]: 20 9 49	out : -4.525331421e+002		ref : -4.525333862e+002
[r][c][m]: 20 10 49	out : 4.799299316e+002		ref : 4.799298096e+002
[r][c][m]: 20 11 49	out : -1.445298157e+002		ref : -1.445295868e+002
[r][c][m]: 20 12 49	out : 7.768993378e+001		ref : 7.769010162e+001
[r][c][m]: 20 16 49	out : -7.447008514e+001		ref : -7.447040558e+001
[r][c][m]: 20 17 49	out : 1.047720947e+003		ref : 1.047720825e+003
[r][c][m]: 20 19 49	out : -3.365755615e+002		ref : -3.365757751e+002
[r][c][m]: 20 20 49	out : 8.961306000e+001		ref : 8.961322784e+001
[r][c][m]: 20 21 49	out : -1.858736038e+000		ref : -1.858569741e+000
[r][c][m]: 20 24 49	out : -5.054455566e+002		ref : -5.054457703e+002
[r][c][m]: 20 28 49	out : 6.868803711e+002		ref : 6.868809204e+002
[r][c][m]: 20 29 49	out : -2.171247711e+002		ref : -2.171249237e+002
[r][c][m]: 21 1 49	out : 3.297327576e+002		ref : 3.297328796e+002
[r][c][m]: 21 5 49	out : 7.112775269e+002		ref : 7.112778931e+002
[r][c][m]: 21 6 49	out : -1.675570374e+002		ref : -1.675568542e+002
[r][c][m]: 21 8 49	out : 2.864362183e+002		ref : 2.864363403e+002
[r][c][m]: 21 9 49	out : -4.542683716e+002		ref : -4.542685547e+002
[r][c][m]: 21 11 49	out : 5.912635498e+002		ref : 5.912637939e+002
[r][c][m]: 21 12 49	out : 5.941647339e+002		ref : 5.941650391e+002
[r][c][m]: 21 13 49	out : 4.775411072e+002		ref : 4.775409241e+002
[r][c][m]: 21 14 49	out : 4.641746826e+002		ref : 4.641744385e+002
[r][c][m]: 21 15 49	out : -5.260935059e+002		ref : -5.260938110e+002
[r][c][m]: 21 21 49	out : 4.207407227e+002		ref : 4.207405701e+002
[r][c][m]: 21 22 49	out : 8.225930176e+002		ref : 8.225933838e+002
[r][c][m]: 21 23 49	out : 3.566444092e+002		ref : 3.566445312e+002
[r][c][m]: 21 25 49	out : 3.635242615e+002		ref : 3.635241089e+002
[r][c][m]: 21 29 49	out : -5.072058105e+001		ref : -5.072077560e+001
[r][c][m]: 21 31 49	out : 1.958505096e+002		ref : 1.958503113e+002
[r][c][m]: 22 3 49	out : 5.410728149e+002		ref : 5.410731812e+002
[r][c][m]: 22 4 49	out : -1.898220062e+002		ref : -1.898222809e+002
[r][c][m]: 22 7 49	out : 5.323903198e+002		ref : 5.323900757e+002
[r][c][m]: 22 8 49	out : -3.637316589e+002		ref : -3.637314453e+002
[r][c][m]: 22 17 49	out : 6.936030579e+001		ref : 6.936013031e+001
[r][c][m]: 22 19 49	out : -1.357241974e+002		ref : -1.357243347e+002
[r][c][m]: 22 20 49	out : -2.411054840e+002		ref : -2.411056213e+002
[r][c][m]: 22 26 49	out : -5.474835815e+002		ref : -5.474837646e+002
[r][c][m]: 22 28 49	out : 1.331583710e+002		ref : 1.331582336e+002
[r][c][m]: 22 29 49	out : 3.629216614e+002		ref : 3.629215393e+002
[r][c][m]: 23 1 49	out : -1.190085373e+002		ref : -1.190082932e+002
[r][c][m]: 23 4 49	out : 6.992169189e+002		ref : 6.992163696e+002
[r][c][m]: 23 6 49	out : 4.998235779e+002		ref : 4.998231812e+002
[r][c][m]: 23 7 49	out : 2.893854370e+002		ref : 2.893851929e+002
[r][c][m]: 23 13 49	out : 6.953710175e+001		ref : 6.953732300e+001
[r][c][m]: 23 21 49	out : 1.089170380e+002		ref : 1.089168396e+002
[r][c][m]: 23 24 49	out : 2.601101685e+002		ref : 2.601103210e+002
[r][c][m]: 23 25 49	out : -1.653919525e+002		ref : -1.653921204e+002
[r][c][m]: 24 0 49	out : 2.905272217e+002		ref : 2.905273438e+002
[r][c][m]: 24 2 49	out : 3.802877426e+001		ref : 3.802898026e+001
[r][c][m]: 24 3 49	out : 6.560761108e+002		ref : 6.560764160e+002
[r][c][m]: 24 4 49	out : 1.263157272e+002		ref : 1.263155746e+002
[r][c][m]: 24 5 49	out : -1.192627869e+002		ref : -1.192625885e+002
[r][c][m]: 24 6 49	out : 1.341714630e+002		ref : 1.341712799e+002
[r][c][m]: 24 8 49	out : -4.493670654e+002		ref : -4.493668213e+002
[r][c][m]: 24 10 49	out : 4.356500854e+002		ref : 4.356504211e+002
[r][c][m]: 24 12 49	out : -3.519184265e+002		ref : -3.519182129e+002
[r][c][m]: 24 13 49	out : -3.902821350e+002		ref : -3.902823792e+002
[r][c][m]: 24 18 49	out : 2.336108704e+002		ref : 2.336107483e+002
[r][c][m]: 24 22 49	out : -3.648531437e+000		ref : -3.648330212e+000
[r][c][m]: 24 23 49	out : -3.360831909e+002		ref : -3.360833130e+002
[r][c][m]: 24 25 49	out : -8.091185303e+002		ref : -8.091187134e+002
[r][c][m]: 24 26 49	out : 2.525821228e+002		ref : 2.525819397e+002
[r][c][m]: 24 27 49	out : -4.321866150e+002		ref : -4.321868591e+002
[r][c][m]: 24 28 49	out : 3.858266602e+002		ref : 3.858267822e+002
[r][c][m]: 24 29 49	out : 5.402644043e+002		ref : 5.402647705e+002
[r][c][m]: 25 1 49	out : -1.032437668e+002		ref : -1.032439194e+002
[r][c][m]: 25 2 49	out : 1.667838478e+001		ref : 1.667849350e+001
[r][c][m]: 25 3 49	out : 6.840503540e+002		ref : 6.840506592e+002
[r][c][m]: 25 4 49	out : -9.080394897e+002		ref : -9.080396118e+002
[r][c][m]: 25 5 49	out : 6.456644287e+002		ref : 6.456648560e+002
[r][c][m]: 25 6 49	out : 1.980591431e+002		ref : 1.980594025e+002
[r][c][m]: 25 7 49	out : -2.359307861e+002		ref : -2.359310913e+002
[r][c][m]: 25 8 49	out : 2.954369507e+002		ref : 2.954367981e+002
[r][c][m]: 25 12 49	out : 3.576796570e+002		ref : 3.576798401e+002
[r][c][m]: 25 15 49	out : -1.554158020e+002		ref : -1.554159241e+002
[r][c][m]: 25 17 49	out : -1.192879562e+002		ref : -1.192878494e+002
[r][c][m]: 25 18 49	out : 1.322915344e+002		ref : 1.322913513e+002
[r][c][m]: 25 20 49	out : 1.664255219e+002		ref : 1.664253387e+002
[r][c][m]: 25 22 49	out : 4.441732788e+002		ref : 4.441731567e+002
[r][c][m]: 25 23 49	out : -2.119665909e+001		ref : -2.119679070e+001
[r][c][m]: 25 25 49	out : 7.336358032e+002		ref : 7.336354370e+002
[r][c][m]: 25 26 49	out : -5.711246948e+002		ref : -5.711244507e+002
[r][c][m]: 25 29 49	out : 7.350872040e+001		ref : 7.350893402e+001
[r][c][m]: 26 0 49	out : -4.873220215e+002		ref : -4.873218079e+002
[r][c][m]: 26 3 49	out : 1.580403595e+002		ref : 1.580400085e+002
[r][c][m]: 26 4 49	out : -8.372868347e+001		ref : -8.372888947e+001
[r][c][m]: 26 6 49	out : 4.467809143e+002		ref : 4.467810669e+002
[r][c][m]: 26 8 49	out : -3.617508240e+002		ref : -3.617507019e+002
[r][c][m]: 26 12 49	out : 9.179877472e+001		ref : 9.179896545e+001
[r][c][m]: 26 13 49	out : -1.378826599e+002		ref : -1.378828583e+002
[r][c][m]: 26 14 49	out : 4.776783447e+002		ref : 4.776786194e+002
[r][c][m]: 26 17 49	out : 1.060497559e+003		ref : 1.060498169e+003
[r][c][m]: 26 19 49	out : -6.315416870e+002		ref : -6.315418701e+002
[r][c][m]: 26 20 49	out : -4.378022003e+001		ref : -4.378043747e+001
[r][c][m]: 26 21 49	out : -3.636642761e+002		ref : -3.636641235e+002
[r][c][m]: 26 22 49	out : -2.290747681e+002		ref : -2.290751495e+002
[r][c][m]: 26 24 49	out : 1.483033600e+002		ref : 1.483032227e+002
[r][c][m]: 26 25 49	out : 1.918756409e+002		ref : 1.918757477e+002
[r][c][m]: 26 27 49	out : 4.043053589e+002		ref : 4.043057556e+002
[r][c][m]: 26 29 49	out : 9.068535156e+002		ref : 9.068536987e+002
[r][c][m]: 26 30 49	out : -1.455102997e+002		ref : -1.455104523e+002
[r][c][m]: 26 31 49	out : 4.620905762e+002		ref : 4.620904236e+002
[r][c][m]: 27 1 49	out : 4.578048096e+002		ref : 4.578049927e+002
[r][c][m]: 27 4 49	out : 3.160425110e+002		ref : 3.160426331e+002
[r][c][m]: 27 5 49	out : -2.723646240e+002		ref : -2.723648071e+002
[r][c][m]: 27 7 49	out : 1.141817398e+002		ref : 1.141820755e+002
[r][c][m]: 27 8 49	out : 6.886761475e+001		ref : 6.886778259e+001
[r][c][m]: 27 9 49	out : 2.352496796e+002		ref : 2.352498322e+002
[r][c][m]: 27 12 49	out : 1.354378510e+002		ref : 1.354377441e+002
[r][c][m]: 27 16 49	out : -4.871992493e+002		ref : -4.871990356e+002
[r][c][m]: 27 24 49	out : -1.678975372e+002		ref : -1.678969879e+002
[r][c][m]: 27 25 49	out : -4.727913818e+002		ref : -4.727911987e+002
[r][c][m]: 27 28 49	out : 2.376858826e+002		ref : 2.376860962e+002
[r][c][m]: 28 3 49	out : 3.385429688e+002		ref : 3.385431519e+002
[r][c][m]: 28 6 49	out : 4.984374084e+002		ref : 4.984376221e+002
[r][c][m]: 28 10 49	out : 1.610860748e+002		ref : 1.610862122e+002
[r][c][m]: 28 12 49	out : -4.703656006e+002		ref : -4.703654480e+002
[r][c][m]: 28 14 49	out : 6.386916351e+001		ref : 6.386946106e+001
[r][c][m]: 28 16 49	out : 8.622803345e+002		ref : 8.622798462e+002
[r][c][m]: 28 19 49	out : 3.749107361e+002		ref : 3.749108582e+002
[r][c][m]: 28 20 49	out : 1.672317657e+002		ref : 1.672316132e+002
[r][c][m]: 28 22 49	out : -2.163980408e+002		ref : -2.163979034e+002
[r][c][m]: 28 24 49	out : -5.151704712e+002		ref : -5.151706543e+002
[r][c][m]: 28 26 49	out : 4.306287537e+002		ref : 4.306291199e+002
[r][c][m]: 28 27 49	out : -7.988192139e+002		ref : -7.988193359e+002
[r][c][m]: 28 28 49	out : 6.882792664e+001		ref : 6.882775879e+001
[r][c][m]: 29 0 49	out : -4.184522095e+002		ref : -4.184524841e+002
[r][c][m]: 29 1 49	out : 1.858996964e+001		ref : 1.858983040e+001
[r][c][m]: 29 3 49	out : -1.949199829e+002		ref : -1.949198456e+002
[r][c][m]: 29 5 49	out : -2.457115326e+002		ref : -2.457116852e+002
[r][c][m]: 29 8 49	out : -8.102188110e-001		ref : -8.100368977e-001
[r][c][m]: 29 9 49	out : 1.296498566e+002		ref : 1.296499939e+002
[r][c][m]: 29 10 49	out : -3.231824646e+002		ref : -3.231825867e+002
[r][c][m]: 29 12 49	out : -4.392385864e+001		ref : -4.392367935e+001
[r][c][m]: 29 14 49	out : 6.271278381e+001		ref : 6.271291351e+001
[r][c][m]: 29 15 49	out : -1.897550507e+002		ref : -1.897553253e+002
[r][c][m]: 29 17 49	out : 2.362472839e+002		ref : 2.362474670e+002
[r][c][m]: 29 18 49	out : -9.382640076e+001		ref : -9.382623291e+001
[r][c][m]: 29 19 49	out : -5.157881470e+002		ref : -5.157879028e+002
[r][c][m]: 29 20 49	out : 1.303450623e+002		ref : 1.303448792e+002
[r][c][m]: 29 24 49	out : 5.073253174e+002		ref : 5.073259583e+002
[r][c][m]: 29 27 49	out : -4.390300598e+002		ref : -4.390297241e+002
[r][c][m]: 29 29 49	out : 4.856561661e+001		ref : 4.856544113e+001
[r][c][m]: 29 30 49	out : -2.963090210e+002		ref : -2.963091736e+002
[r][c][m]: 30 0 49	out : 1.320582428e+002		ref : 1.320583649e+002
[r][c][m]: 30 1 49	out : -5.659693604e+002		ref : -5.659694824e+002
[r][c][m]: 30 3 49	out : 1.936733704e+002		ref : 1.936731567e+002
[r][c][m]: 30 5 49	out : -1.102131271e+001		ref : -1.102121162e+001
[r][c][m]: 30 9 49	out : -5.139339600e+002		ref : -5.139337769e+002
[r][c][m]: 30 11 49	out : -3.899145508e+002		ref : -3.899143677e+002
[r][c][m]: 30 12 49	out : -5.841035767e+002		ref : -5.841034546e+002
[r][c][m]: 30 16 49	out : -2.852127380e+002		ref : -2.852124023e+002
[r][c][m]: 30 18 49	out : 5.016976013e+002		ref : 5.016974792e+002
[r][c][m]: 30 20 49	out : -7.277059937e+001		ref : -7.277078247e+001
[r][c][m]: 30 21 49	out : -7.737754822e+001		ref : -7.737768555e+001
[r][c][m]: 30 23 49	out : 3.271907043e+002		ref : 3.271903381e+002
[r][c][m]: 30 24 49	out : 6.717947388e+002		ref : 6.717951050e+002
[r][c][m]: 30 25 49	out : 9.818566284e+002		ref : 9.818551636e+002
[r][c][m]: 30 26 49	out : -1.055366287e+002		ref : -1.055368423e+002
[r][c][m]: 30 27 49	out : 6.571217651e+002		ref : 6.571215210e+002
[r][c][m]: 30 29 49	out : 4.976395264e+002		ref : 4.976398926e+002
[r][c][m]: 31 0 49	out : 2.018645325e+002		ref : 2.018646545e+002
[r][c][m]: 31 1 49	out : -1.938897095e+002		ref : -1.938895721e+002
[r][c][m]: 31 5 49	out : 2.085708160e+002		ref : 2.085704193e+002
[r][c][m]: 31 7 49	out : -9.069142151e+001		ref : -9.069119263e+001
[r][c][m]: 31 8 49	out : 2.794663048e+001		ref : 2.794674683e+001
[r][c][m]: 31 13 49	out : 2.610033569e+002		ref : 2.610031433e+002
[r][c][m]: 31 16 49	out : 3.719919739e+002		ref : 3.719923401e+002
[r][c][m]: 31 18 49	out : 2.086637726e+002		ref : 2.086633759e+002
[r][c][m]: 31 19 49	out : 3.127505798e+002		ref : 3.127507019e+002
[r][c][m]: 31 20 49	out : -3.372600098e+002		ref : -3.372598877e+002
[r][c][m]: 31 24 49	out : -2.449813232e+002		ref : -2.449810791e+002
[r][c][m]: 31 29 49	out : 9.137271881e+001		ref : 9.137287903e+001
[r][c][m]: 17 15 56	out : -9.179226685e+001		ref : -9.179216003e+001
[r][c][m]: 23 22 56	out : 3.230358887e+001		ref : 3.230347824e+001
[r][c][m]: 1 9 78	out : 8.833840942e+001		ref : 8.833853149e+001
[r][c][m]: 15 21 78	out : 6.767763519e+001		ref : 6.767749786e+001
[r][c][m]: 30 24 78	out : 9.256909180e+001		ref : 9.256922913e+001
[r][c][m]: 1 30 83	out : -7.826739502e+001		ref : -7.826726532e+001
[r][c][m]: 10 13 83	out : 4.566431046e+001		ref : 4.566442108e+001
[r][c][m]: 10 28 83	out : -7.227320099e+001		ref : -7.227330780e+001
[r][c][m]: 27 11 83	out : -1.316119862e+001		ref : -1.316107941e+001
[r][c][m]: 7 18 96	out : -8.393499756e+001		ref : -8.393513489e+001
[r][c][m]: 8 18 96	out : 9.329843140e+001		ref : 9.329854584e+001
[r][c][m]: 17 23 96	out : -1.247837830e+002		ref : -1.247839203e+002
[r][c][m]: 19 2 96	out : 1.045697556e+002		ref : 1.045696335e+002
[r][c][m]: 21 28 96	out : -1.717850342e+002		ref : -1.717849121e+002
[r][c][m]: 27 14 96	out : -6.749205017e+001		ref : -6.749193573e+001
[r][c][m]: 29 29 96	out : 1.097716293e+002		ref : 1.097715225e+002
[r][c][m]: 30 6 96	out : 7.121920776e+001		ref : 7.121906281e+001
[r][c][m]: 27 24 105	out : -6.543346405e+001		ref : -6.543357086e+001
[r][c][m]: 1 23 109	out : 6.560496521e+001		ref : 6.560509491e+001
[r][c][m]: 4 10 109	out : -1.055386047e+002		ref : -1.055387268e+002
[r][c][m]: 8 7 109	out : -1.016592331e+002		ref : -1.016593399e+002
[r][c][m]: 9 30 109	out : -6.061473846e+001		ref : -6.061460114e+001
[r][c][m]: 16 11 109	out : -1.644053497e+002		ref : -1.644052429e+002
[r][c][m]: 16 15 109	out : -1.005270157e+002		ref : -1.005268860e+002
[r][c][m]: 17 9 109	out : 9.648403931e+001		ref : 9.648414612e+001
[r][c][m]: 18 29 109	out : -1.233349533e+002		ref : -1.233350601e+002
[r][c][m]: 19 6 109	out : 9.940983582e+001		ref : 9.940967560e+001
[r][c][m]: 26 22 109	out : -1.282311249e+002		ref : -1.282312317e+002
[r][c][m]: 28 3 109	out : -8.238211060e+001		ref : -8.238200378e+001
[r][c][m]: 29 6 109	out : 1.498018799e+002		ref : 1.498016815e+002
[r][c][m]: 30 7 109	out : -8.578229523e+001		ref : -8.578218079e+001
[r][c][m]: 0 3 110	out : 2.753679199e+002		ref : 2.753680725e+002
[r][c][m]: 0 7 110	out : -2.665999756e+002		ref : -2.666002808e+002
[r][c][m]: 0 18 110	out : -1.646435852e+002		ref : -1.646434326e+002
[r][c][m]: 1 3 110	out : 2.975858459e+002		ref : 2.975860291e+002
[r][c][m]: 1 23 110	out : -1.093540649e+002		ref : -1.093539581e+002
[r][c][m]: 2 12 110	out : -1.916467438e+002		ref : -1.916465912e+002
[r][c][m]: 3 17 110	out : 3.121700439e+002		ref : 3.121703186e+002
[r][c][m]: 3 27 110	out : 2.195060577e+002		ref : 2.195062103e+002
[r][c][m]: 3 29 110	out : 1.388890648e+001		ref : 1.388879967e+001
[r][c][m]: 4 5 110	out : -3.101044922e+002		ref : -3.101042786e+002
[r][c][m]: 4 13 110	out : -1.542860565e+002		ref : -1.542861633e+002
[r][c][m]: 4 15 110	out : 3.434692993e+002		ref : 3.434695740e+002
[r][c][m]: 4 25 110	out : 2.468816223e+002		ref : 2.468817596e+002
[r][c][m]: 5 8 110	out : 2.817842712e+002		ref : 2.817844543e+002
[r][c][m]: 5 15 110	out : 3.797603989e+001		ref : 3.797615051e+001
[r][c][m]: 5 24 110	out : -1.965769653e+002		ref : -1.965770721e+002
[r][c][m]: 6 14 110	out : -2.348329926e+002		ref : -2.348331757e+002
[r][c][m]: 6 21 110	out : 5.501233292e+001		ref : 5.501216888e+001
[r][c][m]: 6 24 110	out : -1.081049957e+002		ref : -1.081048508e+002
[r][c][m]: 6 30 110	out : -2.352091675e+002		ref : -2.352089081e+002
[r][c][m]: 7 16 110	out : 2.810401611e+002		ref : 2.810403137e+002
[r][c][m]: 7 18 110	out : 1.591982269e+002		ref : 1.591979980e+002
[r][c][m]: 7 19 110	out : -8.136591339e+001		ref : -8.136603546e+001
[r][c][m]: 7 24 110	out : 3.506648254e+002		ref : 3.506650085e+002
[r][c][m]: 7 25 110	out : 2.620785522e+002		ref : 2.620783691e+002
[r][c][m]: 8 2 110	out : 2.163717194e+002		ref : 2.163715515e+002
[r][c][m]: 8 25 110	out : 3.106122131e+002		ref : 3.106124878e+002
[r][c][m]: 8 26 110	out : 3.398731995e+002		ref : 3.398730774e+002
[r][c][m]: 8 30 110	out : 3.187219429e+001		ref : 3.187204170e+001
[r][c][m]: 9 6 110	out : -7.700505829e+001		ref : -7.700516510e+001
[r][c][m]: 9 11 110	out : -2.015282593e+002		ref : -2.015283661e+002
[r][c][m]: 9 18 110	out : 2.085979309e+002		ref : 2.085978241e+002
[r][c][m]: 9 27 110	out : 2.207497253e+002		ref : 2.207499695e+002
[r][c][m]: 10 3 110	out : 1.075766449e+002		ref : 1.075764923e+002
[r][c][m]: 10 5 110	out : -7.311201477e+001		ref : -7.311190033e+001
[r][c][m]: 10 11 110	out : -3.712902527e+002		ref : -3.712900391e+002
[r][c][m]: 11 0 110	out : 2.652110901e+002		ref : 2.652113342e+002
[r][c][m]: 11 2 110	out : 1.142458572e+002		ref : 1.142459946e+002
[r][c][m]: 11 7 110	out : 2.230109863e+002		ref : 2.230107727e+002
[r][c][m]: 11 13 110	out : 1.510296326e+002		ref : 1.510298004e+002
[r][c][m]: 11 16 110	out : 1.035548859e+002		ref : 1.035547714e+002
[r][c][m]: 11 17 110	out : 2.081110992e+002		ref : 2.081116791e+002
[r][c][m]: 11 24 110	out : -3.276271057e+002		ref : -3.276272278e+002
[r][c][m]: 11 27 110	out : 1.419384003e+002		ref : 1.419385071e+002
[r][c][m]: 12 1 110	out : -1.565172577e+002		ref : -1.565171204e+002
[r][c][m]: 12 29 110	out : -2.515758057e+002		ref : -2.515760193e+002
[r][c][m]: 13 14 110	out : -1.299984360e+001		ref : -1.299994659e+001
[r][c][m]: 13 15 110	out : -8.188354492e+001		ref : -8.188367462e+001
[r][c][m]: 13 18 110	out : 1.942162781e+002		ref : 1.942166290e+002
[r][c][m]: 13 20 110	out : -1.769223175e+002		ref : -1.769221039e+002
[r][c][m]: 13 21 110	out : 1.354530945e+002		ref : 1.354532166e+002
[r][c][m]: 13 22 110	out : -4.185960388e+001		ref : -4.185970688e+001
[r][c][m]: 14 1 110	out : 2.106519928e+002		ref : 2.106518097e+002
[r][c][m]: 14 7 110	out : 8.968777466e+001		ref : 8.968790436e+001
[r][c][m]: 14 14 110	out : 3.281397705e+002		ref : 3.281400146e+002
[r][c][m]: 14 21 110	out : 7.521304321e+001		ref : 7.521283722e+001
[r][c][m]: 14 27 110	out : -7.106090546e+001		ref : -7.106103516e+001
[r][c][m]: 15 4 110	out : 1.927903900e+002		ref : 1.927902679e+002
[r][c][m]: 15 9 110	out : 1.739959564e+002		ref : 1.739960632e+002
[r][c][m]: 15 15 110	out : -6.156683350e+001		ref : -6.156671906e+001
[r][c][m]: 15 16 110	out : 1.054650726e+002		ref : 1.054651947e+002
[r][c][m]: 15 17 110	out : 1.732139206e+001		ref : 1.732149315e+001
[r][c][m]: 15 23 110	out : -3.467556381e+001		ref : -3.467567062e+001
[r][c][m]: 15 27 110	out : -2.299863892e+002		ref : -2.299862518e+002
[r][c][m]: 15 28 110	out : -1.233939743e+002		ref : -1.233938599e+002
[r][c][m]: 16 23 110	out : -2.044109497e+002		ref : -2.044111023e+002
[r][c][m]: 16 25 110	out : 1.705633545e+002		ref : 1.705634918e+002
[r][c][m]: 17 0 110	out : 1.536128540e+002		ref : 1.536127167e+002
[r][c][m]: 17 2 110	out : 1.250292206e+002		ref : 1.250293274e+002
[r][c][m]: 17 3 110	out : 2.265286560e+002		ref : 2.265283966e+002
[r][c][m]: 17 7 110	out : -2.828743286e+002		ref : -2.828741760e+002
[r][c][m]: 17 9 110	out : 1.555349731e+002		ref : 1.555352325e+002
[r][c][m]: 17 11 110	out : -1.388068848e+002		ref : -1.388067169e+002
[r][c][m]: 17 17 110	out : -2.765679321e+002		ref : -2.765676575e+002
[r][c][m]: 17 22 110	out : -3.271511230e+002		ref : -3.271513062e+002
[r][c][m]: 17 26 110	out : -2.781149864e+001		ref : -2.781160736e+001
[r][c][m]: 17 28 110	out : 2.708211365e+002		ref : 2.708214111e+002
[r][c][m]: 17 30 110	out : -1.630109100e+002		ref : -1.630108032e+002
[r][c][m]: 18 9 110	out : 5.869797230e+000		ref : 5.869695663e+000
[r][c][m]: 18 13 110	out : 1.056213074e+002		ref : 1.056214294e+002
[r][c][m]: 18 14 110	out : -1.503855133e+002		ref : -1.503857117e+002
[r][c][m]: 18 17 110	out : 2.428992310e+002		ref : 2.428994446e+002
[r][c][m]: 18 25 110	out : -1.961451111e+002		ref : -1.961449738e+002
[r][c][m]: 19 7 110	out : 1.592358551e+002		ref : 1.592359619e+002
[r][c][m]: 19 14 110	out : 1.370575562e+002		ref : 1.370573578e+002
[r][c][m]: 19 16 110	out : 2.784402161e+002		ref : 2.784406128e+002
[r][c][m]: 19 18 110	out : 1.663660889e+002		ref : 1.663662109e+002
[r][c][m]: 19 25 110	out : -1.685564728e+002		ref : -1.685561981e+002
[r][c][m]: 19 30 110	out : 1.973163757e+002		ref : 1.973162537e+002
[r][c][m]: 20 0 110	out : 1.577065430e+002		ref : 1.577066803e+002
[r][c][m]: 20 3 110	out : 8.151401520e+001		ref : 8.151420593e+001
[r][c][m]: 20 4 110	out : 1.366559410e+001		ref : 1.366546631e+001
[r][c][m]: 20 27 110	out : 1.111526413e+002		ref : 1.111524963e+002
[r][c][m]: 20 30 110	out : -2.003627472e+002		ref : -2.003628998e+002
[r][c][m]: 21 23 110	out : -1.884296722e+002		ref : -1.884297791e+002
[r][c][m]: 21 24 110	out : 1.335837097e+002		ref : 1.335838623e+002
[r][c][m]: 21 27 110	out : 1.876248169e+002		ref : 1.876249237e+002
[r][c][m]: 22 3 110	out : 8.913714600e+001		ref : 8.913728333e+001
[r][c][m]: 22 8 110	out : -2.367150421e+002		ref : -2.367151642e+002
[r][c][m]: 22 21 110	out : 2.408789444e+001		ref : 2.408773994e+001
[r][c][m]: 22 22 110	out : 1.827166138e+002		ref : 1.827167969e+002
[r][c][m]: 23 6 110	out : -1.929033279e+001		ref : -1.929020119e+001
[r][c][m]: 23 25 110	out : 3.384260864e+002		ref : 3.384262695e+002
[r][c][m]: 24 19 110	out : -1.047759628e+002		ref : -1.047758560e+002
[r][c][m]: 24 22 110	out : 2.315032043e+002		ref : 2.315033875e+002
[r][c][m]: 25 1 110	out : -8.149813843e+001		ref : -8.149835205e+001
[r][c][m]: 25 2 110	out : 7.119700909e+000		ref : 7.119499683e+000
[r][c][m]: 25 6 110	out : -3.028565025e+001		ref : -3.028548431e+001
[r][c][m]: 25 14 110	out : 1.599337616e+002		ref : 1.599336395e+002
[r][c][m]: 25 15 110	out : 9.172326660e+001		ref : 9.172312927e+001
[r][c][m]: 25 29 110	out : 4.404040527e+001		ref : 4.404029465e+001
[r][c][m]: 26 4 110	out : -1.188182907e+002		ref : -1.188180847e+002
[r][c][m]: 26 10 110	out : 1.133004074e+002		ref : 1.133005829e+002
[r][c][m]: 26 13 110	out : 3.012273865e+002		ref : 3.012275085e+002
[r][c][m]: 26 20 110	out : -2.492947197e+001		ref : -2.492959023e+001
[r][c][m]: 26 28 110	out : -1.192788925e+002		ref : -1.192790146e+002
[r][c][m]: 27 3 110	out : 7.654826355e+001		ref : 7.654808044e+001
[r][c][m]: 27 11 110	out : 2.423838959e+002		ref : 2.423837585e+002
[r][c][m]: 27 14 110	out : 9.205312347e+001		ref : 9.205326080e+001
[r][c][m]: 27 15 110	out : 3.490983582e+001		ref : 3.490971375e+001
[r][c][m]: 27 16 110	out : 1.395054779e+002		ref : 1.395055847e+002
[r][c][m]: 27 20 110	out : 2.345075684e+002		ref : 2.345074310e+002
[r][c][m]: 27 21 110	out : -2.027971344e+002		ref : -2.027972565e+002
[r][c][m]: 27 30 110	out : -7.375825500e+001		ref : -7.375838470e+001
[r][c][m]: 28 24 110	out : 2.823861389e+002		ref : 2.823862610e+002
[r][c][m]: 29 4 110	out : -1.302401123e+002		ref : -1.302399902e+002
[r][c][m]: 29 5 110	out : -8.207469940e+001		ref : -8.207454681e+001
[r][c][m]: 29 9 110	out : 2.011277618e+002		ref : 2.011279449e+002
[r][c][m]: 29 27 110	out : -9.980879974e+001		ref : -9.980863190e+001
[r][c][m]: 29 28 110	out : 2.204233551e+002		ref : 2.204232178e+002
[r][c][m]: 30 12 110	out : -3.101036072e+002		ref : -3.101037903e+002
[r][c][m]: 30 15 110	out : 2.657185059e+002		ref : 2.657186279e+002
[r][c][m]: 30 22 110	out : -2.588915710e+002		ref : -2.588914185e+002
[r][c][m]: 31 3 110	out : 1.193703003e+002		ref : 1.193701630e+002
[r][c][m]: 3 17 111	out : -2.121648560e+002		ref : -2.121647034e+002
[r][c][m]: 5 15 111	out : 1.302598114e+002		ref : 1.302599640e+002
[r][c][m]: 6 11 111	out : 1.324054565e+002		ref : 1.324053497e+002
[r][c][m]: 7 19 111	out : 7.185755157e+001		ref : 7.185771942e+001
[r][c][m]: 9 31 111	out : -1.195475388e+002		ref : -1.195476608e+002
[r][c][m]: 14 27 111	out : 1.074290466e+002		ref : 1.074291992e+002
[r][c][m]: 16 30 111	out : 1.485886841e+002		ref : 1.485888062e+002
[r][c][m]: 17 5 111	out : 6.748133850e+001		ref : 6.748145294e+001
[r][c][m]: 17 10 111	out : -7.744882965e+001		ref : -7.744866180e+001
[r][c][m]: 18 7 111	out : 5.161880112e+001		ref : 5.161892319e+001
[r][c][m]: 19 12 111	out : -5.544457245e+001		ref : -5.544446564e+001
[r][c][m]: 19 20 111	out : -9.838781738e+001		ref : -9.838768005e+001
[r][c][m]: 19 22 111	out : -1.358718109e+002		ref : -1.358716888e+002
[r][c][m]: 19 23 111	out : 1.510175171e+002		ref : 1.510174103e+002
[r][c][m]: 26 9 111	out : 1.111072311e+002		ref : 1.111069794e+002
[r][c][m]: 27 27 111	out : -1.339292603e+002		ref : -1.339291077e+002
[r][c][m]: 13 24 117	out : -6.436917114e+001		ref : -6.436929321e+001
[r][c][m]: 1 7 122	out : 2.811785889e+001		ref : 2.811773872e+001
[r][c][m]: 2 19 122	out : -1.052050323e+002		ref : -1.052048645e+002
[r][c][m]: 2 24 122	out : 8.113189697e+001		ref : 8.113174438e+001
[r][c][m]: 4 24 122	out : -1.167999802e+002		ref : -1.167998428e+002
[r][c][m]: 5 10 122	out : 8.033990479e+001		ref : 8.033977509e+001
[r][c][m]: 5 16 122	out : -7.366812134e+001		ref : -7.366793060e+001
[r][c][m]: 9 8 122	out : 1.090175095e+002		ref : 1.090177231e+002
[r][c][m]: 9 19 122	out : 1.577629089e+002		ref : 1.577630615e+002
[r][c][m]: 11 9 122	out : 3.283107758e+001		ref : 3.283094788e+001
[r][c][m]: 11 23 122	out : 1.057082748e+002		ref : 1.057081604e+002
[r][c][m]: 12 29 122	out : 1.180782623e+002		ref : 1.180783768e+002
[r][c][m]: 14 5 122	out : -1.287600098e+002		ref : -1.287601318e+002
[r][c][m]: 14 8 122	out : 1.120771790e+002		ref : 1.120770493e+002
[r][c][m]: 14 12 122	out : -8.740869904e+001		ref : -8.740859222e+001
[r][c][m]: 14 19 122	out : -9.428947449e+001		ref : -9.428958130e+001
[r][c][m]: 15 2 122	out : -1.368760376e+002		ref : -1.368758698e+002
[r][c][m]: 16 9 122	out : 1.517817688e+002		ref : 1.517816620e+002
[r][c][m]: 17 1 122	out : -2.305917969e+002		ref : -2.305915527e+002
[r][c][m]: 17 19 122	out : 4.567914963e+001		ref : 4.567927933e+001
[r][c][m]: 18 3 122	out : -9.401200867e+001		ref : -9.401190186e+001
[r][c][m]: 19 1 122	out : -1.160689392e+002		ref : -1.160687408e+002
[r][c][m]: 20 14 122	out : -8.429207611e+001		ref : -8.429219818e+001
[r][c][m]: 20 25 122	out : -9.915496826e+001		ref : -9.915512085e+001
[r][c][m]: 21 16 122	out : -3.285692596e+001		ref : -3.285705566e+001
[r][c][m]: 21 18 122	out : 4.974168015e+001		ref : 4.974180603e+001
[r][c][m]: 22 22 122	out : -1.666407471e+002		ref : -1.666405792e+002
[r][c][m]: 23 11 122	out : -1.228597488e+002		ref : -1.228598557e+002
[r][c][m]: 23 12 122	out : -1.237469711e+002		ref : -1.237471848e+002
[r][c][m]: 23 22 122	out : -1.021551666e+002		ref : -1.021552963e+002
[r][c][m]: 25 16 122	out : 8.446920013e+001		ref : 8.446933746e+001
[r][c][m]: 25 20 122	out : 2.063507538e+002		ref : 2.063505402e+002
[r][c][m]: 27 8 122	out : 1.045011063e+002		ref : 1.045008240e+002
[r][c][m]: 28 14 122	out : 1.459662781e+002		ref : 1.459664001e+002
[r][c][m]: 28 29 122	out : -6.497859955e+001		ref : -6.497872162e+001
[r][c][m]: 29 11 122	out : -6.935627747e+001		ref : -6.935615540e+001
[r][c][m]: 30 1 122	out : 5.555402374e+001		ref : 5.555414581e+001
[r][c][m]: 30 27 122	out : -1.423934784e+002		ref : -1.423933716e+002
[r][c][m]: 30 28 122	out : -1.049445190e+002		ref : -1.049443893e+002
[r][c][m]: 0 10 123	out : -1.279332504e+002		ref : -1.279331055e+002
[r][c][m]: 0 18 123	out : 1.711648712e+002		ref : 1.711647644e+002
[r][c][m]: 0 24 123	out : -5.335372543e+001		ref : -5.335361862e+001
[r][c][m]: 0 29 123	out : -9.087372589e+001		ref : -9.087360382e+001
[r][c][m]: 0 30 123	out : -1.061427994e+002		ref : -1.061426849e+002
[r][c][m]: 1 6 123	out : -2.673977356e+002		ref : -2.673979187e+002
[r][c][m]: 1 10 123	out : -5.971905518e+001		ref : -5.971891022e+001
[r][c][m]: 1 12 123	out : -2.161238403e+002		ref : -2.161237183e+002
[r][c][m]: 1 13 123	out : -2.955216370e+002		ref : -2.955217590e+002
[r][c][m]: 1 20 123	out : 1.613313904e+002		ref : 1.613312531e+002
[r][c][m]: 1 24 123	out : 2.686406250e+002		ref : 2.686408386e+002
[r][c][m]: 1 27 123	out : -1.709080048e+002		ref : -1.709081116e+002
[r][c][m]: 1 30 123	out : -2.206116028e+002		ref : -2.206114655e+002
[r][c][m]: 2 0 123	out : -2.167210693e+002		ref : -2.167208710e+002
[r][c][m]: 2 16 123	out : -3.171956787e+002		ref : -3.171958313e+002
[r][c][m]: 2 17 123	out : 1.552814636e+002		ref : 1.552816620e+002
[r][c][m]: 2 19 123	out : -1.059554291e+002		ref : -1.059552536e+002
[r][c][m]: 2 20 123	out : 1.462311249e+002		ref : 1.462309875e+002
[r][c][m]: 2 25 123	out : 1.413291931e+002		ref : 1.413293915e+002
[r][c][m]: 2 28 123	out : 2.926264648e+002		ref : 2.926263123e+002
[r][c][m]: 3 11 123	out : 4.730487823e+000		ref : 4.730694771e+000
[r][c][m]: 3 16 123	out : -1.919960938e+002		ref : -1.919958954e+002
[r][c][m]: 3 28 123	out : -1.404519806e+002		ref : -1.404521332e+002
[r][c][m]: 3 29 123	out : -2.372585297e+002		ref : -2.372587128e+002
[r][c][m]: 3 31 123	out : -6.976374054e+001		ref : -6.976359558e+001
[r][c][m]: 4 0 123	out : 1.923770294e+002		ref : 1.923767548e+002
[r][c][m]: 4 3 123	out : 2.386707458e+002		ref : 2.386709595e+002
[r][c][m]: 4 8 123	out : 1.587714386e+002		ref : 1.587715454e+002
[r][c][m]: 4 10 123	out : 4.025673523e+002		ref : 4.025669250e+002
[r][c][m]: 4 13 123	out : 9.506747437e+001		ref : 9.506759644e+001
[r][c][m]: 4 16 123	out : 1.872266541e+002		ref : 1.872269287e+002
[r][c][m]: 4 22 123	out : -7.590304565e+001		ref : -7.590292358e+001
[r][c][m]: 4 27 123	out : -2.811200562e+002		ref : -2.811198730e+002
[r][c][m]: 5 5 123	out : -2.691694031e+002		ref : -2.691696167e+002
[r][c][m]: 5 8 123	out : -1.920970306e+002		ref : -1.920971680e+002
[r][c][m]: 5 15 123	out : 1.718870239e+002		ref : 1.718871460e+002
[r][c][m]: 5 27 123	out : 2.643108826e+002		ref : 2.643110657e+002
[r][c][m]: 6 1 123	out : 2.578727112e+002		ref : 2.578725891e+002
[r][c][m]: 6 4 123	out : 1.340166016e+002		ref : 1.340164948e+002
[r][c][m]: 6 8 123	out : -3.446056366e+001		ref : -3.446070862e+001
[r][c][m]: 6 11 123	out : -1.696647949e+002		ref : -1.696646576e+002
[r][c][m]: 6 18 123	out : -2.422748566e+002		ref : -2.422746887e+002
[r][c][m]: 6 21 123	out : -8.890359497e+001		ref : -8.890345764e+001
[r][c][m]: 6 29 123	out : -1.610169373e+002		ref : -1.610173187e+002
[r][c][m]: 7 14 123	out : 2.503022766e+002		ref : 2.503025513e+002
[r][c][m]: 7 15 123	out : -2.179170685e+002		ref : -2.179169312e+002
[r][c][m]: 7 18 123	out : 1.207861023e+002		ref : 1.207859573e+002
[r][c][m]: 7 19 123	out : -1.239866714e+002		ref : -1.239868469e+002
[r][c][m]: 7 27 123	out : -1.795305939e+002		ref : -1.795307159e+002
[r][c][m]: 7 31 123	out : 2.052716827e+002		ref : 2.052718048e+002
[r][c][m]: 8 9 123	out : 1.465304413e+002		ref : 1.465306091e+002
[r][c][m]: 8 17 123	out : 3.589187317e+002		ref : 3.589189453e+002
[r][c][m]: 8 21 123	out : -4.570855331e+001		ref : -4.570837784e+001
[r][c][m]: 8 22 123	out : -4.550068665e+001		ref : -4.550082016e+001
[r][c][m]: 8 23 123	out : 1.662777252e+002		ref : 1.662778778e+002
[r][c][m]: 8 28 123	out : -3.291599121e+002		ref : -3.291597595e+002
[r][c][m]: 8 29 123	out : -1.170792694e+002		ref : -1.170794067e+002
[r][c][m]: 8 30 123	out : 6.167248249e+000		ref : 6.167112350e+000
[r][c][m]: 9 6 123	out : 1.284696198e+002		ref : 1.284695129e+002
[r][c][m]: 9 10 123	out : 1.788325043e+002		ref : 1.788326874e+002
[r][c][m]: 9 11 123	out : 2.075114136e+002		ref : 2.075115967e+002
[r][c][m]: 9 17 123	out : -2.209058990e+002		ref : -2.209057922e+002
[r][c][m]: 9 30 123	out : 2.112053833e+002		ref : 2.112052765e+002
[r][c][m]: 10 1 123	out : -1.283948822e+002		ref : -1.283947296e+002
[r][c][m]: 10 14 123	out : 2.811797180e+002		ref : 2.811793518e+002
[r][c][m]: 10 15 123	out : -4.170745087e+001		ref : -4.170733261e+001
[r][c][m]: 10 27 123	out : 8.653628540e+001		ref : 8.653598785e+001
[r][c][m]: 11 5 123	out : 1.180773544e+002		ref : 1.180772171e+002
[r][c][m]: 11 8 123	out : -2.228092499e+002		ref : -2.228090057e+002
[r][c][m]: 11 10 123	out : -4.344112244e+002		ref : -4.344114075e+002
[r][c][m]: 11 11 123	out : 1.104707108e+002		ref : 1.104705887e+002
[r][c][m]: 11 15 123	out : -3.092166748e+002		ref : -3.092163696e+002
[r][c][m]: 11 17 123	out : 2.259313354e+002		ref : 2.259315338e+002
[r][c][m]: 11 20 123	out : -1.321278229e+002		ref : -1.321280060e+002
[r][c][m]: 11 22 123	out : -4.847104263e+001		ref : -4.847090530e+001
[r][c][m]: 12 12 123	out : -2.783747253e+002		ref : -2.783745422e+002
[r][c][m]: 12 17 123	out : 6.311304474e+001		ref : 6.311289215e+001
[r][c][m]: 12 19 123	out : -1.832095490e+002		ref : -1.832096710e+002
[r][c][m]: 12 21 123	out : 4.201624146e+002		ref : 4.201627502e+002
[r][c][m]: 12 22 123	out : 2.770388794e+002		ref : 2.770387268e+002
[r][c][m]: 12 23 123	out : -1.201168213e+002		ref : -1.201171341e+002
[r][c][m]: 12 24 123	out : 2.747378235e+002		ref : 2.747379761e+002
[r][c][m]: 13 0 123	out : -1.620658417e+002		ref : -1.620660706e+002
[r][c][m]: 13 4 123	out : -2.178583679e+002		ref : -2.178581238e+002
[r][c][m]: 13 15 123	out : 5.520286942e+001		ref : 5.520273590e+001
[r][c][m]: 13 19 123	out : -4.074212646e+001		ref : -4.074195099e+001
[r][c][m]: 13 20 123	out : 3.261517715e+001		ref : 3.261531830e+001
[r][c][m]: 13 22 123	out : -6.435060883e+001		ref : -6.435049438e+001
[r][c][m]: 13 23 123	out : -2.671946106e+002		ref : -2.671947327e+002
[r][c][m]: 13 25 123	out : -1.163284378e+002		ref : -1.163283234e+002
[r][c][m]: 14 2 123	out : 3.022929573e+001		ref : 3.022915077e+001
[r][c][m]: 14 11 123	out : 3.529057312e+002		ref : 3.529058838e+002
[r][c][m]: 14 22 123	out : 1.766097870e+002		ref : 1.766095886e+002
[r][c][m]: 14 25 123	out : -2.780781860e+002		ref : -2.780780029e+002
[r][c][m]: 15 1 123	out : -1.512372284e+002		ref : -1.512373505e+002
[r][c][m]: 15 7 123	out : -1.675911255e+002		ref : -1.675909424e+002
[r][c][m]: 15 8 123	out : 1.250528412e+002		ref : 1.250527039e+002
[r][c][m]: 15 10 123	out : -6.613092041e+001		ref : -6.613104248e+001
[r][c][m]: 15 14 123	out : 1.594001617e+002		ref : 1.593999939e+002
[r][c][m]: 15 16 123	out : 2.485002441e+002		ref : 2.485000153e+002
[r][c][m]: 15 19 123	out : 1.584344177e+002		ref : 1.584346008e+002
[r][c][m]: 15 21 123	out : -3.813431549e+001		ref : -3.813441849e+001
[r][c][m]: 15 28 123	out : 6.129497147e+001		ref : 6.129509735e+001
[r][c][m]: 16 2 123	out : -1.448332214e+002		ref : -1.448331146e+002
[r][c][m]: 16 4 123	out : -1.996032715e+002		ref : -1.996035156e+002
[r][c][m]: 16 7 123	out : -2.843947449e+002		ref : -2.843945312e+002
[r][c][m]: 16 9 123	out : -2.232352905e+002		ref : -2.232350769e+002
[r][c][m]: 16 22 123	out : 9.313414764e+001		ref : 9.313430023e+001
[r][c][m]: 16 23 123	out : 2.946066895e+002		ref : 2.946071472e+002
[r][c][m]: 16 24 123	out : -1.421329498e+002		ref : -1.421328430e+002
[r][c][m]: 17 1 123	out : -2.398689079e+001		ref : -2.398676682e+001
[r][c][m]: 17 9 123	out : 6.278947830e+001		ref : 6.278929138e+001
[r][c][m]: 17 17 123	out : 1.524971771e+002		ref : 1.524972992e+002
[r][c][m]: 17 19 123	out : 3.001276245e+002		ref : 3.001274719e+002
[r][c][m]: 17 30 123	out : 1.579108734e+002		ref : 1.579110413e+002
[r][c][m]: 18 1 123	out : 3.289783020e+002		ref : 3.289781494e+002
[r][c][m]: 18 4 123	out : 4.753493118e+001		ref : 4.753475952e+001
[r][c][m]: 18 9 123	out : -1.898317108e+002		ref : -1.898318329e+002
[r][c][m]: 18 12 123	out : -1.770112610e+002		ref : -1.770113678e+002
[r][c][m]: 18 14 123	out : 2.925813599e+002		ref : 2.925811768e+002
[r][c][m]: 18 17 123	out : 1.256650467e+002		ref : 1.256649399e+002
[r][c][m]: 18 22 123	out : -1.858787689e+002		ref : -1.858788757e+002
[r][c][m]: 19 8 123	out : -2.621843872e+002		ref : -2.621845093e+002
[r][c][m]: 19 12 123	out : 1.102582779e+002		ref : 1.102579117e+002
[r][c][m]: 19 13 123	out : -3.313564148e+002		ref : -3.313565979e+002
[r][c][m]: 19 15 123	out : 1.812558441e+002		ref : 1.812560425e+002
[r][c][m]: 19 18 123	out : 3.114367676e+002		ref : 3.114369202e+002
[r][c][m]: 19 24 123	out : -1.942591858e+002		ref : -1.942590027e+002
[r][c][m]: 19 29 123	out : -3.249222183e+001		ref : -3.249232483e+001
[r][c][m]: 20 0 123	out : -1.406220093e+002		ref : -1.406218414e+002
[r][c][m]: 20 1 123	out : -1.478724365e+002		ref : -1.478723297e+002
[r][c][m]: 20 2 123	out : 3.152919579e+001		ref : 3.152908134e+001
[r][c][m]: 20 4 123	out : 8.632199860e+001		ref : 8.632184601e+001
[r][c][m]: 20 7 123	out : 1.226684875e+002		ref : 1.226683731e+002
[r][c][m]: 20 10 123	out : -3.216270142e+002		ref : -3.216271362e+002
[r][c][m]: 20 11 123	out : 2.102869873e+002		ref : 2.102868500e+002
[r][c][m]: 20 15 123	out : 7.537176514e+001		ref : 7.537191010e+001
[r][c][m]: 20 16 123	out : 6.666867256e+000		ref : 6.666969299e+000
[r][c][m]: 20 17 123	out : -1.835752106e+002		ref : -1.835750580e+002
[r][c][m]: 20 24 123	out : -1.150132523e+002		ref : -1.150131378e+002
[r][c][m]: 20 31 123	out : -2.111717072e+002		ref : -2.111718597e+002
[r][c][m]: 21 0 123	out : 2.050632782e+002		ref : 2.050633850e+002
[r][c][m]: 21 3 123	out : -8.531229401e+001		ref : -8.531217194e+001
[r][c][m]: 21 13 123	out : -1.604963837e+002		ref : -1.604962769e+002
[r][c][m]: 21 29 123	out : 1.765011139e+002		ref : 1.765012360e+002
[r][c][m]: 22 3 123	out : 5.165648937e+000		ref : 5.165818214e+000
[r][c][m]: 22 8 123	out : 2.299987335e+002		ref : 2.299985352e+002
[r][c][m]: 22 9 123	out : 1.284176636e+002		ref : 1.284177704e+002
[r][c][m]: 22 11 123	out : -2.615223083e+002		ref : -2.615221558e+002
[r][c][m]: 22 16 123	out : 9.570571899e+001		ref : 9.570590973e+001
[r][c][m]: 22 18 123	out : -1.987063904e+002		ref : -1.987064972e+002
[r][c][m]: 22 22 123	out : -3.440568161e+001		ref : -3.440555954e+001
[r][c][m]: 22 29 123	out : -1.423336792e+002		ref : -1.423335571e+002
[r][c][m]: 23 0 123	out : 1.286929626e+002		ref : 1.286930847e+002
[r][c][m]: 23 1 123	out : 1.808135071e+002		ref : 1.808136749e+002
[r][c][m]: 23 3 123	out : 1.015274124e+002		ref : 1.015275345e+002
[r][c][m]: 23 4 123	out : 1.272176666e+002		ref : 1.272178192e+002
[r][c][m]: 23 14 123	out : -2.037823029e+002		ref : -2.037824554e+002
[r][c][m]: 23 15 123	out : -2.932888184e+002		ref : -2.932892151e+002
[r][c][m]: 23 20 123	out : -2.204516144e+002		ref : -2.204517212e+002
[r][c][m]: 23 28 123	out : 1.547133179e+002		ref : 1.547134705e+002
[r][c][m]: 24 4 123	out : 2.150229034e+002		ref : 2.150230560e+002
[r][c][m]: 24 8 123	out : 2.097682800e+002		ref : 2.097680664e+002
[r][c][m]: 24 13 123	out : -7.591022491e+001		ref : -7.591036987e+001
[r][c][m]: 24 14 123	out : -2.994281006e+002		ref : -2.994279785e+002
[r][c][m]: 24 16 123	out : 1.319879608e+002		ref : 1.319880981e+002
[r][c][m]: 24 22 123	out : -6.961405945e+001		ref : -6.961394501e+001
[r][c][m]: 24 24 123	out : -3.382273254e+002		ref : -3.382276001e+002
[r][c][m]: 24 26 123	out : -1.366950684e+002		ref : -1.366952820e+002
[r][c][m]: 24 29 123	out : 2.412271881e+002		ref : 2.412269897e+002
[r][c][m]: 25 1 123	out : -3.688893127e+002		ref : -3.688894348e+002
[r][c][m]: 25 14 123	out : -1.634548950e+002		ref : -1.634547272e+002
[r][c][m]: 25 15 123	out : 1.509878235e+002		ref : 1.509880066e+002
[r][c][m]: 25 26 123	out : -2.213530426e+002		ref : -2.213531799e+002
[r][c][m]: 25 29 123	out : -1.416528625e+002		ref : -1.416529694e+002
[r][c][m]: 26 6 123	out : 1.985231171e+002		ref : 1.985228119e+002
[r][c][m]: 26 14 123	out : -4.462514648e+002		ref : -4.462513123e+002
[r][c][m]: 26 20 123	out : -1.567807465e+002		ref : -1.567808685e+002
[r][c][m]: 27 7 123	out : 2.909860535e+002		ref : 2.909859009e+002
[r][c][m]: 27 9 123	out : -1.204125290e+002		ref : -1.204124146e+002
[r][c][m]: 27 10 123	out : -4.389734650e+001		ref : -4.389746094e+001
[r][c][m]: 27 23 123	out : 1.984219971e+002		ref : 1.984222565e+002
[r][c][m]: 28 3 123	out : -3.140322266e+002		ref : -3.140320740e+002
[r][c][m]: 28 8 123	out : -1.354389801e+002		ref : -1.354388580e+002
[r][c][m]: 28 25 123	out : -1.631171417e+002		ref : -1.631172485e+002
[r][c][m]: 28 30 123	out : -7.307073116e+000		ref : -7.307197094e+000
[r][c][m]: 29 4 123	out : -4.019935989e+001		ref : -4.019954300e+001
[r][c][m]: 29 5 123	out : -1.641057892e+002		ref : -1.641056824e+002
[r][c][m]: 29 6 123	out : -2.561518555e+002		ref : -2.561517334e+002
[r][c][m]: 29 11 123	out : 9.361461639e+001		ref : 9.361478424e+001
[r][c][m]: 29 18 123	out : -1.036248398e+002		ref : -1.036246338e+002
[r][c][m]: 29 22 123	out : -2.466320801e+002		ref : -2.466319427e+002
[r][c][m]: 29 24 123	out : -3.138384628e+001		ref : -3.138370514e+001
[r][c][m]: 29 29 123	out : -3.712505341e+001		ref : -3.712492752e+001
[r][c][m]: 30 5 123	out : -1.819698181e+002		ref : -1.819697113e+002
[r][c][m]: 30 7 123	out : -3.130766602e+002		ref : -3.130768127e+002
[r][c][m]: 30 9 123	out : -1.163211594e+002		ref : -1.163212738e+002
[r][c][m]: 30 13 123	out : -2.873687134e+002		ref : -2.873684998e+002
[r][c][m]: 30 14 123	out : -1.409496918e+002		ref : -1.409495850e+002
[r][c][m]: 30 15 123	out : 1.309618073e+002		ref : 1.309619141e+002
[r][c][m]: 30 22 123	out : -2.419841194e+001		ref : -2.419822121e+001
[r][c][m]: 30 24 123	out : -3.244240417e+002		ref : -3.244243469e+002
[r][c][m]: 30 27 123	out : 1.553138733e+002		ref : 1.553140411e+002
[r][c][m]: 30 28 123	out : -1.966046753e+002		ref : -1.966048279e+002
[r][c][m]: 30 30 123	out : -9.479987335e+001		ref : -9.479973602e+001
[r][c][m]: 31 3 123	out : 1.236378021e+002		ref : 1.236376343e+002
[r][c][m]: 31 4 123	out : 3.280482483e+002		ref : 3.280485840e+002
INFO [HLS SIM]: The maximum depth reached by any hls::stream() instance in the design is 589824
INFO: [SIM 1] CSim done with 0 errors.
INFO: [SIM 3] *************** CSIM finish ***************
